[2023-02-16T22:54:14.580+0000] {processor.py:153} INFO - Started process (PID=86) to work on /opt/airflow/dags/etl_dags.py
[2023-02-16T22:54:14.606+0000] {processor.py:743} INFO - Processing file /opt/airflow/dags/etl_dags.py for tasks to queue
[2023-02-16T22:54:14.642+0000] {logging_mixin.py:137} INFO - [2023-02-16T22:54:14.641+0000] {dagbag.py:538} INFO - Filling up the DagBag from /opt/airflow/dags/etl_dags.py
[2023-02-16T22:54:43.639+0000] {processor.py:753} INFO - DAG(s) dict_keys(['tutorial_dag']) retrieved from /opt/airflow/dags/etl_dags.py
[2023-02-16T22:54:47.242+0000] {logging_mixin.py:137} INFO - [2023-02-16T22:54:47.229+0000] {dag.py:2690} INFO - Sync 1 DAGs
[2023-02-16T22:54:47.679+0000] {logging_mixin.py:137} INFO - [2023-02-16T22:54:47.679+0000] {dag.py:3441} INFO - Setting next_dagrun for tutorial_dag to 2023-02-16T21:30:00+00:00, run_after=2023-02-16T22:30:00+00:00
[2023-02-16T22:54:48.062+0000] {processor.py:175} INFO - Processing /opt/airflow/dags/etl_dags.py took 33.613 seconds
[2023-02-16T22:57:51.945+0000] {processor.py:153} INFO - Started process (PID=224) to work on /opt/airflow/dags/etl_dags.py
[2023-02-16T22:57:51.962+0000] {processor.py:743} INFO - Processing file /opt/airflow/dags/etl_dags.py for tasks to queue
[2023-02-16T22:57:51.976+0000] {logging_mixin.py:137} INFO - [2023-02-16T22:57:51.976+0000] {dagbag.py:538} INFO - Filling up the DagBag from /opt/airflow/dags/etl_dags.py
[2023-02-16T22:58:22.478+0000] {logging_mixin.py:137} INFO - [2023-02-16T22:58:22.166+0000] {timeout.py:68} ERROR - Process timed out, PID: 224
[2023-02-16T22:58:25.074+0000] {logging_mixin.py:137} INFO - [2023-02-16T22:58:22.537+0000] {dagbag.py:343} ERROR - Failed to import: /opt/airflow/dags/etl_dags.py
Traceback (most recent call last):
  File "/home/airflow/.local/lib/python3.7/site-packages/airflow/models/dagbag.py", line 339, in parse
    loader.exec_module(new_module)
  File "<frozen importlib._bootstrap_external>", line 728, in exec_module
  File "<frozen importlib._bootstrap>", line 219, in _call_with_frames_removed
  File "/opt/airflow/dags/etl_dags.py", line 8, in <module>
    import pandas as pd
  File "/home/airflow/.local/lib/python3.7/site-packages/pandas/__init__.py", line 122, in <module>
    from pandas.core.computation.api import eval
  File "/home/airflow/.local/lib/python3.7/site-packages/pandas/core/computation/api.py", line 3, in <module>
    from pandas.core.computation.eval import eval
  File "/home/airflow/.local/lib/python3.7/site-packages/pandas/core/computation/eval.py", line 12, in <module>
    from pandas.core.computation.engines import ENGINES
  File "/home/airflow/.local/lib/python3.7/site-packages/pandas/core/computation/engines.py", line 12, in <module>
    from pandas.core.computation.expr import Expr
  File "/home/airflow/.local/lib/python3.7/site-packages/pandas/core/computation/expr.py", line 23, in <module>
    from pandas.core.computation.ops import (
  File "/home/airflow/.local/lib/python3.7/site-packages/pandas/core/computation/ops.py", line 308, in <module>
    _cmp_ops_dict = dict(zip(CMP_OPS_SYMS, _cmp_ops_funcs))
  File "/home/airflow/.local/lib/python3.7/site-packages/airflow/utils/timeout.py", line 69, in handle_timeout
    raise AirflowTaskTimeout(self.error_message)
airflow.exceptions.AirflowTaskTimeout: DagBag import timeout for /opt/airflow/dags/etl_dags.py after 30.0s.
Please take a look at these docs to improve your DAG import time:
* https://airflow.apache.org/docs/apache-airflow/2.5.1/best-practices.html#top-level-python-code
* https://airflow.apache.org/docs/apache-airflow/2.5.1/best-practices.html#reducing-dag-complexity, PID: 224
[2023-02-16T22:58:25.202+0000] {processor.py:755} WARNING - No viable dags retrieved from /opt/airflow/dags/etl_dags.py
[2023-02-16T22:58:31.277+0000] {processor.py:175} INFO - Processing /opt/airflow/dags/etl_dags.py took 39.710 seconds
[2023-02-16T22:59:12.771+0000] {processor.py:153} INFO - Started process (PID=305) to work on /opt/airflow/dags/etl_dags.py
[2023-02-16T22:59:13.178+0000] {processor.py:743} INFO - Processing file /opt/airflow/dags/etl_dags.py for tasks to queue
[2023-02-16T22:59:13.216+0000] {logging_mixin.py:137} INFO - [2023-02-16T22:59:13.215+0000] {dagbag.py:538} INFO - Filling up the DagBag from /opt/airflow/dags/etl_dags.py
[2023-02-16T22:59:23.029+0000] {processor.py:753} INFO - DAG(s) dict_keys(['tutorial_dag']) retrieved from /opt/airflow/dags/etl_dags.py
[2023-02-16T22:59:23.406+0000] {logging_mixin.py:137} INFO - [2023-02-16T22:59:23.404+0000] {dag.py:2690} INFO - Sync 1 DAGs
[2023-02-16T22:59:23.472+0000] {logging_mixin.py:137} INFO - [2023-02-16T22:59:23.472+0000] {dag.py:3441} INFO - Setting next_dagrun for tutorial_dag to 2023-02-16T21:30:00+00:00, run_after=2023-02-16T22:30:00+00:00
[2023-02-16T22:59:23.580+0000] {processor.py:175} INFO - Processing /opt/airflow/dags/etl_dags.py took 10.853 seconds
[2023-02-16T23:01:06.881+0000] {processor.py:153} INFO - Started process (PID=370) to work on /opt/airflow/dags/etl_dags.py
[2023-02-16T23:01:06.950+0000] {processor.py:743} INFO - Processing file /opt/airflow/dags/etl_dags.py for tasks to queue
[2023-02-16T23:01:07.004+0000] {logging_mixin.py:137} INFO - [2023-02-16T23:01:07.004+0000] {dagbag.py:538} INFO - Filling up the DagBag from /opt/airflow/dags/etl_dags.py
[2023-02-16T23:01:36.867+0000] {processor.py:753} INFO - DAG(s) dict_keys(['tutorial_dag']) retrieved from /opt/airflow/dags/etl_dags.py
[2023-02-16T23:01:37.066+0000] {logging_mixin.py:137} INFO - [2023-02-16T23:01:37.058+0000] {dag.py:2690} INFO - Sync 1 DAGs
[2023-02-16T23:01:39.299+0000] {logging_mixin.py:137} INFO - [2023-02-16T23:01:39.298+0000] {dag.py:3441} INFO - Setting next_dagrun for tutorial_dag to 2023-02-16T21:30:00+00:00, run_after=2023-02-16T22:30:00+00:00
[2023-02-16T23:01:41.130+0000] {processor.py:175} INFO - Processing /opt/airflow/dags/etl_dags.py took 34.388 seconds
[2023-02-16T23:02:23.756+0000] {processor.py:153} INFO - Started process (PID=450) to work on /opt/airflow/dags/etl_dags.py
[2023-02-16T23:02:23.779+0000] {processor.py:743} INFO - Processing file /opt/airflow/dags/etl_dags.py for tasks to queue
[2023-02-16T23:02:23.801+0000] {logging_mixin.py:137} INFO - [2023-02-16T23:02:23.798+0000] {dagbag.py:538} INFO - Filling up the DagBag from /opt/airflow/dags/etl_dags.py
[2023-02-16T23:02:26.893+0000] {processor.py:753} INFO - DAG(s) dict_keys(['tutorial_dag']) retrieved from /opt/airflow/dags/etl_dags.py
[2023-02-16T23:02:27.105+0000] {logging_mixin.py:137} INFO - [2023-02-16T23:02:27.103+0000] {dag.py:2690} INFO - Sync 1 DAGs
[2023-02-16T23:02:27.231+0000] {logging_mixin.py:137} INFO - [2023-02-16T23:02:27.229+0000] {dag.py:3441} INFO - Setting next_dagrun for tutorial_dag to 2023-02-16T21:30:00+00:00, run_after=2023-02-16T22:30:00+00:00
[2023-02-16T23:02:27.362+0000] {processor.py:175} INFO - Processing /opt/airflow/dags/etl_dags.py took 3.661 seconds
[2023-02-16T23:27:05.733+0000] {processor.py:153} INFO - Started process (PID=93) to work on /opt/airflow/dags/etl_dags.py
[2023-02-16T23:27:05.844+0000] {processor.py:743} INFO - Processing file /opt/airflow/dags/etl_dags.py for tasks to queue
[2023-02-16T23:27:05.864+0000] {logging_mixin.py:137} INFO - [2023-02-16T23:27:05.863+0000] {dagbag.py:538} INFO - Filling up the DagBag from /opt/airflow/dags/etl_dags.py
[2023-02-16T23:27:36.060+0000] {logging_mixin.py:137} INFO - [2023-02-16T23:27:36.028+0000] {timeout.py:68} ERROR - Process timed out, PID: 93
[2023-02-16T23:27:36.583+0000] {logging_mixin.py:137} INFO - [2023-02-16T23:27:36.087+0000] {dagbag.py:343} ERROR - Failed to import: /opt/airflow/dags/etl_dags.py
Traceback (most recent call last):
  File "/home/airflow/.local/lib/python3.7/site-packages/airflow/models/dagbag.py", line 339, in parse
    loader.exec_module(new_module)
  File "<frozen importlib._bootstrap_external>", line 728, in exec_module
  File "<frozen importlib._bootstrap>", line 219, in _call_with_frames_removed
  File "/opt/airflow/dags/etl_dags.py", line 8, in <module>
    import pandas as pd
  File "/home/airflow/.local/lib/python3.7/site-packages/pandas/__init__.py", line 122, in <module>
    from pandas.core.computation.api import eval
  File "/home/airflow/.local/lib/python3.7/site-packages/pandas/core/computation/api.py", line 3, in <module>
    from pandas.core.computation.eval import eval
  File "/home/airflow/.local/lib/python3.7/site-packages/pandas/core/computation/eval.py", line 12, in <module>
    from pandas.core.computation.engines import ENGINES
  File "/home/airflow/.local/lib/python3.7/site-packages/pandas/core/computation/engines.py", line 12, in <module>
    from pandas.core.computation.expr import Expr
  File "<frozen importlib._bootstrap>", line 983, in _find_and_load
  File "<frozen importlib._bootstrap>", line 967, in _find_and_load_unlocked
  File "<frozen importlib._bootstrap>", line 677, in _load_unlocked
  File "<frozen importlib._bootstrap_external>", line 724, in exec_module
  File "<frozen importlib._bootstrap_external>", line 870, in get_code
  File "<frozen importlib._bootstrap_external>", line 542, in _code_to_timestamp_pyc
  File "/home/airflow/.local/lib/python3.7/site-packages/airflow/utils/timeout.py", line 69, in handle_timeout
    raise AirflowTaskTimeout(self.error_message)
airflow.exceptions.AirflowTaskTimeout: DagBag import timeout for /opt/airflow/dags/etl_dags.py after 30.0s.
Please take a look at these docs to improve your DAG import time:
* https://airflow.apache.org/docs/apache-airflow/2.5.1/best-practices.html#top-level-python-code
* https://airflow.apache.org/docs/apache-airflow/2.5.1/best-practices.html#reducing-dag-complexity, PID: 93
[2023-02-16T23:27:36.692+0000] {processor.py:755} WARNING - No viable dags retrieved from /opt/airflow/dags/etl_dags.py
[2023-02-16T23:27:37.311+0000] {processor.py:175} INFO - Processing /opt/airflow/dags/etl_dags.py took 31.610 seconds
[2023-02-16T23:30:01.765+0000] {processor.py:153} INFO - Started process (PID=212) to work on /opt/airflow/dags/etl_dags.py
[2023-02-16T23:30:01.791+0000] {processor.py:743} INFO - Processing file /opt/airflow/dags/etl_dags.py for tasks to queue
[2023-02-16T23:30:01.832+0000] {logging_mixin.py:137} INFO - [2023-02-16T23:30:01.832+0000] {dagbag.py:538} INFO - Filling up the DagBag from /opt/airflow/dags/etl_dags.py
[2023-02-16T23:30:16.640+0000] {processor.py:753} INFO - DAG(s) dict_keys(['etl_dag']) retrieved from /opt/airflow/dags/etl_dags.py
[2023-02-16T23:30:30.243+0000] {logging_mixin.py:137} INFO - [2023-02-16T23:30:30.243+0000] {manager.py:504} INFO - Created Permission View: can edit on DAG:etl_dag
[2023-02-16T23:30:30.989+0000] {logging_mixin.py:137} INFO - [2023-02-16T23:30:30.985+0000] {manager.py:504} INFO - Created Permission View: can delete on DAG:etl_dag
[2023-02-16T23:30:31.229+0000] {logging_mixin.py:137} INFO - [2023-02-16T23:30:31.228+0000] {manager.py:504} INFO - Created Permission View: can read on DAG:etl_dag
[2023-02-16T23:30:31.285+0000] {logging_mixin.py:137} INFO - [2023-02-16T23:30:31.233+0000] {dag.py:2690} INFO - Sync 1 DAGs
[2023-02-16T23:30:31.844+0000] {logging_mixin.py:137} INFO - [2023-02-16T23:30:31.823+0000] {dag.py:2711} INFO - Creating ORM DAG for etl_dag
[2023-02-16T23:30:32.894+0000] {logging_mixin.py:137} INFO - [2023-02-16T23:30:32.894+0000] {dag.py:3441} INFO - Setting next_dagrun for etl_dag to 2023-02-16T22:30:00+00:00, run_after=2023-02-16T23:30:00+00:00
[2023-02-16T23:30:33.335+0000] {processor.py:175} INFO - Processing /opt/airflow/dags/etl_dags.py took 31.760 seconds
[2023-02-16T23:31:26.539+0000] {processor.py:153} INFO - Started process (PID=293) to work on /opt/airflow/dags/etl_dags.py
[2023-02-16T23:31:26.545+0000] {processor.py:743} INFO - Processing file /opt/airflow/dags/etl_dags.py for tasks to queue
[2023-02-16T23:31:26.581+0000] {logging_mixin.py:137} INFO - [2023-02-16T23:31:26.580+0000] {dagbag.py:538} INFO - Filling up the DagBag from /opt/airflow/dags/etl_dags.py
[2023-02-16T23:31:35.289+0000] {processor.py:753} INFO - DAG(s) dict_keys(['etl_dag']) retrieved from /opt/airflow/dags/etl_dags.py
[2023-02-16T23:31:36.109+0000] {logging_mixin.py:137} INFO - [2023-02-16T23:31:36.108+0000] {dag.py:2690} INFO - Sync 1 DAGs
[2023-02-16T23:31:36.349+0000] {logging_mixin.py:137} INFO - [2023-02-16T23:31:36.349+0000] {dag.py:3441} INFO - Setting next_dagrun for etl_dag to 2023-02-16T22:30:00+00:00, run_after=2023-02-16T23:30:00+00:00
[2023-02-16T23:31:36.929+0000] {processor.py:175} INFO - Processing /opt/airflow/dags/etl_dags.py took 10.435 seconds
[2023-02-16T23:32:39.888+0000] {processor.py:153} INFO - Started process (PID=346) to work on /opt/airflow/dags/etl_dags.py
[2023-02-16T23:32:39.907+0000] {processor.py:743} INFO - Processing file /opt/airflow/dags/etl_dags.py for tasks to queue
[2023-02-16T23:32:39.945+0000] {logging_mixin.py:137} INFO - [2023-02-16T23:32:39.944+0000] {dagbag.py:538} INFO - Filling up the DagBag from /opt/airflow/dags/etl_dags.py
[2023-02-16T23:33:04.855+0000] {processor.py:753} INFO - DAG(s) dict_keys(['etl_dag']) retrieved from /opt/airflow/dags/etl_dags.py
[2023-02-16T23:33:05.814+0000] {logging_mixin.py:137} INFO - [2023-02-16T23:33:05.753+0000] {dag.py:2690} INFO - Sync 1 DAGs
[2023-02-16T23:33:08.887+0000] {logging_mixin.py:137} INFO - [2023-02-16T23:33:08.770+0000] {dag.py:3441} INFO - Setting next_dagrun for etl_dag to 2023-02-16T22:30:00+00:00, run_after=2023-02-16T23:30:00+00:00
[2023-02-16T23:33:10.453+0000] {processor.py:175} INFO - Processing /opt/airflow/dags/etl_dags.py took 30.665 seconds
[2023-02-16T23:34:07.522+0000] {processor.py:153} INFO - Started process (PID=415) to work on /opt/airflow/dags/etl_dags.py
[2023-02-16T23:34:07.531+0000] {processor.py:743} INFO - Processing file /opt/airflow/dags/etl_dags.py for tasks to queue
[2023-02-16T23:34:07.544+0000] {logging_mixin.py:137} INFO - [2023-02-16T23:34:07.543+0000] {dagbag.py:538} INFO - Filling up the DagBag from /opt/airflow/dags/etl_dags.py
[2023-02-16T23:34:10.784+0000] {processor.py:753} INFO - DAG(s) dict_keys(['etl_dag']) retrieved from /opt/airflow/dags/etl_dags.py
[2023-02-16T23:34:11.091+0000] {logging_mixin.py:137} INFO - [2023-02-16T23:34:11.084+0000] {dag.py:2690} INFO - Sync 1 DAGs
[2023-02-16T23:34:11.394+0000] {logging_mixin.py:137} INFO - [2023-02-16T23:34:11.393+0000] {dag.py:3441} INFO - Setting next_dagrun for etl_dag to 2023-02-16T23:30:00+00:00, run_after=2023-02-17T00:30:00+00:00
[2023-02-16T23:34:11.674+0000] {processor.py:175} INFO - Processing /opt/airflow/dags/etl_dags.py took 4.183 seconds
[2023-02-16T23:34:47.024+0000] {processor.py:153} INFO - Started process (PID=459) to work on /opt/airflow/dags/etl_dags.py
[2023-02-16T23:34:47.038+0000] {processor.py:743} INFO - Processing file /opt/airflow/dags/etl_dags.py for tasks to queue
[2023-02-16T23:34:47.061+0000] {logging_mixin.py:137} INFO - [2023-02-16T23:34:47.060+0000] {dagbag.py:538} INFO - Filling up the DagBag from /opt/airflow/dags/etl_dags.py
[2023-02-16T23:34:48.795+0000] {processor.py:753} INFO - DAG(s) dict_keys(['etl_dag']) retrieved from /opt/airflow/dags/etl_dags.py
[2023-02-16T23:34:49.175+0000] {logging_mixin.py:137} INFO - [2023-02-16T23:34:49.098+0000] {dag.py:2690} INFO - Sync 1 DAGs
[2023-02-16T23:34:49.416+0000] {logging_mixin.py:137} INFO - [2023-02-16T23:34:49.416+0000] {dag.py:3441} INFO - Setting next_dagrun for etl_dag to 2023-02-16T23:30:00+00:00, run_after=2023-02-17T00:30:00+00:00
[2023-02-16T23:34:49.752+0000] {processor.py:175} INFO - Processing /opt/airflow/dags/etl_dags.py took 2.754 seconds
[2023-02-16T23:35:27.754+0000] {processor.py:153} INFO - Started process (PID=519) to work on /opt/airflow/dags/etl_dags.py
[2023-02-16T23:35:27.782+0000] {processor.py:743} INFO - Processing file /opt/airflow/dags/etl_dags.py for tasks to queue
[2023-02-16T23:35:27.796+0000] {logging_mixin.py:137} INFO - [2023-02-16T23:35:27.789+0000] {dagbag.py:538} INFO - Filling up the DagBag from /opt/airflow/dags/etl_dags.py
[2023-02-16T23:35:31.685+0000] {processor.py:753} INFO - DAG(s) dict_keys(['etl_dag']) retrieved from /opt/airflow/dags/etl_dags.py
[2023-02-16T23:35:31.984+0000] {logging_mixin.py:137} INFO - [2023-02-16T23:35:31.982+0000] {dag.py:2690} INFO - Sync 1 DAGs
[2023-02-16T23:35:32.220+0000] {logging_mixin.py:137} INFO - [2023-02-16T23:35:32.219+0000] {dag.py:3441} INFO - Setting next_dagrun for etl_dag to 2023-02-16T23:30:00+00:00, run_after=2023-02-17T00:30:00+00:00
[2023-02-16T23:35:32.339+0000] {processor.py:175} INFO - Processing /opt/airflow/dags/etl_dags.py took 4.614 seconds
[2023-02-16T23:36:09.850+0000] {processor.py:153} INFO - Started process (PID=561) to work on /opt/airflow/dags/etl_dags.py
[2023-02-16T23:36:09.892+0000] {processor.py:743} INFO - Processing file /opt/airflow/dags/etl_dags.py for tasks to queue
[2023-02-16T23:36:09.899+0000] {logging_mixin.py:137} INFO - [2023-02-16T23:36:09.898+0000] {dagbag.py:538} INFO - Filling up the DagBag from /opt/airflow/dags/etl_dags.py
[2023-02-16T23:36:15.316+0000] {processor.py:753} INFO - DAG(s) dict_keys(['etl_dag']) retrieved from /opt/airflow/dags/etl_dags.py
[2023-02-16T23:36:15.908+0000] {logging_mixin.py:137} INFO - [2023-02-16T23:36:15.788+0000] {dag.py:2690} INFO - Sync 1 DAGs
[2023-02-16T23:36:16.504+0000] {logging_mixin.py:137} INFO - [2023-02-16T23:36:16.503+0000] {dag.py:3441} INFO - Setting next_dagrun for etl_dag to 2023-02-16T23:30:00+00:00, run_after=2023-02-17T00:30:00+00:00
[2023-02-16T23:36:16.775+0000] {processor.py:175} INFO - Processing /opt/airflow/dags/etl_dags.py took 7.117 seconds
[2023-02-16T23:36:47.820+0000] {processor.py:153} INFO - Started process (PID=618) to work on /opt/airflow/dags/etl_dags.py
[2023-02-16T23:36:47.846+0000] {processor.py:743} INFO - Processing file /opt/airflow/dags/etl_dags.py for tasks to queue
[2023-02-16T23:36:47.879+0000] {logging_mixin.py:137} INFO - [2023-02-16T23:36:47.878+0000] {dagbag.py:538} INFO - Filling up the DagBag from /opt/airflow/dags/etl_dags.py
[2023-02-16T23:36:51.397+0000] {processor.py:753} INFO - DAG(s) dict_keys(['etl_dag']) retrieved from /opt/airflow/dags/etl_dags.py
[2023-02-16T23:36:51.626+0000] {logging_mixin.py:137} INFO - [2023-02-16T23:36:51.616+0000] {dag.py:2690} INFO - Sync 1 DAGs
[2023-02-16T23:36:51.940+0000] {logging_mixin.py:137} INFO - [2023-02-16T23:36:51.940+0000] {dag.py:3441} INFO - Setting next_dagrun for etl_dag to 2023-02-16T23:30:00+00:00, run_after=2023-02-17T00:30:00+00:00
[2023-02-16T23:36:52.150+0000] {processor.py:175} INFO - Processing /opt/airflow/dags/etl_dags.py took 4.363 seconds
[2023-02-16T23:37:17.626+0000] {processor.py:153} INFO - Started process (PID=664) to work on /opt/airflow/dags/etl_dags.py
[2023-02-16T23:37:17.648+0000] {processor.py:743} INFO - Processing file /opt/airflow/dags/etl_dags.py for tasks to queue
[2023-02-16T23:37:17.670+0000] {logging_mixin.py:137} INFO - [2023-02-16T23:37:17.665+0000] {dagbag.py:538} INFO - Filling up the DagBag from /opt/airflow/dags/etl_dags.py
[2023-02-16T23:37:26.535+0000] {processor.py:753} INFO - DAG(s) dict_keys(['etl_dag']) retrieved from /opt/airflow/dags/etl_dags.py
[2023-02-16T23:37:28.303+0000] {logging_mixin.py:137} INFO - [2023-02-16T23:37:28.302+0000] {dag.py:2690} INFO - Sync 1 DAGs
[2023-02-16T23:37:30.363+0000] {logging_mixin.py:137} INFO - [2023-02-16T23:37:30.363+0000] {dag.py:3441} INFO - Setting next_dagrun for etl_dag to 2023-02-16T23:30:00+00:00, run_after=2023-02-17T00:30:00+00:00
[2023-02-16T23:37:31.977+0000] {processor.py:175} INFO - Processing /opt/airflow/dags/etl_dags.py took 14.423 seconds
[2023-02-16T23:38:42.209+0000] {processor.py:153} INFO - Started process (PID=742) to work on /opt/airflow/dags/etl_dags.py
[2023-02-16T23:38:42.237+0000] {processor.py:743} INFO - Processing file /opt/airflow/dags/etl_dags.py for tasks to queue
[2023-02-16T23:38:42.247+0000] {logging_mixin.py:137} INFO - [2023-02-16T23:38:42.243+0000] {dagbag.py:538} INFO - Filling up the DagBag from /opt/airflow/dags/etl_dags.py
[2023-02-16T23:38:45.052+0000] {processor.py:753} INFO - DAG(s) dict_keys(['etl_dag']) retrieved from /opt/airflow/dags/etl_dags.py
[2023-02-16T23:38:45.364+0000] {logging_mixin.py:137} INFO - [2023-02-16T23:38:45.363+0000] {dag.py:2690} INFO - Sync 1 DAGs
[2023-02-16T23:38:46.053+0000] {logging_mixin.py:137} INFO - [2023-02-16T23:38:46.050+0000] {dag.py:3441} INFO - Setting next_dagrun for etl_dag to 2023-02-16T23:30:00+00:00, run_after=2023-02-17T00:30:00+00:00
[2023-02-16T23:38:46.572+0000] {processor.py:175} INFO - Processing /opt/airflow/dags/etl_dags.py took 4.420 seconds
[2023-02-16T23:39:18.456+0000] {processor.py:153} INFO - Started process (PID=794) to work on /opt/airflow/dags/etl_dags.py
[2023-02-16T23:39:18.479+0000] {processor.py:743} INFO - Processing file /opt/airflow/dags/etl_dags.py for tasks to queue
[2023-02-16T23:39:18.500+0000] {logging_mixin.py:137} INFO - [2023-02-16T23:39:18.499+0000] {dagbag.py:538} INFO - Filling up the DagBag from /opt/airflow/dags/etl_dags.py
[2023-02-16T23:39:22.124+0000] {processor.py:753} INFO - DAG(s) dict_keys(['etl_dag']) retrieved from /opt/airflow/dags/etl_dags.py
[2023-02-16T23:39:22.626+0000] {logging_mixin.py:137} INFO - [2023-02-16T23:39:22.625+0000] {dag.py:2690} INFO - Sync 1 DAGs
[2023-02-16T23:39:23.480+0000] {logging_mixin.py:137} INFO - [2023-02-16T23:39:23.464+0000] {dag.py:3441} INFO - Setting next_dagrun for etl_dag to 2023-02-16T23:30:00+00:00, run_after=2023-02-17T00:30:00+00:00
[2023-02-16T23:39:24.242+0000] {processor.py:175} INFO - Processing /opt/airflow/dags/etl_dags.py took 5.828 seconds
[2023-02-16T23:40:02.470+0000] {processor.py:153} INFO - Started process (PID=837) to work on /opt/airflow/dags/etl_dags.py
[2023-02-16T23:40:02.502+0000] {processor.py:743} INFO - Processing file /opt/airflow/dags/etl_dags.py for tasks to queue
[2023-02-16T23:40:02.509+0000] {logging_mixin.py:137} INFO - [2023-02-16T23:40:02.508+0000] {dagbag.py:538} INFO - Filling up the DagBag from /opt/airflow/dags/etl_dags.py
[2023-02-16T23:40:13.504+0000] {processor.py:753} INFO - DAG(s) dict_keys(['etl_dag']) retrieved from /opt/airflow/dags/etl_dags.py
[2023-02-16T23:40:15.437+0000] {logging_mixin.py:137} INFO - [2023-02-16T23:40:15.436+0000] {dag.py:2690} INFO - Sync 1 DAGs
[2023-02-16T23:40:17.098+0000] {logging_mixin.py:137} INFO - [2023-02-16T23:40:17.098+0000] {dag.py:3441} INFO - Setting next_dagrun for etl_dag to 2023-02-16T23:30:00+00:00, run_after=2023-02-17T00:30:00+00:00
[2023-02-16T23:40:17.909+0000] {processor.py:175} INFO - Processing /opt/airflow/dags/etl_dags.py took 15.484 seconds
[2023-02-16T23:41:04.637+0000] {processor.py:153} INFO - Started process (PID=909) to work on /opt/airflow/dags/etl_dags.py
[2023-02-16T23:41:04.655+0000] {processor.py:743} INFO - Processing file /opt/airflow/dags/etl_dags.py for tasks to queue
[2023-02-16T23:41:04.709+0000] {logging_mixin.py:137} INFO - [2023-02-16T23:41:04.708+0000] {dagbag.py:538} INFO - Filling up the DagBag from /opt/airflow/dags/etl_dags.py
[2023-02-16T23:41:07.941+0000] {processor.py:753} INFO - DAG(s) dict_keys(['etl_dag']) retrieved from /opt/airflow/dags/etl_dags.py
[2023-02-16T23:41:08.085+0000] {logging_mixin.py:137} INFO - [2023-02-16T23:41:08.083+0000] {dag.py:2690} INFO - Sync 1 DAGs
[2023-02-16T23:41:08.687+0000] {logging_mixin.py:137} INFO - [2023-02-16T23:41:08.687+0000] {dag.py:3441} INFO - Setting next_dagrun for etl_dag to 2023-02-16T23:30:00+00:00, run_after=2023-02-17T00:30:00+00:00
[2023-02-16T23:41:09.037+0000] {processor.py:175} INFO - Processing /opt/airflow/dags/etl_dags.py took 4.448 seconds
[2023-02-16T23:41:55.007+0000] {processor.py:153} INFO - Started process (PID=970) to work on /opt/airflow/dags/etl_dags.py
[2023-02-16T23:41:55.040+0000] {processor.py:743} INFO - Processing file /opt/airflow/dags/etl_dags.py for tasks to queue
[2023-02-16T23:41:55.069+0000] {logging_mixin.py:137} INFO - [2023-02-16T23:41:55.068+0000] {dagbag.py:538} INFO - Filling up the DagBag from /opt/airflow/dags/etl_dags.py
[2023-02-16T23:42:05.459+0000] {processor.py:753} INFO - DAG(s) dict_keys(['etl_dag']) retrieved from /opt/airflow/dags/etl_dags.py
[2023-02-16T23:42:06.816+0000] {logging_mixin.py:137} INFO - [2023-02-16T23:42:06.793+0000] {dag.py:2690} INFO - Sync 1 DAGs
[2023-02-16T23:42:07.770+0000] {logging_mixin.py:137} INFO - [2023-02-16T23:42:07.755+0000] {dag.py:3441} INFO - Setting next_dagrun for etl_dag to 2023-02-16T23:30:00+00:00, run_after=2023-02-17T00:30:00+00:00
[2023-02-16T23:42:08.679+0000] {processor.py:175} INFO - Processing /opt/airflow/dags/etl_dags.py took 13.866 seconds
[2023-02-16T23:43:02.560+0000] {processor.py:153} INFO - Started process (PID=1041) to work on /opt/airflow/dags/etl_dags.py
[2023-02-16T23:43:02.571+0000] {processor.py:743} INFO - Processing file /opt/airflow/dags/etl_dags.py for tasks to queue
[2023-02-16T23:43:02.590+0000] {logging_mixin.py:137} INFO - [2023-02-16T23:43:02.589+0000] {dagbag.py:538} INFO - Filling up the DagBag from /opt/airflow/dags/etl_dags.py
[2023-02-16T23:43:07.933+0000] {processor.py:753} INFO - DAG(s) dict_keys(['etl_dag']) retrieved from /opt/airflow/dags/etl_dags.py
[2023-02-16T23:43:08.635+0000] {logging_mixin.py:137} INFO - [2023-02-16T23:43:08.634+0000] {dag.py:2690} INFO - Sync 1 DAGs
[2023-02-16T23:43:09.147+0000] {logging_mixin.py:137} INFO - [2023-02-16T23:43:09.147+0000] {dag.py:3441} INFO - Setting next_dagrun for etl_dag to 2023-02-16T23:30:00+00:00, run_after=2023-02-17T00:30:00+00:00
[2023-02-16T23:43:09.462+0000] {processor.py:175} INFO - Processing /opt/airflow/dags/etl_dags.py took 7.043 seconds
[2023-02-16T23:43:43.115+0000] {processor.py:153} INFO - Started process (PID=1096) to work on /opt/airflow/dags/etl_dags.py
[2023-02-16T23:43:43.128+0000] {processor.py:743} INFO - Processing file /opt/airflow/dags/etl_dags.py for tasks to queue
[2023-02-16T23:43:43.141+0000] {logging_mixin.py:137} INFO - [2023-02-16T23:43:43.141+0000] {dagbag.py:538} INFO - Filling up the DagBag from /opt/airflow/dags/etl_dags.py
[2023-02-16T23:43:47.819+0000] {processor.py:753} INFO - DAG(s) dict_keys(['etl_dag']) retrieved from /opt/airflow/dags/etl_dags.py
[2023-02-16T23:43:48.322+0000] {logging_mixin.py:137} INFO - [2023-02-16T23:43:48.322+0000] {dag.py:2690} INFO - Sync 1 DAGs
[2023-02-16T23:43:49.649+0000] {logging_mixin.py:137} INFO - [2023-02-16T23:43:49.648+0000] {dag.py:3441} INFO - Setting next_dagrun for etl_dag to 2023-02-16T23:30:00+00:00, run_after=2023-02-17T00:30:00+00:00
[2023-02-16T23:43:50.163+0000] {processor.py:175} INFO - Processing /opt/airflow/dags/etl_dags.py took 7.098 seconds
[2023-02-16T23:44:21.892+0000] {processor.py:153} INFO - Started process (PID=1144) to work on /opt/airflow/dags/etl_dags.py
[2023-02-16T23:44:21.898+0000] {processor.py:743} INFO - Processing file /opt/airflow/dags/etl_dags.py for tasks to queue
[2023-02-16T23:44:21.910+0000] {logging_mixin.py:137} INFO - [2023-02-16T23:44:21.904+0000] {dagbag.py:538} INFO - Filling up the DagBag from /opt/airflow/dags/etl_dags.py
[2023-02-16T23:44:25.381+0000] {processor.py:753} INFO - DAG(s) dict_keys(['etl_dag']) retrieved from /opt/airflow/dags/etl_dags.py
[2023-02-16T23:44:26.165+0000] {logging_mixin.py:137} INFO - [2023-02-16T23:44:26.160+0000] {dag.py:2690} INFO - Sync 1 DAGs
[2023-02-16T23:44:27.216+0000] {logging_mixin.py:137} INFO - [2023-02-16T23:44:27.215+0000] {dag.py:3441} INFO - Setting next_dagrun for etl_dag to 2023-02-16T23:30:00+00:00, run_after=2023-02-17T00:30:00+00:00
[2023-02-16T23:44:27.424+0000] {processor.py:175} INFO - Processing /opt/airflow/dags/etl_dags.py took 5.593 seconds
[2023-02-16T23:45:06.593+0000] {processor.py:153} INFO - Started process (PID=1197) to work on /opt/airflow/dags/etl_dags.py
[2023-02-16T23:45:06.611+0000] {processor.py:743} INFO - Processing file /opt/airflow/dags/etl_dags.py for tasks to queue
[2023-02-16T23:45:06.653+0000] {logging_mixin.py:137} INFO - [2023-02-16T23:45:06.643+0000] {dagbag.py:538} INFO - Filling up the DagBag from /opt/airflow/dags/etl_dags.py
[2023-02-16T23:45:16.365+0000] {processor.py:753} INFO - DAG(s) dict_keys(['etl_dag']) retrieved from /opt/airflow/dags/etl_dags.py
[2023-02-16T23:45:16.970+0000] {logging_mixin.py:137} INFO - [2023-02-16T23:45:16.969+0000] {dag.py:2690} INFO - Sync 1 DAGs
[2023-02-16T23:45:17.798+0000] {logging_mixin.py:137} INFO - [2023-02-16T23:45:17.798+0000] {dag.py:3441} INFO - Setting next_dagrun for etl_dag to 2023-02-16T23:30:00+00:00, run_after=2023-02-17T00:30:00+00:00
[2023-02-16T23:45:18.391+0000] {processor.py:175} INFO - Processing /opt/airflow/dags/etl_dags.py took 12.451 seconds
[2023-02-16T23:46:15.953+0000] {processor.py:153} INFO - Started process (PID=1261) to work on /opt/airflow/dags/etl_dags.py
[2023-02-16T23:46:15.965+0000] {processor.py:743} INFO - Processing file /opt/airflow/dags/etl_dags.py for tasks to queue
[2023-02-16T23:46:15.979+0000] {logging_mixin.py:137} INFO - [2023-02-16T23:46:15.978+0000] {dagbag.py:538} INFO - Filling up the DagBag from /opt/airflow/dags/etl_dags.py
[2023-02-16T23:46:25.773+0000] {processor.py:753} INFO - DAG(s) dict_keys(['etl_dag']) retrieved from /opt/airflow/dags/etl_dags.py
[2023-02-16T23:46:26.343+0000] {logging_mixin.py:137} INFO - [2023-02-16T23:46:26.310+0000] {dag.py:2690} INFO - Sync 1 DAGs
[2023-02-16T23:46:27.226+0000] {logging_mixin.py:137} INFO - [2023-02-16T23:46:27.225+0000] {dag.py:3441} INFO - Setting next_dagrun for etl_dag to 2023-02-16T23:30:00+00:00, run_after=2023-02-17T00:30:00+00:00
[2023-02-16T23:46:27.821+0000] {processor.py:175} INFO - Processing /opt/airflow/dags/etl_dags.py took 11.991 seconds
[2023-02-16T23:47:14.420+0000] {processor.py:153} INFO - Started process (PID=1316) to work on /opt/airflow/dags/etl_dags.py
[2023-02-16T23:47:14.445+0000] {processor.py:743} INFO - Processing file /opt/airflow/dags/etl_dags.py for tasks to queue
[2023-02-16T23:47:14.461+0000] {logging_mixin.py:137} INFO - [2023-02-16T23:47:14.460+0000] {dagbag.py:538} INFO - Filling up the DagBag from /opt/airflow/dags/etl_dags.py
[2023-02-16T23:47:29.437+0000] {processor.py:753} INFO - DAG(s) dict_keys(['etl_dag']) retrieved from /opt/airflow/dags/etl_dags.py
[2023-02-16T23:47:31.852+0000] {logging_mixin.py:137} INFO - [2023-02-16T23:47:31.847+0000] {dag.py:2690} INFO - Sync 1 DAGs
[2023-02-16T23:47:33.062+0000] {logging_mixin.py:137} INFO - [2023-02-16T23:47:33.061+0000] {dag.py:3441} INFO - Setting next_dagrun for etl_dag to 2023-02-16T23:30:00+00:00, run_after=2023-02-17T00:30:00+00:00
[2023-02-16T23:47:33.370+0000] {processor.py:175} INFO - Processing /opt/airflow/dags/etl_dags.py took 18.973 seconds
[2023-02-16T23:48:50.207+0000] {processor.py:153} INFO - Started process (PID=1390) to work on /opt/airflow/dags/etl_dags.py
[2023-02-16T23:48:50.218+0000] {processor.py:743} INFO - Processing file /opt/airflow/dags/etl_dags.py for tasks to queue
[2023-02-16T23:48:50.238+0000] {logging_mixin.py:137} INFO - [2023-02-16T23:48:50.230+0000] {dagbag.py:538} INFO - Filling up the DagBag from /opt/airflow/dags/etl_dags.py
[2023-02-16T23:49:20.510+0000] {logging_mixin.py:137} INFO - [2023-02-16T23:49:20.286+0000] {timeout.py:68} ERROR - Process timed out, PID: 1390
[2023-02-16T23:49:20.578+0000] {logging_mixin.py:137} INFO - [2023-02-16T23:49:20.521+0000] {dagbag.py:343} ERROR - Failed to import: /opt/airflow/dags/etl_dags.py
Traceback (most recent call last):
  File "/home/airflow/.local/lib/python3.7/site-packages/airflow/models/dagbag.py", line 339, in parse
    loader.exec_module(new_module)
  File "<frozen importlib._bootstrap_external>", line 728, in exec_module
  File "<frozen importlib._bootstrap>", line 219, in _call_with_frames_removed
  File "/opt/airflow/dags/etl_dags.py", line 8, in <module>
    import pandas as pd
  File "/home/airflow/.local/lib/python3.7/site-packages/pandas/__init__.py", line 143, in <module>
    from pandas.io.api import (
  File "/home/airflow/.local/lib/python3.7/site-packages/pandas/io/api.py", line 8, in <module>
    from pandas.io.excel import (
  File "/home/airflow/.local/lib/python3.7/site-packages/pandas/io/excel/__init__.py", line 1, in <module>
    from pandas.io.excel._base import (
  File "/home/airflow/.local/lib/python3.7/site-packages/pandas/io/excel/_base.py", line 61, in <module>
    from pandas.io.parsers import TextParser
  File "/home/airflow/.local/lib/python3.7/site-packages/pandas/io/parsers/__init__.py", line 1, in <module>
    from pandas.io.parsers.readers import (
  File "/home/airflow/.local/lib/python3.7/site-packages/pandas/io/parsers/readers.py", line 45, in <module>
    from pandas.io.parsers.base_parser import (
  File "/home/airflow/.local/lib/python3.7/site-packages/pandas/io/parsers/base_parser.py", line 70, in <module>
    from pandas.io.date_converters import generic_parser
  File "<frozen importlib._bootstrap>", line 983, in _find_and_load
  File "<frozen importlib._bootstrap>", line 967, in _find_and_load_unlocked
  File "<frozen importlib._bootstrap>", line 677, in _load_unlocked
  File "<frozen importlib._bootstrap_external>", line 724, in exec_module
  File "<frozen importlib._bootstrap_external>", line 818, in get_code
  File "<frozen importlib._bootstrap_external>", line 916, in get_data
  File "/home/airflow/.local/lib/python3.7/site-packages/airflow/utils/timeout.py", line 69, in handle_timeout
    raise AirflowTaskTimeout(self.error_message)
airflow.exceptions.AirflowTaskTimeout: DagBag import timeout for /opt/airflow/dags/etl_dags.py after 30.0s.
Please take a look at these docs to improve your DAG import time:
* https://airflow.apache.org/docs/apache-airflow/2.5.1/best-practices.html#top-level-python-code
* https://airflow.apache.org/docs/apache-airflow/2.5.1/best-practices.html#reducing-dag-complexity, PID: 1390
[2023-02-16T23:49:20.615+0000] {processor.py:755} WARNING - No viable dags retrieved from /opt/airflow/dags/etl_dags.py
[2023-02-16T23:49:21.503+0000] {processor.py:175} INFO - Processing /opt/airflow/dags/etl_dags.py took 31.537 seconds
[2023-02-16T23:50:37.181+0000] {processor.py:153} INFO - Started process (PID=1469) to work on /opt/airflow/dags/etl_dags.py
[2023-02-16T23:50:37.248+0000] {processor.py:743} INFO - Processing file /opt/airflow/dags/etl_dags.py for tasks to queue
[2023-02-16T23:50:37.266+0000] {logging_mixin.py:137} INFO - [2023-02-16T23:50:37.266+0000] {dagbag.py:538} INFO - Filling up the DagBag from /opt/airflow/dags/etl_dags.py
[2023-02-16T23:50:47.107+0000] {processor.py:753} INFO - DAG(s) dict_keys(['etl_dag']) retrieved from /opt/airflow/dags/etl_dags.py
[2023-02-16T23:50:48.266+0000] {logging_mixin.py:137} INFO - [2023-02-16T23:50:48.264+0000] {dag.py:2690} INFO - Sync 1 DAGs
[2023-02-16T23:50:49.567+0000] {logging_mixin.py:137} INFO - [2023-02-16T23:50:49.567+0000] {dag.py:3441} INFO - Setting next_dagrun for etl_dag to 2023-02-16T23:30:00+00:00, run_after=2023-02-17T00:30:00+00:00
[2023-02-16T23:50:51.469+0000] {processor.py:175} INFO - Processing /opt/airflow/dags/etl_dags.py took 14.579 seconds
[2023-02-16T23:51:38.561+0000] {processor.py:153} INFO - Started process (PID=1522) to work on /opt/airflow/dags/etl_dags.py
[2023-02-16T23:51:38.623+0000] {processor.py:743} INFO - Processing file /opt/airflow/dags/etl_dags.py for tasks to queue
[2023-02-16T23:51:38.774+0000] {logging_mixin.py:137} INFO - [2023-02-16T23:51:38.738+0000] {dagbag.py:538} INFO - Filling up the DagBag from /opt/airflow/dags/etl_dags.py
[2023-02-16T23:51:49.267+0000] {processor.py:753} INFO - DAG(s) dict_keys(['etl_dag']) retrieved from /opt/airflow/dags/etl_dags.py
[2023-02-16T23:51:49.840+0000] {logging_mixin.py:137} INFO - [2023-02-16T23:51:49.839+0000] {dag.py:2690} INFO - Sync 1 DAGs
[2023-02-16T23:51:50.609+0000] {logging_mixin.py:137} INFO - [2023-02-16T23:51:50.608+0000] {dag.py:3441} INFO - Setting next_dagrun for etl_dag to 2023-02-16T23:30:00+00:00, run_after=2023-02-17T00:30:00+00:00
[2023-02-16T23:51:50.991+0000] {processor.py:175} INFO - Processing /opt/airflow/dags/etl_dags.py took 12.479 seconds
[2023-02-16T23:53:41.240+0000] {processor.py:153} INFO - Started process (PID=1610) to work on /opt/airflow/dags/etl_dags.py
[2023-02-16T23:53:41.338+0000] {processor.py:743} INFO - Processing file /opt/airflow/dags/etl_dags.py for tasks to queue
[2023-02-16T23:53:41.596+0000] {logging_mixin.py:137} INFO - [2023-02-16T23:53:41.596+0000] {dagbag.py:538} INFO - Filling up the DagBag from /opt/airflow/dags/etl_dags.py
[2023-02-16T23:53:53.664+0000] {processor.py:753} INFO - DAG(s) dict_keys(['etl_dag']) retrieved from /opt/airflow/dags/etl_dags.py
[2023-02-16T23:53:54.056+0000] {logging_mixin.py:137} INFO - [2023-02-16T23:53:54.051+0000] {dag.py:2690} INFO - Sync 1 DAGs
[2023-02-16T23:53:54.618+0000] {logging_mixin.py:137} INFO - [2023-02-16T23:53:54.591+0000] {dag.py:3441} INFO - Setting next_dagrun for etl_dag to 2023-02-16T23:30:00+00:00, run_after=2023-02-17T00:30:00+00:00
[2023-02-16T23:53:54.912+0000] {processor.py:175} INFO - Processing /opt/airflow/dags/etl_dags.py took 14.402 seconds
[2023-02-16T23:54:43.819+0000] {processor.py:153} INFO - Started process (PID=1667) to work on /opt/airflow/dags/etl_dags.py
[2023-02-16T23:54:44.015+0000] {processor.py:743} INFO - Processing file /opt/airflow/dags/etl_dags.py for tasks to queue
[2023-02-16T23:54:44.022+0000] {logging_mixin.py:137} INFO - [2023-02-16T23:54:44.022+0000] {dagbag.py:538} INFO - Filling up the DagBag from /opt/airflow/dags/etl_dags.py
[2023-02-16T23:54:50.909+0000] {processor.py:753} INFO - DAG(s) dict_keys(['etl_dag']) retrieved from /opt/airflow/dags/etl_dags.py
[2023-02-16T23:54:51.023+0000] {logging_mixin.py:137} INFO - [2023-02-16T23:54:51.022+0000] {dag.py:2690} INFO - Sync 1 DAGs
[2023-02-16T23:54:51.420+0000] {logging_mixin.py:137} INFO - [2023-02-16T23:54:51.420+0000] {dag.py:3441} INFO - Setting next_dagrun for etl_dag to 2023-02-16T23:30:00+00:00, run_after=2023-02-17T00:30:00+00:00
[2023-02-16T23:54:51.910+0000] {processor.py:175} INFO - Processing /opt/airflow/dags/etl_dags.py took 8.115 seconds
[2023-02-16T23:55:43.928+0000] {processor.py:153} INFO - Started process (PID=1715) to work on /opt/airflow/dags/etl_dags.py
[2023-02-16T23:55:43.989+0000] {processor.py:743} INFO - Processing file /opt/airflow/dags/etl_dags.py for tasks to queue
[2023-02-16T23:55:44.026+0000] {logging_mixin.py:137} INFO - [2023-02-16T23:55:44.026+0000] {dagbag.py:538} INFO - Filling up the DagBag from /opt/airflow/dags/etl_dags.py
[2023-02-16T23:55:48.950+0000] {processor.py:753} INFO - DAG(s) dict_keys(['etl_dag']) retrieved from /opt/airflow/dags/etl_dags.py
[2023-02-16T23:55:49.741+0000] {logging_mixin.py:137} INFO - [2023-02-16T23:55:49.589+0000] {dag.py:2690} INFO - Sync 1 DAGs
[2023-02-16T23:55:51.331+0000] {logging_mixin.py:137} INFO - [2023-02-16T23:55:51.153+0000] {dag.py:3441} INFO - Setting next_dagrun for etl_dag to 2023-02-16T23:30:00+00:00, run_after=2023-02-17T00:30:00+00:00
[2023-02-16T23:55:51.988+0000] {processor.py:175} INFO - Processing /opt/airflow/dags/etl_dags.py took 8.135 seconds
[2023-02-16T23:56:23.927+0000] {processor.py:153} INFO - Started process (PID=1777) to work on /opt/airflow/dags/etl_dags.py
[2023-02-16T23:56:23.940+0000] {processor.py:743} INFO - Processing file /opt/airflow/dags/etl_dags.py for tasks to queue
[2023-02-16T23:56:23.947+0000] {logging_mixin.py:137} INFO - [2023-02-16T23:56:23.945+0000] {dagbag.py:538} INFO - Filling up the DagBag from /opt/airflow/dags/etl_dags.py
[2023-02-16T23:56:25.065+0000] {processor.py:753} INFO - DAG(s) dict_keys(['etl_dag']) retrieved from /opt/airflow/dags/etl_dags.py
[2023-02-16T23:56:25.131+0000] {logging_mixin.py:137} INFO - [2023-02-16T23:56:25.130+0000] {dag.py:2690} INFO - Sync 1 DAGs
[2023-02-16T23:56:25.207+0000] {logging_mixin.py:137} INFO - [2023-02-16T23:56:25.207+0000] {dag.py:3441} INFO - Setting next_dagrun for etl_dag to 2023-02-16T23:30:00+00:00, run_after=2023-02-17T00:30:00+00:00
[2023-02-16T23:56:25.289+0000] {processor.py:175} INFO - Processing /opt/airflow/dags/etl_dags.py took 1.393 seconds
[2023-02-16T23:57:02.909+0000] {processor.py:153} INFO - Started process (PID=1837) to work on /opt/airflow/dags/etl_dags.py
[2023-02-16T23:57:02.928+0000] {processor.py:743} INFO - Processing file /opt/airflow/dags/etl_dags.py for tasks to queue
[2023-02-16T23:57:02.952+0000] {logging_mixin.py:137} INFO - [2023-02-16T23:57:02.952+0000] {dagbag.py:538} INFO - Filling up the DagBag from /opt/airflow/dags/etl_dags.py
[2023-02-16T23:57:05.056+0000] {processor.py:753} INFO - DAG(s) dict_keys(['etl_dag']) retrieved from /opt/airflow/dags/etl_dags.py
[2023-02-16T23:57:05.203+0000] {logging_mixin.py:137} INFO - [2023-02-16T23:57:05.202+0000] {dag.py:2690} INFO - Sync 1 DAGs
[2023-02-16T23:57:05.427+0000] {logging_mixin.py:137} INFO - [2023-02-16T23:57:05.427+0000] {dag.py:3441} INFO - Setting next_dagrun for etl_dag to 2023-02-16T23:30:00+00:00, run_after=2023-02-17T00:30:00+00:00
[2023-02-16T23:57:05.616+0000] {processor.py:175} INFO - Processing /opt/airflow/dags/etl_dags.py took 2.740 seconds
[2023-02-16T23:57:38.107+0000] {processor.py:153} INFO - Started process (PID=1899) to work on /opt/airflow/dags/etl_dags.py
[2023-02-16T23:57:38.117+0000] {processor.py:743} INFO - Processing file /opt/airflow/dags/etl_dags.py for tasks to queue
[2023-02-16T23:57:38.128+0000] {logging_mixin.py:137} INFO - [2023-02-16T23:57:38.123+0000] {dagbag.py:538} INFO - Filling up the DagBag from /opt/airflow/dags/etl_dags.py
[2023-02-16T23:57:40.109+0000] {processor.py:753} INFO - DAG(s) dict_keys(['etl_dag']) retrieved from /opt/airflow/dags/etl_dags.py
[2023-02-16T23:57:40.184+0000] {logging_mixin.py:137} INFO - [2023-02-16T23:57:40.183+0000] {dag.py:2690} INFO - Sync 1 DAGs
[2023-02-16T23:57:40.715+0000] {logging_mixin.py:137} INFO - [2023-02-16T23:57:40.714+0000] {dag.py:3441} INFO - Setting next_dagrun for etl_dag to 2023-02-16T23:30:00+00:00, run_after=2023-02-17T00:30:00+00:00
[2023-02-16T23:57:40.924+0000] {processor.py:175} INFO - Processing /opt/airflow/dags/etl_dags.py took 2.842 seconds
[2023-02-16T23:58:12.721+0000] {processor.py:153} INFO - Started process (PID=1963) to work on /opt/airflow/dags/etl_dags.py
[2023-02-16T23:58:12.754+0000] {processor.py:743} INFO - Processing file /opt/airflow/dags/etl_dags.py for tasks to queue
[2023-02-16T23:58:12.773+0000] {logging_mixin.py:137} INFO - [2023-02-16T23:58:12.772+0000] {dagbag.py:538} INFO - Filling up the DagBag from /opt/airflow/dags/etl_dags.py
[2023-02-16T23:58:16.733+0000] {processor.py:753} INFO - DAG(s) dict_keys(['etl_dag']) retrieved from /opt/airflow/dags/etl_dags.py
[2023-02-16T23:58:17.203+0000] {logging_mixin.py:137} INFO - [2023-02-16T23:58:17.202+0000] {dag.py:2690} INFO - Sync 1 DAGs
[2023-02-16T23:58:17.503+0000] {logging_mixin.py:137} INFO - [2023-02-16T23:58:17.503+0000] {dag.py:3441} INFO - Setting next_dagrun for etl_dag to 2023-02-16T23:30:00+00:00, run_after=2023-02-17T00:30:00+00:00
[2023-02-16T23:58:17.663+0000] {processor.py:175} INFO - Processing /opt/airflow/dags/etl_dags.py took 5.021 seconds
[2023-02-16T23:58:48.901+0000] {processor.py:153} INFO - Started process (PID=2028) to work on /opt/airflow/dags/etl_dags.py
[2023-02-16T23:58:48.920+0000] {processor.py:743} INFO - Processing file /opt/airflow/dags/etl_dags.py for tasks to queue
[2023-02-16T23:58:48.943+0000] {logging_mixin.py:137} INFO - [2023-02-16T23:58:48.942+0000] {dagbag.py:538} INFO - Filling up the DagBag from /opt/airflow/dags/etl_dags.py
[2023-02-16T23:58:55.029+0000] {processor.py:753} INFO - DAG(s) dict_keys(['etl_dag']) retrieved from /opt/airflow/dags/etl_dags.py
[2023-02-16T23:58:55.494+0000] {logging_mixin.py:137} INFO - [2023-02-16T23:58:55.493+0000] {dag.py:2690} INFO - Sync 1 DAGs
[2023-02-16T23:58:56.092+0000] {logging_mixin.py:137} INFO - [2023-02-16T23:58:56.090+0000] {dag.py:3441} INFO - Setting next_dagrun for etl_dag to 2023-02-16T23:30:00+00:00, run_after=2023-02-17T00:30:00+00:00
[2023-02-16T23:58:56.344+0000] {processor.py:175} INFO - Processing /opt/airflow/dags/etl_dags.py took 7.474 seconds
[2023-02-16T23:59:48.177+0000] {processor.py:153} INFO - Started process (PID=2098) to work on /opt/airflow/dags/etl_dags.py
[2023-02-16T23:59:48.190+0000] {processor.py:743} INFO - Processing file /opt/airflow/dags/etl_dags.py for tasks to queue
[2023-02-16T23:59:48.207+0000] {logging_mixin.py:137} INFO - [2023-02-16T23:59:48.202+0000] {dagbag.py:538} INFO - Filling up the DagBag from /opt/airflow/dags/etl_dags.py
[2023-02-17T00:00:02.971+0000] {processor.py:753} INFO - DAG(s) dict_keys(['etl_dag']) retrieved from /opt/airflow/dags/etl_dags.py
[2023-02-17T00:00:03.177+0000] {logging_mixin.py:137} INFO - [2023-02-17T00:00:03.176+0000] {dag.py:2690} INFO - Sync 1 DAGs
[2023-02-17T00:00:03.442+0000] {logging_mixin.py:137} INFO - [2023-02-17T00:00:03.441+0000] {dag.py:3441} INFO - Setting next_dagrun for etl_dag to 2023-02-16T23:30:00+00:00, run_after=2023-02-17T00:30:00+00:00
[2023-02-17T00:00:03.595+0000] {processor.py:175} INFO - Processing /opt/airflow/dags/etl_dags.py took 15.455 seconds
