[2023-02-16T22:54:59.166+0000] {processor.py:153} INFO - Started process (PID=118) to work on /home/airflow/.local/lib/python3.7/site-packages/airflow/example_dags/example_subdag_operator.py
[2023-02-16T22:54:59.243+0000] {processor.py:743} INFO - Processing file /home/airflow/.local/lib/python3.7/site-packages/airflow/example_dags/example_subdag_operator.py for tasks to queue
[2023-02-16T22:54:59.312+0000] {logging_mixin.py:137} INFO - [2023-02-16T22:54:59.261+0000] {dagbag.py:538} INFO - Filling up the DagBag from /home/airflow/.local/lib/python3.7/site-packages/airflow/example_dags/example_subdag_operator.py
[2023-02-16T22:55:02.402+0000] {processor.py:753} INFO - DAG(s) dict_keys(['example_subdag_operator.section-1', 'example_subdag_operator.section-2', 'example_subdag_operator']) retrieved from /home/airflow/.local/lib/python3.7/site-packages/airflow/example_dags/example_subdag_operator.py
[2023-02-16T22:55:06.140+0000] {logging_mixin.py:137} INFO - [2023-02-16T22:55:06.095+0000] {dag.py:2690} INFO - Sync 3 DAGs
[2023-02-16T22:55:07.390+0000] {logging_mixin.py:137} INFO - [2023-02-16T22:55:07.389+0000] {dag.py:3441} INFO - Setting next_dagrun for example_subdag_operator to 2022-01-01T00:00:00+00:00, run_after=2022-01-01T00:00:00+00:00
[2023-02-16T22:55:08.310+0000] {logging_mixin.py:137} INFO - [2023-02-16T22:55:08.310+0000] {dag.py:3441} INFO - Setting next_dagrun for example_subdag_operator.section-1 to None, run_after=None
[2023-02-16T22:55:08.737+0000] {logging_mixin.py:137} INFO - [2023-02-16T22:55:08.737+0000] {dag.py:3441} INFO - Setting next_dagrun for example_subdag_operator.section-2 to None, run_after=None
[2023-02-16T22:55:11.138+0000] {logging_mixin.py:137} INFO - [2023-02-16T22:55:11.138+0000] {dag.py:2690} INFO - Sync 2 DAGs
[2023-02-16T22:55:12.567+0000] {logging_mixin.py:137} INFO - [2023-02-16T22:55:12.566+0000] {dag.py:3441} INFO - Setting next_dagrun for example_subdag_operator.section-1 to None, run_after=None
[2023-02-16T22:55:12.602+0000] {logging_mixin.py:137} INFO - [2023-02-16T22:55:12.602+0000] {dag.py:3441} INFO - Setting next_dagrun for example_subdag_operator.section-2 to None, run_after=None
[2023-02-16T22:55:13.057+0000] {processor.py:175} INFO - Processing /home/airflow/.local/lib/python3.7/site-packages/airflow/example_dags/example_subdag_operator.py took 14.104 seconds
[2023-02-16T22:58:51.905+0000] {processor.py:153} INFO - Started process (PID=264) to work on /home/airflow/.local/lib/python3.7/site-packages/airflow/example_dags/example_subdag_operator.py
[2023-02-16T22:58:51.941+0000] {processor.py:743} INFO - Processing file /home/airflow/.local/lib/python3.7/site-packages/airflow/example_dags/example_subdag_operator.py for tasks to queue
[2023-02-16T22:58:51.961+0000] {logging_mixin.py:137} INFO - [2023-02-16T22:58:51.960+0000] {dagbag.py:538} INFO - Filling up the DagBag from /home/airflow/.local/lib/python3.7/site-packages/airflow/example_dags/example_subdag_operator.py
[2023-02-16T22:58:52.528+0000] {processor.py:753} INFO - DAG(s) dict_keys(['example_subdag_operator.section-1', 'example_subdag_operator.section-2', 'example_subdag_operator']) retrieved from /home/airflow/.local/lib/python3.7/site-packages/airflow/example_dags/example_subdag_operator.py
[2023-02-16T22:58:53.192+0000] {logging_mixin.py:137} INFO - [2023-02-16T22:58:53.171+0000] {dag.py:2690} INFO - Sync 3 DAGs
[2023-02-16T22:58:54.201+0000] {logging_mixin.py:137} INFO - [2023-02-16T22:58:54.195+0000] {dag.py:3441} INFO - Setting next_dagrun for example_subdag_operator to 2022-01-01T00:00:00+00:00, run_after=2022-01-01T00:00:00+00:00
[2023-02-16T22:58:54.277+0000] {logging_mixin.py:137} INFO - [2023-02-16T22:58:54.277+0000] {dag.py:3441} INFO - Setting next_dagrun for example_subdag_operator.section-1 to None, run_after=None
[2023-02-16T22:58:54.286+0000] {logging_mixin.py:137} INFO - [2023-02-16T22:58:54.286+0000] {dag.py:3441} INFO - Setting next_dagrun for example_subdag_operator.section-2 to None, run_after=None
[2023-02-16T22:58:54.443+0000] {logging_mixin.py:137} INFO - [2023-02-16T22:58:54.443+0000] {dag.py:2690} INFO - Sync 2 DAGs
[2023-02-16T22:58:54.534+0000] {logging_mixin.py:137} INFO - [2023-02-16T22:58:54.534+0000] {dag.py:3441} INFO - Setting next_dagrun for example_subdag_operator.section-1 to None, run_after=None
[2023-02-16T22:58:54.563+0000] {logging_mixin.py:137} INFO - [2023-02-16T22:58:54.562+0000] {dag.py:3441} INFO - Setting next_dagrun for example_subdag_operator.section-2 to None, run_after=None
[2023-02-16T22:58:54.907+0000] {processor.py:175} INFO - Processing /home/airflow/.local/lib/python3.7/site-packages/airflow/example_dags/example_subdag_operator.py took 3.139 seconds
[2023-02-16T22:59:25.826+0000] {processor.py:153} INFO - Started process (PID=317) to work on /home/airflow/.local/lib/python3.7/site-packages/airflow/example_dags/example_subdag_operator.py
[2023-02-16T22:59:25.843+0000] {processor.py:743} INFO - Processing file /home/airflow/.local/lib/python3.7/site-packages/airflow/example_dags/example_subdag_operator.py for tasks to queue
[2023-02-16T22:59:25.888+0000] {logging_mixin.py:137} INFO - [2023-02-16T22:59:25.886+0000] {dagbag.py:538} INFO - Filling up the DagBag from /home/airflow/.local/lib/python3.7/site-packages/airflow/example_dags/example_subdag_operator.py
[2023-02-16T22:59:26.728+0000] {processor.py:753} INFO - DAG(s) dict_keys(['example_subdag_operator.section-1', 'example_subdag_operator.section-2', 'example_subdag_operator']) retrieved from /home/airflow/.local/lib/python3.7/site-packages/airflow/example_dags/example_subdag_operator.py
[2023-02-16T22:59:27.165+0000] {logging_mixin.py:137} INFO - [2023-02-16T22:59:27.164+0000] {dag.py:2690} INFO - Sync 3 DAGs
[2023-02-16T22:59:27.369+0000] {logging_mixin.py:137} INFO - [2023-02-16T22:59:27.369+0000] {dag.py:3441} INFO - Setting next_dagrun for example_subdag_operator to 2022-01-01T00:00:00+00:00, run_after=2022-01-01T00:00:00+00:00
[2023-02-16T22:59:27.404+0000] {logging_mixin.py:137} INFO - [2023-02-16T22:59:27.403+0000] {dag.py:3441} INFO - Setting next_dagrun for example_subdag_operator.section-1 to None, run_after=None
[2023-02-16T22:59:27.421+0000] {logging_mixin.py:137} INFO - [2023-02-16T22:59:27.421+0000] {dag.py:3441} INFO - Setting next_dagrun for example_subdag_operator.section-2 to None, run_after=None
[2023-02-16T22:59:27.478+0000] {logging_mixin.py:137} INFO - [2023-02-16T22:59:27.477+0000] {dag.py:2690} INFO - Sync 2 DAGs
[2023-02-16T22:59:27.513+0000] {logging_mixin.py:137} INFO - [2023-02-16T22:59:27.512+0000] {dag.py:3441} INFO - Setting next_dagrun for example_subdag_operator.section-1 to None, run_after=None
[2023-02-16T22:59:27.521+0000] {logging_mixin.py:137} INFO - [2023-02-16T22:59:27.520+0000] {dag.py:3441} INFO - Setting next_dagrun for example_subdag_operator.section-2 to None, run_after=None
[2023-02-16T22:59:27.727+0000] {processor.py:175} INFO - Processing /home/airflow/.local/lib/python3.7/site-packages/airflow/example_dags/example_subdag_operator.py took 1.953 seconds
[2023-02-16T23:01:57.184+0000] {processor.py:153} INFO - Started process (PID=416) to work on /home/airflow/.local/lib/python3.7/site-packages/airflow/example_dags/example_subdag_operator.py
[2023-02-16T23:01:57.199+0000] {processor.py:743} INFO - Processing file /home/airflow/.local/lib/python3.7/site-packages/airflow/example_dags/example_subdag_operator.py for tasks to queue
[2023-02-16T23:01:57.210+0000] {logging_mixin.py:137} INFO - [2023-02-16T23:01:57.210+0000] {dagbag.py:538} INFO - Filling up the DagBag from /home/airflow/.local/lib/python3.7/site-packages/airflow/example_dags/example_subdag_operator.py
[2023-02-16T23:01:58.234+0000] {processor.py:753} INFO - DAG(s) dict_keys(['example_subdag_operator.section-1', 'example_subdag_operator.section-2', 'example_subdag_operator']) retrieved from /home/airflow/.local/lib/python3.7/site-packages/airflow/example_dags/example_subdag_operator.py
[2023-02-16T23:01:58.643+0000] {logging_mixin.py:137} INFO - [2023-02-16T23:01:58.643+0000] {dag.py:2690} INFO - Sync 3 DAGs
[2023-02-16T23:01:59.341+0000] {logging_mixin.py:137} INFO - [2023-02-16T23:01:59.277+0000] {dag.py:3441} INFO - Setting next_dagrun for example_subdag_operator to 2022-01-01T00:00:00+00:00, run_after=2022-01-01T00:00:00+00:00
[2023-02-16T23:01:59.429+0000] {logging_mixin.py:137} INFO - [2023-02-16T23:01:59.420+0000] {dag.py:3441} INFO - Setting next_dagrun for example_subdag_operator.section-1 to None, run_after=None
[2023-02-16T23:01:59.504+0000] {logging_mixin.py:137} INFO - [2023-02-16T23:01:59.496+0000] {dag.py:3441} INFO - Setting next_dagrun for example_subdag_operator.section-2 to None, run_after=None
[2023-02-16T23:01:59.694+0000] {logging_mixin.py:137} INFO - [2023-02-16T23:01:59.668+0000] {dag.py:2690} INFO - Sync 2 DAGs
[2023-02-16T23:01:59.958+0000] {logging_mixin.py:137} INFO - [2023-02-16T23:01:59.958+0000] {dag.py:3441} INFO - Setting next_dagrun for example_subdag_operator.section-1 to None, run_after=None
[2023-02-16T23:02:00.003+0000] {logging_mixin.py:137} INFO - [2023-02-16T23:02:00.003+0000] {dag.py:3441} INFO - Setting next_dagrun for example_subdag_operator.section-2 to None, run_after=None
[2023-02-16T23:02:00.468+0000] {processor.py:175} INFO - Processing /home/airflow/.local/lib/python3.7/site-packages/airflow/example_dags/example_subdag_operator.py took 3.395 seconds
[2023-02-16T23:02:39.684+0000] {processor.py:153} INFO - Started process (PID=478) to work on /home/airflow/.local/lib/python3.7/site-packages/airflow/example_dags/example_subdag_operator.py
[2023-02-16T23:02:39.709+0000] {processor.py:743} INFO - Processing file /home/airflow/.local/lib/python3.7/site-packages/airflow/example_dags/example_subdag_operator.py for tasks to queue
[2023-02-16T23:02:39.747+0000] {logging_mixin.py:137} INFO - [2023-02-16T23:02:39.747+0000] {dagbag.py:538} INFO - Filling up the DagBag from /home/airflow/.local/lib/python3.7/site-packages/airflow/example_dags/example_subdag_operator.py
[2023-02-16T23:02:40.162+0000] {processor.py:753} INFO - DAG(s) dict_keys(['example_subdag_operator.section-1', 'example_subdag_operator.section-2', 'example_subdag_operator']) retrieved from /home/airflow/.local/lib/python3.7/site-packages/airflow/example_dags/example_subdag_operator.py
[2023-02-16T23:02:40.690+0000] {logging_mixin.py:137} INFO - [2023-02-16T23:02:40.690+0000] {dag.py:2690} INFO - Sync 3 DAGs
[2023-02-16T23:02:41.248+0000] {logging_mixin.py:137} INFO - [2023-02-16T23:02:41.248+0000] {dag.py:3441} INFO - Setting next_dagrun for example_subdag_operator to 2022-01-01T00:00:00+00:00, run_after=2022-01-01T00:00:00+00:00
[2023-02-16T23:02:41.306+0000] {logging_mixin.py:137} INFO - [2023-02-16T23:02:41.305+0000] {dag.py:3441} INFO - Setting next_dagrun for example_subdag_operator.section-1 to None, run_after=None
[2023-02-16T23:02:41.332+0000] {logging_mixin.py:137} INFO - [2023-02-16T23:02:41.329+0000] {dag.py:3441} INFO - Setting next_dagrun for example_subdag_operator.section-2 to None, run_after=None
[2023-02-16T23:02:41.405+0000] {logging_mixin.py:137} INFO - [2023-02-16T23:02:41.405+0000] {dag.py:2690} INFO - Sync 2 DAGs
[2023-02-16T23:02:41.483+0000] {logging_mixin.py:137} INFO - [2023-02-16T23:02:41.483+0000] {dag.py:3441} INFO - Setting next_dagrun for example_subdag_operator.section-1 to None, run_after=None
[2023-02-16T23:02:41.490+0000] {logging_mixin.py:137} INFO - [2023-02-16T23:02:41.489+0000] {dag.py:3441} INFO - Setting next_dagrun for example_subdag_operator.section-2 to None, run_after=None
[2023-02-16T23:02:41.638+0000] {processor.py:175} INFO - Processing /home/airflow/.local/lib/python3.7/site-packages/airflow/example_dags/example_subdag_operator.py took 2.003 seconds
