[2023-02-16T22:57:35.172+0000] {processor.py:153} INFO - Started process (PID=211) to work on /home/airflow/.local/lib/python3.7/site-packages/airflow/example_dags/example_nested_branch_dag.py
[2023-02-16T22:57:35.210+0000] {processor.py:743} INFO - Processing file /home/airflow/.local/lib/python3.7/site-packages/airflow/example_dags/example_nested_branch_dag.py for tasks to queue
[2023-02-16T22:57:35.231+0000] {logging_mixin.py:137} INFO - [2023-02-16T22:57:35.230+0000] {dagbag.py:538} INFO - Filling up the DagBag from /home/airflow/.local/lib/python3.7/site-packages/airflow/example_dags/example_nested_branch_dag.py
[2023-02-16T22:57:39.867+0000] {processor.py:753} INFO - DAG(s) dict_keys(['example_nested_branch_dag']) retrieved from /home/airflow/.local/lib/python3.7/site-packages/airflow/example_dags/example_nested_branch_dag.py
[2023-02-16T22:57:42.783+0000] {logging_mixin.py:137} INFO - [2023-02-16T22:57:42.782+0000] {dag.py:2690} INFO - Sync 1 DAGs
[2023-02-16T22:57:45.866+0000] {logging_mixin.py:137} INFO - [2023-02-16T22:57:45.865+0000] {dag.py:3441} INFO - Setting next_dagrun for example_nested_branch_dag to 2023-02-15T00:00:00+00:00, run_after=2023-02-16T00:00:00+00:00
[2023-02-16T22:57:47.204+0000] {processor.py:175} INFO - Processing /home/airflow/.local/lib/python3.7/site-packages/airflow/example_dags/example_nested_branch_dag.py took 12.300 seconds
[2023-02-16T22:59:09.742+0000] {processor.py:153} INFO - Started process (PID=299) to work on /home/airflow/.local/lib/python3.7/site-packages/airflow/example_dags/example_nested_branch_dag.py
[2023-02-16T22:59:09.751+0000] {processor.py:743} INFO - Processing file /home/airflow/.local/lib/python3.7/site-packages/airflow/example_dags/example_nested_branch_dag.py for tasks to queue
[2023-02-16T22:59:09.765+0000] {logging_mixin.py:137} INFO - [2023-02-16T22:59:09.765+0000] {dagbag.py:538} INFO - Filling up the DagBag from /home/airflow/.local/lib/python3.7/site-packages/airflow/example_dags/example_nested_branch_dag.py
[2023-02-16T22:59:10.410+0000] {processor.py:753} INFO - DAG(s) dict_keys(['example_nested_branch_dag']) retrieved from /home/airflow/.local/lib/python3.7/site-packages/airflow/example_dags/example_nested_branch_dag.py
[2023-02-16T22:59:10.873+0000] {logging_mixin.py:137} INFO - [2023-02-16T22:59:10.873+0000] {dag.py:2690} INFO - Sync 1 DAGs
[2023-02-16T22:59:11.368+0000] {logging_mixin.py:137} INFO - [2023-02-16T22:59:11.368+0000] {dag.py:3441} INFO - Setting next_dagrun for example_nested_branch_dag to 2023-02-15T00:00:00+00:00, run_after=2023-02-16T00:00:00+00:00
[2023-02-16T22:59:11.536+0000] {processor.py:175} INFO - Processing /home/airflow/.local/lib/python3.7/site-packages/airflow/example_dags/example_nested_branch_dag.py took 1.815 seconds
[2023-02-16T23:02:20.116+0000] {processor.py:153} INFO - Started process (PID=446) to work on /home/airflow/.local/lib/python3.7/site-packages/airflow/example_dags/example_nested_branch_dag.py
[2023-02-16T23:02:20.136+0000] {processor.py:743} INFO - Processing file /home/airflow/.local/lib/python3.7/site-packages/airflow/example_dags/example_nested_branch_dag.py for tasks to queue
[2023-02-16T23:02:20.160+0000] {logging_mixin.py:137} INFO - [2023-02-16T23:02:20.159+0000] {dagbag.py:538} INFO - Filling up the DagBag from /home/airflow/.local/lib/python3.7/site-packages/airflow/example_dags/example_nested_branch_dag.py
[2023-02-16T23:02:21.238+0000] {processor.py:753} INFO - DAG(s) dict_keys(['example_nested_branch_dag']) retrieved from /home/airflow/.local/lib/python3.7/site-packages/airflow/example_dags/example_nested_branch_dag.py
[2023-02-16T23:02:21.690+0000] {logging_mixin.py:137} INFO - [2023-02-16T23:02:21.690+0000] {dag.py:2690} INFO - Sync 1 DAGs
[2023-02-16T23:02:21.972+0000] {logging_mixin.py:137} INFO - [2023-02-16T23:02:21.971+0000] {dag.py:3441} INFO - Setting next_dagrun for example_nested_branch_dag to 2023-02-15T00:00:00+00:00, run_after=2023-02-16T00:00:00+00:00
[2023-02-16T23:02:22.188+0000] {processor.py:175} INFO - Processing /home/airflow/.local/lib/python3.7/site-packages/airflow/example_dags/example_nested_branch_dag.py took 2.551 seconds
[2023-02-16T23:29:49.644+0000] {processor.py:153} INFO - Started process (PID=200) to work on /home/airflow/.local/lib/python3.7/site-packages/airflow/example_dags/example_nested_branch_dag.py
[2023-02-16T23:29:49.677+0000] {processor.py:743} INFO - Processing file /home/airflow/.local/lib/python3.7/site-packages/airflow/example_dags/example_nested_branch_dag.py for tasks to queue
[2023-02-16T23:29:49.688+0000] {logging_mixin.py:137} INFO - [2023-02-16T23:29:49.688+0000] {dagbag.py:538} INFO - Filling up the DagBag from /home/airflow/.local/lib/python3.7/site-packages/airflow/example_dags/example_nested_branch_dag.py
[2023-02-16T23:29:50.507+0000] {processor.py:753} INFO - DAG(s) dict_keys(['example_nested_branch_dag']) retrieved from /home/airflow/.local/lib/python3.7/site-packages/airflow/example_dags/example_nested_branch_dag.py
[2023-02-16T23:29:54.673+0000] {logging_mixin.py:137} INFO - [2023-02-16T23:29:54.671+0000] {manager.py:504} INFO - Created Permission View: can edit on DAG:example_nested_branch_dag
[2023-02-16T23:29:54.951+0000] {logging_mixin.py:137} INFO - [2023-02-16T23:29:54.951+0000] {manager.py:504} INFO - Created Permission View: can delete on DAG:example_nested_branch_dag
[2023-02-16T23:29:55.071+0000] {logging_mixin.py:137} INFO - [2023-02-16T23:29:55.044+0000] {manager.py:504} INFO - Created Permission View: can read on DAG:example_nested_branch_dag
[2023-02-16T23:29:55.080+0000] {logging_mixin.py:137} INFO - [2023-02-16T23:29:55.079+0000] {dag.py:2690} INFO - Sync 1 DAGs
[2023-02-16T23:29:55.353+0000] {logging_mixin.py:137} INFO - [2023-02-16T23:29:55.353+0000] {dag.py:2711} INFO - Creating ORM DAG for example_nested_branch_dag
[2023-02-16T23:29:55.956+0000] {logging_mixin.py:137} INFO - [2023-02-16T23:29:55.955+0000] {dag.py:3441} INFO - Setting next_dagrun for example_nested_branch_dag to 2023-02-15T00:00:00+00:00, run_after=2023-02-16T00:00:00+00:00
[2023-02-16T23:29:57.251+0000] {processor.py:175} INFO - Processing /home/airflow/.local/lib/python3.7/site-packages/airflow/example_dags/example_nested_branch_dag.py took 7.762 seconds
[2023-02-16T23:31:18.837+0000] {processor.py:153} INFO - Started process (PID=287) to work on /home/airflow/.local/lib/python3.7/site-packages/airflow/example_dags/example_nested_branch_dag.py
[2023-02-16T23:31:18.847+0000] {processor.py:743} INFO - Processing file /home/airflow/.local/lib/python3.7/site-packages/airflow/example_dags/example_nested_branch_dag.py for tasks to queue
[2023-02-16T23:31:18.854+0000] {logging_mixin.py:137} INFO - [2023-02-16T23:31:18.853+0000] {dagbag.py:538} INFO - Filling up the DagBag from /home/airflow/.local/lib/python3.7/site-packages/airflow/example_dags/example_nested_branch_dag.py
[2023-02-16T23:31:19.066+0000] {processor.py:753} INFO - DAG(s) dict_keys(['example_nested_branch_dag']) retrieved from /home/airflow/.local/lib/python3.7/site-packages/airflow/example_dags/example_nested_branch_dag.py
[2023-02-16T23:31:19.608+0000] {logging_mixin.py:137} INFO - [2023-02-16T23:31:19.592+0000] {dag.py:2690} INFO - Sync 1 DAGs
[2023-02-16T23:31:20.700+0000] {logging_mixin.py:137} INFO - [2023-02-16T23:31:20.699+0000] {dag.py:3441} INFO - Setting next_dagrun for example_nested_branch_dag to 2023-02-15T00:00:00+00:00, run_after=2023-02-16T00:00:00+00:00
[2023-02-16T23:31:21.372+0000] {processor.py:175} INFO - Processing /home/airflow/.local/lib/python3.7/site-packages/airflow/example_dags/example_nested_branch_dag.py took 2.541 seconds
[2023-02-16T23:34:02.857+0000] {processor.py:153} INFO - Started process (PID=409) to work on /home/airflow/.local/lib/python3.7/site-packages/airflow/example_dags/example_nested_branch_dag.py
[2023-02-16T23:34:02.864+0000] {processor.py:743} INFO - Processing file /home/airflow/.local/lib/python3.7/site-packages/airflow/example_dags/example_nested_branch_dag.py for tasks to queue
[2023-02-16T23:34:02.886+0000] {logging_mixin.py:137} INFO - [2023-02-16T23:34:02.886+0000] {dagbag.py:538} INFO - Filling up the DagBag from /home/airflow/.local/lib/python3.7/site-packages/airflow/example_dags/example_nested_branch_dag.py
[2023-02-16T23:34:03.663+0000] {processor.py:753} INFO - DAG(s) dict_keys(['example_nested_branch_dag']) retrieved from /home/airflow/.local/lib/python3.7/site-packages/airflow/example_dags/example_nested_branch_dag.py
[2023-02-16T23:34:04.552+0000] {logging_mixin.py:137} INFO - [2023-02-16T23:34:04.552+0000] {dag.py:2690} INFO - Sync 1 DAGs
[2023-02-16T23:34:05.377+0000] {logging_mixin.py:137} INFO - [2023-02-16T23:34:05.376+0000] {dag.py:3441} INFO - Setting next_dagrun for example_nested_branch_dag to 2023-02-15T00:00:00+00:00, run_after=2023-02-16T00:00:00+00:00
[2023-02-16T23:34:05.885+0000] {processor.py:175} INFO - Processing /home/airflow/.local/lib/python3.7/site-packages/airflow/example_dags/example_nested_branch_dag.py took 3.089 seconds
[2023-02-16T23:34:58.159+0000] {processor.py:153} INFO - Started process (PID=483) to work on /home/airflow/.local/lib/python3.7/site-packages/airflow/example_dags/example_nested_branch_dag.py
[2023-02-16T23:34:58.177+0000] {processor.py:743} INFO - Processing file /home/airflow/.local/lib/python3.7/site-packages/airflow/example_dags/example_nested_branch_dag.py for tasks to queue
[2023-02-16T23:34:58.183+0000] {logging_mixin.py:137} INFO - [2023-02-16T23:34:58.182+0000] {dagbag.py:538} INFO - Filling up the DagBag from /home/airflow/.local/lib/python3.7/site-packages/airflow/example_dags/example_nested_branch_dag.py
[2023-02-16T23:34:58.394+0000] {processor.py:753} INFO - DAG(s) dict_keys(['example_nested_branch_dag']) retrieved from /home/airflow/.local/lib/python3.7/site-packages/airflow/example_dags/example_nested_branch_dag.py
[2023-02-16T23:34:58.906+0000] {logging_mixin.py:137} INFO - [2023-02-16T23:34:58.905+0000] {dag.py:2690} INFO - Sync 1 DAGs
[2023-02-16T23:34:59.253+0000] {logging_mixin.py:137} INFO - [2023-02-16T23:34:59.253+0000] {dag.py:3441} INFO - Setting next_dagrun for example_nested_branch_dag to 2023-02-15T00:00:00+00:00, run_after=2023-02-16T00:00:00+00:00
[2023-02-16T23:34:59.425+0000] {processor.py:175} INFO - Processing /home/airflow/.local/lib/python3.7/site-packages/airflow/example_dags/example_nested_branch_dag.py took 1.288 seconds
[2023-02-16T23:35:56.962+0000] {processor.py:153} INFO - Started process (PID=555) to work on /home/airflow/.local/lib/python3.7/site-packages/airflow/example_dags/example_nested_branch_dag.py
[2023-02-16T23:35:56.975+0000] {processor.py:743} INFO - Processing file /home/airflow/.local/lib/python3.7/site-packages/airflow/example_dags/example_nested_branch_dag.py for tasks to queue
[2023-02-16T23:35:56.986+0000] {logging_mixin.py:137} INFO - [2023-02-16T23:35:56.986+0000] {dagbag.py:538} INFO - Filling up the DagBag from /home/airflow/.local/lib/python3.7/site-packages/airflow/example_dags/example_nested_branch_dag.py
[2023-02-16T23:35:57.407+0000] {processor.py:753} INFO - DAG(s) dict_keys(['example_nested_branch_dag']) retrieved from /home/airflow/.local/lib/python3.7/site-packages/airflow/example_dags/example_nested_branch_dag.py
[2023-02-16T23:35:57.832+0000] {logging_mixin.py:137} INFO - [2023-02-16T23:35:57.832+0000] {dag.py:2690} INFO - Sync 1 DAGs
[2023-02-16T23:36:01.501+0000] {logging_mixin.py:137} INFO - [2023-02-16T23:36:01.501+0000] {dag.py:3441} INFO - Setting next_dagrun for example_nested_branch_dag to 2023-02-15T00:00:00+00:00, run_after=2023-02-16T00:00:00+00:00
[2023-02-16T23:36:03.739+0000] {processor.py:175} INFO - Processing /home/airflow/.local/lib/python3.7/site-packages/airflow/example_dags/example_nested_branch_dag.py took 6.846 seconds
[2023-02-16T23:36:47.081+0000] {processor.py:153} INFO - Started process (PID=616) to work on /home/airflow/.local/lib/python3.7/site-packages/airflow/example_dags/example_nested_branch_dag.py
[2023-02-16T23:36:47.091+0000] {processor.py:743} INFO - Processing file /home/airflow/.local/lib/python3.7/site-packages/airflow/example_dags/example_nested_branch_dag.py for tasks to queue
[2023-02-16T23:36:47.107+0000] {logging_mixin.py:137} INFO - [2023-02-16T23:36:47.100+0000] {dagbag.py:538} INFO - Filling up the DagBag from /home/airflow/.local/lib/python3.7/site-packages/airflow/example_dags/example_nested_branch_dag.py
[2023-02-16T23:36:47.372+0000] {processor.py:753} INFO - DAG(s) dict_keys(['example_nested_branch_dag']) retrieved from /home/airflow/.local/lib/python3.7/site-packages/airflow/example_dags/example_nested_branch_dag.py
[2023-02-16T23:36:47.658+0000] {logging_mixin.py:137} INFO - [2023-02-16T23:36:47.658+0000] {dag.py:2690} INFO - Sync 1 DAGs
[2023-02-16T23:36:48.144+0000] {logging_mixin.py:137} INFO - [2023-02-16T23:36:48.144+0000] {dag.py:3441} INFO - Setting next_dagrun for example_nested_branch_dag to 2023-02-15T00:00:00+00:00, run_after=2023-02-16T00:00:00+00:00
[2023-02-16T23:36:48.581+0000] {processor.py:175} INFO - Processing /home/airflow/.local/lib/python3.7/site-packages/airflow/example_dags/example_nested_branch_dag.py took 1.523 seconds
[2023-02-16T23:38:39.844+0000] {processor.py:153} INFO - Started process (PID=738) to work on /home/airflow/.local/lib/python3.7/site-packages/airflow/example_dags/example_nested_branch_dag.py
[2023-02-16T23:38:39.863+0000] {processor.py:743} INFO - Processing file /home/airflow/.local/lib/python3.7/site-packages/airflow/example_dags/example_nested_branch_dag.py for tasks to queue
[2023-02-16T23:38:39.888+0000] {logging_mixin.py:137} INFO - [2023-02-16T23:38:39.882+0000] {dagbag.py:538} INFO - Filling up the DagBag from /home/airflow/.local/lib/python3.7/site-packages/airflow/example_dags/example_nested_branch_dag.py
[2023-02-16T23:38:40.260+0000] {processor.py:753} INFO - DAG(s) dict_keys(['example_nested_branch_dag']) retrieved from /home/airflow/.local/lib/python3.7/site-packages/airflow/example_dags/example_nested_branch_dag.py
[2023-02-16T23:38:40.801+0000] {logging_mixin.py:137} INFO - [2023-02-16T23:38:40.801+0000] {dag.py:2690} INFO - Sync 1 DAGs
[2023-02-16T23:38:41.165+0000] {logging_mixin.py:137} INFO - [2023-02-16T23:38:41.165+0000] {dag.py:3441} INFO - Setting next_dagrun for example_nested_branch_dag to 2023-02-15T00:00:00+00:00, run_after=2023-02-16T00:00:00+00:00
[2023-02-16T23:38:41.341+0000] {processor.py:175} INFO - Processing /home/airflow/.local/lib/python3.7/site-packages/airflow/example_dags/example_nested_branch_dag.py took 1.527 seconds
[2023-02-16T23:39:27.160+0000] {processor.py:153} INFO - Started process (PID=801) to work on /home/airflow/.local/lib/python3.7/site-packages/airflow/example_dags/example_nested_branch_dag.py
[2023-02-16T23:39:27.347+0000] {processor.py:743} INFO - Processing file /home/airflow/.local/lib/python3.7/site-packages/airflow/example_dags/example_nested_branch_dag.py for tasks to queue
[2023-02-16T23:39:27.428+0000] {logging_mixin.py:137} INFO - [2023-02-16T23:39:27.427+0000] {dagbag.py:538} INFO - Filling up the DagBag from /home/airflow/.local/lib/python3.7/site-packages/airflow/example_dags/example_nested_branch_dag.py
[2023-02-16T23:39:28.287+0000] {processor.py:753} INFO - DAG(s) dict_keys(['example_nested_branch_dag']) retrieved from /home/airflow/.local/lib/python3.7/site-packages/airflow/example_dags/example_nested_branch_dag.py
[2023-02-16T23:39:29.274+0000] {logging_mixin.py:137} INFO - [2023-02-16T23:39:29.274+0000] {dag.py:2690} INFO - Sync 1 DAGs
[2023-02-16T23:39:29.869+0000] {logging_mixin.py:137} INFO - [2023-02-16T23:39:29.868+0000] {dag.py:3441} INFO - Setting next_dagrun for example_nested_branch_dag to 2023-02-15T00:00:00+00:00, run_after=2023-02-16T00:00:00+00:00
[2023-02-16T23:39:30.231+0000] {processor.py:175} INFO - Processing /home/airflow/.local/lib/python3.7/site-packages/airflow/example_dags/example_nested_branch_dag.py took 3.197 seconds
[2023-02-16T23:41:02.652+0000] {processor.py:153} INFO - Started process (PID=905) to work on /home/airflow/.local/lib/python3.7/site-packages/airflow/example_dags/example_nested_branch_dag.py
[2023-02-16T23:41:02.669+0000] {processor.py:743} INFO - Processing file /home/airflow/.local/lib/python3.7/site-packages/airflow/example_dags/example_nested_branch_dag.py for tasks to queue
[2023-02-16T23:41:02.688+0000] {logging_mixin.py:137} INFO - [2023-02-16T23:41:02.688+0000] {dagbag.py:538} INFO - Filling up the DagBag from /home/airflow/.local/lib/python3.7/site-packages/airflow/example_dags/example_nested_branch_dag.py
[2023-02-16T23:41:03.076+0000] {processor.py:753} INFO - DAG(s) dict_keys(['example_nested_branch_dag']) retrieved from /home/airflow/.local/lib/python3.7/site-packages/airflow/example_dags/example_nested_branch_dag.py
[2023-02-16T23:41:03.503+0000] {logging_mixin.py:137} INFO - [2023-02-16T23:41:03.502+0000] {dag.py:2690} INFO - Sync 1 DAGs
[2023-02-16T23:41:03.729+0000] {logging_mixin.py:137} INFO - [2023-02-16T23:41:03.724+0000] {dag.py:3441} INFO - Setting next_dagrun for example_nested_branch_dag to 2023-02-15T00:00:00+00:00, run_after=2023-02-16T00:00:00+00:00
[2023-02-16T23:41:03.916+0000] {processor.py:175} INFO - Processing /home/airflow/.local/lib/python3.7/site-packages/airflow/example_dags/example_nested_branch_dag.py took 1.298 seconds
[2023-02-16T23:42:33.064+0000] {processor.py:153} INFO - Started process (PID=1003) to work on /home/airflow/.local/lib/python3.7/site-packages/airflow/example_dags/example_nested_branch_dag.py
[2023-02-16T23:42:33.082+0000] {processor.py:743} INFO - Processing file /home/airflow/.local/lib/python3.7/site-packages/airflow/example_dags/example_nested_branch_dag.py for tasks to queue
[2023-02-16T23:42:33.096+0000] {logging_mixin.py:137} INFO - [2023-02-16T23:42:33.093+0000] {dagbag.py:538} INFO - Filling up the DagBag from /home/airflow/.local/lib/python3.7/site-packages/airflow/example_dags/example_nested_branch_dag.py
[2023-02-16T23:42:33.413+0000] {processor.py:753} INFO - DAG(s) dict_keys(['example_nested_branch_dag']) retrieved from /home/airflow/.local/lib/python3.7/site-packages/airflow/example_dags/example_nested_branch_dag.py
[2023-02-16T23:42:33.679+0000] {logging_mixin.py:137} INFO - [2023-02-16T23:42:33.678+0000] {dag.py:2690} INFO - Sync 1 DAGs
[2023-02-16T23:42:34.368+0000] {logging_mixin.py:137} INFO - [2023-02-16T23:42:34.368+0000] {dag.py:3441} INFO - Setting next_dagrun for example_nested_branch_dag to 2023-02-15T00:00:00+00:00, run_after=2023-02-16T00:00:00+00:00
[2023-02-16T23:42:34.750+0000] {processor.py:175} INFO - Processing /home/airflow/.local/lib/python3.7/site-packages/airflow/example_dags/example_nested_branch_dag.py took 1.714 seconds
[2023-02-16T23:43:40.060+0000] {processor.py:153} INFO - Started process (PID=1090) to work on /home/airflow/.local/lib/python3.7/site-packages/airflow/example_dags/example_nested_branch_dag.py
[2023-02-16T23:43:40.074+0000] {processor.py:743} INFO - Processing file /home/airflow/.local/lib/python3.7/site-packages/airflow/example_dags/example_nested_branch_dag.py for tasks to queue
[2023-02-16T23:43:40.101+0000] {logging_mixin.py:137} INFO - [2023-02-16T23:43:40.096+0000] {dagbag.py:538} INFO - Filling up the DagBag from /home/airflow/.local/lib/python3.7/site-packages/airflow/example_dags/example_nested_branch_dag.py
[2023-02-16T23:43:41.224+0000] {processor.py:753} INFO - DAG(s) dict_keys(['example_nested_branch_dag']) retrieved from /home/airflow/.local/lib/python3.7/site-packages/airflow/example_dags/example_nested_branch_dag.py
[2023-02-16T23:43:41.704+0000] {logging_mixin.py:137} INFO - [2023-02-16T23:43:41.703+0000] {dag.py:2690} INFO - Sync 1 DAGs
[2023-02-16T23:43:42.020+0000] {logging_mixin.py:137} INFO - [2023-02-16T23:43:42.020+0000] {dag.py:3441} INFO - Setting next_dagrun for example_nested_branch_dag to 2023-02-15T00:00:00+00:00, run_after=2023-02-16T00:00:00+00:00
[2023-02-16T23:43:42.260+0000] {processor.py:175} INFO - Processing /home/airflow/.local/lib/python3.7/site-packages/airflow/example_dags/example_nested_branch_dag.py took 2.264 seconds
[2023-02-16T23:44:32.545+0000] {processor.py:153} INFO - Started process (PID=1154) to work on /home/airflow/.local/lib/python3.7/site-packages/airflow/example_dags/example_nested_branch_dag.py
[2023-02-16T23:44:32.550+0000] {processor.py:743} INFO - Processing file /home/airflow/.local/lib/python3.7/site-packages/airflow/example_dags/example_nested_branch_dag.py for tasks to queue
[2023-02-16T23:44:32.563+0000] {logging_mixin.py:137} INFO - [2023-02-16T23:44:32.562+0000] {dagbag.py:538} INFO - Filling up the DagBag from /home/airflow/.local/lib/python3.7/site-packages/airflow/example_dags/example_nested_branch_dag.py
[2023-02-16T23:44:32.902+0000] {processor.py:753} INFO - DAG(s) dict_keys(['example_nested_branch_dag']) retrieved from /home/airflow/.local/lib/python3.7/site-packages/airflow/example_dags/example_nested_branch_dag.py
[2023-02-16T23:44:32.993+0000] {logging_mixin.py:137} INFO - [2023-02-16T23:44:32.993+0000] {dag.py:2690} INFO - Sync 1 DAGs
[2023-02-16T23:44:33.166+0000] {logging_mixin.py:137} INFO - [2023-02-16T23:44:33.166+0000] {dag.py:3441} INFO - Setting next_dagrun for example_nested_branch_dag to 2023-02-15T00:00:00+00:00, run_after=2023-02-16T00:00:00+00:00
[2023-02-16T23:44:33.286+0000] {processor.py:175} INFO - Processing /home/airflow/.local/lib/python3.7/site-packages/airflow/example_dags/example_nested_branch_dag.py took 0.773 seconds
[2023-02-16T23:45:34.437+0000] {processor.py:153} INFO - Started process (PID=1221) to work on /home/airflow/.local/lib/python3.7/site-packages/airflow/example_dags/example_nested_branch_dag.py
[2023-02-16T23:45:34.448+0000] {processor.py:743} INFO - Processing file /home/airflow/.local/lib/python3.7/site-packages/airflow/example_dags/example_nested_branch_dag.py for tasks to queue
[2023-02-16T23:45:34.456+0000] {logging_mixin.py:137} INFO - [2023-02-16T23:45:34.456+0000] {dagbag.py:538} INFO - Filling up the DagBag from /home/airflow/.local/lib/python3.7/site-packages/airflow/example_dags/example_nested_branch_dag.py
[2023-02-16T23:45:34.946+0000] {processor.py:753} INFO - DAG(s) dict_keys(['example_nested_branch_dag']) retrieved from /home/airflow/.local/lib/python3.7/site-packages/airflow/example_dags/example_nested_branch_dag.py
[2023-02-16T23:45:35.363+0000] {logging_mixin.py:137} INFO - [2023-02-16T23:45:35.362+0000] {dag.py:2690} INFO - Sync 1 DAGs
[2023-02-16T23:45:36.336+0000] {logging_mixin.py:137} INFO - [2023-02-16T23:45:36.336+0000] {dag.py:3441} INFO - Setting next_dagrun for example_nested_branch_dag to 2023-02-15T00:00:00+00:00, run_after=2023-02-16T00:00:00+00:00
[2023-02-16T23:45:36.657+0000] {processor.py:175} INFO - Processing /home/airflow/.local/lib/python3.7/site-packages/airflow/example_dags/example_nested_branch_dag.py took 2.352 seconds
[2023-02-16T23:47:12.866+0000] {processor.py:153} INFO - Started process (PID=1312) to work on /home/airflow/.local/lib/python3.7/site-packages/airflow/example_dags/example_nested_branch_dag.py
[2023-02-16T23:47:12.897+0000] {processor.py:743} INFO - Processing file /home/airflow/.local/lib/python3.7/site-packages/airflow/example_dags/example_nested_branch_dag.py for tasks to queue
[2023-02-16T23:47:12.931+0000] {logging_mixin.py:137} INFO - [2023-02-16T23:47:12.912+0000] {dagbag.py:538} INFO - Filling up the DagBag from /home/airflow/.local/lib/python3.7/site-packages/airflow/example_dags/example_nested_branch_dag.py
[2023-02-16T23:47:13.269+0000] {processor.py:753} INFO - DAG(s) dict_keys(['example_nested_branch_dag']) retrieved from /home/airflow/.local/lib/python3.7/site-packages/airflow/example_dags/example_nested_branch_dag.py
[2023-02-16T23:47:13.644+0000] {logging_mixin.py:137} INFO - [2023-02-16T23:47:13.643+0000] {dag.py:2690} INFO - Sync 1 DAGs
[2023-02-16T23:47:13.938+0000] {logging_mixin.py:137} INFO - [2023-02-16T23:47:13.937+0000] {dag.py:3441} INFO - Setting next_dagrun for example_nested_branch_dag to 2023-02-15T00:00:00+00:00, run_after=2023-02-16T00:00:00+00:00
[2023-02-16T23:47:14.181+0000] {processor.py:175} INFO - Processing /home/airflow/.local/lib/python3.7/site-packages/airflow/example_dags/example_nested_branch_dag.py took 1.366 seconds
[2023-02-16T23:50:31.978+0000] {processor.py:153} INFO - Started process (PID=1468) to work on /home/airflow/.local/lib/python3.7/site-packages/airflow/example_dags/example_nested_branch_dag.py
[2023-02-16T23:50:32.012+0000] {processor.py:743} INFO - Processing file /home/airflow/.local/lib/python3.7/site-packages/airflow/example_dags/example_nested_branch_dag.py for tasks to queue
[2023-02-16T23:50:32.153+0000] {logging_mixin.py:137} INFO - [2023-02-16T23:50:32.152+0000] {dagbag.py:538} INFO - Filling up the DagBag from /home/airflow/.local/lib/python3.7/site-packages/airflow/example_dags/example_nested_branch_dag.py
[2023-02-16T23:50:34.007+0000] {processor.py:753} INFO - DAG(s) dict_keys(['example_nested_branch_dag']) retrieved from /home/airflow/.local/lib/python3.7/site-packages/airflow/example_dags/example_nested_branch_dag.py
[2023-02-16T23:50:36.066+0000] {logging_mixin.py:137} INFO - [2023-02-16T23:50:36.065+0000] {dag.py:2690} INFO - Sync 1 DAGs
[2023-02-16T23:50:39.906+0000] {logging_mixin.py:137} INFO - [2023-02-16T23:50:39.861+0000] {dag.py:3441} INFO - Setting next_dagrun for example_nested_branch_dag to 2023-02-15T00:00:00+00:00, run_after=2023-02-16T00:00:00+00:00
[2023-02-16T23:50:41.194+0000] {processor.py:175} INFO - Processing /home/airflow/.local/lib/python3.7/site-packages/airflow/example_dags/example_nested_branch_dag.py took 9.615 seconds
[2023-02-16T23:53:34.484+0000] {processor.py:153} INFO - Started process (PID=1607) to work on /home/airflow/.local/lib/python3.7/site-packages/airflow/example_dags/example_nested_branch_dag.py
[2023-02-16T23:53:34.490+0000] {processor.py:743} INFO - Processing file /home/airflow/.local/lib/python3.7/site-packages/airflow/example_dags/example_nested_branch_dag.py for tasks to queue
[2023-02-16T23:53:34.504+0000] {logging_mixin.py:137} INFO - [2023-02-16T23:53:34.504+0000] {dagbag.py:538} INFO - Filling up the DagBag from /home/airflow/.local/lib/python3.7/site-packages/airflow/example_dags/example_nested_branch_dag.py
[2023-02-16T23:53:34.919+0000] {processor.py:753} INFO - DAG(s) dict_keys(['example_nested_branch_dag']) retrieved from /home/airflow/.local/lib/python3.7/site-packages/airflow/example_dags/example_nested_branch_dag.py
[2023-02-16T23:53:35.367+0000] {logging_mixin.py:137} INFO - [2023-02-16T23:53:35.367+0000] {dag.py:2690} INFO - Sync 1 DAGs
[2023-02-16T23:53:37.273+0000] {logging_mixin.py:137} INFO - [2023-02-16T23:53:37.273+0000] {dag.py:3441} INFO - Setting next_dagrun for example_nested_branch_dag to 2023-02-15T00:00:00+00:00, run_after=2023-02-16T00:00:00+00:00
[2023-02-16T23:53:39.771+0000] {processor.py:175} INFO - Processing /home/airflow/.local/lib/python3.7/site-packages/airflow/example_dags/example_nested_branch_dag.py took 5.364 seconds
[2023-02-16T23:55:41.057+0000] {processor.py:153} INFO - Started process (PID=1713) to work on /home/airflow/.local/lib/python3.7/site-packages/airflow/example_dags/example_nested_branch_dag.py
[2023-02-16T23:55:41.075+0000] {processor.py:743} INFO - Processing file /home/airflow/.local/lib/python3.7/site-packages/airflow/example_dags/example_nested_branch_dag.py for tasks to queue
[2023-02-16T23:55:41.094+0000] {logging_mixin.py:137} INFO - [2023-02-16T23:55:41.094+0000] {dagbag.py:538} INFO - Filling up the DagBag from /home/airflow/.local/lib/python3.7/site-packages/airflow/example_dags/example_nested_branch_dag.py
[2023-02-16T23:55:41.544+0000] {processor.py:753} INFO - DAG(s) dict_keys(['example_nested_branch_dag']) retrieved from /home/airflow/.local/lib/python3.7/site-packages/airflow/example_dags/example_nested_branch_dag.py
[2023-02-16T23:55:42.086+0000] {logging_mixin.py:137} INFO - [2023-02-16T23:55:42.086+0000] {dag.py:2690} INFO - Sync 1 DAGs
[2023-02-16T23:55:42.921+0000] {logging_mixin.py:137} INFO - [2023-02-16T23:55:42.920+0000] {dag.py:3441} INFO - Setting next_dagrun for example_nested_branch_dag to 2023-02-15T00:00:00+00:00, run_after=2023-02-16T00:00:00+00:00
[2023-02-16T23:55:43.402+0000] {processor.py:175} INFO - Processing /home/airflow/.local/lib/python3.7/site-packages/airflow/example_dags/example_nested_branch_dag.py took 2.388 seconds
[2023-02-16T23:56:22.697+0000] {processor.py:153} INFO - Started process (PID=1776) to work on /home/airflow/.local/lib/python3.7/site-packages/airflow/example_dags/example_nested_branch_dag.py
[2023-02-16T23:56:22.707+0000] {processor.py:743} INFO - Processing file /home/airflow/.local/lib/python3.7/site-packages/airflow/example_dags/example_nested_branch_dag.py for tasks to queue
[2023-02-16T23:56:22.724+0000] {logging_mixin.py:137} INFO - [2023-02-16T23:56:22.716+0000] {dagbag.py:538} INFO - Filling up the DagBag from /home/airflow/.local/lib/python3.7/site-packages/airflow/example_dags/example_nested_branch_dag.py
[2023-02-16T23:56:22.993+0000] {processor.py:753} INFO - DAG(s) dict_keys(['example_nested_branch_dag']) retrieved from /home/airflow/.local/lib/python3.7/site-packages/airflow/example_dags/example_nested_branch_dag.py
[2023-02-16T23:56:23.196+0000] {logging_mixin.py:137} INFO - [2023-02-16T23:56:23.196+0000] {dag.py:2690} INFO - Sync 1 DAGs
[2023-02-16T23:56:23.411+0000] {logging_mixin.py:137} INFO - [2023-02-16T23:56:23.411+0000] {dag.py:3441} INFO - Setting next_dagrun for example_nested_branch_dag to 2023-02-15T00:00:00+00:00, run_after=2023-02-16T00:00:00+00:00
[2023-02-16T23:56:23.594+0000] {processor.py:175} INFO - Processing /home/airflow/.local/lib/python3.7/site-packages/airflow/example_dags/example_nested_branch_dag.py took 0.945 seconds
[2023-02-16T23:57:14.660+0000] {processor.py:153} INFO - Started process (PID=1857) to work on /home/airflow/.local/lib/python3.7/site-packages/airflow/example_dags/example_nested_branch_dag.py
[2023-02-16T23:57:14.675+0000] {processor.py:743} INFO - Processing file /home/airflow/.local/lib/python3.7/site-packages/airflow/example_dags/example_nested_branch_dag.py for tasks to queue
[2023-02-16T23:57:14.695+0000] {logging_mixin.py:137} INFO - [2023-02-16T23:57:14.695+0000] {dagbag.py:538} INFO - Filling up the DagBag from /home/airflow/.local/lib/python3.7/site-packages/airflow/example_dags/example_nested_branch_dag.py
[2023-02-16T23:57:15.244+0000] {processor.py:753} INFO - DAG(s) dict_keys(['example_nested_branch_dag']) retrieved from /home/airflow/.local/lib/python3.7/site-packages/airflow/example_dags/example_nested_branch_dag.py
[2023-02-16T23:57:15.429+0000] {logging_mixin.py:137} INFO - [2023-02-16T23:57:15.429+0000] {dag.py:2690} INFO - Sync 1 DAGs
[2023-02-16T23:57:15.646+0000] {logging_mixin.py:137} INFO - [2023-02-16T23:57:15.645+0000] {dag.py:3441} INFO - Setting next_dagrun for example_nested_branch_dag to 2023-02-15T00:00:00+00:00, run_after=2023-02-16T00:00:00+00:00
[2023-02-16T23:57:16.047+0000] {processor.py:175} INFO - Processing /home/airflow/.local/lib/python3.7/site-packages/airflow/example_dags/example_nested_branch_dag.py took 1.425 seconds
[2023-02-16T23:57:49.407+0000] {processor.py:153} INFO - Started process (PID=1921) to work on /home/airflow/.local/lib/python3.7/site-packages/airflow/example_dags/example_nested_branch_dag.py
[2023-02-16T23:57:49.440+0000] {processor.py:743} INFO - Processing file /home/airflow/.local/lib/python3.7/site-packages/airflow/example_dags/example_nested_branch_dag.py for tasks to queue
[2023-02-16T23:57:49.450+0000] {logging_mixin.py:137} INFO - [2023-02-16T23:57:49.450+0000] {dagbag.py:538} INFO - Filling up the DagBag from /home/airflow/.local/lib/python3.7/site-packages/airflow/example_dags/example_nested_branch_dag.py
[2023-02-16T23:57:49.974+0000] {processor.py:753} INFO - DAG(s) dict_keys(['example_nested_branch_dag']) retrieved from /home/airflow/.local/lib/python3.7/site-packages/airflow/example_dags/example_nested_branch_dag.py
[2023-02-16T23:57:50.469+0000] {logging_mixin.py:137} INFO - [2023-02-16T23:57:50.469+0000] {dag.py:2690} INFO - Sync 1 DAGs
[2023-02-16T23:57:50.901+0000] {logging_mixin.py:137} INFO - [2023-02-16T23:57:50.901+0000] {dag.py:3441} INFO - Setting next_dagrun for example_nested_branch_dag to 2023-02-15T00:00:00+00:00, run_after=2023-02-16T00:00:00+00:00
[2023-02-16T23:57:51.302+0000] {processor.py:175} INFO - Processing /home/airflow/.local/lib/python3.7/site-packages/airflow/example_dags/example_nested_branch_dag.py took 1.901 seconds
[2023-02-16T23:58:24.058+0000] {processor.py:153} INFO - Started process (PID=1978) to work on /home/airflow/.local/lib/python3.7/site-packages/airflow/example_dags/example_nested_branch_dag.py
[2023-02-16T23:58:24.103+0000] {processor.py:743} INFO - Processing file /home/airflow/.local/lib/python3.7/site-packages/airflow/example_dags/example_nested_branch_dag.py for tasks to queue
[2023-02-16T23:58:24.132+0000] {logging_mixin.py:137} INFO - [2023-02-16T23:58:24.131+0000] {dagbag.py:538} INFO - Filling up the DagBag from /home/airflow/.local/lib/python3.7/site-packages/airflow/example_dags/example_nested_branch_dag.py
[2023-02-16T23:58:24.243+0000] {processor.py:753} INFO - DAG(s) dict_keys(['example_nested_branch_dag']) retrieved from /home/airflow/.local/lib/python3.7/site-packages/airflow/example_dags/example_nested_branch_dag.py
[2023-02-16T23:58:24.350+0000] {logging_mixin.py:137} INFO - [2023-02-16T23:58:24.350+0000] {dag.py:2690} INFO - Sync 1 DAGs
[2023-02-16T23:58:24.423+0000] {logging_mixin.py:137} INFO - [2023-02-16T23:58:24.423+0000] {dag.py:3441} INFO - Setting next_dagrun for example_nested_branch_dag to 2023-02-15T00:00:00+00:00, run_after=2023-02-16T00:00:00+00:00
[2023-02-16T23:58:24.481+0000] {processor.py:175} INFO - Processing /home/airflow/.local/lib/python3.7/site-packages/airflow/example_dags/example_nested_branch_dag.py took 0.442 seconds
[2023-02-16T23:59:12.188+0000] {processor.py:153} INFO - Started process (PID=2054) to work on /home/airflow/.local/lib/python3.7/site-packages/airflow/example_dags/example_nested_branch_dag.py
[2023-02-16T23:59:12.217+0000] {processor.py:743} INFO - Processing file /home/airflow/.local/lib/python3.7/site-packages/airflow/example_dags/example_nested_branch_dag.py for tasks to queue
[2023-02-16T23:59:12.244+0000] {logging_mixin.py:137} INFO - [2023-02-16T23:59:12.243+0000] {dagbag.py:538} INFO - Filling up the DagBag from /home/airflow/.local/lib/python3.7/site-packages/airflow/example_dags/example_nested_branch_dag.py
[2023-02-16T23:59:12.596+0000] {processor.py:753} INFO - DAG(s) dict_keys(['example_nested_branch_dag']) retrieved from /home/airflow/.local/lib/python3.7/site-packages/airflow/example_dags/example_nested_branch_dag.py
[2023-02-16T23:59:13.124+0000] {logging_mixin.py:137} INFO - [2023-02-16T23:59:13.122+0000] {dag.py:2690} INFO - Sync 1 DAGs
[2023-02-16T23:59:13.528+0000] {logging_mixin.py:137} INFO - [2023-02-16T23:59:13.527+0000] {dag.py:3441} INFO - Setting next_dagrun for example_nested_branch_dag to 2023-02-15T00:00:00+00:00, run_after=2023-02-16T00:00:00+00:00
[2023-02-16T23:59:13.773+0000] {processor.py:175} INFO - Processing /home/airflow/.local/lib/python3.7/site-packages/airflow/example_dags/example_nested_branch_dag.py took 1.691 seconds
