[2023-02-16T22:56:37.108+0000] {processor.py:153} INFO - Started process (PID=175) to work on /home/airflow/.local/lib/python3.7/site-packages/airflow/example_dags/example_branch_operator.py
[2023-02-16T22:56:37.143+0000] {processor.py:743} INFO - Processing file /home/airflow/.local/lib/python3.7/site-packages/airflow/example_dags/example_branch_operator.py for tasks to queue
[2023-02-16T22:56:37.330+0000] {logging_mixin.py:137} INFO - [2023-02-16T22:56:37.323+0000] {dagbag.py:538} INFO - Filling up the DagBag from /home/airflow/.local/lib/python3.7/site-packages/airflow/example_dags/example_branch_operator.py
[2023-02-16T22:56:39.228+0000] {processor.py:753} INFO - DAG(s) dict_keys(['example_branch_operator']) retrieved from /home/airflow/.local/lib/python3.7/site-packages/airflow/example_dags/example_branch_operator.py
[2023-02-16T22:56:41.992+0000] {logging_mixin.py:137} INFO - [2023-02-16T22:56:41.992+0000] {dag.py:2690} INFO - Sync 1 DAGs
[2023-02-16T22:56:47.315+0000] {logging_mixin.py:137} INFO - [2023-02-16T22:56:47.314+0000] {dag.py:3441} INFO - Setting next_dagrun for example_branch_operator to 2023-02-15T00:00:00+00:00, run_after=2023-02-16T00:00:00+00:00
[2023-02-16T22:56:48.026+0000] {processor.py:175} INFO - Processing /home/airflow/.local/lib/python3.7/site-packages/airflow/example_dags/example_branch_operator.py took 11.310 seconds
[2023-02-16T22:59:01.964+0000] {processor.py:153} INFO - Started process (PID=280) to work on /home/airflow/.local/lib/python3.7/site-packages/airflow/example_dags/example_branch_operator.py
[2023-02-16T22:59:01.982+0000] {processor.py:743} INFO - Processing file /home/airflow/.local/lib/python3.7/site-packages/airflow/example_dags/example_branch_operator.py for tasks to queue
[2023-02-16T22:59:02.006+0000] {logging_mixin.py:137} INFO - [2023-02-16T22:59:02.006+0000] {dagbag.py:538} INFO - Filling up the DagBag from /home/airflow/.local/lib/python3.7/site-packages/airflow/example_dags/example_branch_operator.py
[2023-02-16T22:59:02.193+0000] {processor.py:753} INFO - DAG(s) dict_keys(['example_branch_operator']) retrieved from /home/airflow/.local/lib/python3.7/site-packages/airflow/example_dags/example_branch_operator.py
[2023-02-16T22:59:02.329+0000] {logging_mixin.py:137} INFO - [2023-02-16T22:59:02.329+0000] {dag.py:2690} INFO - Sync 1 DAGs
[2023-02-16T22:59:02.454+0000] {logging_mixin.py:137} INFO - [2023-02-16T22:59:02.454+0000] {dag.py:3441} INFO - Setting next_dagrun for example_branch_operator to 2023-02-15T00:00:00+00:00, run_after=2023-02-16T00:00:00+00:00
[2023-02-16T22:59:02.504+0000] {processor.py:175} INFO - Processing /home/airflow/.local/lib/python3.7/site-packages/airflow/example_dags/example_branch_operator.py took 0.558 seconds
[2023-02-16T23:02:09.467+0000] {processor.py:153} INFO - Started process (PID=428) to work on /home/airflow/.local/lib/python3.7/site-packages/airflow/example_dags/example_branch_operator.py
[2023-02-16T23:02:09.476+0000] {processor.py:743} INFO - Processing file /home/airflow/.local/lib/python3.7/site-packages/airflow/example_dags/example_branch_operator.py for tasks to queue
[2023-02-16T23:02:09.492+0000] {logging_mixin.py:137} INFO - [2023-02-16T23:02:09.491+0000] {dagbag.py:538} INFO - Filling up the DagBag from /home/airflow/.local/lib/python3.7/site-packages/airflow/example_dags/example_branch_operator.py
[2023-02-16T23:02:09.632+0000] {processor.py:753} INFO - DAG(s) dict_keys(['example_branch_operator']) retrieved from /home/airflow/.local/lib/python3.7/site-packages/airflow/example_dags/example_branch_operator.py
[2023-02-16T23:02:09.800+0000] {logging_mixin.py:137} INFO - [2023-02-16T23:02:09.800+0000] {dag.py:2690} INFO - Sync 1 DAGs
[2023-02-16T23:02:10.332+0000] {logging_mixin.py:137} INFO - [2023-02-16T23:02:10.332+0000] {dag.py:3441} INFO - Setting next_dagrun for example_branch_operator to 2023-02-15T00:00:00+00:00, run_after=2023-02-16T00:00:00+00:00
[2023-02-16T23:02:11.057+0000] {processor.py:175} INFO - Processing /home/airflow/.local/lib/python3.7/site-packages/airflow/example_dags/example_branch_operator.py took 1.603 seconds
