[2023-02-16T22:54:14.762+0000] {processor.py:153} INFO - Started process (PID=87) to work on /home/airflow/.local/lib/python3.7/site-packages/airflow/example_dags/example_skip_dag.py
[2023-02-16T22:54:14.852+0000] {processor.py:743} INFO - Processing file /home/airflow/.local/lib/python3.7/site-packages/airflow/example_dags/example_skip_dag.py for tasks to queue
[2023-02-16T22:54:14.920+0000] {logging_mixin.py:137} INFO - [2023-02-16T22:54:14.920+0000] {dagbag.py:538} INFO - Filling up the DagBag from /home/airflow/.local/lib/python3.7/site-packages/airflow/example_dags/example_skip_dag.py
[2023-02-16T22:54:16.565+0000] {processor.py:753} INFO - DAG(s) dict_keys(['example_skip_dag']) retrieved from /home/airflow/.local/lib/python3.7/site-packages/airflow/example_dags/example_skip_dag.py
[2023-02-16T22:54:17.707+0000] {logging_mixin.py:137} INFO - [2023-02-16T22:54:17.707+0000] {dag.py:2690} INFO - Sync 1 DAGs
[2023-02-16T22:54:18.394+0000] {logging_mixin.py:137} INFO - [2023-02-16T22:54:18.394+0000] {dag.py:3441} INFO - Setting next_dagrun for example_skip_dag to 2023-02-15T22:54:18.378760+00:00, run_after=2023-02-16T22:54:18.378760+00:00
[2023-02-16T22:54:18.766+0000] {processor.py:175} INFO - Processing /home/airflow/.local/lib/python3.7/site-packages/airflow/example_dags/example_skip_dag.py took 4.168 seconds
[2023-02-16T22:57:52.847+0000] {processor.py:153} INFO - Started process (PID=225) to work on /home/airflow/.local/lib/python3.7/site-packages/airflow/example_dags/example_skip_dag.py
[2023-02-16T22:57:52.942+0000] {processor.py:743} INFO - Processing file /home/airflow/.local/lib/python3.7/site-packages/airflow/example_dags/example_skip_dag.py for tasks to queue
[2023-02-16T22:57:52.968+0000] {logging_mixin.py:137} INFO - [2023-02-16T22:57:52.968+0000] {dagbag.py:538} INFO - Filling up the DagBag from /home/airflow/.local/lib/python3.7/site-packages/airflow/example_dags/example_skip_dag.py
[2023-02-16T22:57:53.499+0000] {processor.py:753} INFO - DAG(s) dict_keys(['example_skip_dag']) retrieved from /home/airflow/.local/lib/python3.7/site-packages/airflow/example_dags/example_skip_dag.py
[2023-02-16T22:57:54.668+0000] {logging_mixin.py:137} INFO - [2023-02-16T22:57:54.667+0000] {dag.py:2690} INFO - Sync 1 DAGs
[2023-02-16T22:57:55.343+0000] {logging_mixin.py:137} INFO - [2023-02-16T22:57:55.329+0000] {dag.py:3441} INFO - Setting next_dagrun for example_skip_dag to 2023-02-15T22:57:55.323240+00:00, run_after=2023-02-16T22:57:55.323240+00:00
[2023-02-16T22:57:56.321+0000] {processor.py:175} INFO - Processing /home/airflow/.local/lib/python3.7/site-packages/airflow/example_dags/example_skip_dag.py took 3.765 seconds
[2023-02-16T22:59:02.942+0000] {processor.py:153} INFO - Started process (PID=283) to work on /home/airflow/.local/lib/python3.7/site-packages/airflow/example_dags/example_skip_dag.py
[2023-02-16T22:59:02.949+0000] {processor.py:743} INFO - Processing file /home/airflow/.local/lib/python3.7/site-packages/airflow/example_dags/example_skip_dag.py for tasks to queue
[2023-02-16T22:59:02.960+0000] {logging_mixin.py:137} INFO - [2023-02-16T22:59:02.960+0000] {dagbag.py:538} INFO - Filling up the DagBag from /home/airflow/.local/lib/python3.7/site-packages/airflow/example_dags/example_skip_dag.py
[2023-02-16T22:59:03.016+0000] {processor.py:753} INFO - DAG(s) dict_keys(['example_skip_dag']) retrieved from /home/airflow/.local/lib/python3.7/site-packages/airflow/example_dags/example_skip_dag.py
[2023-02-16T22:59:03.122+0000] {logging_mixin.py:137} INFO - [2023-02-16T22:59:03.121+0000] {dag.py:2690} INFO - Sync 1 DAGs
[2023-02-16T22:59:03.223+0000] {logging_mixin.py:137} INFO - [2023-02-16T22:59:03.222+0000] {dag.py:3441} INFO - Setting next_dagrun for example_skip_dag to 2023-02-15T22:59:03.218229+00:00, run_after=2023-02-16T22:59:03.218229+00:00
[2023-02-16T22:59:03.315+0000] {processor.py:175} INFO - Processing /home/airflow/.local/lib/python3.7/site-packages/airflow/example_dags/example_skip_dag.py took 0.392 seconds
[2023-02-16T23:01:06.906+0000] {processor.py:153} INFO - Started process (PID=371) to work on /home/airflow/.local/lib/python3.7/site-packages/airflow/example_dags/example_skip_dag.py
[2023-02-16T23:01:06.954+0000] {processor.py:743} INFO - Processing file /home/airflow/.local/lib/python3.7/site-packages/airflow/example_dags/example_skip_dag.py for tasks to queue
[2023-02-16T23:01:07.024+0000] {logging_mixin.py:137} INFO - [2023-02-16T23:01:07.012+0000] {dagbag.py:538} INFO - Filling up the DagBag from /home/airflow/.local/lib/python3.7/site-packages/airflow/example_dags/example_skip_dag.py
[2023-02-16T23:01:07.793+0000] {processor.py:753} INFO - DAG(s) dict_keys(['example_skip_dag']) retrieved from /home/airflow/.local/lib/python3.7/site-packages/airflow/example_dags/example_skip_dag.py
[2023-02-16T23:01:10.309+0000] {logging_mixin.py:137} INFO - [2023-02-16T23:01:10.308+0000] {dag.py:2690} INFO - Sync 1 DAGs
[2023-02-16T23:01:13.443+0000] {logging_mixin.py:137} INFO - [2023-02-16T23:01:13.442+0000] {dag.py:3441} INFO - Setting next_dagrun for example_skip_dag to 2023-02-15T23:01:13.336619+00:00, run_after=2023-02-16T23:01:13.336619+00:00
[2023-02-16T23:01:14.974+0000] {processor.py:175} INFO - Processing /home/airflow/.local/lib/python3.7/site-packages/airflow/example_dags/example_skip_dag.py took 8.227 seconds
[2023-02-16T23:02:24.648+0000] {processor.py:153} INFO - Started process (PID=451) to work on /home/airflow/.local/lib/python3.7/site-packages/airflow/example_dags/example_skip_dag.py
[2023-02-16T23:02:24.661+0000] {processor.py:743} INFO - Processing file /home/airflow/.local/lib/python3.7/site-packages/airflow/example_dags/example_skip_dag.py for tasks to queue
[2023-02-16T23:02:24.677+0000] {logging_mixin.py:137} INFO - [2023-02-16T23:02:24.674+0000] {dagbag.py:538} INFO - Filling up the DagBag from /home/airflow/.local/lib/python3.7/site-packages/airflow/example_dags/example_skip_dag.py
[2023-02-16T23:02:24.836+0000] {processor.py:753} INFO - DAG(s) dict_keys(['example_skip_dag']) retrieved from /home/airflow/.local/lib/python3.7/site-packages/airflow/example_dags/example_skip_dag.py
[2023-02-16T23:02:24.973+0000] {logging_mixin.py:137} INFO - [2023-02-16T23:02:24.973+0000] {dag.py:2690} INFO - Sync 1 DAGs
[2023-02-16T23:02:25.023+0000] {logging_mixin.py:137} INFO - [2023-02-16T23:02:25.023+0000] {dag.py:3441} INFO - Setting next_dagrun for example_skip_dag to 2023-02-15T23:02:25.023062+00:00, run_after=2023-02-16T23:02:25.023062+00:00
[2023-02-16T23:02:25.089+0000] {processor.py:175} INFO - Processing /home/airflow/.local/lib/python3.7/site-packages/airflow/example_dags/example_skip_dag.py took 0.487 seconds
