[2023-02-16T22:55:16.923+0000] {processor.py:153} INFO - Started process (PID=128) to work on /home/airflow/.local/lib/python3.7/site-packages/airflow/example_dags/example_short_circuit_operator.py
[2023-02-16T22:55:16.928+0000] {processor.py:743} INFO - Processing file /home/airflow/.local/lib/python3.7/site-packages/airflow/example_dags/example_short_circuit_operator.py for tasks to queue
[2023-02-16T22:55:16.945+0000] {logging_mixin.py:137} INFO - [2023-02-16T22:55:16.944+0000] {dagbag.py:538} INFO - Filling up the DagBag from /home/airflow/.local/lib/python3.7/site-packages/airflow/example_dags/example_short_circuit_operator.py
[2023-02-16T22:55:17.689+0000] {processor.py:753} INFO - DAG(s) dict_keys(['example_short_circuit_operator']) retrieved from /home/airflow/.local/lib/python3.7/site-packages/airflow/example_dags/example_short_circuit_operator.py
[2023-02-16T22:55:21.033+0000] {logging_mixin.py:137} INFO - [2023-02-16T22:55:21.024+0000] {dag.py:2690} INFO - Sync 1 DAGs
[2023-02-16T22:55:23.653+0000] {logging_mixin.py:137} INFO - [2023-02-16T22:55:23.652+0000] {dag.py:3441} INFO - Setting next_dagrun for example_short_circuit_operator to 2023-02-15T22:55:23.650300+00:00, run_after=2023-02-16T22:55:23.650300+00:00
[2023-02-16T22:55:29.240+0000] {processor.py:175} INFO - Processing /home/airflow/.local/lib/python3.7/site-packages/airflow/example_dags/example_short_circuit_operator.py took 13.852 seconds
[2023-02-16T22:58:55.511+0000] {processor.py:153} INFO - Started process (PID=268) to work on /home/airflow/.local/lib/python3.7/site-packages/airflow/example_dags/example_short_circuit_operator.py
[2023-02-16T22:58:55.667+0000] {processor.py:743} INFO - Processing file /home/airflow/.local/lib/python3.7/site-packages/airflow/example_dags/example_short_circuit_operator.py for tasks to queue
[2023-02-16T22:58:55.677+0000] {logging_mixin.py:137} INFO - [2023-02-16T22:58:55.677+0000] {dagbag.py:538} INFO - Filling up the DagBag from /home/airflow/.local/lib/python3.7/site-packages/airflow/example_dags/example_short_circuit_operator.py
[2023-02-16T22:58:56.159+0000] {processor.py:753} INFO - DAG(s) dict_keys(['example_short_circuit_operator']) retrieved from /home/airflow/.local/lib/python3.7/site-packages/airflow/example_dags/example_short_circuit_operator.py
[2023-02-16T22:58:56.737+0000] {logging_mixin.py:137} INFO - [2023-02-16T22:58:56.737+0000] {dag.py:2690} INFO - Sync 1 DAGs
[2023-02-16T22:58:57.131+0000] {logging_mixin.py:137} INFO - [2023-02-16T22:58:57.131+0000] {dag.py:3441} INFO - Setting next_dagrun for example_short_circuit_operator to 2023-02-15T22:58:57.130676+00:00, run_after=2023-02-16T22:58:57.130676+00:00
[2023-02-16T22:58:57.386+0000] {processor.py:175} INFO - Processing /home/airflow/.local/lib/python3.7/site-packages/airflow/example_dags/example_short_circuit_operator.py took 2.016 seconds
[2023-02-16T22:59:27.759+0000] {processor.py:153} INFO - Started process (PID=325) to work on /home/airflow/.local/lib/python3.7/site-packages/airflow/example_dags/example_short_circuit_operator.py
[2023-02-16T22:59:27.775+0000] {processor.py:743} INFO - Processing file /home/airflow/.local/lib/python3.7/site-packages/airflow/example_dags/example_short_circuit_operator.py for tasks to queue
[2023-02-16T22:59:27.779+0000] {logging_mixin.py:137} INFO - [2023-02-16T22:59:27.778+0000] {dagbag.py:538} INFO - Filling up the DagBag from /home/airflow/.local/lib/python3.7/site-packages/airflow/example_dags/example_short_circuit_operator.py
[2023-02-16T22:59:28.190+0000] {processor.py:753} INFO - DAG(s) dict_keys(['example_short_circuit_operator']) retrieved from /home/airflow/.local/lib/python3.7/site-packages/airflow/example_dags/example_short_circuit_operator.py
[2023-02-16T22:59:28.726+0000] {logging_mixin.py:137} INFO - [2023-02-16T22:59:28.725+0000] {dag.py:2690} INFO - Sync 1 DAGs
[2023-02-16T22:59:29.006+0000] {logging_mixin.py:137} INFO - [2023-02-16T22:59:28.999+0000] {dag.py:3441} INFO - Setting next_dagrun for example_short_circuit_operator to 2023-02-15T22:59:28.998482+00:00, run_after=2023-02-16T22:59:28.998482+00:00
[2023-02-16T22:59:29.494+0000] {processor.py:175} INFO - Processing /home/airflow/.local/lib/python3.7/site-packages/airflow/example_dags/example_short_circuit_operator.py took 1.810 seconds
[2023-02-16T23:02:01.205+0000] {processor.py:153} INFO - Started process (PID=420) to work on /home/airflow/.local/lib/python3.7/site-packages/airflow/example_dags/example_short_circuit_operator.py
[2023-02-16T23:02:01.459+0000] {processor.py:743} INFO - Processing file /home/airflow/.local/lib/python3.7/site-packages/airflow/example_dags/example_short_circuit_operator.py for tasks to queue
[2023-02-16T23:02:01.476+0000] {logging_mixin.py:137} INFO - [2023-02-16T23:02:01.476+0000] {dagbag.py:538} INFO - Filling up the DagBag from /home/airflow/.local/lib/python3.7/site-packages/airflow/example_dags/example_short_circuit_operator.py
[2023-02-16T23:02:02.716+0000] {processor.py:753} INFO - DAG(s) dict_keys(['example_short_circuit_operator']) retrieved from /home/airflow/.local/lib/python3.7/site-packages/airflow/example_dags/example_short_circuit_operator.py
[2023-02-16T23:02:04.284+0000] {logging_mixin.py:137} INFO - [2023-02-16T23:02:04.284+0000] {dag.py:2690} INFO - Sync 1 DAGs
[2023-02-16T23:02:05.560+0000] {logging_mixin.py:137} INFO - [2023-02-16T23:02:05.559+0000] {dag.py:3441} INFO - Setting next_dagrun for example_short_circuit_operator to 2023-02-15T23:02:05.559096+00:00, run_after=2023-02-16T23:02:05.559096+00:00
[2023-02-16T23:02:06.131+0000] {processor.py:175} INFO - Processing /home/airflow/.local/lib/python3.7/site-packages/airflow/example_dags/example_short_circuit_operator.py took 5.190 seconds
[2023-02-16T23:02:41.979+0000] {processor.py:153} INFO - Started process (PID=480) to work on /home/airflow/.local/lib/python3.7/site-packages/airflow/example_dags/example_short_circuit_operator.py
[2023-02-16T23:02:41.991+0000] {processor.py:743} INFO - Processing file /home/airflow/.local/lib/python3.7/site-packages/airflow/example_dags/example_short_circuit_operator.py for tasks to queue
[2023-02-16T23:02:42.009+0000] {logging_mixin.py:137} INFO - [2023-02-16T23:02:42.009+0000] {dagbag.py:538} INFO - Filling up the DagBag from /home/airflow/.local/lib/python3.7/site-packages/airflow/example_dags/example_short_circuit_operator.py
[2023-02-16T23:02:42.293+0000] {processor.py:753} INFO - DAG(s) dict_keys(['example_short_circuit_operator']) retrieved from /home/airflow/.local/lib/python3.7/site-packages/airflow/example_dags/example_short_circuit_operator.py
[2023-02-16T23:02:42.788+0000] {logging_mixin.py:137} INFO - [2023-02-16T23:02:42.788+0000] {dag.py:2690} INFO - Sync 1 DAGs
[2023-02-16T23:02:43.115+0000] {logging_mixin.py:137} INFO - [2023-02-16T23:02:43.115+0000] {dag.py:3441} INFO - Setting next_dagrun for example_short_circuit_operator to 2023-02-15T23:02:43.114641+00:00, run_after=2023-02-16T23:02:43.114641+00:00
[2023-02-16T23:02:43.483+0000] {processor.py:175} INFO - Processing /home/airflow/.local/lib/python3.7/site-packages/airflow/example_dags/example_short_circuit_operator.py took 1.584 seconds
[2023-02-16T23:28:20.240+0000] {processor.py:153} INFO - Started process (PID=142) to work on /home/airflow/.local/lib/python3.7/site-packages/airflow/example_dags/example_short_circuit_operator.py
[2023-02-16T23:28:20.269+0000] {processor.py:743} INFO - Processing file /home/airflow/.local/lib/python3.7/site-packages/airflow/example_dags/example_short_circuit_operator.py for tasks to queue
[2023-02-16T23:28:20.285+0000] {logging_mixin.py:137} INFO - [2023-02-16T23:28:20.285+0000] {dagbag.py:538} INFO - Filling up the DagBag from /home/airflow/.local/lib/python3.7/site-packages/airflow/example_dags/example_short_circuit_operator.py
[2023-02-16T23:28:20.904+0000] {processor.py:753} INFO - DAG(s) dict_keys(['example_short_circuit_operator']) retrieved from /home/airflow/.local/lib/python3.7/site-packages/airflow/example_dags/example_short_circuit_operator.py
[2023-02-16T23:28:24.635+0000] {logging_mixin.py:137} INFO - [2023-02-16T23:28:24.635+0000] {manager.py:504} INFO - Created Permission View: can edit on DAG:example_short_circuit_operator
[2023-02-16T23:28:24.755+0000] {logging_mixin.py:137} INFO - [2023-02-16T23:28:24.755+0000] {manager.py:504} INFO - Created Permission View: can delete on DAG:example_short_circuit_operator
[2023-02-16T23:28:24.914+0000] {logging_mixin.py:137} INFO - [2023-02-16T23:28:24.911+0000] {manager.py:504} INFO - Created Permission View: can read on DAG:example_short_circuit_operator
[2023-02-16T23:28:24.918+0000] {logging_mixin.py:137} INFO - [2023-02-16T23:28:24.917+0000] {dag.py:2690} INFO - Sync 1 DAGs
[2023-02-16T23:28:24.992+0000] {logging_mixin.py:137} INFO - [2023-02-16T23:28:24.991+0000] {dag.py:2711} INFO - Creating ORM DAG for example_short_circuit_operator
[2023-02-16T23:28:25.083+0000] {logging_mixin.py:137} INFO - [2023-02-16T23:28:25.083+0000] {dag.py:3441} INFO - Setting next_dagrun for example_short_circuit_operator to 2023-02-15T23:28:25.083173+00:00, run_after=2023-02-16T23:28:25.083173+00:00
[2023-02-16T23:28:25.271+0000] {processor.py:175} INFO - Processing /home/airflow/.local/lib/python3.7/site-packages/airflow/example_dags/example_short_circuit_operator.py took 5.077 seconds
[2023-02-16T23:30:47.730+0000] {processor.py:153} INFO - Started process (PID=246) to work on /home/airflow/.local/lib/python3.7/site-packages/airflow/example_dags/example_short_circuit_operator.py
[2023-02-16T23:30:47.860+0000] {processor.py:743} INFO - Processing file /home/airflow/.local/lib/python3.7/site-packages/airflow/example_dags/example_short_circuit_operator.py for tasks to queue
[2023-02-16T23:30:47.919+0000] {logging_mixin.py:137} INFO - [2023-02-16T23:30:47.919+0000] {dagbag.py:538} INFO - Filling up the DagBag from /home/airflow/.local/lib/python3.7/site-packages/airflow/example_dags/example_short_circuit_operator.py
[2023-02-16T23:30:48.437+0000] {processor.py:753} INFO - DAG(s) dict_keys(['example_short_circuit_operator']) retrieved from /home/airflow/.local/lib/python3.7/site-packages/airflow/example_dags/example_short_circuit_operator.py
[2023-02-16T23:30:48.827+0000] {logging_mixin.py:137} INFO - [2023-02-16T23:30:48.819+0000] {dag.py:2690} INFO - Sync 1 DAGs
[2023-02-16T23:30:49.317+0000] {logging_mixin.py:137} INFO - [2023-02-16T23:30:49.317+0000] {dag.py:3441} INFO - Setting next_dagrun for example_short_circuit_operator to 2023-02-15T23:30:49.316107+00:00, run_after=2023-02-16T23:30:49.316107+00:00
[2023-02-16T23:30:49.451+0000] {processor.py:175} INFO - Processing /home/airflow/.local/lib/python3.7/site-packages/airflow/example_dags/example_short_circuit_operator.py took 1.842 seconds
[2023-02-16T23:32:09.531+0000] {processor.py:153} INFO - Started process (PID=320) to work on /home/airflow/.local/lib/python3.7/site-packages/airflow/example_dags/example_short_circuit_operator.py
[2023-02-16T23:32:09.639+0000] {processor.py:743} INFO - Processing file /home/airflow/.local/lib/python3.7/site-packages/airflow/example_dags/example_short_circuit_operator.py for tasks to queue
[2023-02-16T23:32:09.673+0000] {logging_mixin.py:137} INFO - [2023-02-16T23:32:09.672+0000] {dagbag.py:538} INFO - Filling up the DagBag from /home/airflow/.local/lib/python3.7/site-packages/airflow/example_dags/example_short_circuit_operator.py
[2023-02-16T23:32:12.484+0000] {processor.py:753} INFO - DAG(s) dict_keys(['example_short_circuit_operator']) retrieved from /home/airflow/.local/lib/python3.7/site-packages/airflow/example_dags/example_short_circuit_operator.py
[2023-02-16T23:32:14.306+0000] {logging_mixin.py:137} INFO - [2023-02-16T23:32:14.278+0000] {dag.py:2690} INFO - Sync 1 DAGs
[2023-02-16T23:32:19.481+0000] {logging_mixin.py:137} INFO - [2023-02-16T23:32:19.480+0000] {dag.py:3441} INFO - Setting next_dagrun for example_short_circuit_operator to 2023-02-15T23:32:19.464455+00:00, run_after=2023-02-16T23:32:19.464455+00:00
[2023-02-16T23:32:20.487+0000] {processor.py:175} INFO - Processing /home/airflow/.local/lib/python3.7/site-packages/airflow/example_dags/example_short_circuit_operator.py took 11.267 seconds
[2023-02-16T23:34:33.013+0000] {processor.py:153} INFO - Started process (PID=439) to work on /home/airflow/.local/lib/python3.7/site-packages/airflow/example_dags/example_short_circuit_operator.py
[2023-02-16T23:34:33.264+0000] {processor.py:743} INFO - Processing file /home/airflow/.local/lib/python3.7/site-packages/airflow/example_dags/example_short_circuit_operator.py for tasks to queue
[2023-02-16T23:34:33.281+0000] {logging_mixin.py:137} INFO - [2023-02-16T23:34:33.281+0000] {dagbag.py:538} INFO - Filling up the DagBag from /home/airflow/.local/lib/python3.7/site-packages/airflow/example_dags/example_short_circuit_operator.py
[2023-02-16T23:34:34.331+0000] {processor.py:753} INFO - DAG(s) dict_keys(['example_short_circuit_operator']) retrieved from /home/airflow/.local/lib/python3.7/site-packages/airflow/example_dags/example_short_circuit_operator.py
[2023-02-16T23:34:34.857+0000] {logging_mixin.py:137} INFO - [2023-02-16T23:34:34.856+0000] {dag.py:2690} INFO - Sync 1 DAGs
[2023-02-16T23:34:35.553+0000] {logging_mixin.py:137} INFO - [2023-02-16T23:34:35.553+0000] {dag.py:3441} INFO - Setting next_dagrun for example_short_circuit_operator to 2023-02-15T23:34:35.537353+00:00, run_after=2023-02-16T23:34:35.537353+00:00
[2023-02-16T23:34:35.983+0000] {processor.py:175} INFO - Processing /home/airflow/.local/lib/python3.7/site-packages/airflow/example_dags/example_short_circuit_operator.py took 3.243 seconds
[2023-02-16T23:35:12.239+0000] {processor.py:153} INFO - Started process (PID=498) to work on /home/airflow/.local/lib/python3.7/site-packages/airflow/example_dags/example_short_circuit_operator.py
[2023-02-16T23:35:12.252+0000] {processor.py:743} INFO - Processing file /home/airflow/.local/lib/python3.7/site-packages/airflow/example_dags/example_short_circuit_operator.py for tasks to queue
[2023-02-16T23:35:12.257+0000] {logging_mixin.py:137} INFO - [2023-02-16T23:35:12.257+0000] {dagbag.py:538} INFO - Filling up the DagBag from /home/airflow/.local/lib/python3.7/site-packages/airflow/example_dags/example_short_circuit_operator.py
[2023-02-16T23:35:12.540+0000] {processor.py:753} INFO - DAG(s) dict_keys(['example_short_circuit_operator']) retrieved from /home/airflow/.local/lib/python3.7/site-packages/airflow/example_dags/example_short_circuit_operator.py
[2023-02-16T23:35:13.595+0000] {logging_mixin.py:137} INFO - [2023-02-16T23:35:13.595+0000] {dag.py:2690} INFO - Sync 1 DAGs
[2023-02-16T23:35:14.204+0000] {logging_mixin.py:137} INFO - [2023-02-16T23:35:14.204+0000] {dag.py:3441} INFO - Setting next_dagrun for example_short_circuit_operator to 2023-02-15T23:35:14.204135+00:00, run_after=2023-02-16T23:35:14.204135+00:00
[2023-02-16T23:35:14.556+0000] {processor.py:175} INFO - Processing /home/airflow/.local/lib/python3.7/site-packages/airflow/example_dags/example_short_circuit_operator.py took 2.411 seconds
[2023-02-16T23:36:22.659+0000] {processor.py:153} INFO - Started process (PID=580) to work on /home/airflow/.local/lib/python3.7/site-packages/airflow/example_dags/example_short_circuit_operator.py
[2023-02-16T23:36:22.697+0000] {processor.py:743} INFO - Processing file /home/airflow/.local/lib/python3.7/site-packages/airflow/example_dags/example_short_circuit_operator.py for tasks to queue
[2023-02-16T23:36:22.712+0000] {logging_mixin.py:137} INFO - [2023-02-16T23:36:22.711+0000] {dagbag.py:538} INFO - Filling up the DagBag from /home/airflow/.local/lib/python3.7/site-packages/airflow/example_dags/example_short_circuit_operator.py
[2023-02-16T23:36:23.169+0000] {processor.py:753} INFO - DAG(s) dict_keys(['example_short_circuit_operator']) retrieved from /home/airflow/.local/lib/python3.7/site-packages/airflow/example_dags/example_short_circuit_operator.py
[2023-02-16T23:36:23.612+0000] {logging_mixin.py:137} INFO - [2023-02-16T23:36:23.612+0000] {dag.py:2690} INFO - Sync 1 DAGs
[2023-02-16T23:36:24.024+0000] {logging_mixin.py:137} INFO - [2023-02-16T23:36:24.024+0000] {dag.py:3441} INFO - Setting next_dagrun for example_short_circuit_operator to 2023-02-15T23:36:24.013590+00:00, run_after=2023-02-16T23:36:24.013590+00:00
[2023-02-16T23:36:24.285+0000] {processor.py:175} INFO - Processing /home/airflow/.local/lib/python3.7/site-packages/airflow/example_dags/example_short_circuit_operator.py took 1.638 seconds
[2023-02-16T23:36:58.074+0000] {processor.py:153} INFO - Started process (PID=640) to work on /home/airflow/.local/lib/python3.7/site-packages/airflow/example_dags/example_short_circuit_operator.py
[2023-02-16T23:36:58.079+0000] {processor.py:743} INFO - Processing file /home/airflow/.local/lib/python3.7/site-packages/airflow/example_dags/example_short_circuit_operator.py for tasks to queue
[2023-02-16T23:36:58.090+0000] {logging_mixin.py:137} INFO - [2023-02-16T23:36:58.090+0000] {dagbag.py:538} INFO - Filling up the DagBag from /home/airflow/.local/lib/python3.7/site-packages/airflow/example_dags/example_short_circuit_operator.py
[2023-02-16T23:36:58.379+0000] {processor.py:753} INFO - DAG(s) dict_keys(['example_short_circuit_operator']) retrieved from /home/airflow/.local/lib/python3.7/site-packages/airflow/example_dags/example_short_circuit_operator.py
[2023-02-16T23:36:58.694+0000] {logging_mixin.py:137} INFO - [2023-02-16T23:36:58.693+0000] {dag.py:2690} INFO - Sync 1 DAGs
[2023-02-16T23:36:59.089+0000] {logging_mixin.py:137} INFO - [2023-02-16T23:36:59.089+0000] {dag.py:3441} INFO - Setting next_dagrun for example_short_circuit_operator to 2023-02-15T23:36:59.088647+00:00, run_after=2023-02-16T23:36:59.088647+00:00
[2023-02-16T23:36:59.484+0000] {processor.py:175} INFO - Processing /home/airflow/.local/lib/python3.7/site-packages/airflow/example_dags/example_short_circuit_operator.py took 1.439 seconds
[2023-02-16T23:38:12.031+0000] {processor.py:153} INFO - Started process (PID=703) to work on /home/airflow/.local/lib/python3.7/site-packages/airflow/example_dags/example_short_circuit_operator.py
[2023-02-16T23:38:12.042+0000] {processor.py:743} INFO - Processing file /home/airflow/.local/lib/python3.7/site-packages/airflow/example_dags/example_short_circuit_operator.py for tasks to queue
[2023-02-16T23:38:12.085+0000] {logging_mixin.py:137} INFO - [2023-02-16T23:38:12.085+0000] {dagbag.py:538} INFO - Filling up the DagBag from /home/airflow/.local/lib/python3.7/site-packages/airflow/example_dags/example_short_circuit_operator.py
[2023-02-16T23:38:12.747+0000] {processor.py:753} INFO - DAG(s) dict_keys(['example_short_circuit_operator']) retrieved from /home/airflow/.local/lib/python3.7/site-packages/airflow/example_dags/example_short_circuit_operator.py
[2023-02-16T23:38:13.514+0000] {logging_mixin.py:137} INFO - [2023-02-16T23:38:13.514+0000] {dag.py:2690} INFO - Sync 1 DAGs
[2023-02-16T23:38:14.186+0000] {logging_mixin.py:137} INFO - [2023-02-16T23:38:14.172+0000] {dag.py:3441} INFO - Setting next_dagrun for example_short_circuit_operator to 2023-02-15T23:38:14.171781+00:00, run_after=2023-02-16T23:38:14.171781+00:00
[2023-02-16T23:38:14.773+0000] {processor.py:175} INFO - Processing /home/airflow/.local/lib/python3.7/site-packages/airflow/example_dags/example_short_circuit_operator.py took 2.939 seconds
[2023-02-16T23:39:02.821+0000] {processor.py:153} INFO - Started process (PID=771) to work on /home/airflow/.local/lib/python3.7/site-packages/airflow/example_dags/example_short_circuit_operator.py
[2023-02-16T23:39:02.830+0000] {processor.py:743} INFO - Processing file /home/airflow/.local/lib/python3.7/site-packages/airflow/example_dags/example_short_circuit_operator.py for tasks to queue
[2023-02-16T23:39:02.836+0000] {logging_mixin.py:137} INFO - [2023-02-16T23:39:02.835+0000] {dagbag.py:538} INFO - Filling up the DagBag from /home/airflow/.local/lib/python3.7/site-packages/airflow/example_dags/example_short_circuit_operator.py
[2023-02-16T23:39:03.000+0000] {processor.py:753} INFO - DAG(s) dict_keys(['example_short_circuit_operator']) retrieved from /home/airflow/.local/lib/python3.7/site-packages/airflow/example_dags/example_short_circuit_operator.py
[2023-02-16T23:39:03.323+0000] {logging_mixin.py:137} INFO - [2023-02-16T23:39:03.322+0000] {dag.py:2690} INFO - Sync 1 DAGs
[2023-02-16T23:39:03.507+0000] {logging_mixin.py:137} INFO - [2023-02-16T23:39:03.507+0000] {dag.py:3441} INFO - Setting next_dagrun for example_short_circuit_operator to 2023-02-15T23:39:03.506904+00:00, run_after=2023-02-16T23:39:03.506904+00:00
[2023-02-16T23:39:03.583+0000] {processor.py:175} INFO - Processing /home/airflow/.local/lib/python3.7/site-packages/airflow/example_dags/example_short_circuit_operator.py took 0.794 seconds
[2023-02-16T23:40:18.586+0000] {processor.py:153} INFO - Started process (PID=852) to work on /home/airflow/.local/lib/python3.7/site-packages/airflow/example_dags/example_short_circuit_operator.py
[2023-02-16T23:40:18.614+0000] {processor.py:743} INFO - Processing file /home/airflow/.local/lib/python3.7/site-packages/airflow/example_dags/example_short_circuit_operator.py for tasks to queue
[2023-02-16T23:40:18.647+0000] {logging_mixin.py:137} INFO - [2023-02-16T23:40:18.647+0000] {dagbag.py:538} INFO - Filling up the DagBag from /home/airflow/.local/lib/python3.7/site-packages/airflow/example_dags/example_short_circuit_operator.py
[2023-02-16T23:40:19.244+0000] {processor.py:753} INFO - DAG(s) dict_keys(['example_short_circuit_operator']) retrieved from /home/airflow/.local/lib/python3.7/site-packages/airflow/example_dags/example_short_circuit_operator.py
[2023-02-16T23:40:19.914+0000] {logging_mixin.py:137} INFO - [2023-02-16T23:40:19.909+0000] {dag.py:2690} INFO - Sync 1 DAGs
[2023-02-16T23:40:20.564+0000] {logging_mixin.py:137} INFO - [2023-02-16T23:40:20.563+0000] {dag.py:3441} INFO - Setting next_dagrun for example_short_circuit_operator to 2023-02-15T23:40:20.563309+00:00, run_after=2023-02-16T23:40:20.563309+00:00
[2023-02-16T23:40:20.915+0000] {processor.py:175} INFO - Processing /home/airflow/.local/lib/python3.7/site-packages/airflow/example_dags/example_short_circuit_operator.py took 2.456 seconds
[2023-02-16T23:41:09.085+0000] {processor.py:153} INFO - Started process (PID=913) to work on /home/airflow/.local/lib/python3.7/site-packages/airflow/example_dags/example_short_circuit_operator.py
[2023-02-16T23:41:09.109+0000] {processor.py:743} INFO - Processing file /home/airflow/.local/lib/python3.7/site-packages/airflow/example_dags/example_short_circuit_operator.py for tasks to queue
[2023-02-16T23:41:09.118+0000] {logging_mixin.py:137} INFO - [2023-02-16T23:41:09.115+0000] {dagbag.py:538} INFO - Filling up the DagBag from /home/airflow/.local/lib/python3.7/site-packages/airflow/example_dags/example_short_circuit_operator.py
[2023-02-16T23:41:09.333+0000] {processor.py:753} INFO - DAG(s) dict_keys(['example_short_circuit_operator']) retrieved from /home/airflow/.local/lib/python3.7/site-packages/airflow/example_dags/example_short_circuit_operator.py
[2023-02-16T23:41:09.521+0000] {logging_mixin.py:137} INFO - [2023-02-16T23:41:09.521+0000] {dag.py:2690} INFO - Sync 1 DAGs
[2023-02-16T23:41:10.455+0000] {logging_mixin.py:137} INFO - [2023-02-16T23:41:10.452+0000] {dag.py:3441} INFO - Setting next_dagrun for example_short_circuit_operator to 2023-02-15T23:41:10.451969+00:00, run_after=2023-02-16T23:41:10.451969+00:00
[2023-02-16T23:41:10.803+0000] {processor.py:175} INFO - Processing /home/airflow/.local/lib/python3.7/site-packages/airflow/example_dags/example_short_circuit_operator.py took 1.749 seconds
[2023-02-16T23:42:12.444+0000] {processor.py:153} INFO - Started process (PID=980) to work on /home/airflow/.local/lib/python3.7/site-packages/airflow/example_dags/example_short_circuit_operator.py
[2023-02-16T23:42:12.466+0000] {processor.py:743} INFO - Processing file /home/airflow/.local/lib/python3.7/site-packages/airflow/example_dags/example_short_circuit_operator.py for tasks to queue
[2023-02-16T23:42:12.491+0000] {logging_mixin.py:137} INFO - [2023-02-16T23:42:12.490+0000] {dagbag.py:538} INFO - Filling up the DagBag from /home/airflow/.local/lib/python3.7/site-packages/airflow/example_dags/example_short_circuit_operator.py
[2023-02-16T23:42:12.636+0000] {processor.py:753} INFO - DAG(s) dict_keys(['example_short_circuit_operator']) retrieved from /home/airflow/.local/lib/python3.7/site-packages/airflow/example_dags/example_short_circuit_operator.py
[2023-02-16T23:42:12.892+0000] {logging_mixin.py:137} INFO - [2023-02-16T23:42:12.891+0000] {dag.py:2690} INFO - Sync 1 DAGs
[2023-02-16T23:42:13.876+0000] {logging_mixin.py:137} INFO - [2023-02-16T23:42:13.875+0000] {dag.py:3441} INFO - Setting next_dagrun for example_short_circuit_operator to 2023-02-15T23:42:13.863514+00:00, run_after=2023-02-16T23:42:13.863514+00:00
[2023-02-16T23:42:14.542+0000] {processor.py:175} INFO - Processing /home/airflow/.local/lib/python3.7/site-packages/airflow/example_dags/example_short_circuit_operator.py took 2.155 seconds
[2023-02-16T23:43:10.896+0000] {processor.py:153} INFO - Started process (PID=1049) to work on /home/airflow/.local/lib/python3.7/site-packages/airflow/example_dags/example_short_circuit_operator.py
[2023-02-16T23:43:10.911+0000] {processor.py:743} INFO - Processing file /home/airflow/.local/lib/python3.7/site-packages/airflow/example_dags/example_short_circuit_operator.py for tasks to queue
[2023-02-16T23:43:10.934+0000] {logging_mixin.py:137} INFO - [2023-02-16T23:43:10.924+0000] {dagbag.py:538} INFO - Filling up the DagBag from /home/airflow/.local/lib/python3.7/site-packages/airflow/example_dags/example_short_circuit_operator.py
[2023-02-16T23:43:11.201+0000] {processor.py:753} INFO - DAG(s) dict_keys(['example_short_circuit_operator']) retrieved from /home/airflow/.local/lib/python3.7/site-packages/airflow/example_dags/example_short_circuit_operator.py
[2023-02-16T23:43:11.509+0000] {logging_mixin.py:137} INFO - [2023-02-16T23:43:11.508+0000] {dag.py:2690} INFO - Sync 1 DAGs
[2023-02-16T23:43:11.815+0000] {logging_mixin.py:137} INFO - [2023-02-16T23:43:11.814+0000] {dag.py:3441} INFO - Setting next_dagrun for example_short_circuit_operator to 2023-02-15T23:43:11.814316+00:00, run_after=2023-02-16T23:43:11.814316+00:00
[2023-02-16T23:43:12.595+0000] {processor.py:175} INFO - Processing /home/airflow/.local/lib/python3.7/site-packages/airflow/example_dags/example_short_circuit_operator.py took 1.719 seconds
[2023-02-16T23:43:52.797+0000] {processor.py:153} INFO - Started process (PID=1102) to work on /home/airflow/.local/lib/python3.7/site-packages/airflow/example_dags/example_short_circuit_operator.py
[2023-02-16T23:43:52.850+0000] {processor.py:743} INFO - Processing file /home/airflow/.local/lib/python3.7/site-packages/airflow/example_dags/example_short_circuit_operator.py for tasks to queue
[2023-02-16T23:43:52.881+0000] {logging_mixin.py:137} INFO - [2023-02-16T23:43:52.881+0000] {dagbag.py:538} INFO - Filling up the DagBag from /home/airflow/.local/lib/python3.7/site-packages/airflow/example_dags/example_short_circuit_operator.py
[2023-02-16T23:43:54.409+0000] {processor.py:753} INFO - DAG(s) dict_keys(['example_short_circuit_operator']) retrieved from /home/airflow/.local/lib/python3.7/site-packages/airflow/example_dags/example_short_circuit_operator.py
[2023-02-16T23:43:54.837+0000] {logging_mixin.py:137} INFO - [2023-02-16T23:43:54.837+0000] {dag.py:2690} INFO - Sync 1 DAGs
[2023-02-16T23:43:55.252+0000] {logging_mixin.py:137} INFO - [2023-02-16T23:43:55.252+0000] {dag.py:3441} INFO - Setting next_dagrun for example_short_circuit_operator to 2023-02-15T23:43:55.251739+00:00, run_after=2023-02-16T23:43:55.251739+00:00
[2023-02-16T23:43:55.516+0000] {processor.py:175} INFO - Processing /home/airflow/.local/lib/python3.7/site-packages/airflow/example_dags/example_short_circuit_operator.py took 2.803 seconds
[2023-02-16T23:44:37.774+0000] {processor.py:153} INFO - Started process (PID=1167) to work on /home/airflow/.local/lib/python3.7/site-packages/airflow/example_dags/example_short_circuit_operator.py
[2023-02-16T23:44:37.793+0000] {processor.py:743} INFO - Processing file /home/airflow/.local/lib/python3.7/site-packages/airflow/example_dags/example_short_circuit_operator.py for tasks to queue
[2023-02-16T23:44:37.798+0000] {logging_mixin.py:137} INFO - [2023-02-16T23:44:37.798+0000] {dagbag.py:538} INFO - Filling up the DagBag from /home/airflow/.local/lib/python3.7/site-packages/airflow/example_dags/example_short_circuit_operator.py
[2023-02-16T23:44:38.306+0000] {processor.py:753} INFO - DAG(s) dict_keys(['example_short_circuit_operator']) retrieved from /home/airflow/.local/lib/python3.7/site-packages/airflow/example_dags/example_short_circuit_operator.py
[2023-02-16T23:44:39.775+0000] {logging_mixin.py:137} INFO - [2023-02-16T23:44:39.775+0000] {dag.py:2690} INFO - Sync 1 DAGs
[2023-02-16T23:44:40.497+0000] {logging_mixin.py:137} INFO - [2023-02-16T23:44:40.497+0000] {dag.py:3441} INFO - Setting next_dagrun for example_short_circuit_operator to 2023-02-15T23:44:40.496532+00:00, run_after=2023-02-16T23:44:40.496532+00:00
[2023-02-16T23:44:41.290+0000] {processor.py:175} INFO - Processing /home/airflow/.local/lib/python3.7/site-packages/airflow/example_dags/example_short_circuit_operator.py took 3.576 seconds
[2023-02-16T23:45:51.746+0000] {processor.py:153} INFO - Started process (PID=1240) to work on /home/airflow/.local/lib/python3.7/site-packages/airflow/example_dags/example_short_circuit_operator.py
[2023-02-16T23:45:51.790+0000] {processor.py:743} INFO - Processing file /home/airflow/.local/lib/python3.7/site-packages/airflow/example_dags/example_short_circuit_operator.py for tasks to queue
[2023-02-16T23:45:51.822+0000] {logging_mixin.py:137} INFO - [2023-02-16T23:45:51.822+0000] {dagbag.py:538} INFO - Filling up the DagBag from /home/airflow/.local/lib/python3.7/site-packages/airflow/example_dags/example_short_circuit_operator.py
[2023-02-16T23:45:52.519+0000] {processor.py:753} INFO - DAG(s) dict_keys(['example_short_circuit_operator']) retrieved from /home/airflow/.local/lib/python3.7/site-packages/airflow/example_dags/example_short_circuit_operator.py
[2023-02-16T23:45:54.257+0000] {logging_mixin.py:137} INFO - [2023-02-16T23:45:54.257+0000] {dag.py:2690} INFO - Sync 1 DAGs
[2023-02-16T23:45:56.521+0000] {logging_mixin.py:137} INFO - [2023-02-16T23:45:56.521+0000] {dag.py:3441} INFO - Setting next_dagrun for example_short_circuit_operator to 2023-02-15T23:45:56.520764+00:00, run_after=2023-02-16T23:45:56.520764+00:00
[2023-02-16T23:45:57.058+0000] {processor.py:175} INFO - Processing /home/airflow/.local/lib/python3.7/site-packages/airflow/example_dags/example_short_circuit_operator.py took 5.386 seconds
