[2023-02-16T22:54:19.004+0000] {processor.py:153} INFO - Started process (PID=89) to work on /home/airflow/.local/lib/python3.7/site-packages/airflow/example_dags/example_branch_datetime_operator.py
[2023-02-16T22:54:19.009+0000] {processor.py:743} INFO - Processing file /home/airflow/.local/lib/python3.7/site-packages/airflow/example_dags/example_branch_datetime_operator.py for tasks to queue
[2023-02-16T22:54:19.015+0000] {logging_mixin.py:137} INFO - [2023-02-16T22:54:19.014+0000] {dagbag.py:538} INFO - Filling up the DagBag from /home/airflow/.local/lib/python3.7/site-packages/airflow/example_dags/example_branch_datetime_operator.py
[2023-02-16T22:54:19.334+0000] {processor.py:753} INFO - DAG(s) dict_keys(['example_branch_datetime_operator_2', 'example_branch_datetime_operator', 'example_branch_datetime_operator_3']) retrieved from /home/airflow/.local/lib/python3.7/site-packages/airflow/example_dags/example_branch_datetime_operator.py
[2023-02-16T22:54:19.833+0000] {logging_mixin.py:137} INFO - [2023-02-16T22:54:19.833+0000] {dag.py:2690} INFO - Sync 3 DAGs
[2023-02-16T22:54:20.051+0000] {logging_mixin.py:137} INFO - [2023-02-16T22:54:20.051+0000] {dag.py:3441} INFO - Setting next_dagrun for example_branch_datetime_operator to 2023-02-15T00:00:00+00:00, run_after=2023-02-16T00:00:00+00:00
[2023-02-16T22:54:20.117+0000] {logging_mixin.py:137} INFO - [2023-02-16T22:54:20.116+0000] {dag.py:3441} INFO - Setting next_dagrun for example_branch_datetime_operator_2 to 2023-02-15T00:00:00+00:00, run_after=2023-02-16T00:00:00+00:00
[2023-02-16T22:54:20.152+0000] {logging_mixin.py:137} INFO - [2023-02-16T22:54:20.152+0000] {dag.py:3441} INFO - Setting next_dagrun for example_branch_datetime_operator_3 to 2023-02-15T00:00:00+00:00, run_after=2023-02-16T00:00:00+00:00
[2023-02-16T22:54:20.458+0000] {processor.py:175} INFO - Processing /home/airflow/.local/lib/python3.7/site-packages/airflow/example_dags/example_branch_datetime_operator.py took 1.499 seconds
[2023-02-16T22:57:57.048+0000] {processor.py:153} INFO - Started process (PID=227) to work on /home/airflow/.local/lib/python3.7/site-packages/airflow/example_dags/example_branch_datetime_operator.py
[2023-02-16T22:57:57.099+0000] {processor.py:743} INFO - Processing file /home/airflow/.local/lib/python3.7/site-packages/airflow/example_dags/example_branch_datetime_operator.py for tasks to queue
[2023-02-16T22:57:57.169+0000] {logging_mixin.py:137} INFO - [2023-02-16T22:57:57.166+0000] {dagbag.py:538} INFO - Filling up the DagBag from /home/airflow/.local/lib/python3.7/site-packages/airflow/example_dags/example_branch_datetime_operator.py
[2023-02-16T22:57:58.097+0000] {processor.py:753} INFO - DAG(s) dict_keys(['example_branch_datetime_operator_3', 'example_branch_datetime_operator_2', 'example_branch_datetime_operator']) retrieved from /home/airflow/.local/lib/python3.7/site-packages/airflow/example_dags/example_branch_datetime_operator.py
[2023-02-16T22:57:59.932+0000] {logging_mixin.py:137} INFO - [2023-02-16T22:57:59.883+0000] {dag.py:2690} INFO - Sync 3 DAGs
[2023-02-16T22:58:02.591+0000] {logging_mixin.py:137} INFO - [2023-02-16T22:58:02.590+0000] {dag.py:3441} INFO - Setting next_dagrun for example_branch_datetime_operator to 2023-02-15T00:00:00+00:00, run_after=2023-02-16T00:00:00+00:00
[2023-02-16T22:58:02.713+0000] {logging_mixin.py:137} INFO - [2023-02-16T22:58:02.712+0000] {dag.py:3441} INFO - Setting next_dagrun for example_branch_datetime_operator_2 to 2023-02-15T00:00:00+00:00, run_after=2023-02-16T00:00:00+00:00
[2023-02-16T22:58:02.754+0000] {logging_mixin.py:137} INFO - [2023-02-16T22:58:02.753+0000] {dag.py:3441} INFO - Setting next_dagrun for example_branch_datetime_operator_3 to 2023-02-15T00:00:00+00:00, run_after=2023-02-16T00:00:00+00:00
[2023-02-16T22:58:04.607+0000] {processor.py:175} INFO - Processing /home/airflow/.local/lib/python3.7/site-packages/airflow/example_dags/example_branch_datetime_operator.py took 7.675 seconds
[2023-02-16T22:59:03.431+0000] {processor.py:153} INFO - Started process (PID=284) to work on /home/airflow/.local/lib/python3.7/site-packages/airflow/example_dags/example_branch_datetime_operator.py
[2023-02-16T22:59:03.445+0000] {processor.py:743} INFO - Processing file /home/airflow/.local/lib/python3.7/site-packages/airflow/example_dags/example_branch_datetime_operator.py for tasks to queue
[2023-02-16T22:59:03.451+0000] {logging_mixin.py:137} INFO - [2023-02-16T22:59:03.450+0000] {dagbag.py:538} INFO - Filling up the DagBag from /home/airflow/.local/lib/python3.7/site-packages/airflow/example_dags/example_branch_datetime_operator.py
[2023-02-16T22:59:03.534+0000] {processor.py:753} INFO - DAG(s) dict_keys(['example_branch_datetime_operator', 'example_branch_datetime_operator_2', 'example_branch_datetime_operator_3']) retrieved from /home/airflow/.local/lib/python3.7/site-packages/airflow/example_dags/example_branch_datetime_operator.py
[2023-02-16T22:59:03.692+0000] {logging_mixin.py:137} INFO - [2023-02-16T22:59:03.691+0000] {dag.py:2690} INFO - Sync 3 DAGs
[2023-02-16T22:59:03.794+0000] {logging_mixin.py:137} INFO - [2023-02-16T22:59:03.794+0000] {dag.py:3441} INFO - Setting next_dagrun for example_branch_datetime_operator to 2023-02-15T00:00:00+00:00, run_after=2023-02-16T00:00:00+00:00
[2023-02-16T22:59:03.810+0000] {logging_mixin.py:137} INFO - [2023-02-16T22:59:03.810+0000] {dag.py:3441} INFO - Setting next_dagrun for example_branch_datetime_operator_2 to 2023-02-15T00:00:00+00:00, run_after=2023-02-16T00:00:00+00:00
[2023-02-16T22:59:03.834+0000] {logging_mixin.py:137} INFO - [2023-02-16T22:59:03.834+0000] {dag.py:3441} INFO - Setting next_dagrun for example_branch_datetime_operator_3 to 2023-02-15T00:00:00+00:00, run_after=2023-02-16T00:00:00+00:00
[2023-02-16T22:59:03.976+0000] {processor.py:175} INFO - Processing /home/airflow/.local/lib/python3.7/site-packages/airflow/example_dags/example_branch_datetime_operator.py took 0.554 seconds
[2023-02-16T23:01:18.304+0000] {processor.py:153} INFO - Started process (PID=382) to work on /home/airflow/.local/lib/python3.7/site-packages/airflow/example_dags/example_branch_datetime_operator.py
[2023-02-16T23:01:18.320+0000] {processor.py:743} INFO - Processing file /home/airflow/.local/lib/python3.7/site-packages/airflow/example_dags/example_branch_datetime_operator.py for tasks to queue
[2023-02-16T23:01:18.381+0000] {logging_mixin.py:137} INFO - [2023-02-16T23:01:18.380+0000] {dagbag.py:538} INFO - Filling up the DagBag from /home/airflow/.local/lib/python3.7/site-packages/airflow/example_dags/example_branch_datetime_operator.py
[2023-02-16T23:01:19.688+0000] {processor.py:753} INFO - DAG(s) dict_keys(['example_branch_datetime_operator_2', 'example_branch_datetime_operator', 'example_branch_datetime_operator_3']) retrieved from /home/airflow/.local/lib/python3.7/site-packages/airflow/example_dags/example_branch_datetime_operator.py
[2023-02-16T23:01:21.022+0000] {logging_mixin.py:137} INFO - [2023-02-16T23:01:21.021+0000] {dag.py:2690} INFO - Sync 3 DAGs
[2023-02-16T23:01:23.589+0000] {logging_mixin.py:137} INFO - [2023-02-16T23:01:23.588+0000] {dag.py:3441} INFO - Setting next_dagrun for example_branch_datetime_operator to 2023-02-15T00:00:00+00:00, run_after=2023-02-16T00:00:00+00:00
[2023-02-16T23:01:23.921+0000] {logging_mixin.py:137} INFO - [2023-02-16T23:01:23.921+0000] {dag.py:3441} INFO - Setting next_dagrun for example_branch_datetime_operator_2 to 2023-02-15T00:00:00+00:00, run_after=2023-02-16T00:00:00+00:00
[2023-02-16T23:01:24.013+0000] {logging_mixin.py:137} INFO - [2023-02-16T23:01:24.013+0000] {dag.py:3441} INFO - Setting next_dagrun for example_branch_datetime_operator_3 to 2023-02-15T00:00:00+00:00, run_after=2023-02-16T00:00:00+00:00
[2023-02-16T23:01:24.562+0000] {processor.py:175} INFO - Processing /home/airflow/.local/lib/python3.7/site-packages/airflow/example_dags/example_branch_datetime_operator.py took 6.545 seconds
[2023-02-16T23:02:25.221+0000] {processor.py:153} INFO - Started process (PID=453) to work on /home/airflow/.local/lib/python3.7/site-packages/airflow/example_dags/example_branch_datetime_operator.py
[2023-02-16T23:02:25.228+0000] {processor.py:743} INFO - Processing file /home/airflow/.local/lib/python3.7/site-packages/airflow/example_dags/example_branch_datetime_operator.py for tasks to queue
[2023-02-16T23:02:25.250+0000] {logging_mixin.py:137} INFO - [2023-02-16T23:02:25.249+0000] {dagbag.py:538} INFO - Filling up the DagBag from /home/airflow/.local/lib/python3.7/site-packages/airflow/example_dags/example_branch_datetime_operator.py
[2023-02-16T23:02:25.326+0000] {processor.py:753} INFO - DAG(s) dict_keys(['example_branch_datetime_operator', 'example_branch_datetime_operator_3', 'example_branch_datetime_operator_2']) retrieved from /home/airflow/.local/lib/python3.7/site-packages/airflow/example_dags/example_branch_datetime_operator.py
[2023-02-16T23:02:25.452+0000] {logging_mixin.py:137} INFO - [2023-02-16T23:02:25.451+0000] {dag.py:2690} INFO - Sync 3 DAGs
[2023-02-16T23:02:25.856+0000] {logging_mixin.py:137} INFO - [2023-02-16T23:02:25.856+0000] {dag.py:3441} INFO - Setting next_dagrun for example_branch_datetime_operator to 2023-02-15T00:00:00+00:00, run_after=2023-02-16T00:00:00+00:00
[2023-02-16T23:02:25.901+0000] {logging_mixin.py:137} INFO - [2023-02-16T23:02:25.901+0000] {dag.py:3441} INFO - Setting next_dagrun for example_branch_datetime_operator_2 to 2023-02-15T00:00:00+00:00, run_after=2023-02-16T00:00:00+00:00
[2023-02-16T23:02:25.925+0000] {logging_mixin.py:137} INFO - [2023-02-16T23:02:25.925+0000] {dag.py:3441} INFO - Setting next_dagrun for example_branch_datetime_operator_3 to 2023-02-15T00:00:00+00:00, run_after=2023-02-16T00:00:00+00:00
[2023-02-16T23:02:26.240+0000] {processor.py:175} INFO - Processing /home/airflow/.local/lib/python3.7/site-packages/airflow/example_dags/example_branch_datetime_operator.py took 1.034 seconds
