[2023-02-16T22:55:33.467+0000] {processor.py:153} INFO - Started process (PID=137) to work on /home/airflow/.local/lib/python3.7/site-packages/airflow/example_dags/example_external_task_marker_dag.py
[2023-02-16T22:55:33.531+0000] {processor.py:743} INFO - Processing file /home/airflow/.local/lib/python3.7/site-packages/airflow/example_dags/example_external_task_marker_dag.py for tasks to queue
[2023-02-16T22:55:33.553+0000] {logging_mixin.py:137} INFO - [2023-02-16T22:55:33.537+0000] {dagbag.py:538} INFO - Filling up the DagBag from /home/airflow/.local/lib/python3.7/site-packages/airflow/example_dags/example_external_task_marker_dag.py
[2023-02-16T22:55:36.816+0000] {processor.py:753} INFO - DAG(s) dict_keys(['example_external_task_marker_parent', 'example_external_task_marker_child']) retrieved from /home/airflow/.local/lib/python3.7/site-packages/airflow/example_dags/example_external_task_marker_dag.py
[2023-02-16T22:55:42.710+0000] {logging_mixin.py:137} INFO - [2023-02-16T22:55:42.710+0000] {dag.py:2690} INFO - Sync 2 DAGs
[2023-02-16T22:55:45.197+0000] {logging_mixin.py:137} INFO - [2023-02-16T22:55:45.197+0000] {dag.py:3441} INFO - Setting next_dagrun for example_external_task_marker_child to None, run_after=None
[2023-02-16T22:55:45.334+0000] {logging_mixin.py:137} INFO - [2023-02-16T22:55:45.334+0000] {dag.py:3441} INFO - Setting next_dagrun for example_external_task_marker_parent to None, run_after=None
[2023-02-16T22:55:47.398+0000] {processor.py:175} INFO - Processing /home/airflow/.local/lib/python3.7/site-packages/airflow/example_dags/example_external_task_marker_dag.py took 14.228 seconds
[2023-02-16T22:58:58.127+0000] {processor.py:153} INFO - Started process (PID=270) to work on /home/airflow/.local/lib/python3.7/site-packages/airflow/example_dags/example_external_task_marker_dag.py
[2023-02-16T22:58:58.184+0000] {processor.py:743} INFO - Processing file /home/airflow/.local/lib/python3.7/site-packages/airflow/example_dags/example_external_task_marker_dag.py for tasks to queue
[2023-02-16T22:58:58.220+0000] {logging_mixin.py:137} INFO - [2023-02-16T22:58:58.219+0000] {dagbag.py:538} INFO - Filling up the DagBag from /home/airflow/.local/lib/python3.7/site-packages/airflow/example_dags/example_external_task_marker_dag.py
[2023-02-16T22:58:58.564+0000] {processor.py:753} INFO - DAG(s) dict_keys(['example_external_task_marker_child', 'example_external_task_marker_parent']) retrieved from /home/airflow/.local/lib/python3.7/site-packages/airflow/example_dags/example_external_task_marker_dag.py
[2023-02-16T22:58:58.777+0000] {logging_mixin.py:137} INFO - [2023-02-16T22:58:58.776+0000] {dag.py:2690} INFO - Sync 2 DAGs
[2023-02-16T22:58:58.931+0000] {logging_mixin.py:137} INFO - [2023-02-16T22:58:58.931+0000] {dag.py:3441} INFO - Setting next_dagrun for example_external_task_marker_child to None, run_after=None
[2023-02-16T22:58:58.941+0000] {logging_mixin.py:137} INFO - [2023-02-16T22:58:58.941+0000] {dag.py:3441} INFO - Setting next_dagrun for example_external_task_marker_parent to None, run_after=None
[2023-02-16T22:58:59.010+0000] {processor.py:175} INFO - Processing /home/airflow/.local/lib/python3.7/site-packages/airflow/example_dags/example_external_task_marker_dag.py took 0.957 seconds
[2023-02-16T22:59:31.653+0000] {processor.py:153} INFO - Started process (PID=330) to work on /home/airflow/.local/lib/python3.7/site-packages/airflow/example_dags/example_external_task_marker_dag.py
[2023-02-16T22:59:31.675+0000] {processor.py:743} INFO - Processing file /home/airflow/.local/lib/python3.7/site-packages/airflow/example_dags/example_external_task_marker_dag.py for tasks to queue
[2023-02-16T22:59:31.694+0000] {logging_mixin.py:137} INFO - [2023-02-16T22:59:31.693+0000] {dagbag.py:538} INFO - Filling up the DagBag from /home/airflow/.local/lib/python3.7/site-packages/airflow/example_dags/example_external_task_marker_dag.py
[2023-02-16T22:59:31.935+0000] {processor.py:753} INFO - DAG(s) dict_keys(['example_external_task_marker_parent', 'example_external_task_marker_child']) retrieved from /home/airflow/.local/lib/python3.7/site-packages/airflow/example_dags/example_external_task_marker_dag.py
[2023-02-16T22:59:33.031+0000] {logging_mixin.py:137} INFO - [2023-02-16T22:59:33.030+0000] {dag.py:2690} INFO - Sync 2 DAGs
[2023-02-16T22:59:33.520+0000] {logging_mixin.py:137} INFO - [2023-02-16T22:59:33.514+0000] {dag.py:3441} INFO - Setting next_dagrun for example_external_task_marker_child to None, run_after=None
[2023-02-16T22:59:33.579+0000] {logging_mixin.py:137} INFO - [2023-02-16T22:59:33.578+0000] {dag.py:3441} INFO - Setting next_dagrun for example_external_task_marker_parent to None, run_after=None
[2023-02-16T22:59:36.872+0000] {processor.py:175} INFO - Processing /home/airflow/.local/lib/python3.7/site-packages/airflow/example_dags/example_external_task_marker_dag.py took 5.274 seconds
[2023-02-16T23:02:06.405+0000] {processor.py:153} INFO - Started process (PID=422) to work on /home/airflow/.local/lib/python3.7/site-packages/airflow/example_dags/example_external_task_marker_dag.py
[2023-02-16T23:02:06.423+0000] {processor.py:743} INFO - Processing file /home/airflow/.local/lib/python3.7/site-packages/airflow/example_dags/example_external_task_marker_dag.py for tasks to queue
[2023-02-16T23:02:06.452+0000] {logging_mixin.py:137} INFO - [2023-02-16T23:02:06.451+0000] {dagbag.py:538} INFO - Filling up the DagBag from /home/airflow/.local/lib/python3.7/site-packages/airflow/example_dags/example_external_task_marker_dag.py
[2023-02-16T23:02:06.606+0000] {processor.py:753} INFO - DAG(s) dict_keys(['example_external_task_marker_parent', 'example_external_task_marker_child']) retrieved from /home/airflow/.local/lib/python3.7/site-packages/airflow/example_dags/example_external_task_marker_dag.py
[2023-02-16T23:02:06.849+0000] {logging_mixin.py:137} INFO - [2023-02-16T23:02:06.849+0000] {dag.py:2690} INFO - Sync 2 DAGs
[2023-02-16T23:02:07.059+0000] {logging_mixin.py:137} INFO - [2023-02-16T23:02:07.059+0000] {dag.py:3441} INFO - Setting next_dagrun for example_external_task_marker_child to None, run_after=None
[2023-02-16T23:02:07.070+0000] {logging_mixin.py:137} INFO - [2023-02-16T23:02:07.070+0000] {dag.py:3441} INFO - Setting next_dagrun for example_external_task_marker_parent to None, run_after=None
[2023-02-16T23:02:07.149+0000] {processor.py:175} INFO - Processing /home/airflow/.local/lib/python3.7/site-packages/airflow/example_dags/example_external_task_marker_dag.py took 0.753 seconds
[2023-02-16T23:02:43.685+0000] {processor.py:153} INFO - Started process (PID=482) to work on /home/airflow/.local/lib/python3.7/site-packages/airflow/example_dags/example_external_task_marker_dag.py
[2023-02-16T23:02:43.708+0000] {processor.py:743} INFO - Processing file /home/airflow/.local/lib/python3.7/site-packages/airflow/example_dags/example_external_task_marker_dag.py for tasks to queue
[2023-02-16T23:02:43.715+0000] {logging_mixin.py:137} INFO - [2023-02-16T23:02:43.715+0000] {dagbag.py:538} INFO - Filling up the DagBag from /home/airflow/.local/lib/python3.7/site-packages/airflow/example_dags/example_external_task_marker_dag.py
[2023-02-16T23:02:44.217+0000] {processor.py:753} INFO - DAG(s) dict_keys(['example_external_task_marker_parent', 'example_external_task_marker_child']) retrieved from /home/airflow/.local/lib/python3.7/site-packages/airflow/example_dags/example_external_task_marker_dag.py
[2023-02-16T23:02:44.525+0000] {logging_mixin.py:137} INFO - [2023-02-16T23:02:44.524+0000] {dag.py:2690} INFO - Sync 2 DAGs
[2023-02-16T23:02:44.826+0000] {logging_mixin.py:137} INFO - [2023-02-16T23:02:44.826+0000] {dag.py:3441} INFO - Setting next_dagrun for example_external_task_marker_child to None, run_after=None
[2023-02-16T23:02:44.898+0000] {logging_mixin.py:137} INFO - [2023-02-16T23:02:44.897+0000] {dag.py:3441} INFO - Setting next_dagrun for example_external_task_marker_parent to None, run_after=None
[2023-02-16T23:02:45.221+0000] {processor.py:175} INFO - Processing /home/airflow/.local/lib/python3.7/site-packages/airflow/example_dags/example_external_task_marker_dag.py took 1.582 seconds
