[2023-02-16T22:56:03.567+0000] {processor.py:153} INFO - Started process (PID=153) to work on /home/airflow/.local/lib/python3.7/site-packages/airflow/example_dags/example_sla_dag.py
[2023-02-16T22:56:03.641+0000] {processor.py:743} INFO - Processing file /home/airflow/.local/lib/python3.7/site-packages/airflow/example_dags/example_sla_dag.py for tasks to queue
[2023-02-16T22:56:03.683+0000] {logging_mixin.py:137} INFO - [2023-02-16T22:56:03.682+0000] {dagbag.py:538} INFO - Filling up the DagBag from /home/airflow/.local/lib/python3.7/site-packages/airflow/example_dags/example_sla_dag.py
[2023-02-16T22:56:08.051+0000] {processor.py:753} INFO - DAG(s) dict_keys(['example_sla_dag']) retrieved from /home/airflow/.local/lib/python3.7/site-packages/airflow/example_dags/example_sla_dag.py
[2023-02-16T22:56:13.078+0000] {logging_mixin.py:137} INFO - [2023-02-16T22:56:13.077+0000] {dag.py:2690} INFO - Sync 1 DAGs
[2023-02-16T22:56:18.593+0000] {logging_mixin.py:137} INFO - [2023-02-16T22:56:18.593+0000] {dag.py:3441} INFO - Setting next_dagrun for example_sla_dag to 2023-02-16T22:54:00+00:00, run_after=2023-02-16T22:56:00+00:00
[2023-02-16T22:56:19.288+0000] {processor.py:175} INFO - Processing /home/airflow/.local/lib/python3.7/site-packages/airflow/example_dags/example_sla_dag.py took 15.972 seconds
[2023-02-16T22:59:00.343+0000] {processor.py:153} INFO - Started process (PID=275) to work on /home/airflow/.local/lib/python3.7/site-packages/airflow/example_dags/example_sla_dag.py
[2023-02-16T22:59:00.349+0000] {processor.py:743} INFO - Processing file /home/airflow/.local/lib/python3.7/site-packages/airflow/example_dags/example_sla_dag.py for tasks to queue
[2023-02-16T22:59:00.354+0000] {logging_mixin.py:137} INFO - [2023-02-16T22:59:00.353+0000] {dagbag.py:538} INFO - Filling up the DagBag from /home/airflow/.local/lib/python3.7/site-packages/airflow/example_dags/example_sla_dag.py
[2023-02-16T22:59:00.466+0000] {processor.py:753} INFO - DAG(s) dict_keys(['example_sla_dag']) retrieved from /home/airflow/.local/lib/python3.7/site-packages/airflow/example_dags/example_sla_dag.py
[2023-02-16T22:59:00.751+0000] {logging_mixin.py:137} INFO - [2023-02-16T22:59:00.750+0000] {dag.py:2690} INFO - Sync 1 DAGs
[2023-02-16T22:59:00.870+0000] {logging_mixin.py:137} INFO - [2023-02-16T22:59:00.870+0000] {dag.py:3441} INFO - Setting next_dagrun for example_sla_dag to 2023-02-16T22:56:00+00:00, run_after=2023-02-16T22:58:00+00:00
[2023-02-16T22:59:00.914+0000] {processor.py:175} INFO - Processing /home/airflow/.local/lib/python3.7/site-packages/airflow/example_dags/example_sla_dag.py took 0.585 seconds
[2023-02-16T23:00:12.330+0000] {processor.py:153} INFO - Started process (PID=349) to work on /home/airflow/.local/lib/python3.7/site-packages/airflow/example_dags/example_sla_dag.py
[2023-02-16T23:00:12.402+0000] {processor.py:743} INFO - Processing file /home/airflow/.local/lib/python3.7/site-packages/airflow/example_dags/example_sla_dag.py for tasks to queue
[2023-02-16T23:00:12.723+0000] {logging_mixin.py:137} INFO - [2023-02-16T23:00:12.667+0000] {dagbag.py:538} INFO - Filling up the DagBag from /home/airflow/.local/lib/python3.7/site-packages/airflow/example_dags/example_sla_dag.py
[2023-02-16T23:00:16.370+0000] {processor.py:753} INFO - DAG(s) dict_keys(['example_sla_dag']) retrieved from /home/airflow/.local/lib/python3.7/site-packages/airflow/example_dags/example_sla_dag.py
[2023-02-16T23:00:18.269+0000] {logging_mixin.py:137} INFO - [2023-02-16T23:00:18.243+0000] {dag.py:2690} INFO - Sync 1 DAGs
[2023-02-16T23:00:21.102+0000] {logging_mixin.py:137} INFO - [2023-02-16T23:00:21.102+0000] {dag.py:3441} INFO - Setting next_dagrun for example_sla_dag to 2023-02-16T22:58:00+00:00, run_after=2023-02-16T23:00:00+00:00
[2023-02-16T23:00:22.573+0000] {processor.py:175} INFO - Processing /home/airflow/.local/lib/python3.7/site-packages/airflow/example_dags/example_sla_dag.py took 10.905 seconds
[2023-02-16T23:02:30.429+0000] {processor.py:153} INFO - Started process (PID=462) to work on /home/airflow/.local/lib/python3.7/site-packages/airflow/example_dags/example_sla_dag.py
[2023-02-16T23:02:30.533+0000] {processor.py:743} INFO - Processing file /home/airflow/.local/lib/python3.7/site-packages/airflow/example_dags/example_sla_dag.py for tasks to queue
[2023-02-16T23:02:30.560+0000] {logging_mixin.py:137} INFO - [2023-02-16T23:02:30.559+0000] {dagbag.py:538} INFO - Filling up the DagBag from /home/airflow/.local/lib/python3.7/site-packages/airflow/example_dags/example_sla_dag.py
[2023-02-16T23:02:31.051+0000] {processor.py:753} INFO - DAG(s) dict_keys(['example_sla_dag']) retrieved from /home/airflow/.local/lib/python3.7/site-packages/airflow/example_dags/example_sla_dag.py
[2023-02-16T23:02:31.583+0000] {logging_mixin.py:137} INFO - [2023-02-16T23:02:31.583+0000] {dag.py:2690} INFO - Sync 1 DAGs
[2023-02-16T23:02:32.260+0000] {logging_mixin.py:137} INFO - [2023-02-16T23:02:32.256+0000] {dag.py:3441} INFO - Setting next_dagrun for example_sla_dag to 2023-02-16T23:00:00+00:00, run_after=2023-02-16T23:02:00+00:00
[2023-02-16T23:02:32.486+0000] {processor.py:175} INFO - Processing /home/airflow/.local/lib/python3.7/site-packages/airflow/example_dags/example_sla_dag.py took 2.071 seconds
[2023-02-16T23:29:05.443+0000] {processor.py:153} INFO - Started process (PID=169) to work on /home/airflow/.local/lib/python3.7/site-packages/airflow/example_dags/example_sla_dag.py
[2023-02-16T23:29:05.458+0000] {processor.py:743} INFO - Processing file /home/airflow/.local/lib/python3.7/site-packages/airflow/example_dags/example_sla_dag.py for tasks to queue
[2023-02-16T23:29:05.472+0000] {logging_mixin.py:137} INFO - [2023-02-16T23:29:05.468+0000] {dagbag.py:538} INFO - Filling up the DagBag from /home/airflow/.local/lib/python3.7/site-packages/airflow/example_dags/example_sla_dag.py
[2023-02-16T23:29:06.655+0000] {processor.py:753} INFO - DAG(s) dict_keys(['example_sla_dag']) retrieved from /home/airflow/.local/lib/python3.7/site-packages/airflow/example_dags/example_sla_dag.py
[2023-02-16T23:29:14.851+0000] {logging_mixin.py:137} INFO - [2023-02-16T23:29:14.824+0000] {manager.py:504} INFO - Created Permission View: can edit on DAG:example_sla_dag
[2023-02-16T23:29:15.168+0000] {logging_mixin.py:137} INFO - [2023-02-16T23:29:15.167+0000] {manager.py:504} INFO - Created Permission View: can delete on DAG:example_sla_dag
[2023-02-16T23:29:15.397+0000] {logging_mixin.py:137} INFO - [2023-02-16T23:29:15.396+0000] {manager.py:504} INFO - Created Permission View: can read on DAG:example_sla_dag
[2023-02-16T23:29:15.418+0000] {logging_mixin.py:137} INFO - [2023-02-16T23:29:15.403+0000] {dag.py:2690} INFO - Sync 1 DAGs
[2023-02-16T23:29:16.306+0000] {logging_mixin.py:137} INFO - [2023-02-16T23:29:16.267+0000] {dag.py:2711} INFO - Creating ORM DAG for example_sla_dag
[2023-02-16T23:29:16.761+0000] {logging_mixin.py:137} INFO - [2023-02-16T23:29:16.761+0000] {dag.py:3441} INFO - Setting next_dagrun for example_sla_dag to 2023-02-16T23:26:00+00:00, run_after=2023-02-16T23:28:00+00:00
[2023-02-16T23:29:17.335+0000] {processor.py:175} INFO - Processing /home/airflow/.local/lib/python3.7/site-packages/airflow/example_dags/example_sla_dag.py took 11.927 seconds
[2023-02-16T23:30:53.253+0000] {processor.py:153} INFO - Started process (PID=259) to work on /home/airflow/.local/lib/python3.7/site-packages/airflow/example_dags/example_sla_dag.py
[2023-02-16T23:30:53.280+0000] {processor.py:743} INFO - Processing file /home/airflow/.local/lib/python3.7/site-packages/airflow/example_dags/example_sla_dag.py for tasks to queue
[2023-02-16T23:30:53.294+0000] {logging_mixin.py:137} INFO - [2023-02-16T23:30:53.291+0000] {dagbag.py:538} INFO - Filling up the DagBag from /home/airflow/.local/lib/python3.7/site-packages/airflow/example_dags/example_sla_dag.py
[2023-02-16T23:30:54.177+0000] {processor.py:753} INFO - DAG(s) dict_keys(['example_sla_dag']) retrieved from /home/airflow/.local/lib/python3.7/site-packages/airflow/example_dags/example_sla_dag.py
[2023-02-16T23:30:54.389+0000] {logging_mixin.py:137} INFO - [2023-02-16T23:30:54.389+0000] {dag.py:2690} INFO - Sync 1 DAGs
[2023-02-16T23:30:54.679+0000] {logging_mixin.py:137} INFO - [2023-02-16T23:30:54.674+0000] {dag.py:3441} INFO - Setting next_dagrun for example_sla_dag to 2023-02-16T23:28:00+00:00, run_after=2023-02-16T23:30:00+00:00
[2023-02-16T23:30:54.874+0000] {processor.py:175} INFO - Processing /home/airflow/.local/lib/python3.7/site-packages/airflow/example_dags/example_sla_dag.py took 1.681 seconds
[2023-02-16T23:32:37.141+0000] {processor.py:153} INFO - Started process (PID=345) to work on /home/airflow/.local/lib/python3.7/site-packages/airflow/example_dags/example_sla_dag.py
[2023-02-16T23:32:37.228+0000] {processor.py:743} INFO - Processing file /home/airflow/.local/lib/python3.7/site-packages/airflow/example_dags/example_sla_dag.py for tasks to queue
[2023-02-16T23:32:37.301+0000] {logging_mixin.py:137} INFO - [2023-02-16T23:32:37.284+0000] {dagbag.py:538} INFO - Filling up the DagBag from /home/airflow/.local/lib/python3.7/site-packages/airflow/example_dags/example_sla_dag.py
[2023-02-16T23:32:38.155+0000] {processor.py:753} INFO - DAG(s) dict_keys(['example_sla_dag']) retrieved from /home/airflow/.local/lib/python3.7/site-packages/airflow/example_dags/example_sla_dag.py
[2023-02-16T23:32:38.859+0000] {logging_mixin.py:137} INFO - [2023-02-16T23:32:38.859+0000] {dag.py:2690} INFO - Sync 1 DAGs
[2023-02-16T23:32:39.322+0000] {logging_mixin.py:137} INFO - [2023-02-16T23:32:39.321+0000] {dag.py:3441} INFO - Setting next_dagrun for example_sla_dag to 2023-02-16T23:30:00+00:00, run_after=2023-02-16T23:32:00+00:00
[2023-02-16T23:32:39.723+0000] {processor.py:175} INFO - Processing /home/airflow/.local/lib/python3.7/site-packages/airflow/example_dags/example_sla_dag.py took 2.730 seconds
[2023-02-16T23:34:42.116+0000] {processor.py:153} INFO - Started process (PID=455) to work on /home/airflow/.local/lib/python3.7/site-packages/airflow/example_dags/example_sla_dag.py
[2023-02-16T23:34:42.128+0000] {processor.py:743} INFO - Processing file /home/airflow/.local/lib/python3.7/site-packages/airflow/example_dags/example_sla_dag.py for tasks to queue
[2023-02-16T23:34:42.153+0000] {logging_mixin.py:137} INFO - [2023-02-16T23:34:42.153+0000] {dagbag.py:538} INFO - Filling up the DagBag from /home/airflow/.local/lib/python3.7/site-packages/airflow/example_dags/example_sla_dag.py
[2023-02-16T23:34:42.694+0000] {processor.py:753} INFO - DAG(s) dict_keys(['example_sla_dag']) retrieved from /home/airflow/.local/lib/python3.7/site-packages/airflow/example_dags/example_sla_dag.py
[2023-02-16T23:34:43.061+0000] {logging_mixin.py:137} INFO - [2023-02-16T23:34:43.061+0000] {dag.py:2690} INFO - Sync 1 DAGs
[2023-02-16T23:34:43.408+0000] {logging_mixin.py:137} INFO - [2023-02-16T23:34:43.404+0000] {dag.py:3441} INFO - Setting next_dagrun for example_sla_dag to 2023-02-16T23:32:00+00:00, run_after=2023-02-16T23:34:00+00:00
[2023-02-16T23:34:43.694+0000] {processor.py:175} INFO - Processing /home/airflow/.local/lib/python3.7/site-packages/airflow/example_dags/example_sla_dag.py took 1.634 seconds
[2023-02-16T23:35:21.627+0000] {processor.py:153} INFO - Started process (PID=515) to work on /home/airflow/.local/lib/python3.7/site-packages/airflow/example_dags/example_sla_dag.py
[2023-02-16T23:35:21.640+0000] {processor.py:743} INFO - Processing file /home/airflow/.local/lib/python3.7/site-packages/airflow/example_dags/example_sla_dag.py for tasks to queue
[2023-02-16T23:35:21.665+0000] {logging_mixin.py:137} INFO - [2023-02-16T23:35:21.665+0000] {dagbag.py:538} INFO - Filling up the DagBag from /home/airflow/.local/lib/python3.7/site-packages/airflow/example_dags/example_sla_dag.py
[2023-02-16T23:35:22.242+0000] {processor.py:753} INFO - DAG(s) dict_keys(['example_sla_dag']) retrieved from /home/airflow/.local/lib/python3.7/site-packages/airflow/example_dags/example_sla_dag.py
[2023-02-16T23:35:23.034+0000] {logging_mixin.py:137} INFO - [2023-02-16T23:35:23.034+0000] {dag.py:2690} INFO - Sync 1 DAGs
[2023-02-16T23:35:24.039+0000] {logging_mixin.py:137} INFO - [2023-02-16T23:35:24.039+0000] {dag.py:3441} INFO - Setting next_dagrun for example_sla_dag to 2023-02-16T23:32:00+00:00, run_after=2023-02-16T23:34:00+00:00
[2023-02-16T23:35:24.587+0000] {processor.py:175} INFO - Processing /home/airflow/.local/lib/python3.7/site-packages/airflow/example_dags/example_sla_dag.py took 3.020 seconds
[2023-02-16T23:36:29.437+0000] {processor.py:153} INFO - Started process (PID=587) to work on /home/airflow/.local/lib/python3.7/site-packages/airflow/example_dags/example_sla_dag.py
[2023-02-16T23:36:29.446+0000] {processor.py:743} INFO - Processing file /home/airflow/.local/lib/python3.7/site-packages/airflow/example_dags/example_sla_dag.py for tasks to queue
[2023-02-16T23:36:29.453+0000] {logging_mixin.py:137} INFO - [2023-02-16T23:36:29.452+0000] {dagbag.py:538} INFO - Filling up the DagBag from /home/airflow/.local/lib/python3.7/site-packages/airflow/example_dags/example_sla_dag.py
[2023-02-16T23:36:29.564+0000] {processor.py:753} INFO - DAG(s) dict_keys(['example_sla_dag']) retrieved from /home/airflow/.local/lib/python3.7/site-packages/airflow/example_dags/example_sla_dag.py
[2023-02-16T23:36:29.742+0000] {logging_mixin.py:137} INFO - [2023-02-16T23:36:29.741+0000] {dag.py:2690} INFO - Sync 1 DAGs
[2023-02-16T23:36:29.959+0000] {logging_mixin.py:137} INFO - [2023-02-16T23:36:29.959+0000] {dag.py:3441} INFO - Setting next_dagrun for example_sla_dag to 2023-02-16T23:34:00+00:00, run_after=2023-02-16T23:36:00+00:00
[2023-02-16T23:36:30.133+0000] {processor.py:175} INFO - Processing /home/airflow/.local/lib/python3.7/site-packages/airflow/example_dags/example_sla_dag.py took 0.716 seconds
[2023-02-16T23:37:03.823+0000] {processor.py:153} INFO - Started process (PID=647) to work on /home/airflow/.local/lib/python3.7/site-packages/airflow/example_dags/example_sla_dag.py
[2023-02-16T23:37:03.838+0000] {processor.py:743} INFO - Processing file /home/airflow/.local/lib/python3.7/site-packages/airflow/example_dags/example_sla_dag.py for tasks to queue
[2023-02-16T23:37:03.854+0000] {logging_mixin.py:137} INFO - [2023-02-16T23:37:03.854+0000] {dagbag.py:538} INFO - Filling up the DagBag from /home/airflow/.local/lib/python3.7/site-packages/airflow/example_dags/example_sla_dag.py
[2023-02-16T23:37:04.109+0000] {processor.py:753} INFO - DAG(s) dict_keys(['example_sla_dag']) retrieved from /home/airflow/.local/lib/python3.7/site-packages/airflow/example_dags/example_sla_dag.py
[2023-02-16T23:37:04.384+0000] {logging_mixin.py:137} INFO - [2023-02-16T23:37:04.383+0000] {dag.py:2690} INFO - Sync 1 DAGs
[2023-02-16T23:37:04.744+0000] {logging_mixin.py:137} INFO - [2023-02-16T23:37:04.732+0000] {dag.py:3441} INFO - Setting next_dagrun for example_sla_dag to 2023-02-16T23:34:00+00:00, run_after=2023-02-16T23:36:00+00:00
[2023-02-16T23:37:04.931+0000] {processor.py:175} INFO - Processing /home/airflow/.local/lib/python3.7/site-packages/airflow/example_dags/example_sla_dag.py took 1.139 seconds
[2023-02-16T23:38:28.431+0000] {processor.py:153} INFO - Started process (PID=719) to work on /home/airflow/.local/lib/python3.7/site-packages/airflow/example_dags/example_sla_dag.py
[2023-02-16T23:38:28.487+0000] {processor.py:743} INFO - Processing file /home/airflow/.local/lib/python3.7/site-packages/airflow/example_dags/example_sla_dag.py for tasks to queue
[2023-02-16T23:38:28.519+0000] {logging_mixin.py:137} INFO - [2023-02-16T23:38:28.519+0000] {dagbag.py:538} INFO - Filling up the DagBag from /home/airflow/.local/lib/python3.7/site-packages/airflow/example_dags/example_sla_dag.py
[2023-02-16T23:38:29.319+0000] {processor.py:753} INFO - DAG(s) dict_keys(['example_sla_dag']) retrieved from /home/airflow/.local/lib/python3.7/site-packages/airflow/example_dags/example_sla_dag.py
[2023-02-16T23:38:30.087+0000] {logging_mixin.py:137} INFO - [2023-02-16T23:38:30.087+0000] {dag.py:2690} INFO - Sync 1 DAGs
[2023-02-16T23:38:30.902+0000] {logging_mixin.py:137} INFO - [2023-02-16T23:38:30.901+0000] {dag.py:3441} INFO - Setting next_dagrun for example_sla_dag to 2023-02-16T23:36:00+00:00, run_after=2023-02-16T23:38:00+00:00
[2023-02-16T23:38:31.310+0000] {processor.py:175} INFO - Processing /home/airflow/.local/lib/python3.7/site-packages/airflow/example_dags/example_sla_dag.py took 2.926 seconds
[2023-02-16T23:39:07.089+0000] {processor.py:153} INFO - Started process (PID=779) to work on /home/airflow/.local/lib/python3.7/site-packages/airflow/example_dags/example_sla_dag.py
[2023-02-16T23:39:07.104+0000] {processor.py:743} INFO - Processing file /home/airflow/.local/lib/python3.7/site-packages/airflow/example_dags/example_sla_dag.py for tasks to queue
[2023-02-16T23:39:07.114+0000] {logging_mixin.py:137} INFO - [2023-02-16T23:39:07.114+0000] {dagbag.py:538} INFO - Filling up the DagBag from /home/airflow/.local/lib/python3.7/site-packages/airflow/example_dags/example_sla_dag.py
[2023-02-16T23:39:07.432+0000] {processor.py:753} INFO - DAG(s) dict_keys(['example_sla_dag']) retrieved from /home/airflow/.local/lib/python3.7/site-packages/airflow/example_dags/example_sla_dag.py
[2023-02-16T23:39:07.653+0000] {logging_mixin.py:137} INFO - [2023-02-16T23:39:07.652+0000] {dag.py:2690} INFO - Sync 1 DAGs
[2023-02-16T23:39:07.900+0000] {logging_mixin.py:137} INFO - [2023-02-16T23:39:07.900+0000] {dag.py:3441} INFO - Setting next_dagrun for example_sla_dag to 2023-02-16T23:36:00+00:00, run_after=2023-02-16T23:38:00+00:00
[2023-02-16T23:39:08.051+0000] {processor.py:175} INFO - Processing /home/airflow/.local/lib/python3.7/site-packages/airflow/example_dags/example_sla_dag.py took 1.009 seconds
[2023-02-16T23:40:29.701+0000] {processor.py:153} INFO - Started process (PID=861) to work on /home/airflow/.local/lib/python3.7/site-packages/airflow/example_dags/example_sla_dag.py
[2023-02-16T23:40:29.717+0000] {processor.py:743} INFO - Processing file /home/airflow/.local/lib/python3.7/site-packages/airflow/example_dags/example_sla_dag.py for tasks to queue
[2023-02-16T23:40:29.735+0000] {logging_mixin.py:137} INFO - [2023-02-16T23:40:29.733+0000] {dagbag.py:538} INFO - Filling up the DagBag from /home/airflow/.local/lib/python3.7/site-packages/airflow/example_dags/example_sla_dag.py
[2023-02-16T23:40:30.017+0000] {processor.py:753} INFO - DAG(s) dict_keys(['example_sla_dag']) retrieved from /home/airflow/.local/lib/python3.7/site-packages/airflow/example_dags/example_sla_dag.py
[2023-02-16T23:40:30.256+0000] {logging_mixin.py:137} INFO - [2023-02-16T23:40:30.255+0000] {dag.py:2690} INFO - Sync 1 DAGs
[2023-02-16T23:40:30.866+0000] {logging_mixin.py:137} INFO - [2023-02-16T23:40:30.865+0000] {dag.py:3441} INFO - Setting next_dagrun for example_sla_dag to 2023-02-16T23:38:00+00:00, run_after=2023-02-16T23:40:00+00:00
[2023-02-16T23:40:31.413+0000] {processor.py:175} INFO - Processing /home/airflow/.local/lib/python3.7/site-packages/airflow/example_dags/example_sla_dag.py took 1.775 seconds
[2023-02-16T23:41:13.910+0000] {processor.py:153} INFO - Started process (PID=920) to work on /home/airflow/.local/lib/python3.7/site-packages/airflow/example_dags/example_sla_dag.py
[2023-02-16T23:41:13.942+0000] {processor.py:743} INFO - Processing file /home/airflow/.local/lib/python3.7/site-packages/airflow/example_dags/example_sla_dag.py for tasks to queue
[2023-02-16T23:41:13.956+0000] {logging_mixin.py:137} INFO - [2023-02-16T23:41:13.952+0000] {dagbag.py:538} INFO - Filling up the DagBag from /home/airflow/.local/lib/python3.7/site-packages/airflow/example_dags/example_sla_dag.py
[2023-02-16T23:41:14.715+0000] {processor.py:753} INFO - DAG(s) dict_keys(['example_sla_dag']) retrieved from /home/airflow/.local/lib/python3.7/site-packages/airflow/example_dags/example_sla_dag.py
[2023-02-16T23:41:15.273+0000] {logging_mixin.py:137} INFO - [2023-02-16T23:41:15.272+0000] {dag.py:2690} INFO - Sync 1 DAGs
[2023-02-16T23:41:16.155+0000] {logging_mixin.py:137} INFO - [2023-02-16T23:41:16.155+0000] {dag.py:3441} INFO - Setting next_dagrun for example_sla_dag to 2023-02-16T23:38:00+00:00, run_after=2023-02-16T23:40:00+00:00
[2023-02-16T23:41:16.634+0000] {processor.py:175} INFO - Processing /home/airflow/.local/lib/python3.7/site-packages/airflow/example_dags/example_sla_dag.py took 2.782 seconds
[2023-02-16T23:42:23.605+0000] {processor.py:153} INFO - Started process (PID=996) to work on /home/airflow/.local/lib/python3.7/site-packages/airflow/example_dags/example_sla_dag.py
[2023-02-16T23:42:23.625+0000] {processor.py:743} INFO - Processing file /home/airflow/.local/lib/python3.7/site-packages/airflow/example_dags/example_sla_dag.py for tasks to queue
[2023-02-16T23:42:23.629+0000] {logging_mixin.py:137} INFO - [2023-02-16T23:42:23.629+0000] {dagbag.py:538} INFO - Filling up the DagBag from /home/airflow/.local/lib/python3.7/site-packages/airflow/example_dags/example_sla_dag.py
[2023-02-16T23:42:23.875+0000] {processor.py:753} INFO - DAG(s) dict_keys(['example_sla_dag']) retrieved from /home/airflow/.local/lib/python3.7/site-packages/airflow/example_dags/example_sla_dag.py
[2023-02-16T23:42:24.127+0000] {logging_mixin.py:137} INFO - [2023-02-16T23:42:24.126+0000] {dag.py:2690} INFO - Sync 1 DAGs
[2023-02-16T23:42:24.798+0000] {logging_mixin.py:137} INFO - [2023-02-16T23:42:24.797+0000] {dag.py:3441} INFO - Setting next_dagrun for example_sla_dag to 2023-02-16T23:40:00+00:00, run_after=2023-02-16T23:42:00+00:00
[2023-02-16T23:42:24.990+0000] {processor.py:175} INFO - Processing /home/airflow/.local/lib/python3.7/site-packages/airflow/example_dags/example_sla_dag.py took 1.437 seconds
[2023-02-16T23:43:18.352+0000] {processor.py:153} INFO - Started process (PID=1063) to work on /home/airflow/.local/lib/python3.7/site-packages/airflow/example_dags/example_sla_dag.py
[2023-02-16T23:43:18.358+0000] {processor.py:743} INFO - Processing file /home/airflow/.local/lib/python3.7/site-packages/airflow/example_dags/example_sla_dag.py for tasks to queue
[2023-02-16T23:43:18.363+0000] {logging_mixin.py:137} INFO - [2023-02-16T23:43:18.362+0000] {dagbag.py:538} INFO - Filling up the DagBag from /home/airflow/.local/lib/python3.7/site-packages/airflow/example_dags/example_sla_dag.py
[2023-02-16T23:43:18.591+0000] {processor.py:753} INFO - DAG(s) dict_keys(['example_sla_dag']) retrieved from /home/airflow/.local/lib/python3.7/site-packages/airflow/example_dags/example_sla_dag.py
[2023-02-16T23:43:18.961+0000] {logging_mixin.py:137} INFO - [2023-02-16T23:43:18.960+0000] {dag.py:2690} INFO - Sync 1 DAGs
[2023-02-16T23:43:19.404+0000] {logging_mixin.py:137} INFO - [2023-02-16T23:43:19.403+0000] {dag.py:3441} INFO - Setting next_dagrun for example_sla_dag to 2023-02-16T23:40:00+00:00, run_after=2023-02-16T23:42:00+00:00
[2023-02-16T23:43:19.638+0000] {processor.py:175} INFO - Processing /home/airflow/.local/lib/python3.7/site-packages/airflow/example_dags/example_sla_dag.py took 1.319 seconds
[2023-02-16T23:44:17.445+0000] {processor.py:153} INFO - Started process (PID=1137) to work on /home/airflow/.local/lib/python3.7/site-packages/airflow/example_dags/example_sla_dag.py
[2023-02-16T23:44:17.521+0000] {processor.py:743} INFO - Processing file /home/airflow/.local/lib/python3.7/site-packages/airflow/example_dags/example_sla_dag.py for tasks to queue
[2023-02-16T23:44:17.536+0000] {logging_mixin.py:137} INFO - [2023-02-16T23:44:17.532+0000] {dagbag.py:538} INFO - Filling up the DagBag from /home/airflow/.local/lib/python3.7/site-packages/airflow/example_dags/example_sla_dag.py
[2023-02-16T23:44:18.350+0000] {processor.py:753} INFO - DAG(s) dict_keys(['example_sla_dag']) retrieved from /home/airflow/.local/lib/python3.7/site-packages/airflow/example_dags/example_sla_dag.py
[2023-02-16T23:44:18.912+0000] {logging_mixin.py:137} INFO - [2023-02-16T23:44:18.912+0000] {dag.py:2690} INFO - Sync 1 DAGs
[2023-02-16T23:44:19.225+0000] {logging_mixin.py:137} INFO - [2023-02-16T23:44:19.224+0000] {dag.py:3441} INFO - Setting next_dagrun for example_sla_dag to 2023-02-16T23:42:00+00:00, run_after=2023-02-16T23:44:00+00:00
[2023-02-16T23:44:19.400+0000] {processor.py:175} INFO - Processing /home/airflow/.local/lib/python3.7/site-packages/airflow/example_dags/example_sla_dag.py took 2.127 seconds
[2023-02-16T23:45:27.908+0000] {processor.py:153} INFO - Started process (PID=1214) to work on /home/airflow/.local/lib/python3.7/site-packages/airflow/example_dags/example_sla_dag.py
[2023-02-16T23:45:27.928+0000] {processor.py:743} INFO - Processing file /home/airflow/.local/lib/python3.7/site-packages/airflow/example_dags/example_sla_dag.py for tasks to queue
[2023-02-16T23:45:27.938+0000] {logging_mixin.py:137} INFO - [2023-02-16T23:45:27.937+0000] {dagbag.py:538} INFO - Filling up the DagBag from /home/airflow/.local/lib/python3.7/site-packages/airflow/example_dags/example_sla_dag.py
[2023-02-16T23:45:28.268+0000] {processor.py:753} INFO - DAG(s) dict_keys(['example_sla_dag']) retrieved from /home/airflow/.local/lib/python3.7/site-packages/airflow/example_dags/example_sla_dag.py
[2023-02-16T23:45:28.547+0000] {logging_mixin.py:137} INFO - [2023-02-16T23:45:28.546+0000] {dag.py:2690} INFO - Sync 1 DAGs
[2023-02-16T23:45:28.795+0000] {logging_mixin.py:137} INFO - [2023-02-16T23:45:28.786+0000] {dag.py:3441} INFO - Setting next_dagrun for example_sla_dag to 2023-02-16T23:42:00+00:00, run_after=2023-02-16T23:44:00+00:00
[2023-02-16T23:45:29.104+0000] {processor.py:175} INFO - Processing /home/airflow/.local/lib/python3.7/site-packages/airflow/example_dags/example_sla_dag.py took 1.207 seconds
[2023-02-16T23:46:46.989+0000] {processor.py:153} INFO - Started process (PID=1297) to work on /home/airflow/.local/lib/python3.7/site-packages/airflow/example_dags/example_sla_dag.py
[2023-02-16T23:46:47.001+0000] {processor.py:743} INFO - Processing file /home/airflow/.local/lib/python3.7/site-packages/airflow/example_dags/example_sla_dag.py for tasks to queue
[2023-02-16T23:46:47.012+0000] {logging_mixin.py:137} INFO - [2023-02-16T23:46:47.011+0000] {dagbag.py:538} INFO - Filling up the DagBag from /home/airflow/.local/lib/python3.7/site-packages/airflow/example_dags/example_sla_dag.py
[2023-02-16T23:46:47.555+0000] {processor.py:753} INFO - DAG(s) dict_keys(['example_sla_dag']) retrieved from /home/airflow/.local/lib/python3.7/site-packages/airflow/example_dags/example_sla_dag.py
[2023-02-16T23:46:47.921+0000] {logging_mixin.py:137} INFO - [2023-02-16T23:46:47.921+0000] {dag.py:2690} INFO - Sync 1 DAGs
[2023-02-16T23:46:48.649+0000] {logging_mixin.py:137} INFO - [2023-02-16T23:46:48.648+0000] {dag.py:3441} INFO - Setting next_dagrun for example_sla_dag to 2023-02-16T23:44:00+00:00, run_after=2023-02-16T23:46:00+00:00
[2023-02-16T23:46:48.932+0000] {processor.py:175} INFO - Processing /home/airflow/.local/lib/python3.7/site-packages/airflow/example_dags/example_sla_dag.py took 2.037 seconds
[2023-02-16T23:50:11.666+0000] {processor.py:153} INFO - Started process (PID=1452) to work on /home/airflow/.local/lib/python3.7/site-packages/airflow/example_dags/example_sla_dag.py
[2023-02-16T23:50:11.693+0000] {processor.py:743} INFO - Processing file /home/airflow/.local/lib/python3.7/site-packages/airflow/example_dags/example_sla_dag.py for tasks to queue
[2023-02-16T23:50:11.710+0000] {logging_mixin.py:137} INFO - [2023-02-16T23:50:11.710+0000] {dagbag.py:538} INFO - Filling up the DagBag from /home/airflow/.local/lib/python3.7/site-packages/airflow/example_dags/example_sla_dag.py
[2023-02-16T23:50:12.186+0000] {processor.py:753} INFO - DAG(s) dict_keys(['example_sla_dag']) retrieved from /home/airflow/.local/lib/python3.7/site-packages/airflow/example_dags/example_sla_dag.py
[2023-02-16T23:50:12.757+0000] {logging_mixin.py:137} INFO - [2023-02-16T23:50:12.757+0000] {dag.py:2690} INFO - Sync 1 DAGs
[2023-02-16T23:50:13.003+0000] {logging_mixin.py:137} INFO - [2023-02-16T23:50:13.003+0000] {dag.py:3441} INFO - Setting next_dagrun for example_sla_dag to 2023-02-16T23:48:00+00:00, run_after=2023-02-16T23:50:00+00:00
[2023-02-16T23:50:13.211+0000] {processor.py:175} INFO - Processing /home/airflow/.local/lib/python3.7/site-packages/airflow/example_dags/example_sla_dag.py took 1.590 seconds
[2023-02-16T23:53:05.021+0000] {processor.py:153} INFO - Started process (PID=1586) to work on /home/airflow/.local/lib/python3.7/site-packages/airflow/example_dags/example_sla_dag.py
[2023-02-16T23:53:05.087+0000] {processor.py:743} INFO - Processing file /home/airflow/.local/lib/python3.7/site-packages/airflow/example_dags/example_sla_dag.py for tasks to queue
[2023-02-16T23:53:05.095+0000] {logging_mixin.py:137} INFO - [2023-02-16T23:53:05.094+0000] {dagbag.py:538} INFO - Filling up the DagBag from /home/airflow/.local/lib/python3.7/site-packages/airflow/example_dags/example_sla_dag.py
[2023-02-16T23:53:06.918+0000] {processor.py:753} INFO - DAG(s) dict_keys(['example_sla_dag']) retrieved from /home/airflow/.local/lib/python3.7/site-packages/airflow/example_dags/example_sla_dag.py
[2023-02-16T23:53:07.795+0000] {logging_mixin.py:137} INFO - [2023-02-16T23:53:07.780+0000] {dag.py:2690} INFO - Sync 1 DAGs
[2023-02-16T23:53:09.825+0000] {logging_mixin.py:137} INFO - [2023-02-16T23:53:09.822+0000] {dag.py:3441} INFO - Setting next_dagrun for example_sla_dag to 2023-02-16T23:50:00+00:00, run_after=2023-02-16T23:52:00+00:00
[2023-02-16T23:53:11.407+0000] {processor.py:175} INFO - Processing /home/airflow/.local/lib/python3.7/site-packages/airflow/example_dags/example_sla_dag.py took 6.514 seconds
[2023-02-16T23:55:18.554+0000] {processor.py:153} INFO - Started process (PID=1694) to work on /home/airflow/.local/lib/python3.7/site-packages/airflow/example_dags/example_sla_dag.py
[2023-02-16T23:55:18.598+0000] {processor.py:743} INFO - Processing file /home/airflow/.local/lib/python3.7/site-packages/airflow/example_dags/example_sla_dag.py for tasks to queue
[2023-02-16T23:55:18.615+0000] {logging_mixin.py:137} INFO - [2023-02-16T23:55:18.608+0000] {dagbag.py:538} INFO - Filling up the DagBag from /home/airflow/.local/lib/python3.7/site-packages/airflow/example_dags/example_sla_dag.py
[2023-02-16T23:55:19.483+0000] {processor.py:753} INFO - DAG(s) dict_keys(['example_sla_dag']) retrieved from /home/airflow/.local/lib/python3.7/site-packages/airflow/example_dags/example_sla_dag.py
[2023-02-16T23:55:20.380+0000] {logging_mixin.py:137} INFO - [2023-02-16T23:55:20.379+0000] {dag.py:2690} INFO - Sync 1 DAGs
[2023-02-16T23:55:22.286+0000] {logging_mixin.py:137} INFO - [2023-02-16T23:55:22.286+0000] {dag.py:3441} INFO - Setting next_dagrun for example_sla_dag to 2023-02-16T23:52:00+00:00, run_after=2023-02-16T23:54:00+00:00
[2023-02-16T23:55:22.817+0000] {processor.py:175} INFO - Processing /home/airflow/.local/lib/python3.7/site-packages/airflow/example_dags/example_sla_dag.py took 4.509 seconds
[2023-02-16T23:56:13.111+0000] {processor.py:153} INFO - Started process (PID=1765) to work on /home/airflow/.local/lib/python3.7/site-packages/airflow/example_dags/example_sla_dag.py
[2023-02-16T23:56:13.127+0000] {processor.py:743} INFO - Processing file /home/airflow/.local/lib/python3.7/site-packages/airflow/example_dags/example_sla_dag.py for tasks to queue
[2023-02-16T23:56:13.147+0000] {logging_mixin.py:137} INFO - [2023-02-16T23:56:13.142+0000] {dagbag.py:538} INFO - Filling up the DagBag from /home/airflow/.local/lib/python3.7/site-packages/airflow/example_dags/example_sla_dag.py
[2023-02-16T23:56:13.734+0000] {processor.py:753} INFO - DAG(s) dict_keys(['example_sla_dag']) retrieved from /home/airflow/.local/lib/python3.7/site-packages/airflow/example_dags/example_sla_dag.py
[2023-02-16T23:56:14.618+0000] {logging_mixin.py:137} INFO - [2023-02-16T23:56:14.618+0000] {dag.py:2690} INFO - Sync 1 DAGs
[2023-02-16T23:56:15.191+0000] {logging_mixin.py:137} INFO - [2023-02-16T23:56:15.191+0000] {dag.py:3441} INFO - Setting next_dagrun for example_sla_dag to 2023-02-16T23:54:00+00:00, run_after=2023-02-16T23:56:00+00:00
[2023-02-16T23:56:15.424+0000] {processor.py:175} INFO - Processing /home/airflow/.local/lib/python3.7/site-packages/airflow/example_dags/example_sla_dag.py took 2.331 seconds
[2023-02-16T23:56:53.352+0000] {processor.py:153} INFO - Started process (PID=1826) to work on /home/airflow/.local/lib/python3.7/site-packages/airflow/example_dags/example_sla_dag.py
[2023-02-16T23:56:53.374+0000] {processor.py:743} INFO - Processing file /home/airflow/.local/lib/python3.7/site-packages/airflow/example_dags/example_sla_dag.py for tasks to queue
[2023-02-16T23:56:53.397+0000] {logging_mixin.py:137} INFO - [2023-02-16T23:56:53.396+0000] {dagbag.py:538} INFO - Filling up the DagBag from /home/airflow/.local/lib/python3.7/site-packages/airflow/example_dags/example_sla_dag.py
[2023-02-16T23:56:54.272+0000] {processor.py:753} INFO - DAG(s) dict_keys(['example_sla_dag']) retrieved from /home/airflow/.local/lib/python3.7/site-packages/airflow/example_dags/example_sla_dag.py
[2023-02-16T23:56:54.864+0000] {logging_mixin.py:137} INFO - [2023-02-16T23:56:54.864+0000] {dag.py:2690} INFO - Sync 1 DAGs
[2023-02-16T23:56:55.434+0000] {logging_mixin.py:137} INFO - [2023-02-16T23:56:55.434+0000] {dag.py:3441} INFO - Setting next_dagrun for example_sla_dag to 2023-02-16T23:54:00+00:00, run_after=2023-02-16T23:56:00+00:00
[2023-02-16T23:56:56.059+0000] {processor.py:175} INFO - Processing /home/airflow/.local/lib/python3.7/site-packages/airflow/example_dags/example_sla_dag.py took 2.762 seconds
[2023-02-16T23:57:32.186+0000] {processor.py:153} INFO - Started process (PID=1889) to work on /home/airflow/.local/lib/python3.7/site-packages/airflow/example_dags/example_sla_dag.py
[2023-02-16T23:57:32.204+0000] {processor.py:743} INFO - Processing file /home/airflow/.local/lib/python3.7/site-packages/airflow/example_dags/example_sla_dag.py for tasks to queue
[2023-02-16T23:57:32.210+0000] {logging_mixin.py:137} INFO - [2023-02-16T23:57:32.210+0000] {dagbag.py:538} INFO - Filling up the DagBag from /home/airflow/.local/lib/python3.7/site-packages/airflow/example_dags/example_sla_dag.py
[2023-02-16T23:57:32.343+0000] {processor.py:753} INFO - DAG(s) dict_keys(['example_sla_dag']) retrieved from /home/airflow/.local/lib/python3.7/site-packages/airflow/example_dags/example_sla_dag.py
[2023-02-16T23:57:32.495+0000] {logging_mixin.py:137} INFO - [2023-02-16T23:57:32.492+0000] {dag.py:2690} INFO - Sync 1 DAGs
[2023-02-16T23:57:32.918+0000] {logging_mixin.py:137} INFO - [2023-02-16T23:57:32.917+0000] {dag.py:3441} INFO - Setting next_dagrun for example_sla_dag to 2023-02-16T23:54:00+00:00, run_after=2023-02-16T23:56:00+00:00
[2023-02-16T23:57:33.227+0000] {processor.py:175} INFO - Processing /home/airflow/.local/lib/python3.7/site-packages/airflow/example_dags/example_sla_dag.py took 1.057 seconds
[2023-02-16T23:58:04.441+0000] {processor.py:153} INFO - Started process (PID=1943) to work on /home/airflow/.local/lib/python3.7/site-packages/airflow/example_dags/example_sla_dag.py
[2023-02-16T23:58:04.474+0000] {processor.py:743} INFO - Processing file /home/airflow/.local/lib/python3.7/site-packages/airflow/example_dags/example_sla_dag.py for tasks to queue
[2023-02-16T23:58:04.481+0000] {logging_mixin.py:137} INFO - [2023-02-16T23:58:04.481+0000] {dagbag.py:538} INFO - Filling up the DagBag from /home/airflow/.local/lib/python3.7/site-packages/airflow/example_dags/example_sla_dag.py
[2023-02-16T23:58:04.779+0000] {processor.py:753} INFO - DAG(s) dict_keys(['example_sla_dag']) retrieved from /home/airflow/.local/lib/python3.7/site-packages/airflow/example_dags/example_sla_dag.py
[2023-02-16T23:58:04.928+0000] {logging_mixin.py:137} INFO - [2023-02-16T23:58:04.928+0000] {dag.py:2690} INFO - Sync 1 DAGs
[2023-02-16T23:58:05.101+0000] {logging_mixin.py:137} INFO - [2023-02-16T23:58:05.101+0000] {dag.py:3441} INFO - Setting next_dagrun for example_sla_dag to 2023-02-16T23:56:00+00:00, run_after=2023-02-16T23:58:00+00:00
[2023-02-16T23:58:05.240+0000] {processor.py:175} INFO - Processing /home/airflow/.local/lib/python3.7/site-packages/airflow/example_dags/example_sla_dag.py took 0.850 seconds
[2023-02-16T23:58:37.627+0000] {processor.py:153} INFO - Started process (PID=2007) to work on /home/airflow/.local/lib/python3.7/site-packages/airflow/example_dags/example_sla_dag.py
[2023-02-16T23:58:37.639+0000] {processor.py:743} INFO - Processing file /home/airflow/.local/lib/python3.7/site-packages/airflow/example_dags/example_sla_dag.py for tasks to queue
[2023-02-16T23:58:37.657+0000] {logging_mixin.py:137} INFO - [2023-02-16T23:58:37.656+0000] {dagbag.py:538} INFO - Filling up the DagBag from /home/airflow/.local/lib/python3.7/site-packages/airflow/example_dags/example_sla_dag.py
[2023-02-16T23:58:37.845+0000] {processor.py:753} INFO - DAG(s) dict_keys(['example_sla_dag']) retrieved from /home/airflow/.local/lib/python3.7/site-packages/airflow/example_dags/example_sla_dag.py
[2023-02-16T23:58:38.032+0000] {logging_mixin.py:137} INFO - [2023-02-16T23:58:38.032+0000] {dag.py:2690} INFO - Sync 1 DAGs
[2023-02-16T23:58:38.146+0000] {logging_mixin.py:137} INFO - [2023-02-16T23:58:38.145+0000] {dag.py:3441} INFO - Setting next_dagrun for example_sla_dag to 2023-02-16T23:56:00+00:00, run_after=2023-02-16T23:58:00+00:00
[2023-02-16T23:58:38.235+0000] {processor.py:175} INFO - Processing /home/airflow/.local/lib/python3.7/site-packages/airflow/example_dags/example_sla_dag.py took 0.941 seconds
[2023-02-16T23:59:25.051+0000] {processor.py:153} INFO - Started process (PID=2066) to work on /home/airflow/.local/lib/python3.7/site-packages/airflow/example_dags/example_sla_dag.py
[2023-02-16T23:59:25.071+0000] {processor.py:743} INFO - Processing file /home/airflow/.local/lib/python3.7/site-packages/airflow/example_dags/example_sla_dag.py for tasks to queue
[2023-02-16T23:59:25.084+0000] {logging_mixin.py:137} INFO - [2023-02-16T23:59:25.081+0000] {dagbag.py:538} INFO - Filling up the DagBag from /home/airflow/.local/lib/python3.7/site-packages/airflow/example_dags/example_sla_dag.py
[2023-02-16T23:59:26.198+0000] {processor.py:753} INFO - DAG(s) dict_keys(['example_sla_dag']) retrieved from /home/airflow/.local/lib/python3.7/site-packages/airflow/example_dags/example_sla_dag.py
[2023-02-16T23:59:26.488+0000] {logging_mixin.py:137} INFO - [2023-02-16T23:59:26.487+0000] {dag.py:2690} INFO - Sync 1 DAGs
[2023-02-16T23:59:26.690+0000] {logging_mixin.py:137} INFO - [2023-02-16T23:59:26.690+0000] {dag.py:3441} INFO - Setting next_dagrun for example_sla_dag to 2023-02-16T23:56:00+00:00, run_after=2023-02-16T23:58:00+00:00
[2023-02-16T23:59:26.779+0000] {processor.py:175} INFO - Processing /home/airflow/.local/lib/python3.7/site-packages/airflow/example_dags/example_sla_dag.py took 1.768 seconds
