[2023-02-16T22:55:26.223+0000] {processor.py:153} INFO - Started process (PID=134) to work on /home/airflow/.local/lib/python3.7/site-packages/airflow/example_dags/example_short_circuit_decorator.py
[2023-02-16T22:55:26.287+0000] {processor.py:743} INFO - Processing file /home/airflow/.local/lib/python3.7/site-packages/airflow/example_dags/example_short_circuit_decorator.py for tasks to queue
[2023-02-16T22:55:26.359+0000] {logging_mixin.py:137} INFO - [2023-02-16T22:55:26.349+0000] {dagbag.py:538} INFO - Filling up the DagBag from /home/airflow/.local/lib/python3.7/site-packages/airflow/example_dags/example_short_circuit_decorator.py
[2023-02-16T22:55:29.435+0000] {processor.py:753} INFO - DAG(s) dict_keys(['example_short_circuit_decorator']) retrieved from /home/airflow/.local/lib/python3.7/site-packages/airflow/example_dags/example_short_circuit_decorator.py
[2023-02-16T22:55:34.383+0000] {logging_mixin.py:137} INFO - [2023-02-16T22:55:34.290+0000] {dag.py:2690} INFO - Sync 1 DAGs
[2023-02-16T22:55:38.054+0000] {logging_mixin.py:137} INFO - [2023-02-16T22:55:38.054+0000] {dag.py:3441} INFO - Setting next_dagrun for example_short_circuit_decorator to 2023-02-15T22:55:38.036342+00:00, run_after=2023-02-16T22:55:38.036342+00:00
[2023-02-16T22:55:39.591+0000] {processor.py:175} INFO - Processing /home/airflow/.local/lib/python3.7/site-packages/airflow/example_dags/example_short_circuit_decorator.py took 13.786 seconds
[2023-02-16T22:58:57.615+0000] {processor.py:153} INFO - Started process (PID=269) to work on /home/airflow/.local/lib/python3.7/site-packages/airflow/example_dags/example_short_circuit_decorator.py
[2023-02-16T22:58:57.631+0000] {processor.py:743} INFO - Processing file /home/airflow/.local/lib/python3.7/site-packages/airflow/example_dags/example_short_circuit_decorator.py for tasks to queue
[2023-02-16T22:58:57.636+0000] {logging_mixin.py:137} INFO - [2023-02-16T22:58:57.636+0000] {dagbag.py:538} INFO - Filling up the DagBag from /home/airflow/.local/lib/python3.7/site-packages/airflow/example_dags/example_short_circuit_decorator.py
[2023-02-16T22:58:58.050+0000] {processor.py:753} INFO - DAG(s) dict_keys(['example_short_circuit_decorator']) retrieved from /home/airflow/.local/lib/python3.7/site-packages/airflow/example_dags/example_short_circuit_decorator.py
[2023-02-16T22:58:58.357+0000] {logging_mixin.py:137} INFO - [2023-02-16T22:58:58.314+0000] {dag.py:2690} INFO - Sync 1 DAGs
[2023-02-16T22:58:58.738+0000] {logging_mixin.py:137} INFO - [2023-02-16T22:58:58.738+0000] {dag.py:3441} INFO - Setting next_dagrun for example_short_circuit_decorator to 2023-02-15T22:58:58.737432+00:00, run_after=2023-02-16T22:58:58.737432+00:00
[2023-02-16T22:58:58.833+0000] {processor.py:175} INFO - Processing /home/airflow/.local/lib/python3.7/site-packages/airflow/example_dags/example_short_circuit_decorator.py took 1.246 seconds
[2023-02-16T22:59:29.874+0000] {processor.py:153} INFO - Started process (PID=327) to work on /home/airflow/.local/lib/python3.7/site-packages/airflow/example_dags/example_short_circuit_decorator.py
[2023-02-16T22:59:29.890+0000] {processor.py:743} INFO - Processing file /home/airflow/.local/lib/python3.7/site-packages/airflow/example_dags/example_short_circuit_decorator.py for tasks to queue
[2023-02-16T22:59:29.943+0000] {logging_mixin.py:137} INFO - [2023-02-16T22:59:29.943+0000] {dagbag.py:538} INFO - Filling up the DagBag from /home/airflow/.local/lib/python3.7/site-packages/airflow/example_dags/example_short_circuit_decorator.py
[2023-02-16T22:59:30.516+0000] {processor.py:753} INFO - DAG(s) dict_keys(['example_short_circuit_decorator']) retrieved from /home/airflow/.local/lib/python3.7/site-packages/airflow/example_dags/example_short_circuit_decorator.py
[2023-02-16T22:59:30.818+0000] {logging_mixin.py:137} INFO - [2023-02-16T22:59:30.818+0000] {dag.py:2690} INFO - Sync 1 DAGs
[2023-02-16T22:59:31.068+0000] {logging_mixin.py:137} INFO - [2023-02-16T22:59:31.067+0000] {dag.py:3441} INFO - Setting next_dagrun for example_short_circuit_decorator to 2023-02-15T22:59:31.067405+00:00, run_after=2023-02-16T22:59:31.067405+00:00
[2023-02-16T22:59:31.510+0000] {processor.py:175} INFO - Processing /home/airflow/.local/lib/python3.7/site-packages/airflow/example_dags/example_short_circuit_decorator.py took 1.734 seconds
[2023-02-16T23:02:06.346+0000] {processor.py:153} INFO - Started process (PID=421) to work on /home/airflow/.local/lib/python3.7/site-packages/airflow/example_dags/example_short_circuit_decorator.py
[2023-02-16T23:02:06.353+0000] {processor.py:743} INFO - Processing file /home/airflow/.local/lib/python3.7/site-packages/airflow/example_dags/example_short_circuit_decorator.py for tasks to queue
[2023-02-16T23:02:06.358+0000] {logging_mixin.py:137} INFO - [2023-02-16T23:02:06.358+0000] {dagbag.py:538} INFO - Filling up the DagBag from /home/airflow/.local/lib/python3.7/site-packages/airflow/example_dags/example_short_circuit_decorator.py
[2023-02-16T23:02:06.712+0000] {processor.py:753} INFO - DAG(s) dict_keys(['example_short_circuit_decorator']) retrieved from /home/airflow/.local/lib/python3.7/site-packages/airflow/example_dags/example_short_circuit_decorator.py
[2023-02-16T23:02:06.927+0000] {logging_mixin.py:137} INFO - [2023-02-16T23:02:06.927+0000] {dag.py:2690} INFO - Sync 1 DAGs
[2023-02-16T23:02:07.087+0000] {logging_mixin.py:137} INFO - [2023-02-16T23:02:07.086+0000] {dag.py:3441} INFO - Setting next_dagrun for example_short_circuit_decorator to 2023-02-15T23:02:07.086214+00:00, run_after=2023-02-16T23:02:07.086214+00:00
[2023-02-16T23:02:07.181+0000] {processor.py:175} INFO - Processing /home/airflow/.local/lib/python3.7/site-packages/airflow/example_dags/example_short_circuit_decorator.py took 0.866 seconds
[2023-02-16T23:02:43.437+0000] {processor.py:153} INFO - Started process (PID=481) to work on /home/airflow/.local/lib/python3.7/site-packages/airflow/example_dags/example_short_circuit_decorator.py
[2023-02-16T23:02:43.454+0000] {processor.py:743} INFO - Processing file /home/airflow/.local/lib/python3.7/site-packages/airflow/example_dags/example_short_circuit_decorator.py for tasks to queue
[2023-02-16T23:02:43.475+0000] {logging_mixin.py:137} INFO - [2023-02-16T23:02:43.474+0000] {dagbag.py:538} INFO - Filling up the DagBag from /home/airflow/.local/lib/python3.7/site-packages/airflow/example_dags/example_short_circuit_decorator.py
[2023-02-16T23:02:43.939+0000] {processor.py:753} INFO - DAG(s) dict_keys(['example_short_circuit_decorator']) retrieved from /home/airflow/.local/lib/python3.7/site-packages/airflow/example_dags/example_short_circuit_decorator.py
[2023-02-16T23:02:44.134+0000] {logging_mixin.py:137} INFO - [2023-02-16T23:02:44.134+0000] {dag.py:2690} INFO - Sync 1 DAGs
[2023-02-16T23:02:44.346+0000] {logging_mixin.py:137} INFO - [2023-02-16T23:02:44.346+0000] {dag.py:3441} INFO - Setting next_dagrun for example_short_circuit_decorator to 2023-02-15T23:02:44.336820+00:00, run_after=2023-02-16T23:02:44.336820+00:00
[2023-02-16T23:02:44.465+0000] {processor.py:175} INFO - Processing /home/airflow/.local/lib/python3.7/site-packages/airflow/example_dags/example_short_circuit_decorator.py took 1.088 seconds
[2023-02-16T23:28:25.299+0000] {processor.py:153} INFO - Started process (PID=145) to work on /home/airflow/.local/lib/python3.7/site-packages/airflow/example_dags/example_short_circuit_decorator.py
[2023-02-16T23:28:25.311+0000] {processor.py:743} INFO - Processing file /home/airflow/.local/lib/python3.7/site-packages/airflow/example_dags/example_short_circuit_decorator.py for tasks to queue
[2023-02-16T23:28:25.324+0000] {logging_mixin.py:137} INFO - [2023-02-16T23:28:25.324+0000] {dagbag.py:538} INFO - Filling up the DagBag from /home/airflow/.local/lib/python3.7/site-packages/airflow/example_dags/example_short_circuit_decorator.py
[2023-02-16T23:28:26.026+0000] {processor.py:753} INFO - DAG(s) dict_keys(['example_short_circuit_decorator']) retrieved from /home/airflow/.local/lib/python3.7/site-packages/airflow/example_dags/example_short_circuit_decorator.py
[2023-02-16T23:28:31.607+0000] {logging_mixin.py:137} INFO - [2023-02-16T23:28:31.607+0000] {manager.py:504} INFO - Created Permission View: can edit on DAG:example_short_circuit_decorator
[2023-02-16T23:28:31.660+0000] {logging_mixin.py:137} INFO - [2023-02-16T23:28:31.660+0000] {manager.py:504} INFO - Created Permission View: can delete on DAG:example_short_circuit_decorator
[2023-02-16T23:28:31.970+0000] {logging_mixin.py:137} INFO - [2023-02-16T23:28:31.970+0000] {manager.py:504} INFO - Created Permission View: can read on DAG:example_short_circuit_decorator
[2023-02-16T23:28:32.005+0000] {logging_mixin.py:137} INFO - [2023-02-16T23:28:32.005+0000] {dag.py:2690} INFO - Sync 1 DAGs
[2023-02-16T23:28:33.322+0000] {logging_mixin.py:137} INFO - [2023-02-16T23:28:33.284+0000] {dag.py:2711} INFO - Creating ORM DAG for example_short_circuit_decorator
[2023-02-16T23:28:34.260+0000] {logging_mixin.py:137} INFO - [2023-02-16T23:28:34.259+0000] {dag.py:3441} INFO - Setting next_dagrun for example_short_circuit_decorator to 2023-02-15T23:28:34.257805+00:00, run_after=2023-02-16T23:28:34.257805+00:00
[2023-02-16T23:28:35.290+0000] {processor.py:175} INFO - Processing /home/airflow/.local/lib/python3.7/site-packages/airflow/example_dags/example_short_circuit_decorator.py took 10.023 seconds
[2023-02-16T23:30:49.921+0000] {processor.py:153} INFO - Started process (PID=247) to work on /home/airflow/.local/lib/python3.7/site-packages/airflow/example_dags/example_short_circuit_decorator.py
[2023-02-16T23:30:49.936+0000] {processor.py:743} INFO - Processing file /home/airflow/.local/lib/python3.7/site-packages/airflow/example_dags/example_short_circuit_decorator.py for tasks to queue
[2023-02-16T23:30:49.940+0000] {logging_mixin.py:137} INFO - [2023-02-16T23:30:49.940+0000] {dagbag.py:538} INFO - Filling up the DagBag from /home/airflow/.local/lib/python3.7/site-packages/airflow/example_dags/example_short_circuit_decorator.py
[2023-02-16T23:30:50.038+0000] {processor.py:753} INFO - DAG(s) dict_keys(['example_short_circuit_decorator']) retrieved from /home/airflow/.local/lib/python3.7/site-packages/airflow/example_dags/example_short_circuit_decorator.py
[2023-02-16T23:30:50.286+0000] {logging_mixin.py:137} INFO - [2023-02-16T23:30:50.285+0000] {dag.py:2690} INFO - Sync 1 DAGs
[2023-02-16T23:30:50.693+0000] {logging_mixin.py:137} INFO - [2023-02-16T23:30:50.692+0000] {dag.py:3441} INFO - Setting next_dagrun for example_short_circuit_decorator to 2023-02-15T23:30:50.692019+00:00, run_after=2023-02-16T23:30:50.692019+00:00
[2023-02-16T23:30:50.970+0000] {processor.py:175} INFO - Processing /home/airflow/.local/lib/python3.7/site-packages/airflow/example_dags/example_short_circuit_decorator.py took 1.063 seconds
[2023-02-16T23:32:21.794+0000] {processor.py:153} INFO - Started process (PID=328) to work on /home/airflow/.local/lib/python3.7/site-packages/airflow/example_dags/example_short_circuit_decorator.py
[2023-02-16T23:32:21.843+0000] {processor.py:743} INFO - Processing file /home/airflow/.local/lib/python3.7/site-packages/airflow/example_dags/example_short_circuit_decorator.py for tasks to queue
[2023-02-16T23:32:21.894+0000] {logging_mixin.py:137} INFO - [2023-02-16T23:32:21.894+0000] {dagbag.py:538} INFO - Filling up the DagBag from /home/airflow/.local/lib/python3.7/site-packages/airflow/example_dags/example_short_circuit_decorator.py
[2023-02-16T23:32:23.540+0000] {processor.py:753} INFO - DAG(s) dict_keys(['example_short_circuit_decorator']) retrieved from /home/airflow/.local/lib/python3.7/site-packages/airflow/example_dags/example_short_circuit_decorator.py
[2023-02-16T23:32:24.648+0000] {logging_mixin.py:137} INFO - [2023-02-16T23:32:24.648+0000] {dag.py:2690} INFO - Sync 1 DAGs
[2023-02-16T23:32:26.525+0000] {logging_mixin.py:137} INFO - [2023-02-16T23:32:26.524+0000] {dag.py:3441} INFO - Setting next_dagrun for example_short_circuit_decorator to 2023-02-15T23:32:26.523799+00:00, run_after=2023-02-16T23:32:26.523799+00:00
[2023-02-16T23:32:28.916+0000] {processor.py:175} INFO - Processing /home/airflow/.local/lib/python3.7/site-packages/airflow/example_dags/example_short_circuit_decorator.py took 7.353 seconds
[2023-02-16T23:34:36.298+0000] {processor.py:153} INFO - Started process (PID=447) to work on /home/airflow/.local/lib/python3.7/site-packages/airflow/example_dags/example_short_circuit_decorator.py
[2023-02-16T23:34:36.305+0000] {processor.py:743} INFO - Processing file /home/airflow/.local/lib/python3.7/site-packages/airflow/example_dags/example_short_circuit_decorator.py for tasks to queue
[2023-02-16T23:34:36.317+0000] {logging_mixin.py:137} INFO - [2023-02-16T23:34:36.314+0000] {dagbag.py:538} INFO - Filling up the DagBag from /home/airflow/.local/lib/python3.7/site-packages/airflow/example_dags/example_short_circuit_decorator.py
[2023-02-16T23:34:36.811+0000] {processor.py:753} INFO - DAG(s) dict_keys(['example_short_circuit_decorator']) retrieved from /home/airflow/.local/lib/python3.7/site-packages/airflow/example_dags/example_short_circuit_decorator.py
[2023-02-16T23:34:37.111+0000] {logging_mixin.py:137} INFO - [2023-02-16T23:34:37.111+0000] {dag.py:2690} INFO - Sync 1 DAGs
[2023-02-16T23:34:37.412+0000] {logging_mixin.py:137} INFO - [2023-02-16T23:34:37.412+0000] {dag.py:3441} INFO - Setting next_dagrun for example_short_circuit_decorator to 2023-02-15T23:34:37.411261+00:00, run_after=2023-02-16T23:34:37.411261+00:00
[2023-02-16T23:34:37.686+0000] {processor.py:175} INFO - Processing /home/airflow/.local/lib/python3.7/site-packages/airflow/example_dags/example_short_circuit_decorator.py took 1.466 seconds
[2023-02-16T23:35:13.883+0000] {processor.py:153} INFO - Started process (PID=505) to work on /home/airflow/.local/lib/python3.7/site-packages/airflow/example_dags/example_short_circuit_decorator.py
[2023-02-16T23:35:13.893+0000] {processor.py:743} INFO - Processing file /home/airflow/.local/lib/python3.7/site-packages/airflow/example_dags/example_short_circuit_decorator.py for tasks to queue
[2023-02-16T23:35:13.900+0000] {logging_mixin.py:137} INFO - [2023-02-16T23:35:13.900+0000] {dagbag.py:538} INFO - Filling up the DagBag from /home/airflow/.local/lib/python3.7/site-packages/airflow/example_dags/example_short_circuit_decorator.py
[2023-02-16T23:35:14.460+0000] {processor.py:753} INFO - DAG(s) dict_keys(['example_short_circuit_decorator']) retrieved from /home/airflow/.local/lib/python3.7/site-packages/airflow/example_dags/example_short_circuit_decorator.py
[2023-02-16T23:35:14.983+0000] {logging_mixin.py:137} INFO - [2023-02-16T23:35:14.983+0000] {dag.py:2690} INFO - Sync 1 DAGs
[2023-02-16T23:35:15.299+0000] {logging_mixin.py:137} INFO - [2023-02-16T23:35:15.298+0000] {dag.py:3441} INFO - Setting next_dagrun for example_short_circuit_decorator to 2023-02-15T23:35:15.297789+00:00, run_after=2023-02-16T23:35:15.297789+00:00
[2023-02-16T23:35:15.817+0000] {processor.py:175} INFO - Processing /home/airflow/.local/lib/python3.7/site-packages/airflow/example_dags/example_short_circuit_decorator.py took 2.030 seconds
[2023-02-16T23:36:24.657+0000] {processor.py:153} INFO - Started process (PID=581) to work on /home/airflow/.local/lib/python3.7/site-packages/airflow/example_dags/example_short_circuit_decorator.py
[2023-02-16T23:36:24.685+0000] {processor.py:743} INFO - Processing file /home/airflow/.local/lib/python3.7/site-packages/airflow/example_dags/example_short_circuit_decorator.py for tasks to queue
[2023-02-16T23:36:24.708+0000] {logging_mixin.py:137} INFO - [2023-02-16T23:36:24.708+0000] {dagbag.py:538} INFO - Filling up the DagBag from /home/airflow/.local/lib/python3.7/site-packages/airflow/example_dags/example_short_circuit_decorator.py
[2023-02-16T23:36:25.301+0000] {processor.py:753} INFO - DAG(s) dict_keys(['example_short_circuit_decorator']) retrieved from /home/airflow/.local/lib/python3.7/site-packages/airflow/example_dags/example_short_circuit_decorator.py
[2023-02-16T23:36:25.943+0000] {logging_mixin.py:137} INFO - [2023-02-16T23:36:25.943+0000] {dag.py:2690} INFO - Sync 1 DAGs
[2023-02-16T23:36:26.353+0000] {logging_mixin.py:137} INFO - [2023-02-16T23:36:26.353+0000] {dag.py:3441} INFO - Setting next_dagrun for example_short_circuit_decorator to 2023-02-15T23:36:26.353004+00:00, run_after=2023-02-16T23:36:26.353004+00:00
[2023-02-16T23:36:26.527+0000] {processor.py:175} INFO - Processing /home/airflow/.local/lib/python3.7/site-packages/airflow/example_dags/example_short_circuit_decorator.py took 1.932 seconds
[2023-02-16T23:36:58.984+0000] {processor.py:153} INFO - Started process (PID=641) to work on /home/airflow/.local/lib/python3.7/site-packages/airflow/example_dags/example_short_circuit_decorator.py
[2023-02-16T23:36:59.017+0000] {processor.py:743} INFO - Processing file /home/airflow/.local/lib/python3.7/site-packages/airflow/example_dags/example_short_circuit_decorator.py for tasks to queue
[2023-02-16T23:36:59.034+0000] {logging_mixin.py:137} INFO - [2023-02-16T23:36:59.031+0000] {dagbag.py:538} INFO - Filling up the DagBag from /home/airflow/.local/lib/python3.7/site-packages/airflow/example_dags/example_short_circuit_decorator.py
[2023-02-16T23:36:59.661+0000] {processor.py:753} INFO - DAG(s) dict_keys(['example_short_circuit_decorator']) retrieved from /home/airflow/.local/lib/python3.7/site-packages/airflow/example_dags/example_short_circuit_decorator.py
[2023-02-16T23:37:00.108+0000] {logging_mixin.py:137} INFO - [2023-02-16T23:37:00.108+0000] {dag.py:2690} INFO - Sync 1 DAGs
[2023-02-16T23:37:00.483+0000] {logging_mixin.py:137} INFO - [2023-02-16T23:37:00.475+0000] {dag.py:3441} INFO - Setting next_dagrun for example_short_circuit_decorator to 2023-02-15T23:37:00.474720+00:00, run_after=2023-02-16T23:37:00.474720+00:00
[2023-02-16T23:37:00.971+0000] {processor.py:175} INFO - Processing /home/airflow/.local/lib/python3.7/site-packages/airflow/example_dags/example_short_circuit_decorator.py took 1.992 seconds
[2023-02-16T23:38:15.315+0000] {processor.py:153} INFO - Started process (PID=711) to work on /home/airflow/.local/lib/python3.7/site-packages/airflow/example_dags/example_short_circuit_decorator.py
[2023-02-16T23:38:15.329+0000] {processor.py:743} INFO - Processing file /home/airflow/.local/lib/python3.7/site-packages/airflow/example_dags/example_short_circuit_decorator.py for tasks to queue
[2023-02-16T23:38:15.338+0000] {logging_mixin.py:137} INFO - [2023-02-16T23:38:15.338+0000] {dagbag.py:538} INFO - Filling up the DagBag from /home/airflow/.local/lib/python3.7/site-packages/airflow/example_dags/example_short_circuit_decorator.py
[2023-02-16T23:38:16.448+0000] {processor.py:753} INFO - DAG(s) dict_keys(['example_short_circuit_decorator']) retrieved from /home/airflow/.local/lib/python3.7/site-packages/airflow/example_dags/example_short_circuit_decorator.py
[2023-02-16T23:38:17.859+0000] {logging_mixin.py:137} INFO - [2023-02-16T23:38:17.837+0000] {dag.py:2690} INFO - Sync 1 DAGs
[2023-02-16T23:38:19.324+0000] {logging_mixin.py:137} INFO - [2023-02-16T23:38:19.324+0000] {dag.py:3441} INFO - Setting next_dagrun for example_short_circuit_decorator to 2023-02-15T23:38:19.323677+00:00, run_after=2023-02-16T23:38:19.323677+00:00
[2023-02-16T23:38:20.276+0000] {processor.py:175} INFO - Processing /home/airflow/.local/lib/python3.7/site-packages/airflow/example_dags/example_short_circuit_decorator.py took 5.041 seconds
[2023-02-16T23:39:03.209+0000] {processor.py:153} INFO - Started process (PID=772) to work on /home/airflow/.local/lib/python3.7/site-packages/airflow/example_dags/example_short_circuit_decorator.py
[2023-02-16T23:39:03.257+0000] {processor.py:743} INFO - Processing file /home/airflow/.local/lib/python3.7/site-packages/airflow/example_dags/example_short_circuit_decorator.py for tasks to queue
[2023-02-16T23:39:03.267+0000] {logging_mixin.py:137} INFO - [2023-02-16T23:39:03.267+0000] {dagbag.py:538} INFO - Filling up the DagBag from /home/airflow/.local/lib/python3.7/site-packages/airflow/example_dags/example_short_circuit_decorator.py
[2023-02-16T23:39:03.454+0000] {processor.py:753} INFO - DAG(s) dict_keys(['example_short_circuit_decorator']) retrieved from /home/airflow/.local/lib/python3.7/site-packages/airflow/example_dags/example_short_circuit_decorator.py
[2023-02-16T23:39:03.628+0000] {logging_mixin.py:137} INFO - [2023-02-16T23:39:03.628+0000] {dag.py:2690} INFO - Sync 1 DAGs
[2023-02-16T23:39:03.871+0000] {logging_mixin.py:137} INFO - [2023-02-16T23:39:03.867+0000] {dag.py:3441} INFO - Setting next_dagrun for example_short_circuit_decorator to 2023-02-15T23:39:03.867004+00:00, run_after=2023-02-16T23:39:03.867004+00:00
[2023-02-16T23:39:04.079+0000] {processor.py:175} INFO - Processing /home/airflow/.local/lib/python3.7/site-packages/airflow/example_dags/example_short_circuit_decorator.py took 0.917 seconds
[2023-02-16T23:40:21.253+0000] {processor.py:153} INFO - Started process (PID=853) to work on /home/airflow/.local/lib/python3.7/site-packages/airflow/example_dags/example_short_circuit_decorator.py
[2023-02-16T23:40:21.269+0000] {processor.py:743} INFO - Processing file /home/airflow/.local/lib/python3.7/site-packages/airflow/example_dags/example_short_circuit_decorator.py for tasks to queue
[2023-02-16T23:40:21.288+0000] {logging_mixin.py:137} INFO - [2023-02-16T23:40:21.283+0000] {dagbag.py:538} INFO - Filling up the DagBag from /home/airflow/.local/lib/python3.7/site-packages/airflow/example_dags/example_short_circuit_decorator.py
[2023-02-16T23:40:21.644+0000] {processor.py:753} INFO - DAG(s) dict_keys(['example_short_circuit_decorator']) retrieved from /home/airflow/.local/lib/python3.7/site-packages/airflow/example_dags/example_short_circuit_decorator.py
[2023-02-16T23:40:22.247+0000] {logging_mixin.py:137} INFO - [2023-02-16T23:40:22.247+0000] {dag.py:2690} INFO - Sync 1 DAGs
[2023-02-16T23:40:22.974+0000] {logging_mixin.py:137} INFO - [2023-02-16T23:40:22.969+0000] {dag.py:3441} INFO - Setting next_dagrun for example_short_circuit_decorator to 2023-02-15T23:40:22.968665+00:00, run_after=2023-02-16T23:40:22.968665+00:00
[2023-02-16T23:40:23.465+0000] {processor.py:175} INFO - Processing /home/airflow/.local/lib/python3.7/site-packages/airflow/example_dags/example_short_circuit_decorator.py took 2.251 seconds
[2023-02-16T23:41:09.291+0000] {processor.py:153} INFO - Started process (PID=914) to work on /home/airflow/.local/lib/python3.7/site-packages/airflow/example_dags/example_short_circuit_decorator.py
[2023-02-16T23:41:09.304+0000] {processor.py:743} INFO - Processing file /home/airflow/.local/lib/python3.7/site-packages/airflow/example_dags/example_short_circuit_decorator.py for tasks to queue
[2023-02-16T23:41:09.312+0000] {logging_mixin.py:137} INFO - [2023-02-16T23:41:09.311+0000] {dagbag.py:538} INFO - Filling up the DagBag from /home/airflow/.local/lib/python3.7/site-packages/airflow/example_dags/example_short_circuit_decorator.py
[2023-02-16T23:41:09.576+0000] {processor.py:753} INFO - DAG(s) dict_keys(['example_short_circuit_decorator']) retrieved from /home/airflow/.local/lib/python3.7/site-packages/airflow/example_dags/example_short_circuit_decorator.py
[2023-02-16T23:41:10.505+0000] {logging_mixin.py:137} INFO - [2023-02-16T23:41:10.503+0000] {dag.py:2690} INFO - Sync 1 DAGs
[2023-02-16T23:41:10.907+0000] {logging_mixin.py:137} INFO - [2023-02-16T23:41:10.907+0000] {dag.py:3441} INFO - Setting next_dagrun for example_short_circuit_decorator to 2023-02-15T23:41:10.905353+00:00, run_after=2023-02-16T23:41:10.905353+00:00
[2023-02-16T23:41:11.070+0000] {processor.py:175} INFO - Processing /home/airflow/.local/lib/python3.7/site-packages/airflow/example_dags/example_short_circuit_decorator.py took 1.803 seconds
[2023-02-16T23:42:14.982+0000] {processor.py:153} INFO - Started process (PID=981) to work on /home/airflow/.local/lib/python3.7/site-packages/airflow/example_dags/example_short_circuit_decorator.py
[2023-02-16T23:42:15.000+0000] {processor.py:743} INFO - Processing file /home/airflow/.local/lib/python3.7/site-packages/airflow/example_dags/example_short_circuit_decorator.py for tasks to queue
[2023-02-16T23:42:15.013+0000] {logging_mixin.py:137} INFO - [2023-02-16T23:42:15.012+0000] {dagbag.py:538} INFO - Filling up the DagBag from /home/airflow/.local/lib/python3.7/site-packages/airflow/example_dags/example_short_circuit_decorator.py
[2023-02-16T23:42:15.930+0000] {processor.py:753} INFO - DAG(s) dict_keys(['example_short_circuit_decorator']) retrieved from /home/airflow/.local/lib/python3.7/site-packages/airflow/example_dags/example_short_circuit_decorator.py
[2023-02-16T23:42:16.342+0000] {logging_mixin.py:137} INFO - [2023-02-16T23:42:16.342+0000] {dag.py:2690} INFO - Sync 1 DAGs
[2023-02-16T23:42:16.998+0000] {logging_mixin.py:137} INFO - [2023-02-16T23:42:16.997+0000] {dag.py:3441} INFO - Setting next_dagrun for example_short_circuit_decorator to 2023-02-15T23:42:16.980017+00:00, run_after=2023-02-16T23:42:16.980017+00:00
[2023-02-16T23:42:17.509+0000] {processor.py:175} INFO - Processing /home/airflow/.local/lib/python3.7/site-packages/airflow/example_dags/example_short_circuit_decorator.py took 2.646 seconds
[2023-02-16T23:43:12.686+0000] {processor.py:153} INFO - Started process (PID=1050) to work on /home/airflow/.local/lib/python3.7/site-packages/airflow/example_dags/example_short_circuit_decorator.py
[2023-02-16T23:43:12.693+0000] {processor.py:743} INFO - Processing file /home/airflow/.local/lib/python3.7/site-packages/airflow/example_dags/example_short_circuit_decorator.py for tasks to queue
[2023-02-16T23:43:12.706+0000] {logging_mixin.py:137} INFO - [2023-02-16T23:43:12.702+0000] {dagbag.py:538} INFO - Filling up the DagBag from /home/airflow/.local/lib/python3.7/site-packages/airflow/example_dags/example_short_circuit_decorator.py
[2023-02-16T23:43:12.907+0000] {processor.py:753} INFO - DAG(s) dict_keys(['example_short_circuit_decorator']) retrieved from /home/airflow/.local/lib/python3.7/site-packages/airflow/example_dags/example_short_circuit_decorator.py
[2023-02-16T23:43:13.370+0000] {logging_mixin.py:137} INFO - [2023-02-16T23:43:13.365+0000] {dag.py:2690} INFO - Sync 1 DAGs
[2023-02-16T23:43:13.757+0000] {logging_mixin.py:137} INFO - [2023-02-16T23:43:13.731+0000] {dag.py:3441} INFO - Setting next_dagrun for example_short_circuit_decorator to 2023-02-15T23:43:13.705019+00:00, run_after=2023-02-16T23:43:13.705019+00:00
[2023-02-16T23:43:14.397+0000] {processor.py:175} INFO - Processing /home/airflow/.local/lib/python3.7/site-packages/airflow/example_dags/example_short_circuit_decorator.py took 1.742 seconds
[2023-02-16T23:44:11.510+0000] {processor.py:153} INFO - Started process (PID=1125) to work on /home/airflow/.local/lib/python3.7/site-packages/airflow/example_dags/example_short_circuit_decorator.py
[2023-02-16T23:44:11.531+0000] {processor.py:743} INFO - Processing file /home/airflow/.local/lib/python3.7/site-packages/airflow/example_dags/example_short_circuit_decorator.py for tasks to queue
[2023-02-16T23:44:11.562+0000] {logging_mixin.py:137} INFO - [2023-02-16T23:44:11.557+0000] {dagbag.py:538} INFO - Filling up the DagBag from /home/airflow/.local/lib/python3.7/site-packages/airflow/example_dags/example_short_circuit_decorator.py
[2023-02-16T23:44:11.876+0000] {processor.py:753} INFO - DAG(s) dict_keys(['example_short_circuit_decorator']) retrieved from /home/airflow/.local/lib/python3.7/site-packages/airflow/example_dags/example_short_circuit_decorator.py
[2023-02-16T23:44:12.187+0000] {logging_mixin.py:137} INFO - [2023-02-16T23:44:12.187+0000] {dag.py:2690} INFO - Sync 1 DAGs
[2023-02-16T23:44:12.498+0000] {logging_mixin.py:137} INFO - [2023-02-16T23:44:12.497+0000] {dag.py:3441} INFO - Setting next_dagrun for example_short_circuit_decorator to 2023-02-15T23:44:12.487315+00:00, run_after=2023-02-16T23:44:12.487315+00:00
[2023-02-16T23:44:12.654+0000] {processor.py:175} INFO - Processing /home/airflow/.local/lib/python3.7/site-packages/airflow/example_dags/example_short_circuit_decorator.py took 1.252 seconds
[2023-02-16T23:44:58.779+0000] {processor.py:153} INFO - Started process (PID=1191) to work on /home/airflow/.local/lib/python3.7/site-packages/airflow/example_dags/example_short_circuit_decorator.py
[2023-02-16T23:44:58.793+0000] {processor.py:743} INFO - Processing file /home/airflow/.local/lib/python3.7/site-packages/airflow/example_dags/example_short_circuit_decorator.py for tasks to queue
[2023-02-16T23:44:58.802+0000] {logging_mixin.py:137} INFO - [2023-02-16T23:44:58.801+0000] {dagbag.py:538} INFO - Filling up the DagBag from /home/airflow/.local/lib/python3.7/site-packages/airflow/example_dags/example_short_circuit_decorator.py
[2023-02-16T23:44:59.729+0000] {processor.py:753} INFO - DAG(s) dict_keys(['example_short_circuit_decorator']) retrieved from /home/airflow/.local/lib/python3.7/site-packages/airflow/example_dags/example_short_circuit_decorator.py
[2023-02-16T23:45:00.940+0000] {logging_mixin.py:137} INFO - [2023-02-16T23:45:00.940+0000] {dag.py:2690} INFO - Sync 1 DAGs
[2023-02-16T23:45:02.160+0000] {logging_mixin.py:137} INFO - [2023-02-16T23:45:02.160+0000] {dag.py:3441} INFO - Setting next_dagrun for example_short_circuit_decorator to 2023-02-15T23:45:02.118685+00:00, run_after=2023-02-16T23:45:02.118685+00:00
[2023-02-16T23:45:02.444+0000] {processor.py:175} INFO - Processing /home/airflow/.local/lib/python3.7/site-packages/airflow/example_dags/example_short_circuit_decorator.py took 3.700 seconds
[2023-02-16T23:45:57.224+0000] {processor.py:153} INFO - Started process (PID=1241) to work on /home/airflow/.local/lib/python3.7/site-packages/airflow/example_dags/example_short_circuit_decorator.py
[2023-02-16T23:45:57.247+0000] {processor.py:743} INFO - Processing file /home/airflow/.local/lib/python3.7/site-packages/airflow/example_dags/example_short_circuit_decorator.py for tasks to queue
[2023-02-16T23:45:57.260+0000] {logging_mixin.py:137} INFO - [2023-02-16T23:45:57.251+0000] {dagbag.py:538} INFO - Filling up the DagBag from /home/airflow/.local/lib/python3.7/site-packages/airflow/example_dags/example_short_circuit_decorator.py
[2023-02-16T23:45:57.870+0000] {processor.py:753} INFO - DAG(s) dict_keys(['example_short_circuit_decorator']) retrieved from /home/airflow/.local/lib/python3.7/site-packages/airflow/example_dags/example_short_circuit_decorator.py
[2023-02-16T23:45:59.073+0000] {logging_mixin.py:137} INFO - [2023-02-16T23:45:59.063+0000] {dag.py:2690} INFO - Sync 1 DAGs
[2023-02-16T23:45:59.754+0000] {logging_mixin.py:137} INFO - [2023-02-16T23:45:59.741+0000] {dag.py:3441} INFO - Setting next_dagrun for example_short_circuit_decorator to 2023-02-15T23:45:59.741085+00:00, run_after=2023-02-16T23:45:59.741085+00:00
[2023-02-16T23:46:00.519+0000] {processor.py:175} INFO - Processing /home/airflow/.local/lib/python3.7/site-packages/airflow/example_dags/example_short_circuit_decorator.py took 3.347 seconds
