[2023-02-16T22:54:48.360+0000] {processor.py:153} INFO - Started process (PID=112) to work on /home/airflow/.local/lib/python3.7/site-packages/airflow/example_dags/example_sensor_decorator.py
[2023-02-16T22:54:48.380+0000] {processor.py:743} INFO - Processing file /home/airflow/.local/lib/python3.7/site-packages/airflow/example_dags/example_sensor_decorator.py for tasks to queue
[2023-02-16T22:54:48.396+0000] {logging_mixin.py:137} INFO - [2023-02-16T22:54:48.395+0000] {dagbag.py:538} INFO - Filling up the DagBag from /home/airflow/.local/lib/python3.7/site-packages/airflow/example_dags/example_sensor_decorator.py
[2023-02-16T22:54:48.961+0000] {processor.py:753} INFO - DAG(s) dict_keys(['example_sensor_decorator']) retrieved from /home/airflow/.local/lib/python3.7/site-packages/airflow/example_dags/example_sensor_decorator.py
[2023-02-16T22:54:50.574+0000] {logging_mixin.py:137} INFO - [2023-02-16T22:54:50.574+0000] {dag.py:2690} INFO - Sync 1 DAGs
[2023-02-16T22:54:51.973+0000] {logging_mixin.py:137} INFO - [2023-02-16T22:54:51.973+0000] {dag.py:3441} INFO - Setting next_dagrun for example_sensor_decorator to None, run_after=None
[2023-02-16T22:54:52.969+0000] {processor.py:175} INFO - Processing /home/airflow/.local/lib/python3.7/site-packages/airflow/example_dags/example_sensor_decorator.py took 4.680 seconds
[2023-02-16T22:58:44.280+0000] {processor.py:153} INFO - Started process (PID=253) to work on /home/airflow/.local/lib/python3.7/site-packages/airflow/example_dags/example_sensor_decorator.py
[2023-02-16T22:58:44.525+0000] {processor.py:743} INFO - Processing file /home/airflow/.local/lib/python3.7/site-packages/airflow/example_dags/example_sensor_decorator.py for tasks to queue
[2023-02-16T22:58:44.534+0000] {logging_mixin.py:137} INFO - [2023-02-16T22:58:44.533+0000] {dagbag.py:538} INFO - Filling up the DagBag from /home/airflow/.local/lib/python3.7/site-packages/airflow/example_dags/example_sensor_decorator.py
[2023-02-16T22:58:45.255+0000] {processor.py:753} INFO - DAG(s) dict_keys(['example_sensor_decorator']) retrieved from /home/airflow/.local/lib/python3.7/site-packages/airflow/example_dags/example_sensor_decorator.py
[2023-02-16T22:58:46.242+0000] {logging_mixin.py:137} INFO - [2023-02-16T22:58:46.241+0000] {dag.py:2690} INFO - Sync 1 DAGs
[2023-02-16T22:58:47.178+0000] {logging_mixin.py:137} INFO - [2023-02-16T22:58:47.178+0000] {dag.py:3441} INFO - Setting next_dagrun for example_sensor_decorator to None, run_after=None
[2023-02-16T22:58:48.008+0000] {processor.py:175} INFO - Processing /home/airflow/.local/lib/python3.7/site-packages/airflow/example_dags/example_sensor_decorator.py took 3.978 seconds
[2023-02-16T22:59:21.874+0000] {processor.py:153} INFO - Started process (PID=313) to work on /home/airflow/.local/lib/python3.7/site-packages/airflow/example_dags/example_sensor_decorator.py
[2023-02-16T22:59:21.880+0000] {processor.py:743} INFO - Processing file /home/airflow/.local/lib/python3.7/site-packages/airflow/example_dags/example_sensor_decorator.py for tasks to queue
[2023-02-16T22:59:21.884+0000] {logging_mixin.py:137} INFO - [2023-02-16T22:59:21.883+0000] {dagbag.py:538} INFO - Filling up the DagBag from /home/airflow/.local/lib/python3.7/site-packages/airflow/example_dags/example_sensor_decorator.py
[2023-02-16T22:59:21.951+0000] {processor.py:753} INFO - DAG(s) dict_keys(['example_sensor_decorator']) retrieved from /home/airflow/.local/lib/python3.7/site-packages/airflow/example_dags/example_sensor_decorator.py
[2023-02-16T22:59:22.029+0000] {logging_mixin.py:137} INFO - [2023-02-16T22:59:22.028+0000] {dag.py:2690} INFO - Sync 1 DAGs
[2023-02-16T22:59:22.196+0000] {logging_mixin.py:137} INFO - [2023-02-16T22:59:22.196+0000] {dag.py:3441} INFO - Setting next_dagrun for example_sensor_decorator to None, run_after=None
[2023-02-16T22:59:22.332+0000] {processor.py:175} INFO - Processing /home/airflow/.local/lib/python3.7/site-packages/airflow/example_dags/example_sensor_decorator.py took 0.468 seconds
[2023-02-16T23:01:49.874+0000] {processor.py:153} INFO - Started process (PID=404) to work on /home/airflow/.local/lib/python3.7/site-packages/airflow/example_dags/example_sensor_decorator.py
[2023-02-16T23:01:49.885+0000] {processor.py:743} INFO - Processing file /home/airflow/.local/lib/python3.7/site-packages/airflow/example_dags/example_sensor_decorator.py for tasks to queue
[2023-02-16T23:01:49.896+0000] {logging_mixin.py:137} INFO - [2023-02-16T23:01:49.895+0000] {dagbag.py:538} INFO - Filling up the DagBag from /home/airflow/.local/lib/python3.7/site-packages/airflow/example_dags/example_sensor_decorator.py
[2023-02-16T23:01:50.362+0000] {processor.py:753} INFO - DAG(s) dict_keys(['example_sensor_decorator']) retrieved from /home/airflow/.local/lib/python3.7/site-packages/airflow/example_dags/example_sensor_decorator.py
[2023-02-16T23:01:51.197+0000] {logging_mixin.py:137} INFO - [2023-02-16T23:01:51.196+0000] {dag.py:2690} INFO - Sync 1 DAGs
[2023-02-16T23:01:51.894+0000] {logging_mixin.py:137} INFO - [2023-02-16T23:01:51.894+0000] {dag.py:3441} INFO - Setting next_dagrun for example_sensor_decorator to None, run_after=None
[2023-02-16T23:01:52.387+0000] {processor.py:175} INFO - Processing /home/airflow/.local/lib/python3.7/site-packages/airflow/example_dags/example_sensor_decorator.py took 2.554 seconds
[2023-02-16T23:02:29.369+0000] {processor.py:153} INFO - Started process (PID=460) to work on /home/airflow/.local/lib/python3.7/site-packages/airflow/example_dags/example_sensor_decorator.py
[2023-02-16T23:02:29.375+0000] {processor.py:743} INFO - Processing file /home/airflow/.local/lib/python3.7/site-packages/airflow/example_dags/example_sensor_decorator.py for tasks to queue
[2023-02-16T23:02:29.422+0000] {logging_mixin.py:137} INFO - [2023-02-16T23:02:29.422+0000] {dagbag.py:538} INFO - Filling up the DagBag from /home/airflow/.local/lib/python3.7/site-packages/airflow/example_dags/example_sensor_decorator.py
[2023-02-16T23:02:29.655+0000] {processor.py:753} INFO - DAG(s) dict_keys(['example_sensor_decorator']) retrieved from /home/airflow/.local/lib/python3.7/site-packages/airflow/example_dags/example_sensor_decorator.py
[2023-02-16T23:02:29.762+0000] {logging_mixin.py:137} INFO - [2023-02-16T23:02:29.762+0000] {dag.py:2690} INFO - Sync 1 DAGs
[2023-02-16T23:02:29.881+0000] {logging_mixin.py:137} INFO - [2023-02-16T23:02:29.880+0000] {dag.py:3441} INFO - Setting next_dagrun for example_sensor_decorator to None, run_after=None
[2023-02-16T23:02:30.127+0000] {processor.py:175} INFO - Processing /home/airflow/.local/lib/python3.7/site-packages/airflow/example_dags/example_sensor_decorator.py took 0.766 seconds
