[2023-02-16T22:56:22.586+0000] {processor.py:153} INFO - Started process (PID=163) to work on /home/airflow/.local/lib/python3.7/site-packages/airflow/example_dags/example_kubernetes_executor.py
[2023-02-16T22:56:22.655+0000] {processor.py:743} INFO - Processing file /home/airflow/.local/lib/python3.7/site-packages/airflow/example_dags/example_kubernetes_executor.py for tasks to queue
[2023-02-16T22:56:22.708+0000] {logging_mixin.py:137} INFO - [2023-02-16T22:56:22.708+0000] {dagbag.py:538} INFO - Filling up the DagBag from /home/airflow/.local/lib/python3.7/site-packages/airflow/example_dags/example_kubernetes_executor.py
[2023-02-16T22:56:25.906+0000] {processor.py:753} INFO - DAG(s) dict_keys(['example_kubernetes_executor']) retrieved from /home/airflow/.local/lib/python3.7/site-packages/airflow/example_dags/example_kubernetes_executor.py
[2023-02-16T22:56:28.494+0000] {logging_mixin.py:137} INFO - [2023-02-16T22:56:28.494+0000] {dag.py:2690} INFO - Sync 1 DAGs
[2023-02-16T22:56:32.025+0000] {logging_mixin.py:137} INFO - [2023-02-16T22:56:32.025+0000] {dag.py:3441} INFO - Setting next_dagrun for example_kubernetes_executor to None, run_after=None
[2023-02-16T22:56:33.212+0000] {processor.py:175} INFO - Processing /home/airflow/.local/lib/python3.7/site-packages/airflow/example_dags/example_kubernetes_executor.py took 10.803 seconds
[2023-02-16T22:59:01.016+0000] {processor.py:153} INFO - Started process (PID=277) to work on /home/airflow/.local/lib/python3.7/site-packages/airflow/example_dags/example_kubernetes_executor.py
[2023-02-16T22:59:01.021+0000] {processor.py:743} INFO - Processing file /home/airflow/.local/lib/python3.7/site-packages/airflow/example_dags/example_kubernetes_executor.py for tasks to queue
[2023-02-16T22:59:01.030+0000] {logging_mixin.py:137} INFO - [2023-02-16T22:59:01.028+0000] {dagbag.py:538} INFO - Filling up the DagBag from /home/airflow/.local/lib/python3.7/site-packages/airflow/example_dags/example_kubernetes_executor.py
[2023-02-16T22:59:01.165+0000] {processor.py:753} INFO - DAG(s) dict_keys(['example_kubernetes_executor']) retrieved from /home/airflow/.local/lib/python3.7/site-packages/airflow/example_dags/example_kubernetes_executor.py
[2023-02-16T22:59:01.253+0000] {logging_mixin.py:137} INFO - [2023-02-16T22:59:01.253+0000] {dag.py:2690} INFO - Sync 1 DAGs
[2023-02-16T22:59:01.406+0000] {logging_mixin.py:137} INFO - [2023-02-16T22:59:01.406+0000] {dag.py:3441} INFO - Setting next_dagrun for example_kubernetes_executor to None, run_after=None
[2023-02-16T22:59:01.514+0000] {processor.py:175} INFO - Processing /home/airflow/.local/lib/python3.7/site-packages/airflow/example_dags/example_kubernetes_executor.py took 0.518 seconds
[2023-02-16T23:00:44.720+0000] {processor.py:153} INFO - Started process (PID=359) to work on /home/airflow/.local/lib/python3.7/site-packages/airflow/example_dags/example_kubernetes_executor.py
[2023-02-16T23:00:45.025+0000] {processor.py:743} INFO - Processing file /home/airflow/.local/lib/python3.7/site-packages/airflow/example_dags/example_kubernetes_executor.py for tasks to queue
[2023-02-16T23:00:45.035+0000] {logging_mixin.py:137} INFO - [2023-02-16T23:00:45.035+0000] {dagbag.py:538} INFO - Filling up the DagBag from /home/airflow/.local/lib/python3.7/site-packages/airflow/example_dags/example_kubernetes_executor.py
[2023-02-16T23:00:53.536+0000] {processor.py:753} INFO - DAG(s) dict_keys(['example_kubernetes_executor']) retrieved from /home/airflow/.local/lib/python3.7/site-packages/airflow/example_dags/example_kubernetes_executor.py
[2023-02-16T23:00:56.824+0000] {logging_mixin.py:137} INFO - [2023-02-16T23:00:56.819+0000] {dag.py:2690} INFO - Sync 1 DAGs
[2023-02-16T23:00:58.171+0000] {logging_mixin.py:137} INFO - [2023-02-16T23:00:58.171+0000] {dag.py:3441} INFO - Setting next_dagrun for example_kubernetes_executor to None, run_after=None
[2023-02-16T23:01:02.477+0000] {processor.py:175} INFO - Processing /home/airflow/.local/lib/python3.7/site-packages/airflow/example_dags/example_kubernetes_executor.py took 18.160 seconds
[2023-02-16T23:02:33.080+0000] {processor.py:153} INFO - Started process (PID=472) to work on /home/airflow/.local/lib/python3.7/site-packages/airflow/example_dags/example_kubernetes_executor.py
[2023-02-16T23:02:33.111+0000] {processor.py:743} INFO - Processing file /home/airflow/.local/lib/python3.7/site-packages/airflow/example_dags/example_kubernetes_executor.py for tasks to queue
[2023-02-16T23:02:33.146+0000] {logging_mixin.py:137} INFO - [2023-02-16T23:02:33.124+0000] {dagbag.py:538} INFO - Filling up the DagBag from /home/airflow/.local/lib/python3.7/site-packages/airflow/example_dags/example_kubernetes_executor.py
[2023-02-16T23:02:34.540+0000] {processor.py:753} INFO - DAG(s) dict_keys(['example_kubernetes_executor']) retrieved from /home/airflow/.local/lib/python3.7/site-packages/airflow/example_dags/example_kubernetes_executor.py
[2023-02-16T23:02:34.810+0000] {logging_mixin.py:137} INFO - [2023-02-16T23:02:34.810+0000] {dag.py:2690} INFO - Sync 1 DAGs
[2023-02-16T23:02:35.690+0000] {logging_mixin.py:137} INFO - [2023-02-16T23:02:35.689+0000] {dag.py:3441} INFO - Setting next_dagrun for example_kubernetes_executor to None, run_after=None
[2023-02-16T23:02:36.162+0000] {processor.py:175} INFO - Processing /home/airflow/.local/lib/python3.7/site-packages/airflow/example_dags/example_kubernetes_executor.py took 3.201 seconds
