[2023-02-16T22:56:33.928+0000] {processor.py:153} INFO - Started process (PID=174) to work on /home/airflow/.local/lib/python3.7/site-packages/airflow/example_dags/example_task_group_decorator.py
[2023-02-16T22:56:33.959+0000] {processor.py:743} INFO - Processing file /home/airflow/.local/lib/python3.7/site-packages/airflow/example_dags/example_task_group_decorator.py for tasks to queue
[2023-02-16T22:56:33.988+0000] {logging_mixin.py:137} INFO - [2023-02-16T22:56:33.977+0000] {dagbag.py:538} INFO - Filling up the DagBag from /home/airflow/.local/lib/python3.7/site-packages/airflow/example_dags/example_task_group_decorator.py
[2023-02-16T22:56:36.730+0000] {processor.py:753} INFO - DAG(s) dict_keys(['example_task_group_decorator']) retrieved from /home/airflow/.local/lib/python3.7/site-packages/airflow/example_dags/example_task_group_decorator.py
[2023-02-16T22:56:40.778+0000] {logging_mixin.py:137} INFO - [2023-02-16T22:56:40.678+0000] {dag.py:2690} INFO - Sync 1 DAGs
[2023-02-16T22:56:47.445+0000] {logging_mixin.py:137} INFO - [2023-02-16T22:56:47.444+0000] {dag.py:3441} INFO - Setting next_dagrun for example_task_group_decorator to 2023-02-15T22:56:47.422998+00:00, run_after=2023-02-16T22:56:47.422998+00:00
[2023-02-16T22:56:48.440+0000] {processor.py:175} INFO - Processing /home/airflow/.local/lib/python3.7/site-packages/airflow/example_dags/example_task_group_decorator.py took 14.555 seconds
[2023-02-16T22:59:01.630+0000] {processor.py:153} INFO - Started process (PID=279) to work on /home/airflow/.local/lib/python3.7/site-packages/airflow/example_dags/example_task_group_decorator.py
[2023-02-16T22:59:01.637+0000] {processor.py:743} INFO - Processing file /home/airflow/.local/lib/python3.7/site-packages/airflow/example_dags/example_task_group_decorator.py for tasks to queue
[2023-02-16T22:59:01.644+0000] {logging_mixin.py:137} INFO - [2023-02-16T22:59:01.643+0000] {dagbag.py:538} INFO - Filling up the DagBag from /home/airflow/.local/lib/python3.7/site-packages/airflow/example_dags/example_task_group_decorator.py
[2023-02-16T22:59:01.767+0000] {processor.py:753} INFO - DAG(s) dict_keys(['example_task_group_decorator']) retrieved from /home/airflow/.local/lib/python3.7/site-packages/airflow/example_dags/example_task_group_decorator.py
[2023-02-16T22:59:01.882+0000] {logging_mixin.py:137} INFO - [2023-02-16T22:59:01.881+0000] {dag.py:2690} INFO - Sync 1 DAGs
[2023-02-16T22:59:02.142+0000] {logging_mixin.py:137} INFO - [2023-02-16T22:59:02.142+0000] {dag.py:3441} INFO - Setting next_dagrun for example_task_group_decorator to 2023-02-15T22:59:02.141740+00:00, run_after=2023-02-16T22:59:02.141740+00:00
[2023-02-16T22:59:02.249+0000] {processor.py:175} INFO - Processing /home/airflow/.local/lib/python3.7/site-packages/airflow/example_dags/example_task_group_decorator.py took 0.627 seconds
[2023-02-16T23:02:08.734+0000] {processor.py:153} INFO - Started process (PID=427) to work on /home/airflow/.local/lib/python3.7/site-packages/airflow/example_dags/example_task_group_decorator.py
[2023-02-16T23:02:08.760+0000] {processor.py:743} INFO - Processing file /home/airflow/.local/lib/python3.7/site-packages/airflow/example_dags/example_task_group_decorator.py for tasks to queue
[2023-02-16T23:02:08.764+0000] {logging_mixin.py:137} INFO - [2023-02-16T23:02:08.764+0000] {dagbag.py:538} INFO - Filling up the DagBag from /home/airflow/.local/lib/python3.7/site-packages/airflow/example_dags/example_task_group_decorator.py
[2023-02-16T23:02:08.893+0000] {processor.py:753} INFO - DAG(s) dict_keys(['example_task_group_decorator']) retrieved from /home/airflow/.local/lib/python3.7/site-packages/airflow/example_dags/example_task_group_decorator.py
[2023-02-16T23:02:09.035+0000] {logging_mixin.py:137} INFO - [2023-02-16T23:02:09.035+0000] {dag.py:2690} INFO - Sync 1 DAGs
[2023-02-16T23:02:09.219+0000] {logging_mixin.py:137} INFO - [2023-02-16T23:02:09.217+0000] {dag.py:3441} INFO - Setting next_dagrun for example_task_group_decorator to 2023-02-15T23:02:09.216167+00:00, run_after=2023-02-16T23:02:09.216167+00:00
[2023-02-16T23:02:09.320+0000] {processor.py:175} INFO - Processing /home/airflow/.local/lib/python3.7/site-packages/airflow/example_dags/example_task_group_decorator.py took 0.631 seconds
[2023-02-16T23:29:26.984+0000] {processor.py:153} INFO - Started process (PID=181) to work on /home/airflow/.local/lib/python3.7/site-packages/airflow/example_dags/example_task_group_decorator.py
[2023-02-16T23:29:27.049+0000] {processor.py:743} INFO - Processing file /home/airflow/.local/lib/python3.7/site-packages/airflow/example_dags/example_task_group_decorator.py for tasks to queue
[2023-02-16T23:29:27.588+0000] {logging_mixin.py:137} INFO - [2023-02-16T23:29:27.184+0000] {dagbag.py:538} INFO - Filling up the DagBag from /home/airflow/.local/lib/python3.7/site-packages/airflow/example_dags/example_task_group_decorator.py
[2023-02-16T23:29:28.908+0000] {processor.py:753} INFO - DAG(s) dict_keys(['example_task_group_decorator']) retrieved from /home/airflow/.local/lib/python3.7/site-packages/airflow/example_dags/example_task_group_decorator.py
[2023-02-16T23:29:31.156+0000] {logging_mixin.py:137} INFO - [2023-02-16T23:29:31.156+0000] {manager.py:504} INFO - Created Permission View: can edit on DAG:example_task_group_decorator
[2023-02-16T23:29:31.199+0000] {logging_mixin.py:137} INFO - [2023-02-16T23:29:31.199+0000] {manager.py:504} INFO - Created Permission View: can delete on DAG:example_task_group_decorator
[2023-02-16T23:29:31.257+0000] {logging_mixin.py:137} INFO - [2023-02-16T23:29:31.256+0000] {manager.py:504} INFO - Created Permission View: can read on DAG:example_task_group_decorator
[2023-02-16T23:29:31.266+0000] {logging_mixin.py:137} INFO - [2023-02-16T23:29:31.265+0000] {dag.py:2690} INFO - Sync 1 DAGs
[2023-02-16T23:29:31.546+0000] {logging_mixin.py:137} INFO - [2023-02-16T23:29:31.546+0000] {dag.py:2711} INFO - Creating ORM DAG for example_task_group_decorator
[2023-02-16T23:29:31.737+0000] {logging_mixin.py:137} INFO - [2023-02-16T23:29:31.737+0000] {dag.py:3441} INFO - Setting next_dagrun for example_task_group_decorator to 2023-02-15T23:29:31.737337+00:00, run_after=2023-02-16T23:29:31.737337+00:00
[2023-02-16T23:29:32.158+0000] {processor.py:175} INFO - Processing /home/airflow/.local/lib/python3.7/site-packages/airflow/example_dags/example_task_group_decorator.py took 5.595 seconds
[2023-02-16T23:30:58.760+0000] {processor.py:153} INFO - Started process (PID=270) to work on /home/airflow/.local/lib/python3.7/site-packages/airflow/example_dags/example_task_group_decorator.py
[2023-02-16T23:30:58.774+0000] {processor.py:743} INFO - Processing file /home/airflow/.local/lib/python3.7/site-packages/airflow/example_dags/example_task_group_decorator.py for tasks to queue
[2023-02-16T23:30:58.788+0000] {logging_mixin.py:137} INFO - [2023-02-16T23:30:58.787+0000] {dagbag.py:538} INFO - Filling up the DagBag from /home/airflow/.local/lib/python3.7/site-packages/airflow/example_dags/example_task_group_decorator.py
[2023-02-16T23:30:59.324+0000] {processor.py:753} INFO - DAG(s) dict_keys(['example_task_group_decorator']) retrieved from /home/airflow/.local/lib/python3.7/site-packages/airflow/example_dags/example_task_group_decorator.py
[2023-02-16T23:30:59.938+0000] {logging_mixin.py:137} INFO - [2023-02-16T23:30:59.938+0000] {dag.py:2690} INFO - Sync 1 DAGs
[2023-02-16T23:31:00.340+0000] {logging_mixin.py:137} INFO - [2023-02-16T23:31:00.339+0000] {dag.py:3441} INFO - Setting next_dagrun for example_task_group_decorator to 2023-02-15T23:31:00.338937+00:00, run_after=2023-02-16T23:31:00.338937+00:00
[2023-02-16T23:31:00.843+0000] {processor.py:175} INFO - Processing /home/airflow/.local/lib/python3.7/site-packages/airflow/example_dags/example_task_group_decorator.py took 2.121 seconds
[2023-02-16T23:33:35.281+0000] {processor.py:153} INFO - Started process (PID=390) to work on /home/airflow/.local/lib/python3.7/site-packages/airflow/example_dags/example_task_group_decorator.py
[2023-02-16T23:33:35.301+0000] {processor.py:743} INFO - Processing file /home/airflow/.local/lib/python3.7/site-packages/airflow/example_dags/example_task_group_decorator.py for tasks to queue
[2023-02-16T23:33:35.318+0000] {logging_mixin.py:137} INFO - [2023-02-16T23:33:35.317+0000] {dagbag.py:538} INFO - Filling up the DagBag from /home/airflow/.local/lib/python3.7/site-packages/airflow/example_dags/example_task_group_decorator.py
[2023-02-16T23:33:36.613+0000] {processor.py:753} INFO - DAG(s) dict_keys(['example_task_group_decorator']) retrieved from /home/airflow/.local/lib/python3.7/site-packages/airflow/example_dags/example_task_group_decorator.py
[2023-02-16T23:33:37.299+0000] {logging_mixin.py:137} INFO - [2023-02-16T23:33:37.250+0000] {dag.py:2690} INFO - Sync 1 DAGs
[2023-02-16T23:33:38.364+0000] {logging_mixin.py:137} INFO - [2023-02-16T23:33:38.364+0000] {dag.py:3441} INFO - Setting next_dagrun for example_task_group_decorator to 2023-02-15T23:33:38.364017+00:00, run_after=2023-02-16T23:33:38.364017+00:00
[2023-02-16T23:33:38.720+0000] {processor.py:175} INFO - Processing /home/airflow/.local/lib/python3.7/site-packages/airflow/example_dags/example_task_group_decorator.py took 3.526 seconds
[2023-02-16T23:34:51.185+0000] {processor.py:153} INFO - Started process (PID=465) to work on /home/airflow/.local/lib/python3.7/site-packages/airflow/example_dags/example_task_group_decorator.py
[2023-02-16T23:34:51.196+0000] {processor.py:743} INFO - Processing file /home/airflow/.local/lib/python3.7/site-packages/airflow/example_dags/example_task_group_decorator.py for tasks to queue
[2023-02-16T23:34:51.203+0000] {logging_mixin.py:137} INFO - [2023-02-16T23:34:51.202+0000] {dagbag.py:538} INFO - Filling up the DagBag from /home/airflow/.local/lib/python3.7/site-packages/airflow/example_dags/example_task_group_decorator.py
[2023-02-16T23:34:51.426+0000] {processor.py:753} INFO - DAG(s) dict_keys(['example_task_group_decorator']) retrieved from /home/airflow/.local/lib/python3.7/site-packages/airflow/example_dags/example_task_group_decorator.py
[2023-02-16T23:34:51.654+0000] {logging_mixin.py:137} INFO - [2023-02-16T23:34:51.654+0000] {dag.py:2690} INFO - Sync 1 DAGs
[2023-02-16T23:34:52.118+0000] {logging_mixin.py:137} INFO - [2023-02-16T23:34:52.113+0000] {dag.py:3441} INFO - Setting next_dagrun for example_task_group_decorator to 2023-02-15T23:34:52.111971+00:00, run_after=2023-02-16T23:34:52.111971+00:00
[2023-02-16T23:34:52.228+0000] {processor.py:175} INFO - Processing /home/airflow/.local/lib/python3.7/site-packages/airflow/example_dags/example_task_group_decorator.py took 1.062 seconds
[2023-02-16T23:35:32.662+0000] {processor.py:153} INFO - Started process (PID=524) to work on /home/airflow/.local/lib/python3.7/site-packages/airflow/example_dags/example_task_group_decorator.py
[2023-02-16T23:35:32.700+0000] {processor.py:743} INFO - Processing file /home/airflow/.local/lib/python3.7/site-packages/airflow/example_dags/example_task_group_decorator.py for tasks to queue
[2023-02-16T23:35:32.713+0000] {logging_mixin.py:137} INFO - [2023-02-16T23:35:32.705+0000] {dagbag.py:538} INFO - Filling up the DagBag from /home/airflow/.local/lib/python3.7/site-packages/airflow/example_dags/example_task_group_decorator.py
[2023-02-16T23:35:32.915+0000] {processor.py:753} INFO - DAG(s) dict_keys(['example_task_group_decorator']) retrieved from /home/airflow/.local/lib/python3.7/site-packages/airflow/example_dags/example_task_group_decorator.py
[2023-02-16T23:35:33.074+0000] {logging_mixin.py:137} INFO - [2023-02-16T23:35:33.074+0000] {dag.py:2690} INFO - Sync 1 DAGs
[2023-02-16T23:35:33.201+0000] {logging_mixin.py:137} INFO - [2023-02-16T23:35:33.200+0000] {dag.py:3441} INFO - Setting next_dagrun for example_task_group_decorator to 2023-02-15T23:35:33.199865+00:00, run_after=2023-02-16T23:35:33.199865+00:00
[2023-02-16T23:35:33.276+0000] {processor.py:175} INFO - Processing /home/airflow/.local/lib/python3.7/site-packages/airflow/example_dags/example_task_group_decorator.py took 0.632 seconds
[2023-02-16T23:36:32.404+0000] {processor.py:153} INFO - Started process (PID=591) to work on /home/airflow/.local/lib/python3.7/site-packages/airflow/example_dags/example_task_group_decorator.py
[2023-02-16T23:36:32.413+0000] {processor.py:743} INFO - Processing file /home/airflow/.local/lib/python3.7/site-packages/airflow/example_dags/example_task_group_decorator.py for tasks to queue
[2023-02-16T23:36:32.438+0000] {logging_mixin.py:137} INFO - [2023-02-16T23:36:32.438+0000] {dagbag.py:538} INFO - Filling up the DagBag from /home/airflow/.local/lib/python3.7/site-packages/airflow/example_dags/example_task_group_decorator.py
[2023-02-16T23:36:32.658+0000] {processor.py:753} INFO - DAG(s) dict_keys(['example_task_group_decorator']) retrieved from /home/airflow/.local/lib/python3.7/site-packages/airflow/example_dags/example_task_group_decorator.py
[2023-02-16T23:36:32.946+0000] {logging_mixin.py:137} INFO - [2023-02-16T23:36:32.945+0000] {dag.py:2690} INFO - Sync 1 DAGs
[2023-02-16T23:36:33.074+0000] {logging_mixin.py:137} INFO - [2023-02-16T23:36:33.074+0000] {dag.py:3441} INFO - Setting next_dagrun for example_task_group_decorator to 2023-02-15T23:36:33.073741+00:00, run_after=2023-02-16T23:36:33.073741+00:00
[2023-02-16T23:36:33.176+0000] {processor.py:175} INFO - Processing /home/airflow/.local/lib/python3.7/site-packages/airflow/example_dags/example_task_group_decorator.py took 0.822 seconds
[2023-02-16T23:37:07.847+0000] {processor.py:153} INFO - Started process (PID=651) to work on /home/airflow/.local/lib/python3.7/site-packages/airflow/example_dags/example_task_group_decorator.py
[2023-02-16T23:37:07.860+0000] {processor.py:743} INFO - Processing file /home/airflow/.local/lib/python3.7/site-packages/airflow/example_dags/example_task_group_decorator.py for tasks to queue
[2023-02-16T23:37:07.878+0000] {logging_mixin.py:137} INFO - [2023-02-16T23:37:07.878+0000] {dagbag.py:538} INFO - Filling up the DagBag from /home/airflow/.local/lib/python3.7/site-packages/airflow/example_dags/example_task_group_decorator.py
[2023-02-16T23:37:08.298+0000] {processor.py:753} INFO - DAG(s) dict_keys(['example_task_group_decorator']) retrieved from /home/airflow/.local/lib/python3.7/site-packages/airflow/example_dags/example_task_group_decorator.py
[2023-02-16T23:37:08.483+0000] {logging_mixin.py:137} INFO - [2023-02-16T23:37:08.482+0000] {dag.py:2690} INFO - Sync 1 DAGs
[2023-02-16T23:37:08.975+0000] {logging_mixin.py:137} INFO - [2023-02-16T23:37:08.974+0000] {dag.py:3441} INFO - Setting next_dagrun for example_task_group_decorator to 2023-02-15T23:37:08.973894+00:00, run_after=2023-02-16T23:37:08.973894+00:00
[2023-02-16T23:37:09.203+0000] {processor.py:175} INFO - Processing /home/airflow/.local/lib/python3.7/site-packages/airflow/example_dags/example_task_group_decorator.py took 1.373 seconds
[2023-02-16T23:38:34.476+0000] {processor.py:153} INFO - Started process (PID=729) to work on /home/airflow/.local/lib/python3.7/site-packages/airflow/example_dags/example_task_group_decorator.py
[2023-02-16T23:38:34.496+0000] {processor.py:743} INFO - Processing file /home/airflow/.local/lib/python3.7/site-packages/airflow/example_dags/example_task_group_decorator.py for tasks to queue
[2023-02-16T23:38:34.514+0000] {logging_mixin.py:137} INFO - [2023-02-16T23:38:34.513+0000] {dagbag.py:538} INFO - Filling up the DagBag from /home/airflow/.local/lib/python3.7/site-packages/airflow/example_dags/example_task_group_decorator.py
[2023-02-16T23:38:35.306+0000] {processor.py:753} INFO - DAG(s) dict_keys(['example_task_group_decorator']) retrieved from /home/airflow/.local/lib/python3.7/site-packages/airflow/example_dags/example_task_group_decorator.py
[2023-02-16T23:38:35.842+0000] {logging_mixin.py:137} INFO - [2023-02-16T23:38:35.841+0000] {dag.py:2690} INFO - Sync 1 DAGs
[2023-02-16T23:38:36.090+0000] {logging_mixin.py:137} INFO - [2023-02-16T23:38:36.090+0000] {dag.py:3441} INFO - Setting next_dagrun for example_task_group_decorator to 2023-02-15T23:38:36.090081+00:00, run_after=2023-02-16T23:38:36.090081+00:00
[2023-02-16T23:38:36.310+0000] {processor.py:175} INFO - Processing /home/airflow/.local/lib/python3.7/site-packages/airflow/example_dags/example_task_group_decorator.py took 2.001 seconds
[2023-02-16T23:39:09.387+0000] {processor.py:153} INFO - Started process (PID=783) to work on /home/airflow/.local/lib/python3.7/site-packages/airflow/example_dags/example_task_group_decorator.py
[2023-02-16T23:39:09.395+0000] {processor.py:743} INFO - Processing file /home/airflow/.local/lib/python3.7/site-packages/airflow/example_dags/example_task_group_decorator.py for tasks to queue
[2023-02-16T23:39:09.403+0000] {logging_mixin.py:137} INFO - [2023-02-16T23:39:09.402+0000] {dagbag.py:538} INFO - Filling up the DagBag from /home/airflow/.local/lib/python3.7/site-packages/airflow/example_dags/example_task_group_decorator.py
[2023-02-16T23:39:09.646+0000] {processor.py:753} INFO - DAG(s) dict_keys(['example_task_group_decorator']) retrieved from /home/airflow/.local/lib/python3.7/site-packages/airflow/example_dags/example_task_group_decorator.py
[2023-02-16T23:39:09.875+0000] {logging_mixin.py:137} INFO - [2023-02-16T23:39:09.875+0000] {dag.py:2690} INFO - Sync 1 DAGs
[2023-02-16T23:39:10.087+0000] {logging_mixin.py:137} INFO - [2023-02-16T23:39:10.087+0000] {dag.py:3441} INFO - Setting next_dagrun for example_task_group_decorator to 2023-02-15T23:39:10.086388+00:00, run_after=2023-02-16T23:39:10.086388+00:00
[2023-02-16T23:39:10.241+0000] {processor.py:175} INFO - Processing /home/airflow/.local/lib/python3.7/site-packages/airflow/example_dags/example_task_group_decorator.py took 0.879 seconds
[2023-02-16T23:40:34.628+0000] {processor.py:153} INFO - Started process (PID=871) to work on /home/airflow/.local/lib/python3.7/site-packages/airflow/example_dags/example_task_group_decorator.py
[2023-02-16T23:40:34.649+0000] {processor.py:743} INFO - Processing file /home/airflow/.local/lib/python3.7/site-packages/airflow/example_dags/example_task_group_decorator.py for tasks to queue
[2023-02-16T23:40:34.703+0000] {logging_mixin.py:137} INFO - [2023-02-16T23:40:34.703+0000] {dagbag.py:538} INFO - Filling up the DagBag from /home/airflow/.local/lib/python3.7/site-packages/airflow/example_dags/example_task_group_decorator.py
[2023-02-16T23:40:35.518+0000] {processor.py:753} INFO - DAG(s) dict_keys(['example_task_group_decorator']) retrieved from /home/airflow/.local/lib/python3.7/site-packages/airflow/example_dags/example_task_group_decorator.py
[2023-02-16T23:40:36.190+0000] {logging_mixin.py:137} INFO - [2023-02-16T23:40:36.190+0000] {dag.py:2690} INFO - Sync 1 DAGs
[2023-02-16T23:40:36.685+0000] {logging_mixin.py:137} INFO - [2023-02-16T23:40:36.685+0000] {dag.py:3441} INFO - Setting next_dagrun for example_task_group_decorator to 2023-02-15T23:40:36.684681+00:00, run_after=2023-02-16T23:40:36.684681+00:00
[2023-02-16T23:40:36.936+0000] {processor.py:175} INFO - Processing /home/airflow/.local/lib/python3.7/site-packages/airflow/example_dags/example_task_group_decorator.py took 2.379 seconds
[2023-02-16T23:41:21.228+0000] {processor.py:153} INFO - Started process (PID=936) to work on /home/airflow/.local/lib/python3.7/site-packages/airflow/example_dags/example_task_group_decorator.py
[2023-02-16T23:41:21.246+0000] {processor.py:743} INFO - Processing file /home/airflow/.local/lib/python3.7/site-packages/airflow/example_dags/example_task_group_decorator.py for tasks to queue
[2023-02-16T23:41:21.263+0000] {logging_mixin.py:137} INFO - [2023-02-16T23:41:21.262+0000] {dagbag.py:538} INFO - Filling up the DagBag from /home/airflow/.local/lib/python3.7/site-packages/airflow/example_dags/example_task_group_decorator.py
[2023-02-16T23:41:21.521+0000] {processor.py:753} INFO - DAG(s) dict_keys(['example_task_group_decorator']) retrieved from /home/airflow/.local/lib/python3.7/site-packages/airflow/example_dags/example_task_group_decorator.py
[2023-02-16T23:41:21.772+0000] {logging_mixin.py:137} INFO - [2023-02-16T23:41:21.771+0000] {dag.py:2690} INFO - Sync 1 DAGs
[2023-02-16T23:41:22.112+0000] {logging_mixin.py:137} INFO - [2023-02-16T23:41:22.111+0000] {dag.py:3441} INFO - Setting next_dagrun for example_task_group_decorator to 2023-02-15T23:41:22.111217+00:00, run_after=2023-02-16T23:41:22.111217+00:00
[2023-02-16T23:41:22.301+0000] {processor.py:175} INFO - Processing /home/airflow/.local/lib/python3.7/site-packages/airflow/example_dags/example_task_group_decorator.py took 1.110 seconds
[2023-02-16T23:42:28.536+0000] {processor.py:153} INFO - Started process (PID=1000) to work on /home/airflow/.local/lib/python3.7/site-packages/airflow/example_dags/example_task_group_decorator.py
[2023-02-16T23:42:28.543+0000] {processor.py:743} INFO - Processing file /home/airflow/.local/lib/python3.7/site-packages/airflow/example_dags/example_task_group_decorator.py for tasks to queue
[2023-02-16T23:42:28.549+0000] {logging_mixin.py:137} INFO - [2023-02-16T23:42:28.549+0000] {dagbag.py:538} INFO - Filling up the DagBag from /home/airflow/.local/lib/python3.7/site-packages/airflow/example_dags/example_task_group_decorator.py
[2023-02-16T23:42:28.643+0000] {processor.py:753} INFO - DAG(s) dict_keys(['example_task_group_decorator']) retrieved from /home/airflow/.local/lib/python3.7/site-packages/airflow/example_dags/example_task_group_decorator.py
[2023-02-16T23:42:29.898+0000] {logging_mixin.py:137} INFO - [2023-02-16T23:42:29.572+0000] {dag.py:2690} INFO - Sync 1 DAGs
[2023-02-16T23:42:31.478+0000] {logging_mixin.py:137} INFO - [2023-02-16T23:42:31.474+0000] {dag.py:3441} INFO - Setting next_dagrun for example_task_group_decorator to 2023-02-15T23:42:31.473597+00:00, run_after=2023-02-16T23:42:31.473597+00:00
[2023-02-16T23:42:32.016+0000] {processor.py:175} INFO - Processing /home/airflow/.local/lib/python3.7/site-packages/airflow/example_dags/example_task_group_decorator.py took 3.498 seconds
[2023-02-16T23:43:33.598+0000] {processor.py:153} INFO - Started process (PID=1080) to work on /home/airflow/.local/lib/python3.7/site-packages/airflow/example_dags/example_task_group_decorator.py
[2023-02-16T23:43:33.614+0000] {processor.py:743} INFO - Processing file /home/airflow/.local/lib/python3.7/site-packages/airflow/example_dags/example_task_group_decorator.py for tasks to queue
[2023-02-16T23:43:33.638+0000] {logging_mixin.py:137} INFO - [2023-02-16T23:43:33.628+0000] {dagbag.py:538} INFO - Filling up the DagBag from /home/airflow/.local/lib/python3.7/site-packages/airflow/example_dags/example_task_group_decorator.py
[2023-02-16T23:43:34.313+0000] {processor.py:753} INFO - DAG(s) dict_keys(['example_task_group_decorator']) retrieved from /home/airflow/.local/lib/python3.7/site-packages/airflow/example_dags/example_task_group_decorator.py
[2023-02-16T23:43:34.880+0000] {logging_mixin.py:137} INFO - [2023-02-16T23:43:34.880+0000] {dag.py:2690} INFO - Sync 1 DAGs
[2023-02-16T23:43:36.356+0000] {logging_mixin.py:137} INFO - [2023-02-16T23:43:36.355+0000] {dag.py:3441} INFO - Setting next_dagrun for example_task_group_decorator to 2023-02-15T23:43:36.355319+00:00, run_after=2023-02-16T23:43:36.355319+00:00
[2023-02-16T23:43:36.667+0000] {processor.py:175} INFO - Processing /home/airflow/.local/lib/python3.7/site-packages/airflow/example_dags/example_task_group_decorator.py took 3.110 seconds
[2023-02-16T23:44:29.590+0000] {processor.py:153} INFO - Started process (PID=1151) to work on /home/airflow/.local/lib/python3.7/site-packages/airflow/example_dags/example_task_group_decorator.py
[2023-02-16T23:44:29.599+0000] {processor.py:743} INFO - Processing file /home/airflow/.local/lib/python3.7/site-packages/airflow/example_dags/example_task_group_decorator.py for tasks to queue
[2023-02-16T23:44:29.613+0000] {logging_mixin.py:137} INFO - [2023-02-16T23:44:29.612+0000] {dagbag.py:538} INFO - Filling up the DagBag from /home/airflow/.local/lib/python3.7/site-packages/airflow/example_dags/example_task_group_decorator.py
[2023-02-16T23:44:30.064+0000] {processor.py:753} INFO - DAG(s) dict_keys(['example_task_group_decorator']) retrieved from /home/airflow/.local/lib/python3.7/site-packages/airflow/example_dags/example_task_group_decorator.py
[2023-02-16T23:44:30.349+0000] {logging_mixin.py:137} INFO - [2023-02-16T23:44:30.349+0000] {dag.py:2690} INFO - Sync 1 DAGs
[2023-02-16T23:44:30.650+0000] {logging_mixin.py:137} INFO - [2023-02-16T23:44:30.650+0000] {dag.py:3441} INFO - Setting next_dagrun for example_task_group_decorator to 2023-02-15T23:44:30.563495+00:00, run_after=2023-02-16T23:44:30.563495+00:00
[2023-02-16T23:44:30.924+0000] {processor.py:175} INFO - Processing /home/airflow/.local/lib/python3.7/site-packages/airflow/example_dags/example_task_group_decorator.py took 1.366 seconds
[2023-02-16T23:45:31.637+0000] {processor.py:153} INFO - Started process (PID=1218) to work on /home/airflow/.local/lib/python3.7/site-packages/airflow/example_dags/example_task_group_decorator.py
[2023-02-16T23:45:31.671+0000] {processor.py:743} INFO - Processing file /home/airflow/.local/lib/python3.7/site-packages/airflow/example_dags/example_task_group_decorator.py for tasks to queue
[2023-02-16T23:45:31.675+0000] {logging_mixin.py:137} INFO - [2023-02-16T23:45:31.675+0000] {dagbag.py:538} INFO - Filling up the DagBag from /home/airflow/.local/lib/python3.7/site-packages/airflow/example_dags/example_task_group_decorator.py
[2023-02-16T23:45:32.143+0000] {processor.py:753} INFO - DAG(s) dict_keys(['example_task_group_decorator']) retrieved from /home/airflow/.local/lib/python3.7/site-packages/airflow/example_dags/example_task_group_decorator.py
[2023-02-16T23:45:32.510+0000] {logging_mixin.py:137} INFO - [2023-02-16T23:45:32.510+0000] {dag.py:2690} INFO - Sync 1 DAGs
[2023-02-16T23:45:32.766+0000] {logging_mixin.py:137} INFO - [2023-02-16T23:45:32.761+0000] {dag.py:3441} INFO - Setting next_dagrun for example_task_group_decorator to 2023-02-15T23:45:32.761148+00:00, run_after=2023-02-16T23:45:32.761148+00:00
[2023-02-16T23:45:32.914+0000] {processor.py:175} INFO - Processing /home/airflow/.local/lib/python3.7/site-packages/airflow/example_dags/example_task_group_decorator.py took 1.307 seconds
