[2023-02-16T22:54:40.392+0000] {processor.py:153} INFO - Started process (PID=103) to work on /home/airflow/.local/lib/python3.7/site-packages/airflow/example_dags/example_time_delta_sensor_async.py
[2023-02-16T22:54:40.425+0000] {processor.py:743} INFO - Processing file /home/airflow/.local/lib/python3.7/site-packages/airflow/example_dags/example_time_delta_sensor_async.py for tasks to queue
[2023-02-16T22:54:40.440+0000] {logging_mixin.py:137} INFO - [2023-02-16T22:54:40.440+0000] {dagbag.py:538} INFO - Filling up the DagBag from /home/airflow/.local/lib/python3.7/site-packages/airflow/example_dags/example_time_delta_sensor_async.py
[2023-02-16T22:54:41.268+0000] {processor.py:753} INFO - DAG(s) dict_keys(['example_time_delta_sensor_async']) retrieved from /home/airflow/.local/lib/python3.7/site-packages/airflow/example_dags/example_time_delta_sensor_async.py
[2023-02-16T22:54:41.568+0000] {logging_mixin.py:137} INFO - [2023-02-16T22:54:41.568+0000] {dag.py:2690} INFO - Sync 1 DAGs
[2023-02-16T22:54:43.053+0000] {logging_mixin.py:137} INFO - [2023-02-16T22:54:43.041+0000] {dag.py:3441} INFO - Setting next_dagrun for example_time_delta_sensor_async to None, run_after=None
[2023-02-16T22:54:43.697+0000] {processor.py:175} INFO - Processing /home/airflow/.local/lib/python3.7/site-packages/airflow/example_dags/example_time_delta_sensor_async.py took 3.360 seconds
[2023-02-16T22:58:41.456+0000] {processor.py:153} INFO - Started process (PID=249) to work on /home/airflow/.local/lib/python3.7/site-packages/airflow/example_dags/example_time_delta_sensor_async.py
[2023-02-16T22:58:41.477+0000] {processor.py:743} INFO - Processing file /home/airflow/.local/lib/python3.7/site-packages/airflow/example_dags/example_time_delta_sensor_async.py for tasks to queue
[2023-02-16T22:58:41.484+0000] {logging_mixin.py:137} INFO - [2023-02-16T22:58:41.483+0000] {dagbag.py:538} INFO - Filling up the DagBag from /home/airflow/.local/lib/python3.7/site-packages/airflow/example_dags/example_time_delta_sensor_async.py
[2023-02-16T22:58:41.661+0000] {processor.py:753} INFO - DAG(s) dict_keys(['example_time_delta_sensor_async']) retrieved from /home/airflow/.local/lib/python3.7/site-packages/airflow/example_dags/example_time_delta_sensor_async.py
[2023-02-16T22:58:42.283+0000] {logging_mixin.py:137} INFO - [2023-02-16T22:58:42.282+0000] {dag.py:2690} INFO - Sync 1 DAGs
[2023-02-16T22:58:43.038+0000] {logging_mixin.py:137} INFO - [2023-02-16T22:58:43.037+0000] {dag.py:3441} INFO - Setting next_dagrun for example_time_delta_sensor_async to None, run_after=None
[2023-02-16T22:58:43.610+0000] {processor.py:175} INFO - Processing /home/airflow/.local/lib/python3.7/site-packages/airflow/example_dags/example_time_delta_sensor_async.py took 2.171 seconds
[2023-02-16T22:59:20.513+0000] {processor.py:153} INFO - Started process (PID=311) to work on /home/airflow/.local/lib/python3.7/site-packages/airflow/example_dags/example_time_delta_sensor_async.py
[2023-02-16T22:59:20.522+0000] {processor.py:743} INFO - Processing file /home/airflow/.local/lib/python3.7/site-packages/airflow/example_dags/example_time_delta_sensor_async.py for tasks to queue
[2023-02-16T22:59:20.528+0000] {logging_mixin.py:137} INFO - [2023-02-16T22:59:20.527+0000] {dagbag.py:538} INFO - Filling up the DagBag from /home/airflow/.local/lib/python3.7/site-packages/airflow/example_dags/example_time_delta_sensor_async.py
[2023-02-16T22:59:20.654+0000] {processor.py:753} INFO - DAG(s) dict_keys(['example_time_delta_sensor_async']) retrieved from /home/airflow/.local/lib/python3.7/site-packages/airflow/example_dags/example_time_delta_sensor_async.py
[2023-02-16T22:59:20.856+0000] {logging_mixin.py:137} INFO - [2023-02-16T22:59:20.856+0000] {dag.py:2690} INFO - Sync 1 DAGs
[2023-02-16T22:59:20.975+0000] {logging_mixin.py:137} INFO - [2023-02-16T22:59:20.975+0000] {dag.py:3441} INFO - Setting next_dagrun for example_time_delta_sensor_async to None, run_after=None
[2023-02-16T22:59:21.054+0000] {processor.py:175} INFO - Processing /home/airflow/.local/lib/python3.7/site-packages/airflow/example_dags/example_time_delta_sensor_async.py took 0.577 seconds
[2023-02-16T23:01:46.083+0000] {processor.py:153} INFO - Started process (PID=402) to work on /home/airflow/.local/lib/python3.7/site-packages/airflow/example_dags/example_time_delta_sensor_async.py
[2023-02-16T23:01:46.170+0000] {processor.py:743} INFO - Processing file /home/airflow/.local/lib/python3.7/site-packages/airflow/example_dags/example_time_delta_sensor_async.py for tasks to queue
[2023-02-16T23:01:46.224+0000] {logging_mixin.py:137} INFO - [2023-02-16T23:01:46.224+0000] {dagbag.py:538} INFO - Filling up the DagBag from /home/airflow/.local/lib/python3.7/site-packages/airflow/example_dags/example_time_delta_sensor_async.py
[2023-02-16T23:01:46.910+0000] {processor.py:753} INFO - DAG(s) dict_keys(['example_time_delta_sensor_async']) retrieved from /home/airflow/.local/lib/python3.7/site-packages/airflow/example_dags/example_time_delta_sensor_async.py
[2023-02-16T23:01:48.012+0000] {logging_mixin.py:137} INFO - [2023-02-16T23:01:48.006+0000] {dag.py:2690} INFO - Sync 1 DAGs
[2023-02-16T23:01:48.610+0000] {logging_mixin.py:137} INFO - [2023-02-16T23:01:48.609+0000] {dag.py:3441} INFO - Setting next_dagrun for example_time_delta_sensor_async to None, run_after=None
[2023-02-16T23:01:49.362+0000] {processor.py:175} INFO - Processing /home/airflow/.local/lib/python3.7/site-packages/airflow/example_dags/example_time_delta_sensor_async.py took 3.383 seconds
[2023-02-16T23:02:28.630+0000] {processor.py:153} INFO - Started process (PID=458) to work on /home/airflow/.local/lib/python3.7/site-packages/airflow/example_dags/example_time_delta_sensor_async.py
[2023-02-16T23:02:28.645+0000] {processor.py:743} INFO - Processing file /home/airflow/.local/lib/python3.7/site-packages/airflow/example_dags/example_time_delta_sensor_async.py for tasks to queue
[2023-02-16T23:02:28.656+0000] {logging_mixin.py:137} INFO - [2023-02-16T23:02:28.655+0000] {dagbag.py:538} INFO - Filling up the DagBag from /home/airflow/.local/lib/python3.7/site-packages/airflow/example_dags/example_time_delta_sensor_async.py
[2023-02-16T23:02:28.739+0000] {processor.py:753} INFO - DAG(s) dict_keys(['example_time_delta_sensor_async']) retrieved from /home/airflow/.local/lib/python3.7/site-packages/airflow/example_dags/example_time_delta_sensor_async.py
[2023-02-16T23:02:29.077+0000] {logging_mixin.py:137} INFO - [2023-02-16T23:02:29.060+0000] {dag.py:2690} INFO - Sync 1 DAGs
[2023-02-16T23:02:29.221+0000] {logging_mixin.py:137} INFO - [2023-02-16T23:02:29.221+0000] {dag.py:3441} INFO - Setting next_dagrun for example_time_delta_sensor_async to None, run_after=None
[2023-02-16T23:02:29.286+0000] {processor.py:175} INFO - Processing /home/airflow/.local/lib/python3.7/site-packages/airflow/example_dags/example_time_delta_sensor_async.py took 0.680 seconds
