[2023-02-16T22:56:52.850+0000] {processor.py:153} INFO - Started process (PID=186) to work on /home/airflow/.local/lib/python3.7/site-packages/airflow/example_dags/example_datasets.py
[2023-02-16T22:56:52.974+0000] {processor.py:743} INFO - Processing file /home/airflow/.local/lib/python3.7/site-packages/airflow/example_dags/example_datasets.py for tasks to queue
[2023-02-16T22:56:53.087+0000] {logging_mixin.py:137} INFO - [2023-02-16T22:56:53.082+0000] {dagbag.py:538} INFO - Filling up the DagBag from /home/airflow/.local/lib/python3.7/site-packages/airflow/example_dags/example_datasets.py
[2023-02-16T22:56:54.237+0000] {processor.py:753} INFO - DAG(s) dict_keys(['dataset_produces_2', 'dataset_consumes_1_and_2', 'dataset_consumes_1_never_scheduled', 'dataset_produces_1', 'dataset_consumes_unknown_never_scheduled', 'dataset_consumes_1']) retrieved from /home/airflow/.local/lib/python3.7/site-packages/airflow/example_dags/example_datasets.py
[2023-02-16T22:57:15.223+0000] {logging_mixin.py:137} INFO - [2023-02-16T22:57:15.222+0000] {dag.py:2690} INFO - Sync 6 DAGs
[2023-02-16T22:57:16.671+0000] {logging_mixin.py:137} INFO - [2023-02-16T22:57:16.670+0000] {dag.py:3441} INFO - Setting next_dagrun for dataset_consumes_1 to None, run_after=None
[2023-02-16T22:57:16.846+0000] {logging_mixin.py:137} INFO - [2023-02-16T22:57:16.846+0000] {dag.py:3441} INFO - Setting next_dagrun for dataset_consumes_1_and_2 to None, run_after=None
[2023-02-16T22:57:16.877+0000] {logging_mixin.py:137} INFO - [2023-02-16T22:57:16.876+0000] {dag.py:3441} INFO - Setting next_dagrun for dataset_consumes_1_never_scheduled to None, run_after=None
[2023-02-16T22:57:16.921+0000] {logging_mixin.py:137} INFO - [2023-02-16T22:57:16.921+0000] {dag.py:3441} INFO - Setting next_dagrun for dataset_consumes_unknown_never_scheduled to None, run_after=None
[2023-02-16T22:57:17.118+0000] {logging_mixin.py:137} INFO - [2023-02-16T22:57:17.082+0000] {dag.py:3441} INFO - Setting next_dagrun for dataset_produces_1 to 2023-02-15T00:00:00+00:00, run_after=2023-02-16T00:00:00+00:00
[2023-02-16T22:57:17.199+0000] {logging_mixin.py:137} INFO - [2023-02-16T22:57:17.159+0000] {dag.py:3441} INFO - Setting next_dagrun for dataset_produces_2 to None, run_after=None
[2023-02-16T22:57:18.231+0000] {processor.py:175} INFO - Processing /home/airflow/.local/lib/python3.7/site-packages/airflow/example_dags/example_datasets.py took 25.564 seconds
[2023-02-16T22:59:02.583+0000] {processor.py:153} INFO - Started process (PID=282) to work on /home/airflow/.local/lib/python3.7/site-packages/airflow/example_dags/example_datasets.py
[2023-02-16T22:59:02.590+0000] {processor.py:743} INFO - Processing file /home/airflow/.local/lib/python3.7/site-packages/airflow/example_dags/example_datasets.py for tasks to queue
[2023-02-16T22:59:02.604+0000] {logging_mixin.py:137} INFO - [2023-02-16T22:59:02.603+0000] {dagbag.py:538} INFO - Filling up the DagBag from /home/airflow/.local/lib/python3.7/site-packages/airflow/example_dags/example_datasets.py
[2023-02-16T22:59:02.686+0000] {processor.py:753} INFO - DAG(s) dict_keys(['dataset_produces_1', 'dataset_consumes_1', 'dataset_consumes_1_never_scheduled', 'dataset_consumes_unknown_never_scheduled', 'dataset_produces_2', 'dataset_consumes_1_and_2']) retrieved from /home/airflow/.local/lib/python3.7/site-packages/airflow/example_dags/example_datasets.py
[2023-02-16T22:59:02.964+0000] {logging_mixin.py:137} INFO - [2023-02-16T22:59:02.964+0000] {dag.py:2690} INFO - Sync 6 DAGs
[2023-02-16T22:59:03.068+0000] {logging_mixin.py:137} INFO - [2023-02-16T22:59:03.067+0000] {dag.py:3441} INFO - Setting next_dagrun for dataset_consumes_1 to None, run_after=None
[2023-02-16T22:59:03.087+0000] {logging_mixin.py:137} INFO - [2023-02-16T22:59:03.087+0000] {dag.py:3441} INFO - Setting next_dagrun for dataset_consumes_1_and_2 to None, run_after=None
[2023-02-16T22:59:03.098+0000] {logging_mixin.py:137} INFO - [2023-02-16T22:59:03.097+0000] {dag.py:3441} INFO - Setting next_dagrun for dataset_consumes_1_never_scheduled to None, run_after=None
[2023-02-16T22:59:03.108+0000] {logging_mixin.py:137} INFO - [2023-02-16T22:59:03.107+0000] {dag.py:3441} INFO - Setting next_dagrun for dataset_consumes_unknown_never_scheduled to None, run_after=None
[2023-02-16T22:59:03.132+0000] {logging_mixin.py:137} INFO - [2023-02-16T22:59:03.132+0000] {dag.py:3441} INFO - Setting next_dagrun for dataset_produces_1 to 2023-02-15T00:00:00+00:00, run_after=2023-02-16T00:00:00+00:00
[2023-02-16T22:59:03.139+0000] {logging_mixin.py:137} INFO - [2023-02-16T22:59:03.139+0000] {dag.py:3441} INFO - Setting next_dagrun for dataset_produces_2 to None, run_after=None
[2023-02-16T22:59:03.288+0000] {processor.py:175} INFO - Processing /home/airflow/.local/lib/python3.7/site-packages/airflow/example_dags/example_datasets.py took 0.718 seconds
[2023-02-16T23:02:11.409+0000] {processor.py:153} INFO - Started process (PID=437) to work on /home/airflow/.local/lib/python3.7/site-packages/airflow/example_dags/example_datasets.py
[2023-02-16T23:02:11.414+0000] {processor.py:743} INFO - Processing file /home/airflow/.local/lib/python3.7/site-packages/airflow/example_dags/example_datasets.py for tasks to queue
[2023-02-16T23:02:11.421+0000] {logging_mixin.py:137} INFO - [2023-02-16T23:02:11.421+0000] {dagbag.py:538} INFO - Filling up the DagBag from /home/airflow/.local/lib/python3.7/site-packages/airflow/example_dags/example_datasets.py
[2023-02-16T23:02:11.579+0000] {processor.py:753} INFO - DAG(s) dict_keys(['dataset_produces_2', 'dataset_consumes_1', 'dataset_produces_1', 'dataset_consumes_1_never_scheduled', 'dataset_consumes_1_and_2', 'dataset_consumes_unknown_never_scheduled']) retrieved from /home/airflow/.local/lib/python3.7/site-packages/airflow/example_dags/example_datasets.py
[2023-02-16T23:02:12.151+0000] {logging_mixin.py:137} INFO - [2023-02-16T23:02:12.142+0000] {dag.py:2690} INFO - Sync 6 DAGs
[2023-02-16T23:02:12.548+0000] {logging_mixin.py:137} INFO - [2023-02-16T23:02:12.548+0000] {dag.py:3441} INFO - Setting next_dagrun for dataset_consumes_1 to None, run_after=None
[2023-02-16T23:02:12.706+0000] {logging_mixin.py:137} INFO - [2023-02-16T23:02:12.706+0000] {dag.py:3441} INFO - Setting next_dagrun for dataset_consumes_1_and_2 to None, run_after=None
[2023-02-16T23:02:12.737+0000] {logging_mixin.py:137} INFO - [2023-02-16T23:02:12.737+0000] {dag.py:3441} INFO - Setting next_dagrun for dataset_consumes_1_never_scheduled to None, run_after=None
[2023-02-16T23:02:12.782+0000] {logging_mixin.py:137} INFO - [2023-02-16T23:02:12.781+0000] {dag.py:3441} INFO - Setting next_dagrun for dataset_consumes_unknown_never_scheduled to None, run_after=None
[2023-02-16T23:02:12.879+0000] {logging_mixin.py:137} INFO - [2023-02-16T23:02:12.878+0000] {dag.py:3441} INFO - Setting next_dagrun for dataset_produces_1 to 2023-02-15T00:00:00+00:00, run_after=2023-02-16T00:00:00+00:00
[2023-02-16T23:02:12.908+0000] {logging_mixin.py:137} INFO - [2023-02-16T23:02:12.908+0000] {dag.py:3441} INFO - Setting next_dagrun for dataset_produces_2 to None, run_after=None
[2023-02-16T23:02:13.569+0000] {processor.py:175} INFO - Processing /home/airflow/.local/lib/python3.7/site-packages/airflow/example_dags/example_datasets.py took 2.182 seconds
