[2023-02-16T22:55:48.396+0000] {processor.py:153} INFO - Started process (PID=148) to work on /home/airflow/.local/lib/python3.7/site-packages/airflow/example_dags/example_bash_operator.py
[2023-02-16T22:55:48.430+0000] {processor.py:743} INFO - Processing file /home/airflow/.local/lib/python3.7/site-packages/airflow/example_dags/example_bash_operator.py for tasks to queue
[2023-02-16T22:55:48.471+0000] {logging_mixin.py:137} INFO - [2023-02-16T22:55:48.471+0000] {dagbag.py:538} INFO - Filling up the DagBag from /home/airflow/.local/lib/python3.7/site-packages/airflow/example_dags/example_bash_operator.py
[2023-02-16T22:55:51.493+0000] {processor.py:753} INFO - DAG(s) dict_keys(['example_bash_operator']) retrieved from /home/airflow/.local/lib/python3.7/site-packages/airflow/example_dags/example_bash_operator.py
[2023-02-16T22:55:53.386+0000] {logging_mixin.py:137} INFO - [2023-02-16T22:55:53.386+0000] {dag.py:2690} INFO - Sync 1 DAGs
[2023-02-16T22:55:59.628+0000] {logging_mixin.py:137} INFO - [2023-02-16T22:55:59.627+0000] {dag.py:3441} INFO - Setting next_dagrun for example_bash_operator to 2023-02-15T00:00:00+00:00, run_after=2023-02-16T00:00:00+00:00
[2023-02-16T22:56:02.372+0000] {processor.py:175} INFO - Processing /home/airflow/.local/lib/python3.7/site-packages/airflow/example_dags/example_bash_operator.py took 14.033 seconds
[2023-02-16T22:58:59.198+0000] {processor.py:153} INFO - Started process (PID=272) to work on /home/airflow/.local/lib/python3.7/site-packages/airflow/example_dags/example_bash_operator.py
[2023-02-16T22:58:59.240+0000] {processor.py:743} INFO - Processing file /home/airflow/.local/lib/python3.7/site-packages/airflow/example_dags/example_bash_operator.py for tasks to queue
[2023-02-16T22:58:59.248+0000] {logging_mixin.py:137} INFO - [2023-02-16T22:58:59.247+0000] {dagbag.py:538} INFO - Filling up the DagBag from /home/airflow/.local/lib/python3.7/site-packages/airflow/example_dags/example_bash_operator.py
[2023-02-16T22:58:59.496+0000] {processor.py:753} INFO - DAG(s) dict_keys(['example_bash_operator']) retrieved from /home/airflow/.local/lib/python3.7/site-packages/airflow/example_dags/example_bash_operator.py
[2023-02-16T22:58:59.671+0000] {logging_mixin.py:137} INFO - [2023-02-16T22:58:59.671+0000] {dag.py:2690} INFO - Sync 1 DAGs
[2023-02-16T22:58:59.797+0000] {logging_mixin.py:137} INFO - [2023-02-16T22:58:59.797+0000] {dag.py:3441} INFO - Setting next_dagrun for example_bash_operator to 2023-02-15T00:00:00+00:00, run_after=2023-02-16T00:00:00+00:00
[2023-02-16T22:58:59.880+0000] {processor.py:175} INFO - Processing /home/airflow/.local/lib/python3.7/site-packages/airflow/example_dags/example_bash_operator.py took 0.721 seconds
[2023-02-16T22:59:39.809+0000] {processor.py:153} INFO - Started process (PID=332) to work on /home/airflow/.local/lib/python3.7/site-packages/airflow/example_dags/example_bash_operator.py
[2023-02-16T22:59:39.845+0000] {processor.py:743} INFO - Processing file /home/airflow/.local/lib/python3.7/site-packages/airflow/example_dags/example_bash_operator.py for tasks to queue
[2023-02-16T22:59:39.877+0000] {logging_mixin.py:137} INFO - [2023-02-16T22:59:39.877+0000] {dagbag.py:538} INFO - Filling up the DagBag from /home/airflow/.local/lib/python3.7/site-packages/airflow/example_dags/example_bash_operator.py
[2023-02-16T22:59:42.316+0000] {processor.py:753} INFO - DAG(s) dict_keys(['example_bash_operator']) retrieved from /home/airflow/.local/lib/python3.7/site-packages/airflow/example_dags/example_bash_operator.py
[2023-02-16T22:59:45.115+0000] {logging_mixin.py:137} INFO - [2023-02-16T22:59:45.115+0000] {dag.py:2690} INFO - Sync 1 DAGs
[2023-02-16T22:59:50.027+0000] {logging_mixin.py:137} INFO - [2023-02-16T22:59:50.027+0000] {dag.py:3441} INFO - Setting next_dagrun for example_bash_operator to 2023-02-15T00:00:00+00:00, run_after=2023-02-16T00:00:00+00:00
[2023-02-16T22:59:58.337+0000] {processor.py:175} INFO - Processing /home/airflow/.local/lib/python3.7/site-packages/airflow/example_dags/example_bash_operator.py took 18.641 seconds
[2023-02-16T23:02:07.443+0000] {processor.py:153} INFO - Started process (PID=424) to work on /home/airflow/.local/lib/python3.7/site-packages/airflow/example_dags/example_bash_operator.py
[2023-02-16T23:02:07.495+0000] {processor.py:743} INFO - Processing file /home/airflow/.local/lib/python3.7/site-packages/airflow/example_dags/example_bash_operator.py for tasks to queue
[2023-02-16T23:02:07.518+0000] {logging_mixin.py:137} INFO - [2023-02-16T23:02:07.518+0000] {dagbag.py:538} INFO - Filling up the DagBag from /home/airflow/.local/lib/python3.7/site-packages/airflow/example_dags/example_bash_operator.py
[2023-02-16T23:02:07.667+0000] {processor.py:753} INFO - DAG(s) dict_keys(['example_bash_operator']) retrieved from /home/airflow/.local/lib/python3.7/site-packages/airflow/example_dags/example_bash_operator.py
[2023-02-16T23:02:08.022+0000] {logging_mixin.py:137} INFO - [2023-02-16T23:02:08.022+0000] {dag.py:2690} INFO - Sync 1 DAGs
[2023-02-16T23:02:08.171+0000] {logging_mixin.py:137} INFO - [2023-02-16T23:02:08.171+0000] {dag.py:3441} INFO - Setting next_dagrun for example_bash_operator to 2023-02-15T00:00:00+00:00, run_after=2023-02-16T00:00:00+00:00
[2023-02-16T23:02:08.315+0000] {processor.py:175} INFO - Processing /home/airflow/.local/lib/python3.7/site-packages/airflow/example_dags/example_bash_operator.py took 0.885 seconds
[2023-02-16T23:02:46.039+0000] {processor.py:153} INFO - Started process (PID=484) to work on /home/airflow/.local/lib/python3.7/site-packages/airflow/example_dags/example_bash_operator.py
[2023-02-16T23:02:46.073+0000] {processor.py:743} INFO - Processing file /home/airflow/.local/lib/python3.7/site-packages/airflow/example_dags/example_bash_operator.py for tasks to queue
[2023-02-16T23:02:46.166+0000] {logging_mixin.py:137} INFO - [2023-02-16T23:02:46.166+0000] {dagbag.py:538} INFO - Filling up the DagBag from /home/airflow/.local/lib/python3.7/site-packages/airflow/example_dags/example_bash_operator.py
[2023-02-16T23:02:46.807+0000] {processor.py:753} INFO - DAG(s) dict_keys(['example_bash_operator']) retrieved from /home/airflow/.local/lib/python3.7/site-packages/airflow/example_dags/example_bash_operator.py
[2023-02-16T23:02:47.542+0000] {logging_mixin.py:137} INFO - [2023-02-16T23:02:47.541+0000] {dag.py:2690} INFO - Sync 1 DAGs
[2023-02-16T23:02:48.148+0000] {logging_mixin.py:137} INFO - [2023-02-16T23:02:48.144+0000] {dag.py:3441} INFO - Setting next_dagrun for example_bash_operator to 2023-02-15T00:00:00+00:00, run_after=2023-02-16T00:00:00+00:00
[2023-02-16T23:02:48.686+0000] {processor.py:175} INFO - Processing /home/airflow/.local/lib/python3.7/site-packages/airflow/example_dags/example_bash_operator.py took 2.679 seconds
[2023-02-16T23:28:39.370+0000] {processor.py:153} INFO - Started process (PID=155) to work on /home/airflow/.local/lib/python3.7/site-packages/airflow/example_dags/example_bash_operator.py
[2023-02-16T23:28:39.464+0000] {processor.py:743} INFO - Processing file /home/airflow/.local/lib/python3.7/site-packages/airflow/example_dags/example_bash_operator.py for tasks to queue
[2023-02-16T23:28:39.479+0000] {logging_mixin.py:137} INFO - [2023-02-16T23:28:39.476+0000] {dagbag.py:538} INFO - Filling up the DagBag from /home/airflow/.local/lib/python3.7/site-packages/airflow/example_dags/example_bash_operator.py
[2023-02-16T23:28:41.429+0000] {processor.py:753} INFO - DAG(s) dict_keys(['example_bash_operator']) retrieved from /home/airflow/.local/lib/python3.7/site-packages/airflow/example_dags/example_bash_operator.py
[2023-02-16T23:28:53.512+0000] {logging_mixin.py:137} INFO - [2023-02-16T23:28:53.512+0000] {manager.py:504} INFO - Created Permission View: can edit on DAG:example_bash_operator
[2023-02-16T23:28:53.939+0000] {logging_mixin.py:137} INFO - [2023-02-16T23:28:53.938+0000] {manager.py:504} INFO - Created Permission View: can delete on DAG:example_bash_operator
[2023-02-16T23:28:54.368+0000] {logging_mixin.py:137} INFO - [2023-02-16T23:28:54.368+0000] {manager.py:504} INFO - Created Permission View: can read on DAG:example_bash_operator
[2023-02-16T23:28:54.382+0000] {logging_mixin.py:137} INFO - [2023-02-16T23:28:54.378+0000] {dag.py:2690} INFO - Sync 1 DAGs
[2023-02-16T23:28:55.745+0000] {logging_mixin.py:137} INFO - [2023-02-16T23:28:55.710+0000] {dag.py:2711} INFO - Creating ORM DAG for example_bash_operator
[2023-02-16T23:28:56.287+0000] {logging_mixin.py:137} INFO - [2023-02-16T23:28:56.287+0000] {dag.py:3441} INFO - Setting next_dagrun for example_bash_operator to 2023-02-15T00:00:00+00:00, run_after=2023-02-16T00:00:00+00:00
[2023-02-16T23:28:57.114+0000] {processor.py:175} INFO - Processing /home/airflow/.local/lib/python3.7/site-packages/airflow/example_dags/example_bash_operator.py took 17.993 seconds
[2023-02-16T23:30:51.641+0000] {processor.py:153} INFO - Started process (PID=250) to work on /home/airflow/.local/lib/python3.7/site-packages/airflow/example_dags/example_bash_operator.py
[2023-02-16T23:30:51.657+0000] {processor.py:743} INFO - Processing file /home/airflow/.local/lib/python3.7/site-packages/airflow/example_dags/example_bash_operator.py for tasks to queue
[2023-02-16T23:30:51.697+0000] {logging_mixin.py:137} INFO - [2023-02-16T23:30:51.696+0000] {dagbag.py:538} INFO - Filling up the DagBag from /home/airflow/.local/lib/python3.7/site-packages/airflow/example_dags/example_bash_operator.py
[2023-02-16T23:30:51.977+0000] {processor.py:753} INFO - DAG(s) dict_keys(['example_bash_operator']) retrieved from /home/airflow/.local/lib/python3.7/site-packages/airflow/example_dags/example_bash_operator.py
[2023-02-16T23:30:52.245+0000] {logging_mixin.py:137} INFO - [2023-02-16T23:30:52.244+0000] {dag.py:2690} INFO - Sync 1 DAGs
[2023-02-16T23:30:52.429+0000] {logging_mixin.py:137} INFO - [2023-02-16T23:30:52.429+0000] {dag.py:3441} INFO - Setting next_dagrun for example_bash_operator to 2023-02-15T00:00:00+00:00, run_after=2023-02-16T00:00:00+00:00
[2023-02-16T23:30:52.608+0000] {processor.py:175} INFO - Processing /home/airflow/.local/lib/python3.7/site-packages/airflow/example_dags/example_bash_operator.py took 0.994 seconds
[2023-02-16T23:32:32.290+0000] {processor.py:153} INFO - Started process (PID=335) to work on /home/airflow/.local/lib/python3.7/site-packages/airflow/example_dags/example_bash_operator.py
[2023-02-16T23:32:32.305+0000] {processor.py:743} INFO - Processing file /home/airflow/.local/lib/python3.7/site-packages/airflow/example_dags/example_bash_operator.py for tasks to queue
[2023-02-16T23:32:32.362+0000] {logging_mixin.py:137} INFO - [2023-02-16T23:32:32.362+0000] {dagbag.py:538} INFO - Filling up the DagBag from /home/airflow/.local/lib/python3.7/site-packages/airflow/example_dags/example_bash_operator.py
[2023-02-16T23:32:32.983+0000] {processor.py:753} INFO - DAG(s) dict_keys(['example_bash_operator']) retrieved from /home/airflow/.local/lib/python3.7/site-packages/airflow/example_dags/example_bash_operator.py
[2023-02-16T23:32:34.464+0000] {logging_mixin.py:137} INFO - [2023-02-16T23:32:34.464+0000] {dag.py:2690} INFO - Sync 1 DAGs
[2023-02-16T23:32:35.515+0000] {logging_mixin.py:137} INFO - [2023-02-16T23:32:35.514+0000] {dag.py:3441} INFO - Setting next_dagrun for example_bash_operator to 2023-02-15T00:00:00+00:00, run_after=2023-02-16T00:00:00+00:00
[2023-02-16T23:32:36.245+0000] {processor.py:175} INFO - Processing /home/airflow/.local/lib/python3.7/site-packages/airflow/example_dags/example_bash_operator.py took 4.007 seconds
[2023-02-16T23:34:38.240+0000] {processor.py:153} INFO - Started process (PID=450) to work on /home/airflow/.local/lib/python3.7/site-packages/airflow/example_dags/example_bash_operator.py
[2023-02-16T23:34:38.264+0000] {processor.py:743} INFO - Processing file /home/airflow/.local/lib/python3.7/site-packages/airflow/example_dags/example_bash_operator.py for tasks to queue
[2023-02-16T23:34:38.287+0000] {logging_mixin.py:137} INFO - [2023-02-16T23:34:38.274+0000] {dagbag.py:538} INFO - Filling up the DagBag from /home/airflow/.local/lib/python3.7/site-packages/airflow/example_dags/example_bash_operator.py
[2023-02-16T23:34:38.496+0000] {processor.py:753} INFO - DAG(s) dict_keys(['example_bash_operator']) retrieved from /home/airflow/.local/lib/python3.7/site-packages/airflow/example_dags/example_bash_operator.py
[2023-02-16T23:34:38.721+0000] {logging_mixin.py:137} INFO - [2023-02-16T23:34:38.721+0000] {dag.py:2690} INFO - Sync 1 DAGs
[2023-02-16T23:34:39.088+0000] {logging_mixin.py:137} INFO - [2023-02-16T23:34:39.086+0000] {dag.py:3441} INFO - Setting next_dagrun for example_bash_operator to 2023-02-15T00:00:00+00:00, run_after=2023-02-16T00:00:00+00:00
[2023-02-16T23:34:39.317+0000] {processor.py:175} INFO - Processing /home/airflow/.local/lib/python3.7/site-packages/airflow/example_dags/example_bash_operator.py took 1.120 seconds
[2023-02-16T23:35:17.296+0000] {processor.py:153} INFO - Started process (PID=509) to work on /home/airflow/.local/lib/python3.7/site-packages/airflow/example_dags/example_bash_operator.py
[2023-02-16T23:35:17.304+0000] {processor.py:743} INFO - Processing file /home/airflow/.local/lib/python3.7/site-packages/airflow/example_dags/example_bash_operator.py for tasks to queue
[2023-02-16T23:35:17.312+0000] {logging_mixin.py:137} INFO - [2023-02-16T23:35:17.312+0000] {dagbag.py:538} INFO - Filling up the DagBag from /home/airflow/.local/lib/python3.7/site-packages/airflow/example_dags/example_bash_operator.py
[2023-02-16T23:35:17.566+0000] {processor.py:753} INFO - DAG(s) dict_keys(['example_bash_operator']) retrieved from /home/airflow/.local/lib/python3.7/site-packages/airflow/example_dags/example_bash_operator.py
[2023-02-16T23:35:17.925+0000] {logging_mixin.py:137} INFO - [2023-02-16T23:35:17.925+0000] {dag.py:2690} INFO - Sync 1 DAGs
[2023-02-16T23:35:18.280+0000] {logging_mixin.py:137} INFO - [2023-02-16T23:35:18.280+0000] {dag.py:3441} INFO - Setting next_dagrun for example_bash_operator to 2023-02-15T00:00:00+00:00, run_after=2023-02-16T00:00:00+00:00
[2023-02-16T23:35:18.485+0000] {processor.py:175} INFO - Processing /home/airflow/.local/lib/python3.7/site-packages/airflow/example_dags/example_bash_operator.py took 1.259 seconds
[2023-02-16T23:36:27.802+0000] {processor.py:153} INFO - Started process (PID=584) to work on /home/airflow/.local/lib/python3.7/site-packages/airflow/example_dags/example_bash_operator.py
[2023-02-16T23:36:27.809+0000] {processor.py:743} INFO - Processing file /home/airflow/.local/lib/python3.7/site-packages/airflow/example_dags/example_bash_operator.py for tasks to queue
[2023-02-16T23:36:27.821+0000] {logging_mixin.py:137} INFO - [2023-02-16T23:36:27.818+0000] {dagbag.py:538} INFO - Filling up the DagBag from /home/airflow/.local/lib/python3.7/site-packages/airflow/example_dags/example_bash_operator.py
[2023-02-16T23:36:27.963+0000] {processor.py:753} INFO - DAG(s) dict_keys(['example_bash_operator']) retrieved from /home/airflow/.local/lib/python3.7/site-packages/airflow/example_dags/example_bash_operator.py
[2023-02-16T23:36:28.403+0000] {logging_mixin.py:137} INFO - [2023-02-16T23:36:28.389+0000] {dag.py:2690} INFO - Sync 1 DAGs
[2023-02-16T23:36:28.937+0000] {logging_mixin.py:137} INFO - [2023-02-16T23:36:28.936+0000] {dag.py:3441} INFO - Setting next_dagrun for example_bash_operator to 2023-02-15T00:00:00+00:00, run_after=2023-02-16T00:00:00+00:00
[2023-02-16T23:36:29.043+0000] {processor.py:175} INFO - Processing /home/airflow/.local/lib/python3.7/site-packages/airflow/example_dags/example_bash_operator.py took 1.262 seconds
[2023-02-16T23:37:01.676+0000] {processor.py:153} INFO - Started process (PID=644) to work on /home/airflow/.local/lib/python3.7/site-packages/airflow/example_dags/example_bash_operator.py
[2023-02-16T23:37:01.700+0000] {processor.py:743} INFO - Processing file /home/airflow/.local/lib/python3.7/site-packages/airflow/example_dags/example_bash_operator.py for tasks to queue
[2023-02-16T23:37:01.743+0000] {logging_mixin.py:137} INFO - [2023-02-16T23:37:01.743+0000] {dagbag.py:538} INFO - Filling up the DagBag from /home/airflow/.local/lib/python3.7/site-packages/airflow/example_dags/example_bash_operator.py
[2023-02-16T23:37:01.883+0000] {processor.py:753} INFO - DAG(s) dict_keys(['example_bash_operator']) retrieved from /home/airflow/.local/lib/python3.7/site-packages/airflow/example_dags/example_bash_operator.py
[2023-02-16T23:37:02.542+0000] {logging_mixin.py:137} INFO - [2023-02-16T23:37:02.533+0000] {dag.py:2690} INFO - Sync 1 DAGs
[2023-02-16T23:37:03.189+0000] {logging_mixin.py:137} INFO - [2023-02-16T23:37:03.176+0000] {dag.py:3441} INFO - Setting next_dagrun for example_bash_operator to 2023-02-15T00:00:00+00:00, run_after=2023-02-16T00:00:00+00:00
[2023-02-16T23:37:03.415+0000] {processor.py:175} INFO - Processing /home/airflow/.local/lib/python3.7/site-packages/airflow/example_dags/example_bash_operator.py took 1.775 seconds
[2023-02-16T23:38:24.555+0000] {processor.py:153} INFO - Started process (PID=714) to work on /home/airflow/.local/lib/python3.7/site-packages/airflow/example_dags/example_bash_operator.py
[2023-02-16T23:38:24.581+0000] {processor.py:743} INFO - Processing file /home/airflow/.local/lib/python3.7/site-packages/airflow/example_dags/example_bash_operator.py for tasks to queue
[2023-02-16T23:38:24.597+0000] {logging_mixin.py:137} INFO - [2023-02-16T23:38:24.597+0000] {dagbag.py:538} INFO - Filling up the DagBag from /home/airflow/.local/lib/python3.7/site-packages/airflow/example_dags/example_bash_operator.py
[2023-02-16T23:38:25.935+0000] {processor.py:753} INFO - DAG(s) dict_keys(['example_bash_operator']) retrieved from /home/airflow/.local/lib/python3.7/site-packages/airflow/example_dags/example_bash_operator.py
[2023-02-16T23:38:26.744+0000] {logging_mixin.py:137} INFO - [2023-02-16T23:38:26.743+0000] {dag.py:2690} INFO - Sync 1 DAGs
[2023-02-16T23:38:27.371+0000] {logging_mixin.py:137} INFO - [2023-02-16T23:38:27.365+0000] {dag.py:3441} INFO - Setting next_dagrun for example_bash_operator to 2023-02-15T00:00:00+00:00, run_after=2023-02-16T00:00:00+00:00
[2023-02-16T23:38:27.792+0000] {processor.py:175} INFO - Processing /home/airflow/.local/lib/python3.7/site-packages/airflow/example_dags/example_bash_operator.py took 3.400 seconds
[2023-02-16T23:39:04.955+0000] {processor.py:153} INFO - Started process (PID=775) to work on /home/airflow/.local/lib/python3.7/site-packages/airflow/example_dags/example_bash_operator.py
[2023-02-16T23:39:04.974+0000] {processor.py:743} INFO - Processing file /home/airflow/.local/lib/python3.7/site-packages/airflow/example_dags/example_bash_operator.py for tasks to queue
[2023-02-16T23:39:04.991+0000] {logging_mixin.py:137} INFO - [2023-02-16T23:39:04.990+0000] {dagbag.py:538} INFO - Filling up the DagBag from /home/airflow/.local/lib/python3.7/site-packages/airflow/example_dags/example_bash_operator.py
[2023-02-16T23:39:05.167+0000] {processor.py:753} INFO - DAG(s) dict_keys(['example_bash_operator']) retrieved from /home/airflow/.local/lib/python3.7/site-packages/airflow/example_dags/example_bash_operator.py
[2023-02-16T23:39:05.494+0000] {logging_mixin.py:137} INFO - [2023-02-16T23:39:05.494+0000] {dag.py:2690} INFO - Sync 1 DAGs
[2023-02-16T23:39:05.833+0000] {logging_mixin.py:137} INFO - [2023-02-16T23:39:05.833+0000] {dag.py:3441} INFO - Setting next_dagrun for example_bash_operator to 2023-02-15T00:00:00+00:00, run_after=2023-02-16T00:00:00+00:00
[2023-02-16T23:39:06.001+0000] {processor.py:175} INFO - Processing /home/airflow/.local/lib/python3.7/site-packages/airflow/example_dags/example_bash_operator.py took 1.065 seconds
[2023-02-16T23:40:25.198+0000] {processor.py:153} INFO - Started process (PID=858) to work on /home/airflow/.local/lib/python3.7/site-packages/airflow/example_dags/example_bash_operator.py
[2023-02-16T23:40:25.215+0000] {processor.py:743} INFO - Processing file /home/airflow/.local/lib/python3.7/site-packages/airflow/example_dags/example_bash_operator.py for tasks to queue
[2023-02-16T23:40:25.236+0000] {logging_mixin.py:137} INFO - [2023-02-16T23:40:25.236+0000] {dagbag.py:538} INFO - Filling up the DagBag from /home/airflow/.local/lib/python3.7/site-packages/airflow/example_dags/example_bash_operator.py
[2023-02-16T23:40:26.060+0000] {processor.py:753} INFO - DAG(s) dict_keys(['example_bash_operator']) retrieved from /home/airflow/.local/lib/python3.7/site-packages/airflow/example_dags/example_bash_operator.py
[2023-02-16T23:40:27.094+0000] {logging_mixin.py:137} INFO - [2023-02-16T23:40:27.083+0000] {dag.py:2690} INFO - Sync 1 DAGs
[2023-02-16T23:40:27.774+0000] {logging_mixin.py:137} INFO - [2023-02-16T23:40:27.774+0000] {dag.py:3441} INFO - Setting next_dagrun for example_bash_operator to 2023-02-15T00:00:00+00:00, run_after=2023-02-16T00:00:00+00:00
[2023-02-16T23:40:28.543+0000] {processor.py:175} INFO - Processing /home/airflow/.local/lib/python3.7/site-packages/airflow/example_dags/example_bash_operator.py took 3.369 seconds
[2023-02-16T23:41:12.060+0000] {processor.py:153} INFO - Started process (PID=917) to work on /home/airflow/.local/lib/python3.7/site-packages/airflow/example_dags/example_bash_operator.py
[2023-02-16T23:41:12.076+0000] {processor.py:743} INFO - Processing file /home/airflow/.local/lib/python3.7/site-packages/airflow/example_dags/example_bash_operator.py for tasks to queue
[2023-02-16T23:41:12.086+0000] {logging_mixin.py:137} INFO - [2023-02-16T23:41:12.083+0000] {dagbag.py:538} INFO - Filling up the DagBag from /home/airflow/.local/lib/python3.7/site-packages/airflow/example_dags/example_bash_operator.py
[2023-02-16T23:41:12.176+0000] {processor.py:753} INFO - DAG(s) dict_keys(['example_bash_operator']) retrieved from /home/airflow/.local/lib/python3.7/site-packages/airflow/example_dags/example_bash_operator.py
[2023-02-16T23:41:12.595+0000] {logging_mixin.py:137} INFO - [2023-02-16T23:41:12.594+0000] {dag.py:2690} INFO - Sync 1 DAGs
[2023-02-16T23:41:12.989+0000] {logging_mixin.py:137} INFO - [2023-02-16T23:41:12.989+0000] {dag.py:3441} INFO - Setting next_dagrun for example_bash_operator to 2023-02-15T00:00:00+00:00, run_after=2023-02-16T00:00:00+00:00
[2023-02-16T23:41:13.542+0000] {processor.py:175} INFO - Processing /home/airflow/.local/lib/python3.7/site-packages/airflow/example_dags/example_bash_operator.py took 1.525 seconds
[2023-02-16T23:42:18.217+0000] {processor.py:153} INFO - Started process (PID=991) to work on /home/airflow/.local/lib/python3.7/site-packages/airflow/example_dags/example_bash_operator.py
[2023-02-16T23:42:18.253+0000] {processor.py:743} INFO - Processing file /home/airflow/.local/lib/python3.7/site-packages/airflow/example_dags/example_bash_operator.py for tasks to queue
[2023-02-16T23:42:18.271+0000] {logging_mixin.py:137} INFO - [2023-02-16T23:42:18.268+0000] {dagbag.py:538} INFO - Filling up the DagBag from /home/airflow/.local/lib/python3.7/site-packages/airflow/example_dags/example_bash_operator.py
[2023-02-16T23:42:18.898+0000] {processor.py:753} INFO - DAG(s) dict_keys(['example_bash_operator']) retrieved from /home/airflow/.local/lib/python3.7/site-packages/airflow/example_dags/example_bash_operator.py
[2023-02-16T23:42:20.289+0000] {logging_mixin.py:137} INFO - [2023-02-16T23:42:20.274+0000] {dag.py:2690} INFO - Sync 1 DAGs
[2023-02-16T23:42:21.440+0000] {logging_mixin.py:137} INFO - [2023-02-16T23:42:21.440+0000] {dag.py:3441} INFO - Setting next_dagrun for example_bash_operator to 2023-02-15T00:00:00+00:00, run_after=2023-02-16T00:00:00+00:00
[2023-02-16T23:42:21.745+0000] {processor.py:175} INFO - Processing /home/airflow/.local/lib/python3.7/site-packages/airflow/example_dags/example_bash_operator.py took 3.575 seconds
[2023-02-16T23:43:15.059+0000] {processor.py:153} INFO - Started process (PID=1053) to work on /home/airflow/.local/lib/python3.7/site-packages/airflow/example_dags/example_bash_operator.py
[2023-02-16T23:43:15.077+0000] {processor.py:743} INFO - Processing file /home/airflow/.local/lib/python3.7/site-packages/airflow/example_dags/example_bash_operator.py for tasks to queue
[2023-02-16T23:43:15.089+0000] {logging_mixin.py:137} INFO - [2023-02-16T23:43:15.089+0000] {dagbag.py:538} INFO - Filling up the DagBag from /home/airflow/.local/lib/python3.7/site-packages/airflow/example_dags/example_bash_operator.py
[2023-02-16T23:43:15.362+0000] {processor.py:753} INFO - DAG(s) dict_keys(['example_bash_operator']) retrieved from /home/airflow/.local/lib/python3.7/site-packages/airflow/example_dags/example_bash_operator.py
[2023-02-16T23:43:15.963+0000] {logging_mixin.py:137} INFO - [2023-02-16T23:43:15.962+0000] {dag.py:2690} INFO - Sync 1 DAGs
[2023-02-16T23:43:16.221+0000] {logging_mixin.py:137} INFO - [2023-02-16T23:43:16.221+0000] {dag.py:3441} INFO - Setting next_dagrun for example_bash_operator to 2023-02-15T00:00:00+00:00, run_after=2023-02-16T00:00:00+00:00
[2023-02-16T23:43:16.633+0000] {processor.py:175} INFO - Processing /home/airflow/.local/lib/python3.7/site-packages/airflow/example_dags/example_bash_operator.py took 1.641 seconds
[2023-02-16T23:44:13.654+0000] {processor.py:153} INFO - Started process (PID=1128) to work on /home/airflow/.local/lib/python3.7/site-packages/airflow/example_dags/example_bash_operator.py
[2023-02-16T23:44:13.664+0000] {processor.py:743} INFO - Processing file /home/airflow/.local/lib/python3.7/site-packages/airflow/example_dags/example_bash_operator.py for tasks to queue
[2023-02-16T23:44:13.671+0000] {logging_mixin.py:137} INFO - [2023-02-16T23:44:13.671+0000] {dagbag.py:538} INFO - Filling up the DagBag from /home/airflow/.local/lib/python3.7/site-packages/airflow/example_dags/example_bash_operator.py
[2023-02-16T23:44:14.678+0000] {processor.py:753} INFO - DAG(s) dict_keys(['example_bash_operator']) retrieved from /home/airflow/.local/lib/python3.7/site-packages/airflow/example_dags/example_bash_operator.py
[2023-02-16T23:44:15.356+0000] {logging_mixin.py:137} INFO - [2023-02-16T23:44:15.355+0000] {dag.py:2690} INFO - Sync 1 DAGs
[2023-02-16T23:44:15.886+0000] {logging_mixin.py:137} INFO - [2023-02-16T23:44:15.885+0000] {dag.py:3441} INFO - Setting next_dagrun for example_bash_operator to 2023-02-15T00:00:00+00:00, run_after=2023-02-16T00:00:00+00:00
[2023-02-16T23:44:16.281+0000] {processor.py:175} INFO - Processing /home/airflow/.local/lib/python3.7/site-packages/airflow/example_dags/example_bash_operator.py took 2.657 seconds
[2023-02-16T23:45:03.086+0000] {processor.py:153} INFO - Started process (PID=1194) to work on /home/airflow/.local/lib/python3.7/site-packages/airflow/example_dags/example_bash_operator.py
[2023-02-16T23:45:03.145+0000] {processor.py:743} INFO - Processing file /home/airflow/.local/lib/python3.7/site-packages/airflow/example_dags/example_bash_operator.py for tasks to queue
[2023-02-16T23:45:03.161+0000] {logging_mixin.py:137} INFO - [2023-02-16T23:45:03.157+0000] {dagbag.py:538} INFO - Filling up the DagBag from /home/airflow/.local/lib/python3.7/site-packages/airflow/example_dags/example_bash_operator.py
[2023-02-16T23:45:03.513+0000] {processor.py:753} INFO - DAG(s) dict_keys(['example_bash_operator']) retrieved from /home/airflow/.local/lib/python3.7/site-packages/airflow/example_dags/example_bash_operator.py
[2023-02-16T23:45:05.385+0000] {logging_mixin.py:137} INFO - [2023-02-16T23:45:05.384+0000] {dag.py:2690} INFO - Sync 1 DAGs
[2023-02-16T23:45:07.211+0000] {logging_mixin.py:137} INFO - [2023-02-16T23:45:07.211+0000] {dag.py:3441} INFO - Setting next_dagrun for example_bash_operator to 2023-02-15T00:00:00+00:00, run_after=2023-02-16T00:00:00+00:00
[2023-02-16T23:45:08.051+0000] {processor.py:175} INFO - Processing /home/airflow/.local/lib/python3.7/site-packages/airflow/example_dags/example_bash_operator.py took 5.032 seconds
[2023-02-16T23:46:42.354+0000] {processor.py:153} INFO - Started process (PID=1292) to work on /home/airflow/.local/lib/python3.7/site-packages/airflow/example_dags/example_bash_operator.py
[2023-02-16T23:46:42.360+0000] {processor.py:743} INFO - Processing file /home/airflow/.local/lib/python3.7/site-packages/airflow/example_dags/example_bash_operator.py for tasks to queue
[2023-02-16T23:46:42.373+0000] {logging_mixin.py:137} INFO - [2023-02-16T23:46:42.373+0000] {dagbag.py:538} INFO - Filling up the DagBag from /home/airflow/.local/lib/python3.7/site-packages/airflow/example_dags/example_bash_operator.py
[2023-02-16T23:46:42.759+0000] {processor.py:753} INFO - DAG(s) dict_keys(['example_bash_operator']) retrieved from /home/airflow/.local/lib/python3.7/site-packages/airflow/example_dags/example_bash_operator.py
[2023-02-16T23:46:44.767+0000] {logging_mixin.py:137} INFO - [2023-02-16T23:46:44.767+0000] {dag.py:2690} INFO - Sync 1 DAGs
[2023-02-16T23:46:45.533+0000] {logging_mixin.py:137} INFO - [2023-02-16T23:46:45.533+0000] {dag.py:3441} INFO - Setting next_dagrun for example_bash_operator to 2023-02-15T00:00:00+00:00, run_after=2023-02-16T00:00:00+00:00
[2023-02-16T23:46:45.963+0000] {processor.py:175} INFO - Processing /home/airflow/.local/lib/python3.7/site-packages/airflow/example_dags/example_bash_operator.py took 3.639 seconds
[2023-02-16T23:50:07.259+0000] {processor.py:153} INFO - Started process (PID=1449) to work on /home/airflow/.local/lib/python3.7/site-packages/airflow/example_dags/example_bash_operator.py
[2023-02-16T23:50:07.279+0000] {processor.py:743} INFO - Processing file /home/airflow/.local/lib/python3.7/site-packages/airflow/example_dags/example_bash_operator.py for tasks to queue
[2023-02-16T23:50:07.320+0000] {logging_mixin.py:137} INFO - [2023-02-16T23:50:07.319+0000] {dagbag.py:538} INFO - Filling up the DagBag from /home/airflow/.local/lib/python3.7/site-packages/airflow/example_dags/example_bash_operator.py
[2023-02-16T23:50:08.138+0000] {processor.py:753} INFO - DAG(s) dict_keys(['example_bash_operator']) retrieved from /home/airflow/.local/lib/python3.7/site-packages/airflow/example_dags/example_bash_operator.py
[2023-02-16T23:50:09.330+0000] {logging_mixin.py:137} INFO - [2023-02-16T23:50:09.330+0000] {dag.py:2690} INFO - Sync 1 DAGs
[2023-02-16T23:50:09.704+0000] {logging_mixin.py:137} INFO - [2023-02-16T23:50:09.704+0000] {dag.py:3441} INFO - Setting next_dagrun for example_bash_operator to 2023-02-15T00:00:00+00:00, run_after=2023-02-16T00:00:00+00:00
[2023-02-16T23:50:10.053+0000] {processor.py:175} INFO - Processing /home/airflow/.local/lib/python3.7/site-packages/airflow/example_dags/example_bash_operator.py took 2.863 seconds
[2023-02-16T23:52:54.713+0000] {processor.py:153} INFO - Started process (PID=1575) to work on /home/airflow/.local/lib/python3.7/site-packages/airflow/example_dags/example_bash_operator.py
[2023-02-16T23:52:54.759+0000] {processor.py:743} INFO - Processing file /home/airflow/.local/lib/python3.7/site-packages/airflow/example_dags/example_bash_operator.py for tasks to queue
[2023-02-16T23:52:54.783+0000] {logging_mixin.py:137} INFO - [2023-02-16T23:52:54.783+0000] {dagbag.py:538} INFO - Filling up the DagBag from /home/airflow/.local/lib/python3.7/site-packages/airflow/example_dags/example_bash_operator.py
[2023-02-16T23:52:56.621+0000] {processor.py:753} INFO - DAG(s) dict_keys(['example_bash_operator']) retrieved from /home/airflow/.local/lib/python3.7/site-packages/airflow/example_dags/example_bash_operator.py
[2023-02-16T23:52:59.558+0000] {logging_mixin.py:137} INFO - [2023-02-16T23:52:59.558+0000] {dag.py:2690} INFO - Sync 1 DAGs
[2023-02-16T23:53:01.796+0000] {logging_mixin.py:137} INFO - [2023-02-16T23:53:01.783+0000] {dag.py:3441} INFO - Setting next_dagrun for example_bash_operator to 2023-02-15T00:00:00+00:00, run_after=2023-02-16T00:00:00+00:00
[2023-02-16T23:53:03.611+0000] {processor.py:175} INFO - Processing /home/airflow/.local/lib/python3.7/site-packages/airflow/example_dags/example_bash_operator.py took 9.101 seconds
[2023-02-16T23:54:29.981+0000] {processor.py:153} INFO - Started process (PID=1654) to work on /home/airflow/.local/lib/python3.7/site-packages/airflow/example_dags/example_bash_operator.py
[2023-02-16T23:54:30.003+0000] {processor.py:743} INFO - Processing file /home/airflow/.local/lib/python3.7/site-packages/airflow/example_dags/example_bash_operator.py for tasks to queue
[2023-02-16T23:54:30.013+0000] {logging_mixin.py:137} INFO - [2023-02-16T23:54:30.013+0000] {dagbag.py:538} INFO - Filling up the DagBag from /home/airflow/.local/lib/python3.7/site-packages/airflow/example_dags/example_bash_operator.py
[2023-02-16T23:54:30.827+0000] {processor.py:753} INFO - DAG(s) dict_keys(['example_bash_operator']) retrieved from /home/airflow/.local/lib/python3.7/site-packages/airflow/example_dags/example_bash_operator.py
[2023-02-16T23:54:31.582+0000] {logging_mixin.py:137} INFO - [2023-02-16T23:54:31.581+0000] {dag.py:2690} INFO - Sync 1 DAGs
[2023-02-16T23:54:32.349+0000] {logging_mixin.py:137} INFO - [2023-02-16T23:54:32.349+0000] {dag.py:3441} INFO - Setting next_dagrun for example_bash_operator to 2023-02-15T00:00:00+00:00, run_after=2023-02-16T00:00:00+00:00
[2023-02-16T23:54:32.815+0000] {processor.py:175} INFO - Processing /home/airflow/.local/lib/python3.7/site-packages/airflow/example_dags/example_bash_operator.py took 2.902 seconds
[2023-02-16T23:56:05.314+0000] {processor.py:153} INFO - Started process (PID=1744) to work on /home/airflow/.local/lib/python3.7/site-packages/airflow/example_dags/example_bash_operator.py
[2023-02-16T23:56:05.324+0000] {processor.py:743} INFO - Processing file /home/airflow/.local/lib/python3.7/site-packages/airflow/example_dags/example_bash_operator.py for tasks to queue
[2023-02-16T23:56:05.335+0000] {logging_mixin.py:137} INFO - [2023-02-16T23:56:05.333+0000] {dagbag.py:538} INFO - Filling up the DagBag from /home/airflow/.local/lib/python3.7/site-packages/airflow/example_dags/example_bash_operator.py
[2023-02-16T23:56:05.484+0000] {processor.py:753} INFO - DAG(s) dict_keys(['example_bash_operator']) retrieved from /home/airflow/.local/lib/python3.7/site-packages/airflow/example_dags/example_bash_operator.py
[2023-02-16T23:56:05.881+0000] {logging_mixin.py:137} INFO - [2023-02-16T23:56:05.880+0000] {dag.py:2690} INFO - Sync 1 DAGs
[2023-02-16T23:56:06.030+0000] {logging_mixin.py:137} INFO - [2023-02-16T23:56:06.030+0000] {dag.py:3441} INFO - Setting next_dagrun for example_bash_operator to 2023-02-15T00:00:00+00:00, run_after=2023-02-16T00:00:00+00:00
[2023-02-16T23:56:06.121+0000] {processor.py:175} INFO - Processing /home/airflow/.local/lib/python3.7/site-packages/airflow/example_dags/example_bash_operator.py took 0.822 seconds
[2023-02-16T23:56:39.742+0000] {processor.py:153} INFO - Started process (PID=1805) to work on /home/airflow/.local/lib/python3.7/site-packages/airflow/example_dags/example_bash_operator.py
[2023-02-16T23:56:39.827+0000] {processor.py:743} INFO - Processing file /home/airflow/.local/lib/python3.7/site-packages/airflow/example_dags/example_bash_operator.py for tasks to queue
[2023-02-16T23:56:39.865+0000] {logging_mixin.py:137} INFO - [2023-02-16T23:56:39.865+0000] {dagbag.py:538} INFO - Filling up the DagBag from /home/airflow/.local/lib/python3.7/site-packages/airflow/example_dags/example_bash_operator.py
[2023-02-16T23:56:39.961+0000] {processor.py:753} INFO - DAG(s) dict_keys(['example_bash_operator']) retrieved from /home/airflow/.local/lib/python3.7/site-packages/airflow/example_dags/example_bash_operator.py
[2023-02-16T23:56:40.848+0000] {logging_mixin.py:137} INFO - [2023-02-16T23:56:40.848+0000] {dag.py:2690} INFO - Sync 1 DAGs
[2023-02-16T23:56:41.982+0000] {logging_mixin.py:137} INFO - [2023-02-16T23:56:41.981+0000] {dag.py:3441} INFO - Setting next_dagrun for example_bash_operator to 2023-02-15T00:00:00+00:00, run_after=2023-02-16T00:00:00+00:00
[2023-02-16T23:56:42.220+0000] {processor.py:175} INFO - Processing /home/airflow/.local/lib/python3.7/site-packages/airflow/example_dags/example_bash_operator.py took 2.523 seconds
[2023-02-16T23:57:23.930+0000] {processor.py:153} INFO - Started process (PID=1868) to work on /home/airflow/.local/lib/python3.7/site-packages/airflow/example_dags/example_bash_operator.py
[2023-02-16T23:57:23.946+0000] {processor.py:743} INFO - Processing file /home/airflow/.local/lib/python3.7/site-packages/airflow/example_dags/example_bash_operator.py for tasks to queue
[2023-02-16T23:57:23.969+0000] {logging_mixin.py:137} INFO - [2023-02-16T23:57:23.969+0000] {dagbag.py:538} INFO - Filling up the DagBag from /home/airflow/.local/lib/python3.7/site-packages/airflow/example_dags/example_bash_operator.py
[2023-02-16T23:57:24.150+0000] {processor.py:753} INFO - DAG(s) dict_keys(['example_bash_operator']) retrieved from /home/airflow/.local/lib/python3.7/site-packages/airflow/example_dags/example_bash_operator.py
[2023-02-16T23:57:24.298+0000] {logging_mixin.py:137} INFO - [2023-02-16T23:57:24.298+0000] {dag.py:2690} INFO - Sync 1 DAGs
[2023-02-16T23:57:24.457+0000] {logging_mixin.py:137} INFO - [2023-02-16T23:57:24.456+0000] {dag.py:3441} INFO - Setting next_dagrun for example_bash_operator to 2023-02-15T00:00:00+00:00, run_after=2023-02-16T00:00:00+00:00
[2023-02-16T23:57:24.611+0000] {processor.py:175} INFO - Processing /home/airflow/.local/lib/python3.7/site-packages/airflow/example_dags/example_bash_operator.py took 0.721 seconds
[2023-02-16T23:57:55.536+0000] {processor.py:153} INFO - Started process (PID=1932) to work on /home/airflow/.local/lib/python3.7/site-packages/airflow/example_dags/example_bash_operator.py
[2023-02-16T23:57:55.552+0000] {processor.py:743} INFO - Processing file /home/airflow/.local/lib/python3.7/site-packages/airflow/example_dags/example_bash_operator.py for tasks to queue
[2023-02-16T23:57:55.567+0000] {logging_mixin.py:137} INFO - [2023-02-16T23:57:55.567+0000] {dagbag.py:538} INFO - Filling up the DagBag from /home/airflow/.local/lib/python3.7/site-packages/airflow/example_dags/example_bash_operator.py
[2023-02-16T23:57:55.964+0000] {processor.py:753} INFO - DAG(s) dict_keys(['example_bash_operator']) retrieved from /home/airflow/.local/lib/python3.7/site-packages/airflow/example_dags/example_bash_operator.py
[2023-02-16T23:57:56.195+0000] {logging_mixin.py:137} INFO - [2023-02-16T23:57:56.195+0000] {dag.py:2690} INFO - Sync 1 DAGs
[2023-02-16T23:57:56.420+0000] {logging_mixin.py:137} INFO - [2023-02-16T23:57:56.419+0000] {dag.py:3441} INFO - Setting next_dagrun for example_bash_operator to 2023-02-15T00:00:00+00:00, run_after=2023-02-16T00:00:00+00:00
[2023-02-16T23:57:56.774+0000] {processor.py:175} INFO - Processing /home/airflow/.local/lib/python3.7/site-packages/airflow/example_dags/example_bash_operator.py took 1.295 seconds
[2023-02-16T23:58:28.788+0000] {processor.py:153} INFO - Started process (PID=1995) to work on /home/airflow/.local/lib/python3.7/site-packages/airflow/example_dags/example_bash_operator.py
[2023-02-16T23:58:28.801+0000] {processor.py:743} INFO - Processing file /home/airflow/.local/lib/python3.7/site-packages/airflow/example_dags/example_bash_operator.py for tasks to queue
[2023-02-16T23:58:28.949+0000] {logging_mixin.py:137} INFO - [2023-02-16T23:58:28.817+0000] {dagbag.py:538} INFO - Filling up the DagBag from /home/airflow/.local/lib/python3.7/site-packages/airflow/example_dags/example_bash_operator.py
[2023-02-16T23:58:29.399+0000] {processor.py:753} INFO - DAG(s) dict_keys(['example_bash_operator']) retrieved from /home/airflow/.local/lib/python3.7/site-packages/airflow/example_dags/example_bash_operator.py
[2023-02-16T23:58:30.090+0000] {logging_mixin.py:137} INFO - [2023-02-16T23:58:30.089+0000] {dag.py:2690} INFO - Sync 1 DAGs
[2023-02-16T23:58:30.424+0000] {logging_mixin.py:137} INFO - [2023-02-16T23:58:30.423+0000] {dag.py:3441} INFO - Setting next_dagrun for example_bash_operator to 2023-02-15T00:00:00+00:00, run_after=2023-02-16T00:00:00+00:00
[2023-02-16T23:58:30.661+0000] {processor.py:175} INFO - Processing /home/airflow/.local/lib/python3.7/site-packages/airflow/example_dags/example_bash_operator.py took 1.912 seconds
[2023-02-16T23:59:22.369+0000] {processor.py:153} INFO - Started process (PID=2063) to work on /home/airflow/.local/lib/python3.7/site-packages/airflow/example_dags/example_bash_operator.py
[2023-02-16T23:59:22.387+0000] {processor.py:743} INFO - Processing file /home/airflow/.local/lib/python3.7/site-packages/airflow/example_dags/example_bash_operator.py for tasks to queue
[2023-02-16T23:59:22.414+0000] {logging_mixin.py:137} INFO - [2023-02-16T23:59:22.414+0000] {dagbag.py:538} INFO - Filling up the DagBag from /home/airflow/.local/lib/python3.7/site-packages/airflow/example_dags/example_bash_operator.py
[2023-02-16T23:59:22.889+0000] {processor.py:753} INFO - DAG(s) dict_keys(['example_bash_operator']) retrieved from /home/airflow/.local/lib/python3.7/site-packages/airflow/example_dags/example_bash_operator.py
[2023-02-16T23:59:23.636+0000] {logging_mixin.py:137} INFO - [2023-02-16T23:59:23.636+0000] {dag.py:2690} INFO - Sync 1 DAGs
[2023-02-16T23:59:23.890+0000] {logging_mixin.py:137} INFO - [2023-02-16T23:59:23.890+0000] {dag.py:3441} INFO - Setting next_dagrun for example_bash_operator to 2023-02-15T00:00:00+00:00, run_after=2023-02-16T00:00:00+00:00
[2023-02-16T23:59:24.103+0000] {processor.py:175} INFO - Processing /home/airflow/.local/lib/python3.7/site-packages/airflow/example_dags/example_bash_operator.py took 1.854 seconds
