[2023-02-16T22:55:49.093+0000] {processor.py:153} INFO - Started process (PID=149) to work on /home/airflow/.local/lib/python3.7/site-packages/airflow/example_dags/example_trigger_controller_dag.py
[2023-02-16T22:55:49.113+0000] {processor.py:743} INFO - Processing file /home/airflow/.local/lib/python3.7/site-packages/airflow/example_dags/example_trigger_controller_dag.py for tasks to queue
[2023-02-16T22:55:49.118+0000] {logging_mixin.py:137} INFO - [2023-02-16T22:55:49.118+0000] {dagbag.py:538} INFO - Filling up the DagBag from /home/airflow/.local/lib/python3.7/site-packages/airflow/example_dags/example_trigger_controller_dag.py
[2023-02-16T22:55:51.400+0000] {processor.py:753} INFO - DAG(s) dict_keys(['example_trigger_controller_dag']) retrieved from /home/airflow/.local/lib/python3.7/site-packages/airflow/example_dags/example_trigger_controller_dag.py
[2023-02-16T22:55:52.887+0000] {logging_mixin.py:137} INFO - [2023-02-16T22:55:52.887+0000] {dag.py:2690} INFO - Sync 1 DAGs
[2023-02-16T22:55:53.731+0000] {logging_mixin.py:137} INFO - [2023-02-16T22:55:53.730+0000] {dag.py:3441} INFO - Setting next_dagrun for example_trigger_controller_dag to 2021-01-01T00:00:00+00:00, run_after=2021-01-01T00:00:00+00:00
[2023-02-16T22:55:59.370+0000] {processor.py:175} INFO - Processing /home/airflow/.local/lib/python3.7/site-packages/airflow/example_dags/example_trigger_controller_dag.py took 10.349 seconds
[2023-02-16T22:58:59.768+0000] {processor.py:153} INFO - Started process (PID=273) to work on /home/airflow/.local/lib/python3.7/site-packages/airflow/example_dags/example_trigger_controller_dag.py
[2023-02-16T22:58:59.774+0000] {processor.py:743} INFO - Processing file /home/airflow/.local/lib/python3.7/site-packages/airflow/example_dags/example_trigger_controller_dag.py for tasks to queue
[2023-02-16T22:58:59.780+0000] {logging_mixin.py:137} INFO - [2023-02-16T22:58:59.779+0000] {dagbag.py:538} INFO - Filling up the DagBag from /home/airflow/.local/lib/python3.7/site-packages/airflow/example_dags/example_trigger_controller_dag.py
[2023-02-16T22:58:59.854+0000] {processor.py:753} INFO - DAG(s) dict_keys(['example_trigger_controller_dag']) retrieved from /home/airflow/.local/lib/python3.7/site-packages/airflow/example_dags/example_trigger_controller_dag.py
[2023-02-16T22:58:59.967+0000] {logging_mixin.py:137} INFO - [2023-02-16T22:58:59.967+0000] {dag.py:2690} INFO - Sync 1 DAGs
[2023-02-16T22:59:00.148+0000] {logging_mixin.py:137} INFO - [2023-02-16T22:59:00.147+0000] {dag.py:3441} INFO - Setting next_dagrun for example_trigger_controller_dag to 2021-01-01T00:00:00+00:00, run_after=2021-01-01T00:00:00+00:00
[2023-02-16T22:59:00.229+0000] {processor.py:175} INFO - Processing /home/airflow/.local/lib/python3.7/site-packages/airflow/example_dags/example_trigger_controller_dag.py took 0.472 seconds
[2023-02-16T22:59:42.468+0000] {processor.py:153} INFO - Started process (PID=333) to work on /home/airflow/.local/lib/python3.7/site-packages/airflow/example_dags/example_trigger_controller_dag.py
[2023-02-16T22:59:42.513+0000] {processor.py:743} INFO - Processing file /home/airflow/.local/lib/python3.7/site-packages/airflow/example_dags/example_trigger_controller_dag.py for tasks to queue
[2023-02-16T22:59:42.516+0000] {logging_mixin.py:137} INFO - [2023-02-16T22:59:42.516+0000] {dagbag.py:538} INFO - Filling up the DagBag from /home/airflow/.local/lib/python3.7/site-packages/airflow/example_dags/example_trigger_controller_dag.py
[2023-02-16T22:59:43.664+0000] {processor.py:753} INFO - DAG(s) dict_keys(['example_trigger_controller_dag']) retrieved from /home/airflow/.local/lib/python3.7/site-packages/airflow/example_dags/example_trigger_controller_dag.py
[2023-02-16T22:59:47.432+0000] {logging_mixin.py:137} INFO - [2023-02-16T22:59:47.432+0000] {dag.py:2690} INFO - Sync 1 DAGs
[2023-02-16T22:59:50.307+0000] {logging_mixin.py:137} INFO - [2023-02-16T22:59:50.306+0000] {dag.py:3441} INFO - Setting next_dagrun for example_trigger_controller_dag to 2021-01-01T00:00:00+00:00, run_after=2021-01-01T00:00:00+00:00
[2023-02-16T22:59:51.548+0000] {processor.py:175} INFO - Processing /home/airflow/.local/lib/python3.7/site-packages/airflow/example_dags/example_trigger_controller_dag.py took 9.366 seconds
[2023-02-16T23:02:08.080+0000] {processor.py:153} INFO - Started process (PID=425) to work on /home/airflow/.local/lib/python3.7/site-packages/airflow/example_dags/example_trigger_controller_dag.py
[2023-02-16T23:02:08.090+0000] {processor.py:743} INFO - Processing file /home/airflow/.local/lib/python3.7/site-packages/airflow/example_dags/example_trigger_controller_dag.py for tasks to queue
[2023-02-16T23:02:08.099+0000] {logging_mixin.py:137} INFO - [2023-02-16T23:02:08.097+0000] {dagbag.py:538} INFO - Filling up the DagBag from /home/airflow/.local/lib/python3.7/site-packages/airflow/example_dags/example_trigger_controller_dag.py
[2023-02-16T23:02:08.141+0000] {processor.py:753} INFO - DAG(s) dict_keys(['example_trigger_controller_dag']) retrieved from /home/airflow/.local/lib/python3.7/site-packages/airflow/example_dags/example_trigger_controller_dag.py
[2023-02-16T23:02:08.268+0000] {logging_mixin.py:137} INFO - [2023-02-16T23:02:08.267+0000] {dag.py:2690} INFO - Sync 1 DAGs
[2023-02-16T23:02:08.464+0000] {logging_mixin.py:137} INFO - [2023-02-16T23:02:08.463+0000] {dag.py:3441} INFO - Setting next_dagrun for example_trigger_controller_dag to 2021-01-01T00:00:00+00:00, run_after=2021-01-01T00:00:00+00:00
[2023-02-16T23:02:08.595+0000] {processor.py:175} INFO - Processing /home/airflow/.local/lib/python3.7/site-packages/airflow/example_dags/example_trigger_controller_dag.py took 0.530 seconds
[2023-02-16T23:02:46.559+0000] {processor.py:153} INFO - Started process (PID=485) to work on /home/airflow/.local/lib/python3.7/site-packages/airflow/example_dags/example_trigger_controller_dag.py
[2023-02-16T23:02:46.650+0000] {processor.py:743} INFO - Processing file /home/airflow/.local/lib/python3.7/site-packages/airflow/example_dags/example_trigger_controller_dag.py for tasks to queue
[2023-02-16T23:02:46.691+0000] {logging_mixin.py:137} INFO - [2023-02-16T23:02:46.686+0000] {dagbag.py:538} INFO - Filling up the DagBag from /home/airflow/.local/lib/python3.7/site-packages/airflow/example_dags/example_trigger_controller_dag.py
[2023-02-16T23:02:47.065+0000] {processor.py:753} INFO - DAG(s) dict_keys(['example_trigger_controller_dag']) retrieved from /home/airflow/.local/lib/python3.7/site-packages/airflow/example_dags/example_trigger_controller_dag.py
[2023-02-16T23:02:47.453+0000] {logging_mixin.py:137} INFO - [2023-02-16T23:02:47.453+0000] {dag.py:2690} INFO - Sync 1 DAGs
[2023-02-16T23:02:47.756+0000] {logging_mixin.py:137} INFO - [2023-02-16T23:02:47.748+0000] {dag.py:3441} INFO - Setting next_dagrun for example_trigger_controller_dag to 2021-01-01T00:00:00+00:00, run_after=2021-01-01T00:00:00+00:00
[2023-02-16T23:02:48.272+0000] {processor.py:175} INFO - Processing /home/airflow/.local/lib/python3.7/site-packages/airflow/example_dags/example_trigger_controller_dag.py took 1.809 seconds
[2023-02-16T23:28:57.026+0000] {processor.py:153} INFO - Started process (PID=165) to work on /home/airflow/.local/lib/python3.7/site-packages/airflow/example_dags/example_trigger_controller_dag.py
[2023-02-16T23:28:57.148+0000] {processor.py:743} INFO - Processing file /home/airflow/.local/lib/python3.7/site-packages/airflow/example_dags/example_trigger_controller_dag.py for tasks to queue
[2023-02-16T23:28:57.193+0000] {logging_mixin.py:137} INFO - [2023-02-16T23:28:57.192+0000] {dagbag.py:538} INFO - Filling up the DagBag from /home/airflow/.local/lib/python3.7/site-packages/airflow/example_dags/example_trigger_controller_dag.py
[2023-02-16T23:28:58.124+0000] {processor.py:753} INFO - DAG(s) dict_keys(['example_trigger_controller_dag']) retrieved from /home/airflow/.local/lib/python3.7/site-packages/airflow/example_dags/example_trigger_controller_dag.py
[2023-02-16T23:29:01.912+0000] {logging_mixin.py:137} INFO - [2023-02-16T23:29:01.911+0000] {manager.py:504} INFO - Created Permission View: can edit on DAG:example_trigger_controller_dag
[2023-02-16T23:29:02.692+0000] {logging_mixin.py:137} INFO - [2023-02-16T23:29:02.692+0000] {manager.py:504} INFO - Created Permission View: can delete on DAG:example_trigger_controller_dag
[2023-02-16T23:29:03.041+0000] {logging_mixin.py:137} INFO - [2023-02-16T23:29:03.040+0000] {manager.py:504} INFO - Created Permission View: can read on DAG:example_trigger_controller_dag
[2023-02-16T23:29:03.050+0000] {logging_mixin.py:137} INFO - [2023-02-16T23:29:03.048+0000] {dag.py:2690} INFO - Sync 1 DAGs
[2023-02-16T23:29:04.024+0000] {logging_mixin.py:137} INFO - [2023-02-16T23:29:04.024+0000] {dag.py:2711} INFO - Creating ORM DAG for example_trigger_controller_dag
[2023-02-16T23:29:04.249+0000] {logging_mixin.py:137} INFO - [2023-02-16T23:29:04.249+0000] {dag.py:3441} INFO - Setting next_dagrun for example_trigger_controller_dag to 2021-01-01T00:00:00+00:00, run_after=2021-01-01T00:00:00+00:00
[2023-02-16T23:29:04.877+0000] {processor.py:175} INFO - Processing /home/airflow/.local/lib/python3.7/site-packages/airflow/example_dags/example_trigger_controller_dag.py took 7.993 seconds
[2023-02-16T23:30:52.396+0000] {processor.py:153} INFO - Started process (PID=251) to work on /home/airflow/.local/lib/python3.7/site-packages/airflow/example_dags/example_trigger_controller_dag.py
[2023-02-16T23:30:52.428+0000] {processor.py:743} INFO - Processing file /home/airflow/.local/lib/python3.7/site-packages/airflow/example_dags/example_trigger_controller_dag.py for tasks to queue
[2023-02-16T23:30:52.454+0000] {logging_mixin.py:137} INFO - [2023-02-16T23:30:52.454+0000] {dagbag.py:538} INFO - Filling up the DagBag from /home/airflow/.local/lib/python3.7/site-packages/airflow/example_dags/example_trigger_controller_dag.py
[2023-02-16T23:30:52.539+0000] {processor.py:753} INFO - DAG(s) dict_keys(['example_trigger_controller_dag']) retrieved from /home/airflow/.local/lib/python3.7/site-packages/airflow/example_dags/example_trigger_controller_dag.py
[2023-02-16T23:30:52.692+0000] {logging_mixin.py:137} INFO - [2023-02-16T23:30:52.691+0000] {dag.py:2690} INFO - Sync 1 DAGs
[2023-02-16T23:30:52.852+0000] {logging_mixin.py:137} INFO - [2023-02-16T23:30:52.851+0000] {dag.py:3441} INFO - Setting next_dagrun for example_trigger_controller_dag to 2021-01-01T00:00:00+00:00, run_after=2021-01-01T00:00:00+00:00
[2023-02-16T23:30:52.952+0000] {processor.py:175} INFO - Processing /home/airflow/.local/lib/python3.7/site-packages/airflow/example_dags/example_trigger_controller_dag.py took 0.599 seconds
[2023-02-16T23:32:33.690+0000] {processor.py:153} INFO - Started process (PID=342) to work on /home/airflow/.local/lib/python3.7/site-packages/airflow/example_dags/example_trigger_controller_dag.py
[2023-02-16T23:32:33.726+0000] {processor.py:743} INFO - Processing file /home/airflow/.local/lib/python3.7/site-packages/airflow/example_dags/example_trigger_controller_dag.py for tasks to queue
[2023-02-16T23:32:33.763+0000] {logging_mixin.py:137} INFO - [2023-02-16T23:32:33.762+0000] {dagbag.py:538} INFO - Filling up the DagBag from /home/airflow/.local/lib/python3.7/site-packages/airflow/example_dags/example_trigger_controller_dag.py
[2023-02-16T23:32:34.137+0000] {processor.py:753} INFO - DAG(s) dict_keys(['example_trigger_controller_dag']) retrieved from /home/airflow/.local/lib/python3.7/site-packages/airflow/example_dags/example_trigger_controller_dag.py
[2023-02-16T23:32:35.022+0000] {logging_mixin.py:137} INFO - [2023-02-16T23:32:35.005+0000] {dag.py:2690} INFO - Sync 1 DAGs
[2023-02-16T23:32:36.313+0000] {logging_mixin.py:137} INFO - [2023-02-16T23:32:36.312+0000] {dag.py:3441} INFO - Setting next_dagrun for example_trigger_controller_dag to 2021-01-01T00:00:00+00:00, run_after=2021-01-01T00:00:00+00:00
[2023-02-16T23:32:36.553+0000] {processor.py:175} INFO - Processing /home/airflow/.local/lib/python3.7/site-packages/airflow/example_dags/example_trigger_controller_dag.py took 2.983 seconds
[2023-02-16T23:34:39.357+0000] {processor.py:153} INFO - Started process (PID=453) to work on /home/airflow/.local/lib/python3.7/site-packages/airflow/example_dags/example_trigger_controller_dag.py
[2023-02-16T23:34:39.372+0000] {processor.py:743} INFO - Processing file /home/airflow/.local/lib/python3.7/site-packages/airflow/example_dags/example_trigger_controller_dag.py for tasks to queue
[2023-02-16T23:34:39.395+0000] {logging_mixin.py:137} INFO - [2023-02-16T23:34:39.386+0000] {dagbag.py:538} INFO - Filling up the DagBag from /home/airflow/.local/lib/python3.7/site-packages/airflow/example_dags/example_trigger_controller_dag.py
[2023-02-16T23:34:39.657+0000] {processor.py:753} INFO - DAG(s) dict_keys(['example_trigger_controller_dag']) retrieved from /home/airflow/.local/lib/python3.7/site-packages/airflow/example_dags/example_trigger_controller_dag.py
[2023-02-16T23:34:40.784+0000] {logging_mixin.py:137} INFO - [2023-02-16T23:34:40.784+0000] {dag.py:2690} INFO - Sync 1 DAGs
[2023-02-16T23:34:41.446+0000] {logging_mixin.py:137} INFO - [2023-02-16T23:34:41.445+0000] {dag.py:3441} INFO - Setting next_dagrun for example_trigger_controller_dag to 2021-01-01T00:00:00+00:00, run_after=2021-01-01T00:00:00+00:00
[2023-02-16T23:34:41.852+0000] {processor.py:175} INFO - Processing /home/airflow/.local/lib/python3.7/site-packages/airflow/example_dags/example_trigger_controller_dag.py took 2.556 seconds
[2023-02-16T23:35:17.793+0000] {processor.py:153} INFO - Started process (PID=510) to work on /home/airflow/.local/lib/python3.7/site-packages/airflow/example_dags/example_trigger_controller_dag.py
[2023-02-16T23:35:17.798+0000] {processor.py:743} INFO - Processing file /home/airflow/.local/lib/python3.7/site-packages/airflow/example_dags/example_trigger_controller_dag.py for tasks to queue
[2023-02-16T23:35:17.806+0000] {logging_mixin.py:137} INFO - [2023-02-16T23:35:17.805+0000] {dagbag.py:538} INFO - Filling up the DagBag from /home/airflow/.local/lib/python3.7/site-packages/airflow/example_dags/example_trigger_controller_dag.py
[2023-02-16T23:35:17.954+0000] {processor.py:753} INFO - DAG(s) dict_keys(['example_trigger_controller_dag']) retrieved from /home/airflow/.local/lib/python3.7/site-packages/airflow/example_dags/example_trigger_controller_dag.py
[2023-02-16T23:35:18.248+0000] {logging_mixin.py:137} INFO - [2023-02-16T23:35:18.247+0000] {dag.py:2690} INFO - Sync 1 DAGs
[2023-02-16T23:35:18.718+0000] {logging_mixin.py:137} INFO - [2023-02-16T23:35:18.718+0000] {dag.py:3441} INFO - Setting next_dagrun for example_trigger_controller_dag to 2021-01-01T00:00:00+00:00, run_after=2021-01-01T00:00:00+00:00
[2023-02-16T23:35:19.058+0000] {processor.py:175} INFO - Processing /home/airflow/.local/lib/python3.7/site-packages/airflow/example_dags/example_trigger_controller_dag.py took 1.303 seconds
[2023-02-16T23:36:28.435+0000] {processor.py:153} INFO - Started process (PID=585) to work on /home/airflow/.local/lib/python3.7/site-packages/airflow/example_dags/example_trigger_controller_dag.py
[2023-02-16T23:36:28.449+0000] {processor.py:743} INFO - Processing file /home/airflow/.local/lib/python3.7/site-packages/airflow/example_dags/example_trigger_controller_dag.py for tasks to queue
[2023-02-16T23:36:28.461+0000] {logging_mixin.py:137} INFO - [2023-02-16T23:36:28.461+0000] {dagbag.py:538} INFO - Filling up the DagBag from /home/airflow/.local/lib/python3.7/site-packages/airflow/example_dags/example_trigger_controller_dag.py
[2023-02-16T23:36:28.690+0000] {processor.py:753} INFO - DAG(s) dict_keys(['example_trigger_controller_dag']) retrieved from /home/airflow/.local/lib/python3.7/site-packages/airflow/example_dags/example_trigger_controller_dag.py
[2023-02-16T23:36:28.835+0000] {logging_mixin.py:137} INFO - [2023-02-16T23:36:28.834+0000] {dag.py:2690} INFO - Sync 1 DAGs
[2023-02-16T23:36:29.001+0000] {logging_mixin.py:137} INFO - [2023-02-16T23:36:29.000+0000] {dag.py:3441} INFO - Setting next_dagrun for example_trigger_controller_dag to 2021-01-01T00:00:00+00:00, run_after=2021-01-01T00:00:00+00:00
[2023-02-16T23:36:29.109+0000] {processor.py:175} INFO - Processing /home/airflow/.local/lib/python3.7/site-packages/airflow/example_dags/example_trigger_controller_dag.py took 0.870 seconds
[2023-02-16T23:37:02.630+0000] {processor.py:153} INFO - Started process (PID=645) to work on /home/airflow/.local/lib/python3.7/site-packages/airflow/example_dags/example_trigger_controller_dag.py
[2023-02-16T23:37:02.663+0000] {processor.py:743} INFO - Processing file /home/airflow/.local/lib/python3.7/site-packages/airflow/example_dags/example_trigger_controller_dag.py for tasks to queue
[2023-02-16T23:37:02.698+0000] {logging_mixin.py:137} INFO - [2023-02-16T23:37:02.669+0000] {dagbag.py:538} INFO - Filling up the DagBag from /home/airflow/.local/lib/python3.7/site-packages/airflow/example_dags/example_trigger_controller_dag.py
[2023-02-16T23:37:02.962+0000] {processor.py:753} INFO - DAG(s) dict_keys(['example_trigger_controller_dag']) retrieved from /home/airflow/.local/lib/python3.7/site-packages/airflow/example_dags/example_trigger_controller_dag.py
[2023-02-16T23:37:03.212+0000] {logging_mixin.py:137} INFO - [2023-02-16T23:37:03.212+0000] {dag.py:2690} INFO - Sync 1 DAGs
[2023-02-16T23:37:03.456+0000] {logging_mixin.py:137} INFO - [2023-02-16T23:37:03.456+0000] {dag.py:3441} INFO - Setting next_dagrun for example_trigger_controller_dag to 2021-01-01T00:00:00+00:00, run_after=2021-01-01T00:00:00+00:00
[2023-02-16T23:37:03.627+0000] {processor.py:175} INFO - Processing /home/airflow/.local/lib/python3.7/site-packages/airflow/example_dags/example_trigger_controller_dag.py took 1.096 seconds
[2023-02-16T23:38:26.292+0000] {processor.py:153} INFO - Started process (PID=717) to work on /home/airflow/.local/lib/python3.7/site-packages/airflow/example_dags/example_trigger_controller_dag.py
[2023-02-16T23:38:26.312+0000] {processor.py:743} INFO - Processing file /home/airflow/.local/lib/python3.7/site-packages/airflow/example_dags/example_trigger_controller_dag.py for tasks to queue
[2023-02-16T23:38:26.362+0000] {logging_mixin.py:137} INFO - [2023-02-16T23:38:26.331+0000] {dagbag.py:538} INFO - Filling up the DagBag from /home/airflow/.local/lib/python3.7/site-packages/airflow/example_dags/example_trigger_controller_dag.py
[2023-02-16T23:38:26.596+0000] {processor.py:753} INFO - DAG(s) dict_keys(['example_trigger_controller_dag']) retrieved from /home/airflow/.local/lib/python3.7/site-packages/airflow/example_dags/example_trigger_controller_dag.py
[2023-02-16T23:38:26.983+0000] {logging_mixin.py:137} INFO - [2023-02-16T23:38:26.983+0000] {dag.py:2690} INFO - Sync 1 DAGs
[2023-02-16T23:38:27.653+0000] {logging_mixin.py:137} INFO - [2023-02-16T23:38:27.652+0000] {dag.py:3441} INFO - Setting next_dagrun for example_trigger_controller_dag to 2021-01-01T00:00:00+00:00, run_after=2021-01-01T00:00:00+00:00
[2023-02-16T23:38:27.982+0000] {processor.py:175} INFO - Processing /home/airflow/.local/lib/python3.7/site-packages/airflow/example_dags/example_trigger_controller_dag.py took 1.816 seconds
[2023-02-16T23:39:05.122+0000] {processor.py:153} INFO - Started process (PID=776) to work on /home/airflow/.local/lib/python3.7/site-packages/airflow/example_dags/example_trigger_controller_dag.py
[2023-02-16T23:39:05.136+0000] {processor.py:743} INFO - Processing file /home/airflow/.local/lib/python3.7/site-packages/airflow/example_dags/example_trigger_controller_dag.py for tasks to queue
[2023-02-16T23:39:05.145+0000] {logging_mixin.py:137} INFO - [2023-02-16T23:39:05.143+0000] {dagbag.py:538} INFO - Filling up the DagBag from /home/airflow/.local/lib/python3.7/site-packages/airflow/example_dags/example_trigger_controller_dag.py
[2023-02-16T23:39:05.259+0000] {processor.py:753} INFO - DAG(s) dict_keys(['example_trigger_controller_dag']) retrieved from /home/airflow/.local/lib/python3.7/site-packages/airflow/example_dags/example_trigger_controller_dag.py
[2023-02-16T23:39:05.440+0000] {logging_mixin.py:137} INFO - [2023-02-16T23:39:05.439+0000] {dag.py:2690} INFO - Sync 1 DAGs
[2023-02-16T23:39:05.776+0000] {logging_mixin.py:137} INFO - [2023-02-16T23:39:05.764+0000] {dag.py:3441} INFO - Setting next_dagrun for example_trigger_controller_dag to 2021-01-01T00:00:00+00:00, run_after=2021-01-01T00:00:00+00:00
[2023-02-16T23:39:05.947+0000] {processor.py:175} INFO - Processing /home/airflow/.local/lib/python3.7/site-packages/airflow/example_dags/example_trigger_controller_dag.py took 0.858 seconds
[2023-02-16T23:40:26.771+0000] {processor.py:153} INFO - Started process (PID=859) to work on /home/airflow/.local/lib/python3.7/site-packages/airflow/example_dags/example_trigger_controller_dag.py
[2023-02-16T23:40:26.829+0000] {processor.py:743} INFO - Processing file /home/airflow/.local/lib/python3.7/site-packages/airflow/example_dags/example_trigger_controller_dag.py for tasks to queue
[2023-02-16T23:40:26.854+0000] {logging_mixin.py:137} INFO - [2023-02-16T23:40:26.854+0000] {dagbag.py:538} INFO - Filling up the DagBag from /home/airflow/.local/lib/python3.7/site-packages/airflow/example_dags/example_trigger_controller_dag.py
[2023-02-16T23:40:27.166+0000] {processor.py:753} INFO - DAG(s) dict_keys(['example_trigger_controller_dag']) retrieved from /home/airflow/.local/lib/python3.7/site-packages/airflow/example_dags/example_trigger_controller_dag.py
[2023-02-16T23:40:27.639+0000] {logging_mixin.py:137} INFO - [2023-02-16T23:40:27.638+0000] {dag.py:2690} INFO - Sync 1 DAGs
[2023-02-16T23:40:28.805+0000] {logging_mixin.py:137} INFO - [2023-02-16T23:40:28.804+0000] {dag.py:3441} INFO - Setting next_dagrun for example_trigger_controller_dag to 2021-01-01T00:00:00+00:00, run_after=2021-01-01T00:00:00+00:00
[2023-02-16T23:40:29.177+0000] {processor.py:175} INFO - Processing /home/airflow/.local/lib/python3.7/site-packages/airflow/example_dags/example_trigger_controller_dag.py took 2.478 seconds
[2023-02-16T23:41:12.170+0000] {processor.py:153} INFO - Started process (PID=918) to work on /home/airflow/.local/lib/python3.7/site-packages/airflow/example_dags/example_trigger_controller_dag.py
[2023-02-16T23:41:12.190+0000] {processor.py:743} INFO - Processing file /home/airflow/.local/lib/python3.7/site-packages/airflow/example_dags/example_trigger_controller_dag.py for tasks to queue
[2023-02-16T23:41:12.198+0000] {logging_mixin.py:137} INFO - [2023-02-16T23:41:12.197+0000] {dagbag.py:538} INFO - Filling up the DagBag from /home/airflow/.local/lib/python3.7/site-packages/airflow/example_dags/example_trigger_controller_dag.py
[2023-02-16T23:41:12.274+0000] {processor.py:753} INFO - DAG(s) dict_keys(['example_trigger_controller_dag']) retrieved from /home/airflow/.local/lib/python3.7/site-packages/airflow/example_dags/example_trigger_controller_dag.py
[2023-02-16T23:41:12.409+0000] {logging_mixin.py:137} INFO - [2023-02-16T23:41:12.403+0000] {dag.py:2690} INFO - Sync 1 DAGs
[2023-02-16T23:41:12.744+0000] {logging_mixin.py:137} INFO - [2023-02-16T23:41:12.744+0000] {dag.py:3441} INFO - Setting next_dagrun for example_trigger_controller_dag to 2021-01-01T00:00:00+00:00, run_after=2021-01-01T00:00:00+00:00
[2023-02-16T23:41:13.328+0000] {processor.py:175} INFO - Processing /home/airflow/.local/lib/python3.7/site-packages/airflow/example_dags/example_trigger_controller_dag.py took 1.189 seconds
[2023-02-16T23:42:22.077+0000] {processor.py:153} INFO - Started process (PID=992) to work on /home/airflow/.local/lib/python3.7/site-packages/airflow/example_dags/example_trigger_controller_dag.py
[2023-02-16T23:42:22.085+0000] {processor.py:743} INFO - Processing file /home/airflow/.local/lib/python3.7/site-packages/airflow/example_dags/example_trigger_controller_dag.py for tasks to queue
[2023-02-16T23:42:22.107+0000] {logging_mixin.py:137} INFO - [2023-02-16T23:42:22.107+0000] {dagbag.py:538} INFO - Filling up the DagBag from /home/airflow/.local/lib/python3.7/site-packages/airflow/example_dags/example_trigger_controller_dag.py
[2023-02-16T23:42:22.455+0000] {processor.py:753} INFO - DAG(s) dict_keys(['example_trigger_controller_dag']) retrieved from /home/airflow/.local/lib/python3.7/site-packages/airflow/example_dags/example_trigger_controller_dag.py
[2023-02-16T23:42:22.614+0000] {logging_mixin.py:137} INFO - [2023-02-16T23:42:22.613+0000] {dag.py:2690} INFO - Sync 1 DAGs
[2023-02-16T23:42:23.001+0000] {logging_mixin.py:137} INFO - [2023-02-16T23:42:23.000+0000] {dag.py:3441} INFO - Setting next_dagrun for example_trigger_controller_dag to 2021-01-01T00:00:00+00:00, run_after=2021-01-01T00:00:00+00:00
[2023-02-16T23:42:23.348+0000] {processor.py:175} INFO - Processing /home/airflow/.local/lib/python3.7/site-packages/airflow/example_dags/example_trigger_controller_dag.py took 1.352 seconds
[2023-02-16T23:43:16.419+0000] {processor.py:153} INFO - Started process (PID=1054) to work on /home/airflow/.local/lib/python3.7/site-packages/airflow/example_dags/example_trigger_controller_dag.py
[2023-02-16T23:43:16.455+0000] {processor.py:743} INFO - Processing file /home/airflow/.local/lib/python3.7/site-packages/airflow/example_dags/example_trigger_controller_dag.py for tasks to queue
[2023-02-16T23:43:16.587+0000] {logging_mixin.py:137} INFO - [2023-02-16T23:43:16.571+0000] {dagbag.py:538} INFO - Filling up the DagBag from /home/airflow/.local/lib/python3.7/site-packages/airflow/example_dags/example_trigger_controller_dag.py
[2023-02-16T23:43:16.975+0000] {processor.py:753} INFO - DAG(s) dict_keys(['example_trigger_controller_dag']) retrieved from /home/airflow/.local/lib/python3.7/site-packages/airflow/example_dags/example_trigger_controller_dag.py
[2023-02-16T23:43:17.418+0000] {logging_mixin.py:137} INFO - [2023-02-16T23:43:17.417+0000] {dag.py:2690} INFO - Sync 1 DAGs
[2023-02-16T23:43:17.940+0000] {logging_mixin.py:137} INFO - [2023-02-16T23:43:17.920+0000] {dag.py:3441} INFO - Setting next_dagrun for example_trigger_controller_dag to 2021-01-01T00:00:00+00:00, run_after=2021-01-01T00:00:00+00:00
[2023-02-16T23:43:18.147+0000] {processor.py:175} INFO - Processing /home/airflow/.local/lib/python3.7/site-packages/airflow/example_dags/example_trigger_controller_dag.py took 1.794 seconds
[2023-02-16T23:44:15.138+0000] {processor.py:153} INFO - Started process (PID=1129) to work on /home/airflow/.local/lib/python3.7/site-packages/airflow/example_dags/example_trigger_controller_dag.py
[2023-02-16T23:44:15.167+0000] {processor.py:743} INFO - Processing file /home/airflow/.local/lib/python3.7/site-packages/airflow/example_dags/example_trigger_controller_dag.py for tasks to queue
[2023-02-16T23:44:15.182+0000] {logging_mixin.py:137} INFO - [2023-02-16T23:44:15.181+0000] {dagbag.py:538} INFO - Filling up the DagBag from /home/airflow/.local/lib/python3.7/site-packages/airflow/example_dags/example_trigger_controller_dag.py
[2023-02-16T23:44:15.255+0000] {processor.py:753} INFO - DAG(s) dict_keys(['example_trigger_controller_dag']) retrieved from /home/airflow/.local/lib/python3.7/site-packages/airflow/example_dags/example_trigger_controller_dag.py
[2023-02-16T23:44:15.406+0000] {logging_mixin.py:137} INFO - [2023-02-16T23:44:15.406+0000] {dag.py:2690} INFO - Sync 1 DAGs
[2023-02-16T23:44:16.025+0000] {logging_mixin.py:137} INFO - [2023-02-16T23:44:16.011+0000] {dag.py:3441} INFO - Setting next_dagrun for example_trigger_controller_dag to 2021-01-01T00:00:00+00:00, run_after=2021-01-01T00:00:00+00:00
[2023-02-16T23:44:16.301+0000] {processor.py:175} INFO - Processing /home/airflow/.local/lib/python3.7/site-packages/airflow/example_dags/example_trigger_controller_dag.py took 1.281 seconds
[2023-02-16T23:45:25.717+0000] {processor.py:153} INFO - Started process (PID=1210) to work on /home/airflow/.local/lib/python3.7/site-packages/airflow/example_dags/example_trigger_controller_dag.py
[2023-02-16T23:45:25.739+0000] {processor.py:743} INFO - Processing file /home/airflow/.local/lib/python3.7/site-packages/airflow/example_dags/example_trigger_controller_dag.py for tasks to queue
[2023-02-16T23:45:25.759+0000] {logging_mixin.py:137} INFO - [2023-02-16T23:45:25.758+0000] {dagbag.py:538} INFO - Filling up the DagBag from /home/airflow/.local/lib/python3.7/site-packages/airflow/example_dags/example_trigger_controller_dag.py
[2023-02-16T23:45:26.169+0000] {processor.py:753} INFO - DAG(s) dict_keys(['example_trigger_controller_dag']) retrieved from /home/airflow/.local/lib/python3.7/site-packages/airflow/example_dags/example_trigger_controller_dag.py
[2023-02-16T23:45:27.126+0000] {logging_mixin.py:137} INFO - [2023-02-16T23:45:27.125+0000] {dag.py:2690} INFO - Sync 1 DAGs
[2023-02-16T23:45:27.484+0000] {logging_mixin.py:137} INFO - [2023-02-16T23:45:27.481+0000] {dag.py:3441} INFO - Setting next_dagrun for example_trigger_controller_dag to 2021-01-01T00:00:00+00:00, run_after=2021-01-01T00:00:00+00:00
[2023-02-16T23:45:27.620+0000] {processor.py:175} INFO - Processing /home/airflow/.local/lib/python3.7/site-packages/airflow/example_dags/example_trigger_controller_dag.py took 2.103 seconds
[2023-02-16T23:46:43.955+0000] {processor.py:153} INFO - Started process (PID=1295) to work on /home/airflow/.local/lib/python3.7/site-packages/airflow/example_dags/example_trigger_controller_dag.py
[2023-02-16T23:46:43.983+0000] {processor.py:743} INFO - Processing file /home/airflow/.local/lib/python3.7/site-packages/airflow/example_dags/example_trigger_controller_dag.py for tasks to queue
[2023-02-16T23:46:44.158+0000] {logging_mixin.py:137} INFO - [2023-02-16T23:46:44.157+0000] {dagbag.py:538} INFO - Filling up the DagBag from /home/airflow/.local/lib/python3.7/site-packages/airflow/example_dags/example_trigger_controller_dag.py
[2023-02-16T23:46:44.804+0000] {processor.py:753} INFO - DAG(s) dict_keys(['example_trigger_controller_dag']) retrieved from /home/airflow/.local/lib/python3.7/site-packages/airflow/example_dags/example_trigger_controller_dag.py
[2023-02-16T23:46:45.494+0000] {logging_mixin.py:137} INFO - [2023-02-16T23:46:45.493+0000] {dag.py:2690} INFO - Sync 1 DAGs
[2023-02-16T23:46:46.027+0000] {logging_mixin.py:137} INFO - [2023-02-16T23:46:46.026+0000] {dag.py:3441} INFO - Setting next_dagrun for example_trigger_controller_dag to 2021-01-01T00:00:00+00:00, run_after=2021-01-01T00:00:00+00:00
[2023-02-16T23:46:46.221+0000] {processor.py:175} INFO - Processing /home/airflow/.local/lib/python3.7/site-packages/airflow/example_dags/example_trigger_controller_dag.py took 2.392 seconds
[2023-02-16T23:50:09.321+0000] {processor.py:153} INFO - Started process (PID=1450) to work on /home/airflow/.local/lib/python3.7/site-packages/airflow/example_dags/example_trigger_controller_dag.py
[2023-02-16T23:50:09.339+0000] {processor.py:743} INFO - Processing file /home/airflow/.local/lib/python3.7/site-packages/airflow/example_dags/example_trigger_controller_dag.py for tasks to queue
[2023-02-16T23:50:09.359+0000] {logging_mixin.py:137} INFO - [2023-02-16T23:50:09.352+0000] {dagbag.py:538} INFO - Filling up the DagBag from /home/airflow/.local/lib/python3.7/site-packages/airflow/example_dags/example_trigger_controller_dag.py
[2023-02-16T23:50:09.519+0000] {processor.py:753} INFO - DAG(s) dict_keys(['example_trigger_controller_dag']) retrieved from /home/airflow/.local/lib/python3.7/site-packages/airflow/example_dags/example_trigger_controller_dag.py
[2023-02-16T23:50:09.885+0000] {logging_mixin.py:137} INFO - [2023-02-16T23:50:09.885+0000] {dag.py:2690} INFO - Sync 1 DAGs
[2023-02-16T23:50:10.529+0000] {logging_mixin.py:137} INFO - [2023-02-16T23:50:10.515+0000] {dag.py:3441} INFO - Setting next_dagrun for example_trigger_controller_dag to 2021-01-01T00:00:00+00:00, run_after=2021-01-01T00:00:00+00:00
[2023-02-16T23:50:11.077+0000] {processor.py:175} INFO - Processing /home/airflow/.local/lib/python3.7/site-packages/airflow/example_dags/example_trigger_controller_dag.py took 1.876 seconds
[2023-02-16T23:52:56.743+0000] {processor.py:153} INFO - Started process (PID=1576) to work on /home/airflow/.local/lib/python3.7/site-packages/airflow/example_dags/example_trigger_controller_dag.py
[2023-02-16T23:52:56.776+0000] {processor.py:743} INFO - Processing file /home/airflow/.local/lib/python3.7/site-packages/airflow/example_dags/example_trigger_controller_dag.py for tasks to queue
[2023-02-16T23:52:56.820+0000] {logging_mixin.py:137} INFO - [2023-02-16T23:52:56.820+0000] {dagbag.py:538} INFO - Filling up the DagBag from /home/airflow/.local/lib/python3.7/site-packages/airflow/example_dags/example_trigger_controller_dag.py
[2023-02-16T23:52:57.912+0000] {processor.py:753} INFO - DAG(s) dict_keys(['example_trigger_controller_dag']) retrieved from /home/airflow/.local/lib/python3.7/site-packages/airflow/example_dags/example_trigger_controller_dag.py
[2023-02-16T23:52:58.508+0000] {logging_mixin.py:137} INFO - [2023-02-16T23:52:58.508+0000] {dag.py:2690} INFO - Sync 1 DAGs
[2023-02-16T23:52:59.289+0000] {logging_mixin.py:137} INFO - [2023-02-16T23:52:59.289+0000] {dag.py:3441} INFO - Setting next_dagrun for example_trigger_controller_dag to 2021-01-01T00:00:00+00:00, run_after=2021-01-01T00:00:00+00:00
[2023-02-16T23:52:59.861+0000] {processor.py:175} INFO - Processing /home/airflow/.local/lib/python3.7/site-packages/airflow/example_dags/example_trigger_controller_dag.py took 3.124 seconds
[2023-02-16T23:54:31.869+0000] {processor.py:153} INFO - Started process (PID=1657) to work on /home/airflow/.local/lib/python3.7/site-packages/airflow/example_dags/example_trigger_controller_dag.py
[2023-02-16T23:54:31.885+0000] {processor.py:743} INFO - Processing file /home/airflow/.local/lib/python3.7/site-packages/airflow/example_dags/example_trigger_controller_dag.py for tasks to queue
[2023-02-16T23:54:31.902+0000] {logging_mixin.py:137} INFO - [2023-02-16T23:54:31.896+0000] {dagbag.py:538} INFO - Filling up the DagBag from /home/airflow/.local/lib/python3.7/site-packages/airflow/example_dags/example_trigger_controller_dag.py
[2023-02-16T23:54:32.265+0000] {processor.py:753} INFO - DAG(s) dict_keys(['example_trigger_controller_dag']) retrieved from /home/airflow/.local/lib/python3.7/site-packages/airflow/example_dags/example_trigger_controller_dag.py
[2023-02-16T23:54:32.857+0000] {logging_mixin.py:137} INFO - [2023-02-16T23:54:32.857+0000] {dag.py:2690} INFO - Sync 1 DAGs
[2023-02-16T23:54:33.367+0000] {logging_mixin.py:137} INFO - [2023-02-16T23:54:33.359+0000] {dag.py:3441} INFO - Setting next_dagrun for example_trigger_controller_dag to 2021-01-01T00:00:00+00:00, run_after=2021-01-01T00:00:00+00:00
[2023-02-16T23:54:33.651+0000] {processor.py:175} INFO - Processing /home/airflow/.local/lib/python3.7/site-packages/airflow/example_dags/example_trigger_controller_dag.py took 1.819 seconds
[2023-02-16T23:56:05.716+0000] {processor.py:153} INFO - Started process (PID=1745) to work on /home/airflow/.local/lib/python3.7/site-packages/airflow/example_dags/example_trigger_controller_dag.py
[2023-02-16T23:56:05.732+0000] {processor.py:743} INFO - Processing file /home/airflow/.local/lib/python3.7/site-packages/airflow/example_dags/example_trigger_controller_dag.py for tasks to queue
[2023-02-16T23:56:05.779+0000] {logging_mixin.py:137} INFO - [2023-02-16T23:56:05.768+0000] {dagbag.py:538} INFO - Filling up the DagBag from /home/airflow/.local/lib/python3.7/site-packages/airflow/example_dags/example_trigger_controller_dag.py
[2023-02-16T23:56:05.859+0000] {processor.py:753} INFO - DAG(s) dict_keys(['example_trigger_controller_dag']) retrieved from /home/airflow/.local/lib/python3.7/site-packages/airflow/example_dags/example_trigger_controller_dag.py
[2023-02-16T23:56:05.969+0000] {logging_mixin.py:137} INFO - [2023-02-16T23:56:05.969+0000] {dag.py:2690} INFO - Sync 1 DAGs
[2023-02-16T23:56:06.115+0000] {logging_mixin.py:137} INFO - [2023-02-16T23:56:06.101+0000] {dag.py:3441} INFO - Setting next_dagrun for example_trigger_controller_dag to 2021-01-01T00:00:00+00:00, run_after=2021-01-01T00:00:00+00:00
[2023-02-16T23:56:06.236+0000] {processor.py:175} INFO - Processing /home/airflow/.local/lib/python3.7/site-packages/airflow/example_dags/example_trigger_controller_dag.py took 0.555 seconds
[2023-02-16T23:56:40.846+0000] {processor.py:153} INFO - Started process (PID=1806) to work on /home/airflow/.local/lib/python3.7/site-packages/airflow/example_dags/example_trigger_controller_dag.py
[2023-02-16T23:56:40.875+0000] {processor.py:743} INFO - Processing file /home/airflow/.local/lib/python3.7/site-packages/airflow/example_dags/example_trigger_controller_dag.py for tasks to queue
[2023-02-16T23:56:40.907+0000] {logging_mixin.py:137} INFO - [2023-02-16T23:56:40.901+0000] {dagbag.py:538} INFO - Filling up the DagBag from /home/airflow/.local/lib/python3.7/site-packages/airflow/example_dags/example_trigger_controller_dag.py
[2023-02-16T23:56:41.803+0000] {processor.py:753} INFO - DAG(s) dict_keys(['example_trigger_controller_dag']) retrieved from /home/airflow/.local/lib/python3.7/site-packages/airflow/example_dags/example_trigger_controller_dag.py
[2023-02-16T23:56:42.286+0000] {logging_mixin.py:137} INFO - [2023-02-16T23:56:42.285+0000] {dag.py:2690} INFO - Sync 1 DAGs
[2023-02-16T23:56:42.592+0000] {logging_mixin.py:137} INFO - [2023-02-16T23:56:42.591+0000] {dag.py:3441} INFO - Setting next_dagrun for example_trigger_controller_dag to 2021-01-01T00:00:00+00:00, run_after=2021-01-01T00:00:00+00:00
[2023-02-16T23:56:42.706+0000] {processor.py:175} INFO - Processing /home/airflow/.local/lib/python3.7/site-packages/airflow/example_dags/example_trigger_controller_dag.py took 1.864 seconds
[2023-02-16T23:57:24.196+0000] {processor.py:153} INFO - Started process (PID=1869) to work on /home/airflow/.local/lib/python3.7/site-packages/airflow/example_dags/example_trigger_controller_dag.py
[2023-02-16T23:57:24.213+0000] {processor.py:743} INFO - Processing file /home/airflow/.local/lib/python3.7/site-packages/airflow/example_dags/example_trigger_controller_dag.py for tasks to queue
[2023-02-16T23:57:24.226+0000] {logging_mixin.py:137} INFO - [2023-02-16T23:57:24.226+0000] {dagbag.py:538} INFO - Filling up the DagBag from /home/airflow/.local/lib/python3.7/site-packages/airflow/example_dags/example_trigger_controller_dag.py
[2023-02-16T23:57:24.360+0000] {processor.py:753} INFO - DAG(s) dict_keys(['example_trigger_controller_dag']) retrieved from /home/airflow/.local/lib/python3.7/site-packages/airflow/example_dags/example_trigger_controller_dag.py
[2023-02-16T23:57:24.546+0000] {logging_mixin.py:137} INFO - [2023-02-16T23:57:24.546+0000] {dag.py:2690} INFO - Sync 1 DAGs
[2023-02-16T23:57:24.698+0000] {logging_mixin.py:137} INFO - [2023-02-16T23:57:24.695+0000] {dag.py:3441} INFO - Setting next_dagrun for example_trigger_controller_dag to 2021-01-01T00:00:00+00:00, run_after=2021-01-01T00:00:00+00:00
[2023-02-16T23:57:24.851+0000] {processor.py:175} INFO - Processing /home/airflow/.local/lib/python3.7/site-packages/airflow/example_dags/example_trigger_controller_dag.py took 0.709 seconds
[2023-02-16T23:57:56.400+0000] {processor.py:153} INFO - Started process (PID=1933) to work on /home/airflow/.local/lib/python3.7/site-packages/airflow/example_dags/example_trigger_controller_dag.py
[2023-02-16T23:57:56.416+0000] {processor.py:743} INFO - Processing file /home/airflow/.local/lib/python3.7/site-packages/airflow/example_dags/example_trigger_controller_dag.py for tasks to queue
[2023-02-16T23:57:56.424+0000] {logging_mixin.py:137} INFO - [2023-02-16T23:57:56.424+0000] {dagbag.py:538} INFO - Filling up the DagBag from /home/airflow/.local/lib/python3.7/site-packages/airflow/example_dags/example_trigger_controller_dag.py
[2023-02-16T23:57:56.578+0000] {processor.py:753} INFO - DAG(s) dict_keys(['example_trigger_controller_dag']) retrieved from /home/airflow/.local/lib/python3.7/site-packages/airflow/example_dags/example_trigger_controller_dag.py
[2023-02-16T23:57:56.899+0000] {logging_mixin.py:137} INFO - [2023-02-16T23:57:56.899+0000] {dag.py:2690} INFO - Sync 1 DAGs
[2023-02-16T23:57:57.066+0000] {logging_mixin.py:137} INFO - [2023-02-16T23:57:57.066+0000] {dag.py:3441} INFO - Setting next_dagrun for example_trigger_controller_dag to 2021-01-01T00:00:00+00:00, run_after=2021-01-01T00:00:00+00:00
[2023-02-16T23:57:57.140+0000] {processor.py:175} INFO - Processing /home/airflow/.local/lib/python3.7/site-packages/airflow/example_dags/example_trigger_controller_dag.py took 0.785 seconds
[2023-02-16T23:58:30.926+0000] {processor.py:153} INFO - Started process (PID=1996) to work on /home/airflow/.local/lib/python3.7/site-packages/airflow/example_dags/example_trigger_controller_dag.py
[2023-02-16T23:58:30.953+0000] {processor.py:743} INFO - Processing file /home/airflow/.local/lib/python3.7/site-packages/airflow/example_dags/example_trigger_controller_dag.py for tasks to queue
[2023-02-16T23:58:30.981+0000] {logging_mixin.py:137} INFO - [2023-02-16T23:58:30.980+0000] {dagbag.py:538} INFO - Filling up the DagBag from /home/airflow/.local/lib/python3.7/site-packages/airflow/example_dags/example_trigger_controller_dag.py
[2023-02-16T23:58:31.186+0000] {processor.py:753} INFO - DAG(s) dict_keys(['example_trigger_controller_dag']) retrieved from /home/airflow/.local/lib/python3.7/site-packages/airflow/example_dags/example_trigger_controller_dag.py
[2023-02-16T23:58:31.486+0000] {logging_mixin.py:137} INFO - [2023-02-16T23:58:31.486+0000] {dag.py:2690} INFO - Sync 1 DAGs
[2023-02-16T23:58:31.868+0000] {logging_mixin.py:137} INFO - [2023-02-16T23:58:31.867+0000] {dag.py:3441} INFO - Setting next_dagrun for example_trigger_controller_dag to 2021-01-01T00:00:00+00:00, run_after=2021-01-01T00:00:00+00:00
[2023-02-16T23:58:32.158+0000] {processor.py:175} INFO - Processing /home/airflow/.local/lib/python3.7/site-packages/airflow/example_dags/example_trigger_controller_dag.py took 1.308 seconds
[2023-02-16T23:59:22.454+0000] {processor.py:153} INFO - Started process (PID=2064) to work on /home/airflow/.local/lib/python3.7/site-packages/airflow/example_dags/example_trigger_controller_dag.py
[2023-02-16T23:59:22.475+0000] {processor.py:743} INFO - Processing file /home/airflow/.local/lib/python3.7/site-packages/airflow/example_dags/example_trigger_controller_dag.py for tasks to queue
[2023-02-16T23:59:22.537+0000] {logging_mixin.py:137} INFO - [2023-02-16T23:59:22.536+0000] {dagbag.py:538} INFO - Filling up the DagBag from /home/airflow/.local/lib/python3.7/site-packages/airflow/example_dags/example_trigger_controller_dag.py
[2023-02-16T23:59:22.790+0000] {processor.py:753} INFO - DAG(s) dict_keys(['example_trigger_controller_dag']) retrieved from /home/airflow/.local/lib/python3.7/site-packages/airflow/example_dags/example_trigger_controller_dag.py
[2023-02-16T23:59:23.338+0000] {logging_mixin.py:137} INFO - [2023-02-16T23:59:23.338+0000] {dag.py:2690} INFO - Sync 1 DAGs
[2023-02-16T23:59:23.649+0000] {logging_mixin.py:137} INFO - [2023-02-16T23:59:23.648+0000] {dag.py:3441} INFO - Setting next_dagrun for example_trigger_controller_dag to 2021-01-01T00:00:00+00:00, run_after=2021-01-01T00:00:00+00:00
[2023-02-16T23:59:23.840+0000] {processor.py:175} INFO - Processing /home/airflow/.local/lib/python3.7/site-packages/airflow/example_dags/example_trigger_controller_dag.py took 1.437 seconds
