[2023-02-16T22:57:29.991+0000] {processor.py:153} INFO - Started process (PID=210) to work on /home/airflow/.local/lib/python3.7/site-packages/airflow/example_dags/example_latest_only_with_trigger.py
[2023-02-16T22:57:30.079+0000] {processor.py:743} INFO - Processing file /home/airflow/.local/lib/python3.7/site-packages/airflow/example_dags/example_latest_only_with_trigger.py for tasks to queue
[2023-02-16T22:57:30.109+0000] {logging_mixin.py:137} INFO - [2023-02-16T22:57:30.109+0000] {dagbag.py:538} INFO - Filling up the DagBag from /home/airflow/.local/lib/python3.7/site-packages/airflow/example_dags/example_latest_only_with_trigger.py
[2023-02-16T22:57:31.655+0000] {processor.py:753} INFO - DAG(s) dict_keys(['latest_only_with_trigger']) retrieved from /home/airflow/.local/lib/python3.7/site-packages/airflow/example_dags/example_latest_only_with_trigger.py
[2023-02-16T22:57:32.658+0000] {logging_mixin.py:137} INFO - [2023-02-16T22:57:32.658+0000] {dag.py:2690} INFO - Sync 1 DAGs
[2023-02-16T22:57:33.820+0000] {logging_mixin.py:137} INFO - [2023-02-16T22:57:33.820+0000] {dag.py:3441} INFO - Setting next_dagrun for latest_only_with_trigger to 2023-02-16T18:57:33.811468+00:00, run_after=2023-02-16T22:57:33.811468+00:00
[2023-02-16T22:57:34.520+0000] {processor.py:175} INFO - Processing /home/airflow/.local/lib/python3.7/site-packages/airflow/example_dags/example_latest_only_with_trigger.py took 4.588 seconds
[2023-02-16T22:59:08.996+0000] {processor.py:153} INFO - Started process (PID=298) to work on /home/airflow/.local/lib/python3.7/site-packages/airflow/example_dags/example_latest_only_with_trigger.py
[2023-02-16T22:59:09.019+0000] {processor.py:743} INFO - Processing file /home/airflow/.local/lib/python3.7/site-packages/airflow/example_dags/example_latest_only_with_trigger.py for tasks to queue
[2023-02-16T22:59:09.032+0000] {logging_mixin.py:137} INFO - [2023-02-16T22:59:09.027+0000] {dagbag.py:538} INFO - Filling up the DagBag from /home/airflow/.local/lib/python3.7/site-packages/airflow/example_dags/example_latest_only_with_trigger.py
[2023-02-16T22:59:09.223+0000] {processor.py:753} INFO - DAG(s) dict_keys(['latest_only_with_trigger']) retrieved from /home/airflow/.local/lib/python3.7/site-packages/airflow/example_dags/example_latest_only_with_trigger.py
[2023-02-16T22:59:09.470+0000] {logging_mixin.py:137} INFO - [2023-02-16T22:59:09.470+0000] {dag.py:2690} INFO - Sync 1 DAGs
[2023-02-16T22:59:10.005+0000] {logging_mixin.py:137} INFO - [2023-02-16T22:59:09.981+0000] {dag.py:3441} INFO - Setting next_dagrun for latest_only_with_trigger to 2023-02-16T18:59:09.981475+00:00, run_after=2023-02-16T22:59:09.981475+00:00
[2023-02-16T22:59:10.555+0000] {processor.py:175} INFO - Processing /home/airflow/.local/lib/python3.7/site-packages/airflow/example_dags/example_latest_only_with_trigger.py took 1.627 seconds
[2023-02-16T23:02:18.097+0000] {processor.py:153} INFO - Started process (PID=445) to work on /home/airflow/.local/lib/python3.7/site-packages/airflow/example_dags/example_latest_only_with_trigger.py
[2023-02-16T23:02:18.166+0000] {processor.py:743} INFO - Processing file /home/airflow/.local/lib/python3.7/site-packages/airflow/example_dags/example_latest_only_with_trigger.py for tasks to queue
[2023-02-16T23:02:18.177+0000] {logging_mixin.py:137} INFO - [2023-02-16T23:02:18.176+0000] {dagbag.py:538} INFO - Filling up the DagBag from /home/airflow/.local/lib/python3.7/site-packages/airflow/example_dags/example_latest_only_with_trigger.py
[2023-02-16T23:02:18.470+0000] {processor.py:753} INFO - DAG(s) dict_keys(['latest_only_with_trigger']) retrieved from /home/airflow/.local/lib/python3.7/site-packages/airflow/example_dags/example_latest_only_with_trigger.py
[2023-02-16T23:02:18.764+0000] {logging_mixin.py:137} INFO - [2023-02-16T23:02:18.764+0000] {dag.py:2690} INFO - Sync 1 DAGs
[2023-02-16T23:02:19.447+0000] {logging_mixin.py:137} INFO - [2023-02-16T23:02:19.446+0000] {dag.py:3441} INFO - Setting next_dagrun for latest_only_with_trigger to 2023-02-16T19:02:19.446297+00:00, run_after=2023-02-16T23:02:19.446297+00:00
[2023-02-16T23:02:21.110+0000] {processor.py:175} INFO - Processing /home/airflow/.local/lib/python3.7/site-packages/airflow/example_dags/example_latest_only_with_trigger.py took 3.063 seconds
[2023-02-16T23:29:49.322+0000] {processor.py:153} INFO - Started process (PID=199) to work on /home/airflow/.local/lib/python3.7/site-packages/airflow/example_dags/example_latest_only_with_trigger.py
[2023-02-16T23:29:49.349+0000] {processor.py:743} INFO - Processing file /home/airflow/.local/lib/python3.7/site-packages/airflow/example_dags/example_latest_only_with_trigger.py for tasks to queue
[2023-02-16T23:29:49.357+0000] {logging_mixin.py:137} INFO - [2023-02-16T23:29:49.354+0000] {dagbag.py:538} INFO - Filling up the DagBag from /home/airflow/.local/lib/python3.7/site-packages/airflow/example_dags/example_latest_only_with_trigger.py
[2023-02-16T23:29:49.687+0000] {processor.py:753} INFO - DAG(s) dict_keys(['latest_only_with_trigger']) retrieved from /home/airflow/.local/lib/python3.7/site-packages/airflow/example_dags/example_latest_only_with_trigger.py
[2023-02-16T23:29:53.348+0000] {logging_mixin.py:137} INFO - [2023-02-16T23:29:53.348+0000] {manager.py:504} INFO - Created Permission View: can edit on DAG:latest_only_with_trigger
[2023-02-16T23:29:53.644+0000] {logging_mixin.py:137} INFO - [2023-02-16T23:29:53.644+0000] {manager.py:504} INFO - Created Permission View: can delete on DAG:latest_only_with_trigger
[2023-02-16T23:29:53.851+0000] {logging_mixin.py:137} INFO - [2023-02-16T23:29:53.851+0000] {manager.py:504} INFO - Created Permission View: can read on DAG:latest_only_with_trigger
[2023-02-16T23:29:53.871+0000] {logging_mixin.py:137} INFO - [2023-02-16T23:29:53.871+0000] {dag.py:2690} INFO - Sync 1 DAGs
[2023-02-16T23:29:54.348+0000] {logging_mixin.py:137} INFO - [2023-02-16T23:29:54.348+0000] {dag.py:2711} INFO - Creating ORM DAG for latest_only_with_trigger
[2023-02-16T23:29:54.780+0000] {logging_mixin.py:137} INFO - [2023-02-16T23:29:54.780+0000] {dag.py:3441} INFO - Setting next_dagrun for latest_only_with_trigger to 2023-02-16T19:29:54.778108+00:00, run_after=2023-02-16T23:29:54.778108+00:00
[2023-02-16T23:29:55.175+0000] {processor.py:175} INFO - Processing /home/airflow/.local/lib/python3.7/site-packages/airflow/example_dags/example_latest_only_with_trigger.py took 5.866 seconds
[2023-02-16T23:31:18.698+0000] {processor.py:153} INFO - Started process (PID=286) to work on /home/airflow/.local/lib/python3.7/site-packages/airflow/example_dags/example_latest_only_with_trigger.py
[2023-02-16T23:31:18.712+0000] {processor.py:743} INFO - Processing file /home/airflow/.local/lib/python3.7/site-packages/airflow/example_dags/example_latest_only_with_trigger.py for tasks to queue
[2023-02-16T23:31:18.726+0000] {logging_mixin.py:137} INFO - [2023-02-16T23:31:18.726+0000] {dagbag.py:538} INFO - Filling up the DagBag from /home/airflow/.local/lib/python3.7/site-packages/airflow/example_dags/example_latest_only_with_trigger.py
[2023-02-16T23:31:18.881+0000] {processor.py:753} INFO - DAG(s) dict_keys(['latest_only_with_trigger']) retrieved from /home/airflow/.local/lib/python3.7/site-packages/airflow/example_dags/example_latest_only_with_trigger.py
[2023-02-16T23:31:19.017+0000] {logging_mixin.py:137} INFO - [2023-02-16T23:31:19.017+0000] {dag.py:2690} INFO - Sync 1 DAGs
[2023-02-16T23:31:19.724+0000] {logging_mixin.py:137} INFO - [2023-02-16T23:31:19.724+0000] {dag.py:3441} INFO - Setting next_dagrun for latest_only_with_trigger to 2023-02-16T19:31:19.721524+00:00, run_after=2023-02-16T23:31:19.721524+00:00
[2023-02-16T23:31:20.490+0000] {processor.py:175} INFO - Processing /home/airflow/.local/lib/python3.7/site-packages/airflow/example_dags/example_latest_only_with_trigger.py took 1.801 seconds
[2023-02-16T23:33:59.664+0000] {processor.py:153} INFO - Started process (PID=408) to work on /home/airflow/.local/lib/python3.7/site-packages/airflow/example_dags/example_latest_only_with_trigger.py
[2023-02-16T23:33:59.704+0000] {processor.py:743} INFO - Processing file /home/airflow/.local/lib/python3.7/site-packages/airflow/example_dags/example_latest_only_with_trigger.py for tasks to queue
[2023-02-16T23:33:59.752+0000] {logging_mixin.py:137} INFO - [2023-02-16T23:33:59.750+0000] {dagbag.py:538} INFO - Filling up the DagBag from /home/airflow/.local/lib/python3.7/site-packages/airflow/example_dags/example_latest_only_with_trigger.py
[2023-02-16T23:33:59.853+0000] {processor.py:753} INFO - DAG(s) dict_keys(['latest_only_with_trigger']) retrieved from /home/airflow/.local/lib/python3.7/site-packages/airflow/example_dags/example_latest_only_with_trigger.py
[2023-02-16T23:34:00.350+0000] {logging_mixin.py:137} INFO - [2023-02-16T23:34:00.350+0000] {dag.py:2690} INFO - Sync 1 DAGs
[2023-02-16T23:34:01.522+0000] {logging_mixin.py:137} INFO - [2023-02-16T23:34:01.522+0000] {dag.py:3441} INFO - Setting next_dagrun for latest_only_with_trigger to 2023-02-16T19:34:01.506770+00:00, run_after=2023-02-16T23:34:01.506770+00:00
[2023-02-16T23:34:02.514+0000] {processor.py:175} INFO - Processing /home/airflow/.local/lib/python3.7/site-packages/airflow/example_dags/example_latest_only_with_trigger.py took 3.018 seconds
[2023-02-16T23:34:57.700+0000] {processor.py:153} INFO - Started process (PID=482) to work on /home/airflow/.local/lib/python3.7/site-packages/airflow/example_dags/example_latest_only_with_trigger.py
[2023-02-16T23:34:57.717+0000] {processor.py:743} INFO - Processing file /home/airflow/.local/lib/python3.7/site-packages/airflow/example_dags/example_latest_only_with_trigger.py for tasks to queue
[2023-02-16T23:34:57.733+0000] {logging_mixin.py:137} INFO - [2023-02-16T23:34:57.730+0000] {dagbag.py:538} INFO - Filling up the DagBag from /home/airflow/.local/lib/python3.7/site-packages/airflow/example_dags/example_latest_only_with_trigger.py
[2023-02-16T23:34:57.887+0000] {processor.py:753} INFO - DAG(s) dict_keys(['latest_only_with_trigger']) retrieved from /home/airflow/.local/lib/python3.7/site-packages/airflow/example_dags/example_latest_only_with_trigger.py
[2023-02-16T23:34:58.196+0000] {logging_mixin.py:137} INFO - [2023-02-16T23:34:58.196+0000] {dag.py:2690} INFO - Sync 1 DAGs
[2023-02-16T23:34:58.415+0000] {logging_mixin.py:137} INFO - [2023-02-16T23:34:58.412+0000] {dag.py:3441} INFO - Setting next_dagrun for latest_only_with_trigger to 2023-02-16T19:34:58.411703+00:00, run_after=2023-02-16T23:34:58.411703+00:00
[2023-02-16T23:34:58.594+0000] {processor.py:175} INFO - Processing /home/airflow/.local/lib/python3.7/site-packages/airflow/example_dags/example_latest_only_with_trigger.py took 0.929 seconds
[2023-02-16T23:35:55.143+0000] {processor.py:153} INFO - Started process (PID=553) to work on /home/airflow/.local/lib/python3.7/site-packages/airflow/example_dags/example_latest_only_with_trigger.py
[2023-02-16T23:35:55.156+0000] {processor.py:743} INFO - Processing file /home/airflow/.local/lib/python3.7/site-packages/airflow/example_dags/example_latest_only_with_trigger.py for tasks to queue
[2023-02-16T23:35:55.168+0000] {logging_mixin.py:137} INFO - [2023-02-16T23:35:55.168+0000] {dagbag.py:538} INFO - Filling up the DagBag from /home/airflow/.local/lib/python3.7/site-packages/airflow/example_dags/example_latest_only_with_trigger.py
[2023-02-16T23:35:56.636+0000] {processor.py:753} INFO - DAG(s) dict_keys(['latest_only_with_trigger']) retrieved from /home/airflow/.local/lib/python3.7/site-packages/airflow/example_dags/example_latest_only_with_trigger.py
[2023-02-16T23:35:57.129+0000] {logging_mixin.py:137} INFO - [2023-02-16T23:35:57.128+0000] {dag.py:2690} INFO - Sync 1 DAGs
[2023-02-16T23:35:57.487+0000] {logging_mixin.py:137} INFO - [2023-02-16T23:35:57.487+0000] {dag.py:3441} INFO - Setting next_dagrun for latest_only_with_trigger to 2023-02-16T19:35:57.486829+00:00, run_after=2023-02-16T23:35:57.486829+00:00
[2023-02-16T23:35:57.876+0000] {processor.py:175} INFO - Processing /home/airflow/.local/lib/python3.7/site-packages/airflow/example_dags/example_latest_only_with_trigger.py took 2.880 seconds
[2023-02-16T23:36:46.559+0000] {processor.py:153} INFO - Started process (PID=615) to work on /home/airflow/.local/lib/python3.7/site-packages/airflow/example_dags/example_latest_only_with_trigger.py
[2023-02-16T23:36:46.586+0000] {processor.py:743} INFO - Processing file /home/airflow/.local/lib/python3.7/site-packages/airflow/example_dags/example_latest_only_with_trigger.py for tasks to queue
[2023-02-16T23:36:46.606+0000] {logging_mixin.py:137} INFO - [2023-02-16T23:36:46.606+0000] {dagbag.py:538} INFO - Filling up the DagBag from /home/airflow/.local/lib/python3.7/site-packages/airflow/example_dags/example_latest_only_with_trigger.py
[2023-02-16T23:36:46.884+0000] {processor.py:753} INFO - DAG(s) dict_keys(['latest_only_with_trigger']) retrieved from /home/airflow/.local/lib/python3.7/site-packages/airflow/example_dags/example_latest_only_with_trigger.py
[2023-02-16T23:36:47.159+0000] {logging_mixin.py:137} INFO - [2023-02-16T23:36:47.159+0000] {dag.py:2690} INFO - Sync 1 DAGs
[2023-02-16T23:36:47.470+0000] {logging_mixin.py:137} INFO - [2023-02-16T23:36:47.470+0000] {dag.py:3441} INFO - Setting next_dagrun for latest_only_with_trigger to 2023-02-16T19:36:47.465968+00:00, run_after=2023-02-16T23:36:47.465968+00:00
[2023-02-16T23:36:47.640+0000] {processor.py:175} INFO - Processing /home/airflow/.local/lib/python3.7/site-packages/airflow/example_dags/example_latest_only_with_trigger.py took 1.117 seconds
[2023-02-16T23:38:38.758+0000] {processor.py:153} INFO - Started process (PID=737) to work on /home/airflow/.local/lib/python3.7/site-packages/airflow/example_dags/example_latest_only_with_trigger.py
[2023-02-16T23:38:38.770+0000] {processor.py:743} INFO - Processing file /home/airflow/.local/lib/python3.7/site-packages/airflow/example_dags/example_latest_only_with_trigger.py for tasks to queue
[2023-02-16T23:38:38.787+0000] {logging_mixin.py:137} INFO - [2023-02-16T23:38:38.786+0000] {dagbag.py:538} INFO - Filling up the DagBag from /home/airflow/.local/lib/python3.7/site-packages/airflow/example_dags/example_latest_only_with_trigger.py
[2023-02-16T23:38:38.942+0000] {processor.py:753} INFO - DAG(s) dict_keys(['latest_only_with_trigger']) retrieved from /home/airflow/.local/lib/python3.7/site-packages/airflow/example_dags/example_latest_only_with_trigger.py
[2023-02-16T23:38:39.343+0000] {logging_mixin.py:137} INFO - [2023-02-16T23:38:39.342+0000] {dag.py:2690} INFO - Sync 1 DAGs
[2023-02-16T23:38:39.791+0000] {logging_mixin.py:137} INFO - [2023-02-16T23:38:39.791+0000] {dag.py:3441} INFO - Setting next_dagrun for latest_only_with_trigger to 2023-02-16T19:38:39.790834+00:00, run_after=2023-02-16T23:38:39.790834+00:00
[2023-02-16T23:38:39.931+0000] {processor.py:175} INFO - Processing /home/airflow/.local/lib/python3.7/site-packages/airflow/example_dags/example_latest_only_with_trigger.py took 1.222 seconds
[2023-02-16T23:39:22.844+0000] {processor.py:153} INFO - Started process (PID=800) to work on /home/airflow/.local/lib/python3.7/site-packages/airflow/example_dags/example_latest_only_with_trigger.py
[2023-02-16T23:39:22.915+0000] {processor.py:743} INFO - Processing file /home/airflow/.local/lib/python3.7/site-packages/airflow/example_dags/example_latest_only_with_trigger.py for tasks to queue
[2023-02-16T23:39:22.936+0000] {logging_mixin.py:137} INFO - [2023-02-16T23:39:22.930+0000] {dagbag.py:538} INFO - Filling up the DagBag from /home/airflow/.local/lib/python3.7/site-packages/airflow/example_dags/example_latest_only_with_trigger.py
[2023-02-16T23:39:23.411+0000] {processor.py:753} INFO - DAG(s) dict_keys(['latest_only_with_trigger']) retrieved from /home/airflow/.local/lib/python3.7/site-packages/airflow/example_dags/example_latest_only_with_trigger.py
[2023-02-16T23:39:24.724+0000] {logging_mixin.py:137} INFO - [2023-02-16T23:39:24.715+0000] {dag.py:2690} INFO - Sync 1 DAGs
[2023-02-16T23:39:25.853+0000] {logging_mixin.py:137} INFO - [2023-02-16T23:39:25.853+0000] {dag.py:3441} INFO - Setting next_dagrun for latest_only_with_trigger to 2023-02-16T19:39:25.853079+00:00, run_after=2023-02-16T23:39:25.853079+00:00
[2023-02-16T23:39:27.245+0000] {processor.py:175} INFO - Processing /home/airflow/.local/lib/python3.7/site-packages/airflow/example_dags/example_latest_only_with_trigger.py took 4.464 seconds
[2023-02-16T23:40:41.742+0000] {processor.py:153} INFO - Started process (PID=880) to work on /home/airflow/.local/lib/python3.7/site-packages/airflow/example_dags/example_latest_only_with_trigger.py
[2023-02-16T23:40:41.752+0000] {processor.py:743} INFO - Processing file /home/airflow/.local/lib/python3.7/site-packages/airflow/example_dags/example_latest_only_with_trigger.py for tasks to queue
[2023-02-16T23:40:41.765+0000] {logging_mixin.py:137} INFO - [2023-02-16T23:40:41.765+0000] {dagbag.py:538} INFO - Filling up the DagBag from /home/airflow/.local/lib/python3.7/site-packages/airflow/example_dags/example_latest_only_with_trigger.py
[2023-02-16T23:40:41.975+0000] {processor.py:753} INFO - DAG(s) dict_keys(['latest_only_with_trigger']) retrieved from /home/airflow/.local/lib/python3.7/site-packages/airflow/example_dags/example_latest_only_with_trigger.py
[2023-02-16T23:40:42.458+0000] {logging_mixin.py:137} INFO - [2023-02-16T23:40:42.458+0000] {dag.py:2690} INFO - Sync 1 DAGs
[2023-02-16T23:40:42.968+0000] {logging_mixin.py:137} INFO - [2023-02-16T23:40:42.967+0000] {dag.py:3441} INFO - Setting next_dagrun for latest_only_with_trigger to 2023-02-16T19:40:42.967188+00:00, run_after=2023-02-16T23:40:42.967188+00:00
[2023-02-16T23:40:43.239+0000] {processor.py:175} INFO - Processing /home/airflow/.local/lib/python3.7/site-packages/airflow/example_dags/example_latest_only_with_trigger.py took 1.537 seconds
[2023-02-16T23:41:26.377+0000] {processor.py:153} INFO - Started process (PID=942) to work on /home/airflow/.local/lib/python3.7/site-packages/airflow/example_dags/example_latest_only_with_trigger.py
[2023-02-16T23:41:26.389+0000] {processor.py:743} INFO - Processing file /home/airflow/.local/lib/python3.7/site-packages/airflow/example_dags/example_latest_only_with_trigger.py for tasks to queue
[2023-02-16T23:41:26.394+0000] {logging_mixin.py:137} INFO - [2023-02-16T23:41:26.393+0000] {dagbag.py:538} INFO - Filling up the DagBag from /home/airflow/.local/lib/python3.7/site-packages/airflow/example_dags/example_latest_only_with_trigger.py
[2023-02-16T23:41:26.553+0000] {processor.py:753} INFO - DAG(s) dict_keys(['latest_only_with_trigger']) retrieved from /home/airflow/.local/lib/python3.7/site-packages/airflow/example_dags/example_latest_only_with_trigger.py
[2023-02-16T23:41:26.801+0000] {logging_mixin.py:137} INFO - [2023-02-16T23:41:26.801+0000] {dag.py:2690} INFO - Sync 1 DAGs
[2023-02-16T23:41:26.999+0000] {logging_mixin.py:137} INFO - [2023-02-16T23:41:26.995+0000] {dag.py:3441} INFO - Setting next_dagrun for latest_only_with_trigger to 2023-02-16T19:41:26.995042+00:00, run_after=2023-02-16T23:41:26.995042+00:00
[2023-02-16T23:41:27.136+0000] {processor.py:175} INFO - Processing /home/airflow/.local/lib/python3.7/site-packages/airflow/example_dags/example_latest_only_with_trigger.py took 0.786 seconds
[2023-02-16T23:43:01.262+0000] {processor.py:153} INFO - Started process (PID=1040) to work on /home/airflow/.local/lib/python3.7/site-packages/airflow/example_dags/example_latest_only_with_trigger.py
[2023-02-16T23:43:01.309+0000] {processor.py:743} INFO - Processing file /home/airflow/.local/lib/python3.7/site-packages/airflow/example_dags/example_latest_only_with_trigger.py for tasks to queue
[2023-02-16T23:43:01.346+0000] {logging_mixin.py:137} INFO - [2023-02-16T23:43:01.346+0000] {dagbag.py:538} INFO - Filling up the DagBag from /home/airflow/.local/lib/python3.7/site-packages/airflow/example_dags/example_latest_only_with_trigger.py
[2023-02-16T23:43:01.521+0000] {processor.py:753} INFO - DAG(s) dict_keys(['latest_only_with_trigger']) retrieved from /home/airflow/.local/lib/python3.7/site-packages/airflow/example_dags/example_latest_only_with_trigger.py
[2023-02-16T23:43:02.068+0000] {logging_mixin.py:137} INFO - [2023-02-16T23:43:02.068+0000] {dag.py:2690} INFO - Sync 1 DAGs
[2023-02-16T23:43:02.776+0000] {logging_mixin.py:137} INFO - [2023-02-16T23:43:02.776+0000] {dag.py:3441} INFO - Setting next_dagrun for latest_only_with_trigger to 2023-02-16T19:43:02.776055+00:00, run_after=2023-02-16T23:43:02.776055+00:00
[2023-02-16T23:43:02.932+0000] {processor.py:175} INFO - Processing /home/airflow/.local/lib/python3.7/site-packages/airflow/example_dags/example_latest_only_with_trigger.py took 1.721 seconds
[2023-02-16T23:44:02.098+0000] {processor.py:153} INFO - Started process (PID=1117) to work on /home/airflow/.local/lib/python3.7/site-packages/airflow/example_dags/example_latest_only_with_trigger.py
[2023-02-16T23:44:02.115+0000] {processor.py:743} INFO - Processing file /home/airflow/.local/lib/python3.7/site-packages/airflow/example_dags/example_latest_only_with_trigger.py for tasks to queue
[2023-02-16T23:44:02.132+0000] {logging_mixin.py:137} INFO - [2023-02-16T23:44:02.127+0000] {dagbag.py:538} INFO - Filling up the DagBag from /home/airflow/.local/lib/python3.7/site-packages/airflow/example_dags/example_latest_only_with_trigger.py
[2023-02-16T23:44:02.472+0000] {processor.py:753} INFO - DAG(s) dict_keys(['latest_only_with_trigger']) retrieved from /home/airflow/.local/lib/python3.7/site-packages/airflow/example_dags/example_latest_only_with_trigger.py
[2023-02-16T23:44:02.796+0000] {logging_mixin.py:137} INFO - [2023-02-16T23:44:02.796+0000] {dag.py:2690} INFO - Sync 1 DAGs
[2023-02-16T23:44:03.457+0000] {logging_mixin.py:137} INFO - [2023-02-16T23:44:03.425+0000] {dag.py:3441} INFO - Setting next_dagrun for latest_only_with_trigger to 2023-02-16T19:44:03.424472+00:00, run_after=2023-02-16T23:44:03.424472+00:00
[2023-02-16T23:44:03.827+0000] {processor.py:175} INFO - Processing /home/airflow/.local/lib/python3.7/site-packages/airflow/example_dags/example_latest_only_with_trigger.py took 1.754 seconds
[2023-02-16T23:44:45.753+0000] {processor.py:153} INFO - Started process (PID=1176) to work on /home/airflow/.local/lib/python3.7/site-packages/airflow/example_dags/example_latest_only_with_trigger.py
[2023-02-16T23:44:45.902+0000] {processor.py:743} INFO - Processing file /home/airflow/.local/lib/python3.7/site-packages/airflow/example_dags/example_latest_only_with_trigger.py for tasks to queue
[2023-02-16T23:44:46.022+0000] {logging_mixin.py:137} INFO - [2023-02-16T23:44:46.021+0000] {dagbag.py:538} INFO - Filling up the DagBag from /home/airflow/.local/lib/python3.7/site-packages/airflow/example_dags/example_latest_only_with_trigger.py
[2023-02-16T23:44:46.473+0000] {processor.py:753} INFO - DAG(s) dict_keys(['latest_only_with_trigger']) retrieved from /home/airflow/.local/lib/python3.7/site-packages/airflow/example_dags/example_latest_only_with_trigger.py
[2023-02-16T23:44:46.890+0000] {logging_mixin.py:137} INFO - [2023-02-16T23:44:46.890+0000] {dag.py:2690} INFO - Sync 1 DAGs
[2023-02-16T23:44:47.346+0000] {logging_mixin.py:137} INFO - [2023-02-16T23:44:47.325+0000] {dag.py:3441} INFO - Setting next_dagrun for latest_only_with_trigger to 2023-02-16T19:44:47.324530+00:00, run_after=2023-02-16T23:44:47.324530+00:00
[2023-02-16T23:44:47.940+0000] {processor.py:175} INFO - Processing /home/airflow/.local/lib/python3.7/site-packages/airflow/example_dags/example_latest_only_with_trigger.py took 2.380 seconds
[2023-02-16T23:46:11.364+0000] {processor.py:153} INFO - Started process (PID=1257) to work on /home/airflow/.local/lib/python3.7/site-packages/airflow/example_dags/example_latest_only_with_trigger.py
[2023-02-16T23:46:11.374+0000] {processor.py:743} INFO - Processing file /home/airflow/.local/lib/python3.7/site-packages/airflow/example_dags/example_latest_only_with_trigger.py for tasks to queue
[2023-02-16T23:46:11.409+0000] {logging_mixin.py:137} INFO - [2023-02-16T23:46:11.398+0000] {dagbag.py:538} INFO - Filling up the DagBag from /home/airflow/.local/lib/python3.7/site-packages/airflow/example_dags/example_latest_only_with_trigger.py
[2023-02-16T23:46:12.028+0000] {processor.py:753} INFO - DAG(s) dict_keys(['latest_only_with_trigger']) retrieved from /home/airflow/.local/lib/python3.7/site-packages/airflow/example_dags/example_latest_only_with_trigger.py
[2023-02-16T23:46:12.465+0000] {logging_mixin.py:137} INFO - [2023-02-16T23:46:12.464+0000] {dag.py:2690} INFO - Sync 1 DAGs
[2023-02-16T23:46:12.862+0000] {logging_mixin.py:137} INFO - [2023-02-16T23:46:12.861+0000] {dag.py:3441} INFO - Setting next_dagrun for latest_only_with_trigger to 2023-02-16T19:46:12.847237+00:00, run_after=2023-02-16T23:46:12.847237+00:00
[2023-02-16T23:46:13.132+0000] {processor.py:175} INFO - Processing /home/airflow/.local/lib/python3.7/site-packages/airflow/example_dags/example_latest_only_with_trigger.py took 1.953 seconds
[2023-02-16T23:48:31.719+0000] {processor.py:153} INFO - Started process (PID=1377) to work on /home/airflow/.local/lib/python3.7/site-packages/airflow/example_dags/example_latest_only_with_trigger.py
[2023-02-16T23:48:31.752+0000] {processor.py:743} INFO - Processing file /home/airflow/.local/lib/python3.7/site-packages/airflow/example_dags/example_latest_only_with_trigger.py for tasks to queue
[2023-02-16T23:48:31.784+0000] {logging_mixin.py:137} INFO - [2023-02-16T23:48:31.783+0000] {dagbag.py:538} INFO - Filling up the DagBag from /home/airflow/.local/lib/python3.7/site-packages/airflow/example_dags/example_latest_only_with_trigger.py
[2023-02-16T23:48:33.018+0000] {processor.py:753} INFO - DAG(s) dict_keys(['latest_only_with_trigger']) retrieved from /home/airflow/.local/lib/python3.7/site-packages/airflow/example_dags/example_latest_only_with_trigger.py
[2023-02-16T23:48:37.165+0000] {logging_mixin.py:137} INFO - [2023-02-16T23:48:37.164+0000] {dag.py:2690} INFO - Sync 1 DAGs
[2023-02-16T23:48:41.680+0000] {logging_mixin.py:137} INFO - [2023-02-16T23:48:41.673+0000] {dag.py:3441} INFO - Setting next_dagrun for latest_only_with_trigger to 2023-02-16T19:48:41.672366+00:00, run_after=2023-02-16T23:48:41.672366+00:00
[2023-02-16T23:48:44.753+0000] {processor.py:175} INFO - Processing /home/airflow/.local/lib/python3.7/site-packages/airflow/example_dags/example_latest_only_with_trigger.py took 13.448 seconds
[2023-02-16T23:51:28.139+0000] {processor.py:153} INFO - Started process (PID=1516) to work on /home/airflow/.local/lib/python3.7/site-packages/airflow/example_dags/example_latest_only_with_trigger.py
[2023-02-16T23:51:28.185+0000] {processor.py:743} INFO - Processing file /home/airflow/.local/lib/python3.7/site-packages/airflow/example_dags/example_latest_only_with_trigger.py for tasks to queue
[2023-02-16T23:51:28.188+0000] {logging_mixin.py:137} INFO - [2023-02-16T23:51:28.188+0000] {dagbag.py:538} INFO - Filling up the DagBag from /home/airflow/.local/lib/python3.7/site-packages/airflow/example_dags/example_latest_only_with_trigger.py
[2023-02-16T23:51:30.147+0000] {processor.py:753} INFO - DAG(s) dict_keys(['latest_only_with_trigger']) retrieved from /home/airflow/.local/lib/python3.7/site-packages/airflow/example_dags/example_latest_only_with_trigger.py
[2023-02-16T23:51:32.635+0000] {logging_mixin.py:137} INFO - [2023-02-16T23:51:32.632+0000] {dag.py:2690} INFO - Sync 1 DAGs
[2023-02-16T23:51:33.730+0000] {logging_mixin.py:137} INFO - [2023-02-16T23:51:33.698+0000] {dag.py:3441} INFO - Setting next_dagrun for latest_only_with_trigger to 2023-02-16T19:51:33.692668+00:00, run_after=2023-02-16T23:51:33.692668+00:00
[2023-02-16T23:51:34.765+0000] {processor.py:175} INFO - Processing /home/airflow/.local/lib/python3.7/site-packages/airflow/example_dags/example_latest_only_with_trigger.py took 7.409 seconds
[2023-02-16T23:54:39.176+0000] {processor.py:153} INFO - Started process (PID=1662) to work on /home/airflow/.local/lib/python3.7/site-packages/airflow/example_dags/example_latest_only_with_trigger.py
[2023-02-16T23:54:39.182+0000] {processor.py:743} INFO - Processing file /home/airflow/.local/lib/python3.7/site-packages/airflow/example_dags/example_latest_only_with_trigger.py for tasks to queue
[2023-02-16T23:54:39.190+0000] {logging_mixin.py:137} INFO - [2023-02-16T23:54:39.190+0000] {dagbag.py:538} INFO - Filling up the DagBag from /home/airflow/.local/lib/python3.7/site-packages/airflow/example_dags/example_latest_only_with_trigger.py
[2023-02-16T23:54:39.533+0000] {processor.py:753} INFO - DAG(s) dict_keys(['latest_only_with_trigger']) retrieved from /home/airflow/.local/lib/python3.7/site-packages/airflow/example_dags/example_latest_only_with_trigger.py
[2023-02-16T23:54:39.773+0000] {logging_mixin.py:137} INFO - [2023-02-16T23:54:39.773+0000] {dag.py:2690} INFO - Sync 1 DAGs
[2023-02-16T23:54:41.581+0000] {logging_mixin.py:137} INFO - [2023-02-16T23:54:41.581+0000] {dag.py:3441} INFO - Setting next_dagrun for latest_only_with_trigger to 2023-02-16T19:54:41.580588+00:00, run_after=2023-02-16T23:54:41.580588+00:00
[2023-02-16T23:54:41.843+0000] {processor.py:175} INFO - Processing /home/airflow/.local/lib/python3.7/site-packages/airflow/example_dags/example_latest_only_with_trigger.py took 2.717 seconds
[2023-02-16T23:56:08.645+0000] {processor.py:153} INFO - Started process (PID=1757) to work on /home/airflow/.local/lib/python3.7/site-packages/airflow/example_dags/example_latest_only_with_trigger.py
[2023-02-16T23:56:08.659+0000] {processor.py:743} INFO - Processing file /home/airflow/.local/lib/python3.7/site-packages/airflow/example_dags/example_latest_only_with_trigger.py for tasks to queue
[2023-02-16T23:56:08.664+0000] {logging_mixin.py:137} INFO - [2023-02-16T23:56:08.664+0000] {dagbag.py:538} INFO - Filling up the DagBag from /home/airflow/.local/lib/python3.7/site-packages/airflow/example_dags/example_latest_only_with_trigger.py
[2023-02-16T23:56:08.840+0000] {processor.py:753} INFO - DAG(s) dict_keys(['latest_only_with_trigger']) retrieved from /home/airflow/.local/lib/python3.7/site-packages/airflow/example_dags/example_latest_only_with_trigger.py
[2023-02-16T23:56:09.065+0000] {logging_mixin.py:137} INFO - [2023-02-16T23:56:09.065+0000] {dag.py:2690} INFO - Sync 1 DAGs
[2023-02-16T23:56:09.250+0000] {logging_mixin.py:137} INFO - [2023-02-16T23:56:09.246+0000] {dag.py:3441} INFO - Setting next_dagrun for latest_only_with_trigger to 2023-02-16T19:56:09.245391+00:00, run_after=2023-02-16T23:56:09.245391+00:00
[2023-02-16T23:56:09.419+0000] {processor.py:175} INFO - Processing /home/airflow/.local/lib/python3.7/site-packages/airflow/example_dags/example_latest_only_with_trigger.py took 0.879 seconds
[2023-02-16T23:56:48.563+0000] {processor.py:153} INFO - Started process (PID=1820) to work on /home/airflow/.local/lib/python3.7/site-packages/airflow/example_dags/example_latest_only_with_trigger.py
[2023-02-16T23:56:48.593+0000] {processor.py:743} INFO - Processing file /home/airflow/.local/lib/python3.7/site-packages/airflow/example_dags/example_latest_only_with_trigger.py for tasks to queue
[2023-02-16T23:56:48.616+0000] {logging_mixin.py:137} INFO - [2023-02-16T23:56:48.609+0000] {dagbag.py:538} INFO - Filling up the DagBag from /home/airflow/.local/lib/python3.7/site-packages/airflow/example_dags/example_latest_only_with_trigger.py
[2023-02-16T23:56:48.867+0000] {processor.py:753} INFO - DAG(s) dict_keys(['latest_only_with_trigger']) retrieved from /home/airflow/.local/lib/python3.7/site-packages/airflow/example_dags/example_latest_only_with_trigger.py
[2023-02-16T23:56:50.410+0000] {logging_mixin.py:137} INFO - [2023-02-16T23:56:50.385+0000] {dag.py:2690} INFO - Sync 1 DAGs
[2023-02-16T23:56:51.244+0000] {logging_mixin.py:137} INFO - [2023-02-16T23:56:51.243+0000] {dag.py:3441} INFO - Setting next_dagrun for latest_only_with_trigger to 2023-02-16T19:56:51.243118+00:00, run_after=2023-02-16T23:56:51.243118+00:00
[2023-02-16T23:56:51.580+0000] {processor.py:175} INFO - Processing /home/airflow/.local/lib/python3.7/site-packages/airflow/example_dags/example_latest_only_with_trigger.py took 3.130 seconds
[2023-02-16T23:57:30.162+0000] {processor.py:153} INFO - Started process (PID=1885) to work on /home/airflow/.local/lib/python3.7/site-packages/airflow/example_dags/example_latest_only_with_trigger.py
[2023-02-16T23:57:30.172+0000] {processor.py:743} INFO - Processing file /home/airflow/.local/lib/python3.7/site-packages/airflow/example_dags/example_latest_only_with_trigger.py for tasks to queue
[2023-02-16T23:57:30.180+0000] {logging_mixin.py:137} INFO - [2023-02-16T23:57:30.178+0000] {dagbag.py:538} INFO - Filling up the DagBag from /home/airflow/.local/lib/python3.7/site-packages/airflow/example_dags/example_latest_only_with_trigger.py
[2023-02-16T23:57:30.300+0000] {processor.py:753} INFO - DAG(s) dict_keys(['latest_only_with_trigger']) retrieved from /home/airflow/.local/lib/python3.7/site-packages/airflow/example_dags/example_latest_only_with_trigger.py
[2023-02-16T23:57:30.583+0000] {logging_mixin.py:137} INFO - [2023-02-16T23:57:30.582+0000] {dag.py:2690} INFO - Sync 1 DAGs
[2023-02-16T23:57:30.942+0000] {logging_mixin.py:137} INFO - [2023-02-16T23:57:30.942+0000] {dag.py:3441} INFO - Setting next_dagrun for latest_only_with_trigger to 2023-02-16T19:57:30.929934+00:00, run_after=2023-02-16T23:57:30.929934+00:00
[2023-02-16T23:57:31.230+0000] {processor.py:175} INFO - Processing /home/airflow/.local/lib/python3.7/site-packages/airflow/example_dags/example_latest_only_with_trigger.py took 1.077 seconds
[2023-02-16T23:58:02.990+0000] {processor.py:153} INFO - Started process (PID=1941) to work on /home/airflow/.local/lib/python3.7/site-packages/airflow/example_dags/example_latest_only_with_trigger.py
[2023-02-16T23:58:03.003+0000] {processor.py:743} INFO - Processing file /home/airflow/.local/lib/python3.7/site-packages/airflow/example_dags/example_latest_only_with_trigger.py for tasks to queue
[2023-02-16T23:58:03.028+0000] {logging_mixin.py:137} INFO - [2023-02-16T23:58:03.023+0000] {dagbag.py:538} INFO - Filling up the DagBag from /home/airflow/.local/lib/python3.7/site-packages/airflow/example_dags/example_latest_only_with_trigger.py
[2023-02-16T23:58:03.439+0000] {processor.py:753} INFO - DAG(s) dict_keys(['latest_only_with_trigger']) retrieved from /home/airflow/.local/lib/python3.7/site-packages/airflow/example_dags/example_latest_only_with_trigger.py
[2023-02-16T23:58:03.833+0000] {logging_mixin.py:137} INFO - [2023-02-16T23:58:03.831+0000] {dag.py:2690} INFO - Sync 1 DAGs
[2023-02-16T23:58:04.159+0000] {logging_mixin.py:137} INFO - [2023-02-16T23:58:04.159+0000] {dag.py:3441} INFO - Setting next_dagrun for latest_only_with_trigger to 2023-02-16T19:58:04.158550+00:00, run_after=2023-02-16T23:58:04.158550+00:00
[2023-02-16T23:58:04.457+0000] {processor.py:175} INFO - Processing /home/airflow/.local/lib/python3.7/site-packages/airflow/example_dags/example_latest_only_with_trigger.py took 1.524 seconds
[2023-02-16T23:58:36.491+0000] {processor.py:153} INFO - Started process (PID=2005) to work on /home/airflow/.local/lib/python3.7/site-packages/airflow/example_dags/example_latest_only_with_trigger.py
[2023-02-16T23:58:36.499+0000] {processor.py:743} INFO - Processing file /home/airflow/.local/lib/python3.7/site-packages/airflow/example_dags/example_latest_only_with_trigger.py for tasks to queue
[2023-02-16T23:58:36.514+0000] {logging_mixin.py:137} INFO - [2023-02-16T23:58:36.514+0000] {dagbag.py:538} INFO - Filling up the DagBag from /home/airflow/.local/lib/python3.7/site-packages/airflow/example_dags/example_latest_only_with_trigger.py
[2023-02-16T23:58:36.678+0000] {processor.py:753} INFO - DAG(s) dict_keys(['latest_only_with_trigger']) retrieved from /home/airflow/.local/lib/python3.7/site-packages/airflow/example_dags/example_latest_only_with_trigger.py
[2023-02-16T23:58:37.042+0000] {logging_mixin.py:137} INFO - [2023-02-16T23:58:37.041+0000] {dag.py:2690} INFO - Sync 1 DAGs
[2023-02-16T23:58:37.676+0000] {logging_mixin.py:137} INFO - [2023-02-16T23:58:37.675+0000] {dag.py:3441} INFO - Setting next_dagrun for latest_only_with_trigger to 2023-02-16T19:58:37.675276+00:00, run_after=2023-02-16T23:58:37.675276+00:00
[2023-02-16T23:58:37.796+0000] {processor.py:175} INFO - Processing /home/airflow/.local/lib/python3.7/site-packages/airflow/example_dags/example_latest_only_with_trigger.py took 1.518 seconds
[2023-02-16T23:59:42.289+0000] {processor.py:153} INFO - Started process (PID=2083) to work on /home/airflow/.local/lib/python3.7/site-packages/airflow/example_dags/example_latest_only_with_trigger.py
[2023-02-16T23:59:42.299+0000] {processor.py:743} INFO - Processing file /home/airflow/.local/lib/python3.7/site-packages/airflow/example_dags/example_latest_only_with_trigger.py for tasks to queue
[2023-02-16T23:59:42.313+0000] {logging_mixin.py:137} INFO - [2023-02-16T23:59:42.312+0000] {dagbag.py:538} INFO - Filling up the DagBag from /home/airflow/.local/lib/python3.7/site-packages/airflow/example_dags/example_latest_only_with_trigger.py
[2023-02-16T23:59:42.455+0000] {processor.py:753} INFO - DAG(s) dict_keys(['latest_only_with_trigger']) retrieved from /home/airflow/.local/lib/python3.7/site-packages/airflow/example_dags/example_latest_only_with_trigger.py
[2023-02-16T23:59:42.710+0000] {logging_mixin.py:137} INFO - [2023-02-16T23:59:42.709+0000] {dag.py:2690} INFO - Sync 1 DAGs
[2023-02-16T23:59:42.847+0000] {logging_mixin.py:137} INFO - [2023-02-16T23:59:42.847+0000] {dag.py:3441} INFO - Setting next_dagrun for latest_only_with_trigger to 2023-02-16T19:59:42.846713+00:00, run_after=2023-02-16T23:59:42.846713+00:00
[2023-02-16T23:59:42.971+0000] {processor.py:175} INFO - Processing /home/airflow/.local/lib/python3.7/site-packages/airflow/example_dags/example_latest_only_with_trigger.py took 0.709 seconds
