[2023-02-16T22:57:14.853+0000] {processor.py:153} INFO - Started process (PID=194) to work on /home/airflow/.local/lib/python3.7/site-packages/airflow/example_dags/example_xcom.py
[2023-02-16T22:57:14.882+0000] {processor.py:743} INFO - Processing file /home/airflow/.local/lib/python3.7/site-packages/airflow/example_dags/example_xcom.py for tasks to queue
[2023-02-16T22:57:14.932+0000] {logging_mixin.py:137} INFO - [2023-02-16T22:57:14.916+0000] {dagbag.py:538} INFO - Filling up the DagBag from /home/airflow/.local/lib/python3.7/site-packages/airflow/example_dags/example_xcom.py
[2023-02-16T22:57:16.782+0000] {processor.py:753} INFO - DAG(s) dict_keys(['example_xcom']) retrieved from /home/airflow/.local/lib/python3.7/site-packages/airflow/example_dags/example_xcom.py
[2023-02-16T22:57:18.009+0000] {logging_mixin.py:137} INFO - [2023-02-16T22:57:18.002+0000] {dag.py:2690} INFO - Sync 1 DAGs
[2023-02-16T22:57:18.882+0000] {logging_mixin.py:137} INFO - [2023-02-16T22:57:18.877+0000] {dag.py:3441} INFO - Setting next_dagrun for example_xcom to 2021-01-01T00:00:00+00:00, run_after=2021-01-01T00:00:00+00:00
[2023-02-16T22:57:19.445+0000] {processor.py:175} INFO - Processing /home/airflow/.local/lib/python3.7/site-packages/airflow/example_dags/example_xcom.py took 4.878 seconds
[2023-02-16T22:59:03.942+0000] {processor.py:153} INFO - Started process (PID=285) to work on /home/airflow/.local/lib/python3.7/site-packages/airflow/example_dags/example_xcom.py
[2023-02-16T22:59:03.954+0000] {processor.py:743} INFO - Processing file /home/airflow/.local/lib/python3.7/site-packages/airflow/example_dags/example_xcom.py for tasks to queue
[2023-02-16T22:59:03.957+0000] {logging_mixin.py:137} INFO - [2023-02-16T22:59:03.957+0000] {dagbag.py:538} INFO - Filling up the DagBag from /home/airflow/.local/lib/python3.7/site-packages/airflow/example_dags/example_xcom.py
[2023-02-16T22:59:04.229+0000] {processor.py:753} INFO - DAG(s) dict_keys(['example_xcom']) retrieved from /home/airflow/.local/lib/python3.7/site-packages/airflow/example_dags/example_xcom.py
[2023-02-16T22:59:04.502+0000] {logging_mixin.py:137} INFO - [2023-02-16T22:59:04.502+0000] {dag.py:2690} INFO - Sync 1 DAGs
[2023-02-16T22:59:04.880+0000] {logging_mixin.py:137} INFO - [2023-02-16T22:59:04.879+0000] {dag.py:3441} INFO - Setting next_dagrun for example_xcom to 2021-01-01T00:00:00+00:00, run_after=2021-01-01T00:00:00+00:00
[2023-02-16T22:59:05.012+0000] {processor.py:175} INFO - Processing /home/airflow/.local/lib/python3.7/site-packages/airflow/example_dags/example_xcom.py took 1.090 seconds
[2023-02-16T23:02:11.489+0000] {processor.py:153} INFO - Started process (PID=438) to work on /home/airflow/.local/lib/python3.7/site-packages/airflow/example_dags/example_xcom.py
[2023-02-16T23:02:11.511+0000] {processor.py:743} INFO - Processing file /home/airflow/.local/lib/python3.7/site-packages/airflow/example_dags/example_xcom.py for tasks to queue
[2023-02-16T23:02:11.531+0000] {logging_mixin.py:137} INFO - [2023-02-16T23:02:11.520+0000] {dagbag.py:538} INFO - Filling up the DagBag from /home/airflow/.local/lib/python3.7/site-packages/airflow/example_dags/example_xcom.py
[2023-02-16T23:02:11.762+0000] {processor.py:753} INFO - DAG(s) dict_keys(['example_xcom']) retrieved from /home/airflow/.local/lib/python3.7/site-packages/airflow/example_dags/example_xcom.py
[2023-02-16T23:02:12.214+0000] {logging_mixin.py:137} INFO - [2023-02-16T23:02:12.214+0000] {dag.py:2690} INFO - Sync 1 DAGs
[2023-02-16T23:02:12.699+0000] {logging_mixin.py:137} INFO - [2023-02-16T23:02:12.698+0000] {dag.py:3441} INFO - Setting next_dagrun for example_xcom to 2021-01-01T00:00:00+00:00, run_after=2021-01-01T00:00:00+00:00
[2023-02-16T23:02:13.047+0000] {processor.py:175} INFO - Processing /home/airflow/.local/lib/python3.7/site-packages/airflow/example_dags/example_xcom.py took 1.564 seconds
