[2023-02-16T22:54:53.984+0000] {processor.py:153} INFO - Started process (PID=117) to work on /home/airflow/.local/lib/python3.7/site-packages/airflow/example_dags/example_branch_python_dop_operator_3.py
[2023-02-16T22:54:54.043+0000] {processor.py:743} INFO - Processing file /home/airflow/.local/lib/python3.7/site-packages/airflow/example_dags/example_branch_python_dop_operator_3.py for tasks to queue
[2023-02-16T22:54:54.066+0000] {logging_mixin.py:137} INFO - [2023-02-16T22:54:54.065+0000] {dagbag.py:538} INFO - Filling up the DagBag from /home/airflow/.local/lib/python3.7/site-packages/airflow/example_dags/example_branch_python_dop_operator_3.py
[2023-02-16T22:54:57.332+0000] {processor.py:753} INFO - DAG(s) dict_keys(['example_branch_dop_operator_v3']) retrieved from /home/airflow/.local/lib/python3.7/site-packages/airflow/example_dags/example_branch_python_dop_operator_3.py
[2023-02-16T22:54:58.971+0000] {logging_mixin.py:137} INFO - [2023-02-16T22:54:58.970+0000] {dag.py:2690} INFO - Sync 1 DAGs
[2023-02-16T22:55:01.575+0000] {logging_mixin.py:137} INFO - [2023-02-16T22:55:01.558+0000] {dag.py:3441} INFO - Setting next_dagrun for example_branch_dop_operator_v3 to 2023-02-16T22:54:00+00:00, run_after=2023-02-16T22:55:00+00:00
[2023-02-16T22:55:03.703+0000] {processor.py:175} INFO - Processing /home/airflow/.local/lib/python3.7/site-packages/airflow/example_dags/example_branch_python_dop_operator_3.py took 9.949 seconds
[2023-02-16T22:58:50.736+0000] {processor.py:153} INFO - Started process (PID=263) to work on /home/airflow/.local/lib/python3.7/site-packages/airflow/example_dags/example_branch_python_dop_operator_3.py
[2023-02-16T22:58:50.776+0000] {processor.py:743} INFO - Processing file /home/airflow/.local/lib/python3.7/site-packages/airflow/example_dags/example_branch_python_dop_operator_3.py for tasks to queue
[2023-02-16T22:58:50.781+0000] {logging_mixin.py:137} INFO - [2023-02-16T22:58:50.780+0000] {dagbag.py:538} INFO - Filling up the DagBag from /home/airflow/.local/lib/python3.7/site-packages/airflow/example_dags/example_branch_python_dop_operator_3.py
[2023-02-16T22:58:51.477+0000] {processor.py:753} INFO - DAG(s) dict_keys(['example_branch_dop_operator_v3']) retrieved from /home/airflow/.local/lib/python3.7/site-packages/airflow/example_dags/example_branch_python_dop_operator_3.py
[2023-02-16T22:58:52.176+0000] {logging_mixin.py:137} INFO - [2023-02-16T22:58:52.176+0000] {dag.py:2690} INFO - Sync 1 DAGs
[2023-02-16T22:58:52.818+0000] {logging_mixin.py:137} INFO - [2023-02-16T22:58:52.801+0000] {dag.py:3441} INFO - Setting next_dagrun for example_branch_dop_operator_v3 to 2023-02-16T22:57:00+00:00, run_after=2023-02-16T22:58:00+00:00
[2023-02-16T22:58:53.342+0000] {processor.py:175} INFO - Processing /home/airflow/.local/lib/python3.7/site-packages/airflow/example_dags/example_branch_python_dop_operator_3.py took 2.661 seconds
[2023-02-16T22:59:23.810+0000] {processor.py:153} INFO - Started process (PID=316) to work on /home/airflow/.local/lib/python3.7/site-packages/airflow/example_dags/example_branch_python_dop_operator_3.py
[2023-02-16T22:59:23.822+0000] {processor.py:743} INFO - Processing file /home/airflow/.local/lib/python3.7/site-packages/airflow/example_dags/example_branch_python_dop_operator_3.py for tasks to queue
[2023-02-16T22:59:23.825+0000] {logging_mixin.py:137} INFO - [2023-02-16T22:59:23.824+0000] {dagbag.py:538} INFO - Filling up the DagBag from /home/airflow/.local/lib/python3.7/site-packages/airflow/example_dags/example_branch_python_dop_operator_3.py
[2023-02-16T22:59:24.159+0000] {processor.py:753} INFO - DAG(s) dict_keys(['example_branch_dop_operator_v3']) retrieved from /home/airflow/.local/lib/python3.7/site-packages/airflow/example_dags/example_branch_python_dop_operator_3.py
[2023-02-16T22:59:24.349+0000] {logging_mixin.py:137} INFO - [2023-02-16T22:59:24.349+0000] {dag.py:2690} INFO - Sync 1 DAGs
[2023-02-16T22:59:24.645+0000] {logging_mixin.py:137} INFO - [2023-02-16T22:59:24.644+0000] {dag.py:3441} INFO - Setting next_dagrun for example_branch_dop_operator_v3 to 2023-02-16T22:58:00+00:00, run_after=2023-02-16T22:59:00+00:00
[2023-02-16T22:59:25.458+0000] {processor.py:175} INFO - Processing /home/airflow/.local/lib/python3.7/site-packages/airflow/example_dags/example_branch_python_dop_operator_3.py took 1.663 seconds
[2023-02-16T23:01:54.594+0000] {processor.py:153} INFO - Started process (PID=415) to work on /home/airflow/.local/lib/python3.7/site-packages/airflow/example_dags/example_branch_python_dop_operator_3.py
[2023-02-16T23:01:54.611+0000] {processor.py:743} INFO - Processing file /home/airflow/.local/lib/python3.7/site-packages/airflow/example_dags/example_branch_python_dop_operator_3.py for tasks to queue
[2023-02-16T23:01:54.631+0000] {logging_mixin.py:137} INFO - [2023-02-16T23:01:54.631+0000] {dagbag.py:538} INFO - Filling up the DagBag from /home/airflow/.local/lib/python3.7/site-packages/airflow/example_dags/example_branch_python_dop_operator_3.py
[2023-02-16T23:01:55.276+0000] {processor.py:753} INFO - DAG(s) dict_keys(['example_branch_dop_operator_v3']) retrieved from /home/airflow/.local/lib/python3.7/site-packages/airflow/example_dags/example_branch_python_dop_operator_3.py
[2023-02-16T23:01:56.892+0000] {logging_mixin.py:137} INFO - [2023-02-16T23:01:56.886+0000] {dag.py:2690} INFO - Sync 1 DAGs
[2023-02-16T23:01:58.194+0000] {logging_mixin.py:137} INFO - [2023-02-16T23:01:58.194+0000] {dag.py:3441} INFO - Setting next_dagrun for example_branch_dop_operator_v3 to 2023-02-16T23:00:00+00:00, run_after=2023-02-16T23:01:00+00:00
[2023-02-16T23:01:58.570+0000] {processor.py:175} INFO - Processing /home/airflow/.local/lib/python3.7/site-packages/airflow/example_dags/example_branch_python_dop_operator_3.py took 4.052 seconds
[2023-02-16T23:02:36.618+0000] {processor.py:153} INFO - Started process (PID=477) to work on /home/airflow/.local/lib/python3.7/site-packages/airflow/example_dags/example_branch_python_dop_operator_3.py
[2023-02-16T23:02:36.633+0000] {processor.py:743} INFO - Processing file /home/airflow/.local/lib/python3.7/site-packages/airflow/example_dags/example_branch_python_dop_operator_3.py for tasks to queue
[2023-02-16T23:02:36.637+0000] {logging_mixin.py:137} INFO - [2023-02-16T23:02:36.636+0000] {dagbag.py:538} INFO - Filling up the DagBag from /home/airflow/.local/lib/python3.7/site-packages/airflow/example_dags/example_branch_python_dop_operator_3.py
[2023-02-16T23:02:37.330+0000] {processor.py:753} INFO - DAG(s) dict_keys(['example_branch_dop_operator_v3']) retrieved from /home/airflow/.local/lib/python3.7/site-packages/airflow/example_dags/example_branch_python_dop_operator_3.py
[2023-02-16T23:02:37.895+0000] {logging_mixin.py:137} INFO - [2023-02-16T23:02:37.895+0000] {dag.py:2690} INFO - Sync 1 DAGs
[2023-02-16T23:02:38.451+0000] {logging_mixin.py:137} INFO - [2023-02-16T23:02:38.450+0000] {dag.py:3441} INFO - Setting next_dagrun for example_branch_dop_operator_v3 to 2023-02-16T23:01:00+00:00, run_after=2023-02-16T23:02:00+00:00
[2023-02-16T23:02:39.177+0000] {processor.py:175} INFO - Processing /home/airflow/.local/lib/python3.7/site-packages/airflow/example_dags/example_branch_python_dop_operator_3.py took 2.583 seconds
