[2023-02-16T22:54:29.145+0000] {processor.py:153} INFO - Started process (PID=99) to work on /home/airflow/.local/lib/python3.7/site-packages/airflow/example_dags/example_sensors.py
[2023-02-16T22:54:29.178+0000] {processor.py:743} INFO - Processing file /home/airflow/.local/lib/python3.7/site-packages/airflow/example_dags/example_sensors.py for tasks to queue
[2023-02-16T22:54:29.252+0000] {logging_mixin.py:137} INFO - [2023-02-16T22:54:29.251+0000] {dagbag.py:538} INFO - Filling up the DagBag from /home/airflow/.local/lib/python3.7/site-packages/airflow/example_dags/example_sensors.py
[2023-02-16T22:54:30.012+0000] {processor.py:753} INFO - DAG(s) dict_keys(['example_sensors']) retrieved from /home/airflow/.local/lib/python3.7/site-packages/airflow/example_dags/example_sensors.py
[2023-02-16T22:54:34.838+0000] {logging_mixin.py:137} INFO - [2023-02-16T22:54:34.838+0000] {dag.py:2690} INFO - Sync 1 DAGs
[2023-02-16T22:54:36.715+0000] {logging_mixin.py:137} INFO - [2023-02-16T22:54:36.715+0000] {dag.py:3441} INFO - Setting next_dagrun for example_sensors to None, run_after=None
[2023-02-16T22:54:37.567+0000] {processor.py:175} INFO - Processing /home/airflow/.local/lib/python3.7/site-packages/airflow/example_dags/example_sensors.py took 8.534 seconds
[2023-02-16T22:58:37.817+0000] {processor.py:153} INFO - Started process (PID=245) to work on /home/airflow/.local/lib/python3.7/site-packages/airflow/example_dags/example_sensors.py
[2023-02-16T22:58:37.843+0000] {processor.py:743} INFO - Processing file /home/airflow/.local/lib/python3.7/site-packages/airflow/example_dags/example_sensors.py for tasks to queue
[2023-02-16T22:58:37.882+0000] {logging_mixin.py:137} INFO - [2023-02-16T22:58:37.882+0000] {dagbag.py:538} INFO - Filling up the DagBag from /home/airflow/.local/lib/python3.7/site-packages/airflow/example_dags/example_sensors.py
[2023-02-16T22:58:38.314+0000] {processor.py:753} INFO - DAG(s) dict_keys(['example_sensors']) retrieved from /home/airflow/.local/lib/python3.7/site-packages/airflow/example_dags/example_sensors.py
[2023-02-16T22:58:39.091+0000] {logging_mixin.py:137} INFO - [2023-02-16T22:58:39.090+0000] {dag.py:2690} INFO - Sync 1 DAGs
[2023-02-16T22:58:39.774+0000] {logging_mixin.py:137} INFO - [2023-02-16T22:58:39.774+0000] {dag.py:3441} INFO - Setting next_dagrun for example_sensors to None, run_after=None
[2023-02-16T22:58:40.683+0000] {processor.py:175} INFO - Processing /home/airflow/.local/lib/python3.7/site-packages/airflow/example_dags/example_sensors.py took 2.941 seconds
[2023-02-16T22:59:18.404+0000] {processor.py:153} INFO - Started process (PID=309) to work on /home/airflow/.local/lib/python3.7/site-packages/airflow/example_dags/example_sensors.py
[2023-02-16T22:59:18.411+0000] {processor.py:743} INFO - Processing file /home/airflow/.local/lib/python3.7/site-packages/airflow/example_dags/example_sensors.py for tasks to queue
[2023-02-16T22:59:18.418+0000] {logging_mixin.py:137} INFO - [2023-02-16T22:59:18.417+0000] {dagbag.py:538} INFO - Filling up the DagBag from /home/airflow/.local/lib/python3.7/site-packages/airflow/example_dags/example_sensors.py
[2023-02-16T22:59:18.669+0000] {processor.py:753} INFO - DAG(s) dict_keys(['example_sensors']) retrieved from /home/airflow/.local/lib/python3.7/site-packages/airflow/example_dags/example_sensors.py
[2023-02-16T22:59:19.035+0000] {logging_mixin.py:137} INFO - [2023-02-16T22:59:19.035+0000] {dag.py:2690} INFO - Sync 1 DAGs
[2023-02-16T22:59:19.188+0000] {logging_mixin.py:137} INFO - [2023-02-16T22:59:19.188+0000] {dag.py:3441} INFO - Setting next_dagrun for example_sensors to None, run_after=None
[2023-02-16T22:59:19.305+0000] {processor.py:175} INFO - Processing /home/airflow/.local/lib/python3.7/site-packages/airflow/example_dags/example_sensors.py took 0.930 seconds
[2023-02-16T23:01:39.252+0000] {processor.py:153} INFO - Started process (PID=398) to work on /home/airflow/.local/lib/python3.7/site-packages/airflow/example_dags/example_sensors.py
[2023-02-16T23:01:39.347+0000] {processor.py:743} INFO - Processing file /home/airflow/.local/lib/python3.7/site-packages/airflow/example_dags/example_sensors.py for tasks to queue
[2023-02-16T23:01:39.424+0000] {logging_mixin.py:137} INFO - [2023-02-16T23:01:39.424+0000] {dagbag.py:538} INFO - Filling up the DagBag from /home/airflow/.local/lib/python3.7/site-packages/airflow/example_dags/example_sensors.py
[2023-02-16T23:01:41.436+0000] {processor.py:753} INFO - DAG(s) dict_keys(['example_sensors']) retrieved from /home/airflow/.local/lib/python3.7/site-packages/airflow/example_dags/example_sensors.py
[2023-02-16T23:01:42.622+0000] {logging_mixin.py:137} INFO - [2023-02-16T23:01:42.621+0000] {dag.py:2690} INFO - Sync 1 DAGs
[2023-02-16T23:01:44.109+0000] {logging_mixin.py:137} INFO - [2023-02-16T23:01:44.087+0000] {dag.py:3441} INFO - Setting next_dagrun for example_sensors to None, run_after=None
[2023-02-16T23:01:45.037+0000] {processor.py:175} INFO - Processing /home/airflow/.local/lib/python3.7/site-packages/airflow/example_dags/example_sensors.py took 6.075 seconds
[2023-02-16T23:02:27.546+0000] {processor.py:153} INFO - Started process (PID=456) to work on /home/airflow/.local/lib/python3.7/site-packages/airflow/example_dags/example_sensors.py
[2023-02-16T23:02:27.555+0000] {processor.py:743} INFO - Processing file /home/airflow/.local/lib/python3.7/site-packages/airflow/example_dags/example_sensors.py for tasks to queue
[2023-02-16T23:02:27.575+0000] {logging_mixin.py:137} INFO - [2023-02-16T23:02:27.575+0000] {dagbag.py:538} INFO - Filling up the DagBag from /home/airflow/.local/lib/python3.7/site-packages/airflow/example_dags/example_sensors.py
[2023-02-16T23:02:27.716+0000] {processor.py:753} INFO - DAG(s) dict_keys(['example_sensors']) retrieved from /home/airflow/.local/lib/python3.7/site-packages/airflow/example_dags/example_sensors.py
[2023-02-16T23:02:28.125+0000] {logging_mixin.py:137} INFO - [2023-02-16T23:02:28.124+0000] {dag.py:2690} INFO - Sync 1 DAGs
[2023-02-16T23:02:28.292+0000] {logging_mixin.py:137} INFO - [2023-02-16T23:02:28.292+0000] {dag.py:3441} INFO - Setting next_dagrun for example_sensors to None, run_after=None
[2023-02-16T23:02:28.378+0000] {processor.py:175} INFO - Processing /home/airflow/.local/lib/python3.7/site-packages/airflow/example_dags/example_sensors.py took 0.861 seconds
[2023-02-16T23:27:41.937+0000] {processor.py:153} INFO - Started process (PID=115) to work on /home/airflow/.local/lib/python3.7/site-packages/airflow/example_dags/example_sensors.py
[2023-02-16T23:27:41.961+0000] {processor.py:743} INFO - Processing file /home/airflow/.local/lib/python3.7/site-packages/airflow/example_dags/example_sensors.py for tasks to queue
[2023-02-16T23:27:41.988+0000] {logging_mixin.py:137} INFO - [2023-02-16T23:27:41.987+0000] {dagbag.py:538} INFO - Filling up the DagBag from /home/airflow/.local/lib/python3.7/site-packages/airflow/example_dags/example_sensors.py
[2023-02-16T23:27:43.211+0000] {processor.py:753} INFO - DAG(s) dict_keys(['example_sensors']) retrieved from /home/airflow/.local/lib/python3.7/site-packages/airflow/example_dags/example_sensors.py
[2023-02-16T23:27:47.594+0000] {logging_mixin.py:137} INFO - [2023-02-16T23:27:47.593+0000] {manager.py:504} INFO - Created Permission View: can edit on DAG:example_sensors
[2023-02-16T23:27:47.775+0000] {logging_mixin.py:137} INFO - [2023-02-16T23:27:47.773+0000] {manager.py:504} INFO - Created Permission View: can delete on DAG:example_sensors
[2023-02-16T23:27:48.067+0000] {logging_mixin.py:137} INFO - [2023-02-16T23:27:48.067+0000] {manager.py:504} INFO - Created Permission View: can read on DAG:example_sensors
[2023-02-16T23:27:48.073+0000] {logging_mixin.py:137} INFO - [2023-02-16T23:27:48.073+0000] {dag.py:2690} INFO - Sync 1 DAGs
[2023-02-16T23:27:48.700+0000] {logging_mixin.py:137} INFO - [2023-02-16T23:27:48.700+0000] {dag.py:2711} INFO - Creating ORM DAG for example_sensors
[2023-02-16T23:27:49.077+0000] {logging_mixin.py:137} INFO - [2023-02-16T23:27:49.072+0000] {dag.py:3441} INFO - Setting next_dagrun for example_sensors to None, run_after=None
[2023-02-16T23:27:49.415+0000] {processor.py:175} INFO - Processing /home/airflow/.local/lib/python3.7/site-packages/airflow/example_dags/example_sensors.py took 7.577 seconds
[2023-02-16T23:30:28.154+0000] {processor.py:153} INFO - Started process (PID=225) to work on /home/airflow/.local/lib/python3.7/site-packages/airflow/example_dags/example_sensors.py
[2023-02-16T23:30:28.469+0000] {processor.py:743} INFO - Processing file /home/airflow/.local/lib/python3.7/site-packages/airflow/example_dags/example_sensors.py for tasks to queue
[2023-02-16T23:30:28.619+0000] {logging_mixin.py:137} INFO - [2023-02-16T23:30:28.619+0000] {dagbag.py:538} INFO - Filling up the DagBag from /home/airflow/.local/lib/python3.7/site-packages/airflow/example_dags/example_sensors.py
[2023-02-16T23:30:30.963+0000] {processor.py:753} INFO - DAG(s) dict_keys(['example_sensors']) retrieved from /home/airflow/.local/lib/python3.7/site-packages/airflow/example_dags/example_sensors.py
[2023-02-16T23:30:32.412+0000] {logging_mixin.py:137} INFO - [2023-02-16T23:30:32.396+0000] {dag.py:2690} INFO - Sync 1 DAGs
[2023-02-16T23:30:33.575+0000] {logging_mixin.py:137} INFO - [2023-02-16T23:30:33.574+0000] {dag.py:3441} INFO - Setting next_dagrun for example_sensors to None, run_after=None
[2023-02-16T23:30:33.784+0000] {processor.py:175} INFO - Processing /home/airflow/.local/lib/python3.7/site-packages/airflow/example_dags/example_sensors.py took 6.389 seconds
[2023-02-16T23:31:28.215+0000] {processor.py:153} INFO - Started process (PID=294) to work on /home/airflow/.local/lib/python3.7/site-packages/airflow/example_dags/example_sensors.py
[2023-02-16T23:31:28.241+0000] {processor.py:743} INFO - Processing file /home/airflow/.local/lib/python3.7/site-packages/airflow/example_dags/example_sensors.py for tasks to queue
[2023-02-16T23:31:28.292+0000] {logging_mixin.py:137} INFO - [2023-02-16T23:31:28.260+0000] {dagbag.py:538} INFO - Filling up the DagBag from /home/airflow/.local/lib/python3.7/site-packages/airflow/example_dags/example_sensors.py
[2023-02-16T23:31:28.839+0000] {processor.py:753} INFO - DAG(s) dict_keys(['example_sensors']) retrieved from /home/airflow/.local/lib/python3.7/site-packages/airflow/example_dags/example_sensors.py
[2023-02-16T23:31:30.171+0000] {logging_mixin.py:137} INFO - [2023-02-16T23:31:30.171+0000] {dag.py:2690} INFO - Sync 1 DAGs
[2023-02-16T23:31:31.461+0000] {logging_mixin.py:137} INFO - [2023-02-16T23:31:31.461+0000] {dag.py:3441} INFO - Setting next_dagrun for example_sensors to None, run_after=None
[2023-02-16T23:31:32.148+0000] {processor.py:175} INFO - Processing /home/airflow/.local/lib/python3.7/site-packages/airflow/example_dags/example_sensors.py took 4.071 seconds
[2023-02-16T23:33:12.445+0000] {processor.py:153} INFO - Started process (PID=361) to work on /home/airflow/.local/lib/python3.7/site-packages/airflow/example_dags/example_sensors.py
[2023-02-16T23:33:12.536+0000] {processor.py:743} INFO - Processing file /home/airflow/.local/lib/python3.7/site-packages/airflow/example_dags/example_sensors.py for tasks to queue
[2023-02-16T23:33:12.569+0000] {logging_mixin.py:137} INFO - [2023-02-16T23:33:12.568+0000] {dagbag.py:538} INFO - Filling up the DagBag from /home/airflow/.local/lib/python3.7/site-packages/airflow/example_dags/example_sensors.py
[2023-02-16T23:33:13.552+0000] {processor.py:753} INFO - DAG(s) dict_keys(['example_sensors']) retrieved from /home/airflow/.local/lib/python3.7/site-packages/airflow/example_dags/example_sensors.py
[2023-02-16T23:33:15.174+0000] {logging_mixin.py:137} INFO - [2023-02-16T23:33:15.173+0000] {dag.py:2690} INFO - Sync 1 DAGs
[2023-02-16T23:33:18.093+0000] {logging_mixin.py:137} INFO - [2023-02-16T23:33:18.088+0000] {dag.py:3441} INFO - Setting next_dagrun for example_sensors to None, run_after=None
[2023-02-16T23:33:18.814+0000] {processor.py:175} INFO - Processing /home/airflow/.local/lib/python3.7/site-packages/airflow/example_dags/example_sensors.py took 6.574 seconds
[2023-02-16T23:34:13.735+0000] {processor.py:153} INFO - Started process (PID=421) to work on /home/airflow/.local/lib/python3.7/site-packages/airflow/example_dags/example_sensors.py
[2023-02-16T23:34:13.778+0000] {processor.py:743} INFO - Processing file /home/airflow/.local/lib/python3.7/site-packages/airflow/example_dags/example_sensors.py for tasks to queue
[2023-02-16T23:34:13.796+0000] {logging_mixin.py:137} INFO - [2023-02-16T23:34:13.792+0000] {dagbag.py:538} INFO - Filling up the DagBag from /home/airflow/.local/lib/python3.7/site-packages/airflow/example_dags/example_sensors.py
[2023-02-16T23:34:14.441+0000] {processor.py:753} INFO - DAG(s) dict_keys(['example_sensors']) retrieved from /home/airflow/.local/lib/python3.7/site-packages/airflow/example_dags/example_sensors.py
[2023-02-16T23:34:15.034+0000] {logging_mixin.py:137} INFO - [2023-02-16T23:34:15.034+0000] {dag.py:2690} INFO - Sync 1 DAGs
[2023-02-16T23:34:16.596+0000] {logging_mixin.py:137} INFO - [2023-02-16T23:34:16.595+0000] {dag.py:3441} INFO - Setting next_dagrun for example_sensors to None, run_after=None
[2023-02-16T23:34:17.272+0000] {processor.py:175} INFO - Processing /home/airflow/.local/lib/python3.7/site-packages/airflow/example_dags/example_sensors.py took 3.642 seconds
[2023-02-16T23:35:00.501+0000] {processor.py:153} INFO - Started process (PID=487) to work on /home/airflow/.local/lib/python3.7/site-packages/airflow/example_dags/example_sensors.py
[2023-02-16T23:35:00.512+0000] {processor.py:743} INFO - Processing file /home/airflow/.local/lib/python3.7/site-packages/airflow/example_dags/example_sensors.py for tasks to queue
[2023-02-16T23:35:00.559+0000] {logging_mixin.py:137} INFO - [2023-02-16T23:35:00.559+0000] {dagbag.py:538} INFO - Filling up the DagBag from /home/airflow/.local/lib/python3.7/site-packages/airflow/example_dags/example_sensors.py
[2023-02-16T23:35:01.138+0000] {processor.py:753} INFO - DAG(s) dict_keys(['example_sensors']) retrieved from /home/airflow/.local/lib/python3.7/site-packages/airflow/example_dags/example_sensors.py
[2023-02-16T23:35:01.356+0000] {logging_mixin.py:137} INFO - [2023-02-16T23:35:01.356+0000] {dag.py:2690} INFO - Sync 1 DAGs
[2023-02-16T23:35:01.657+0000] {logging_mixin.py:137} INFO - [2023-02-16T23:35:01.652+0000] {dag.py:3441} INFO - Setting next_dagrun for example_sensors to None, run_after=None
[2023-02-16T23:35:02.100+0000] {processor.py:175} INFO - Processing /home/airflow/.local/lib/python3.7/site-packages/airflow/example_dags/example_sensors.py took 1.658 seconds
[2023-02-16T23:35:39.334+0000] {processor.py:153} INFO - Started process (PID=540) to work on /home/airflow/.local/lib/python3.7/site-packages/airflow/example_dags/example_sensors.py
[2023-02-16T23:35:39.340+0000] {processor.py:743} INFO - Processing file /home/airflow/.local/lib/python3.7/site-packages/airflow/example_dags/example_sensors.py for tasks to queue
[2023-02-16T23:35:39.355+0000] {logging_mixin.py:137} INFO - [2023-02-16T23:35:39.355+0000] {dagbag.py:538} INFO - Filling up the DagBag from /home/airflow/.local/lib/python3.7/site-packages/airflow/example_dags/example_sensors.py
[2023-02-16T23:35:40.693+0000] {processor.py:753} INFO - DAG(s) dict_keys(['example_sensors']) retrieved from /home/airflow/.local/lib/python3.7/site-packages/airflow/example_dags/example_sensors.py
[2023-02-16T23:35:41.382+0000] {logging_mixin.py:137} INFO - [2023-02-16T23:35:41.381+0000] {dag.py:2690} INFO - Sync 1 DAGs
[2023-02-16T23:35:41.463+0000] {logging_mixin.py:137} INFO - [2023-02-16T23:35:41.462+0000] {dag.py:3441} INFO - Setting next_dagrun for example_sensors to None, run_after=None
[2023-02-16T23:35:41.517+0000] {processor.py:175} INFO - Processing /home/airflow/.local/lib/python3.7/site-packages/airflow/example_dags/example_sensors.py took 2.278 seconds
[2023-02-16T23:36:37.951+0000] {processor.py:153} INFO - Started process (PID=605) to work on /home/airflow/.local/lib/python3.7/site-packages/airflow/example_dags/example_sensors.py
[2023-02-16T23:36:37.982+0000] {processor.py:743} INFO - Processing file /home/airflow/.local/lib/python3.7/site-packages/airflow/example_dags/example_sensors.py for tasks to queue
[2023-02-16T23:36:37.998+0000] {logging_mixin.py:137} INFO - [2023-02-16T23:36:37.995+0000] {dagbag.py:538} INFO - Filling up the DagBag from /home/airflow/.local/lib/python3.7/site-packages/airflow/example_dags/example_sensors.py
[2023-02-16T23:36:38.249+0000] {processor.py:753} INFO - DAG(s) dict_keys(['example_sensors']) retrieved from /home/airflow/.local/lib/python3.7/site-packages/airflow/example_dags/example_sensors.py
[2023-02-16T23:36:38.502+0000] {logging_mixin.py:137} INFO - [2023-02-16T23:36:38.502+0000] {dag.py:2690} INFO - Sync 1 DAGs
[2023-02-16T23:36:38.923+0000] {logging_mixin.py:137} INFO - [2023-02-16T23:36:38.923+0000] {dag.py:3441} INFO - Setting next_dagrun for example_sensors to None, run_after=None
[2023-02-16T23:36:39.261+0000] {processor.py:175} INFO - Processing /home/airflow/.local/lib/python3.7/site-packages/airflow/example_dags/example_sensors.py took 1.395 seconds
[2023-02-16T23:37:18.451+0000] {processor.py:153} INFO - Started process (PID=665) to work on /home/airflow/.local/lib/python3.7/site-packages/airflow/example_dags/example_sensors.py
[2023-02-16T23:37:18.470+0000] {processor.py:743} INFO - Processing file /home/airflow/.local/lib/python3.7/site-packages/airflow/example_dags/example_sensors.py for tasks to queue
[2023-02-16T23:37:18.480+0000] {logging_mixin.py:137} INFO - [2023-02-16T23:37:18.479+0000] {dagbag.py:538} INFO - Filling up the DagBag from /home/airflow/.local/lib/python3.7/site-packages/airflow/example_dags/example_sensors.py
[2023-02-16T23:37:18.797+0000] {processor.py:753} INFO - DAG(s) dict_keys(['example_sensors']) retrieved from /home/airflow/.local/lib/python3.7/site-packages/airflow/example_dags/example_sensors.py
[2023-02-16T23:37:19.159+0000] {logging_mixin.py:137} INFO - [2023-02-16T23:37:19.159+0000] {dag.py:2690} INFO - Sync 1 DAGs
[2023-02-16T23:37:19.519+0000] {logging_mixin.py:137} INFO - [2023-02-16T23:37:19.518+0000] {dag.py:3441} INFO - Setting next_dagrun for example_sensors to None, run_after=None
[2023-02-16T23:37:19.843+0000] {processor.py:175} INFO - Processing /home/airflow/.local/lib/python3.7/site-packages/airflow/example_dags/example_sensors.py took 1.424 seconds
[2023-02-16T23:38:47.275+0000] {processor.py:153} INFO - Started process (PID=749) to work on /home/airflow/.local/lib/python3.7/site-packages/airflow/example_dags/example_sensors.py
[2023-02-16T23:38:47.313+0000] {processor.py:743} INFO - Processing file /home/airflow/.local/lib/python3.7/site-packages/airflow/example_dags/example_sensors.py for tasks to queue
[2023-02-16T23:38:47.337+0000] {logging_mixin.py:137} INFO - [2023-02-16T23:38:47.327+0000] {dagbag.py:538} INFO - Filling up the DagBag from /home/airflow/.local/lib/python3.7/site-packages/airflow/example_dags/example_sensors.py
[2023-02-16T23:38:47.570+0000] {processor.py:753} INFO - DAG(s) dict_keys(['example_sensors']) retrieved from /home/airflow/.local/lib/python3.7/site-packages/airflow/example_dags/example_sensors.py
[2023-02-16T23:38:47.826+0000] {logging_mixin.py:137} INFO - [2023-02-16T23:38:47.826+0000] {dag.py:2690} INFO - Sync 1 DAGs
[2023-02-16T23:38:48.190+0000] {logging_mixin.py:137} INFO - [2023-02-16T23:38:48.189+0000] {dag.py:3441} INFO - Setting next_dagrun for example_sensors to None, run_after=None
[2023-02-16T23:38:48.498+0000] {processor.py:175} INFO - Processing /home/airflow/.local/lib/python3.7/site-packages/airflow/example_dags/example_sensors.py took 1.269 seconds
[2023-02-16T23:39:37.844+0000] {processor.py:153} INFO - Started process (PID=815) to work on /home/airflow/.local/lib/python3.7/site-packages/airflow/example_dags/example_sensors.py
[2023-02-16T23:39:37.870+0000] {processor.py:743} INFO - Processing file /home/airflow/.local/lib/python3.7/site-packages/airflow/example_dags/example_sensors.py for tasks to queue
[2023-02-16T23:39:37.895+0000] {logging_mixin.py:137} INFO - [2023-02-16T23:39:37.876+0000] {dagbag.py:538} INFO - Filling up the DagBag from /home/airflow/.local/lib/python3.7/site-packages/airflow/example_dags/example_sensors.py
[2023-02-16T23:39:38.460+0000] {processor.py:753} INFO - DAG(s) dict_keys(['example_sensors']) retrieved from /home/airflow/.local/lib/python3.7/site-packages/airflow/example_dags/example_sensors.py
[2023-02-16T23:39:38.881+0000] {logging_mixin.py:137} INFO - [2023-02-16T23:39:38.881+0000] {dag.py:2690} INFO - Sync 1 DAGs
[2023-02-16T23:39:39.164+0000] {logging_mixin.py:137} INFO - [2023-02-16T23:39:39.164+0000] {dag.py:3441} INFO - Setting next_dagrun for example_sensors to None, run_after=None
[2023-02-16T23:39:39.406+0000] {processor.py:175} INFO - Processing /home/airflow/.local/lib/python3.7/site-packages/airflow/example_dags/example_sensors.py took 1.639 seconds
[2023-02-16T23:40:44.917+0000] {processor.py:153} INFO - Started process (PID=884) to work on /home/airflow/.local/lib/python3.7/site-packages/airflow/example_dags/example_sensors.py
[2023-02-16T23:40:44.951+0000] {processor.py:743} INFO - Processing file /home/airflow/.local/lib/python3.7/site-packages/airflow/example_dags/example_sensors.py for tasks to queue
[2023-02-16T23:40:44.968+0000] {logging_mixin.py:137} INFO - [2023-02-16T23:40:44.967+0000] {dagbag.py:538} INFO - Filling up the DagBag from /home/airflow/.local/lib/python3.7/site-packages/airflow/example_dags/example_sensors.py
[2023-02-16T23:40:45.973+0000] {processor.py:753} INFO - DAG(s) dict_keys(['example_sensors']) retrieved from /home/airflow/.local/lib/python3.7/site-packages/airflow/example_dags/example_sensors.py
[2023-02-16T23:40:46.634+0000] {logging_mixin.py:137} INFO - [2023-02-16T23:40:46.633+0000] {dag.py:2690} INFO - Sync 1 DAGs
[2023-02-16T23:40:47.120+0000] {logging_mixin.py:137} INFO - [2023-02-16T23:40:47.119+0000] {dag.py:3441} INFO - Setting next_dagrun for example_sensors to None, run_after=None
[2023-02-16T23:40:47.624+0000] {processor.py:175} INFO - Processing /home/airflow/.local/lib/python3.7/site-packages/airflow/example_dags/example_sensors.py took 2.854 seconds
[2023-02-16T23:41:26.986+0000] {processor.py:153} INFO - Started process (PID=943) to work on /home/airflow/.local/lib/python3.7/site-packages/airflow/example_dags/example_sensors.py
[2023-02-16T23:41:26.996+0000] {processor.py:743} INFO - Processing file /home/airflow/.local/lib/python3.7/site-packages/airflow/example_dags/example_sensors.py for tasks to queue
[2023-02-16T23:41:27.002+0000] {logging_mixin.py:137} INFO - [2023-02-16T23:41:27.002+0000] {dagbag.py:538} INFO - Filling up the DagBag from /home/airflow/.local/lib/python3.7/site-packages/airflow/example_dags/example_sensors.py
[2023-02-16T23:41:27.206+0000] {processor.py:753} INFO - DAG(s) dict_keys(['example_sensors']) retrieved from /home/airflow/.local/lib/python3.7/site-packages/airflow/example_dags/example_sensors.py
[2023-02-16T23:41:27.532+0000] {logging_mixin.py:137} INFO - [2023-02-16T23:41:27.531+0000] {dag.py:2690} INFO - Sync 1 DAGs
[2023-02-16T23:41:27.745+0000] {logging_mixin.py:137} INFO - [2023-02-16T23:41:27.744+0000] {dag.py:3441} INFO - Setting next_dagrun for example_sensors to None, run_after=None
[2023-02-16T23:41:27.953+0000] {processor.py:175} INFO - Processing /home/airflow/.local/lib/python3.7/site-packages/airflow/example_dags/example_sensors.py took 1.007 seconds
[2023-02-16T23:42:36.943+0000] {processor.py:153} INFO - Started process (PID=1014) to work on /home/airflow/.local/lib/python3.7/site-packages/airflow/example_dags/example_sensors.py
[2023-02-16T23:42:37.015+0000] {processor.py:743} INFO - Processing file /home/airflow/.local/lib/python3.7/site-packages/airflow/example_dags/example_sensors.py for tasks to queue
[2023-02-16T23:42:37.050+0000] {logging_mixin.py:137} INFO - [2023-02-16T23:42:37.050+0000] {dagbag.py:538} INFO - Filling up the DagBag from /home/airflow/.local/lib/python3.7/site-packages/airflow/example_dags/example_sensors.py
[2023-02-16T23:42:37.859+0000] {processor.py:753} INFO - DAG(s) dict_keys(['example_sensors']) retrieved from /home/airflow/.local/lib/python3.7/site-packages/airflow/example_dags/example_sensors.py
[2023-02-16T23:42:38.909+0000] {logging_mixin.py:137} INFO - [2023-02-16T23:42:38.908+0000] {dag.py:2690} INFO - Sync 1 DAGs
[2023-02-16T23:42:39.353+0000] {logging_mixin.py:137} INFO - [2023-02-16T23:42:39.353+0000] {dag.py:3441} INFO - Setting next_dagrun for example_sensors to None, run_after=None
[2023-02-16T23:42:39.640+0000] {processor.py:175} INFO - Processing /home/airflow/.local/lib/python3.7/site-packages/airflow/example_dags/example_sensors.py took 2.795 seconds
[2023-02-16T23:43:23.733+0000] {processor.py:153} INFO - Started process (PID=1070) to work on /home/airflow/.local/lib/python3.7/site-packages/airflow/example_dags/example_sensors.py
[2023-02-16T23:43:23.744+0000] {processor.py:743} INFO - Processing file /home/airflow/.local/lib/python3.7/site-packages/airflow/example_dags/example_sensors.py for tasks to queue
[2023-02-16T23:43:23.756+0000] {logging_mixin.py:137} INFO - [2023-02-16T23:43:23.755+0000] {dagbag.py:538} INFO - Filling up the DagBag from /home/airflow/.local/lib/python3.7/site-packages/airflow/example_dags/example_sensors.py
[2023-02-16T23:43:24.001+0000] {processor.py:753} INFO - DAG(s) dict_keys(['example_sensors']) retrieved from /home/airflow/.local/lib/python3.7/site-packages/airflow/example_dags/example_sensors.py
[2023-02-16T23:43:24.416+0000] {logging_mixin.py:137} INFO - [2023-02-16T23:43:24.416+0000] {dag.py:2690} INFO - Sync 1 DAGs
[2023-02-16T23:43:24.818+0000] {logging_mixin.py:137} INFO - [2023-02-16T23:43:24.818+0000] {dag.py:3441} INFO - Setting next_dagrun for example_sensors to None, run_after=None
[2023-02-16T23:43:24.909+0000] {processor.py:175} INFO - Processing /home/airflow/.local/lib/python3.7/site-packages/airflow/example_dags/example_sensors.py took 1.196 seconds
[2023-02-16T23:44:04.253+0000] {processor.py:153} INFO - Started process (PID=1119) to work on /home/airflow/.local/lib/python3.7/site-packages/airflow/example_dags/example_sensors.py
[2023-02-16T23:44:04.261+0000] {processor.py:743} INFO - Processing file /home/airflow/.local/lib/python3.7/site-packages/airflow/example_dags/example_sensors.py for tasks to queue
[2023-02-16T23:44:04.294+0000] {logging_mixin.py:137} INFO - [2023-02-16T23:44:04.294+0000] {dagbag.py:538} INFO - Filling up the DagBag from /home/airflow/.local/lib/python3.7/site-packages/airflow/example_dags/example_sensors.py
[2023-02-16T23:44:04.698+0000] {processor.py:753} INFO - DAG(s) dict_keys(['example_sensors']) retrieved from /home/airflow/.local/lib/python3.7/site-packages/airflow/example_dags/example_sensors.py
[2023-02-16T23:44:05.380+0000] {logging_mixin.py:137} INFO - [2023-02-16T23:44:05.380+0000] {dag.py:2690} INFO - Sync 1 DAGs
[2023-02-16T23:44:06.123+0000] {logging_mixin.py:137} INFO - [2023-02-16T23:44:06.122+0000] {dag.py:3441} INFO - Setting next_dagrun for example_sensors to None, run_after=None
[2023-02-16T23:44:06.353+0000] {processor.py:175} INFO - Processing /home/airflow/.local/lib/python3.7/site-packages/airflow/example_dags/example_sensors.py took 2.128 seconds
[2023-02-16T23:44:48.507+0000] {processor.py:153} INFO - Started process (PID=1178) to work on /home/airflow/.local/lib/python3.7/site-packages/airflow/example_dags/example_sensors.py
[2023-02-16T23:44:48.554+0000] {processor.py:743} INFO - Processing file /home/airflow/.local/lib/python3.7/site-packages/airflow/example_dags/example_sensors.py for tasks to queue
[2023-02-16T23:44:48.565+0000] {logging_mixin.py:137} INFO - [2023-02-16T23:44:48.563+0000] {dagbag.py:538} INFO - Filling up the DagBag from /home/airflow/.local/lib/python3.7/site-packages/airflow/example_dags/example_sensors.py
[2023-02-16T23:44:48.879+0000] {processor.py:753} INFO - DAG(s) dict_keys(['example_sensors']) retrieved from /home/airflow/.local/lib/python3.7/site-packages/airflow/example_dags/example_sensors.py
[2023-02-16T23:44:49.926+0000] {logging_mixin.py:137} INFO - [2023-02-16T23:44:49.924+0000] {dag.py:2690} INFO - Sync 1 DAGs
[2023-02-16T23:44:51.406+0000] {logging_mixin.py:137} INFO - [2023-02-16T23:44:51.406+0000] {dag.py:3441} INFO - Setting next_dagrun for example_sensors to None, run_after=None
[2023-02-16T23:44:51.796+0000] {processor.py:175} INFO - Processing /home/airflow/.local/lib/python3.7/site-packages/airflow/example_dags/example_sensors.py took 3.361 seconds
[2023-02-16T23:45:39.671+0000] {processor.py:153} INFO - Started process (PID=1231) to work on /home/airflow/.local/lib/python3.7/site-packages/airflow/example_dags/example_sensors.py
[2023-02-16T23:45:39.705+0000] {processor.py:743} INFO - Processing file /home/airflow/.local/lib/python3.7/site-packages/airflow/example_dags/example_sensors.py for tasks to queue
[2023-02-16T23:45:39.720+0000] {logging_mixin.py:137} INFO - [2023-02-16T23:45:39.718+0000] {dagbag.py:538} INFO - Filling up the DagBag from /home/airflow/.local/lib/python3.7/site-packages/airflow/example_dags/example_sensors.py
[2023-02-16T23:45:39.970+0000] {processor.py:753} INFO - DAG(s) dict_keys(['example_sensors']) retrieved from /home/airflow/.local/lib/python3.7/site-packages/airflow/example_dags/example_sensors.py
[2023-02-16T23:45:40.342+0000] {logging_mixin.py:137} INFO - [2023-02-16T23:45:40.341+0000] {dag.py:2690} INFO - Sync 1 DAGs
[2023-02-16T23:45:40.561+0000] {logging_mixin.py:137} INFO - [2023-02-16T23:45:40.561+0000] {dag.py:3441} INFO - Setting next_dagrun for example_sensors to None, run_after=None
[2023-02-16T23:45:40.882+0000] {processor.py:175} INFO - Processing /home/airflow/.local/lib/python3.7/site-packages/airflow/example_dags/example_sensors.py took 1.232 seconds
[2023-02-16T23:46:28.184+0000] {processor.py:153} INFO - Started process (PID=1276) to work on /home/airflow/.local/lib/python3.7/site-packages/airflow/example_dags/example_sensors.py
[2023-02-16T23:46:28.199+0000] {processor.py:743} INFO - Processing file /home/airflow/.local/lib/python3.7/site-packages/airflow/example_dags/example_sensors.py for tasks to queue
[2023-02-16T23:46:28.226+0000] {logging_mixin.py:137} INFO - [2023-02-16T23:46:28.226+0000] {dagbag.py:538} INFO - Filling up the DagBag from /home/airflow/.local/lib/python3.7/site-packages/airflow/example_dags/example_sensors.py
[2023-02-16T23:46:28.667+0000] {processor.py:753} INFO - DAG(s) dict_keys(['example_sensors']) retrieved from /home/airflow/.local/lib/python3.7/site-packages/airflow/example_dags/example_sensors.py
[2023-02-16T23:46:29.138+0000] {logging_mixin.py:137} INFO - [2023-02-16T23:46:29.138+0000] {dag.py:2690} INFO - Sync 1 DAGs
[2023-02-16T23:46:29.571+0000] {logging_mixin.py:137} INFO - [2023-02-16T23:46:29.571+0000] {dag.py:3441} INFO - Setting next_dagrun for example_sensors to None, run_after=None
[2023-02-16T23:46:29.845+0000] {processor.py:175} INFO - Processing /home/airflow/.local/lib/python3.7/site-packages/airflow/example_dags/example_sensors.py took 1.744 seconds
[2023-02-16T23:47:38.246+0000] {processor.py:153} INFO - Started process (PID=1332) to work on /home/airflow/.local/lib/python3.7/site-packages/airflow/example_dags/example_sensors.py
[2023-02-16T23:47:38.267+0000] {processor.py:743} INFO - Processing file /home/airflow/.local/lib/python3.7/site-packages/airflow/example_dags/example_sensors.py for tasks to queue
[2023-02-16T23:47:38.277+0000] {logging_mixin.py:137} INFO - [2023-02-16T23:47:38.277+0000] {dagbag.py:538} INFO - Filling up the DagBag from /home/airflow/.local/lib/python3.7/site-packages/airflow/example_dags/example_sensors.py
[2023-02-16T23:47:38.800+0000] {processor.py:753} INFO - DAG(s) dict_keys(['example_sensors']) retrieved from /home/airflow/.local/lib/python3.7/site-packages/airflow/example_dags/example_sensors.py
[2023-02-16T23:47:39.423+0000] {logging_mixin.py:137} INFO - [2023-02-16T23:47:39.422+0000] {dag.py:2690} INFO - Sync 1 DAGs
[2023-02-16T23:47:39.841+0000] {logging_mixin.py:137} INFO - [2023-02-16T23:47:39.841+0000] {dag.py:3441} INFO - Setting next_dagrun for example_sensors to None, run_after=None
[2023-02-16T23:47:40.315+0000] {processor.py:175} INFO - Processing /home/airflow/.local/lib/python3.7/site-packages/airflow/example_dags/example_sensors.py took 2.192 seconds
[2023-02-16T23:49:23.766+0000] {processor.py:153} INFO - Started process (PID=1412) to work on /home/airflow/.local/lib/python3.7/site-packages/airflow/example_dags/example_sensors.py
[2023-02-16T23:49:23.808+0000] {processor.py:743} INFO - Processing file /home/airflow/.local/lib/python3.7/site-packages/airflow/example_dags/example_sensors.py for tasks to queue
[2023-02-16T23:49:23.817+0000] {logging_mixin.py:137} INFO - [2023-02-16T23:49:23.816+0000] {dagbag.py:538} INFO - Filling up the DagBag from /home/airflow/.local/lib/python3.7/site-packages/airflow/example_dags/example_sensors.py
[2023-02-16T23:49:24.611+0000] {processor.py:753} INFO - DAG(s) dict_keys(['example_sensors']) retrieved from /home/airflow/.local/lib/python3.7/site-packages/airflow/example_dags/example_sensors.py
[2023-02-16T23:49:25.464+0000] {logging_mixin.py:137} INFO - [2023-02-16T23:49:25.464+0000] {dag.py:2690} INFO - Sync 1 DAGs
[2023-02-16T23:49:28.251+0000] {logging_mixin.py:137} INFO - [2023-02-16T23:49:28.228+0000] {dag.py:3441} INFO - Setting next_dagrun for example_sensors to None, run_after=None
[2023-02-16T23:49:31.504+0000] {processor.py:175} INFO - Processing /home/airflow/.local/lib/python3.7/site-packages/airflow/example_dags/example_sensors.py took 7.825 seconds
[2023-02-16T23:50:52.384+0000] {processor.py:153} INFO - Started process (PID=1487) to work on /home/airflow/.local/lib/python3.7/site-packages/airflow/example_dags/example_sensors.py
[2023-02-16T23:50:52.411+0000] {processor.py:743} INFO - Processing file /home/airflow/.local/lib/python3.7/site-packages/airflow/example_dags/example_sensors.py for tasks to queue
[2023-02-16T23:50:52.415+0000] {logging_mixin.py:137} INFO - [2023-02-16T23:50:52.415+0000] {dagbag.py:538} INFO - Filling up the DagBag from /home/airflow/.local/lib/python3.7/site-packages/airflow/example_dags/example_sensors.py
[2023-02-16T23:50:53.074+0000] {processor.py:753} INFO - DAG(s) dict_keys(['example_sensors']) retrieved from /home/airflow/.local/lib/python3.7/site-packages/airflow/example_dags/example_sensors.py
[2023-02-16T23:50:53.934+0000] {logging_mixin.py:137} INFO - [2023-02-16T23:50:53.933+0000] {dag.py:2690} INFO - Sync 1 DAGs
[2023-02-16T23:50:54.616+0000] {logging_mixin.py:137} INFO - [2023-02-16T23:50:54.615+0000] {dag.py:3441} INFO - Setting next_dagrun for example_sensors to None, run_after=None
[2023-02-16T23:50:55.069+0000] {processor.py:175} INFO - Processing /home/airflow/.local/lib/python3.7/site-packages/airflow/example_dags/example_sensors.py took 2.757 seconds
[2023-02-16T23:51:56.584+0000] {processor.py:153} INFO - Started process (PID=1537) to work on /home/airflow/.local/lib/python3.7/site-packages/airflow/example_dags/example_sensors.py
[2023-02-16T23:51:56.695+0000] {processor.py:743} INFO - Processing file /home/airflow/.local/lib/python3.7/site-packages/airflow/example_dags/example_sensors.py for tasks to queue
[2023-02-16T23:51:56.734+0000] {logging_mixin.py:137} INFO - [2023-02-16T23:51:56.733+0000] {dagbag.py:538} INFO - Filling up the DagBag from /home/airflow/.local/lib/python3.7/site-packages/airflow/example_dags/example_sensors.py
[2023-02-16T23:51:58.718+0000] {processor.py:753} INFO - DAG(s) dict_keys(['example_sensors']) retrieved from /home/airflow/.local/lib/python3.7/site-packages/airflow/example_dags/example_sensors.py
[2023-02-16T23:51:59.929+0000] {logging_mixin.py:137} INFO - [2023-02-16T23:51:59.928+0000] {dag.py:2690} INFO - Sync 1 DAGs
[2023-02-16T23:52:00.880+0000] {logging_mixin.py:137} INFO - [2023-02-16T23:52:00.879+0000] {dag.py:3441} INFO - Setting next_dagrun for example_sensors to None, run_after=None
[2023-02-16T23:52:02.155+0000] {processor.py:175} INFO - Processing /home/airflow/.local/lib/python3.7/site-packages/airflow/example_dags/example_sensors.py took 5.670 seconds
[2023-02-16T23:54:02.811+0000] {processor.py:153} INFO - Started process (PID=1630) to work on /home/airflow/.local/lib/python3.7/site-packages/airflow/example_dags/example_sensors.py
[2023-02-16T23:54:02.849+0000] {processor.py:743} INFO - Processing file /home/airflow/.local/lib/python3.7/site-packages/airflow/example_dags/example_sensors.py for tasks to queue
[2023-02-16T23:54:02.871+0000] {logging_mixin.py:137} INFO - [2023-02-16T23:54:02.854+0000] {dagbag.py:538} INFO - Filling up the DagBag from /home/airflow/.local/lib/python3.7/site-packages/airflow/example_dags/example_sensors.py
[2023-02-16T23:54:03.511+0000] {processor.py:753} INFO - DAG(s) dict_keys(['example_sensors']) retrieved from /home/airflow/.local/lib/python3.7/site-packages/airflow/example_dags/example_sensors.py
[2023-02-16T23:54:04.826+0000] {logging_mixin.py:137} INFO - [2023-02-16T23:54:04.825+0000] {dag.py:2690} INFO - Sync 1 DAGs
[2023-02-16T23:54:05.800+0000] {logging_mixin.py:137} INFO - [2023-02-16T23:54:05.798+0000] {dag.py:3441} INFO - Setting next_dagrun for example_sensors to None, run_after=None
[2023-02-16T23:54:06.418+0000] {processor.py:175} INFO - Processing /home/airflow/.local/lib/python3.7/site-packages/airflow/example_dags/example_sensors.py took 3.716 seconds
[2023-02-16T23:54:58.254+0000] {processor.py:153} INFO - Started process (PID=1682) to work on /home/airflow/.local/lib/python3.7/site-packages/airflow/example_dags/example_sensors.py
[2023-02-16T23:54:58.272+0000] {processor.py:743} INFO - Processing file /home/airflow/.local/lib/python3.7/site-packages/airflow/example_dags/example_sensors.py for tasks to queue
[2023-02-16T23:54:58.296+0000] {logging_mixin.py:137} INFO - [2023-02-16T23:54:58.285+0000] {dagbag.py:538} INFO - Filling up the DagBag from /home/airflow/.local/lib/python3.7/site-packages/airflow/example_dags/example_sensors.py
[2023-02-16T23:54:59.089+0000] {processor.py:753} INFO - DAG(s) dict_keys(['example_sensors']) retrieved from /home/airflow/.local/lib/python3.7/site-packages/airflow/example_dags/example_sensors.py
[2023-02-16T23:54:59.606+0000] {logging_mixin.py:137} INFO - [2023-02-16T23:54:59.606+0000] {dag.py:2690} INFO - Sync 1 DAGs
[2023-02-16T23:55:00.100+0000] {logging_mixin.py:137} INFO - [2023-02-16T23:55:00.100+0000] {dag.py:3441} INFO - Setting next_dagrun for example_sensors to None, run_after=None
[2023-02-16T23:55:00.934+0000] {processor.py:175} INFO - Processing /home/airflow/.local/lib/python3.7/site-packages/airflow/example_dags/example_sensors.py took 2.765 seconds
[2023-02-16T23:55:57.122+0000] {processor.py:153} INFO - Started process (PID=1731) to work on /home/airflow/.local/lib/python3.7/site-packages/airflow/example_dags/example_sensors.py
[2023-02-16T23:55:57.146+0000] {processor.py:743} INFO - Processing file /home/airflow/.local/lib/python3.7/site-packages/airflow/example_dags/example_sensors.py for tasks to queue
[2023-02-16T23:55:57.153+0000] {logging_mixin.py:137} INFO - [2023-02-16T23:55:57.152+0000] {dagbag.py:538} INFO - Filling up the DagBag from /home/airflow/.local/lib/python3.7/site-packages/airflow/example_dags/example_sensors.py
[2023-02-16T23:55:57.428+0000] {processor.py:753} INFO - DAG(s) dict_keys(['example_sensors']) retrieved from /home/airflow/.local/lib/python3.7/site-packages/airflow/example_dags/example_sensors.py
[2023-02-16T23:55:57.797+0000] {logging_mixin.py:137} INFO - [2023-02-16T23:55:57.797+0000] {dag.py:2690} INFO - Sync 1 DAGs
[2023-02-16T23:55:58.461+0000] {logging_mixin.py:137} INFO - [2023-02-16T23:55:58.361+0000] {dag.py:3441} INFO - Setting next_dagrun for example_sensors to None, run_after=None
[2023-02-16T23:55:58.833+0000] {processor.py:175} INFO - Processing /home/airflow/.local/lib/python3.7/site-packages/airflow/example_dags/example_sensors.py took 1.755 seconds
[2023-02-16T23:56:29.297+0000] {processor.py:153} INFO - Started process (PID=1789) to work on /home/airflow/.local/lib/python3.7/site-packages/airflow/example_dags/example_sensors.py
[2023-02-16T23:56:29.318+0000] {processor.py:743} INFO - Processing file /home/airflow/.local/lib/python3.7/site-packages/airflow/example_dags/example_sensors.py for tasks to queue
[2023-02-16T23:56:29.333+0000] {logging_mixin.py:137} INFO - [2023-02-16T23:56:29.331+0000] {dagbag.py:538} INFO - Filling up the DagBag from /home/airflow/.local/lib/python3.7/site-packages/airflow/example_dags/example_sensors.py
[2023-02-16T23:56:29.462+0000] {processor.py:753} INFO - DAG(s) dict_keys(['example_sensors']) retrieved from /home/airflow/.local/lib/python3.7/site-packages/airflow/example_dags/example_sensors.py
[2023-02-16T23:56:29.609+0000] {logging_mixin.py:137} INFO - [2023-02-16T23:56:29.608+0000] {dag.py:2690} INFO - Sync 1 DAGs
[2023-02-16T23:56:29.729+0000] {logging_mixin.py:137} INFO - [2023-02-16T23:56:29.729+0000] {dag.py:3441} INFO - Setting next_dagrun for example_sensors to None, run_after=None
[2023-02-16T23:56:29.810+0000] {processor.py:175} INFO - Processing /home/airflow/.local/lib/python3.7/site-packages/airflow/example_dags/example_sensors.py took 0.518 seconds
[2023-02-16T23:57:07.784+0000] {processor.py:153} INFO - Started process (PID=1849) to work on /home/airflow/.local/lib/python3.7/site-packages/airflow/example_dags/example_sensors.py
[2023-02-16T23:57:07.800+0000] {processor.py:743} INFO - Processing file /home/airflow/.local/lib/python3.7/site-packages/airflow/example_dags/example_sensors.py for tasks to queue
[2023-02-16T23:57:07.819+0000] {logging_mixin.py:137} INFO - [2023-02-16T23:57:07.819+0000] {dagbag.py:538} INFO - Filling up the DagBag from /home/airflow/.local/lib/python3.7/site-packages/airflow/example_dags/example_sensors.py
[2023-02-16T23:57:08.060+0000] {processor.py:753} INFO - DAG(s) dict_keys(['example_sensors']) retrieved from /home/airflow/.local/lib/python3.7/site-packages/airflow/example_dags/example_sensors.py
[2023-02-16T23:57:08.727+0000] {logging_mixin.py:137} INFO - [2023-02-16T23:57:08.727+0000] {dag.py:2690} INFO - Sync 1 DAGs
[2023-02-16T23:57:09.231+0000] {logging_mixin.py:137} INFO - [2023-02-16T23:57:09.231+0000] {dag.py:3441} INFO - Setting next_dagrun for example_sensors to None, run_after=None
[2023-02-16T23:57:09.359+0000] {processor.py:175} INFO - Processing /home/airflow/.local/lib/python3.7/site-packages/airflow/example_dags/example_sensors.py took 1.609 seconds
[2023-02-16T23:57:43.200+0000] {processor.py:153} INFO - Started process (PID=1907) to work on /home/airflow/.local/lib/python3.7/site-packages/airflow/example_dags/example_sensors.py
[2023-02-16T23:57:43.266+0000] {processor.py:743} INFO - Processing file /home/airflow/.local/lib/python3.7/site-packages/airflow/example_dags/example_sensors.py for tasks to queue
[2023-02-16T23:57:43.331+0000] {logging_mixin.py:137} INFO - [2023-02-16T23:57:43.331+0000] {dagbag.py:538} INFO - Filling up the DagBag from /home/airflow/.local/lib/python3.7/site-packages/airflow/example_dags/example_sensors.py
[2023-02-16T23:57:43.742+0000] {processor.py:753} INFO - DAG(s) dict_keys(['example_sensors']) retrieved from /home/airflow/.local/lib/python3.7/site-packages/airflow/example_dags/example_sensors.py
[2023-02-16T23:57:44.378+0000] {logging_mixin.py:137} INFO - [2023-02-16T23:57:44.378+0000] {dag.py:2690} INFO - Sync 1 DAGs
[2023-02-16T23:57:45.288+0000] {logging_mixin.py:137} INFO - [2023-02-16T23:57:45.288+0000] {dag.py:3441} INFO - Setting next_dagrun for example_sensors to None, run_after=None
[2023-02-16T23:57:45.492+0000] {processor.py:175} INFO - Processing /home/airflow/.local/lib/python3.7/site-packages/airflow/example_dags/example_sensors.py took 2.336 seconds
[2023-02-16T23:58:20.567+0000] {processor.py:153} INFO - Started process (PID=1971) to work on /home/airflow/.local/lib/python3.7/site-packages/airflow/example_dags/example_sensors.py
[2023-02-16T23:58:20.581+0000] {processor.py:743} INFO - Processing file /home/airflow/.local/lib/python3.7/site-packages/airflow/example_dags/example_sensors.py for tasks to queue
[2023-02-16T23:58:20.589+0000] {logging_mixin.py:137} INFO - [2023-02-16T23:58:20.588+0000] {dagbag.py:538} INFO - Filling up the DagBag from /home/airflow/.local/lib/python3.7/site-packages/airflow/example_dags/example_sensors.py
[2023-02-16T23:58:20.737+0000] {processor.py:753} INFO - DAG(s) dict_keys(['example_sensors']) retrieved from /home/airflow/.local/lib/python3.7/site-packages/airflow/example_dags/example_sensors.py
[2023-02-16T23:58:20.993+0000] {logging_mixin.py:137} INFO - [2023-02-16T23:58:20.990+0000] {dag.py:2690} INFO - Sync 1 DAGs
[2023-02-16T23:58:21.139+0000] {logging_mixin.py:137} INFO - [2023-02-16T23:58:21.139+0000] {dag.py:3441} INFO - Setting next_dagrun for example_sensors to None, run_after=None
[2023-02-16T23:58:21.252+0000] {processor.py:175} INFO - Processing /home/airflow/.local/lib/python3.7/site-packages/airflow/example_dags/example_sensors.py took 0.706 seconds
[2023-02-16T23:58:58.540+0000] {processor.py:153} INFO - Started process (PID=2038) to work on /home/airflow/.local/lib/python3.7/site-packages/airflow/example_dags/example_sensors.py
[2023-02-16T23:58:58.680+0000] {processor.py:743} INFO - Processing file /home/airflow/.local/lib/python3.7/site-packages/airflow/example_dags/example_sensors.py for tasks to queue
[2023-02-16T23:58:58.703+0000] {logging_mixin.py:137} INFO - [2023-02-16T23:58:58.703+0000] {dagbag.py:538} INFO - Filling up the DagBag from /home/airflow/.local/lib/python3.7/site-packages/airflow/example_dags/example_sensors.py
[2023-02-16T23:58:59.136+0000] {processor.py:753} INFO - DAG(s) dict_keys(['example_sensors']) retrieved from /home/airflow/.local/lib/python3.7/site-packages/airflow/example_dags/example_sensors.py
[2023-02-16T23:59:00.254+0000] {logging_mixin.py:137} INFO - [2023-02-16T23:59:00.254+0000] {dag.py:2690} INFO - Sync 1 DAGs
[2023-02-16T23:59:00.781+0000] {logging_mixin.py:137} INFO - [2023-02-16T23:59:00.780+0000] {dag.py:3441} INFO - Setting next_dagrun for example_sensors to None, run_after=None
[2023-02-16T23:59:01.858+0000] {processor.py:175} INFO - Processing /home/airflow/.local/lib/python3.7/site-packages/airflow/example_dags/example_sensors.py took 3.536 seconds
