[2023-02-16T22:54:38.487+0000] {processor.py:153} INFO - Started process (PID=100) to work on /home/airflow/.local/lib/python3.7/site-packages/airflow/example_dags/example_xcomargs.py
[2023-02-16T22:54:38.521+0000] {processor.py:743} INFO - Processing file /home/airflow/.local/lib/python3.7/site-packages/airflow/example_dags/example_xcomargs.py for tasks to queue
[2023-02-16T22:54:38.570+0000] {logging_mixin.py:137} INFO - [2023-02-16T22:54:38.526+0000] {dagbag.py:538} INFO - Filling up the DagBag from /home/airflow/.local/lib/python3.7/site-packages/airflow/example_dags/example_xcomargs.py
[2023-02-16T22:54:39.414+0000] {processor.py:753} INFO - DAG(s) dict_keys(['example_xcom_args', 'example_xcom_args_with_operators']) retrieved from /home/airflow/.local/lib/python3.7/site-packages/airflow/example_dags/example_xcomargs.py
[2023-02-16T22:54:39.548+0000] {logging_mixin.py:137} INFO - [2023-02-16T22:54:39.548+0000] {dag.py:2690} INFO - Sync 2 DAGs
[2023-02-16T22:54:39.701+0000] {logging_mixin.py:137} INFO - [2023-02-16T22:54:39.701+0000] {dag.py:3441} INFO - Setting next_dagrun for example_xcom_args to None, run_after=None
[2023-02-16T22:54:39.712+0000] {logging_mixin.py:137} INFO - [2023-02-16T22:54:39.712+0000] {dag.py:3441} INFO - Setting next_dagrun for example_xcom_args_with_operators to None, run_after=None
[2023-02-16T22:54:39.941+0000] {processor.py:175} INFO - Processing /home/airflow/.local/lib/python3.7/site-packages/airflow/example_dags/example_xcomargs.py took 1.585 seconds
[2023-02-16T22:58:40.377+0000] {processor.py:153} INFO - Started process (PID=248) to work on /home/airflow/.local/lib/python3.7/site-packages/airflow/example_dags/example_xcomargs.py
[2023-02-16T22:58:40.404+0000] {processor.py:743} INFO - Processing file /home/airflow/.local/lib/python3.7/site-packages/airflow/example_dags/example_xcomargs.py for tasks to queue
[2023-02-16T22:58:40.435+0000] {logging_mixin.py:137} INFO - [2023-02-16T22:58:40.435+0000] {dagbag.py:538} INFO - Filling up the DagBag from /home/airflow/.local/lib/python3.7/site-packages/airflow/example_dags/example_xcomargs.py
[2023-02-16T22:58:41.249+0000] {processor.py:753} INFO - DAG(s) dict_keys(['example_xcom_args_with_operators', 'example_xcom_args']) retrieved from /home/airflow/.local/lib/python3.7/site-packages/airflow/example_dags/example_xcomargs.py
[2023-02-16T22:58:41.582+0000] {logging_mixin.py:137} INFO - [2023-02-16T22:58:41.582+0000] {dag.py:2690} INFO - Sync 2 DAGs
[2023-02-16T22:58:42.296+0000] {logging_mixin.py:137} INFO - [2023-02-16T22:58:42.296+0000] {dag.py:3441} INFO - Setting next_dagrun for example_xcom_args to None, run_after=None
[2023-02-16T22:58:42.354+0000] {logging_mixin.py:137} INFO - [2023-02-16T22:58:42.354+0000] {dag.py:3441} INFO - Setting next_dagrun for example_xcom_args_with_operators to None, run_after=None
[2023-02-16T22:58:42.784+0000] {processor.py:175} INFO - Processing /home/airflow/.local/lib/python3.7/site-packages/airflow/example_dags/example_xcomargs.py took 2.463 seconds
[2023-02-16T22:59:19.452+0000] {processor.py:153} INFO - Started process (PID=310) to work on /home/airflow/.local/lib/python3.7/site-packages/airflow/example_dags/example_xcomargs.py
[2023-02-16T22:59:19.466+0000] {processor.py:743} INFO - Processing file /home/airflow/.local/lib/python3.7/site-packages/airflow/example_dags/example_xcomargs.py for tasks to queue
[2023-02-16T22:59:19.474+0000] {logging_mixin.py:137} INFO - [2023-02-16T22:59:19.474+0000] {dagbag.py:538} INFO - Filling up the DagBag from /home/airflow/.local/lib/python3.7/site-packages/airflow/example_dags/example_xcomargs.py
[2023-02-16T22:59:19.973+0000] {processor.py:753} INFO - DAG(s) dict_keys(['example_xcom_args', 'example_xcom_args_with_operators']) retrieved from /home/airflow/.local/lib/python3.7/site-packages/airflow/example_dags/example_xcomargs.py
[2023-02-16T22:59:20.193+0000] {logging_mixin.py:137} INFO - [2023-02-16T22:59:20.193+0000] {dag.py:2690} INFO - Sync 2 DAGs
[2023-02-16T22:59:20.265+0000] {logging_mixin.py:137} INFO - [2023-02-16T22:59:20.265+0000] {dag.py:3441} INFO - Setting next_dagrun for example_xcom_args to None, run_after=None
[2023-02-16T22:59:20.293+0000] {logging_mixin.py:137} INFO - [2023-02-16T22:59:20.291+0000] {dag.py:3441} INFO - Setting next_dagrun for example_xcom_args_with_operators to None, run_after=None
[2023-02-16T22:59:20.364+0000] {processor.py:175} INFO - Processing /home/airflow/.local/lib/python3.7/site-packages/airflow/example_dags/example_xcomargs.py took 0.933 seconds
[2023-02-16T23:01:42.737+0000] {processor.py:153} INFO - Started process (PID=401) to work on /home/airflow/.local/lib/python3.7/site-packages/airflow/example_dags/example_xcomargs.py
[2023-02-16T23:01:42.777+0000] {processor.py:743} INFO - Processing file /home/airflow/.local/lib/python3.7/site-packages/airflow/example_dags/example_xcomargs.py for tasks to queue
[2023-02-16T23:01:42.896+0000] {logging_mixin.py:137} INFO - [2023-02-16T23:01:42.896+0000] {dagbag.py:538} INFO - Filling up the DagBag from /home/airflow/.local/lib/python3.7/site-packages/airflow/example_dags/example_xcomargs.py
[2023-02-16T23:01:44.091+0000] {processor.py:753} INFO - DAG(s) dict_keys(['example_xcom_args_with_operators', 'example_xcom_args']) retrieved from /home/airflow/.local/lib/python3.7/site-packages/airflow/example_dags/example_xcomargs.py
[2023-02-16T23:01:46.106+0000] {logging_mixin.py:137} INFO - [2023-02-16T23:01:46.106+0000] {dag.py:2690} INFO - Sync 2 DAGs
[2023-02-16T23:01:47.528+0000] {logging_mixin.py:137} INFO - [2023-02-16T23:01:47.528+0000] {dag.py:3441} INFO - Setting next_dagrun for example_xcom_args to None, run_after=None
[2023-02-16T23:01:47.798+0000] {logging_mixin.py:137} INFO - [2023-02-16T23:01:47.779+0000] {dag.py:3441} INFO - Setting next_dagrun for example_xcom_args_with_operators to None, run_after=None
[2023-02-16T23:01:48.067+0000] {processor.py:175} INFO - Processing /home/airflow/.local/lib/python3.7/site-packages/airflow/example_dags/example_xcomargs.py took 5.499 seconds
[2023-02-16T23:02:27.628+0000] {processor.py:153} INFO - Started process (PID=457) to work on /home/airflow/.local/lib/python3.7/site-packages/airflow/example_dags/example_xcomargs.py
[2023-02-16T23:02:27.633+0000] {processor.py:743} INFO - Processing file /home/airflow/.local/lib/python3.7/site-packages/airflow/example_dags/example_xcomargs.py for tasks to queue
[2023-02-16T23:02:27.656+0000] {logging_mixin.py:137} INFO - [2023-02-16T23:02:27.656+0000] {dagbag.py:538} INFO - Filling up the DagBag from /home/airflow/.local/lib/python3.7/site-packages/airflow/example_dags/example_xcomargs.py
[2023-02-16T23:02:27.880+0000] {processor.py:753} INFO - DAG(s) dict_keys(['example_xcom_args_with_operators', 'example_xcom_args']) retrieved from /home/airflow/.local/lib/python3.7/site-packages/airflow/example_dags/example_xcomargs.py
[2023-02-16T23:02:28.247+0000] {logging_mixin.py:137} INFO - [2023-02-16T23:02:28.246+0000] {dag.py:2690} INFO - Sync 2 DAGs
[2023-02-16T23:02:28.373+0000] {logging_mixin.py:137} INFO - [2023-02-16T23:02:28.373+0000] {dag.py:3441} INFO - Setting next_dagrun for example_xcom_args to None, run_after=None
[2023-02-16T23:02:28.390+0000] {logging_mixin.py:137} INFO - [2023-02-16T23:02:28.390+0000] {dag.py:3441} INFO - Setting next_dagrun for example_xcom_args_with_operators to None, run_after=None
[2023-02-16T23:02:28.627+0000] {processor.py:175} INFO - Processing /home/airflow/.local/lib/python3.7/site-packages/airflow/example_dags/example_xcomargs.py took 1.046 seconds
[2023-02-16T23:27:48.126+0000] {processor.py:153} INFO - Started process (PID=118) to work on /home/airflow/.local/lib/python3.7/site-packages/airflow/example_dags/example_xcomargs.py
[2023-02-16T23:27:48.139+0000] {processor.py:743} INFO - Processing file /home/airflow/.local/lib/python3.7/site-packages/airflow/example_dags/example_xcomargs.py for tasks to queue
[2023-02-16T23:27:48.165+0000] {logging_mixin.py:137} INFO - [2023-02-16T23:27:48.164+0000] {dagbag.py:538} INFO - Filling up the DagBag from /home/airflow/.local/lib/python3.7/site-packages/airflow/example_dags/example_xcomargs.py
[2023-02-16T23:27:49.085+0000] {processor.py:753} INFO - DAG(s) dict_keys(['example_xcom_args', 'example_xcom_args_with_operators']) retrieved from /home/airflow/.local/lib/python3.7/site-packages/airflow/example_dags/example_xcomargs.py
[2023-02-16T23:27:51.901+0000] {logging_mixin.py:137} INFO - [2023-02-16T23:27:51.901+0000] {manager.py:504} INFO - Created Permission View: can edit on DAG:example_xcom_args
[2023-02-16T23:27:52.152+0000] {logging_mixin.py:137} INFO - [2023-02-16T23:27:52.151+0000] {manager.py:504} INFO - Created Permission View: can delete on DAG:example_xcom_args
[2023-02-16T23:27:52.281+0000] {logging_mixin.py:137} INFO - [2023-02-16T23:27:52.280+0000] {manager.py:504} INFO - Created Permission View: can read on DAG:example_xcom_args
[2023-02-16T23:27:52.757+0000] {logging_mixin.py:137} INFO - [2023-02-16T23:27:52.757+0000] {manager.py:504} INFO - Created Permission View: can edit on DAG:example_xcom_args_with_operators
[2023-02-16T23:27:52.990+0000] {logging_mixin.py:137} INFO - [2023-02-16T23:27:52.990+0000] {manager.py:504} INFO - Created Permission View: can delete on DAG:example_xcom_args_with_operators
[2023-02-16T23:27:53.215+0000] {logging_mixin.py:137} INFO - [2023-02-16T23:27:53.215+0000] {manager.py:504} INFO - Created Permission View: can read on DAG:example_xcom_args_with_operators
[2023-02-16T23:27:53.232+0000] {logging_mixin.py:137} INFO - [2023-02-16T23:27:53.232+0000] {dag.py:2690} INFO - Sync 2 DAGs
[2023-02-16T23:27:54.831+0000] {logging_mixin.py:137} INFO - [2023-02-16T23:27:54.831+0000] {dag.py:2711} INFO - Creating ORM DAG for example_xcom_args
[2023-02-16T23:27:54.845+0000] {logging_mixin.py:137} INFO - [2023-02-16T23:27:54.845+0000] {dag.py:2711} INFO - Creating ORM DAG for example_xcom_args_with_operators
[2023-02-16T23:27:55.354+0000] {logging_mixin.py:137} INFO - [2023-02-16T23:27:55.354+0000] {dag.py:3441} INFO - Setting next_dagrun for example_xcom_args to None, run_after=None
[2023-02-16T23:27:55.387+0000] {logging_mixin.py:137} INFO - [2023-02-16T23:27:55.387+0000] {dag.py:3441} INFO - Setting next_dagrun for example_xcom_args_with_operators to None, run_after=None
[2023-02-16T23:27:56.098+0000] {processor.py:175} INFO - Processing /home/airflow/.local/lib/python3.7/site-packages/airflow/example_dags/example_xcomargs.py took 8.031 seconds
[2023-02-16T23:30:33.776+0000] {processor.py:153} INFO - Started process (PID=235) to work on /home/airflow/.local/lib/python3.7/site-packages/airflow/example_dags/example_xcomargs.py
[2023-02-16T23:30:33.790+0000] {processor.py:743} INFO - Processing file /home/airflow/.local/lib/python3.7/site-packages/airflow/example_dags/example_xcomargs.py for tasks to queue
[2023-02-16T23:30:33.810+0000] {logging_mixin.py:137} INFO - [2023-02-16T23:30:33.805+0000] {dagbag.py:538} INFO - Filling up the DagBag from /home/airflow/.local/lib/python3.7/site-packages/airflow/example_dags/example_xcomargs.py
[2023-02-16T23:30:34.488+0000] {processor.py:753} INFO - DAG(s) dict_keys(['example_xcom_args', 'example_xcom_args_with_operators']) retrieved from /home/airflow/.local/lib/python3.7/site-packages/airflow/example_dags/example_xcomargs.py
[2023-02-16T23:30:34.768+0000] {logging_mixin.py:137} INFO - [2023-02-16T23:30:34.767+0000] {dag.py:2690} INFO - Sync 2 DAGs
[2023-02-16T23:30:35.153+0000] {logging_mixin.py:137} INFO - [2023-02-16T23:30:35.153+0000] {dag.py:3441} INFO - Setting next_dagrun for example_xcom_args to None, run_after=None
[2023-02-16T23:30:35.297+0000] {logging_mixin.py:137} INFO - [2023-02-16T23:30:35.279+0000] {dag.py:3441} INFO - Setting next_dagrun for example_xcom_args_with_operators to None, run_after=None
[2023-02-16T23:30:36.052+0000] {processor.py:175} INFO - Processing /home/airflow/.local/lib/python3.7/site-packages/airflow/example_dags/example_xcomargs.py took 2.312 seconds
[2023-02-16T23:31:32.586+0000] {processor.py:153} INFO - Started process (PID=296) to work on /home/airflow/.local/lib/python3.7/site-packages/airflow/example_dags/example_xcomargs.py
[2023-02-16T23:31:32.602+0000] {processor.py:743} INFO - Processing file /home/airflow/.local/lib/python3.7/site-packages/airflow/example_dags/example_xcomargs.py for tasks to queue
[2023-02-16T23:31:32.628+0000] {logging_mixin.py:137} INFO - [2023-02-16T23:31:32.628+0000] {dagbag.py:538} INFO - Filling up the DagBag from /home/airflow/.local/lib/python3.7/site-packages/airflow/example_dags/example_xcomargs.py
[2023-02-16T23:31:33.276+0000] {processor.py:753} INFO - DAG(s) dict_keys(['example_xcom_args_with_operators', 'example_xcom_args']) retrieved from /home/airflow/.local/lib/python3.7/site-packages/airflow/example_dags/example_xcomargs.py
[2023-02-16T23:31:33.692+0000] {logging_mixin.py:137} INFO - [2023-02-16T23:31:33.692+0000] {dag.py:2690} INFO - Sync 2 DAGs
[2023-02-16T23:31:34.119+0000] {logging_mixin.py:137} INFO - [2023-02-16T23:31:34.119+0000] {dag.py:3441} INFO - Setting next_dagrun for example_xcom_args to None, run_after=None
[2023-02-16T23:31:34.158+0000] {logging_mixin.py:137} INFO - [2023-02-16T23:31:34.158+0000] {dag.py:3441} INFO - Setting next_dagrun for example_xcom_args_with_operators to None, run_after=None
[2023-02-16T23:31:34.391+0000] {processor.py:175} INFO - Processing /home/airflow/.local/lib/python3.7/site-packages/airflow/example_dags/example_xcomargs.py took 1.846 seconds
[2023-02-16T23:33:16.979+0000] {processor.py:153} INFO - Started process (PID=371) to work on /home/airflow/.local/lib/python3.7/site-packages/airflow/example_dags/example_xcomargs.py
[2023-02-16T23:33:17.012+0000] {processor.py:743} INFO - Processing file /home/airflow/.local/lib/python3.7/site-packages/airflow/example_dags/example_xcomargs.py for tasks to queue
[2023-02-16T23:33:17.045+0000] {logging_mixin.py:137} INFO - [2023-02-16T23:33:17.044+0000] {dagbag.py:538} INFO - Filling up the DagBag from /home/airflow/.local/lib/python3.7/site-packages/airflow/example_dags/example_xcomargs.py
[2023-02-16T23:33:18.270+0000] {processor.py:753} INFO - DAG(s) dict_keys(['example_xcom_args', 'example_xcom_args_with_operators']) retrieved from /home/airflow/.local/lib/python3.7/site-packages/airflow/example_dags/example_xcomargs.py
[2023-02-16T23:33:19.375+0000] {logging_mixin.py:137} INFO - [2023-02-16T23:33:19.344+0000] {dag.py:2690} INFO - Sync 2 DAGs
[2023-02-16T23:33:20.788+0000] {logging_mixin.py:137} INFO - [2023-02-16T23:33:20.787+0000] {dag.py:3441} INFO - Setting next_dagrun for example_xcom_args to None, run_after=None
[2023-02-16T23:33:20.894+0000] {logging_mixin.py:137} INFO - [2023-02-16T23:33:20.875+0000] {dag.py:3441} INFO - Setting next_dagrun for example_xcom_args_with_operators to None, run_after=None
[2023-02-16T23:33:21.139+0000] {processor.py:175} INFO - Processing /home/airflow/.local/lib/python3.7/site-packages/airflow/example_dags/example_xcomargs.py took 5.481 seconds
[2023-02-16T23:34:14.975+0000] {processor.py:153} INFO - Started process (PID=428) to work on /home/airflow/.local/lib/python3.7/site-packages/airflow/example_dags/example_xcomargs.py
[2023-02-16T23:34:14.999+0000] {processor.py:743} INFO - Processing file /home/airflow/.local/lib/python3.7/site-packages/airflow/example_dags/example_xcomargs.py for tasks to queue
[2023-02-16T23:34:15.048+0000] {logging_mixin.py:137} INFO - [2023-02-16T23:34:15.040+0000] {dagbag.py:538} INFO - Filling up the DagBag from /home/airflow/.local/lib/python3.7/site-packages/airflow/example_dags/example_xcomargs.py
[2023-02-16T23:34:16.477+0000] {processor.py:753} INFO - DAG(s) dict_keys(['example_xcom_args_with_operators', 'example_xcom_args']) retrieved from /home/airflow/.local/lib/python3.7/site-packages/airflow/example_dags/example_xcomargs.py
[2023-02-16T23:34:17.364+0000] {logging_mixin.py:137} INFO - [2023-02-16T23:34:17.364+0000] {dag.py:2690} INFO - Sync 2 DAGs
[2023-02-16T23:34:18.222+0000] {logging_mixin.py:137} INFO - [2023-02-16T23:34:18.221+0000] {dag.py:3441} INFO - Setting next_dagrun for example_xcom_args to None, run_after=None
[2023-02-16T23:34:18.378+0000] {logging_mixin.py:137} INFO - [2023-02-16T23:34:18.374+0000] {dag.py:3441} INFO - Setting next_dagrun for example_xcom_args_with_operators to None, run_after=None
[2023-02-16T23:34:19.134+0000] {processor.py:175} INFO - Processing /home/airflow/.local/lib/python3.7/site-packages/airflow/example_dags/example_xcomargs.py took 4.236 seconds
[2023-02-16T23:35:01.053+0000] {processor.py:153} INFO - Started process (PID=488) to work on /home/airflow/.local/lib/python3.7/site-packages/airflow/example_dags/example_xcomargs.py
[2023-02-16T23:35:01.064+0000] {processor.py:743} INFO - Processing file /home/airflow/.local/lib/python3.7/site-packages/airflow/example_dags/example_xcomargs.py for tasks to queue
[2023-02-16T23:35:01.080+0000] {logging_mixin.py:137} INFO - [2023-02-16T23:35:01.080+0000] {dagbag.py:538} INFO - Filling up the DagBag from /home/airflow/.local/lib/python3.7/site-packages/airflow/example_dags/example_xcomargs.py
[2023-02-16T23:35:01.583+0000] {processor.py:753} INFO - DAG(s) dict_keys(['example_xcom_args', 'example_xcom_args_with_operators']) retrieved from /home/airflow/.local/lib/python3.7/site-packages/airflow/example_dags/example_xcomargs.py
[2023-02-16T23:35:02.168+0000] {logging_mixin.py:137} INFO - [2023-02-16T23:35:02.168+0000] {dag.py:2690} INFO - Sync 2 DAGs
[2023-02-16T23:35:02.738+0000] {logging_mixin.py:137} INFO - [2023-02-16T23:35:02.725+0000] {dag.py:3441} INFO - Setting next_dagrun for example_xcom_args to None, run_after=None
[2023-02-16T23:35:02.871+0000] {logging_mixin.py:137} INFO - [2023-02-16T23:35:02.862+0000] {dag.py:3441} INFO - Setting next_dagrun for example_xcom_args_with_operators to None, run_after=None
[2023-02-16T23:35:03.301+0000] {processor.py:175} INFO - Processing /home/airflow/.local/lib/python3.7/site-packages/airflow/example_dags/example_xcomargs.py took 2.269 seconds
[2023-02-16T23:35:41.492+0000] {processor.py:153} INFO - Started process (PID=541) to work on /home/airflow/.local/lib/python3.7/site-packages/airflow/example_dags/example_xcomargs.py
[2023-02-16T23:35:41.519+0000] {processor.py:743} INFO - Processing file /home/airflow/.local/lib/python3.7/site-packages/airflow/example_dags/example_xcomargs.py for tasks to queue
[2023-02-16T23:35:41.529+0000] {logging_mixin.py:137} INFO - [2023-02-16T23:35:41.528+0000] {dagbag.py:538} INFO - Filling up the DagBag from /home/airflow/.local/lib/python3.7/site-packages/airflow/example_dags/example_xcomargs.py
[2023-02-16T23:35:41.784+0000] {processor.py:753} INFO - DAG(s) dict_keys(['example_xcom_args_with_operators', 'example_xcom_args']) retrieved from /home/airflow/.local/lib/python3.7/site-packages/airflow/example_dags/example_xcomargs.py
[2023-02-16T23:35:41.993+0000] {logging_mixin.py:137} INFO - [2023-02-16T23:35:41.992+0000] {dag.py:2690} INFO - Sync 2 DAGs
[2023-02-16T23:35:42.427+0000] {logging_mixin.py:137} INFO - [2023-02-16T23:35:42.426+0000] {dag.py:3441} INFO - Setting next_dagrun for example_xcom_args to None, run_after=None
[2023-02-16T23:35:42.510+0000] {logging_mixin.py:137} INFO - [2023-02-16T23:35:42.509+0000] {dag.py:3441} INFO - Setting next_dagrun for example_xcom_args_with_operators to None, run_after=None
[2023-02-16T23:35:42.813+0000] {processor.py:175} INFO - Processing /home/airflow/.local/lib/python3.7/site-packages/airflow/example_dags/example_xcomargs.py took 1.361 seconds
[2023-02-16T23:36:38.109+0000] {processor.py:153} INFO - Started process (PID=606) to work on /home/airflow/.local/lib/python3.7/site-packages/airflow/example_dags/example_xcomargs.py
[2023-02-16T23:36:38.118+0000] {processor.py:743} INFO - Processing file /home/airflow/.local/lib/python3.7/site-packages/airflow/example_dags/example_xcomargs.py for tasks to queue
[2023-02-16T23:36:38.141+0000] {logging_mixin.py:137} INFO - [2023-02-16T23:36:38.141+0000] {dagbag.py:538} INFO - Filling up the DagBag from /home/airflow/.local/lib/python3.7/site-packages/airflow/example_dags/example_xcomargs.py
[2023-02-16T23:36:38.480+0000] {processor.py:753} INFO - DAG(s) dict_keys(['example_xcom_args', 'example_xcom_args_with_operators']) retrieved from /home/airflow/.local/lib/python3.7/site-packages/airflow/example_dags/example_xcomargs.py
[2023-02-16T23:36:38.721+0000] {logging_mixin.py:137} INFO - [2023-02-16T23:36:38.721+0000] {dag.py:2690} INFO - Sync 2 DAGs
[2023-02-16T23:36:39.298+0000] {logging_mixin.py:137} INFO - [2023-02-16T23:36:39.286+0000] {dag.py:3441} INFO - Setting next_dagrun for example_xcom_args to None, run_after=None
[2023-02-16T23:36:39.358+0000] {logging_mixin.py:137} INFO - [2023-02-16T23:36:39.358+0000] {dag.py:3441} INFO - Setting next_dagrun for example_xcom_args_with_operators to None, run_after=None
[2023-02-16T23:36:39.541+0000] {processor.py:175} INFO - Processing /home/airflow/.local/lib/python3.7/site-packages/airflow/example_dags/example_xcomargs.py took 1.483 seconds
[2023-02-16T23:37:20.348+0000] {processor.py:153} INFO - Started process (PID=669) to work on /home/airflow/.local/lib/python3.7/site-packages/airflow/example_dags/example_xcomargs.py
[2023-02-16T23:37:20.419+0000] {processor.py:743} INFO - Processing file /home/airflow/.local/lib/python3.7/site-packages/airflow/example_dags/example_xcomargs.py for tasks to queue
[2023-02-16T23:37:20.487+0000] {logging_mixin.py:137} INFO - [2023-02-16T23:37:20.487+0000] {dagbag.py:538} INFO - Filling up the DagBag from /home/airflow/.local/lib/python3.7/site-packages/airflow/example_dags/example_xcomargs.py
[2023-02-16T23:37:21.793+0000] {processor.py:753} INFO - DAG(s) dict_keys(['example_xcom_args', 'example_xcom_args_with_operators']) retrieved from /home/airflow/.local/lib/python3.7/site-packages/airflow/example_dags/example_xcomargs.py
[2023-02-16T23:37:22.147+0000] {logging_mixin.py:137} INFO - [2023-02-16T23:37:22.147+0000] {dag.py:2690} INFO - Sync 2 DAGs
[2023-02-16T23:37:22.588+0000] {logging_mixin.py:137} INFO - [2023-02-16T23:37:22.587+0000] {dag.py:3441} INFO - Setting next_dagrun for example_xcom_args to None, run_after=None
[2023-02-16T23:37:22.663+0000] {logging_mixin.py:137} INFO - [2023-02-16T23:37:22.662+0000] {dag.py:3441} INFO - Setting next_dagrun for example_xcom_args_with_operators to None, run_after=None
[2023-02-16T23:37:23.436+0000] {processor.py:175} INFO - Processing /home/airflow/.local/lib/python3.7/site-packages/airflow/example_dags/example_xcomargs.py took 3.278 seconds
[2023-02-16T23:38:48.443+0000] {processor.py:153} INFO - Started process (PID=750) to work on /home/airflow/.local/lib/python3.7/site-packages/airflow/example_dags/example_xcomargs.py
[2023-02-16T23:38:48.454+0000] {processor.py:743} INFO - Processing file /home/airflow/.local/lib/python3.7/site-packages/airflow/example_dags/example_xcomargs.py for tasks to queue
[2023-02-16T23:38:48.467+0000] {logging_mixin.py:137} INFO - [2023-02-16T23:38:48.461+0000] {dagbag.py:538} INFO - Filling up the DagBag from /home/airflow/.local/lib/python3.7/site-packages/airflow/example_dags/example_xcomargs.py
[2023-02-16T23:38:48.790+0000] {processor.py:753} INFO - DAG(s) dict_keys(['example_xcom_args', 'example_xcom_args_with_operators']) retrieved from /home/airflow/.local/lib/python3.7/site-packages/airflow/example_dags/example_xcomargs.py
[2023-02-16T23:38:49.094+0000] {logging_mixin.py:137} INFO - [2023-02-16T23:38:49.094+0000] {dag.py:2690} INFO - Sync 2 DAGs
[2023-02-16T23:38:49.410+0000] {logging_mixin.py:137} INFO - [2023-02-16T23:38:49.409+0000] {dag.py:3441} INFO - Setting next_dagrun for example_xcom_args to None, run_after=None
[2023-02-16T23:38:49.441+0000] {logging_mixin.py:137} INFO - [2023-02-16T23:38:49.440+0000] {dag.py:3441} INFO - Setting next_dagrun for example_xcom_args_with_operators to None, run_after=None
[2023-02-16T23:38:50.002+0000] {processor.py:175} INFO - Processing /home/airflow/.local/lib/python3.7/site-packages/airflow/example_dags/example_xcomargs.py took 1.582 seconds
[2023-02-16T23:39:38.264+0000] {processor.py:153} INFO - Started process (PID=816) to work on /home/airflow/.local/lib/python3.7/site-packages/airflow/example_dags/example_xcomargs.py
[2023-02-16T23:39:38.285+0000] {processor.py:743} INFO - Processing file /home/airflow/.local/lib/python3.7/site-packages/airflow/example_dags/example_xcomargs.py for tasks to queue
[2023-02-16T23:39:38.291+0000] {logging_mixin.py:137} INFO - [2023-02-16T23:39:38.291+0000] {dagbag.py:538} INFO - Filling up the DagBag from /home/airflow/.local/lib/python3.7/site-packages/airflow/example_dags/example_xcomargs.py
[2023-02-16T23:39:38.790+0000] {processor.py:753} INFO - DAG(s) dict_keys(['example_xcom_args', 'example_xcom_args_with_operators']) retrieved from /home/airflow/.local/lib/python3.7/site-packages/airflow/example_dags/example_xcomargs.py
[2023-02-16T23:39:39.012+0000] {logging_mixin.py:137} INFO - [2023-02-16T23:39:39.011+0000] {dag.py:2690} INFO - Sync 2 DAGs
[2023-02-16T23:39:39.442+0000] {logging_mixin.py:137} INFO - [2023-02-16T23:39:39.442+0000] {dag.py:3441} INFO - Setting next_dagrun for example_xcom_args to None, run_after=None
[2023-02-16T23:39:39.499+0000] {logging_mixin.py:137} INFO - [2023-02-16T23:39:39.498+0000] {dag.py:3441} INFO - Setting next_dagrun for example_xcom_args_with_operators to None, run_after=None
[2023-02-16T23:39:39.950+0000] {processor.py:175} INFO - Processing /home/airflow/.local/lib/python3.7/site-packages/airflow/example_dags/example_xcomargs.py took 1.814 seconds
[2023-02-16T23:40:47.334+0000] {processor.py:153} INFO - Started process (PID=885) to work on /home/airflow/.local/lib/python3.7/site-packages/airflow/example_dags/example_xcomargs.py
[2023-02-16T23:40:47.340+0000] {processor.py:743} INFO - Processing file /home/airflow/.local/lib/python3.7/site-packages/airflow/example_dags/example_xcomargs.py for tasks to queue
[2023-02-16T23:40:47.367+0000] {logging_mixin.py:137} INFO - [2023-02-16T23:40:47.367+0000] {dagbag.py:538} INFO - Filling up the DagBag from /home/airflow/.local/lib/python3.7/site-packages/airflow/example_dags/example_xcomargs.py
[2023-02-16T23:40:48.097+0000] {processor.py:753} INFO - DAG(s) dict_keys(['example_xcom_args_with_operators', 'example_xcom_args']) retrieved from /home/airflow/.local/lib/python3.7/site-packages/airflow/example_dags/example_xcomargs.py
[2023-02-16T23:40:48.570+0000] {logging_mixin.py:137} INFO - [2023-02-16T23:40:48.570+0000] {dag.py:2690} INFO - Sync 2 DAGs
[2023-02-16T23:40:52.175+0000] {logging_mixin.py:137} INFO - [2023-02-16T23:40:52.165+0000] {dag.py:3441} INFO - Setting next_dagrun for example_xcom_args to None, run_after=None
[2023-02-16T23:40:52.286+0000] {logging_mixin.py:137} INFO - [2023-02-16T23:40:52.286+0000] {dag.py:3441} INFO - Setting next_dagrun for example_xcom_args_with_operators to None, run_after=None
[2023-02-16T23:40:52.442+0000] {processor.py:175} INFO - Processing /home/airflow/.local/lib/python3.7/site-packages/airflow/example_dags/example_xcomargs.py took 5.167 seconds
[2023-02-16T23:41:27.392+0000] {processor.py:153} INFO - Started process (PID=944) to work on /home/airflow/.local/lib/python3.7/site-packages/airflow/example_dags/example_xcomargs.py
[2023-02-16T23:41:27.403+0000] {processor.py:743} INFO - Processing file /home/airflow/.local/lib/python3.7/site-packages/airflow/example_dags/example_xcomargs.py for tasks to queue
[2023-02-16T23:41:27.407+0000] {logging_mixin.py:137} INFO - [2023-02-16T23:41:27.406+0000] {dagbag.py:538} INFO - Filling up the DagBag from /home/airflow/.local/lib/python3.7/site-packages/airflow/example_dags/example_xcomargs.py
[2023-02-16T23:41:27.667+0000] {processor.py:753} INFO - DAG(s) dict_keys(['example_xcom_args', 'example_xcom_args_with_operators']) retrieved from /home/airflow/.local/lib/python3.7/site-packages/airflow/example_dags/example_xcomargs.py
[2023-02-16T23:41:28.006+0000] {logging_mixin.py:137} INFO - [2023-02-16T23:41:28.005+0000] {dag.py:2690} INFO - Sync 2 DAGs
[2023-02-16T23:41:28.529+0000] {logging_mixin.py:137} INFO - [2023-02-16T23:41:28.528+0000] {dag.py:3441} INFO - Setting next_dagrun for example_xcom_args to None, run_after=None
[2023-02-16T23:41:28.612+0000] {logging_mixin.py:137} INFO - [2023-02-16T23:41:28.611+0000] {dag.py:3441} INFO - Setting next_dagrun for example_xcom_args_with_operators to None, run_after=None
[2023-02-16T23:41:28.930+0000] {processor.py:175} INFO - Processing /home/airflow/.local/lib/python3.7/site-packages/airflow/example_dags/example_xcomargs.py took 1.632 seconds
[2023-02-16T23:42:39.499+0000] {processor.py:153} INFO - Started process (PID=1016) to work on /home/airflow/.local/lib/python3.7/site-packages/airflow/example_dags/example_xcomargs.py
[2023-02-16T23:42:39.518+0000] {processor.py:743} INFO - Processing file /home/airflow/.local/lib/python3.7/site-packages/airflow/example_dags/example_xcomargs.py for tasks to queue
[2023-02-16T23:42:39.530+0000] {logging_mixin.py:137} INFO - [2023-02-16T23:42:39.530+0000] {dagbag.py:538} INFO - Filling up the DagBag from /home/airflow/.local/lib/python3.7/site-packages/airflow/example_dags/example_xcomargs.py
[2023-02-16T23:42:39.922+0000] {processor.py:753} INFO - DAG(s) dict_keys(['example_xcom_args_with_operators', 'example_xcom_args']) retrieved from /home/airflow/.local/lib/python3.7/site-packages/airflow/example_dags/example_xcomargs.py
[2023-02-16T23:42:40.449+0000] {logging_mixin.py:137} INFO - [2023-02-16T23:42:40.449+0000] {dag.py:2690} INFO - Sync 2 DAGs
[2023-02-16T23:42:42.192+0000] {logging_mixin.py:137} INFO - [2023-02-16T23:42:42.192+0000] {dag.py:3441} INFO - Setting next_dagrun for example_xcom_args to None, run_after=None
[2023-02-16T23:42:42.264+0000] {logging_mixin.py:137} INFO - [2023-02-16T23:42:42.263+0000] {dag.py:3441} INFO - Setting next_dagrun for example_xcom_args_with_operators to None, run_after=None
[2023-02-16T23:42:42.649+0000] {processor.py:175} INFO - Processing /home/airflow/.local/lib/python3.7/site-packages/airflow/example_dags/example_xcomargs.py took 3.199 seconds
[2023-02-16T23:43:24.571+0000] {processor.py:153} INFO - Started process (PID=1071) to work on /home/airflow/.local/lib/python3.7/site-packages/airflow/example_dags/example_xcomargs.py
[2023-02-16T23:43:24.603+0000] {processor.py:743} INFO - Processing file /home/airflow/.local/lib/python3.7/site-packages/airflow/example_dags/example_xcomargs.py for tasks to queue
[2023-02-16T23:43:24.622+0000] {logging_mixin.py:137} INFO - [2023-02-16T23:43:24.614+0000] {dagbag.py:538} INFO - Filling up the DagBag from /home/airflow/.local/lib/python3.7/site-packages/airflow/example_dags/example_xcomargs.py
[2023-02-16T23:43:24.939+0000] {processor.py:753} INFO - DAG(s) dict_keys(['example_xcom_args_with_operators', 'example_xcom_args']) retrieved from /home/airflow/.local/lib/python3.7/site-packages/airflow/example_dags/example_xcomargs.py
[2023-02-16T23:43:25.210+0000] {logging_mixin.py:137} INFO - [2023-02-16T23:43:25.209+0000] {dag.py:2690} INFO - Sync 2 DAGs
[2023-02-16T23:43:25.428+0000] {logging_mixin.py:137} INFO - [2023-02-16T23:43:25.428+0000] {dag.py:3441} INFO - Setting next_dagrun for example_xcom_args to None, run_after=None
[2023-02-16T23:43:25.478+0000] {logging_mixin.py:137} INFO - [2023-02-16T23:43:25.477+0000] {dag.py:3441} INFO - Setting next_dagrun for example_xcom_args_with_operators to None, run_after=None
[2023-02-16T23:43:26.014+0000] {processor.py:175} INFO - Processing /home/airflow/.local/lib/python3.7/site-packages/airflow/example_dags/example_xcomargs.py took 1.551 seconds
[2023-02-16T23:44:05.993+0000] {processor.py:153} INFO - Started process (PID=1120) to work on /home/airflow/.local/lib/python3.7/site-packages/airflow/example_dags/example_xcomargs.py
[2023-02-16T23:44:06.065+0000] {processor.py:743} INFO - Processing file /home/airflow/.local/lib/python3.7/site-packages/airflow/example_dags/example_xcomargs.py for tasks to queue
[2023-02-16T23:44:06.078+0000] {logging_mixin.py:137} INFO - [2023-02-16T23:44:06.078+0000] {dagbag.py:538} INFO - Filling up the DagBag from /home/airflow/.local/lib/python3.7/site-packages/airflow/example_dags/example_xcomargs.py
[2023-02-16T23:44:06.482+0000] {processor.py:753} INFO - DAG(s) dict_keys(['example_xcom_args_with_operators', 'example_xcom_args']) retrieved from /home/airflow/.local/lib/python3.7/site-packages/airflow/example_dags/example_xcomargs.py
[2023-02-16T23:44:07.026+0000] {logging_mixin.py:137} INFO - [2023-02-16T23:44:07.025+0000] {dag.py:2690} INFO - Sync 2 DAGs
[2023-02-16T23:44:07.691+0000] {logging_mixin.py:137} INFO - [2023-02-16T23:44:07.690+0000] {dag.py:3441} INFO - Setting next_dagrun for example_xcom_args to None, run_after=None
[2023-02-16T23:44:07.764+0000] {logging_mixin.py:137} INFO - [2023-02-16T23:44:07.764+0000] {dag.py:3441} INFO - Setting next_dagrun for example_xcom_args_with_operators to None, run_after=None
[2023-02-16T23:44:08.033+0000] {processor.py:175} INFO - Processing /home/airflow/.local/lib/python3.7/site-packages/airflow/example_dags/example_xcomargs.py took 2.398 seconds
[2023-02-16T23:44:51.642+0000] {processor.py:153} INFO - Started process (PID=1179) to work on /home/airflow/.local/lib/python3.7/site-packages/airflow/example_dags/example_xcomargs.py
[2023-02-16T23:44:51.660+0000] {processor.py:743} INFO - Processing file /home/airflow/.local/lib/python3.7/site-packages/airflow/example_dags/example_xcomargs.py for tasks to queue
[2023-02-16T23:44:51.688+0000] {logging_mixin.py:137} INFO - [2023-02-16T23:44:51.673+0000] {dagbag.py:538} INFO - Filling up the DagBag from /home/airflow/.local/lib/python3.7/site-packages/airflow/example_dags/example_xcomargs.py
[2023-02-16T23:44:52.058+0000] {processor.py:753} INFO - DAG(s) dict_keys(['example_xcom_args_with_operators', 'example_xcom_args']) retrieved from /home/airflow/.local/lib/python3.7/site-packages/airflow/example_dags/example_xcomargs.py
[2023-02-16T23:44:52.221+0000] {logging_mixin.py:137} INFO - [2023-02-16T23:44:52.220+0000] {dag.py:2690} INFO - Sync 2 DAGs
[2023-02-16T23:44:52.513+0000] {logging_mixin.py:137} INFO - [2023-02-16T23:44:52.513+0000] {dag.py:3441} INFO - Setting next_dagrun for example_xcom_args to None, run_after=None
[2023-02-16T23:44:52.535+0000] {logging_mixin.py:137} INFO - [2023-02-16T23:44:52.534+0000] {dag.py:3441} INFO - Setting next_dagrun for example_xcom_args_with_operators to None, run_after=None
[2023-02-16T23:44:52.925+0000] {processor.py:175} INFO - Processing /home/airflow/.local/lib/python3.7/site-packages/airflow/example_dags/example_xcomargs.py took 1.313 seconds
[2023-02-16T23:45:40.255+0000] {processor.py:153} INFO - Started process (PID=1232) to work on /home/airflow/.local/lib/python3.7/site-packages/airflow/example_dags/example_xcomargs.py
[2023-02-16T23:45:40.274+0000] {processor.py:743} INFO - Processing file /home/airflow/.local/lib/python3.7/site-packages/airflow/example_dags/example_xcomargs.py for tasks to queue
[2023-02-16T23:45:40.279+0000] {logging_mixin.py:137} INFO - [2023-02-16T23:45:40.278+0000] {dagbag.py:538} INFO - Filling up the DagBag from /home/airflow/.local/lib/python3.7/site-packages/airflow/example_dags/example_xcomargs.py
[2023-02-16T23:45:40.676+0000] {processor.py:753} INFO - DAG(s) dict_keys(['example_xcom_args_with_operators', 'example_xcom_args']) retrieved from /home/airflow/.local/lib/python3.7/site-packages/airflow/example_dags/example_xcomargs.py
[2023-02-16T23:45:41.011+0000] {logging_mixin.py:137} INFO - [2023-02-16T23:45:41.011+0000] {dag.py:2690} INFO - Sync 2 DAGs
[2023-02-16T23:45:41.449+0000] {logging_mixin.py:137} INFO - [2023-02-16T23:45:41.448+0000] {dag.py:3441} INFO - Setting next_dagrun for example_xcom_args to None, run_after=None
[2023-02-16T23:45:41.537+0000] {logging_mixin.py:137} INFO - [2023-02-16T23:45:41.534+0000] {dag.py:3441} INFO - Setting next_dagrun for example_xcom_args_with_operators to None, run_after=None
[2023-02-16T23:45:41.754+0000] {processor.py:175} INFO - Processing /home/airflow/.local/lib/python3.7/site-packages/airflow/example_dags/example_xcomargs.py took 1.591 seconds
[2023-02-16T23:46:29.486+0000] {processor.py:153} INFO - Started process (PID=1277) to work on /home/airflow/.local/lib/python3.7/site-packages/airflow/example_dags/example_xcomargs.py
[2023-02-16T23:46:29.499+0000] {processor.py:743} INFO - Processing file /home/airflow/.local/lib/python3.7/site-packages/airflow/example_dags/example_xcomargs.py for tasks to queue
[2023-02-16T23:46:29.521+0000] {logging_mixin.py:137} INFO - [2023-02-16T23:46:29.513+0000] {dagbag.py:538} INFO - Filling up the DagBag from /home/airflow/.local/lib/python3.7/site-packages/airflow/example_dags/example_xcomargs.py
[2023-02-16T23:46:29.783+0000] {processor.py:753} INFO - DAG(s) dict_keys(['example_xcom_args_with_operators', 'example_xcom_args']) retrieved from /home/airflow/.local/lib/python3.7/site-packages/airflow/example_dags/example_xcomargs.py
[2023-02-16T23:46:30.300+0000] {logging_mixin.py:137} INFO - [2023-02-16T23:46:30.299+0000] {dag.py:2690} INFO - Sync 2 DAGs
[2023-02-16T23:46:31.025+0000] {logging_mixin.py:137} INFO - [2023-02-16T23:46:31.025+0000] {dag.py:3441} INFO - Setting next_dagrun for example_xcom_args to None, run_after=None
[2023-02-16T23:46:31.085+0000] {logging_mixin.py:137} INFO - [2023-02-16T23:46:31.084+0000] {dag.py:3441} INFO - Setting next_dagrun for example_xcom_args_with_operators to None, run_after=None
[2023-02-16T23:46:31.339+0000] {processor.py:175} INFO - Processing /home/airflow/.local/lib/python3.7/site-packages/airflow/example_dags/example_xcomargs.py took 1.884 seconds
[2023-02-16T23:47:38.875+0000] {processor.py:153} INFO - Started process (PID=1333) to work on /home/airflow/.local/lib/python3.7/site-packages/airflow/example_dags/example_xcomargs.py
[2023-02-16T23:47:38.894+0000] {processor.py:743} INFO - Processing file /home/airflow/.local/lib/python3.7/site-packages/airflow/example_dags/example_xcomargs.py for tasks to queue
[2023-02-16T23:47:38.921+0000] {logging_mixin.py:137} INFO - [2023-02-16T23:47:38.921+0000] {dagbag.py:538} INFO - Filling up the DagBag from /home/airflow/.local/lib/python3.7/site-packages/airflow/example_dags/example_xcomargs.py
[2023-02-16T23:47:39.572+0000] {processor.py:753} INFO - DAG(s) dict_keys(['example_xcom_args_with_operators', 'example_xcom_args']) retrieved from /home/airflow/.local/lib/python3.7/site-packages/airflow/example_dags/example_xcomargs.py
[2023-02-16T23:47:40.078+0000] {logging_mixin.py:137} INFO - [2023-02-16T23:47:40.075+0000] {dag.py:2690} INFO - Sync 2 DAGs
[2023-02-16T23:47:43.036+0000] {logging_mixin.py:137} INFO - [2023-02-16T23:47:43.025+0000] {dag.py:3441} INFO - Setting next_dagrun for example_xcom_args to None, run_after=None
[2023-02-16T23:47:43.134+0000] {logging_mixin.py:137} INFO - [2023-02-16T23:47:43.133+0000] {dag.py:3441} INFO - Setting next_dagrun for example_xcom_args_with_operators to None, run_after=None
[2023-02-16T23:47:45.438+0000] {processor.py:175} INFO - Processing /home/airflow/.local/lib/python3.7/site-packages/airflow/example_dags/example_xcomargs.py took 6.613 seconds
[2023-02-16T23:49:27.562+0000] {processor.py:153} INFO - Started process (PID=1415) to work on /home/airflow/.local/lib/python3.7/site-packages/airflow/example_dags/example_xcomargs.py
[2023-02-16T23:49:27.612+0000] {processor.py:743} INFO - Processing file /home/airflow/.local/lib/python3.7/site-packages/airflow/example_dags/example_xcomargs.py for tasks to queue
[2023-02-16T23:49:27.669+0000] {logging_mixin.py:137} INFO - [2023-02-16T23:49:27.617+0000] {dagbag.py:538} INFO - Filling up the DagBag from /home/airflow/.local/lib/python3.7/site-packages/airflow/example_dags/example_xcomargs.py
[2023-02-16T23:49:30.797+0000] {processor.py:753} INFO - DAG(s) dict_keys(['example_xcom_args', 'example_xcom_args_with_operators']) retrieved from /home/airflow/.local/lib/python3.7/site-packages/airflow/example_dags/example_xcomargs.py
[2023-02-16T23:49:33.014+0000] {logging_mixin.py:137} INFO - [2023-02-16T23:49:32.979+0000] {dag.py:2690} INFO - Sync 2 DAGs
[2023-02-16T23:49:35.388+0000] {logging_mixin.py:137} INFO - [2023-02-16T23:49:35.382+0000] {dag.py:3441} INFO - Setting next_dagrun for example_xcom_args to None, run_after=None
[2023-02-16T23:49:35.595+0000] {logging_mixin.py:137} INFO - [2023-02-16T23:49:35.595+0000] {dag.py:3441} INFO - Setting next_dagrun for example_xcom_args_with_operators to None, run_after=None
[2023-02-16T23:49:37.821+0000] {processor.py:175} INFO - Processing /home/airflow/.local/lib/python3.7/site-packages/airflow/example_dags/example_xcomargs.py took 10.429 seconds
[2023-02-16T23:50:54.168+0000] {processor.py:153} INFO - Started process (PID=1488) to work on /home/airflow/.local/lib/python3.7/site-packages/airflow/example_dags/example_xcomargs.py
[2023-02-16T23:50:54.177+0000] {processor.py:743} INFO - Processing file /home/airflow/.local/lib/python3.7/site-packages/airflow/example_dags/example_xcomargs.py for tasks to queue
[2023-02-16T23:50:54.202+0000] {logging_mixin.py:137} INFO - [2023-02-16T23:50:54.201+0000] {dagbag.py:538} INFO - Filling up the DagBag from /home/airflow/.local/lib/python3.7/site-packages/airflow/example_dags/example_xcomargs.py
[2023-02-16T23:50:54.989+0000] {processor.py:753} INFO - DAG(s) dict_keys(['example_xcom_args_with_operators', 'example_xcom_args']) retrieved from /home/airflow/.local/lib/python3.7/site-packages/airflow/example_dags/example_xcomargs.py
[2023-02-16T23:50:56.887+0000] {logging_mixin.py:137} INFO - [2023-02-16T23:50:56.886+0000] {dag.py:2690} INFO - Sync 2 DAGs
[2023-02-16T23:50:59.470+0000] {logging_mixin.py:137} INFO - [2023-02-16T23:50:59.469+0000] {dag.py:3441} INFO - Setting next_dagrun for example_xcom_args to None, run_after=None
[2023-02-16T23:50:59.591+0000] {logging_mixin.py:137} INFO - [2023-02-16T23:50:59.570+0000] {dag.py:3441} INFO - Setting next_dagrun for example_xcom_args_with_operators to None, run_after=None
[2023-02-16T23:50:59.894+0000] {processor.py:175} INFO - Processing /home/airflow/.local/lib/python3.7/site-packages/airflow/example_dags/example_xcomargs.py took 5.808 seconds
[2023-02-16T23:52:01.069+0000] {processor.py:153} INFO - Started process (PID=1538) to work on /home/airflow/.local/lib/python3.7/site-packages/airflow/example_dags/example_xcomargs.py
[2023-02-16T23:52:01.088+0000] {processor.py:743} INFO - Processing file /home/airflow/.local/lib/python3.7/site-packages/airflow/example_dags/example_xcomargs.py for tasks to queue
[2023-02-16T23:52:01.104+0000] {logging_mixin.py:137} INFO - [2023-02-16T23:52:01.104+0000] {dagbag.py:538} INFO - Filling up the DagBag from /home/airflow/.local/lib/python3.7/site-packages/airflow/example_dags/example_xcomargs.py
[2023-02-16T23:52:03.525+0000] {processor.py:753} INFO - DAG(s) dict_keys(['example_xcom_args', 'example_xcom_args_with_operators']) retrieved from /home/airflow/.local/lib/python3.7/site-packages/airflow/example_dags/example_xcomargs.py
[2023-02-16T23:52:04.666+0000] {logging_mixin.py:137} INFO - [2023-02-16T23:52:04.647+0000] {dag.py:2690} INFO - Sync 2 DAGs
[2023-02-16T23:52:07.206+0000] {logging_mixin.py:137} INFO - [2023-02-16T23:52:07.206+0000] {dag.py:3441} INFO - Setting next_dagrun for example_xcom_args to None, run_after=None
[2023-02-16T23:52:07.415+0000] {logging_mixin.py:137} INFO - [2023-02-16T23:52:07.415+0000] {dag.py:3441} INFO - Setting next_dagrun for example_xcom_args_with_operators to None, run_after=None
[2023-02-16T23:52:07.786+0000] {processor.py:175} INFO - Processing /home/airflow/.local/lib/python3.7/site-packages/airflow/example_dags/example_xcomargs.py took 6.808 seconds
[2023-02-16T23:54:03.794+0000] {processor.py:153} INFO - Started process (PID=1632) to work on /home/airflow/.local/lib/python3.7/site-packages/airflow/example_dags/example_xcomargs.py
[2023-02-16T23:54:03.890+0000] {processor.py:743} INFO - Processing file /home/airflow/.local/lib/python3.7/site-packages/airflow/example_dags/example_xcomargs.py for tasks to queue
[2023-02-16T23:54:03.968+0000] {logging_mixin.py:137} INFO - [2023-02-16T23:54:03.900+0000] {dagbag.py:538} INFO - Filling up the DagBag from /home/airflow/.local/lib/python3.7/site-packages/airflow/example_dags/example_xcomargs.py
[2023-02-16T23:54:05.336+0000] {processor.py:753} INFO - DAG(s) dict_keys(['example_xcom_args', 'example_xcom_args_with_operators']) retrieved from /home/airflow/.local/lib/python3.7/site-packages/airflow/example_dags/example_xcomargs.py
[2023-02-16T23:54:06.249+0000] {logging_mixin.py:137} INFO - [2023-02-16T23:54:06.249+0000] {dag.py:2690} INFO - Sync 2 DAGs
[2023-02-16T23:54:06.979+0000] {logging_mixin.py:137} INFO - [2023-02-16T23:54:06.979+0000] {dag.py:3441} INFO - Setting next_dagrun for example_xcom_args to None, run_after=None
[2023-02-16T23:54:07.131+0000] {logging_mixin.py:137} INFO - [2023-02-16T23:54:07.131+0000] {dag.py:3441} INFO - Setting next_dagrun for example_xcom_args_with_operators to None, run_after=None
[2023-02-16T23:54:07.749+0000] {processor.py:175} INFO - Processing /home/airflow/.local/lib/python3.7/site-packages/airflow/example_dags/example_xcomargs.py took 4.027 seconds
[2023-02-16T23:55:00.670+0000] {processor.py:153} INFO - Started process (PID=1683) to work on /home/airflow/.local/lib/python3.7/site-packages/airflow/example_dags/example_xcomargs.py
[2023-02-16T23:55:00.681+0000] {processor.py:743} INFO - Processing file /home/airflow/.local/lib/python3.7/site-packages/airflow/example_dags/example_xcomargs.py for tasks to queue
[2023-02-16T23:55:00.729+0000] {logging_mixin.py:137} INFO - [2023-02-16T23:55:00.729+0000] {dagbag.py:538} INFO - Filling up the DagBag from /home/airflow/.local/lib/python3.7/site-packages/airflow/example_dags/example_xcomargs.py
[2023-02-16T23:55:01.621+0000] {processor.py:753} INFO - DAG(s) dict_keys(['example_xcom_args_with_operators', 'example_xcom_args']) retrieved from /home/airflow/.local/lib/python3.7/site-packages/airflow/example_dags/example_xcomargs.py
[2023-02-16T23:55:02.107+0000] {logging_mixin.py:137} INFO - [2023-02-16T23:55:02.095+0000] {dag.py:2690} INFO - Sync 2 DAGs
[2023-02-16T23:55:02.726+0000] {logging_mixin.py:137} INFO - [2023-02-16T23:55:02.726+0000] {dag.py:3441} INFO - Setting next_dagrun for example_xcom_args to None, run_after=None
[2023-02-16T23:55:02.865+0000] {logging_mixin.py:137} INFO - [2023-02-16T23:55:02.864+0000] {dag.py:3441} INFO - Setting next_dagrun for example_xcom_args_with_operators to None, run_after=None
[2023-02-16T23:55:03.022+0000] {processor.py:175} INFO - Processing /home/airflow/.local/lib/python3.7/site-packages/airflow/example_dags/example_xcomargs.py took 2.471 seconds
[2023-02-16T23:55:57.935+0000] {processor.py:153} INFO - Started process (PID=1732) to work on /home/airflow/.local/lib/python3.7/site-packages/airflow/example_dags/example_xcomargs.py
[2023-02-16T23:55:57.958+0000] {processor.py:743} INFO - Processing file /home/airflow/.local/lib/python3.7/site-packages/airflow/example_dags/example_xcomargs.py for tasks to queue
[2023-02-16T23:55:57.970+0000] {logging_mixin.py:137} INFO - [2023-02-16T23:55:57.970+0000] {dagbag.py:538} INFO - Filling up the DagBag from /home/airflow/.local/lib/python3.7/site-packages/airflow/example_dags/example_xcomargs.py
[2023-02-16T23:55:58.774+0000] {processor.py:753} INFO - DAG(s) dict_keys(['example_xcom_args_with_operators', 'example_xcom_args']) retrieved from /home/airflow/.local/lib/python3.7/site-packages/airflow/example_dags/example_xcomargs.py
[2023-02-16T23:55:59.058+0000] {logging_mixin.py:137} INFO - [2023-02-16T23:55:59.058+0000] {dag.py:2690} INFO - Sync 2 DAGs
[2023-02-16T23:55:59.343+0000] {logging_mixin.py:137} INFO - [2023-02-16T23:55:59.343+0000] {dag.py:3441} INFO - Setting next_dagrun for example_xcom_args to None, run_after=None
[2023-02-16T23:55:59.372+0000] {logging_mixin.py:137} INFO - [2023-02-16T23:55:59.372+0000] {dag.py:3441} INFO - Setting next_dagrun for example_xcom_args_with_operators to None, run_after=None
[2023-02-16T23:55:59.655+0000] {processor.py:175} INFO - Processing /home/airflow/.local/lib/python3.7/site-packages/airflow/example_dags/example_xcomargs.py took 1.759 seconds
[2023-02-16T23:56:29.913+0000] {processor.py:153} INFO - Started process (PID=1792) to work on /home/airflow/.local/lib/python3.7/site-packages/airflow/example_dags/example_xcomargs.py
[2023-02-16T23:56:29.923+0000] {processor.py:743} INFO - Processing file /home/airflow/.local/lib/python3.7/site-packages/airflow/example_dags/example_xcomargs.py for tasks to queue
[2023-02-16T23:56:29.931+0000] {logging_mixin.py:137} INFO - [2023-02-16T23:56:29.929+0000] {dagbag.py:538} INFO - Filling up the DagBag from /home/airflow/.local/lib/python3.7/site-packages/airflow/example_dags/example_xcomargs.py
[2023-02-16T23:56:30.125+0000] {processor.py:753} INFO - DAG(s) dict_keys(['example_xcom_args_with_operators', 'example_xcom_args']) retrieved from /home/airflow/.local/lib/python3.7/site-packages/airflow/example_dags/example_xcomargs.py
[2023-02-16T23:56:30.294+0000] {logging_mixin.py:137} INFO - [2023-02-16T23:56:30.294+0000] {dag.py:2690} INFO - Sync 2 DAGs
[2023-02-16T23:56:30.563+0000] {logging_mixin.py:137} INFO - [2023-02-16T23:56:30.562+0000] {dag.py:3441} INFO - Setting next_dagrun for example_xcom_args to None, run_after=None
[2023-02-16T23:56:30.650+0000] {logging_mixin.py:137} INFO - [2023-02-16T23:56:30.649+0000] {dag.py:3441} INFO - Setting next_dagrun for example_xcom_args_with_operators to None, run_after=None
[2023-02-16T23:56:30.918+0000] {processor.py:175} INFO - Processing /home/airflow/.local/lib/python3.7/site-packages/airflow/example_dags/example_xcomargs.py took 1.011 seconds
[2023-02-16T23:57:11.231+0000] {processor.py:153} INFO - Started process (PID=1853) to work on /home/airflow/.local/lib/python3.7/site-packages/airflow/example_dags/example_xcomargs.py
[2023-02-16T23:57:11.247+0000] {processor.py:743} INFO - Processing file /home/airflow/.local/lib/python3.7/site-packages/airflow/example_dags/example_xcomargs.py for tasks to queue
[2023-02-16T23:57:11.263+0000] {logging_mixin.py:137} INFO - [2023-02-16T23:57:11.261+0000] {dagbag.py:538} INFO - Filling up the DagBag from /home/airflow/.local/lib/python3.7/site-packages/airflow/example_dags/example_xcomargs.py
[2023-02-16T23:57:11.564+0000] {processor.py:753} INFO - DAG(s) dict_keys(['example_xcom_args', 'example_xcom_args_with_operators']) retrieved from /home/airflow/.local/lib/python3.7/site-packages/airflow/example_dags/example_xcomargs.py
[2023-02-16T23:57:12.101+0000] {logging_mixin.py:137} INFO - [2023-02-16T23:57:12.100+0000] {dag.py:2690} INFO - Sync 2 DAGs
[2023-02-16T23:57:12.978+0000] {logging_mixin.py:137} INFO - [2023-02-16T23:57:12.978+0000] {dag.py:3441} INFO - Setting next_dagrun for example_xcom_args to None, run_after=None
[2023-02-16T23:57:13.018+0000] {logging_mixin.py:137} INFO - [2023-02-16T23:57:13.018+0000] {dag.py:3441} INFO - Setting next_dagrun for example_xcom_args_with_operators to None, run_after=None
[2023-02-16T23:57:13.383+0000] {processor.py:175} INFO - Processing /home/airflow/.local/lib/python3.7/site-packages/airflow/example_dags/example_xcomargs.py took 2.239 seconds
[2023-02-16T23:57:45.756+0000] {processor.py:153} INFO - Started process (PID=1908) to work on /home/airflow/.local/lib/python3.7/site-packages/airflow/example_dags/example_xcomargs.py
[2023-02-16T23:57:45.774+0000] {processor.py:743} INFO - Processing file /home/airflow/.local/lib/python3.7/site-packages/airflow/example_dags/example_xcomargs.py for tasks to queue
[2023-02-16T23:57:45.784+0000] {logging_mixin.py:137} INFO - [2023-02-16T23:57:45.784+0000] {dagbag.py:538} INFO - Filling up the DagBag from /home/airflow/.local/lib/python3.7/site-packages/airflow/example_dags/example_xcomargs.py
[2023-02-16T23:57:46.136+0000] {processor.py:753} INFO - DAG(s) dict_keys(['example_xcom_args_with_operators', 'example_xcom_args']) retrieved from /home/airflow/.local/lib/python3.7/site-packages/airflow/example_dags/example_xcomargs.py
[2023-02-16T23:57:46.464+0000] {logging_mixin.py:137} INFO - [2023-02-16T23:57:46.463+0000] {dag.py:2690} INFO - Sync 2 DAGs
[2023-02-16T23:57:46.768+0000] {logging_mixin.py:137} INFO - [2023-02-16T23:57:46.768+0000] {dag.py:3441} INFO - Setting next_dagrun for example_xcom_args to None, run_after=None
[2023-02-16T23:57:46.838+0000] {logging_mixin.py:137} INFO - [2023-02-16T23:57:46.827+0000] {dag.py:3441} INFO - Setting next_dagrun for example_xcom_args_with_operators to None, run_after=None
[2023-02-16T23:57:46.983+0000] {processor.py:175} INFO - Processing /home/airflow/.local/lib/python3.7/site-packages/airflow/example_dags/example_xcomargs.py took 1.249 seconds
[2023-02-16T23:58:20.617+0000] {processor.py:153} INFO - Started process (PID=1972) to work on /home/airflow/.local/lib/python3.7/site-packages/airflow/example_dags/example_xcomargs.py
[2023-02-16T23:58:20.625+0000] {processor.py:743} INFO - Processing file /home/airflow/.local/lib/python3.7/site-packages/airflow/example_dags/example_xcomargs.py for tasks to queue
[2023-02-16T23:58:20.640+0000] {logging_mixin.py:137} INFO - [2023-02-16T23:58:20.639+0000] {dagbag.py:538} INFO - Filling up the DagBag from /home/airflow/.local/lib/python3.7/site-packages/airflow/example_dags/example_xcomargs.py
[2023-02-16T23:58:20.853+0000] {processor.py:753} INFO - DAG(s) dict_keys(['example_xcom_args', 'example_xcom_args_with_operators']) retrieved from /home/airflow/.local/lib/python3.7/site-packages/airflow/example_dags/example_xcomargs.py
[2023-02-16T23:58:21.073+0000] {logging_mixin.py:137} INFO - [2023-02-16T23:58:21.073+0000] {dag.py:2690} INFO - Sync 2 DAGs
[2023-02-16T23:58:21.228+0000] {logging_mixin.py:137} INFO - [2023-02-16T23:58:21.228+0000] {dag.py:3441} INFO - Setting next_dagrun for example_xcom_args to None, run_after=None
[2023-02-16T23:58:21.272+0000] {logging_mixin.py:137} INFO - [2023-02-16T23:58:21.272+0000] {dag.py:3441} INFO - Setting next_dagrun for example_xcom_args_with_operators to None, run_after=None
[2023-02-16T23:58:21.403+0000] {processor.py:175} INFO - Processing /home/airflow/.local/lib/python3.7/site-packages/airflow/example_dags/example_xcomargs.py took 0.826 seconds
[2023-02-16T23:59:00.375+0000] {processor.py:153} INFO - Started process (PID=2039) to work on /home/airflow/.local/lib/python3.7/site-packages/airflow/example_dags/example_xcomargs.py
[2023-02-16T23:59:00.381+0000] {processor.py:743} INFO - Processing file /home/airflow/.local/lib/python3.7/site-packages/airflow/example_dags/example_xcomargs.py for tasks to queue
[2023-02-16T23:59:00.399+0000] {logging_mixin.py:137} INFO - [2023-02-16T23:59:00.398+0000] {dagbag.py:538} INFO - Filling up the DagBag from /home/airflow/.local/lib/python3.7/site-packages/airflow/example_dags/example_xcomargs.py
[2023-02-16T23:59:00.765+0000] {processor.py:753} INFO - DAG(s) dict_keys(['example_xcom_args', 'example_xcom_args_with_operators']) retrieved from /home/airflow/.local/lib/python3.7/site-packages/airflow/example_dags/example_xcomargs.py
[2023-02-16T23:59:01.684+0000] {logging_mixin.py:137} INFO - [2023-02-16T23:59:01.684+0000] {dag.py:2690} INFO - Sync 2 DAGs
[2023-02-16T23:59:01.962+0000] {logging_mixin.py:137} INFO - [2023-02-16T23:59:01.962+0000] {dag.py:3441} INFO - Setting next_dagrun for example_xcom_args to None, run_after=None
[2023-02-16T23:59:02.177+0000] {logging_mixin.py:137} INFO - [2023-02-16T23:59:02.158+0000] {dag.py:3441} INFO - Setting next_dagrun for example_xcom_args_with_operators to None, run_after=None
[2023-02-16T23:59:02.436+0000] {processor.py:175} INFO - Processing /home/airflow/.local/lib/python3.7/site-packages/airflow/example_dags/example_xcomargs.py took 2.086 seconds
