[2023-02-16T22:54:24.210+0000] {processor.py:153} INFO - Started process (PID=91) to work on /home/airflow/.local/lib/python3.7/site-packages/airflow/example_dags/example_local_kubernetes_executor.py
[2023-02-16T22:54:24.244+0000] {processor.py:743} INFO - Processing file /home/airflow/.local/lib/python3.7/site-packages/airflow/example_dags/example_local_kubernetes_executor.py for tasks to queue
[2023-02-16T22:54:24.317+0000] {logging_mixin.py:137} INFO - [2023-02-16T22:54:24.311+0000] {dagbag.py:538} INFO - Filling up the DagBag from /home/airflow/.local/lib/python3.7/site-packages/airflow/example_dags/example_local_kubernetes_executor.py
[2023-02-16T22:54:26.070+0000] {processor.py:753} INFO - DAG(s) dict_keys(['example_local_kubernetes_executor']) retrieved from /home/airflow/.local/lib/python3.7/site-packages/airflow/example_dags/example_local_kubernetes_executor.py
[2023-02-16T22:54:27.030+0000] {logging_mixin.py:137} INFO - [2023-02-16T22:54:27.029+0000] {dag.py:2690} INFO - Sync 1 DAGs
[2023-02-16T22:54:27.929+0000] {logging_mixin.py:137} INFO - [2023-02-16T22:54:27.929+0000] {dag.py:3441} INFO - Setting next_dagrun for example_local_kubernetes_executor to None, run_after=None
[2023-02-16T22:54:28.318+0000] {processor.py:175} INFO - Processing /home/airflow/.local/lib/python3.7/site-packages/airflow/example_dags/example_local_kubernetes_executor.py took 4.187 seconds
[2023-02-16T22:58:33.951+0000] {processor.py:153} INFO - Started process (PID=244) to work on /home/airflow/.local/lib/python3.7/site-packages/airflow/example_dags/example_local_kubernetes_executor.py
[2023-02-16T22:58:34.059+0000] {processor.py:743} INFO - Processing file /home/airflow/.local/lib/python3.7/site-packages/airflow/example_dags/example_local_kubernetes_executor.py for tasks to queue
[2023-02-16T22:58:34.087+0000] {logging_mixin.py:137} INFO - [2023-02-16T22:58:34.086+0000] {dagbag.py:538} INFO - Filling up the DagBag from /home/airflow/.local/lib/python3.7/site-packages/airflow/example_dags/example_local_kubernetes_executor.py
[2023-02-16T22:58:37.509+0000] {processor.py:753} INFO - DAG(s) dict_keys(['example_local_kubernetes_executor']) retrieved from /home/airflow/.local/lib/python3.7/site-packages/airflow/example_dags/example_local_kubernetes_executor.py
[2023-02-16T22:58:38.486+0000] {logging_mixin.py:137} INFO - [2023-02-16T22:58:38.486+0000] {dag.py:2690} INFO - Sync 1 DAGs
[2023-02-16T22:58:39.193+0000] {logging_mixin.py:137} INFO - [2023-02-16T22:58:39.192+0000] {dag.py:3441} INFO - Setting next_dagrun for example_local_kubernetes_executor to None, run_after=None
[2023-02-16T22:58:39.712+0000] {processor.py:175} INFO - Processing /home/airflow/.local/lib/python3.7/site-packages/airflow/example_dags/example_local_kubernetes_executor.py took 6.149 seconds
[2023-02-16T22:59:16.429+0000] {processor.py:153} INFO - Started process (PID=308) to work on /home/airflow/.local/lib/python3.7/site-packages/airflow/example_dags/example_local_kubernetes_executor.py
[2023-02-16T22:59:16.434+0000] {processor.py:743} INFO - Processing file /home/airflow/.local/lib/python3.7/site-packages/airflow/example_dags/example_local_kubernetes_executor.py for tasks to queue
[2023-02-16T22:59:16.441+0000] {logging_mixin.py:137} INFO - [2023-02-16T22:59:16.439+0000] {dagbag.py:538} INFO - Filling up the DagBag from /home/airflow/.local/lib/python3.7/site-packages/airflow/example_dags/example_local_kubernetes_executor.py
[2023-02-16T22:59:16.777+0000] {processor.py:753} INFO - DAG(s) dict_keys(['example_local_kubernetes_executor']) retrieved from /home/airflow/.local/lib/python3.7/site-packages/airflow/example_dags/example_local_kubernetes_executor.py
[2023-02-16T22:59:17.243+0000] {logging_mixin.py:137} INFO - [2023-02-16T22:59:17.232+0000] {dag.py:2690} INFO - Sync 1 DAGs
[2023-02-16T22:59:17.737+0000] {logging_mixin.py:137} INFO - [2023-02-16T22:59:17.736+0000] {dag.py:3441} INFO - Setting next_dagrun for example_local_kubernetes_executor to None, run_after=None
[2023-02-16T22:59:18.088+0000] {processor.py:175} INFO - Processing /home/airflow/.local/lib/python3.7/site-packages/airflow/example_dags/example_local_kubernetes_executor.py took 1.672 seconds
[2023-02-16T23:01:33.734+0000] {processor.py:153} INFO - Started process (PID=397) to work on /home/airflow/.local/lib/python3.7/site-packages/airflow/example_dags/example_local_kubernetes_executor.py
[2023-02-16T23:01:33.762+0000] {processor.py:743} INFO - Processing file /home/airflow/.local/lib/python3.7/site-packages/airflow/example_dags/example_local_kubernetes_executor.py for tasks to queue
[2023-02-16T23:01:33.769+0000] {logging_mixin.py:137} INFO - [2023-02-16T23:01:33.768+0000] {dagbag.py:538} INFO - Filling up the DagBag from /home/airflow/.local/lib/python3.7/site-packages/airflow/example_dags/example_local_kubernetes_executor.py
[2023-02-16T23:01:34.749+0000] {processor.py:753} INFO - DAG(s) dict_keys(['example_local_kubernetes_executor']) retrieved from /home/airflow/.local/lib/python3.7/site-packages/airflow/example_dags/example_local_kubernetes_executor.py
[2023-02-16T23:01:36.155+0000] {logging_mixin.py:137} INFO - [2023-02-16T23:01:36.155+0000] {dag.py:2690} INFO - Sync 1 DAGs
[2023-02-16T23:01:36.912+0000] {logging_mixin.py:137} INFO - [2023-02-16T23:01:36.912+0000] {dag.py:3441} INFO - Setting next_dagrun for example_local_kubernetes_executor to None, run_after=None
[2023-02-16T23:01:37.291+0000] {processor.py:175} INFO - Processing /home/airflow/.local/lib/python3.7/site-packages/airflow/example_dags/example_local_kubernetes_executor.py took 3.639 seconds
[2023-02-16T23:02:26.920+0000] {processor.py:153} INFO - Started process (PID=455) to work on /home/airflow/.local/lib/python3.7/site-packages/airflow/example_dags/example_local_kubernetes_executor.py
[2023-02-16T23:02:26.926+0000] {processor.py:743} INFO - Processing file /home/airflow/.local/lib/python3.7/site-packages/airflow/example_dags/example_local_kubernetes_executor.py for tasks to queue
[2023-02-16T23:02:26.936+0000] {logging_mixin.py:137} INFO - [2023-02-16T23:02:26.936+0000] {dagbag.py:538} INFO - Filling up the DagBag from /home/airflow/.local/lib/python3.7/site-packages/airflow/example_dags/example_local_kubernetes_executor.py
[2023-02-16T23:02:27.016+0000] {processor.py:753} INFO - DAG(s) dict_keys(['example_local_kubernetes_executor']) retrieved from /home/airflow/.local/lib/python3.7/site-packages/airflow/example_dags/example_local_kubernetes_executor.py
[2023-02-16T23:02:27.092+0000] {logging_mixin.py:137} INFO - [2023-02-16T23:02:27.092+0000] {dag.py:2690} INFO - Sync 1 DAGs
[2023-02-16T23:02:27.220+0000] {logging_mixin.py:137} INFO - [2023-02-16T23:02:27.219+0000] {dag.py:3441} INFO - Setting next_dagrun for example_local_kubernetes_executor to None, run_after=None
[2023-02-16T23:02:27.365+0000] {processor.py:175} INFO - Processing /home/airflow/.local/lib/python3.7/site-packages/airflow/example_dags/example_local_kubernetes_executor.py took 0.455 seconds
[2023-02-16T23:27:39.453+0000] {processor.py:153} INFO - Started process (PID=114) to work on /home/airflow/.local/lib/python3.7/site-packages/airflow/example_dags/example_local_kubernetes_executor.py
[2023-02-16T23:27:39.494+0000] {processor.py:743} INFO - Processing file /home/airflow/.local/lib/python3.7/site-packages/airflow/example_dags/example_local_kubernetes_executor.py for tasks to queue
[2023-02-16T23:27:39.506+0000] {logging_mixin.py:137} INFO - [2023-02-16T23:27:39.505+0000] {dagbag.py:538} INFO - Filling up the DagBag from /home/airflow/.local/lib/python3.7/site-packages/airflow/example_dags/example_local_kubernetes_executor.py
[2023-02-16T23:27:41.403+0000] {processor.py:753} INFO - DAG(s) dict_keys(['example_local_kubernetes_executor']) retrieved from /home/airflow/.local/lib/python3.7/site-packages/airflow/example_dags/example_local_kubernetes_executor.py
[2023-02-16T23:27:45.830+0000] {logging_mixin.py:137} INFO - [2023-02-16T23:27:45.803+0000] {manager.py:504} INFO - Created Permission View: can edit on DAG:example_local_kubernetes_executor
[2023-02-16T23:27:46.407+0000] {logging_mixin.py:137} INFO - [2023-02-16T23:27:46.407+0000] {manager.py:504} INFO - Created Permission View: can delete on DAG:example_local_kubernetes_executor
[2023-02-16T23:27:46.683+0000] {logging_mixin.py:137} INFO - [2023-02-16T23:27:46.665+0000] {manager.py:504} INFO - Created Permission View: can read on DAG:example_local_kubernetes_executor
[2023-02-16T23:27:46.707+0000] {logging_mixin.py:137} INFO - [2023-02-16T23:27:46.691+0000] {dag.py:2690} INFO - Sync 1 DAGs
[2023-02-16T23:27:47.097+0000] {logging_mixin.py:137} INFO - [2023-02-16T23:27:47.097+0000] {dag.py:2711} INFO - Creating ORM DAG for example_local_kubernetes_executor
[2023-02-16T23:27:47.278+0000] {logging_mixin.py:137} INFO - [2023-02-16T23:27:47.277+0000] {dag.py:3441} INFO - Setting next_dagrun for example_local_kubernetes_executor to None, run_after=None
[2023-02-16T23:27:47.560+0000] {processor.py:175} INFO - Processing /home/airflow/.local/lib/python3.7/site-packages/airflow/example_dags/example_local_kubernetes_executor.py took 8.169 seconds
[2023-02-16T23:30:13.978+0000] {processor.py:153} INFO - Started process (PID=224) to work on /home/airflow/.local/lib/python3.7/site-packages/airflow/example_dags/example_local_kubernetes_executor.py
[2023-02-16T23:30:14.014+0000] {processor.py:743} INFO - Processing file /home/airflow/.local/lib/python3.7/site-packages/airflow/example_dags/example_local_kubernetes_executor.py for tasks to queue
[2023-02-16T23:30:14.095+0000] {logging_mixin.py:137} INFO - [2023-02-16T23:30:14.094+0000] {dagbag.py:538} INFO - Filling up the DagBag from /home/airflow/.local/lib/python3.7/site-packages/airflow/example_dags/example_local_kubernetes_executor.py
[2023-02-16T23:30:16.810+0000] {processor.py:753} INFO - DAG(s) dict_keys(['example_local_kubernetes_executor']) retrieved from /home/airflow/.local/lib/python3.7/site-packages/airflow/example_dags/example_local_kubernetes_executor.py
[2023-02-16T23:30:21.177+0000] {logging_mixin.py:137} INFO - [2023-02-16T23:30:21.176+0000] {dag.py:2690} INFO - Sync 1 DAGs
[2023-02-16T23:30:24.441+0000] {logging_mixin.py:137} INFO - [2023-02-16T23:30:24.441+0000] {dag.py:3441} INFO - Setting next_dagrun for example_local_kubernetes_executor to None, run_after=None
[2023-02-16T23:30:25.061+0000] {processor.py:175} INFO - Processing /home/airflow/.local/lib/python3.7/site-packages/airflow/example_dags/example_local_kubernetes_executor.py took 11.247 seconds
[2023-02-16T23:30:58.453+0000] {processor.py:153} INFO - Started process (PID=269) to work on /home/airflow/.local/lib/python3.7/site-packages/airflow/example_dags/example_local_kubernetes_executor.py
[2023-02-16T23:30:58.468+0000] {processor.py:743} INFO - Processing file /home/airflow/.local/lib/python3.7/site-packages/airflow/example_dags/example_local_kubernetes_executor.py for tasks to queue
[2023-02-16T23:30:58.478+0000] {logging_mixin.py:137} INFO - [2023-02-16T23:30:58.477+0000] {dagbag.py:538} INFO - Filling up the DagBag from /home/airflow/.local/lib/python3.7/site-packages/airflow/example_dags/example_local_kubernetes_executor.py
[2023-02-16T23:30:58.656+0000] {processor.py:753} INFO - DAG(s) dict_keys(['example_local_kubernetes_executor']) retrieved from /home/airflow/.local/lib/python3.7/site-packages/airflow/example_dags/example_local_kubernetes_executor.py
[2023-02-16T23:30:58.957+0000] {logging_mixin.py:137} INFO - [2023-02-16T23:30:58.957+0000] {dag.py:2690} INFO - Sync 1 DAGs
[2023-02-16T23:30:59.494+0000] {logging_mixin.py:137} INFO - [2023-02-16T23:30:59.479+0000] {dag.py:3441} INFO - Setting next_dagrun for example_local_kubernetes_executor to None, run_after=None
[2023-02-16T23:31:00.078+0000] {processor.py:175} INFO - Processing /home/airflow/.local/lib/python3.7/site-packages/airflow/example_dags/example_local_kubernetes_executor.py took 1.642 seconds
[2023-02-16T23:33:05.902+0000] {processor.py:153} INFO - Started process (PID=360) to work on /home/airflow/.local/lib/python3.7/site-packages/airflow/example_dags/example_local_kubernetes_executor.py
[2023-02-16T23:33:06.156+0000] {processor.py:743} INFO - Processing file /home/airflow/.local/lib/python3.7/site-packages/airflow/example_dags/example_local_kubernetes_executor.py for tasks to queue
[2023-02-16T23:33:06.419+0000] {logging_mixin.py:137} INFO - [2023-02-16T23:33:06.371+0000] {dagbag.py:538} INFO - Filling up the DagBag from /home/airflow/.local/lib/python3.7/site-packages/airflow/example_dags/example_local_kubernetes_executor.py
[2023-02-16T23:33:10.405+0000] {processor.py:753} INFO - DAG(s) dict_keys(['example_local_kubernetes_executor']) retrieved from /home/airflow/.local/lib/python3.7/site-packages/airflow/example_dags/example_local_kubernetes_executor.py
[2023-02-16T23:33:12.420+0000] {logging_mixin.py:137} INFO - [2023-02-16T23:33:12.420+0000] {dag.py:2690} INFO - Sync 1 DAGs
[2023-02-16T23:33:13.602+0000] {logging_mixin.py:137} INFO - [2023-02-16T23:33:13.602+0000] {dag.py:3441} INFO - Setting next_dagrun for example_local_kubernetes_executor to None, run_after=None
[2023-02-16T23:33:14.422+0000] {processor.py:175} INFO - Processing /home/airflow/.local/lib/python3.7/site-packages/airflow/example_dags/example_local_kubernetes_executor.py took 8.884 seconds
[2023-02-16T23:34:12.096+0000] {processor.py:153} INFO - Started process (PID=420) to work on /home/airflow/.local/lib/python3.7/site-packages/airflow/example_dags/example_local_kubernetes_executor.py
[2023-02-16T23:34:12.128+0000] {processor.py:743} INFO - Processing file /home/airflow/.local/lib/python3.7/site-packages/airflow/example_dags/example_local_kubernetes_executor.py for tasks to queue
[2023-02-16T23:34:12.145+0000] {logging_mixin.py:137} INFO - [2023-02-16T23:34:12.140+0000] {dagbag.py:538} INFO - Filling up the DagBag from /home/airflow/.local/lib/python3.7/site-packages/airflow/example_dags/example_local_kubernetes_executor.py
[2023-02-16T23:34:12.589+0000] {processor.py:753} INFO - DAG(s) dict_keys(['example_local_kubernetes_executor']) retrieved from /home/airflow/.local/lib/python3.7/site-packages/airflow/example_dags/example_local_kubernetes_executor.py
[2023-02-16T23:34:13.158+0000] {logging_mixin.py:137} INFO - [2023-02-16T23:34:13.157+0000] {dag.py:2690} INFO - Sync 1 DAGs
[2023-02-16T23:34:13.930+0000] {logging_mixin.py:137} INFO - [2023-02-16T23:34:13.929+0000] {dag.py:3441} INFO - Setting next_dagrun for example_local_kubernetes_executor to None, run_after=None
[2023-02-16T23:34:14.573+0000] {processor.py:175} INFO - Processing /home/airflow/.local/lib/python3.7/site-packages/airflow/example_dags/example_local_kubernetes_executor.py took 2.556 seconds
[2023-02-16T23:34:50.558+0000] {processor.py:153} INFO - Started process (PID=464) to work on /home/airflow/.local/lib/python3.7/site-packages/airflow/example_dags/example_local_kubernetes_executor.py
[2023-02-16T23:34:50.581+0000] {processor.py:743} INFO - Processing file /home/airflow/.local/lib/python3.7/site-packages/airflow/example_dags/example_local_kubernetes_executor.py for tasks to queue
[2023-02-16T23:34:50.603+0000] {logging_mixin.py:137} INFO - [2023-02-16T23:34:50.603+0000] {dagbag.py:538} INFO - Filling up the DagBag from /home/airflow/.local/lib/python3.7/site-packages/airflow/example_dags/example_local_kubernetes_executor.py
[2023-02-16T23:34:51.054+0000] {processor.py:753} INFO - DAG(s) dict_keys(['example_local_kubernetes_executor']) retrieved from /home/airflow/.local/lib/python3.7/site-packages/airflow/example_dags/example_local_kubernetes_executor.py
[2023-02-16T23:34:51.246+0000] {logging_mixin.py:137} INFO - [2023-02-16T23:34:51.245+0000] {dag.py:2690} INFO - Sync 1 DAGs
[2023-02-16T23:34:51.581+0000] {logging_mixin.py:137} INFO - [2023-02-16T23:34:51.580+0000] {dag.py:3441} INFO - Setting next_dagrun for example_local_kubernetes_executor to None, run_after=None
[2023-02-16T23:34:51.732+0000] {processor.py:175} INFO - Processing /home/airflow/.local/lib/python3.7/site-packages/airflow/example_dags/example_local_kubernetes_executor.py took 1.213 seconds
[2023-02-16T23:35:31.896+0000] {processor.py:153} INFO - Started process (PID=523) to work on /home/airflow/.local/lib/python3.7/site-packages/airflow/example_dags/example_local_kubernetes_executor.py
[2023-02-16T23:35:31.907+0000] {processor.py:743} INFO - Processing file /home/airflow/.local/lib/python3.7/site-packages/airflow/example_dags/example_local_kubernetes_executor.py for tasks to queue
[2023-02-16T23:35:31.934+0000] {logging_mixin.py:137} INFO - [2023-02-16T23:35:31.927+0000] {dagbag.py:538} INFO - Filling up the DagBag from /home/airflow/.local/lib/python3.7/site-packages/airflow/example_dags/example_local_kubernetes_executor.py
[2023-02-16T23:35:32.184+0000] {processor.py:753} INFO - DAG(s) dict_keys(['example_local_kubernetes_executor']) retrieved from /home/airflow/.local/lib/python3.7/site-packages/airflow/example_dags/example_local_kubernetes_executor.py
[2023-02-16T23:35:32.305+0000] {logging_mixin.py:137} INFO - [2023-02-16T23:35:32.305+0000] {dag.py:2690} INFO - Sync 1 DAGs
[2023-02-16T23:35:32.662+0000] {logging_mixin.py:137} INFO - [2023-02-16T23:35:32.661+0000] {dag.py:3441} INFO - Setting next_dagrun for example_local_kubernetes_executor to None, run_after=None
[2023-02-16T23:35:32.836+0000] {processor.py:175} INFO - Processing /home/airflow/.local/lib/python3.7/site-packages/airflow/example_dags/example_local_kubernetes_executor.py took 1.012 seconds
[2023-02-16T23:36:17.192+0000] {processor.py:153} INFO - Started process (PID=573) to work on /home/airflow/.local/lib/python3.7/site-packages/airflow/example_dags/example_local_kubernetes_executor.py
[2023-02-16T23:36:17.206+0000] {processor.py:743} INFO - Processing file /home/airflow/.local/lib/python3.7/site-packages/airflow/example_dags/example_local_kubernetes_executor.py for tasks to queue
[2023-02-16T23:36:17.214+0000] {logging_mixin.py:137} INFO - [2023-02-16T23:36:17.213+0000] {dagbag.py:538} INFO - Filling up the DagBag from /home/airflow/.local/lib/python3.7/site-packages/airflow/example_dags/example_local_kubernetes_executor.py
[2023-02-16T23:36:17.689+0000] {processor.py:753} INFO - DAG(s) dict_keys(['example_local_kubernetes_executor']) retrieved from /home/airflow/.local/lib/python3.7/site-packages/airflow/example_dags/example_local_kubernetes_executor.py
[2023-02-16T23:36:18.309+0000] {logging_mixin.py:137} INFO - [2023-02-16T23:36:18.308+0000] {dag.py:2690} INFO - Sync 1 DAGs
[2023-02-16T23:36:18.619+0000] {logging_mixin.py:137} INFO - [2023-02-16T23:36:18.619+0000] {dag.py:3441} INFO - Setting next_dagrun for example_local_kubernetes_executor to None, run_after=None
[2023-02-16T23:36:18.912+0000] {processor.py:175} INFO - Processing /home/airflow/.local/lib/python3.7/site-packages/airflow/example_dags/example_local_kubernetes_executor.py took 1.757 seconds
[2023-02-16T23:36:53.278+0000] {processor.py:153} INFO - Started process (PID=626) to work on /home/airflow/.local/lib/python3.7/site-packages/airflow/example_dags/example_local_kubernetes_executor.py
[2023-02-16T23:36:53.331+0000] {processor.py:743} INFO - Processing file /home/airflow/.local/lib/python3.7/site-packages/airflow/example_dags/example_local_kubernetes_executor.py for tasks to queue
[2023-02-16T23:36:53.359+0000] {logging_mixin.py:137} INFO - [2023-02-16T23:36:53.358+0000] {dagbag.py:538} INFO - Filling up the DagBag from /home/airflow/.local/lib/python3.7/site-packages/airflow/example_dags/example_local_kubernetes_executor.py
[2023-02-16T23:36:53.696+0000] {processor.py:753} INFO - DAG(s) dict_keys(['example_local_kubernetes_executor']) retrieved from /home/airflow/.local/lib/python3.7/site-packages/airflow/example_dags/example_local_kubernetes_executor.py
[2023-02-16T23:36:54.357+0000] {logging_mixin.py:137} INFO - [2023-02-16T23:36:54.357+0000] {dag.py:2690} INFO - Sync 1 DAGs
[2023-02-16T23:36:54.726+0000] {logging_mixin.py:137} INFO - [2023-02-16T23:36:54.725+0000] {dag.py:3441} INFO - Setting next_dagrun for example_local_kubernetes_executor to None, run_after=None
[2023-02-16T23:36:55.030+0000] {processor.py:175} INFO - Processing /home/airflow/.local/lib/python3.7/site-packages/airflow/example_dags/example_local_kubernetes_executor.py took 1.785 seconds
[2023-02-16T23:38:02.369+0000] {processor.py:153} INFO - Started process (PID=696) to work on /home/airflow/.local/lib/python3.7/site-packages/airflow/example_dags/example_local_kubernetes_executor.py
[2023-02-16T23:38:02.416+0000] {processor.py:743} INFO - Processing file /home/airflow/.local/lib/python3.7/site-packages/airflow/example_dags/example_local_kubernetes_executor.py for tasks to queue
[2023-02-16T23:38:02.435+0000] {logging_mixin.py:137} INFO - [2023-02-16T23:38:02.431+0000] {dagbag.py:538} INFO - Filling up the DagBag from /home/airflow/.local/lib/python3.7/site-packages/airflow/example_dags/example_local_kubernetes_executor.py
[2023-02-16T23:38:03.537+0000] {processor.py:753} INFO - DAG(s) dict_keys(['example_local_kubernetes_executor']) retrieved from /home/airflow/.local/lib/python3.7/site-packages/airflow/example_dags/example_local_kubernetes_executor.py
[2023-02-16T23:38:04.103+0000] {logging_mixin.py:137} INFO - [2023-02-16T23:38:04.103+0000] {dag.py:2690} INFO - Sync 1 DAGs
[2023-02-16T23:38:04.895+0000] {logging_mixin.py:137} INFO - [2023-02-16T23:38:04.882+0000] {dag.py:3441} INFO - Setting next_dagrun for example_local_kubernetes_executor to None, run_after=None
[2023-02-16T23:38:05.376+0000] {processor.py:175} INFO - Processing /home/airflow/.local/lib/python3.7/site-packages/airflow/example_dags/example_local_kubernetes_executor.py took 3.060 seconds
[2023-02-16T23:38:46.802+0000] {processor.py:153} INFO - Started process (PID=747) to work on /home/airflow/.local/lib/python3.7/site-packages/airflow/example_dags/example_local_kubernetes_executor.py
[2023-02-16T23:38:46.808+0000] {processor.py:743} INFO - Processing file /home/airflow/.local/lib/python3.7/site-packages/airflow/example_dags/example_local_kubernetes_executor.py for tasks to queue
[2023-02-16T23:38:46.819+0000] {logging_mixin.py:137} INFO - [2023-02-16T23:38:46.819+0000] {dagbag.py:538} INFO - Filling up the DagBag from /home/airflow/.local/lib/python3.7/site-packages/airflow/example_dags/example_local_kubernetes_executor.py
[2023-02-16T23:38:47.027+0000] {processor.py:753} INFO - DAG(s) dict_keys(['example_local_kubernetes_executor']) retrieved from /home/airflow/.local/lib/python3.7/site-packages/airflow/example_dags/example_local_kubernetes_executor.py
[2023-02-16T23:38:47.490+0000] {logging_mixin.py:137} INFO - [2023-02-16T23:38:47.490+0000] {dag.py:2690} INFO - Sync 1 DAGs
[2023-02-16T23:38:47.810+0000] {logging_mixin.py:137} INFO - [2023-02-16T23:38:47.810+0000] {dag.py:3441} INFO - Setting next_dagrun for example_local_kubernetes_executor to None, run_after=None
[2023-02-16T23:38:48.120+0000] {processor.py:175} INFO - Processing /home/airflow/.local/lib/python3.7/site-packages/airflow/example_dags/example_local_kubernetes_executor.py took 1.342 seconds
[2023-02-16T23:39:33.027+0000] {processor.py:153} INFO - Started process (PID=806) to work on /home/airflow/.local/lib/python3.7/site-packages/airflow/example_dags/example_local_kubernetes_executor.py
[2023-02-16T23:39:33.104+0000] {processor.py:743} INFO - Processing file /home/airflow/.local/lib/python3.7/site-packages/airflow/example_dags/example_local_kubernetes_executor.py for tasks to queue
[2023-02-16T23:39:33.138+0000] {logging_mixin.py:137} INFO - [2023-02-16T23:39:33.116+0000] {dagbag.py:538} INFO - Filling up the DagBag from /home/airflow/.local/lib/python3.7/site-packages/airflow/example_dags/example_local_kubernetes_executor.py
[2023-02-16T23:39:35.186+0000] {processor.py:753} INFO - DAG(s) dict_keys(['example_local_kubernetes_executor']) retrieved from /home/airflow/.local/lib/python3.7/site-packages/airflow/example_dags/example_local_kubernetes_executor.py
[2023-02-16T23:39:35.983+0000] {logging_mixin.py:137} INFO - [2023-02-16T23:39:35.983+0000] {dag.py:2690} INFO - Sync 1 DAGs
[2023-02-16T23:39:36.696+0000] {logging_mixin.py:137} INFO - [2023-02-16T23:39:36.696+0000] {dag.py:3441} INFO - Setting next_dagrun for example_local_kubernetes_executor to None, run_after=None
[2023-02-16T23:39:37.382+0000] {processor.py:175} INFO - Processing /home/airflow/.local/lib/python3.7/site-packages/airflow/example_dags/example_local_kubernetes_executor.py took 4.636 seconds
[2023-02-16T23:40:44.184+0000] {processor.py:153} INFO - Started process (PID=883) to work on /home/airflow/.local/lib/python3.7/site-packages/airflow/example_dags/example_local_kubernetes_executor.py
[2023-02-16T23:40:44.226+0000] {processor.py:743} INFO - Processing file /home/airflow/.local/lib/python3.7/site-packages/airflow/example_dags/example_local_kubernetes_executor.py for tasks to queue
[2023-02-16T23:40:44.281+0000] {logging_mixin.py:137} INFO - [2023-02-16T23:40:44.280+0000] {dagbag.py:538} INFO - Filling up the DagBag from /home/airflow/.local/lib/python3.7/site-packages/airflow/example_dags/example_local_kubernetes_executor.py
[2023-02-16T23:40:44.566+0000] {processor.py:753} INFO - DAG(s) dict_keys(['example_local_kubernetes_executor']) retrieved from /home/airflow/.local/lib/python3.7/site-packages/airflow/example_dags/example_local_kubernetes_executor.py
[2023-02-16T23:40:45.946+0000] {logging_mixin.py:137} INFO - [2023-02-16T23:40:45.946+0000] {dag.py:2690} INFO - Sync 1 DAGs
[2023-02-16T23:40:46.569+0000] {logging_mixin.py:137} INFO - [2023-02-16T23:40:46.568+0000] {dag.py:3441} INFO - Setting next_dagrun for example_local_kubernetes_executor to None, run_after=None
[2023-02-16T23:40:46.890+0000] {processor.py:175} INFO - Processing /home/airflow/.local/lib/python3.7/site-packages/airflow/example_dags/example_local_kubernetes_executor.py took 2.757 seconds
[2023-02-16T23:41:19.254+0000] {processor.py:153} INFO - Started process (PID=934) to work on /home/airflow/.local/lib/python3.7/site-packages/airflow/example_dags/example_local_kubernetes_executor.py
[2023-02-16T23:41:19.262+0000] {processor.py:743} INFO - Processing file /home/airflow/.local/lib/python3.7/site-packages/airflow/example_dags/example_local_kubernetes_executor.py for tasks to queue
[2023-02-16T23:41:19.273+0000] {logging_mixin.py:137} INFO - [2023-02-16T23:41:19.266+0000] {dagbag.py:538} INFO - Filling up the DagBag from /home/airflow/.local/lib/python3.7/site-packages/airflow/example_dags/example_local_kubernetes_executor.py
[2023-02-16T23:41:19.473+0000] {processor.py:753} INFO - DAG(s) dict_keys(['example_local_kubernetes_executor']) retrieved from /home/airflow/.local/lib/python3.7/site-packages/airflow/example_dags/example_local_kubernetes_executor.py
[2023-02-16T23:41:19.892+0000] {logging_mixin.py:137} INFO - [2023-02-16T23:41:19.891+0000] {dag.py:2690} INFO - Sync 1 DAGs
[2023-02-16T23:41:20.739+0000] {logging_mixin.py:137} INFO - [2023-02-16T23:41:20.723+0000] {dag.py:3441} INFO - Setting next_dagrun for example_local_kubernetes_executor to None, run_after=None
[2023-02-16T23:41:21.004+0000] {processor.py:175} INFO - Processing /home/airflow/.local/lib/python3.7/site-packages/airflow/example_dags/example_local_kubernetes_executor.py took 1.787 seconds
[2023-02-16T23:42:09.252+0000] {processor.py:153} INFO - Started process (PID=978) to work on /home/airflow/.local/lib/python3.7/site-packages/airflow/example_dags/example_local_kubernetes_executor.py
[2023-02-16T23:42:09.270+0000] {processor.py:743} INFO - Processing file /home/airflow/.local/lib/python3.7/site-packages/airflow/example_dags/example_local_kubernetes_executor.py for tasks to queue
[2023-02-16T23:42:09.279+0000] {logging_mixin.py:137} INFO - [2023-02-16T23:42:09.277+0000] {dagbag.py:538} INFO - Filling up the DagBag from /home/airflow/.local/lib/python3.7/site-packages/airflow/example_dags/example_local_kubernetes_executor.py
[2023-02-16T23:42:09.657+0000] {processor.py:753} INFO - DAG(s) dict_keys(['example_local_kubernetes_executor']) retrieved from /home/airflow/.local/lib/python3.7/site-packages/airflow/example_dags/example_local_kubernetes_executor.py
[2023-02-16T23:42:10.525+0000] {logging_mixin.py:137} INFO - [2023-02-16T23:42:10.524+0000] {dag.py:2690} INFO - Sync 1 DAGs
[2023-02-16T23:42:11.875+0000] {logging_mixin.py:137} INFO - [2023-02-16T23:42:11.874+0000] {dag.py:3441} INFO - Setting next_dagrun for example_local_kubernetes_executor to None, run_after=None
[2023-02-16T23:42:12.120+0000] {processor.py:175} INFO - Processing /home/airflow/.local/lib/python3.7/site-packages/airflow/example_dags/example_local_kubernetes_executor.py took 2.915 seconds
[2023-02-16T23:43:07.802+0000] {processor.py:153} INFO - Started process (PID=1047) to work on /home/airflow/.local/lib/python3.7/site-packages/airflow/example_dags/example_local_kubernetes_executor.py
[2023-02-16T23:43:07.820+0000] {processor.py:743} INFO - Processing file /home/airflow/.local/lib/python3.7/site-packages/airflow/example_dags/example_local_kubernetes_executor.py for tasks to queue
[2023-02-16T23:43:07.839+0000] {logging_mixin.py:137} INFO - [2023-02-16T23:43:07.838+0000] {dagbag.py:538} INFO - Filling up the DagBag from /home/airflow/.local/lib/python3.7/site-packages/airflow/example_dags/example_local_kubernetes_executor.py
[2023-02-16T23:43:08.509+0000] {processor.py:753} INFO - DAG(s) dict_keys(['example_local_kubernetes_executor']) retrieved from /home/airflow/.local/lib/python3.7/site-packages/airflow/example_dags/example_local_kubernetes_executor.py
[2023-02-16T23:43:08.907+0000] {logging_mixin.py:137} INFO - [2023-02-16T23:43:08.906+0000] {dag.py:2690} INFO - Sync 1 DAGs
[2023-02-16T23:43:09.213+0000] {logging_mixin.py:137} INFO - [2023-02-16T23:43:09.213+0000] {dag.py:3441} INFO - Setting next_dagrun for example_local_kubernetes_executor to None, run_after=None
[2023-02-16T23:43:09.645+0000] {processor.py:175} INFO - Processing /home/airflow/.local/lib/python3.7/site-packages/airflow/example_dags/example_local_kubernetes_executor.py took 1.911 seconds
[2023-02-16T23:43:50.236+0000] {processor.py:153} INFO - Started process (PID=1100) to work on /home/airflow/.local/lib/python3.7/site-packages/airflow/example_dags/example_local_kubernetes_executor.py
[2023-02-16T23:43:50.250+0000] {processor.py:743} INFO - Processing file /home/airflow/.local/lib/python3.7/site-packages/airflow/example_dags/example_local_kubernetes_executor.py for tasks to queue
[2023-02-16T23:43:50.255+0000] {logging_mixin.py:137} INFO - [2023-02-16T23:43:50.255+0000] {dagbag.py:538} INFO - Filling up the DagBag from /home/airflow/.local/lib/python3.7/site-packages/airflow/example_dags/example_local_kubernetes_executor.py
[2023-02-16T23:43:51.102+0000] {processor.py:753} INFO - DAG(s) dict_keys(['example_local_kubernetes_executor']) retrieved from /home/airflow/.local/lib/python3.7/site-packages/airflow/example_dags/example_local_kubernetes_executor.py
[2023-02-16T23:43:51.533+0000] {logging_mixin.py:137} INFO - [2023-02-16T23:43:51.533+0000] {dag.py:2690} INFO - Sync 1 DAGs
[2023-02-16T23:43:51.883+0000] {logging_mixin.py:137} INFO - [2023-02-16T23:43:51.882+0000] {dag.py:3441} INFO - Setting next_dagrun for example_local_kubernetes_executor to None, run_after=None
[2023-02-16T23:43:52.333+0000] {processor.py:175} INFO - Processing /home/airflow/.local/lib/python3.7/site-packages/airflow/example_dags/example_local_kubernetes_executor.py took 2.208 seconds
[2023-02-16T23:44:35.412+0000] {processor.py:153} INFO - Started process (PID=1158) to work on /home/airflow/.local/lib/python3.7/site-packages/airflow/example_dags/example_local_kubernetes_executor.py
[2023-02-16T23:44:35.430+0000] {processor.py:743} INFO - Processing file /home/airflow/.local/lib/python3.7/site-packages/airflow/example_dags/example_local_kubernetes_executor.py for tasks to queue
[2023-02-16T23:44:35.436+0000] {logging_mixin.py:137} INFO - [2023-02-16T23:44:35.436+0000] {dagbag.py:538} INFO - Filling up the DagBag from /home/airflow/.local/lib/python3.7/site-packages/airflow/example_dags/example_local_kubernetes_executor.py
[2023-02-16T23:44:36.207+0000] {processor.py:753} INFO - DAG(s) dict_keys(['example_local_kubernetes_executor']) retrieved from /home/airflow/.local/lib/python3.7/site-packages/airflow/example_dags/example_local_kubernetes_executor.py
[2023-02-16T23:44:36.596+0000] {logging_mixin.py:137} INFO - [2023-02-16T23:44:36.595+0000] {dag.py:2690} INFO - Sync 1 DAGs
[2023-02-16T23:44:36.996+0000] {logging_mixin.py:137} INFO - [2023-02-16T23:44:36.995+0000] {dag.py:3441} INFO - Setting next_dagrun for example_local_kubernetes_executor to None, run_after=None
[2023-02-16T23:44:37.430+0000] {processor.py:175} INFO - Processing /home/airflow/.local/lib/python3.7/site-packages/airflow/example_dags/example_local_kubernetes_executor.py took 2.039 seconds
[2023-02-16T23:45:37.115+0000] {processor.py:153} INFO - Started process (PID=1223) to work on /home/airflow/.local/lib/python3.7/site-packages/airflow/example_dags/example_local_kubernetes_executor.py
[2023-02-16T23:45:37.161+0000] {processor.py:743} INFO - Processing file /home/airflow/.local/lib/python3.7/site-packages/airflow/example_dags/example_local_kubernetes_executor.py for tasks to queue
[2023-02-16T23:45:37.174+0000] {logging_mixin.py:137} INFO - [2023-02-16T23:45:37.174+0000] {dagbag.py:538} INFO - Filling up the DagBag from /home/airflow/.local/lib/python3.7/site-packages/airflow/example_dags/example_local_kubernetes_executor.py
[2023-02-16T23:45:38.014+0000] {processor.py:753} INFO - DAG(s) dict_keys(['example_local_kubernetes_executor']) retrieved from /home/airflow/.local/lib/python3.7/site-packages/airflow/example_dags/example_local_kubernetes_executor.py
[2023-02-16T23:45:38.872+0000] {logging_mixin.py:137} INFO - [2023-02-16T23:45:38.871+0000] {dag.py:2690} INFO - Sync 1 DAGs
[2023-02-16T23:45:39.502+0000] {logging_mixin.py:137} INFO - [2023-02-16T23:45:39.502+0000] {dag.py:3441} INFO - Setting next_dagrun for example_local_kubernetes_executor to None, run_after=None
[2023-02-16T23:45:39.785+0000] {processor.py:175} INFO - Processing /home/airflow/.local/lib/python3.7/site-packages/airflow/example_dags/example_local_kubernetes_executor.py took 2.748 seconds
[2023-02-16T23:46:27.288+0000] {processor.py:153} INFO - Started process (PID=1273) to work on /home/airflow/.local/lib/python3.7/site-packages/airflow/example_dags/example_local_kubernetes_executor.py
[2023-02-16T23:46:27.331+0000] {processor.py:743} INFO - Processing file /home/airflow/.local/lib/python3.7/site-packages/airflow/example_dags/example_local_kubernetes_executor.py for tasks to queue
[2023-02-16T23:46:27.342+0000] {logging_mixin.py:137} INFO - [2023-02-16T23:46:27.341+0000] {dagbag.py:538} INFO - Filling up the DagBag from /home/airflow/.local/lib/python3.7/site-packages/airflow/example_dags/example_local_kubernetes_executor.py
[2023-02-16T23:46:27.912+0000] {processor.py:753} INFO - DAG(s) dict_keys(['example_local_kubernetes_executor']) retrieved from /home/airflow/.local/lib/python3.7/site-packages/airflow/example_dags/example_local_kubernetes_executor.py
[2023-02-16T23:46:28.278+0000] {logging_mixin.py:137} INFO - [2023-02-16T23:46:28.275+0000] {dag.py:2690} INFO - Sync 1 DAGs
[2023-02-16T23:46:28.642+0000] {logging_mixin.py:137} INFO - [2023-02-16T23:46:28.642+0000] {dag.py:3441} INFO - Setting next_dagrun for example_local_kubernetes_executor to None, run_after=None
[2023-02-16T23:46:29.046+0000] {processor.py:175} INFO - Processing /home/airflow/.local/lib/python3.7/site-packages/airflow/example_dags/example_local_kubernetes_executor.py took 2.119 seconds
[2023-02-16T23:47:35.031+0000] {processor.py:153} INFO - Started process (PID=1329) to work on /home/airflow/.local/lib/python3.7/site-packages/airflow/example_dags/example_local_kubernetes_executor.py
[2023-02-16T23:47:35.054+0000] {processor.py:743} INFO - Processing file /home/airflow/.local/lib/python3.7/site-packages/airflow/example_dags/example_local_kubernetes_executor.py for tasks to queue
[2023-02-16T23:47:35.062+0000] {logging_mixin.py:137} INFO - [2023-02-16T23:47:35.060+0000] {dagbag.py:538} INFO - Filling up the DagBag from /home/airflow/.local/lib/python3.7/site-packages/airflow/example_dags/example_local_kubernetes_executor.py
[2023-02-16T23:47:35.907+0000] {processor.py:753} INFO - DAG(s) dict_keys(['example_local_kubernetes_executor']) retrieved from /home/airflow/.local/lib/python3.7/site-packages/airflow/example_dags/example_local_kubernetes_executor.py
[2023-02-16T23:47:36.160+0000] {logging_mixin.py:137} INFO - [2023-02-16T23:47:36.160+0000] {dag.py:2690} INFO - Sync 1 DAGs
[2023-02-16T23:47:37.632+0000] {logging_mixin.py:137} INFO - [2023-02-16T23:47:37.632+0000] {dag.py:3441} INFO - Setting next_dagrun for example_local_kubernetes_executor to None, run_after=None
[2023-02-16T23:47:38.458+0000] {processor.py:175} INFO - Processing /home/airflow/.local/lib/python3.7/site-packages/airflow/example_dags/example_local_kubernetes_executor.py took 3.598 seconds
[2023-02-16T23:49:22.212+0000] {processor.py:153} INFO - Started process (PID=1411) to work on /home/airflow/.local/lib/python3.7/site-packages/airflow/example_dags/example_local_kubernetes_executor.py
[2023-02-16T23:49:22.230+0000] {processor.py:743} INFO - Processing file /home/airflow/.local/lib/python3.7/site-packages/airflow/example_dags/example_local_kubernetes_executor.py for tasks to queue
[2023-02-16T23:49:22.240+0000] {logging_mixin.py:137} INFO - [2023-02-16T23:49:22.240+0000] {dagbag.py:538} INFO - Filling up the DagBag from /home/airflow/.local/lib/python3.7/site-packages/airflow/example_dags/example_local_kubernetes_executor.py
[2023-02-16T23:49:23.087+0000] {processor.py:753} INFO - DAG(s) dict_keys(['example_local_kubernetes_executor']) retrieved from /home/airflow/.local/lib/python3.7/site-packages/airflow/example_dags/example_local_kubernetes_executor.py
[2023-02-16T23:49:24.113+0000] {logging_mixin.py:137} INFO - [2023-02-16T23:49:24.113+0000] {dag.py:2690} INFO - Sync 1 DAGs
[2023-02-16T23:49:24.970+0000] {logging_mixin.py:137} INFO - [2023-02-16T23:49:24.970+0000] {dag.py:3441} INFO - Setting next_dagrun for example_local_kubernetes_executor to None, run_after=None
[2023-02-16T23:49:25.799+0000] {processor.py:175} INFO - Processing /home/airflow/.local/lib/python3.7/site-packages/airflow/example_dags/example_local_kubernetes_executor.py took 3.710 seconds
[2023-02-16T23:50:48.399+0000] {processor.py:153} INFO - Started process (PID=1486) to work on /home/airflow/.local/lib/python3.7/site-packages/airflow/example_dags/example_local_kubernetes_executor.py
[2023-02-16T23:50:48.413+0000] {processor.py:743} INFO - Processing file /home/airflow/.local/lib/python3.7/site-packages/airflow/example_dags/example_local_kubernetes_executor.py for tasks to queue
[2023-02-16T23:50:48.436+0000] {logging_mixin.py:137} INFO - [2023-02-16T23:50:48.435+0000] {dagbag.py:538} INFO - Filling up the DagBag from /home/airflow/.local/lib/python3.7/site-packages/airflow/example_dags/example_local_kubernetes_executor.py
[2023-02-16T23:50:50.035+0000] {processor.py:753} INFO - DAG(s) dict_keys(['example_local_kubernetes_executor']) retrieved from /home/airflow/.local/lib/python3.7/site-packages/airflow/example_dags/example_local_kubernetes_executor.py
[2023-02-16T23:50:51.731+0000] {logging_mixin.py:137} INFO - [2023-02-16T23:50:51.731+0000] {dag.py:2690} INFO - Sync 1 DAGs
[2023-02-16T23:50:52.847+0000] {logging_mixin.py:137} INFO - [2023-02-16T23:50:52.846+0000] {dag.py:3441} INFO - Setting next_dagrun for example_local_kubernetes_executor to None, run_after=None
[2023-02-16T23:50:53.467+0000] {processor.py:175} INFO - Processing /home/airflow/.local/lib/python3.7/site-packages/airflow/example_dags/example_local_kubernetes_executor.py took 5.105 seconds
[2023-02-16T23:51:53.535+0000] {processor.py:153} INFO - Started process (PID=1536) to work on /home/airflow/.local/lib/python3.7/site-packages/airflow/example_dags/example_local_kubernetes_executor.py
[2023-02-16T23:51:53.858+0000] {processor.py:743} INFO - Processing file /home/airflow/.local/lib/python3.7/site-packages/airflow/example_dags/example_local_kubernetes_executor.py for tasks to queue
[2023-02-16T23:51:53.870+0000] {logging_mixin.py:137} INFO - [2023-02-16T23:51:53.870+0000] {dagbag.py:538} INFO - Filling up the DagBag from /home/airflow/.local/lib/python3.7/site-packages/airflow/example_dags/example_local_kubernetes_executor.py
[2023-02-16T23:51:56.458+0000] {processor.py:753} INFO - DAG(s) dict_keys(['example_local_kubernetes_executor']) retrieved from /home/airflow/.local/lib/python3.7/site-packages/airflow/example_dags/example_local_kubernetes_executor.py
[2023-02-16T23:51:57.676+0000] {logging_mixin.py:137} INFO - [2023-02-16T23:51:57.676+0000] {dag.py:2690} INFO - Sync 1 DAGs
[2023-02-16T23:51:59.653+0000] {logging_mixin.py:137} INFO - [2023-02-16T23:51:59.653+0000] {dag.py:3441} INFO - Setting next_dagrun for example_local_kubernetes_executor to None, run_after=None
[2023-02-16T23:52:00.273+0000] {processor.py:175} INFO - Processing /home/airflow/.local/lib/python3.7/site-packages/airflow/example_dags/example_local_kubernetes_executor.py took 7.074 seconds
[2023-02-16T23:54:00.284+0000] {processor.py:153} INFO - Started process (PID=1623) to work on /home/airflow/.local/lib/python3.7/site-packages/airflow/example_dags/example_local_kubernetes_executor.py
[2023-02-16T23:54:00.334+0000] {processor.py:743} INFO - Processing file /home/airflow/.local/lib/python3.7/site-packages/airflow/example_dags/example_local_kubernetes_executor.py for tasks to queue
[2023-02-16T23:54:00.379+0000] {logging_mixin.py:137} INFO - [2023-02-16T23:54:00.368+0000] {dagbag.py:538} INFO - Filling up the DagBag from /home/airflow/.local/lib/python3.7/site-packages/airflow/example_dags/example_local_kubernetes_executor.py
[2023-02-16T23:54:01.135+0000] {processor.py:753} INFO - DAG(s) dict_keys(['example_local_kubernetes_executor']) retrieved from /home/airflow/.local/lib/python3.7/site-packages/airflow/example_dags/example_local_kubernetes_executor.py
[2023-02-16T23:54:02.316+0000] {logging_mixin.py:137} INFO - [2023-02-16T23:54:02.316+0000] {dag.py:2690} INFO - Sync 1 DAGs
[2023-02-16T23:54:02.929+0000] {logging_mixin.py:137} INFO - [2023-02-16T23:54:02.929+0000] {dag.py:3441} INFO - Setting next_dagrun for example_local_kubernetes_executor to None, run_after=None
[2023-02-16T23:54:03.372+0000] {processor.py:175} INFO - Processing /home/airflow/.local/lib/python3.7/site-packages/airflow/example_dags/example_local_kubernetes_executor.py took 3.146 seconds
[2023-02-16T23:54:57.148+0000] {processor.py:153} INFO - Started process (PID=1681) to work on /home/airflow/.local/lib/python3.7/site-packages/airflow/example_dags/example_local_kubernetes_executor.py
[2023-02-16T23:54:57.197+0000] {processor.py:743} INFO - Processing file /home/airflow/.local/lib/python3.7/site-packages/airflow/example_dags/example_local_kubernetes_executor.py for tasks to queue
[2023-02-16T23:54:57.221+0000] {logging_mixin.py:137} INFO - [2023-02-16T23:54:57.220+0000] {dagbag.py:538} INFO - Filling up the DagBag from /home/airflow/.local/lib/python3.7/site-packages/airflow/example_dags/example_local_kubernetes_executor.py
[2023-02-16T23:54:58.153+0000] {processor.py:753} INFO - DAG(s) dict_keys(['example_local_kubernetes_executor']) retrieved from /home/airflow/.local/lib/python3.7/site-packages/airflow/example_dags/example_local_kubernetes_executor.py
[2023-02-16T23:54:59.074+0000] {logging_mixin.py:137} INFO - [2023-02-16T23:54:59.074+0000] {dag.py:2690} INFO - Sync 1 DAGs
[2023-02-16T23:54:59.507+0000] {logging_mixin.py:137} INFO - [2023-02-16T23:54:59.507+0000] {dag.py:3441} INFO - Setting next_dagrun for example_local_kubernetes_executor to None, run_after=None
[2023-02-16T23:54:59.903+0000] {processor.py:175} INFO - Processing /home/airflow/.local/lib/python3.7/site-packages/airflow/example_dags/example_local_kubernetes_executor.py took 3.018 seconds
[2023-02-16T23:55:55.479+0000] {processor.py:153} INFO - Started process (PID=1730) to work on /home/airflow/.local/lib/python3.7/site-packages/airflow/example_dags/example_local_kubernetes_executor.py
[2023-02-16T23:55:55.513+0000] {processor.py:743} INFO - Processing file /home/airflow/.local/lib/python3.7/site-packages/airflow/example_dags/example_local_kubernetes_executor.py for tasks to queue
[2023-02-16T23:55:55.596+0000] {logging_mixin.py:137} INFO - [2023-02-16T23:55:55.595+0000] {dagbag.py:538} INFO - Filling up the DagBag from /home/airflow/.local/lib/python3.7/site-packages/airflow/example_dags/example_local_kubernetes_executor.py
[2023-02-16T23:55:56.723+0000] {processor.py:753} INFO - DAG(s) dict_keys(['example_local_kubernetes_executor']) retrieved from /home/airflow/.local/lib/python3.7/site-packages/airflow/example_dags/example_local_kubernetes_executor.py
[2023-02-16T23:55:57.132+0000] {logging_mixin.py:137} INFO - [2023-02-16T23:55:57.132+0000] {dag.py:2690} INFO - Sync 1 DAGs
[2023-02-16T23:55:57.490+0000] {logging_mixin.py:137} INFO - [2023-02-16T23:55:57.490+0000] {dag.py:3441} INFO - Setting next_dagrun for example_local_kubernetes_executor to None, run_after=None
[2023-02-16T23:55:57.675+0000] {processor.py:175} INFO - Processing /home/airflow/.local/lib/python3.7/site-packages/airflow/example_dags/example_local_kubernetes_executor.py took 2.314 seconds
[2023-02-16T23:56:28.291+0000] {processor.py:153} INFO - Started process (PID=1788) to work on /home/airflow/.local/lib/python3.7/site-packages/airflow/example_dags/example_local_kubernetes_executor.py
[2023-02-16T23:56:28.311+0000] {processor.py:743} INFO - Processing file /home/airflow/.local/lib/python3.7/site-packages/airflow/example_dags/example_local_kubernetes_executor.py for tasks to queue
[2023-02-16T23:56:28.316+0000] {logging_mixin.py:137} INFO - [2023-02-16T23:56:28.315+0000] {dagbag.py:538} INFO - Filling up the DagBag from /home/airflow/.local/lib/python3.7/site-packages/airflow/example_dags/example_local_kubernetes_executor.py
[2023-02-16T23:56:28.480+0000] {processor.py:753} INFO - DAG(s) dict_keys(['example_local_kubernetes_executor']) retrieved from /home/airflow/.local/lib/python3.7/site-packages/airflow/example_dags/example_local_kubernetes_executor.py
[2023-02-16T23:56:28.700+0000] {logging_mixin.py:137} INFO - [2023-02-16T23:56:28.699+0000] {dag.py:2690} INFO - Sync 1 DAGs
[2023-02-16T23:56:28.855+0000] {logging_mixin.py:137} INFO - [2023-02-16T23:56:28.855+0000] {dag.py:3441} INFO - Setting next_dagrun for example_local_kubernetes_executor to None, run_after=None
[2023-02-16T23:56:29.116+0000] {processor.py:175} INFO - Processing /home/airflow/.local/lib/python3.7/site-packages/airflow/example_dags/example_local_kubernetes_executor.py took 0.866 seconds
[2023-02-16T23:57:07.210+0000] {processor.py:153} INFO - Started process (PID=1842) to work on /home/airflow/.local/lib/python3.7/site-packages/airflow/example_dags/example_local_kubernetes_executor.py
[2023-02-16T23:57:07.221+0000] {processor.py:743} INFO - Processing file /home/airflow/.local/lib/python3.7/site-packages/airflow/example_dags/example_local_kubernetes_executor.py for tasks to queue
[2023-02-16T23:57:07.252+0000] {logging_mixin.py:137} INFO - [2023-02-16T23:57:07.251+0000] {dagbag.py:538} INFO - Filling up the DagBag from /home/airflow/.local/lib/python3.7/site-packages/airflow/example_dags/example_local_kubernetes_executor.py
[2023-02-16T23:57:07.795+0000] {processor.py:753} INFO - DAG(s) dict_keys(['example_local_kubernetes_executor']) retrieved from /home/airflow/.local/lib/python3.7/site-packages/airflow/example_dags/example_local_kubernetes_executor.py
[2023-02-16T23:57:08.163+0000] {logging_mixin.py:137} INFO - [2023-02-16T23:57:08.162+0000] {dag.py:2690} INFO - Sync 1 DAGs
[2023-02-16T23:57:09.247+0000] {logging_mixin.py:137} INFO - [2023-02-16T23:57:09.247+0000] {dag.py:3441} INFO - Setting next_dagrun for example_local_kubernetes_executor to None, run_after=None
[2023-02-16T23:57:09.421+0000] {processor.py:175} INFO - Processing /home/airflow/.local/lib/python3.7/site-packages/airflow/example_dags/example_local_kubernetes_executor.py took 2.364 seconds
[2023-02-16T23:57:43.166+0000] {processor.py:153} INFO - Started process (PID=1906) to work on /home/airflow/.local/lib/python3.7/site-packages/airflow/example_dags/example_local_kubernetes_executor.py
[2023-02-16T23:57:43.183+0000] {processor.py:743} INFO - Processing file /home/airflow/.local/lib/python3.7/site-packages/airflow/example_dags/example_local_kubernetes_executor.py for tasks to queue
[2023-02-16T23:57:43.197+0000] {logging_mixin.py:137} INFO - [2023-02-16T23:57:43.196+0000] {dagbag.py:538} INFO - Filling up the DagBag from /home/airflow/.local/lib/python3.7/site-packages/airflow/example_dags/example_local_kubernetes_executor.py
[2023-02-16T23:57:43.710+0000] {processor.py:753} INFO - DAG(s) dict_keys(['example_local_kubernetes_executor']) retrieved from /home/airflow/.local/lib/python3.7/site-packages/airflow/example_dags/example_local_kubernetes_executor.py
[2023-02-16T23:57:44.723+0000] {logging_mixin.py:137} INFO - [2023-02-16T23:57:44.722+0000] {dag.py:2690} INFO - Sync 1 DAGs
[2023-02-16T23:57:45.314+0000] {logging_mixin.py:137} INFO - [2023-02-16T23:57:45.313+0000] {dag.py:3441} INFO - Setting next_dagrun for example_local_kubernetes_executor to None, run_after=None
[2023-02-16T23:57:45.482+0000] {processor.py:175} INFO - Processing /home/airflow/.local/lib/python3.7/site-packages/airflow/example_dags/example_local_kubernetes_executor.py took 2.401 seconds
[2023-02-16T23:58:20.223+0000] {processor.py:153} INFO - Started process (PID=1970) to work on /home/airflow/.local/lib/python3.7/site-packages/airflow/example_dags/example_local_kubernetes_executor.py
[2023-02-16T23:58:20.229+0000] {processor.py:743} INFO - Processing file /home/airflow/.local/lib/python3.7/site-packages/airflow/example_dags/example_local_kubernetes_executor.py for tasks to queue
[2023-02-16T23:58:20.233+0000] {logging_mixin.py:137} INFO - [2023-02-16T23:58:20.233+0000] {dagbag.py:538} INFO - Filling up the DagBag from /home/airflow/.local/lib/python3.7/site-packages/airflow/example_dags/example_local_kubernetes_executor.py
[2023-02-16T23:58:20.289+0000] {processor.py:753} INFO - DAG(s) dict_keys(['example_local_kubernetes_executor']) retrieved from /home/airflow/.local/lib/python3.7/site-packages/airflow/example_dags/example_local_kubernetes_executor.py
[2023-02-16T23:58:20.358+0000] {logging_mixin.py:137} INFO - [2023-02-16T23:58:20.357+0000] {dag.py:2690} INFO - Sync 1 DAGs
[2023-02-16T23:58:20.432+0000] {logging_mixin.py:137} INFO - [2023-02-16T23:58:20.432+0000] {dag.py:3441} INFO - Setting next_dagrun for example_local_kubernetes_executor to None, run_after=None
[2023-02-16T23:58:20.486+0000] {processor.py:175} INFO - Processing /home/airflow/.local/lib/python3.7/site-packages/airflow/example_dags/example_local_kubernetes_executor.py took 0.272 seconds
[2023-02-16T23:58:57.946+0000] {processor.py:153} INFO - Started process (PID=2037) to work on /home/airflow/.local/lib/python3.7/site-packages/airflow/example_dags/example_local_kubernetes_executor.py
[2023-02-16T23:58:57.958+0000] {processor.py:743} INFO - Processing file /home/airflow/.local/lib/python3.7/site-packages/airflow/example_dags/example_local_kubernetes_executor.py for tasks to queue
[2023-02-16T23:58:57.961+0000] {logging_mixin.py:137} INFO - [2023-02-16T23:58:57.961+0000] {dagbag.py:538} INFO - Filling up the DagBag from /home/airflow/.local/lib/python3.7/site-packages/airflow/example_dags/example_local_kubernetes_executor.py
[2023-02-16T23:58:58.153+0000] {processor.py:753} INFO - DAG(s) dict_keys(['example_local_kubernetes_executor']) retrieved from /home/airflow/.local/lib/python3.7/site-packages/airflow/example_dags/example_local_kubernetes_executor.py
[2023-02-16T23:58:58.717+0000] {logging_mixin.py:137} INFO - [2023-02-16T23:58:58.712+0000] {dag.py:2690} INFO - Sync 1 DAGs
[2023-02-16T23:58:59.535+0000] {logging_mixin.py:137} INFO - [2023-02-16T23:58:59.534+0000] {dag.py:3441} INFO - Setting next_dagrun for example_local_kubernetes_executor to None, run_after=None
[2023-02-16T23:59:00.079+0000] {processor.py:175} INFO - Processing /home/airflow/.local/lib/python3.7/site-packages/airflow/example_dags/example_local_kubernetes_executor.py took 2.166 seconds
