[2023-02-16T22:54:48.711+0000] {processor.py:153} INFO - Started process (PID=113) to work on /home/airflow/.local/lib/python3.7/site-packages/airflow/example_dags/example_branch_labels.py
[2023-02-16T22:54:48.730+0000] {processor.py:743} INFO - Processing file /home/airflow/.local/lib/python3.7/site-packages/airflow/example_dags/example_branch_labels.py for tasks to queue
[2023-02-16T22:54:48.753+0000] {logging_mixin.py:137} INFO - [2023-02-16T22:54:48.752+0000] {dagbag.py:538} INFO - Filling up the DagBag from /home/airflow/.local/lib/python3.7/site-packages/airflow/example_dags/example_branch_labels.py
[2023-02-16T22:54:49.795+0000] {processor.py:753} INFO - DAG(s) dict_keys(['example_branch_labels']) retrieved from /home/airflow/.local/lib/python3.7/site-packages/airflow/example_dags/example_branch_labels.py
[2023-02-16T22:54:50.848+0000] {logging_mixin.py:137} INFO - [2023-02-16T22:54:50.848+0000] {dag.py:2690} INFO - Sync 1 DAGs
[2023-02-16T22:54:51.958+0000] {logging_mixin.py:137} INFO - [2023-02-16T22:54:51.958+0000] {dag.py:3441} INFO - Setting next_dagrun for example_branch_labels to 2023-02-15T00:00:00+00:00, run_after=2023-02-16T00:00:00+00:00
[2023-02-16T22:54:52.781+0000] {processor.py:175} INFO - Processing /home/airflow/.local/lib/python3.7/site-packages/airflow/example_dags/example_branch_labels.py took 4.117 seconds
[2023-02-16T22:58:47.060+0000] {processor.py:153} INFO - Started process (PID=261) to work on /home/airflow/.local/lib/python3.7/site-packages/airflow/example_dags/example_branch_labels.py
[2023-02-16T22:58:47.085+0000] {processor.py:743} INFO - Processing file /home/airflow/.local/lib/python3.7/site-packages/airflow/example_dags/example_branch_labels.py for tasks to queue
[2023-02-16T22:58:47.122+0000] {logging_mixin.py:137} INFO - [2023-02-16T22:58:47.099+0000] {dagbag.py:538} INFO - Filling up the DagBag from /home/airflow/.local/lib/python3.7/site-packages/airflow/example_dags/example_branch_labels.py
[2023-02-16T22:58:48.027+0000] {processor.py:753} INFO - DAG(s) dict_keys(['example_branch_labels']) retrieved from /home/airflow/.local/lib/python3.7/site-packages/airflow/example_dags/example_branch_labels.py
[2023-02-16T22:58:48.805+0000] {logging_mixin.py:137} INFO - [2023-02-16T22:58:48.805+0000] {dag.py:2690} INFO - Sync 1 DAGs
[2023-02-16T22:58:49.569+0000] {logging_mixin.py:137} INFO - [2023-02-16T22:58:49.568+0000] {dag.py:3441} INFO - Setting next_dagrun for example_branch_labels to 2023-02-15T00:00:00+00:00, run_after=2023-02-16T00:00:00+00:00
[2023-02-16T22:58:50.061+0000] {processor.py:175} INFO - Processing /home/airflow/.local/lib/python3.7/site-packages/airflow/example_dags/example_branch_labels.py took 3.093 seconds
[2023-02-16T22:59:22.542+0000] {processor.py:153} INFO - Started process (PID=314) to work on /home/airflow/.local/lib/python3.7/site-packages/airflow/example_dags/example_branch_labels.py
[2023-02-16T22:59:22.551+0000] {processor.py:743} INFO - Processing file /home/airflow/.local/lib/python3.7/site-packages/airflow/example_dags/example_branch_labels.py for tasks to queue
[2023-02-16T22:59:22.559+0000] {logging_mixin.py:137} INFO - [2023-02-16T22:59:22.558+0000] {dagbag.py:538} INFO - Filling up the DagBag from /home/airflow/.local/lib/python3.7/site-packages/airflow/example_dags/example_branch_labels.py
[2023-02-16T22:59:22.611+0000] {processor.py:753} INFO - DAG(s) dict_keys(['example_branch_labels']) retrieved from /home/airflow/.local/lib/python3.7/site-packages/airflow/example_dags/example_branch_labels.py
[2023-02-16T22:59:22.712+0000] {logging_mixin.py:137} INFO - [2023-02-16T22:59:22.712+0000] {dag.py:2690} INFO - Sync 1 DAGs
[2023-02-16T22:59:22.857+0000] {logging_mixin.py:137} INFO - [2023-02-16T22:59:22.857+0000] {dag.py:3441} INFO - Setting next_dagrun for example_branch_labels to 2023-02-15T00:00:00+00:00, run_after=2023-02-16T00:00:00+00:00
[2023-02-16T22:59:22.952+0000] {processor.py:175} INFO - Processing /home/airflow/.local/lib/python3.7/site-packages/airflow/example_dags/example_branch_labels.py took 0.456 seconds
[2023-02-16T23:01:52.141+0000] {processor.py:153} INFO - Started process (PID=413) to work on /home/airflow/.local/lib/python3.7/site-packages/airflow/example_dags/example_branch_labels.py
[2023-02-16T23:01:52.164+0000] {processor.py:743} INFO - Processing file /home/airflow/.local/lib/python3.7/site-packages/airflow/example_dags/example_branch_labels.py for tasks to queue
[2023-02-16T23:01:52.200+0000] {logging_mixin.py:137} INFO - [2023-02-16T23:01:52.183+0000] {dagbag.py:538} INFO - Filling up the DagBag from /home/airflow/.local/lib/python3.7/site-packages/airflow/example_dags/example_branch_labels.py
[2023-02-16T23:01:52.459+0000] {processor.py:753} INFO - DAG(s) dict_keys(['example_branch_labels']) retrieved from /home/airflow/.local/lib/python3.7/site-packages/airflow/example_dags/example_branch_labels.py
[2023-02-16T23:01:52.946+0000] {logging_mixin.py:137} INFO - [2023-02-16T23:01:52.945+0000] {dag.py:2690} INFO - Sync 1 DAGs
[2023-02-16T23:01:53.708+0000] {logging_mixin.py:137} INFO - [2023-02-16T23:01:53.695+0000] {dag.py:3441} INFO - Setting next_dagrun for example_branch_labels to 2023-02-15T00:00:00+00:00, run_after=2023-02-16T00:00:00+00:00
[2023-02-16T23:01:54.077+0000] {processor.py:175} INFO - Processing /home/airflow/.local/lib/python3.7/site-packages/airflow/example_dags/example_branch_labels.py took 2.056 seconds
[2023-02-16T23:02:34.016+0000] {processor.py:153} INFO - Started process (PID=473) to work on /home/airflow/.local/lib/python3.7/site-packages/airflow/example_dags/example_branch_labels.py
[2023-02-16T23:02:34.035+0000] {processor.py:743} INFO - Processing file /home/airflow/.local/lib/python3.7/site-packages/airflow/example_dags/example_branch_labels.py for tasks to queue
[2023-02-16T23:02:34.057+0000] {logging_mixin.py:137} INFO - [2023-02-16T23:02:34.056+0000] {dagbag.py:538} INFO - Filling up the DagBag from /home/airflow/.local/lib/python3.7/site-packages/airflow/example_dags/example_branch_labels.py
[2023-02-16T23:02:34.566+0000] {processor.py:753} INFO - DAG(s) dict_keys(['example_branch_labels']) retrieved from /home/airflow/.local/lib/python3.7/site-packages/airflow/example_dags/example_branch_labels.py
[2023-02-16T23:02:34.753+0000] {logging_mixin.py:137} INFO - [2023-02-16T23:02:34.753+0000] {dag.py:2690} INFO - Sync 1 DAGs
[2023-02-16T23:02:35.251+0000] {logging_mixin.py:137} INFO - [2023-02-16T23:02:35.221+0000] {dag.py:3441} INFO - Setting next_dagrun for example_branch_labels to 2023-02-15T00:00:00+00:00, run_after=2023-02-16T00:00:00+00:00
[2023-02-16T23:02:36.057+0000] {processor.py:175} INFO - Processing /home/airflow/.local/lib/python3.7/site-packages/airflow/example_dags/example_branch_labels.py took 2.119 seconds
[2023-02-16T23:28:03.903+0000] {processor.py:153} INFO - Started process (PID=130) to work on /home/airflow/.local/lib/python3.7/site-packages/airflow/example_dags/example_branch_labels.py
[2023-02-16T23:28:03.911+0000] {processor.py:743} INFO - Processing file /home/airflow/.local/lib/python3.7/site-packages/airflow/example_dags/example_branch_labels.py for tasks to queue
[2023-02-16T23:28:03.927+0000] {logging_mixin.py:137} INFO - [2023-02-16T23:28:03.926+0000] {dagbag.py:538} INFO - Filling up the DagBag from /home/airflow/.local/lib/python3.7/site-packages/airflow/example_dags/example_branch_labels.py
[2023-02-16T23:28:04.389+0000] {processor.py:753} INFO - DAG(s) dict_keys(['example_branch_labels']) retrieved from /home/airflow/.local/lib/python3.7/site-packages/airflow/example_dags/example_branch_labels.py
[2023-02-16T23:28:07.083+0000] {logging_mixin.py:137} INFO - [2023-02-16T23:28:07.083+0000] {manager.py:504} INFO - Created Permission View: can edit on DAG:example_branch_labels
[2023-02-16T23:28:07.268+0000] {logging_mixin.py:137} INFO - [2023-02-16T23:28:07.267+0000] {manager.py:504} INFO - Created Permission View: can delete on DAG:example_branch_labels
[2023-02-16T23:28:07.568+0000] {logging_mixin.py:137} INFO - [2023-02-16T23:28:07.568+0000] {manager.py:504} INFO - Created Permission View: can read on DAG:example_branch_labels
[2023-02-16T23:28:07.598+0000] {logging_mixin.py:137} INFO - [2023-02-16T23:28:07.594+0000] {dag.py:2690} INFO - Sync 1 DAGs
[2023-02-16T23:28:07.858+0000] {logging_mixin.py:137} INFO - [2023-02-16T23:28:07.857+0000] {dag.py:2711} INFO - Creating ORM DAG for example_branch_labels
[2023-02-16T23:28:08.045+0000] {logging_mixin.py:137} INFO - [2023-02-16T23:28:08.044+0000] {dag.py:3441} INFO - Setting next_dagrun for example_branch_labels to 2023-02-15T00:00:00+00:00, run_after=2023-02-16T00:00:00+00:00
[2023-02-16T23:28:08.335+0000] {processor.py:175} INFO - Processing /home/airflow/.local/lib/python3.7/site-packages/airflow/example_dags/example_branch_labels.py took 4.504 seconds
[2023-02-16T23:30:38.348+0000] {processor.py:153} INFO - Started process (PID=241) to work on /home/airflow/.local/lib/python3.7/site-packages/airflow/example_dags/example_branch_labels.py
[2023-02-16T23:30:38.374+0000] {processor.py:743} INFO - Processing file /home/airflow/.local/lib/python3.7/site-packages/airflow/example_dags/example_branch_labels.py for tasks to queue
[2023-02-16T23:30:38.389+0000] {logging_mixin.py:137} INFO - [2023-02-16T23:30:38.389+0000] {dagbag.py:538} INFO - Filling up the DagBag from /home/airflow/.local/lib/python3.7/site-packages/airflow/example_dags/example_branch_labels.py
[2023-02-16T23:30:38.930+0000] {processor.py:753} INFO - DAG(s) dict_keys(['example_branch_labels']) retrieved from /home/airflow/.local/lib/python3.7/site-packages/airflow/example_dags/example_branch_labels.py
[2023-02-16T23:30:39.605+0000] {logging_mixin.py:137} INFO - [2023-02-16T23:30:39.604+0000] {dag.py:2690} INFO - Sync 1 DAGs
[2023-02-16T23:30:40.576+0000] {logging_mixin.py:137} INFO - [2023-02-16T23:30:40.576+0000] {dag.py:3441} INFO - Setting next_dagrun for example_branch_labels to 2023-02-15T00:00:00+00:00, run_after=2023-02-16T00:00:00+00:00
[2023-02-16T23:30:41.813+0000] {processor.py:175} INFO - Processing /home/airflow/.local/lib/python3.7/site-packages/airflow/example_dags/example_branch_labels.py took 3.568 seconds
[2023-02-16T23:31:39.869+0000] {processor.py:153} INFO - Started process (PID=309) to work on /home/airflow/.local/lib/python3.7/site-packages/airflow/example_dags/example_branch_labels.py
[2023-02-16T23:31:39.902+0000] {processor.py:743} INFO - Processing file /home/airflow/.local/lib/python3.7/site-packages/airflow/example_dags/example_branch_labels.py for tasks to queue
[2023-02-16T23:31:40.500+0000] {logging_mixin.py:137} INFO - [2023-02-16T23:31:40.001+0000] {dagbag.py:538} INFO - Filling up the DagBag from /home/airflow/.local/lib/python3.7/site-packages/airflow/example_dags/example_branch_labels.py
[2023-02-16T23:31:42.726+0000] {processor.py:753} INFO - DAG(s) dict_keys(['example_branch_labels']) retrieved from /home/airflow/.local/lib/python3.7/site-packages/airflow/example_dags/example_branch_labels.py
[2023-02-16T23:31:43.360+0000] {logging_mixin.py:137} INFO - [2023-02-16T23:31:43.349+0000] {dag.py:2690} INFO - Sync 1 DAGs
[2023-02-16T23:31:44.054+0000] {logging_mixin.py:137} INFO - [2023-02-16T23:31:44.041+0000] {dag.py:3441} INFO - Setting next_dagrun for example_branch_labels to 2023-02-15T00:00:00+00:00, run_after=2023-02-16T00:00:00+00:00
[2023-02-16T23:31:46.249+0000] {processor.py:175} INFO - Processing /home/airflow/.local/lib/python3.7/site-packages/airflow/example_dags/example_branch_labels.py took 6.679 seconds
[2023-02-16T23:33:25.138+0000] {processor.py:153} INFO - Started process (PID=377) to work on /home/airflow/.local/lib/python3.7/site-packages/airflow/example_dags/example_branch_labels.py
[2023-02-16T23:33:25.171+0000] {processor.py:743} INFO - Processing file /home/airflow/.local/lib/python3.7/site-packages/airflow/example_dags/example_branch_labels.py for tasks to queue
[2023-02-16T23:33:25.192+0000] {logging_mixin.py:137} INFO - [2023-02-16T23:33:25.182+0000] {dagbag.py:538} INFO - Filling up the DagBag from /home/airflow/.local/lib/python3.7/site-packages/airflow/example_dags/example_branch_labels.py
[2023-02-16T23:33:25.877+0000] {processor.py:753} INFO - DAG(s) dict_keys(['example_branch_labels']) retrieved from /home/airflow/.local/lib/python3.7/site-packages/airflow/example_dags/example_branch_labels.py
[2023-02-16T23:33:26.490+0000] {logging_mixin.py:137} INFO - [2023-02-16T23:33:26.490+0000] {dag.py:2690} INFO - Sync 1 DAGs
[2023-02-16T23:33:27.431+0000] {logging_mixin.py:137} INFO - [2023-02-16T23:33:27.431+0000] {dag.py:3441} INFO - Setting next_dagrun for example_branch_labels to 2023-02-15T00:00:00+00:00, run_after=2023-02-16T00:00:00+00:00
[2023-02-16T23:33:28.036+0000] {processor.py:175} INFO - Processing /home/airflow/.local/lib/python3.7/site-packages/airflow/example_dags/example_branch_labels.py took 2.983 seconds
[2023-02-16T23:34:22.647+0000] {processor.py:153} INFO - Started process (PID=434) to work on /home/airflow/.local/lib/python3.7/site-packages/airflow/example_dags/example_branch_labels.py
[2023-02-16T23:34:22.657+0000] {processor.py:743} INFO - Processing file /home/airflow/.local/lib/python3.7/site-packages/airflow/example_dags/example_branch_labels.py for tasks to queue
[2023-02-16T23:34:22.662+0000] {logging_mixin.py:137} INFO - [2023-02-16T23:34:22.661+0000] {dagbag.py:538} INFO - Filling up the DagBag from /home/airflow/.local/lib/python3.7/site-packages/airflow/example_dags/example_branch_labels.py
[2023-02-16T23:34:22.856+0000] {processor.py:753} INFO - DAG(s) dict_keys(['example_branch_labels']) retrieved from /home/airflow/.local/lib/python3.7/site-packages/airflow/example_dags/example_branch_labels.py
[2023-02-16T23:34:23.207+0000] {logging_mixin.py:137} INFO - [2023-02-16T23:34:23.195+0000] {dag.py:2690} INFO - Sync 1 DAGs
[2023-02-16T23:34:23.682+0000] {logging_mixin.py:137} INFO - [2023-02-16T23:34:23.682+0000] {dag.py:3441} INFO - Setting next_dagrun for example_branch_labels to 2023-02-15T00:00:00+00:00, run_after=2023-02-16T00:00:00+00:00
[2023-02-16T23:34:23.997+0000] {processor.py:175} INFO - Processing /home/airflow/.local/lib/python3.7/site-packages/airflow/example_dags/example_branch_labels.py took 1.414 seconds
[2023-02-16T23:35:05.440+0000] {processor.py:153} INFO - Started process (PID=492) to work on /home/airflow/.local/lib/python3.7/site-packages/airflow/example_dags/example_branch_labels.py
[2023-02-16T23:35:05.466+0000] {processor.py:743} INFO - Processing file /home/airflow/.local/lib/python3.7/site-packages/airflow/example_dags/example_branch_labels.py for tasks to queue
[2023-02-16T23:35:05.493+0000] {logging_mixin.py:137} INFO - [2023-02-16T23:35:05.478+0000] {dagbag.py:538} INFO - Filling up the DagBag from /home/airflow/.local/lib/python3.7/site-packages/airflow/example_dags/example_branch_labels.py
[2023-02-16T23:35:06.009+0000] {processor.py:753} INFO - DAG(s) dict_keys(['example_branch_labels']) retrieved from /home/airflow/.local/lib/python3.7/site-packages/airflow/example_dags/example_branch_labels.py
[2023-02-16T23:35:06.280+0000] {logging_mixin.py:137} INFO - [2023-02-16T23:35:06.279+0000] {dag.py:2690} INFO - Sync 1 DAGs
[2023-02-16T23:35:06.630+0000] {logging_mixin.py:137} INFO - [2023-02-16T23:35:06.624+0000] {dag.py:3441} INFO - Setting next_dagrun for example_branch_labels to 2023-02-15T00:00:00+00:00, run_after=2023-02-16T00:00:00+00:00
[2023-02-16T23:35:06.892+0000] {processor.py:175} INFO - Processing /home/airflow/.local/lib/python3.7/site-packages/airflow/example_dags/example_branch_labels.py took 1.486 seconds
[2023-02-16T23:35:45.898+0000] {processor.py:153} INFO - Started process (PID=545) to work on /home/airflow/.local/lib/python3.7/site-packages/airflow/example_dags/example_branch_labels.py
[2023-02-16T23:35:45.926+0000] {processor.py:743} INFO - Processing file /home/airflow/.local/lib/python3.7/site-packages/airflow/example_dags/example_branch_labels.py for tasks to queue
[2023-02-16T23:35:45.962+0000] {logging_mixin.py:137} INFO - [2023-02-16T23:35:45.945+0000] {dagbag.py:538} INFO - Filling up the DagBag from /home/airflow/.local/lib/python3.7/site-packages/airflow/example_dags/example_branch_labels.py
[2023-02-16T23:35:46.276+0000] {processor.py:753} INFO - DAG(s) dict_keys(['example_branch_labels']) retrieved from /home/airflow/.local/lib/python3.7/site-packages/airflow/example_dags/example_branch_labels.py
[2023-02-16T23:35:46.926+0000] {logging_mixin.py:137} INFO - [2023-02-16T23:35:46.914+0000] {dag.py:2690} INFO - Sync 1 DAGs
[2023-02-16T23:35:47.384+0000] {logging_mixin.py:137} INFO - [2023-02-16T23:35:47.384+0000] {dag.py:3441} INFO - Setting next_dagrun for example_branch_labels to 2023-02-15T00:00:00+00:00, run_after=2023-02-16T00:00:00+00:00
[2023-02-16T23:35:47.782+0000] {processor.py:175} INFO - Processing /home/airflow/.local/lib/python3.7/site-packages/airflow/example_dags/example_branch_labels.py took 2.035 seconds
[2023-02-16T23:36:41.626+0000] {processor.py:153} INFO - Started process (PID=610) to work on /home/airflow/.local/lib/python3.7/site-packages/airflow/example_dags/example_branch_labels.py
[2023-02-16T23:36:41.644+0000] {processor.py:743} INFO - Processing file /home/airflow/.local/lib/python3.7/site-packages/airflow/example_dags/example_branch_labels.py for tasks to queue
[2023-02-16T23:36:41.650+0000] {logging_mixin.py:137} INFO - [2023-02-16T23:36:41.649+0000] {dagbag.py:538} INFO - Filling up the DagBag from /home/airflow/.local/lib/python3.7/site-packages/airflow/example_dags/example_branch_labels.py
[2023-02-16T23:36:41.826+0000] {processor.py:753} INFO - DAG(s) dict_keys(['example_branch_labels']) retrieved from /home/airflow/.local/lib/python3.7/site-packages/airflow/example_dags/example_branch_labels.py
[2023-02-16T23:36:42.058+0000] {logging_mixin.py:137} INFO - [2023-02-16T23:36:42.058+0000] {dag.py:2690} INFO - Sync 1 DAGs
[2023-02-16T23:36:42.423+0000] {logging_mixin.py:137} INFO - [2023-02-16T23:36:42.423+0000] {dag.py:3441} INFO - Setting next_dagrun for example_branch_labels to 2023-02-15T00:00:00+00:00, run_after=2023-02-16T00:00:00+00:00
[2023-02-16T23:36:42.851+0000] {processor.py:175} INFO - Processing /home/airflow/.local/lib/python3.7/site-packages/airflow/example_dags/example_branch_labels.py took 1.249 seconds
[2023-02-16T23:37:41.645+0000] {processor.py:153} INFO - Started process (PID=681) to work on /home/airflow/.local/lib/python3.7/site-packages/airflow/example_dags/example_branch_labels.py
[2023-02-16T23:37:41.670+0000] {processor.py:743} INFO - Processing file /home/airflow/.local/lib/python3.7/site-packages/airflow/example_dags/example_branch_labels.py for tasks to queue
[2023-02-16T23:37:41.701+0000] {logging_mixin.py:137} INFO - [2023-02-16T23:37:41.701+0000] {dagbag.py:538} INFO - Filling up the DagBag from /home/airflow/.local/lib/python3.7/site-packages/airflow/example_dags/example_branch_labels.py
[2023-02-16T23:37:42.458+0000] {processor.py:753} INFO - DAG(s) dict_keys(['example_branch_labels']) retrieved from /home/airflow/.local/lib/python3.7/site-packages/airflow/example_dags/example_branch_labels.py
[2023-02-16T23:37:43.365+0000] {logging_mixin.py:137} INFO - [2023-02-16T23:37:43.365+0000] {dag.py:2690} INFO - Sync 1 DAGs
[2023-02-16T23:37:44.010+0000] {logging_mixin.py:137} INFO - [2023-02-16T23:37:44.010+0000] {dag.py:3441} INFO - Setting next_dagrun for example_branch_labels to 2023-02-15T00:00:00+00:00, run_after=2023-02-16T00:00:00+00:00
[2023-02-16T23:37:44.506+0000] {processor.py:175} INFO - Processing /home/airflow/.local/lib/python3.7/site-packages/airflow/example_dags/example_branch_labels.py took 2.914 seconds
[2023-02-16T23:38:54.166+0000] {processor.py:153} INFO - Started process (PID=754) to work on /home/airflow/.local/lib/python3.7/site-packages/airflow/example_dags/example_branch_labels.py
[2023-02-16T23:38:54.190+0000] {processor.py:743} INFO - Processing file /home/airflow/.local/lib/python3.7/site-packages/airflow/example_dags/example_branch_labels.py for tasks to queue
[2023-02-16T23:38:54.229+0000] {logging_mixin.py:137} INFO - [2023-02-16T23:38:54.217+0000] {dagbag.py:538} INFO - Filling up the DagBag from /home/airflow/.local/lib/python3.7/site-packages/airflow/example_dags/example_branch_labels.py
[2023-02-16T23:38:54.538+0000] {processor.py:753} INFO - DAG(s) dict_keys(['example_branch_labels']) retrieved from /home/airflow/.local/lib/python3.7/site-packages/airflow/example_dags/example_branch_labels.py
[2023-02-16T23:38:55.098+0000] {logging_mixin.py:137} INFO - [2023-02-16T23:38:55.097+0000] {dag.py:2690} INFO - Sync 1 DAGs
[2023-02-16T23:38:55.952+0000] {logging_mixin.py:137} INFO - [2023-02-16T23:38:55.952+0000] {dag.py:3441} INFO - Setting next_dagrun for example_branch_labels to 2023-02-15T00:00:00+00:00, run_after=2023-02-16T00:00:00+00:00
[2023-02-16T23:38:56.243+0000] {processor.py:175} INFO - Processing /home/airflow/.local/lib/python3.7/site-packages/airflow/example_dags/example_branch_labels.py took 2.186 seconds
[2023-02-16T23:39:42.965+0000] {processor.py:153} INFO - Started process (PID=822) to work on /home/airflow/.local/lib/python3.7/site-packages/airflow/example_dags/example_branch_labels.py
[2023-02-16T23:39:42.987+0000] {processor.py:743} INFO - Processing file /home/airflow/.local/lib/python3.7/site-packages/airflow/example_dags/example_branch_labels.py for tasks to queue
[2023-02-16T23:39:42.993+0000] {logging_mixin.py:137} INFO - [2023-02-16T23:39:42.992+0000] {dagbag.py:538} INFO - Filling up the DagBag from /home/airflow/.local/lib/python3.7/site-packages/airflow/example_dags/example_branch_labels.py
[2023-02-16T23:39:43.230+0000] {processor.py:753} INFO - DAG(s) dict_keys(['example_branch_labels']) retrieved from /home/airflow/.local/lib/python3.7/site-packages/airflow/example_dags/example_branch_labels.py
[2023-02-16T23:39:43.915+0000] {logging_mixin.py:137} INFO - [2023-02-16T23:39:43.914+0000] {dag.py:2690} INFO - Sync 1 DAGs
[2023-02-16T23:39:44.511+0000] {logging_mixin.py:137} INFO - [2023-02-16T23:39:44.510+0000] {dag.py:3441} INFO - Setting next_dagrun for example_branch_labels to 2023-02-15T00:00:00+00:00, run_after=2023-02-16T00:00:00+00:00
[2023-02-16T23:39:44.713+0000] {processor.py:175} INFO - Processing /home/airflow/.local/lib/python3.7/site-packages/airflow/example_dags/example_branch_labels.py took 1.778 seconds
[2023-02-16T23:40:54.302+0000] {processor.py:153} INFO - Started process (PID=889) to work on /home/airflow/.local/lib/python3.7/site-packages/airflow/example_dags/example_branch_labels.py
[2023-02-16T23:40:54.318+0000] {processor.py:743} INFO - Processing file /home/airflow/.local/lib/python3.7/site-packages/airflow/example_dags/example_branch_labels.py for tasks to queue
[2023-02-16T23:40:54.330+0000] {logging_mixin.py:137} INFO - [2023-02-16T23:40:54.329+0000] {dagbag.py:538} INFO - Filling up the DagBag from /home/airflow/.local/lib/python3.7/site-packages/airflow/example_dags/example_branch_labels.py
[2023-02-16T23:40:54.452+0000] {processor.py:753} INFO - DAG(s) dict_keys(['example_branch_labels']) retrieved from /home/airflow/.local/lib/python3.7/site-packages/airflow/example_dags/example_branch_labels.py
[2023-02-16T23:40:55.611+0000] {logging_mixin.py:137} INFO - [2023-02-16T23:40:55.610+0000] {dag.py:2690} INFO - Sync 1 DAGs
[2023-02-16T23:40:56.655+0000] {logging_mixin.py:137} INFO - [2023-02-16T23:40:56.655+0000] {dag.py:3441} INFO - Setting next_dagrun for example_branch_labels to 2023-02-15T00:00:00+00:00, run_after=2023-02-16T00:00:00+00:00
[2023-02-16T23:40:56.933+0000] {processor.py:175} INFO - Processing /home/airflow/.local/lib/python3.7/site-packages/airflow/example_dags/example_branch_labels.py took 2.679 seconds
[2023-02-16T23:41:33.506+0000] {processor.py:153} INFO - Started process (PID=949) to work on /home/airflow/.local/lib/python3.7/site-packages/airflow/example_dags/example_branch_labels.py
[2023-02-16T23:41:33.531+0000] {processor.py:743} INFO - Processing file /home/airflow/.local/lib/python3.7/site-packages/airflow/example_dags/example_branch_labels.py for tasks to queue
[2023-02-16T23:41:33.552+0000] {logging_mixin.py:137} INFO - [2023-02-16T23:41:33.544+0000] {dagbag.py:538} INFO - Filling up the DagBag from /home/airflow/.local/lib/python3.7/site-packages/airflow/example_dags/example_branch_labels.py
[2023-02-16T23:41:34.129+0000] {processor.py:753} INFO - DAG(s) dict_keys(['example_branch_labels']) retrieved from /home/airflow/.local/lib/python3.7/site-packages/airflow/example_dags/example_branch_labels.py
[2023-02-16T23:41:34.569+0000] {logging_mixin.py:137} INFO - [2023-02-16T23:41:34.563+0000] {dag.py:2690} INFO - Sync 1 DAGs
[2023-02-16T23:41:35.552+0000] {logging_mixin.py:137} INFO - [2023-02-16T23:41:35.552+0000] {dag.py:3441} INFO - Setting next_dagrun for example_branch_labels to 2023-02-15T00:00:00+00:00, run_after=2023-02-16T00:00:00+00:00
[2023-02-16T23:41:36.046+0000] {processor.py:175} INFO - Processing /home/airflow/.local/lib/python3.7/site-packages/airflow/example_dags/example_branch_labels.py took 2.576 seconds
[2023-02-16T23:42:44.694+0000] {processor.py:153} INFO - Started process (PID=1022) to work on /home/airflow/.local/lib/python3.7/site-packages/airflow/example_dags/example_branch_labels.py
[2023-02-16T23:42:44.700+0000] {processor.py:743} INFO - Processing file /home/airflow/.local/lib/python3.7/site-packages/airflow/example_dags/example_branch_labels.py for tasks to queue
[2023-02-16T23:42:44.716+0000] {logging_mixin.py:137} INFO - [2023-02-16T23:42:44.713+0000] {dagbag.py:538} INFO - Filling up the DagBag from /home/airflow/.local/lib/python3.7/site-packages/airflow/example_dags/example_branch_labels.py
[2023-02-16T23:42:44.805+0000] {processor.py:753} INFO - DAG(s) dict_keys(['example_branch_labels']) retrieved from /home/airflow/.local/lib/python3.7/site-packages/airflow/example_dags/example_branch_labels.py
[2023-02-16T23:42:45.008+0000] {logging_mixin.py:137} INFO - [2023-02-16T23:42:45.008+0000] {dag.py:2690} INFO - Sync 1 DAGs
[2023-02-16T23:42:45.435+0000] {logging_mixin.py:137} INFO - [2023-02-16T23:42:45.435+0000] {dag.py:3441} INFO - Setting next_dagrun for example_branch_labels to 2023-02-15T00:00:00+00:00, run_after=2023-02-16T00:00:00+00:00
[2023-02-16T23:42:45.674+0000] {processor.py:175} INFO - Processing /home/airflow/.local/lib/python3.7/site-packages/airflow/example_dags/example_branch_labels.py took 1.023 seconds
[2023-02-16T23:43:28.921+0000] {processor.py:153} INFO - Started process (PID=1075) to work on /home/airflow/.local/lib/python3.7/site-packages/airflow/example_dags/example_branch_labels.py
[2023-02-16T23:43:28.932+0000] {processor.py:743} INFO - Processing file /home/airflow/.local/lib/python3.7/site-packages/airflow/example_dags/example_branch_labels.py for tasks to queue
[2023-02-16T23:43:28.950+0000] {logging_mixin.py:137} INFO - [2023-02-16T23:43:28.944+0000] {dagbag.py:538} INFO - Filling up the DagBag from /home/airflow/.local/lib/python3.7/site-packages/airflow/example_dags/example_branch_labels.py
[2023-02-16T23:43:29.254+0000] {processor.py:753} INFO - DAG(s) dict_keys(['example_branch_labels']) retrieved from /home/airflow/.local/lib/python3.7/site-packages/airflow/example_dags/example_branch_labels.py
[2023-02-16T23:43:29.417+0000] {logging_mixin.py:137} INFO - [2023-02-16T23:43:29.411+0000] {dag.py:2690} INFO - Sync 1 DAGs
[2023-02-16T23:43:30.348+0000] {logging_mixin.py:137} INFO - [2023-02-16T23:43:30.347+0000] {dag.py:3441} INFO - Setting next_dagrun for example_branch_labels to 2023-02-15T00:00:00+00:00, run_after=2023-02-16T00:00:00+00:00
[2023-02-16T23:43:30.536+0000] {processor.py:175} INFO - Processing /home/airflow/.local/lib/python3.7/site-packages/airflow/example_dags/example_branch_labels.py took 1.698 seconds
[2023-02-16T23:44:11.512+0000] {processor.py:153} INFO - Started process (PID=1124) to work on /home/airflow/.local/lib/python3.7/site-packages/airflow/example_dags/example_branch_labels.py
[2023-02-16T23:44:11.527+0000] {processor.py:743} INFO - Processing file /home/airflow/.local/lib/python3.7/site-packages/airflow/example_dags/example_branch_labels.py for tasks to queue
[2023-02-16T23:44:11.538+0000] {logging_mixin.py:137} INFO - [2023-02-16T23:44:11.535+0000] {dagbag.py:538} INFO - Filling up the DagBag from /home/airflow/.local/lib/python3.7/site-packages/airflow/example_dags/example_branch_labels.py
[2023-02-16T23:44:11.656+0000] {processor.py:753} INFO - DAG(s) dict_keys(['example_branch_labels']) retrieved from /home/airflow/.local/lib/python3.7/site-packages/airflow/example_dags/example_branch_labels.py
[2023-02-16T23:44:11.805+0000] {logging_mixin.py:137} INFO - [2023-02-16T23:44:11.804+0000] {dag.py:2690} INFO - Sync 1 DAGs
[2023-02-16T23:44:11.999+0000] {logging_mixin.py:137} INFO - [2023-02-16T23:44:11.999+0000] {dag.py:3441} INFO - Setting next_dagrun for example_branch_labels to 2023-02-15T00:00:00+00:00, run_after=2023-02-16T00:00:00+00:00
[2023-02-16T23:44:12.173+0000] {processor.py:175} INFO - Processing /home/airflow/.local/lib/python3.7/site-packages/airflow/example_dags/example_branch_labels.py took 0.766 seconds
[2023-02-16T23:44:57.095+0000] {processor.py:153} INFO - Started process (PID=1189) to work on /home/airflow/.local/lib/python3.7/site-packages/airflow/example_dags/example_branch_labels.py
[2023-02-16T23:44:57.111+0000] {processor.py:743} INFO - Processing file /home/airflow/.local/lib/python3.7/site-packages/airflow/example_dags/example_branch_labels.py for tasks to queue
[2023-02-16T23:44:57.130+0000] {logging_mixin.py:137} INFO - [2023-02-16T23:44:57.130+0000] {dagbag.py:538} INFO - Filling up the DagBag from /home/airflow/.local/lib/python3.7/site-packages/airflow/example_dags/example_branch_labels.py
[2023-02-16T23:44:57.319+0000] {processor.py:753} INFO - DAG(s) dict_keys(['example_branch_labels']) retrieved from /home/airflow/.local/lib/python3.7/site-packages/airflow/example_dags/example_branch_labels.py
[2023-02-16T23:44:57.942+0000] {logging_mixin.py:137} INFO - [2023-02-16T23:44:57.941+0000] {dag.py:2690} INFO - Sync 1 DAGs
[2023-02-16T23:44:58.415+0000] {logging_mixin.py:137} INFO - [2023-02-16T23:44:58.415+0000] {dag.py:3441} INFO - Setting next_dagrun for example_branch_labels to 2023-02-15T00:00:00+00:00, run_after=2023-02-16T00:00:00+00:00
[2023-02-16T23:44:59.079+0000] {processor.py:175} INFO - Processing /home/airflow/.local/lib/python3.7/site-packages/airflow/example_dags/example_branch_labels.py took 2.007 seconds
[2023-02-16T23:45:43.882+0000] {processor.py:153} INFO - Started process (PID=1238) to work on /home/airflow/.local/lib/python3.7/site-packages/airflow/example_dags/example_branch_labels.py
[2023-02-16T23:45:43.891+0000] {processor.py:743} INFO - Processing file /home/airflow/.local/lib/python3.7/site-packages/airflow/example_dags/example_branch_labels.py for tasks to queue
[2023-02-16T23:45:43.908+0000] {logging_mixin.py:137} INFO - [2023-02-16T23:45:43.908+0000] {dagbag.py:538} INFO - Filling up the DagBag from /home/airflow/.local/lib/python3.7/site-packages/airflow/example_dags/example_branch_labels.py
[2023-02-16T23:45:44.346+0000] {processor.py:753} INFO - DAG(s) dict_keys(['example_branch_labels']) retrieved from /home/airflow/.local/lib/python3.7/site-packages/airflow/example_dags/example_branch_labels.py
[2023-02-16T23:45:44.862+0000] {logging_mixin.py:137} INFO - [2023-02-16T23:45:44.862+0000] {dag.py:2690} INFO - Sync 1 DAGs
[2023-02-16T23:45:45.359+0000] {logging_mixin.py:137} INFO - [2023-02-16T23:45:45.354+0000] {dag.py:3441} INFO - Setting next_dagrun for example_branch_labels to 2023-02-15T00:00:00+00:00, run_after=2023-02-16T00:00:00+00:00
[2023-02-16T23:45:48.899+0000] {processor.py:175} INFO - Processing /home/airflow/.local/lib/python3.7/site-packages/airflow/example_dags/example_branch_labels.py took 5.092 seconds
