[2023-02-16T22:57:21.766+0000] {processor.py:153} INFO - Started process (PID=198) to work on /home/airflow/.local/lib/python3.7/site-packages/airflow/example_dags/example_python_operator.py
[2023-02-16T22:57:21.783+0000] {processor.py:743} INFO - Processing file /home/airflow/.local/lib/python3.7/site-packages/airflow/example_dags/example_python_operator.py for tasks to queue
[2023-02-16T22:57:21.813+0000] {logging_mixin.py:137} INFO - [2023-02-16T22:57:21.812+0000] {dagbag.py:538} INFO - Filling up the DagBag from /home/airflow/.local/lib/python3.7/site-packages/airflow/example_dags/example_python_operator.py
[2023-02-16T22:57:22.651+0000] {logging_mixin.py:137} INFO - [2023-02-16T22:57:22.642+0000] {taskmixin.py:205} WARNING - Dependency <Task(_PythonDecoratedOperator): print_the_context>, log_sql_query already registered for DAG: example_python_operator
[2023-02-16T22:57:22.671+0000] {logging_mixin.py:137} INFO - [2023-02-16T22:57:22.662+0000] {taskmixin.py:205} WARNING - Dependency <Task(_PythonDecoratedOperator): log_sql_query>, print_the_context already registered for DAG: example_python_operator
[2023-02-16T22:57:22.705+0000] {logging_mixin.py:137} INFO - [2023-02-16T22:57:22.691+0000] {taskmixin.py:205} WARNING - Dependency <Task(_PythonDecoratedOperator): print_the_context>, log_sql_query already registered for DAG: example_python_operator
[2023-02-16T22:57:22.779+0000] {logging_mixin.py:137} INFO - [2023-02-16T22:57:22.711+0000] {taskmixin.py:205} WARNING - Dependency <Task(_PythonDecoratedOperator): log_sql_query>, print_the_context already registered for DAG: example_python_operator
[2023-02-16T22:57:22.909+0000] {logging_mixin.py:137} INFO - [2023-02-16T22:57:22.909+0000] {taskmixin.py:205} WARNING - Dependency <Task(_PythonDecoratedOperator): print_the_context>, log_sql_query already registered for DAG: example_python_operator
[2023-02-16T22:57:22.934+0000] {logging_mixin.py:137} INFO - [2023-02-16T22:57:22.934+0000] {taskmixin.py:205} WARNING - Dependency <Task(_PythonDecoratedOperator): log_sql_query>, print_the_context already registered for DAG: example_python_operator
[2023-02-16T22:57:22.951+0000] {logging_mixin.py:137} INFO - [2023-02-16T22:57:22.951+0000] {taskmixin.py:205} WARNING - Dependency <Task(_PythonDecoratedOperator): print_the_context>, log_sql_query already registered for DAG: example_python_operator
[2023-02-16T22:57:22.964+0000] {logging_mixin.py:137} INFO - [2023-02-16T22:57:22.961+0000] {taskmixin.py:205} WARNING - Dependency <Task(_PythonDecoratedOperator): log_sql_query>, print_the_context already registered for DAG: example_python_operator
[2023-02-16T22:57:23.164+0000] {processor.py:753} INFO - DAG(s) dict_keys(['example_python_operator']) retrieved from /home/airflow/.local/lib/python3.7/site-packages/airflow/example_dags/example_python_operator.py
[2023-02-16T22:57:26.328+0000] {logging_mixin.py:137} INFO - [2023-02-16T22:57:26.327+0000] {dag.py:2690} INFO - Sync 1 DAGs
[2023-02-16T22:57:27.440+0000] {logging_mixin.py:137} INFO - [2023-02-16T22:57:27.418+0000] {dag.py:3441} INFO - Setting next_dagrun for example_python_operator to None, run_after=None
[2023-02-16T22:57:28.258+0000] {processor.py:175} INFO - Processing /home/airflow/.local/lib/python3.7/site-packages/airflow/example_dags/example_python_operator.py took 6.590 seconds
[2023-02-16T22:59:05.194+0000] {processor.py:153} INFO - Started process (PID=287) to work on /home/airflow/.local/lib/python3.7/site-packages/airflow/example_dags/example_python_operator.py
[2023-02-16T22:59:05.201+0000] {processor.py:743} INFO - Processing file /home/airflow/.local/lib/python3.7/site-packages/airflow/example_dags/example_python_operator.py for tasks to queue
[2023-02-16T22:59:05.210+0000] {logging_mixin.py:137} INFO - [2023-02-16T22:59:05.209+0000] {dagbag.py:538} INFO - Filling up the DagBag from /home/airflow/.local/lib/python3.7/site-packages/airflow/example_dags/example_python_operator.py
[2023-02-16T22:59:05.273+0000] {logging_mixin.py:137} INFO - [2023-02-16T22:59:05.272+0000] {taskmixin.py:205} WARNING - Dependency <Task(_PythonDecoratedOperator): print_the_context>, log_sql_query already registered for DAG: example_python_operator
[2023-02-16T22:59:05.278+0000] {logging_mixin.py:137} INFO - [2023-02-16T22:59:05.277+0000] {taskmixin.py:205} WARNING - Dependency <Task(_PythonDecoratedOperator): log_sql_query>, print_the_context already registered for DAG: example_python_operator
[2023-02-16T22:59:05.282+0000] {logging_mixin.py:137} INFO - [2023-02-16T22:59:05.282+0000] {taskmixin.py:205} WARNING - Dependency <Task(_PythonDecoratedOperator): print_the_context>, log_sql_query already registered for DAG: example_python_operator
[2023-02-16T22:59:05.289+0000] {logging_mixin.py:137} INFO - [2023-02-16T22:59:05.287+0000] {taskmixin.py:205} WARNING - Dependency <Task(_PythonDecoratedOperator): log_sql_query>, print_the_context already registered for DAG: example_python_operator
[2023-02-16T22:59:05.299+0000] {logging_mixin.py:137} INFO - [2023-02-16T22:59:05.298+0000] {taskmixin.py:205} WARNING - Dependency <Task(_PythonDecoratedOperator): print_the_context>, log_sql_query already registered for DAG: example_python_operator
[2023-02-16T22:59:05.312+0000] {logging_mixin.py:137} INFO - [2023-02-16T22:59:05.311+0000] {taskmixin.py:205} WARNING - Dependency <Task(_PythonDecoratedOperator): log_sql_query>, print_the_context already registered for DAG: example_python_operator
[2023-02-16T22:59:05.329+0000] {logging_mixin.py:137} INFO - [2023-02-16T22:59:05.329+0000] {taskmixin.py:205} WARNING - Dependency <Task(_PythonDecoratedOperator): print_the_context>, log_sql_query already registered for DAG: example_python_operator
[2023-02-16T22:59:05.335+0000] {logging_mixin.py:137} INFO - [2023-02-16T22:59:05.332+0000] {taskmixin.py:205} WARNING - Dependency <Task(_PythonDecoratedOperator): log_sql_query>, print_the_context already registered for DAG: example_python_operator
[2023-02-16T22:59:05.382+0000] {processor.py:753} INFO - DAG(s) dict_keys(['example_python_operator']) retrieved from /home/airflow/.local/lib/python3.7/site-packages/airflow/example_dags/example_python_operator.py
[2023-02-16T22:59:05.590+0000] {logging_mixin.py:137} INFO - [2023-02-16T22:59:05.589+0000] {dag.py:2690} INFO - Sync 1 DAGs
[2023-02-16T22:59:05.798+0000] {logging_mixin.py:137} INFO - [2023-02-16T22:59:05.798+0000] {dag.py:3441} INFO - Setting next_dagrun for example_python_operator to None, run_after=None
[2023-02-16T22:59:05.928+0000] {processor.py:175} INFO - Processing /home/airflow/.local/lib/python3.7/site-packages/airflow/example_dags/example_python_operator.py took 0.751 seconds
[2023-02-16T23:02:14.089+0000] {processor.py:153} INFO - Started process (PID=440) to work on /home/airflow/.local/lib/python3.7/site-packages/airflow/example_dags/example_python_operator.py
[2023-02-16T23:02:14.107+0000] {processor.py:743} INFO - Processing file /home/airflow/.local/lib/python3.7/site-packages/airflow/example_dags/example_python_operator.py for tasks to queue
[2023-02-16T23:02:14.134+0000] {logging_mixin.py:137} INFO - [2023-02-16T23:02:14.123+0000] {dagbag.py:538} INFO - Filling up the DagBag from /home/airflow/.local/lib/python3.7/site-packages/airflow/example_dags/example_python_operator.py
[2023-02-16T23:02:14.832+0000] {logging_mixin.py:137} INFO - [2023-02-16T23:02:14.832+0000] {taskmixin.py:205} WARNING - Dependency <Task(_PythonDecoratedOperator): print_the_context>, log_sql_query already registered for DAG: example_python_operator
[2023-02-16T23:02:14.846+0000] {logging_mixin.py:137} INFO - [2023-02-16T23:02:14.839+0000] {taskmixin.py:205} WARNING - Dependency <Task(_PythonDecoratedOperator): log_sql_query>, print_the_context already registered for DAG: example_python_operator
[2023-02-16T23:02:14.863+0000] {logging_mixin.py:137} INFO - [2023-02-16T23:02:14.863+0000] {taskmixin.py:205} WARNING - Dependency <Task(_PythonDecoratedOperator): print_the_context>, log_sql_query already registered for DAG: example_python_operator
[2023-02-16T23:02:14.872+0000] {logging_mixin.py:137} INFO - [2023-02-16T23:02:14.871+0000] {taskmixin.py:205} WARNING - Dependency <Task(_PythonDecoratedOperator): log_sql_query>, print_the_context already registered for DAG: example_python_operator
[2023-02-16T23:02:14.911+0000] {logging_mixin.py:137} INFO - [2023-02-16T23:02:14.911+0000] {taskmixin.py:205} WARNING - Dependency <Task(_PythonDecoratedOperator): print_the_context>, log_sql_query already registered for DAG: example_python_operator
[2023-02-16T23:02:14.921+0000] {logging_mixin.py:137} INFO - [2023-02-16T23:02:14.918+0000] {taskmixin.py:205} WARNING - Dependency <Task(_PythonDecoratedOperator): log_sql_query>, print_the_context already registered for DAG: example_python_operator
[2023-02-16T23:02:14.973+0000] {logging_mixin.py:137} INFO - [2023-02-16T23:02:14.973+0000] {taskmixin.py:205} WARNING - Dependency <Task(_PythonDecoratedOperator): print_the_context>, log_sql_query already registered for DAG: example_python_operator
[2023-02-16T23:02:14.983+0000] {logging_mixin.py:137} INFO - [2023-02-16T23:02:14.977+0000] {taskmixin.py:205} WARNING - Dependency <Task(_PythonDecoratedOperator): log_sql_query>, print_the_context already registered for DAG: example_python_operator
[2023-02-16T23:02:15.086+0000] {processor.py:753} INFO - DAG(s) dict_keys(['example_python_operator']) retrieved from /home/airflow/.local/lib/python3.7/site-packages/airflow/example_dags/example_python_operator.py
[2023-02-16T23:02:15.411+0000] {logging_mixin.py:137} INFO - [2023-02-16T23:02:15.411+0000] {dag.py:2690} INFO - Sync 1 DAGs
[2023-02-16T23:02:16.139+0000] {logging_mixin.py:137} INFO - [2023-02-16T23:02:16.139+0000] {dag.py:3441} INFO - Setting next_dagrun for example_python_operator to None, run_after=None
[2023-02-16T23:02:16.565+0000] {processor.py:175} INFO - Processing /home/airflow/.local/lib/python3.7/site-packages/airflow/example_dags/example_python_operator.py took 2.505 seconds
[2023-02-16T23:29:42.020+0000] {processor.py:153} INFO - Started process (PID=196) to work on /home/airflow/.local/lib/python3.7/site-packages/airflow/example_dags/example_python_operator.py
[2023-02-16T23:29:42.032+0000] {processor.py:743} INFO - Processing file /home/airflow/.local/lib/python3.7/site-packages/airflow/example_dags/example_python_operator.py for tasks to queue
[2023-02-16T23:29:42.049+0000] {logging_mixin.py:137} INFO - [2023-02-16T23:29:42.047+0000] {dagbag.py:538} INFO - Filling up the DagBag from /home/airflow/.local/lib/python3.7/site-packages/airflow/example_dags/example_python_operator.py
[2023-02-16T23:29:42.393+0000] {logging_mixin.py:137} INFO - [2023-02-16T23:29:42.393+0000] {taskmixin.py:205} WARNING - Dependency <Task(_PythonDecoratedOperator): print_the_context>, log_sql_query already registered for DAG: example_python_operator
[2023-02-16T23:29:42.401+0000] {logging_mixin.py:137} INFO - [2023-02-16T23:29:42.397+0000] {taskmixin.py:205} WARNING - Dependency <Task(_PythonDecoratedOperator): log_sql_query>, print_the_context already registered for DAG: example_python_operator
[2023-02-16T23:29:42.440+0000] {logging_mixin.py:137} INFO - [2023-02-16T23:29:42.440+0000] {taskmixin.py:205} WARNING - Dependency <Task(_PythonDecoratedOperator): print_the_context>, log_sql_query already registered for DAG: example_python_operator
[2023-02-16T23:29:42.529+0000] {logging_mixin.py:137} INFO - [2023-02-16T23:29:42.503+0000] {taskmixin.py:205} WARNING - Dependency <Task(_PythonDecoratedOperator): log_sql_query>, print_the_context already registered for DAG: example_python_operator
[2023-02-16T23:29:42.538+0000] {logging_mixin.py:137} INFO - [2023-02-16T23:29:42.537+0000] {taskmixin.py:205} WARNING - Dependency <Task(_PythonDecoratedOperator): print_the_context>, log_sql_query already registered for DAG: example_python_operator
[2023-02-16T23:29:42.557+0000] {logging_mixin.py:137} INFO - [2023-02-16T23:29:42.551+0000] {taskmixin.py:205} WARNING - Dependency <Task(_PythonDecoratedOperator): log_sql_query>, print_the_context already registered for DAG: example_python_operator
[2023-02-16T23:29:42.590+0000] {logging_mixin.py:137} INFO - [2023-02-16T23:29:42.590+0000] {taskmixin.py:205} WARNING - Dependency <Task(_PythonDecoratedOperator): print_the_context>, log_sql_query already registered for DAG: example_python_operator
[2023-02-16T23:29:42.610+0000] {logging_mixin.py:137} INFO - [2023-02-16T23:29:42.602+0000] {taskmixin.py:205} WARNING - Dependency <Task(_PythonDecoratedOperator): log_sql_query>, print_the_context already registered for DAG: example_python_operator
[2023-02-16T23:29:42.745+0000] {processor.py:753} INFO - DAG(s) dict_keys(['example_python_operator']) retrieved from /home/airflow/.local/lib/python3.7/site-packages/airflow/example_dags/example_python_operator.py
[2023-02-16T23:29:45.264+0000] {logging_mixin.py:137} INFO - [2023-02-16T23:29:45.264+0000] {manager.py:504} INFO - Created Permission View: can edit on DAG:example_python_operator
[2023-02-16T23:29:45.377+0000] {logging_mixin.py:137} INFO - [2023-02-16T23:29:45.376+0000] {manager.py:504} INFO - Created Permission View: can delete on DAG:example_python_operator
[2023-02-16T23:29:45.429+0000] {logging_mixin.py:137} INFO - [2023-02-16T23:29:45.429+0000] {manager.py:504} INFO - Created Permission View: can read on DAG:example_python_operator
[2023-02-16T23:29:45.433+0000] {logging_mixin.py:137} INFO - [2023-02-16T23:29:45.432+0000] {dag.py:2690} INFO - Sync 1 DAGs
[2023-02-16T23:29:45.651+0000] {logging_mixin.py:137} INFO - [2023-02-16T23:29:45.609+0000] {dag.py:2711} INFO - Creating ORM DAG for example_python_operator
[2023-02-16T23:29:45.964+0000] {logging_mixin.py:137} INFO - [2023-02-16T23:29:45.963+0000] {dag.py:3441} INFO - Setting next_dagrun for example_python_operator to None, run_after=None
[2023-02-16T23:29:46.376+0000] {processor.py:175} INFO - Processing /home/airflow/.local/lib/python3.7/site-packages/airflow/example_dags/example_python_operator.py took 4.432 seconds
[2023-02-16T23:31:07.954+0000] {processor.py:153} INFO - Started process (PID=276) to work on /home/airflow/.local/lib/python3.7/site-packages/airflow/example_dags/example_python_operator.py
[2023-02-16T23:31:07.981+0000] {processor.py:743} INFO - Processing file /home/airflow/.local/lib/python3.7/site-packages/airflow/example_dags/example_python_operator.py for tasks to queue
[2023-02-16T23:31:08.045+0000] {logging_mixin.py:137} INFO - [2023-02-16T23:31:08.045+0000] {dagbag.py:538} INFO - Filling up the DagBag from /home/airflow/.local/lib/python3.7/site-packages/airflow/example_dags/example_python_operator.py
[2023-02-16T23:31:08.949+0000] {logging_mixin.py:137} INFO - [2023-02-16T23:31:08.941+0000] {taskmixin.py:205} WARNING - Dependency <Task(_PythonDecoratedOperator): print_the_context>, log_sql_query already registered for DAG: example_python_operator
[2023-02-16T23:31:08.961+0000] {logging_mixin.py:137} INFO - [2023-02-16T23:31:08.956+0000] {taskmixin.py:205} WARNING - Dependency <Task(_PythonDecoratedOperator): log_sql_query>, print_the_context already registered for DAG: example_python_operator
[2023-02-16T23:31:09.050+0000] {logging_mixin.py:137} INFO - [2023-02-16T23:31:09.040+0000] {taskmixin.py:205} WARNING - Dependency <Task(_PythonDecoratedOperator): print_the_context>, log_sql_query already registered for DAG: example_python_operator
[2023-02-16T23:31:09.055+0000] {logging_mixin.py:137} INFO - [2023-02-16T23:31:09.054+0000] {taskmixin.py:205} WARNING - Dependency <Task(_PythonDecoratedOperator): log_sql_query>, print_the_context already registered for DAG: example_python_operator
[2023-02-16T23:31:09.126+0000] {logging_mixin.py:137} INFO - [2023-02-16T23:31:09.126+0000] {taskmixin.py:205} WARNING - Dependency <Task(_PythonDecoratedOperator): print_the_context>, log_sql_query already registered for DAG: example_python_operator
[2023-02-16T23:31:09.131+0000] {logging_mixin.py:137} INFO - [2023-02-16T23:31:09.130+0000] {taskmixin.py:205} WARNING - Dependency <Task(_PythonDecoratedOperator): log_sql_query>, print_the_context already registered for DAG: example_python_operator
[2023-02-16T23:31:09.180+0000] {logging_mixin.py:137} INFO - [2023-02-16T23:31:09.179+0000] {taskmixin.py:205} WARNING - Dependency <Task(_PythonDecoratedOperator): print_the_context>, log_sql_query already registered for DAG: example_python_operator
[2023-02-16T23:31:09.254+0000] {logging_mixin.py:137} INFO - [2023-02-16T23:31:09.253+0000] {taskmixin.py:205} WARNING - Dependency <Task(_PythonDecoratedOperator): log_sql_query>, print_the_context already registered for DAG: example_python_operator
[2023-02-16T23:31:09.339+0000] {processor.py:753} INFO - DAG(s) dict_keys(['example_python_operator']) retrieved from /home/airflow/.local/lib/python3.7/site-packages/airflow/example_dags/example_python_operator.py
[2023-02-16T23:31:11.572+0000] {logging_mixin.py:137} INFO - [2023-02-16T23:31:11.571+0000] {dag.py:2690} INFO - Sync 1 DAGs
[2023-02-16T23:31:13.418+0000] {logging_mixin.py:137} INFO - [2023-02-16T23:31:13.417+0000] {dag.py:3441} INFO - Setting next_dagrun for example_python_operator to None, run_after=None
[2023-02-16T23:31:13.808+0000] {processor.py:175} INFO - Processing /home/airflow/.local/lib/python3.7/site-packages/airflow/example_dags/example_python_operator.py took 5.903 seconds
[2023-02-16T23:33:47.847+0000] {processor.py:153} INFO - Started process (PID=398) to work on /home/airflow/.local/lib/python3.7/site-packages/airflow/example_dags/example_python_operator.py
[2023-02-16T23:33:47.916+0000] {processor.py:743} INFO - Processing file /home/airflow/.local/lib/python3.7/site-packages/airflow/example_dags/example_python_operator.py for tasks to queue
[2023-02-16T23:33:47.931+0000] {logging_mixin.py:137} INFO - [2023-02-16T23:33:47.930+0000] {dagbag.py:538} INFO - Filling up the DagBag from /home/airflow/.local/lib/python3.7/site-packages/airflow/example_dags/example_python_operator.py
[2023-02-16T23:33:50.065+0000] {logging_mixin.py:137} INFO - [2023-02-16T23:33:50.065+0000] {taskmixin.py:205} WARNING - Dependency <Task(_PythonDecoratedOperator): print_the_context>, log_sql_query already registered for DAG: example_python_operator
[2023-02-16T23:33:50.085+0000] {logging_mixin.py:137} INFO - [2023-02-16T23:33:50.084+0000] {taskmixin.py:205} WARNING - Dependency <Task(_PythonDecoratedOperator): log_sql_query>, print_the_context already registered for DAG: example_python_operator
[2023-02-16T23:33:50.146+0000] {logging_mixin.py:137} INFO - [2023-02-16T23:33:50.119+0000] {taskmixin.py:205} WARNING - Dependency <Task(_PythonDecoratedOperator): print_the_context>, log_sql_query already registered for DAG: example_python_operator
[2023-02-16T23:33:50.152+0000] {logging_mixin.py:137} INFO - [2023-02-16T23:33:50.150+0000] {taskmixin.py:205} WARNING - Dependency <Task(_PythonDecoratedOperator): log_sql_query>, print_the_context already registered for DAG: example_python_operator
[2023-02-16T23:33:50.214+0000] {logging_mixin.py:137} INFO - [2023-02-16T23:33:50.214+0000] {taskmixin.py:205} WARNING - Dependency <Task(_PythonDecoratedOperator): print_the_context>, log_sql_query already registered for DAG: example_python_operator
[2023-02-16T23:33:50.234+0000] {logging_mixin.py:137} INFO - [2023-02-16T23:33:50.233+0000] {taskmixin.py:205} WARNING - Dependency <Task(_PythonDecoratedOperator): log_sql_query>, print_the_context already registered for DAG: example_python_operator
[2023-02-16T23:33:50.248+0000] {logging_mixin.py:137} INFO - [2023-02-16T23:33:50.247+0000] {taskmixin.py:205} WARNING - Dependency <Task(_PythonDecoratedOperator): print_the_context>, log_sql_query already registered for DAG: example_python_operator
[2023-02-16T23:33:50.278+0000] {logging_mixin.py:137} INFO - [2023-02-16T23:33:50.277+0000] {taskmixin.py:205} WARNING - Dependency <Task(_PythonDecoratedOperator): log_sql_query>, print_the_context already registered for DAG: example_python_operator
[2023-02-16T23:33:50.684+0000] {processor.py:753} INFO - DAG(s) dict_keys(['example_python_operator']) retrieved from /home/airflow/.local/lib/python3.7/site-packages/airflow/example_dags/example_python_operator.py
[2023-02-16T23:33:51.840+0000] {logging_mixin.py:137} INFO - [2023-02-16T23:33:51.832+0000] {dag.py:2690} INFO - Sync 1 DAGs
[2023-02-16T23:33:53.943+0000] {logging_mixin.py:137} INFO - [2023-02-16T23:33:53.942+0000] {dag.py:3441} INFO - Setting next_dagrun for example_python_operator to None, run_after=None
[2023-02-16T23:33:55.051+0000] {processor.py:175} INFO - Processing /home/airflow/.local/lib/python3.7/site-packages/airflow/example_dags/example_python_operator.py took 7.395 seconds
[2023-02-16T23:34:54.219+0000] {processor.py:153} INFO - Started process (PID=477) to work on /home/airflow/.local/lib/python3.7/site-packages/airflow/example_dags/example_python_operator.py
[2023-02-16T23:34:54.234+0000] {processor.py:743} INFO - Processing file /home/airflow/.local/lib/python3.7/site-packages/airflow/example_dags/example_python_operator.py for tasks to queue
[2023-02-16T23:34:54.241+0000] {logging_mixin.py:137} INFO - [2023-02-16T23:34:54.240+0000] {dagbag.py:538} INFO - Filling up the DagBag from /home/airflow/.local/lib/python3.7/site-packages/airflow/example_dags/example_python_operator.py
[2023-02-16T23:34:54.392+0000] {logging_mixin.py:137} INFO - [2023-02-16T23:34:54.392+0000] {taskmixin.py:205} WARNING - Dependency <Task(_PythonDecoratedOperator): print_the_context>, log_sql_query already registered for DAG: example_python_operator
[2023-02-16T23:34:54.396+0000] {logging_mixin.py:137} INFO - [2023-02-16T23:34:54.394+0000] {taskmixin.py:205} WARNING - Dependency <Task(_PythonDecoratedOperator): log_sql_query>, print_the_context already registered for DAG: example_python_operator
[2023-02-16T23:34:54.407+0000] {logging_mixin.py:137} INFO - [2023-02-16T23:34:54.405+0000] {taskmixin.py:205} WARNING - Dependency <Task(_PythonDecoratedOperator): print_the_context>, log_sql_query already registered for DAG: example_python_operator
[2023-02-16T23:34:54.414+0000] {logging_mixin.py:137} INFO - [2023-02-16T23:34:54.413+0000] {taskmixin.py:205} WARNING - Dependency <Task(_PythonDecoratedOperator): log_sql_query>, print_the_context already registered for DAG: example_python_operator
[2023-02-16T23:34:54.424+0000] {logging_mixin.py:137} INFO - [2023-02-16T23:34:54.423+0000] {taskmixin.py:205} WARNING - Dependency <Task(_PythonDecoratedOperator): print_the_context>, log_sql_query already registered for DAG: example_python_operator
[2023-02-16T23:34:54.428+0000] {logging_mixin.py:137} INFO - [2023-02-16T23:34:54.427+0000] {taskmixin.py:205} WARNING - Dependency <Task(_PythonDecoratedOperator): log_sql_query>, print_the_context already registered for DAG: example_python_operator
[2023-02-16T23:34:54.440+0000] {logging_mixin.py:137} INFO - [2023-02-16T23:34:54.438+0000] {taskmixin.py:205} WARNING - Dependency <Task(_PythonDecoratedOperator): print_the_context>, log_sql_query already registered for DAG: example_python_operator
[2023-02-16T23:34:54.444+0000] {logging_mixin.py:137} INFO - [2023-02-16T23:34:54.443+0000] {taskmixin.py:205} WARNING - Dependency <Task(_PythonDecoratedOperator): log_sql_query>, print_the_context already registered for DAG: example_python_operator
[2023-02-16T23:34:54.489+0000] {processor.py:753} INFO - DAG(s) dict_keys(['example_python_operator']) retrieved from /home/airflow/.local/lib/python3.7/site-packages/airflow/example_dags/example_python_operator.py
[2023-02-16T23:34:54.697+0000] {logging_mixin.py:137} INFO - [2023-02-16T23:34:54.697+0000] {dag.py:2690} INFO - Sync 1 DAGs
[2023-02-16T23:34:54.948+0000] {logging_mixin.py:137} INFO - [2023-02-16T23:34:54.948+0000] {dag.py:3441} INFO - Setting next_dagrun for example_python_operator to None, run_after=None
[2023-02-16T23:34:55.335+0000] {processor.py:175} INFO - Processing /home/airflow/.local/lib/python3.7/site-packages/airflow/example_dags/example_python_operator.py took 1.163 seconds
[2023-02-16T23:35:36.922+0000] {processor.py:153} INFO - Started process (PID=537) to work on /home/airflow/.local/lib/python3.7/site-packages/airflow/example_dags/example_python_operator.py
[2023-02-16T23:35:36.939+0000] {processor.py:743} INFO - Processing file /home/airflow/.local/lib/python3.7/site-packages/airflow/example_dags/example_python_operator.py for tasks to queue
[2023-02-16T23:35:37.168+0000] {logging_mixin.py:137} INFO - [2023-02-16T23:35:36.967+0000] {dagbag.py:538} INFO - Filling up the DagBag from /home/airflow/.local/lib/python3.7/site-packages/airflow/example_dags/example_python_operator.py
[2023-02-16T23:35:37.501+0000] {logging_mixin.py:137} INFO - [2023-02-16T23:35:37.501+0000] {taskmixin.py:205} WARNING - Dependency <Task(_PythonDecoratedOperator): print_the_context>, log_sql_query already registered for DAG: example_python_operator
[2023-02-16T23:35:37.505+0000] {logging_mixin.py:137} INFO - [2023-02-16T23:35:37.505+0000] {taskmixin.py:205} WARNING - Dependency <Task(_PythonDecoratedOperator): log_sql_query>, print_the_context already registered for DAG: example_python_operator
[2023-02-16T23:35:37.538+0000] {logging_mixin.py:137} INFO - [2023-02-16T23:35:37.538+0000] {taskmixin.py:205} WARNING - Dependency <Task(_PythonDecoratedOperator): print_the_context>, log_sql_query already registered for DAG: example_python_operator
[2023-02-16T23:35:37.555+0000] {logging_mixin.py:137} INFO - [2023-02-16T23:35:37.541+0000] {taskmixin.py:205} WARNING - Dependency <Task(_PythonDecoratedOperator): log_sql_query>, print_the_context already registered for DAG: example_python_operator
[2023-02-16T23:35:37.590+0000] {logging_mixin.py:137} INFO - [2023-02-16T23:35:37.590+0000] {taskmixin.py:205} WARNING - Dependency <Task(_PythonDecoratedOperator): print_the_context>, log_sql_query already registered for DAG: example_python_operator
[2023-02-16T23:35:37.612+0000] {logging_mixin.py:137} INFO - [2023-02-16T23:35:37.610+0000] {taskmixin.py:205} WARNING - Dependency <Task(_PythonDecoratedOperator): log_sql_query>, print_the_context already registered for DAG: example_python_operator
[2023-02-16T23:35:37.634+0000] {logging_mixin.py:137} INFO - [2023-02-16T23:35:37.634+0000] {taskmixin.py:205} WARNING - Dependency <Task(_PythonDecoratedOperator): print_the_context>, log_sql_query already registered for DAG: example_python_operator
[2023-02-16T23:35:37.643+0000] {logging_mixin.py:137} INFO - [2023-02-16T23:35:37.642+0000] {taskmixin.py:205} WARNING - Dependency <Task(_PythonDecoratedOperator): log_sql_query>, print_the_context already registered for DAG: example_python_operator
[2023-02-16T23:35:38.093+0000] {processor.py:753} INFO - DAG(s) dict_keys(['example_python_operator']) retrieved from /home/airflow/.local/lib/python3.7/site-packages/airflow/example_dags/example_python_operator.py
[2023-02-16T23:35:38.901+0000] {logging_mixin.py:137} INFO - [2023-02-16T23:35:38.901+0000] {dag.py:2690} INFO - Sync 1 DAGs
[2023-02-16T23:35:39.809+0000] {logging_mixin.py:137} INFO - [2023-02-16T23:35:39.808+0000] {dag.py:3441} INFO - Setting next_dagrun for example_python_operator to None, run_after=None
[2023-02-16T23:35:40.864+0000] {processor.py:175} INFO - Processing /home/airflow/.local/lib/python3.7/site-packages/airflow/example_dags/example_python_operator.py took 3.963 seconds
[2023-02-16T23:36:43.178+0000] {processor.py:153} INFO - Started process (PID=612) to work on /home/airflow/.local/lib/python3.7/site-packages/airflow/example_dags/example_python_operator.py
[2023-02-16T23:36:43.224+0000] {processor.py:743} INFO - Processing file /home/airflow/.local/lib/python3.7/site-packages/airflow/example_dags/example_python_operator.py for tasks to queue
[2023-02-16T23:36:43.247+0000] {logging_mixin.py:137} INFO - [2023-02-16T23:36:43.247+0000] {dagbag.py:538} INFO - Filling up the DagBag from /home/airflow/.local/lib/python3.7/site-packages/airflow/example_dags/example_python_operator.py
[2023-02-16T23:36:43.433+0000] {logging_mixin.py:137} INFO - [2023-02-16T23:36:43.432+0000] {taskmixin.py:205} WARNING - Dependency <Task(_PythonDecoratedOperator): print_the_context>, log_sql_query already registered for DAG: example_python_operator
[2023-02-16T23:36:43.449+0000] {logging_mixin.py:137} INFO - [2023-02-16T23:36:43.448+0000] {taskmixin.py:205} WARNING - Dependency <Task(_PythonDecoratedOperator): log_sql_query>, print_the_context already registered for DAG: example_python_operator
[2023-02-16T23:36:43.456+0000] {logging_mixin.py:137} INFO - [2023-02-16T23:36:43.455+0000] {taskmixin.py:205} WARNING - Dependency <Task(_PythonDecoratedOperator): print_the_context>, log_sql_query already registered for DAG: example_python_operator
[2023-02-16T23:36:43.465+0000] {logging_mixin.py:137} INFO - [2023-02-16T23:36:43.464+0000] {taskmixin.py:205} WARNING - Dependency <Task(_PythonDecoratedOperator): log_sql_query>, print_the_context already registered for DAG: example_python_operator
[2023-02-16T23:36:43.498+0000] {logging_mixin.py:137} INFO - [2023-02-16T23:36:43.498+0000] {taskmixin.py:205} WARNING - Dependency <Task(_PythonDecoratedOperator): print_the_context>, log_sql_query already registered for DAG: example_python_operator
[2023-02-16T23:36:43.501+0000] {logging_mixin.py:137} INFO - [2023-02-16T23:36:43.501+0000] {taskmixin.py:205} WARNING - Dependency <Task(_PythonDecoratedOperator): log_sql_query>, print_the_context already registered for DAG: example_python_operator
[2023-02-16T23:36:43.518+0000] {logging_mixin.py:137} INFO - [2023-02-16T23:36:43.518+0000] {taskmixin.py:205} WARNING - Dependency <Task(_PythonDecoratedOperator): print_the_context>, log_sql_query already registered for DAG: example_python_operator
[2023-02-16T23:36:43.529+0000] {logging_mixin.py:137} INFO - [2023-02-16T23:36:43.526+0000] {taskmixin.py:205} WARNING - Dependency <Task(_PythonDecoratedOperator): log_sql_query>, print_the_context already registered for DAG: example_python_operator
[2023-02-16T23:36:43.645+0000] {processor.py:753} INFO - DAG(s) dict_keys(['example_python_operator']) retrieved from /home/airflow/.local/lib/python3.7/site-packages/airflow/example_dags/example_python_operator.py
[2023-02-16T23:36:44.144+0000] {logging_mixin.py:137} INFO - [2023-02-16T23:36:44.143+0000] {dag.py:2690} INFO - Sync 1 DAGs
[2023-02-16T23:36:44.877+0000] {logging_mixin.py:137} INFO - [2023-02-16T23:36:44.877+0000] {dag.py:3441} INFO - Setting next_dagrun for example_python_operator to None, run_after=None
[2023-02-16T23:36:45.130+0000] {processor.py:175} INFO - Processing /home/airflow/.local/lib/python3.7/site-packages/airflow/example_dags/example_python_operator.py took 1.967 seconds
[2023-02-16T23:37:45.700+0000] {processor.py:153} INFO - Started process (PID=683) to work on /home/airflow/.local/lib/python3.7/site-packages/airflow/example_dags/example_python_operator.py
[2023-02-16T23:37:45.771+0000] {processor.py:743} INFO - Processing file /home/airflow/.local/lib/python3.7/site-packages/airflow/example_dags/example_python_operator.py for tasks to queue
[2023-02-16T23:37:46.030+0000] {logging_mixin.py:137} INFO - [2023-02-16T23:37:45.913+0000] {dagbag.py:538} INFO - Filling up the DagBag from /home/airflow/.local/lib/python3.7/site-packages/airflow/example_dags/example_python_operator.py
[2023-02-16T23:37:47.803+0000] {logging_mixin.py:137} INFO - [2023-02-16T23:37:47.802+0000] {taskmixin.py:205} WARNING - Dependency <Task(_PythonDecoratedOperator): print_the_context>, log_sql_query already registered for DAG: example_python_operator
[2023-02-16T23:37:47.831+0000] {logging_mixin.py:137} INFO - [2023-02-16T23:37:47.813+0000] {taskmixin.py:205} WARNING - Dependency <Task(_PythonDecoratedOperator): log_sql_query>, print_the_context already registered for DAG: example_python_operator
[2023-02-16T23:37:47.879+0000] {logging_mixin.py:137} INFO - [2023-02-16T23:37:47.865+0000] {taskmixin.py:205} WARNING - Dependency <Task(_PythonDecoratedOperator): print_the_context>, log_sql_query already registered for DAG: example_python_operator
[2023-02-16T23:37:47.889+0000] {logging_mixin.py:137} INFO - [2023-02-16T23:37:47.883+0000] {taskmixin.py:205} WARNING - Dependency <Task(_PythonDecoratedOperator): log_sql_query>, print_the_context already registered for DAG: example_python_operator
[2023-02-16T23:37:47.915+0000] {logging_mixin.py:137} INFO - [2023-02-16T23:37:47.915+0000] {taskmixin.py:205} WARNING - Dependency <Task(_PythonDecoratedOperator): print_the_context>, log_sql_query already registered for DAG: example_python_operator
[2023-02-16T23:37:47.962+0000] {logging_mixin.py:137} INFO - [2023-02-16T23:37:47.947+0000] {taskmixin.py:205} WARNING - Dependency <Task(_PythonDecoratedOperator): log_sql_query>, print_the_context already registered for DAG: example_python_operator
[2023-02-16T23:37:48.004+0000] {logging_mixin.py:137} INFO - [2023-02-16T23:37:48.003+0000] {taskmixin.py:205} WARNING - Dependency <Task(_PythonDecoratedOperator): print_the_context>, log_sql_query already registered for DAG: example_python_operator
[2023-02-16T23:37:48.027+0000] {logging_mixin.py:137} INFO - [2023-02-16T23:37:48.026+0000] {taskmixin.py:205} WARNING - Dependency <Task(_PythonDecoratedOperator): log_sql_query>, print_the_context already registered for DAG: example_python_operator
[2023-02-16T23:37:48.519+0000] {processor.py:753} INFO - DAG(s) dict_keys(['example_python_operator']) retrieved from /home/airflow/.local/lib/python3.7/site-packages/airflow/example_dags/example_python_operator.py
[2023-02-16T23:37:50.171+0000] {logging_mixin.py:137} INFO - [2023-02-16T23:37:50.171+0000] {dag.py:2690} INFO - Sync 1 DAGs
[2023-02-16T23:37:52.627+0000] {logging_mixin.py:137} INFO - [2023-02-16T23:37:52.614+0000] {dag.py:3441} INFO - Setting next_dagrun for example_python_operator to None, run_after=None
[2023-02-16T23:37:53.746+0000] {processor.py:175} INFO - Processing /home/airflow/.local/lib/python3.7/site-packages/airflow/example_dags/example_python_operator.py took 8.220 seconds
[2023-02-16T23:39:01.391+0000] {processor.py:153} INFO - Started process (PID=769) to work on /home/airflow/.local/lib/python3.7/site-packages/airflow/example_dags/example_python_operator.py
[2023-02-16T23:39:01.400+0000] {processor.py:743} INFO - Processing file /home/airflow/.local/lib/python3.7/site-packages/airflow/example_dags/example_python_operator.py for tasks to queue
[2023-02-16T23:39:01.411+0000] {logging_mixin.py:137} INFO - [2023-02-16T23:39:01.409+0000] {dagbag.py:538} INFO - Filling up the DagBag from /home/airflow/.local/lib/python3.7/site-packages/airflow/example_dags/example_python_operator.py
[2023-02-16T23:39:01.550+0000] {logging_mixin.py:137} INFO - [2023-02-16T23:39:01.550+0000] {taskmixin.py:205} WARNING - Dependency <Task(_PythonDecoratedOperator): print_the_context>, log_sql_query already registered for DAG: example_python_operator
[2023-02-16T23:39:01.557+0000] {logging_mixin.py:137} INFO - [2023-02-16T23:39:01.553+0000] {taskmixin.py:205} WARNING - Dependency <Task(_PythonDecoratedOperator): log_sql_query>, print_the_context already registered for DAG: example_python_operator
[2023-02-16T23:39:01.570+0000] {logging_mixin.py:137} INFO - [2023-02-16T23:39:01.570+0000] {taskmixin.py:205} WARNING - Dependency <Task(_PythonDecoratedOperator): print_the_context>, log_sql_query already registered for DAG: example_python_operator
[2023-02-16T23:39:01.581+0000] {logging_mixin.py:137} INFO - [2023-02-16T23:39:01.580+0000] {taskmixin.py:205} WARNING - Dependency <Task(_PythonDecoratedOperator): log_sql_query>, print_the_context already registered for DAG: example_python_operator
[2023-02-16T23:39:01.589+0000] {logging_mixin.py:137} INFO - [2023-02-16T23:39:01.589+0000] {taskmixin.py:205} WARNING - Dependency <Task(_PythonDecoratedOperator): print_the_context>, log_sql_query already registered for DAG: example_python_operator
[2023-02-16T23:39:01.594+0000] {logging_mixin.py:137} INFO - [2023-02-16T23:39:01.592+0000] {taskmixin.py:205} WARNING - Dependency <Task(_PythonDecoratedOperator): log_sql_query>, print_the_context already registered for DAG: example_python_operator
[2023-02-16T23:39:01.625+0000] {logging_mixin.py:137} INFO - [2023-02-16T23:39:01.625+0000] {taskmixin.py:205} WARNING - Dependency <Task(_PythonDecoratedOperator): print_the_context>, log_sql_query already registered for DAG: example_python_operator
[2023-02-16T23:39:01.630+0000] {logging_mixin.py:137} INFO - [2023-02-16T23:39:01.628+0000] {taskmixin.py:205} WARNING - Dependency <Task(_PythonDecoratedOperator): log_sql_query>, print_the_context already registered for DAG: example_python_operator
[2023-02-16T23:39:01.688+0000] {processor.py:753} INFO - DAG(s) dict_keys(['example_python_operator']) retrieved from /home/airflow/.local/lib/python3.7/site-packages/airflow/example_dags/example_python_operator.py
[2023-02-16T23:39:01.993+0000] {logging_mixin.py:137} INFO - [2023-02-16T23:39:01.992+0000] {dag.py:2690} INFO - Sync 1 DAGs
[2023-02-16T23:39:02.371+0000] {logging_mixin.py:137} INFO - [2023-02-16T23:39:02.371+0000] {dag.py:3441} INFO - Setting next_dagrun for example_python_operator to None, run_after=None
[2023-02-16T23:39:02.618+0000] {processor.py:175} INFO - Processing /home/airflow/.local/lib/python3.7/site-packages/airflow/example_dags/example_python_operator.py took 1.242 seconds
[2023-02-16T23:40:37.548+0000] {processor.py:153} INFO - Started process (PID=875) to work on /home/airflow/.local/lib/python3.7/site-packages/airflow/example_dags/example_python_operator.py
[2023-02-16T23:40:37.562+0000] {processor.py:743} INFO - Processing file /home/airflow/.local/lib/python3.7/site-packages/airflow/example_dags/example_python_operator.py for tasks to queue
[2023-02-16T23:40:37.578+0000] {logging_mixin.py:137} INFO - [2023-02-16T23:40:37.578+0000] {dagbag.py:538} INFO - Filling up the DagBag from /home/airflow/.local/lib/python3.7/site-packages/airflow/example_dags/example_python_operator.py
[2023-02-16T23:40:37.968+0000] {logging_mixin.py:137} INFO - [2023-02-16T23:40:37.955+0000] {taskmixin.py:205} WARNING - Dependency <Task(_PythonDecoratedOperator): print_the_context>, log_sql_query already registered for DAG: example_python_operator
[2023-02-16T23:40:37.980+0000] {logging_mixin.py:137} INFO - [2023-02-16T23:40:37.971+0000] {taskmixin.py:205} WARNING - Dependency <Task(_PythonDecoratedOperator): log_sql_query>, print_the_context already registered for DAG: example_python_operator
[2023-02-16T23:40:37.988+0000] {logging_mixin.py:137} INFO - [2023-02-16T23:40:37.988+0000] {taskmixin.py:205} WARNING - Dependency <Task(_PythonDecoratedOperator): print_the_context>, log_sql_query already registered for DAG: example_python_operator
[2023-02-16T23:40:38.008+0000] {logging_mixin.py:137} INFO - [2023-02-16T23:40:38.007+0000] {taskmixin.py:205} WARNING - Dependency <Task(_PythonDecoratedOperator): log_sql_query>, print_the_context already registered for DAG: example_python_operator
[2023-02-16T23:40:38.021+0000] {logging_mixin.py:137} INFO - [2023-02-16T23:40:38.020+0000] {taskmixin.py:205} WARNING - Dependency <Task(_PythonDecoratedOperator): print_the_context>, log_sql_query already registered for DAG: example_python_operator
[2023-02-16T23:40:38.037+0000] {logging_mixin.py:137} INFO - [2023-02-16T23:40:38.036+0000] {taskmixin.py:205} WARNING - Dependency <Task(_PythonDecoratedOperator): log_sql_query>, print_the_context already registered for DAG: example_python_operator
[2023-02-16T23:40:38.047+0000] {logging_mixin.py:137} INFO - [2023-02-16T23:40:38.047+0000] {taskmixin.py:205} WARNING - Dependency <Task(_PythonDecoratedOperator): print_the_context>, log_sql_query already registered for DAG: example_python_operator
[2023-02-16T23:40:38.062+0000] {logging_mixin.py:137} INFO - [2023-02-16T23:40:38.062+0000] {taskmixin.py:205} WARNING - Dependency <Task(_PythonDecoratedOperator): log_sql_query>, print_the_context already registered for DAG: example_python_operator
[2023-02-16T23:40:38.322+0000] {processor.py:753} INFO - DAG(s) dict_keys(['example_python_operator']) retrieved from /home/airflow/.local/lib/python3.7/site-packages/airflow/example_dags/example_python_operator.py
[2023-02-16T23:40:38.722+0000] {logging_mixin.py:137} INFO - [2023-02-16T23:40:38.722+0000] {dag.py:2690} INFO - Sync 1 DAGs
[2023-02-16T23:40:38.978+0000] {logging_mixin.py:137} INFO - [2023-02-16T23:40:38.978+0000] {dag.py:3441} INFO - Setting next_dagrun for example_python_operator to None, run_after=None
[2023-02-16T23:40:39.423+0000] {processor.py:175} INFO - Processing /home/airflow/.local/lib/python3.7/site-packages/airflow/example_dags/example_python_operator.py took 1.926 seconds
[2023-02-16T23:41:23.112+0000] {processor.py:153} INFO - Started process (PID=939) to work on /home/airflow/.local/lib/python3.7/site-packages/airflow/example_dags/example_python_operator.py
[2023-02-16T23:41:23.135+0000] {processor.py:743} INFO - Processing file /home/airflow/.local/lib/python3.7/site-packages/airflow/example_dags/example_python_operator.py for tasks to queue
[2023-02-16T23:41:23.147+0000] {logging_mixin.py:137} INFO - [2023-02-16T23:41:23.147+0000] {dagbag.py:538} INFO - Filling up the DagBag from /home/airflow/.local/lib/python3.7/site-packages/airflow/example_dags/example_python_operator.py
[2023-02-16T23:41:23.524+0000] {logging_mixin.py:137} INFO - [2023-02-16T23:41:23.523+0000] {taskmixin.py:205} WARNING - Dependency <Task(_PythonDecoratedOperator): print_the_context>, log_sql_query already registered for DAG: example_python_operator
[2023-02-16T23:41:23.537+0000] {logging_mixin.py:137} INFO - [2023-02-16T23:41:23.536+0000] {taskmixin.py:205} WARNING - Dependency <Task(_PythonDecoratedOperator): log_sql_query>, print_the_context already registered for DAG: example_python_operator
[2023-02-16T23:41:23.547+0000] {logging_mixin.py:137} INFO - [2023-02-16T23:41:23.545+0000] {taskmixin.py:205} WARNING - Dependency <Task(_PythonDecoratedOperator): print_the_context>, log_sql_query already registered for DAG: example_python_operator
[2023-02-16T23:41:23.552+0000] {logging_mixin.py:137} INFO - [2023-02-16T23:41:23.551+0000] {taskmixin.py:205} WARNING - Dependency <Task(_PythonDecoratedOperator): log_sql_query>, print_the_context already registered for DAG: example_python_operator
[2023-02-16T23:41:23.566+0000] {logging_mixin.py:137} INFO - [2023-02-16T23:41:23.565+0000] {taskmixin.py:205} WARNING - Dependency <Task(_PythonDecoratedOperator): print_the_context>, log_sql_query already registered for DAG: example_python_operator
[2023-02-16T23:41:23.570+0000] {logging_mixin.py:137} INFO - [2023-02-16T23:41:23.568+0000] {taskmixin.py:205} WARNING - Dependency <Task(_PythonDecoratedOperator): log_sql_query>, print_the_context already registered for DAG: example_python_operator
[2023-02-16T23:41:23.656+0000] {logging_mixin.py:137} INFO - [2023-02-16T23:41:23.655+0000] {taskmixin.py:205} WARNING - Dependency <Task(_PythonDecoratedOperator): print_the_context>, log_sql_query already registered for DAG: example_python_operator
[2023-02-16T23:41:23.703+0000] {logging_mixin.py:137} INFO - [2023-02-16T23:41:23.702+0000] {taskmixin.py:205} WARNING - Dependency <Task(_PythonDecoratedOperator): log_sql_query>, print_the_context already registered for DAG: example_python_operator
[2023-02-16T23:41:23.805+0000] {processor.py:753} INFO - DAG(s) dict_keys(['example_python_operator']) retrieved from /home/airflow/.local/lib/python3.7/site-packages/airflow/example_dags/example_python_operator.py
[2023-02-16T23:41:24.159+0000] {logging_mixin.py:137} INFO - [2023-02-16T23:41:24.159+0000] {dag.py:2690} INFO - Sync 1 DAGs
[2023-02-16T23:41:24.802+0000] {logging_mixin.py:137} INFO - [2023-02-16T23:41:24.801+0000] {dag.py:3441} INFO - Setting next_dagrun for example_python_operator to None, run_after=None
[2023-02-16T23:41:25.163+0000] {processor.py:175} INFO - Processing /home/airflow/.local/lib/python3.7/site-packages/airflow/example_dags/example_python_operator.py took 2.115 seconds
[2023-02-16T23:42:57.169+0000] {processor.py:153} INFO - Started process (PID=1036) to work on /home/airflow/.local/lib/python3.7/site-packages/airflow/example_dags/example_python_operator.py
[2023-02-16T23:42:57.190+0000] {processor.py:743} INFO - Processing file /home/airflow/.local/lib/python3.7/site-packages/airflow/example_dags/example_python_operator.py for tasks to queue
[2023-02-16T23:42:57.207+0000] {logging_mixin.py:137} INFO - [2023-02-16T23:42:57.207+0000] {dagbag.py:538} INFO - Filling up the DagBag from /home/airflow/.local/lib/python3.7/site-packages/airflow/example_dags/example_python_operator.py
[2023-02-16T23:42:57.510+0000] {logging_mixin.py:137} INFO - [2023-02-16T23:42:57.501+0000] {taskmixin.py:205} WARNING - Dependency <Task(_PythonDecoratedOperator): print_the_context>, log_sql_query already registered for DAG: example_python_operator
[2023-02-16T23:42:57.515+0000] {logging_mixin.py:137} INFO - [2023-02-16T23:42:57.513+0000] {taskmixin.py:205} WARNING - Dependency <Task(_PythonDecoratedOperator): log_sql_query>, print_the_context already registered for DAG: example_python_operator
[2023-02-16T23:42:57.546+0000] {logging_mixin.py:137} INFO - [2023-02-16T23:42:57.546+0000] {taskmixin.py:205} WARNING - Dependency <Task(_PythonDecoratedOperator): print_the_context>, log_sql_query already registered for DAG: example_python_operator
[2023-02-16T23:42:57.561+0000] {logging_mixin.py:137} INFO - [2023-02-16T23:42:57.559+0000] {taskmixin.py:205} WARNING - Dependency <Task(_PythonDecoratedOperator): log_sql_query>, print_the_context already registered for DAG: example_python_operator
[2023-02-16T23:42:57.573+0000] {logging_mixin.py:137} INFO - [2023-02-16T23:42:57.572+0000] {taskmixin.py:205} WARNING - Dependency <Task(_PythonDecoratedOperator): print_the_context>, log_sql_query already registered for DAG: example_python_operator
[2023-02-16T23:42:57.587+0000] {logging_mixin.py:137} INFO - [2023-02-16T23:42:57.587+0000] {taskmixin.py:205} WARNING - Dependency <Task(_PythonDecoratedOperator): log_sql_query>, print_the_context already registered for DAG: example_python_operator
[2023-02-16T23:42:57.594+0000] {logging_mixin.py:137} INFO - [2023-02-16T23:42:57.594+0000] {taskmixin.py:205} WARNING - Dependency <Task(_PythonDecoratedOperator): print_the_context>, log_sql_query already registered for DAG: example_python_operator
[2023-02-16T23:42:57.597+0000] {logging_mixin.py:137} INFO - [2023-02-16T23:42:57.597+0000] {taskmixin.py:205} WARNING - Dependency <Task(_PythonDecoratedOperator): log_sql_query>, print_the_context already registered for DAG: example_python_operator
[2023-02-16T23:42:57.852+0000] {processor.py:753} INFO - DAG(s) dict_keys(['example_python_operator']) retrieved from /home/airflow/.local/lib/python3.7/site-packages/airflow/example_dags/example_python_operator.py
[2023-02-16T23:42:58.692+0000] {logging_mixin.py:137} INFO - [2023-02-16T23:42:58.692+0000] {dag.py:2690} INFO - Sync 1 DAGs
[2023-02-16T23:42:59.405+0000] {logging_mixin.py:137} INFO - [2023-02-16T23:42:59.405+0000] {dag.py:3441} INFO - Setting next_dagrun for example_python_operator to None, run_after=None
[2023-02-16T23:42:59.746+0000] {processor.py:175} INFO - Processing /home/airflow/.local/lib/python3.7/site-packages/airflow/example_dags/example_python_operator.py took 2.628 seconds
[2023-02-16T23:44:00.071+0000] {processor.py:153} INFO - Started process (PID=1112) to work on /home/airflow/.local/lib/python3.7/site-packages/airflow/example_dags/example_python_operator.py
[2023-02-16T23:44:00.081+0000] {processor.py:743} INFO - Processing file /home/airflow/.local/lib/python3.7/site-packages/airflow/example_dags/example_python_operator.py for tasks to queue
[2023-02-16T23:44:00.098+0000] {logging_mixin.py:137} INFO - [2023-02-16T23:44:00.093+0000] {dagbag.py:538} INFO - Filling up the DagBag from /home/airflow/.local/lib/python3.7/site-packages/airflow/example_dags/example_python_operator.py
[2023-02-16T23:44:00.313+0000] {logging_mixin.py:137} INFO - [2023-02-16T23:44:00.313+0000] {taskmixin.py:205} WARNING - Dependency <Task(_PythonDecoratedOperator): print_the_context>, log_sql_query already registered for DAG: example_python_operator
[2023-02-16T23:44:00.325+0000] {logging_mixin.py:137} INFO - [2023-02-16T23:44:00.324+0000] {taskmixin.py:205} WARNING - Dependency <Task(_PythonDecoratedOperator): log_sql_query>, print_the_context already registered for DAG: example_python_operator
[2023-02-16T23:44:00.350+0000] {logging_mixin.py:137} INFO - [2023-02-16T23:44:00.348+0000] {taskmixin.py:205} WARNING - Dependency <Task(_PythonDecoratedOperator): print_the_context>, log_sql_query already registered for DAG: example_python_operator
[2023-02-16T23:44:00.357+0000] {logging_mixin.py:137} INFO - [2023-02-16T23:44:00.355+0000] {taskmixin.py:205} WARNING - Dependency <Task(_PythonDecoratedOperator): log_sql_query>, print_the_context already registered for DAG: example_python_operator
[2023-02-16T23:44:00.386+0000] {logging_mixin.py:137} INFO - [2023-02-16T23:44:00.386+0000] {taskmixin.py:205} WARNING - Dependency <Task(_PythonDecoratedOperator): print_the_context>, log_sql_query already registered for DAG: example_python_operator
[2023-02-16T23:44:00.392+0000] {logging_mixin.py:137} INFO - [2023-02-16T23:44:00.391+0000] {taskmixin.py:205} WARNING - Dependency <Task(_PythonDecoratedOperator): log_sql_query>, print_the_context already registered for DAG: example_python_operator
[2023-02-16T23:44:00.410+0000] {logging_mixin.py:137} INFO - [2023-02-16T23:44:00.403+0000] {taskmixin.py:205} WARNING - Dependency <Task(_PythonDecoratedOperator): print_the_context>, log_sql_query already registered for DAG: example_python_operator
[2023-02-16T23:44:00.414+0000] {logging_mixin.py:137} INFO - [2023-02-16T23:44:00.412+0000] {taskmixin.py:205} WARNING - Dependency <Task(_PythonDecoratedOperator): log_sql_query>, print_the_context already registered for DAG: example_python_operator
[2023-02-16T23:44:00.492+0000] {processor.py:753} INFO - DAG(s) dict_keys(['example_python_operator']) retrieved from /home/airflow/.local/lib/python3.7/site-packages/airflow/example_dags/example_python_operator.py
[2023-02-16T23:44:00.809+0000] {logging_mixin.py:137} INFO - [2023-02-16T23:44:00.809+0000] {dag.py:2690} INFO - Sync 1 DAGs
[2023-02-16T23:44:01.089+0000] {logging_mixin.py:137} INFO - [2023-02-16T23:44:01.089+0000] {dag.py:3441} INFO - Setting next_dagrun for example_python_operator to None, run_after=None
[2023-02-16T23:44:01.229+0000] {processor.py:175} INFO - Processing /home/airflow/.local/lib/python3.7/site-packages/airflow/example_dags/example_python_operator.py took 1.234 seconds
[2023-02-16T23:44:43.545+0000] {processor.py:153} INFO - Started process (PID=1173) to work on /home/airflow/.local/lib/python3.7/site-packages/airflow/example_dags/example_python_operator.py
[2023-02-16T23:44:43.558+0000] {processor.py:743} INFO - Processing file /home/airflow/.local/lib/python3.7/site-packages/airflow/example_dags/example_python_operator.py for tasks to queue
[2023-02-16T23:44:43.567+0000] {logging_mixin.py:137} INFO - [2023-02-16T23:44:43.566+0000] {dagbag.py:538} INFO - Filling up the DagBag from /home/airflow/.local/lib/python3.7/site-packages/airflow/example_dags/example_python_operator.py
[2023-02-16T23:44:43.725+0000] {logging_mixin.py:137} INFO - [2023-02-16T23:44:43.725+0000] {taskmixin.py:205} WARNING - Dependency <Task(_PythonDecoratedOperator): print_the_context>, log_sql_query already registered for DAG: example_python_operator
[2023-02-16T23:44:43.731+0000] {logging_mixin.py:137} INFO - [2023-02-16T23:44:43.730+0000] {taskmixin.py:205} WARNING - Dependency <Task(_PythonDecoratedOperator): log_sql_query>, print_the_context already registered for DAG: example_python_operator
[2023-02-16T23:44:43.742+0000] {logging_mixin.py:137} INFO - [2023-02-16T23:44:43.741+0000] {taskmixin.py:205} WARNING - Dependency <Task(_PythonDecoratedOperator): print_the_context>, log_sql_query already registered for DAG: example_python_operator
[2023-02-16T23:44:43.746+0000] {logging_mixin.py:137} INFO - [2023-02-16T23:44:43.745+0000] {taskmixin.py:205} WARNING - Dependency <Task(_PythonDecoratedOperator): log_sql_query>, print_the_context already registered for DAG: example_python_operator
[2023-02-16T23:44:43.754+0000] {logging_mixin.py:137} INFO - [2023-02-16T23:44:43.754+0000] {taskmixin.py:205} WARNING - Dependency <Task(_PythonDecoratedOperator): print_the_context>, log_sql_query already registered for DAG: example_python_operator
[2023-02-16T23:44:43.756+0000] {logging_mixin.py:137} INFO - [2023-02-16T23:44:43.756+0000] {taskmixin.py:205} WARNING - Dependency <Task(_PythonDecoratedOperator): log_sql_query>, print_the_context already registered for DAG: example_python_operator
[2023-02-16T23:44:43.789+0000] {logging_mixin.py:137} INFO - [2023-02-16T23:44:43.789+0000] {taskmixin.py:205} WARNING - Dependency <Task(_PythonDecoratedOperator): print_the_context>, log_sql_query already registered for DAG: example_python_operator
[2023-02-16T23:44:43.794+0000] {logging_mixin.py:137} INFO - [2023-02-16T23:44:43.793+0000] {taskmixin.py:205} WARNING - Dependency <Task(_PythonDecoratedOperator): log_sql_query>, print_the_context already registered for DAG: example_python_operator
[2023-02-16T23:44:43.864+0000] {processor.py:753} INFO - DAG(s) dict_keys(['example_python_operator']) retrieved from /home/airflow/.local/lib/python3.7/site-packages/airflow/example_dags/example_python_operator.py
[2023-02-16T23:44:44.086+0000] {logging_mixin.py:137} INFO - [2023-02-16T23:44:44.086+0000] {dag.py:2690} INFO - Sync 1 DAGs
[2023-02-16T23:44:44.677+0000] {logging_mixin.py:137} INFO - [2023-02-16T23:44:44.677+0000] {dag.py:3441} INFO - Setting next_dagrun for example_python_operator to None, run_after=None
[2023-02-16T23:44:45.123+0000] {processor.py:175} INFO - Processing /home/airflow/.local/lib/python3.7/site-packages/airflow/example_dags/example_python_operator.py took 1.601 seconds
[2023-02-16T23:46:05.223+0000] {processor.py:153} INFO - Started process (PID=1252) to work on /home/airflow/.local/lib/python3.7/site-packages/airflow/example_dags/example_python_operator.py
[2023-02-16T23:46:05.238+0000] {processor.py:743} INFO - Processing file /home/airflow/.local/lib/python3.7/site-packages/airflow/example_dags/example_python_operator.py for tasks to queue
[2023-02-16T23:46:05.279+0000] {logging_mixin.py:137} INFO - [2023-02-16T23:46:05.261+0000] {dagbag.py:538} INFO - Filling up the DagBag from /home/airflow/.local/lib/python3.7/site-packages/airflow/example_dags/example_python_operator.py
[2023-02-16T23:46:05.415+0000] {logging_mixin.py:137} INFO - [2023-02-16T23:46:05.414+0000] {taskmixin.py:205} WARNING - Dependency <Task(_PythonDecoratedOperator): print_the_context>, log_sql_query already registered for DAG: example_python_operator
[2023-02-16T23:46:05.421+0000] {logging_mixin.py:137} INFO - [2023-02-16T23:46:05.418+0000] {taskmixin.py:205} WARNING - Dependency <Task(_PythonDecoratedOperator): log_sql_query>, print_the_context already registered for DAG: example_python_operator
[2023-02-16T23:46:05.476+0000] {logging_mixin.py:137} INFO - [2023-02-16T23:46:05.476+0000] {taskmixin.py:205} WARNING - Dependency <Task(_PythonDecoratedOperator): print_the_context>, log_sql_query already registered for DAG: example_python_operator
[2023-02-16T23:46:05.509+0000] {logging_mixin.py:137} INFO - [2023-02-16T23:46:05.508+0000] {taskmixin.py:205} WARNING - Dependency <Task(_PythonDecoratedOperator): log_sql_query>, print_the_context already registered for DAG: example_python_operator
[2023-02-16T23:46:05.529+0000] {logging_mixin.py:137} INFO - [2023-02-16T23:46:05.528+0000] {taskmixin.py:205} WARNING - Dependency <Task(_PythonDecoratedOperator): print_the_context>, log_sql_query already registered for DAG: example_python_operator
[2023-02-16T23:46:05.564+0000] {logging_mixin.py:137} INFO - [2023-02-16T23:46:05.537+0000] {taskmixin.py:205} WARNING - Dependency <Task(_PythonDecoratedOperator): log_sql_query>, print_the_context already registered for DAG: example_python_operator
[2023-02-16T23:46:05.635+0000] {logging_mixin.py:137} INFO - [2023-02-16T23:46:05.635+0000] {taskmixin.py:205} WARNING - Dependency <Task(_PythonDecoratedOperator): print_the_context>, log_sql_query already registered for DAG: example_python_operator
[2023-02-16T23:46:05.642+0000] {logging_mixin.py:137} INFO - [2023-02-16T23:46:05.642+0000] {taskmixin.py:205} WARNING - Dependency <Task(_PythonDecoratedOperator): log_sql_query>, print_the_context already registered for DAG: example_python_operator
[2023-02-16T23:46:05.937+0000] {processor.py:753} INFO - DAG(s) dict_keys(['example_python_operator']) retrieved from /home/airflow/.local/lib/python3.7/site-packages/airflow/example_dags/example_python_operator.py
[2023-02-16T23:46:06.136+0000] {logging_mixin.py:137} INFO - [2023-02-16T23:46:06.135+0000] {dag.py:2690} INFO - Sync 1 DAGs
[2023-02-16T23:46:06.653+0000] {logging_mixin.py:137} INFO - [2023-02-16T23:46:06.653+0000] {dag.py:3441} INFO - Setting next_dagrun for example_python_operator to None, run_after=None
[2023-02-16T23:46:06.918+0000] {processor.py:175} INFO - Processing /home/airflow/.local/lib/python3.7/site-packages/airflow/example_dags/example_python_operator.py took 1.762 seconds
