[2023-02-16T22:57:24.442+0000] {processor.py:153} INFO - Started process (PID=201) to work on /home/airflow/.local/lib/python3.7/site-packages/airflow/example_dags/example_complex.py
[2023-02-16T22:57:24.480+0000] {processor.py:743} INFO - Processing file /home/airflow/.local/lib/python3.7/site-packages/airflow/example_dags/example_complex.py for tasks to queue
[2023-02-16T22:57:24.506+0000] {logging_mixin.py:137} INFO - [2023-02-16T22:57:24.505+0000] {dagbag.py:538} INFO - Filling up the DagBag from /home/airflow/.local/lib/python3.7/site-packages/airflow/example_dags/example_complex.py
[2023-02-16T22:57:25.193+0000] {logging_mixin.py:137} INFO - [2023-02-16T22:57:25.143+0000] {taskmixin.py:205} WARNING - Dependency <Task(BashOperator): create_entry_group>, delete_entry_group already registered for DAG: example_complex
[2023-02-16T22:57:25.273+0000] {logging_mixin.py:137} INFO - [2023-02-16T22:57:25.257+0000] {taskmixin.py:205} WARNING - Dependency <Task(BashOperator): delete_entry_group>, create_entry_group already registered for DAG: example_complex
[2023-02-16T22:57:25.303+0000] {logging_mixin.py:137} INFO - [2023-02-16T22:57:25.286+0000] {taskmixin.py:205} WARNING - Dependency <Task(BashOperator): create_entry_gcs>, delete_entry already registered for DAG: example_complex
[2023-02-16T22:57:25.352+0000] {logging_mixin.py:137} INFO - [2023-02-16T22:57:25.351+0000] {taskmixin.py:205} WARNING - Dependency <Task(BashOperator): delete_entry>, create_entry_gcs already registered for DAG: example_complex
[2023-02-16T22:57:25.382+0000] {logging_mixin.py:137} INFO - [2023-02-16T22:57:25.381+0000] {taskmixin.py:205} WARNING - Dependency <Task(BashOperator): create_tag>, delete_tag already registered for DAG: example_complex
[2023-02-16T22:57:25.421+0000] {logging_mixin.py:137} INFO - [2023-02-16T22:57:25.420+0000] {taskmixin.py:205} WARNING - Dependency <Task(BashOperator): delete_tag>, create_tag already registered for DAG: example_complex
[2023-02-16T22:57:26.024+0000] {processor.py:753} INFO - DAG(s) dict_keys(['example_complex']) retrieved from /home/airflow/.local/lib/python3.7/site-packages/airflow/example_dags/example_complex.py
[2023-02-16T22:57:27.420+0000] {logging_mixin.py:137} INFO - [2023-02-16T22:57:27.406+0000] {dag.py:2690} INFO - Sync 1 DAGs
[2023-02-16T22:57:28.558+0000] {logging_mixin.py:137} INFO - [2023-02-16T22:57:28.539+0000] {dag.py:3441} INFO - Setting next_dagrun for example_complex to None, run_after=None
[2023-02-16T22:57:29.466+0000] {processor.py:175} INFO - Processing /home/airflow/.local/lib/python3.7/site-packages/airflow/example_dags/example_complex.py took 5.429 seconds
[2023-02-16T22:59:06.269+0000] {processor.py:153} INFO - Started process (PID=288) to work on /home/airflow/.local/lib/python3.7/site-packages/airflow/example_dags/example_complex.py
[2023-02-16T22:59:06.310+0000] {processor.py:743} INFO - Processing file /home/airflow/.local/lib/python3.7/site-packages/airflow/example_dags/example_complex.py for tasks to queue
[2023-02-16T22:59:06.317+0000] {logging_mixin.py:137} INFO - [2023-02-16T22:59:06.316+0000] {dagbag.py:538} INFO - Filling up the DagBag from /home/airflow/.local/lib/python3.7/site-packages/airflow/example_dags/example_complex.py
[2023-02-16T22:59:06.675+0000] {logging_mixin.py:137} INFO - [2023-02-16T22:59:06.674+0000] {taskmixin.py:205} WARNING - Dependency <Task(BashOperator): create_entry_group>, delete_entry_group already registered for DAG: example_complex
[2023-02-16T22:59:06.702+0000] {logging_mixin.py:137} INFO - [2023-02-16T22:59:06.693+0000] {taskmixin.py:205} WARNING - Dependency <Task(BashOperator): delete_entry_group>, create_entry_group already registered for DAG: example_complex
[2023-02-16T22:59:06.706+0000] {logging_mixin.py:137} INFO - [2023-02-16T22:59:06.706+0000] {taskmixin.py:205} WARNING - Dependency <Task(BashOperator): create_entry_gcs>, delete_entry already registered for DAG: example_complex
[2023-02-16T22:59:06.724+0000] {logging_mixin.py:137} INFO - [2023-02-16T22:59:06.723+0000] {taskmixin.py:205} WARNING - Dependency <Task(BashOperator): delete_entry>, create_entry_gcs already registered for DAG: example_complex
[2023-02-16T22:59:06.733+0000] {logging_mixin.py:137} INFO - [2023-02-16T22:59:06.732+0000] {taskmixin.py:205} WARNING - Dependency <Task(BashOperator): create_tag>, delete_tag already registered for DAG: example_complex
[2023-02-16T22:59:06.745+0000] {logging_mixin.py:137} INFO - [2023-02-16T22:59:06.741+0000] {taskmixin.py:205} WARNING - Dependency <Task(BashOperator): delete_tag>, create_tag already registered for DAG: example_complex
[2023-02-16T22:59:06.823+0000] {processor.py:753} INFO - DAG(s) dict_keys(['example_complex']) retrieved from /home/airflow/.local/lib/python3.7/site-packages/airflow/example_dags/example_complex.py
[2023-02-16T22:59:07.573+0000] {logging_mixin.py:137} INFO - [2023-02-16T22:59:07.573+0000] {dag.py:2690} INFO - Sync 1 DAGs
[2023-02-16T22:59:08.059+0000] {logging_mixin.py:137} INFO - [2023-02-16T22:59:08.059+0000] {dag.py:3441} INFO - Setting next_dagrun for example_complex to None, run_after=None
[2023-02-16T22:59:08.492+0000] {processor.py:175} INFO - Processing /home/airflow/.local/lib/python3.7/site-packages/airflow/example_dags/example_complex.py took 2.279 seconds
[2023-02-16T23:02:15.655+0000] {processor.py:153} INFO - Started process (PID=443) to work on /home/airflow/.local/lib/python3.7/site-packages/airflow/example_dags/example_complex.py
[2023-02-16T23:02:15.671+0000] {processor.py:743} INFO - Processing file /home/airflow/.local/lib/python3.7/site-packages/airflow/example_dags/example_complex.py for tasks to queue
[2023-02-16T23:02:15.704+0000] {logging_mixin.py:137} INFO - [2023-02-16T23:02:15.704+0000] {dagbag.py:538} INFO - Filling up the DagBag from /home/airflow/.local/lib/python3.7/site-packages/airflow/example_dags/example_complex.py
[2023-02-16T23:02:16.005+0000] {logging_mixin.py:137} INFO - [2023-02-16T23:02:16.005+0000] {taskmixin.py:205} WARNING - Dependency <Task(BashOperator): create_entry_group>, delete_entry_group already registered for DAG: example_complex
[2023-02-16T23:02:16.021+0000] {logging_mixin.py:137} INFO - [2023-02-16T23:02:16.021+0000] {taskmixin.py:205} WARNING - Dependency <Task(BashOperator): delete_entry_group>, create_entry_group already registered for DAG: example_complex
[2023-02-16T23:02:16.035+0000] {logging_mixin.py:137} INFO - [2023-02-16T23:02:16.035+0000] {taskmixin.py:205} WARNING - Dependency <Task(BashOperator): create_entry_gcs>, delete_entry already registered for DAG: example_complex
[2023-02-16T23:02:16.055+0000] {logging_mixin.py:137} INFO - [2023-02-16T23:02:16.046+0000] {taskmixin.py:205} WARNING - Dependency <Task(BashOperator): delete_entry>, create_entry_gcs already registered for DAG: example_complex
[2023-02-16T23:02:16.076+0000] {logging_mixin.py:137} INFO - [2023-02-16T23:02:16.076+0000] {taskmixin.py:205} WARNING - Dependency <Task(BashOperator): create_tag>, delete_tag already registered for DAG: example_complex
[2023-02-16T23:02:16.099+0000] {logging_mixin.py:137} INFO - [2023-02-16T23:02:16.082+0000] {taskmixin.py:205} WARNING - Dependency <Task(BashOperator): delete_tag>, create_tag already registered for DAG: example_complex
[2023-02-16T23:02:16.312+0000] {processor.py:753} INFO - DAG(s) dict_keys(['example_complex']) retrieved from /home/airflow/.local/lib/python3.7/site-packages/airflow/example_dags/example_complex.py
[2023-02-16T23:02:16.837+0000] {logging_mixin.py:137} INFO - [2023-02-16T23:02:16.836+0000] {dag.py:2690} INFO - Sync 1 DAGs
[2023-02-16T23:02:17.238+0000] {logging_mixin.py:137} INFO - [2023-02-16T23:02:17.231+0000] {dag.py:3441} INFO - Setting next_dagrun for example_complex to None, run_after=None
[2023-02-16T23:02:17.679+0000] {processor.py:175} INFO - Processing /home/airflow/.local/lib/python3.7/site-packages/airflow/example_dags/example_complex.py took 2.273 seconds
[2023-02-16T23:29:45.977+0000] {processor.py:153} INFO - Started process (PID=197) to work on /home/airflow/.local/lib/python3.7/site-packages/airflow/example_dags/example_complex.py
[2023-02-16T23:29:45.981+0000] {processor.py:743} INFO - Processing file /home/airflow/.local/lib/python3.7/site-packages/airflow/example_dags/example_complex.py for tasks to queue
[2023-02-16T23:29:46.012+0000] {logging_mixin.py:137} INFO - [2023-02-16T23:29:46.011+0000] {dagbag.py:538} INFO - Filling up the DagBag from /home/airflow/.local/lib/python3.7/site-packages/airflow/example_dags/example_complex.py
[2023-02-16T23:29:46.485+0000] {logging_mixin.py:137} INFO - [2023-02-16T23:29:46.481+0000] {taskmixin.py:205} WARNING - Dependency <Task(BashOperator): create_entry_group>, delete_entry_group already registered for DAG: example_complex
[2023-02-16T23:29:46.503+0000] {logging_mixin.py:137} INFO - [2023-02-16T23:29:46.495+0000] {taskmixin.py:205} WARNING - Dependency <Task(BashOperator): delete_entry_group>, create_entry_group already registered for DAG: example_complex
[2023-02-16T23:29:46.518+0000] {logging_mixin.py:137} INFO - [2023-02-16T23:29:46.518+0000] {taskmixin.py:205} WARNING - Dependency <Task(BashOperator): create_entry_gcs>, delete_entry already registered for DAG: example_complex
[2023-02-16T23:29:46.526+0000] {logging_mixin.py:137} INFO - [2023-02-16T23:29:46.526+0000] {taskmixin.py:205} WARNING - Dependency <Task(BashOperator): delete_entry>, create_entry_gcs already registered for DAG: example_complex
[2023-02-16T23:29:46.539+0000] {logging_mixin.py:137} INFO - [2023-02-16T23:29:46.538+0000] {taskmixin.py:205} WARNING - Dependency <Task(BashOperator): create_tag>, delete_tag already registered for DAG: example_complex
[2023-02-16T23:29:46.552+0000] {logging_mixin.py:137} INFO - [2023-02-16T23:29:46.552+0000] {taskmixin.py:205} WARNING - Dependency <Task(BashOperator): delete_tag>, create_tag already registered for DAG: example_complex
[2023-02-16T23:29:46.836+0000] {processor.py:753} INFO - DAG(s) dict_keys(['example_complex']) retrieved from /home/airflow/.local/lib/python3.7/site-packages/airflow/example_dags/example_complex.py
[2023-02-16T23:29:48.435+0000] {logging_mixin.py:137} INFO - [2023-02-16T23:29:48.434+0000] {manager.py:504} INFO - Created Permission View: can edit on DAG:example_complex
[2023-02-16T23:29:48.485+0000] {logging_mixin.py:137} INFO - [2023-02-16T23:29:48.484+0000] {manager.py:504} INFO - Created Permission View: can delete on DAG:example_complex
[2023-02-16T23:29:48.528+0000] {logging_mixin.py:137} INFO - [2023-02-16T23:29:48.528+0000] {manager.py:504} INFO - Created Permission View: can read on DAG:example_complex
[2023-02-16T23:29:48.537+0000] {logging_mixin.py:137} INFO - [2023-02-16T23:29:48.537+0000] {dag.py:2690} INFO - Sync 1 DAGs
[2023-02-16T23:29:48.636+0000] {logging_mixin.py:137} INFO - [2023-02-16T23:29:48.632+0000] {dag.py:2711} INFO - Creating ORM DAG for example_complex
[2023-02-16T23:29:48.907+0000] {logging_mixin.py:137} INFO - [2023-02-16T23:29:48.907+0000] {dag.py:3441} INFO - Setting next_dagrun for example_complex to None, run_after=None
[2023-02-16T23:29:49.149+0000] {processor.py:175} INFO - Processing /home/airflow/.local/lib/python3.7/site-packages/airflow/example_dags/example_complex.py took 3.242 seconds
[2023-02-16T23:31:15.249+0000] {processor.py:153} INFO - Started process (PID=282) to work on /home/airflow/.local/lib/python3.7/site-packages/airflow/example_dags/example_complex.py
[2023-02-16T23:31:15.292+0000] {processor.py:743} INFO - Processing file /home/airflow/.local/lib/python3.7/site-packages/airflow/example_dags/example_complex.py for tasks to queue
[2023-02-16T23:31:15.467+0000] {logging_mixin.py:137} INFO - [2023-02-16T23:31:15.466+0000] {dagbag.py:538} INFO - Filling up the DagBag from /home/airflow/.local/lib/python3.7/site-packages/airflow/example_dags/example_complex.py
[2023-02-16T23:31:16.319+0000] {logging_mixin.py:137} INFO - [2023-02-16T23:31:16.319+0000] {taskmixin.py:205} WARNING - Dependency <Task(BashOperator): create_entry_group>, delete_entry_group already registered for DAG: example_complex
[2023-02-16T23:31:16.353+0000] {logging_mixin.py:137} INFO - [2023-02-16T23:31:16.335+0000] {taskmixin.py:205} WARNING - Dependency <Task(BashOperator): delete_entry_group>, create_entry_group already registered for DAG: example_complex
[2023-02-16T23:31:16.366+0000] {logging_mixin.py:137} INFO - [2023-02-16T23:31:16.360+0000] {taskmixin.py:205} WARNING - Dependency <Task(BashOperator): create_entry_gcs>, delete_entry already registered for DAG: example_complex
[2023-02-16T23:31:16.376+0000] {logging_mixin.py:137} INFO - [2023-02-16T23:31:16.375+0000] {taskmixin.py:205} WARNING - Dependency <Task(BashOperator): delete_entry>, create_entry_gcs already registered for DAG: example_complex
[2023-02-16T23:31:16.432+0000] {logging_mixin.py:137} INFO - [2023-02-16T23:31:16.432+0000] {taskmixin.py:205} WARNING - Dependency <Task(BashOperator): create_tag>, delete_tag already registered for DAG: example_complex
[2023-02-16T23:31:16.444+0000] {logging_mixin.py:137} INFO - [2023-02-16T23:31:16.436+0000] {taskmixin.py:205} WARNING - Dependency <Task(BashOperator): delete_tag>, create_tag already registered for DAG: example_complex
[2023-02-16T23:31:16.585+0000] {processor.py:753} INFO - DAG(s) dict_keys(['example_complex']) retrieved from /home/airflow/.local/lib/python3.7/site-packages/airflow/example_dags/example_complex.py
[2023-02-16T23:31:17.285+0000] {logging_mixin.py:137} INFO - [2023-02-16T23:31:17.284+0000] {dag.py:2690} INFO - Sync 1 DAGs
[2023-02-16T23:31:17.988+0000] {logging_mixin.py:137} INFO - [2023-02-16T23:31:17.986+0000] {dag.py:3441} INFO - Setting next_dagrun for example_complex to None, run_after=None
[2023-02-16T23:31:18.253+0000] {processor.py:175} INFO - Processing /home/airflow/.local/lib/python3.7/site-packages/airflow/example_dags/example_complex.py took 4.299 seconds
[2023-02-16T23:33:48.317+0000] {processor.py:153} INFO - Started process (PID=399) to work on /home/airflow/.local/lib/python3.7/site-packages/airflow/example_dags/example_complex.py
[2023-02-16T23:33:48.334+0000] {processor.py:743} INFO - Processing file /home/airflow/.local/lib/python3.7/site-packages/airflow/example_dags/example_complex.py for tasks to queue
[2023-02-16T23:33:48.374+0000] {logging_mixin.py:137} INFO - [2023-02-16T23:33:48.374+0000] {dagbag.py:538} INFO - Filling up the DagBag from /home/airflow/.local/lib/python3.7/site-packages/airflow/example_dags/example_complex.py
[2023-02-16T23:33:49.474+0000] {logging_mixin.py:137} INFO - [2023-02-16T23:33:49.474+0000] {taskmixin.py:205} WARNING - Dependency <Task(BashOperator): create_entry_group>, delete_entry_group already registered for DAG: example_complex
[2023-02-16T23:33:49.740+0000] {logging_mixin.py:137} INFO - [2023-02-16T23:33:49.526+0000] {taskmixin.py:205} WARNING - Dependency <Task(BashOperator): delete_entry_group>, create_entry_group already registered for DAG: example_complex
[2023-02-16T23:33:49.875+0000] {logging_mixin.py:137} INFO - [2023-02-16T23:33:49.874+0000] {taskmixin.py:205} WARNING - Dependency <Task(BashOperator): create_entry_gcs>, delete_entry already registered for DAG: example_complex
[2023-02-16T23:33:49.910+0000] {logging_mixin.py:137} INFO - [2023-02-16T23:33:49.910+0000] {taskmixin.py:205} WARNING - Dependency <Task(BashOperator): delete_entry>, create_entry_gcs already registered for DAG: example_complex
[2023-02-16T23:33:49.915+0000] {logging_mixin.py:137} INFO - [2023-02-16T23:33:49.914+0000] {taskmixin.py:205} WARNING - Dependency <Task(BashOperator): create_tag>, delete_tag already registered for DAG: example_complex
[2023-02-16T23:33:49.939+0000] {logging_mixin.py:137} INFO - [2023-02-16T23:33:49.938+0000] {taskmixin.py:205} WARNING - Dependency <Task(BashOperator): delete_tag>, create_tag already registered for DAG: example_complex
[2023-02-16T23:33:50.397+0000] {processor.py:753} INFO - DAG(s) dict_keys(['example_complex']) retrieved from /home/airflow/.local/lib/python3.7/site-packages/airflow/example_dags/example_complex.py
[2023-02-16T23:33:52.387+0000] {logging_mixin.py:137} INFO - [2023-02-16T23:33:52.387+0000] {dag.py:2690} INFO - Sync 1 DAGs
[2023-02-16T23:33:54.783+0000] {logging_mixin.py:137} INFO - [2023-02-16T23:33:54.632+0000] {dag.py:3441} INFO - Setting next_dagrun for example_complex to None, run_after=None
[2023-02-16T23:33:57.237+0000] {processor.py:175} INFO - Processing /home/airflow/.local/lib/python3.7/site-packages/airflow/example_dags/example_complex.py took 9.070 seconds
[2023-02-16T23:34:55.001+0000] {processor.py:153} INFO - Started process (PID=478) to work on /home/airflow/.local/lib/python3.7/site-packages/airflow/example_dags/example_complex.py
[2023-02-16T23:34:55.020+0000] {processor.py:743} INFO - Processing file /home/airflow/.local/lib/python3.7/site-packages/airflow/example_dags/example_complex.py for tasks to queue
[2023-02-16T23:34:55.033+0000] {logging_mixin.py:137} INFO - [2023-02-16T23:34:55.032+0000] {dagbag.py:538} INFO - Filling up the DagBag from /home/airflow/.local/lib/python3.7/site-packages/airflow/example_dags/example_complex.py
[2023-02-16T23:34:55.435+0000] {logging_mixin.py:137} INFO - [2023-02-16T23:34:55.435+0000] {taskmixin.py:205} WARNING - Dependency <Task(BashOperator): create_entry_group>, delete_entry_group already registered for DAG: example_complex
[2023-02-16T23:34:55.441+0000] {logging_mixin.py:137} INFO - [2023-02-16T23:34:55.440+0000] {taskmixin.py:205} WARNING - Dependency <Task(BashOperator): delete_entry_group>, create_entry_group already registered for DAG: example_complex
[2023-02-16T23:34:55.449+0000] {logging_mixin.py:137} INFO - [2023-02-16T23:34:55.448+0000] {taskmixin.py:205} WARNING - Dependency <Task(BashOperator): create_entry_gcs>, delete_entry already registered for DAG: example_complex
[2023-02-16T23:34:55.453+0000] {logging_mixin.py:137} INFO - [2023-02-16T23:34:55.452+0000] {taskmixin.py:205} WARNING - Dependency <Task(BashOperator): delete_entry>, create_entry_gcs already registered for DAG: example_complex
[2023-02-16T23:34:55.463+0000] {logging_mixin.py:137} INFO - [2023-02-16T23:34:55.462+0000] {taskmixin.py:205} WARNING - Dependency <Task(BashOperator): create_tag>, delete_tag already registered for DAG: example_complex
[2023-02-16T23:34:55.477+0000] {logging_mixin.py:137} INFO - [2023-02-16T23:34:55.475+0000] {taskmixin.py:205} WARNING - Dependency <Task(BashOperator): delete_tag>, create_tag already registered for DAG: example_complex
[2023-02-16T23:34:55.638+0000] {processor.py:753} INFO - DAG(s) dict_keys(['example_complex']) retrieved from /home/airflow/.local/lib/python3.7/site-packages/airflow/example_dags/example_complex.py
[2023-02-16T23:34:56.599+0000] {logging_mixin.py:137} INFO - [2023-02-16T23:34:56.598+0000] {dag.py:2690} INFO - Sync 1 DAGs
[2023-02-16T23:34:57.164+0000] {logging_mixin.py:137} INFO - [2023-02-16T23:34:57.163+0000] {dag.py:3441} INFO - Setting next_dagrun for example_complex to None, run_after=None
[2023-02-16T23:34:57.513+0000] {processor.py:175} INFO - Processing /home/airflow/.local/lib/python3.7/site-packages/airflow/example_dags/example_complex.py took 2.605 seconds
[2023-02-16T23:35:46.794+0000] {processor.py:153} INFO - Started process (PID=546) to work on /home/airflow/.local/lib/python3.7/site-packages/airflow/example_dags/example_complex.py
[2023-02-16T23:35:46.821+0000] {processor.py:743} INFO - Processing file /home/airflow/.local/lib/python3.7/site-packages/airflow/example_dags/example_complex.py for tasks to queue
[2023-02-16T23:35:46.837+0000] {logging_mixin.py:137} INFO - [2023-02-16T23:35:46.836+0000] {dagbag.py:538} INFO - Filling up the DagBag from /home/airflow/.local/lib/python3.7/site-packages/airflow/example_dags/example_complex.py
[2023-02-16T23:35:47.149+0000] {logging_mixin.py:137} INFO - [2023-02-16T23:35:47.149+0000] {taskmixin.py:205} WARNING - Dependency <Task(BashOperator): create_entry_group>, delete_entry_group already registered for DAG: example_complex
[2023-02-16T23:35:47.154+0000] {logging_mixin.py:137} INFO - [2023-02-16T23:35:47.153+0000] {taskmixin.py:205} WARNING - Dependency <Task(BashOperator): delete_entry_group>, create_entry_group already registered for DAG: example_complex
[2023-02-16T23:35:47.163+0000] {logging_mixin.py:137} INFO - [2023-02-16T23:35:47.160+0000] {taskmixin.py:205} WARNING - Dependency <Task(BashOperator): create_entry_gcs>, delete_entry already registered for DAG: example_complex
[2023-02-16T23:35:47.182+0000] {logging_mixin.py:137} INFO - [2023-02-16T23:35:47.181+0000] {taskmixin.py:205} WARNING - Dependency <Task(BashOperator): delete_entry>, create_entry_gcs already registered for DAG: example_complex
[2023-02-16T23:35:47.187+0000] {logging_mixin.py:137} INFO - [2023-02-16T23:35:47.186+0000] {taskmixin.py:205} WARNING - Dependency <Task(BashOperator): create_tag>, delete_tag already registered for DAG: example_complex
[2023-02-16T23:35:47.196+0000] {logging_mixin.py:137} INFO - [2023-02-16T23:35:47.192+0000] {taskmixin.py:205} WARNING - Dependency <Task(BashOperator): delete_tag>, create_tag already registered for DAG: example_complex
[2023-02-16T23:35:47.381+0000] {processor.py:753} INFO - DAG(s) dict_keys(['example_complex']) retrieved from /home/airflow/.local/lib/python3.7/site-packages/airflow/example_dags/example_complex.py
[2023-02-16T23:35:48.241+0000] {logging_mixin.py:137} INFO - [2023-02-16T23:35:48.241+0000] {dag.py:2690} INFO - Sync 1 DAGs
[2023-02-16T23:35:50.810+0000] {logging_mixin.py:137} INFO - [2023-02-16T23:35:50.809+0000] {dag.py:3441} INFO - Setting next_dagrun for example_complex to None, run_after=None
[2023-02-16T23:35:53.757+0000] {processor.py:175} INFO - Processing /home/airflow/.local/lib/python3.7/site-packages/airflow/example_dags/example_complex.py took 7.036 seconds
[2023-02-16T23:36:44.443+0000] {processor.py:153} INFO - Started process (PID=613) to work on /home/airflow/.local/lib/python3.7/site-packages/airflow/example_dags/example_complex.py
[2023-02-16T23:36:44.462+0000] {processor.py:743} INFO - Processing file /home/airflow/.local/lib/python3.7/site-packages/airflow/example_dags/example_complex.py for tasks to queue
[2023-02-16T23:36:44.477+0000] {logging_mixin.py:137} INFO - [2023-02-16T23:36:44.477+0000] {dagbag.py:538} INFO - Filling up the DagBag from /home/airflow/.local/lib/python3.7/site-packages/airflow/example_dags/example_complex.py
[2023-02-16T23:36:44.741+0000] {logging_mixin.py:137} INFO - [2023-02-16T23:36:44.740+0000] {taskmixin.py:205} WARNING - Dependency <Task(BashOperator): create_entry_group>, delete_entry_group already registered for DAG: example_complex
[2023-02-16T23:36:44.756+0000] {logging_mixin.py:137} INFO - [2023-02-16T23:36:44.744+0000] {taskmixin.py:205} WARNING - Dependency <Task(BashOperator): delete_entry_group>, create_entry_group already registered for DAG: example_complex
[2023-02-16T23:36:44.760+0000] {logging_mixin.py:137} INFO - [2023-02-16T23:36:44.760+0000] {taskmixin.py:205} WARNING - Dependency <Task(BashOperator): create_entry_gcs>, delete_entry already registered for DAG: example_complex
[2023-02-16T23:36:44.764+0000] {logging_mixin.py:137} INFO - [2023-02-16T23:36:44.762+0000] {taskmixin.py:205} WARNING - Dependency <Task(BashOperator): delete_entry>, create_entry_gcs already registered for DAG: example_complex
[2023-02-16T23:36:44.787+0000] {logging_mixin.py:137} INFO - [2023-02-16T23:36:44.787+0000] {taskmixin.py:205} WARNING - Dependency <Task(BashOperator): create_tag>, delete_tag already registered for DAG: example_complex
[2023-02-16T23:36:44.790+0000] {logging_mixin.py:137} INFO - [2023-02-16T23:36:44.790+0000] {taskmixin.py:205} WARNING - Dependency <Task(BashOperator): delete_tag>, create_tag already registered for DAG: example_complex
[2023-02-16T23:36:44.936+0000] {processor.py:753} INFO - DAG(s) dict_keys(['example_complex']) retrieved from /home/airflow/.local/lib/python3.7/site-packages/airflow/example_dags/example_complex.py
[2023-02-16T23:36:45.506+0000] {logging_mixin.py:137} INFO - [2023-02-16T23:36:45.505+0000] {dag.py:2690} INFO - Sync 1 DAGs
[2023-02-16T23:36:46.111+0000] {logging_mixin.py:137} INFO - [2023-02-16T23:36:46.111+0000] {dag.py:3441} INFO - Setting next_dagrun for example_complex to None, run_after=None
[2023-02-16T23:36:46.309+0000] {processor.py:175} INFO - Processing /home/airflow/.local/lib/python3.7/site-packages/airflow/example_dags/example_complex.py took 1.915 seconds
[2023-02-16T23:38:37.389+0000] {processor.py:153} INFO - Started process (PID=733) to work on /home/airflow/.local/lib/python3.7/site-packages/airflow/example_dags/example_complex.py
[2023-02-16T23:38:37.407+0000] {processor.py:743} INFO - Processing file /home/airflow/.local/lib/python3.7/site-packages/airflow/example_dags/example_complex.py for tasks to queue
[2023-02-16T23:38:37.437+0000] {logging_mixin.py:137} INFO - [2023-02-16T23:38:37.415+0000] {dagbag.py:538} INFO - Filling up the DagBag from /home/airflow/.local/lib/python3.7/site-packages/airflow/example_dags/example_complex.py
[2023-02-16T23:38:37.569+0000] {logging_mixin.py:137} INFO - [2023-02-16T23:38:37.569+0000] {taskmixin.py:205} WARNING - Dependency <Task(BashOperator): create_entry_group>, delete_entry_group already registered for DAG: example_complex
[2023-02-16T23:38:37.590+0000] {logging_mixin.py:137} INFO - [2023-02-16T23:38:37.590+0000] {taskmixin.py:205} WARNING - Dependency <Task(BashOperator): delete_entry_group>, create_entry_group already registered for DAG: example_complex
[2023-02-16T23:38:37.593+0000] {logging_mixin.py:137} INFO - [2023-02-16T23:38:37.593+0000] {taskmixin.py:205} WARNING - Dependency <Task(BashOperator): create_entry_gcs>, delete_entry already registered for DAG: example_complex
[2023-02-16T23:38:37.598+0000] {logging_mixin.py:137} INFO - [2023-02-16T23:38:37.597+0000] {taskmixin.py:205} WARNING - Dependency <Task(BashOperator): delete_entry>, create_entry_gcs already registered for DAG: example_complex
[2023-02-16T23:38:37.609+0000] {logging_mixin.py:137} INFO - [2023-02-16T23:38:37.606+0000] {taskmixin.py:205} WARNING - Dependency <Task(BashOperator): create_tag>, delete_tag already registered for DAG: example_complex
[2023-02-16T23:38:37.617+0000] {logging_mixin.py:137} INFO - [2023-02-16T23:38:37.613+0000] {taskmixin.py:205} WARNING - Dependency <Task(BashOperator): delete_tag>, create_tag already registered for DAG: example_complex
[2023-02-16T23:38:37.723+0000] {processor.py:753} INFO - DAG(s) dict_keys(['example_complex']) retrieved from /home/airflow/.local/lib/python3.7/site-packages/airflow/example_dags/example_complex.py
[2023-02-16T23:38:38.039+0000] {logging_mixin.py:137} INFO - [2023-02-16T23:38:38.038+0000] {dag.py:2690} INFO - Sync 1 DAGs
[2023-02-16T23:38:38.251+0000] {logging_mixin.py:137} INFO - [2023-02-16T23:38:38.251+0000] {dag.py:3441} INFO - Setting next_dagrun for example_complex to None, run_after=None
[2023-02-16T23:38:38.452+0000] {processor.py:175} INFO - Processing /home/airflow/.local/lib/python3.7/site-packages/airflow/example_dags/example_complex.py took 1.090 seconds
[2023-02-16T23:39:16.095+0000] {processor.py:153} INFO - Started process (PID=791) to work on /home/airflow/.local/lib/python3.7/site-packages/airflow/example_dags/example_complex.py
[2023-02-16T23:39:16.121+0000] {processor.py:743} INFO - Processing file /home/airflow/.local/lib/python3.7/site-packages/airflow/example_dags/example_complex.py for tasks to queue
[2023-02-16T23:39:16.132+0000] {logging_mixin.py:137} INFO - [2023-02-16T23:39:16.132+0000] {dagbag.py:538} INFO - Filling up the DagBag from /home/airflow/.local/lib/python3.7/site-packages/airflow/example_dags/example_complex.py
[2023-02-16T23:39:16.551+0000] {logging_mixin.py:137} INFO - [2023-02-16T23:39:16.550+0000] {taskmixin.py:205} WARNING - Dependency <Task(BashOperator): create_entry_group>, delete_entry_group already registered for DAG: example_complex
[2023-02-16T23:39:16.564+0000] {logging_mixin.py:137} INFO - [2023-02-16T23:39:16.560+0000] {taskmixin.py:205} WARNING - Dependency <Task(BashOperator): delete_entry_group>, create_entry_group already registered for DAG: example_complex
[2023-02-16T23:39:16.586+0000] {logging_mixin.py:137} INFO - [2023-02-16T23:39:16.586+0000] {taskmixin.py:205} WARNING - Dependency <Task(BashOperator): create_entry_gcs>, delete_entry already registered for DAG: example_complex
[2023-02-16T23:39:16.592+0000] {logging_mixin.py:137} INFO - [2023-02-16T23:39:16.589+0000] {taskmixin.py:205} WARNING - Dependency <Task(BashOperator): delete_entry>, create_entry_gcs already registered for DAG: example_complex
[2023-02-16T23:39:16.599+0000] {logging_mixin.py:137} INFO - [2023-02-16T23:39:16.599+0000] {taskmixin.py:205} WARNING - Dependency <Task(BashOperator): create_tag>, delete_tag already registered for DAG: example_complex
[2023-02-16T23:39:16.630+0000] {logging_mixin.py:137} INFO - [2023-02-16T23:39:16.630+0000] {taskmixin.py:205} WARNING - Dependency <Task(BashOperator): delete_tag>, create_tag already registered for DAG: example_complex
[2023-02-16T23:39:16.780+0000] {processor.py:753} INFO - DAG(s) dict_keys(['example_complex']) retrieved from /home/airflow/.local/lib/python3.7/site-packages/airflow/example_dags/example_complex.py
[2023-02-16T23:39:16.972+0000] {logging_mixin.py:137} INFO - [2023-02-16T23:39:16.972+0000] {dag.py:2690} INFO - Sync 1 DAGs
[2023-02-16T23:39:17.442+0000] {logging_mixin.py:137} INFO - [2023-02-16T23:39:17.441+0000] {dag.py:3441} INFO - Setting next_dagrun for example_complex to None, run_after=None
[2023-02-16T23:39:18.165+0000] {processor.py:175} INFO - Processing /home/airflow/.local/lib/python3.7/site-packages/airflow/example_dags/example_complex.py took 2.131 seconds
[2023-02-16T23:40:38.848+0000] {processor.py:153} INFO - Started process (PID=878) to work on /home/airflow/.local/lib/python3.7/site-packages/airflow/example_dags/example_complex.py
[2023-02-16T23:40:38.864+0000] {processor.py:743} INFO - Processing file /home/airflow/.local/lib/python3.7/site-packages/airflow/example_dags/example_complex.py for tasks to queue
[2023-02-16T23:40:38.874+0000] {logging_mixin.py:137} INFO - [2023-02-16T23:40:38.872+0000] {dagbag.py:538} INFO - Filling up the DagBag from /home/airflow/.local/lib/python3.7/site-packages/airflow/example_dags/example_complex.py
[2023-02-16T23:40:39.033+0000] {logging_mixin.py:137} INFO - [2023-02-16T23:40:39.033+0000] {taskmixin.py:205} WARNING - Dependency <Task(BashOperator): create_entry_group>, delete_entry_group already registered for DAG: example_complex
[2023-02-16T23:40:39.038+0000] {logging_mixin.py:137} INFO - [2023-02-16T23:40:39.037+0000] {taskmixin.py:205} WARNING - Dependency <Task(BashOperator): delete_entry_group>, create_entry_group already registered for DAG: example_complex
[2023-02-16T23:40:39.047+0000] {logging_mixin.py:137} INFO - [2023-02-16T23:40:39.046+0000] {taskmixin.py:205} WARNING - Dependency <Task(BashOperator): create_entry_gcs>, delete_entry already registered for DAG: example_complex
[2023-02-16T23:40:39.061+0000] {logging_mixin.py:137} INFO - [2023-02-16T23:40:39.057+0000] {taskmixin.py:205} WARNING - Dependency <Task(BashOperator): delete_entry>, create_entry_gcs already registered for DAG: example_complex
[2023-02-16T23:40:39.082+0000] {logging_mixin.py:137} INFO - [2023-02-16T23:40:39.080+0000] {taskmixin.py:205} WARNING - Dependency <Task(BashOperator): create_tag>, delete_tag already registered for DAG: example_complex
[2023-02-16T23:40:39.104+0000] {logging_mixin.py:137} INFO - [2023-02-16T23:40:39.089+0000] {taskmixin.py:205} WARNING - Dependency <Task(BashOperator): delete_tag>, create_tag already registered for DAG: example_complex
[2023-02-16T23:40:39.349+0000] {processor.py:753} INFO - DAG(s) dict_keys(['example_complex']) retrieved from /home/airflow/.local/lib/python3.7/site-packages/airflow/example_dags/example_complex.py
[2023-02-16T23:40:39.798+0000] {logging_mixin.py:137} INFO - [2023-02-16T23:40:39.797+0000] {dag.py:2690} INFO - Sync 1 DAGs
[2023-02-16T23:40:39.904+0000] {logging_mixin.py:137} INFO - [2023-02-16T23:40:39.904+0000] {dag.py:3441} INFO - Setting next_dagrun for example_complex to None, run_after=None
[2023-02-16T23:40:41.469+0000] {processor.py:175} INFO - Processing /home/airflow/.local/lib/python3.7/site-packages/airflow/example_dags/example_complex.py took 2.665 seconds
[2023-02-16T23:41:24.613+0000] {processor.py:153} INFO - Started process (PID=940) to work on /home/airflow/.local/lib/python3.7/site-packages/airflow/example_dags/example_complex.py
[2023-02-16T23:41:24.629+0000] {processor.py:743} INFO - Processing file /home/airflow/.local/lib/python3.7/site-packages/airflow/example_dags/example_complex.py for tasks to queue
[2023-02-16T23:41:24.652+0000] {logging_mixin.py:137} INFO - [2023-02-16T23:41:24.651+0000] {dagbag.py:538} INFO - Filling up the DagBag from /home/airflow/.local/lib/python3.7/site-packages/airflow/example_dags/example_complex.py
[2023-02-16T23:41:24.854+0000] {logging_mixin.py:137} INFO - [2023-02-16T23:41:24.854+0000] {taskmixin.py:205} WARNING - Dependency <Task(BashOperator): create_entry_group>, delete_entry_group already registered for DAG: example_complex
[2023-02-16T23:41:24.862+0000] {logging_mixin.py:137} INFO - [2023-02-16T23:41:24.861+0000] {taskmixin.py:205} WARNING - Dependency <Task(BashOperator): delete_entry_group>, create_entry_group already registered for DAG: example_complex
[2023-02-16T23:41:24.874+0000] {logging_mixin.py:137} INFO - [2023-02-16T23:41:24.873+0000] {taskmixin.py:205} WARNING - Dependency <Task(BashOperator): create_entry_gcs>, delete_entry already registered for DAG: example_complex
[2023-02-16T23:41:24.882+0000] {logging_mixin.py:137} INFO - [2023-02-16T23:41:24.881+0000] {taskmixin.py:205} WARNING - Dependency <Task(BashOperator): delete_entry>, create_entry_gcs already registered for DAG: example_complex
[2023-02-16T23:41:24.895+0000] {logging_mixin.py:137} INFO - [2023-02-16T23:41:24.895+0000] {taskmixin.py:205} WARNING - Dependency <Task(BashOperator): create_tag>, delete_tag already registered for DAG: example_complex
[2023-02-16T23:41:24.905+0000] {logging_mixin.py:137} INFO - [2023-02-16T23:41:24.903+0000] {taskmixin.py:205} WARNING - Dependency <Task(BashOperator): delete_tag>, create_tag already registered for DAG: example_complex
[2023-02-16T23:41:24.990+0000] {processor.py:753} INFO - DAG(s) dict_keys(['example_complex']) retrieved from /home/airflow/.local/lib/python3.7/site-packages/airflow/example_dags/example_complex.py
[2023-02-16T23:41:25.266+0000] {logging_mixin.py:137} INFO - [2023-02-16T23:41:25.265+0000] {dag.py:2690} INFO - Sync 1 DAGs
[2023-02-16T23:41:25.599+0000] {logging_mixin.py:137} INFO - [2023-02-16T23:41:25.598+0000] {dag.py:3441} INFO - Setting next_dagrun for example_complex to None, run_after=None
[2023-02-16T23:41:26.007+0000] {processor.py:175} INFO - Processing /home/airflow/.local/lib/python3.7/site-packages/airflow/example_dags/example_complex.py took 1.434 seconds
[2023-02-16T23:42:57.886+0000] {processor.py:153} INFO - Started process (PID=1038) to work on /home/airflow/.local/lib/python3.7/site-packages/airflow/example_dags/example_complex.py
[2023-02-16T23:42:57.933+0000] {processor.py:743} INFO - Processing file /home/airflow/.local/lib/python3.7/site-packages/airflow/example_dags/example_complex.py for tasks to queue
[2023-02-16T23:42:57.966+0000] {logging_mixin.py:137} INFO - [2023-02-16T23:42:57.966+0000] {dagbag.py:538} INFO - Filling up the DagBag from /home/airflow/.local/lib/python3.7/site-packages/airflow/example_dags/example_complex.py
[2023-02-16T23:42:58.543+0000] {logging_mixin.py:137} INFO - [2023-02-16T23:42:58.537+0000] {taskmixin.py:205} WARNING - Dependency <Task(BashOperator): create_entry_group>, delete_entry_group already registered for DAG: example_complex
[2023-02-16T23:42:58.548+0000] {logging_mixin.py:137} INFO - [2023-02-16T23:42:58.548+0000] {taskmixin.py:205} WARNING - Dependency <Task(BashOperator): delete_entry_group>, create_entry_group already registered for DAG: example_complex
[2023-02-16T23:42:58.559+0000] {logging_mixin.py:137} INFO - [2023-02-16T23:42:58.558+0000] {taskmixin.py:205} WARNING - Dependency <Task(BashOperator): create_entry_gcs>, delete_entry already registered for DAG: example_complex
[2023-02-16T23:42:58.568+0000] {logging_mixin.py:137} INFO - [2023-02-16T23:42:58.564+0000] {taskmixin.py:205} WARNING - Dependency <Task(BashOperator): delete_entry>, create_entry_gcs already registered for DAG: example_complex
[2023-02-16T23:42:58.586+0000] {logging_mixin.py:137} INFO - [2023-02-16T23:42:58.586+0000] {taskmixin.py:205} WARNING - Dependency <Task(BashOperator): create_tag>, delete_tag already registered for DAG: example_complex
[2023-02-16T23:42:58.599+0000] {logging_mixin.py:137} INFO - [2023-02-16T23:42:58.598+0000] {taskmixin.py:205} WARNING - Dependency <Task(BashOperator): delete_tag>, create_tag already registered for DAG: example_complex
[2023-02-16T23:42:58.783+0000] {processor.py:753} INFO - DAG(s) dict_keys(['example_complex']) retrieved from /home/airflow/.local/lib/python3.7/site-packages/airflow/example_dags/example_complex.py
[2023-02-16T23:42:59.466+0000] {logging_mixin.py:137} INFO - [2023-02-16T23:42:59.465+0000] {dag.py:2690} INFO - Sync 1 DAGs
[2023-02-16T23:42:59.893+0000] {logging_mixin.py:137} INFO - [2023-02-16T23:42:59.892+0000] {dag.py:3441} INFO - Setting next_dagrun for example_complex to None, run_after=None
[2023-02-16T23:43:00.370+0000] {processor.py:175} INFO - Processing /home/airflow/.local/lib/python3.7/site-packages/airflow/example_dags/example_complex.py took 2.635 seconds
[2023-02-16T23:44:00.503+0000] {processor.py:153} INFO - Started process (PID=1113) to work on /home/airflow/.local/lib/python3.7/site-packages/airflow/example_dags/example_complex.py
[2023-02-16T23:44:00.513+0000] {processor.py:743} INFO - Processing file /home/airflow/.local/lib/python3.7/site-packages/airflow/example_dags/example_complex.py for tasks to queue
[2023-02-16T23:44:00.531+0000] {logging_mixin.py:137} INFO - [2023-02-16T23:44:00.527+0000] {dagbag.py:538} INFO - Filling up the DagBag from /home/airflow/.local/lib/python3.7/site-packages/airflow/example_dags/example_complex.py
[2023-02-16T23:44:00.803+0000] {logging_mixin.py:137} INFO - [2023-02-16T23:44:00.802+0000] {taskmixin.py:205} WARNING - Dependency <Task(BashOperator): create_entry_group>, delete_entry_group already registered for DAG: example_complex
[2023-02-16T23:44:00.814+0000] {logging_mixin.py:137} INFO - [2023-02-16T23:44:00.813+0000] {taskmixin.py:205} WARNING - Dependency <Task(BashOperator): delete_entry_group>, create_entry_group already registered for DAG: example_complex
[2023-02-16T23:44:00.823+0000] {logging_mixin.py:137} INFO - [2023-02-16T23:44:00.820+0000] {taskmixin.py:205} WARNING - Dependency <Task(BashOperator): create_entry_gcs>, delete_entry already registered for DAG: example_complex
[2023-02-16T23:44:00.834+0000] {logging_mixin.py:137} INFO - [2023-02-16T23:44:00.831+0000] {taskmixin.py:205} WARNING - Dependency <Task(BashOperator): delete_entry>, create_entry_gcs already registered for DAG: example_complex
[2023-02-16T23:44:00.853+0000] {logging_mixin.py:137} INFO - [2023-02-16T23:44:00.845+0000] {taskmixin.py:205} WARNING - Dependency <Task(BashOperator): create_tag>, delete_tag already registered for DAG: example_complex
[2023-02-16T23:44:00.857+0000] {logging_mixin.py:137} INFO - [2023-02-16T23:44:00.856+0000] {taskmixin.py:205} WARNING - Dependency <Task(BashOperator): delete_tag>, create_tag already registered for DAG: example_complex
[2023-02-16T23:44:00.934+0000] {processor.py:753} INFO - DAG(s) dict_keys(['example_complex']) retrieved from /home/airflow/.local/lib/python3.7/site-packages/airflow/example_dags/example_complex.py
[2023-02-16T23:44:01.183+0000] {logging_mixin.py:137} INFO - [2023-02-16T23:44:01.182+0000] {dag.py:2690} INFO - Sync 1 DAGs
[2023-02-16T23:44:01.552+0000] {logging_mixin.py:137} INFO - [2023-02-16T23:44:01.552+0000] {dag.py:3441} INFO - Setting next_dagrun for example_complex to None, run_after=None
[2023-02-16T23:44:01.733+0000] {processor.py:175} INFO - Processing /home/airflow/.local/lib/python3.7/site-packages/airflow/example_dags/example_complex.py took 1.261 seconds
[2023-02-16T23:44:43.960+0000] {processor.py:153} INFO - Started process (PID=1174) to work on /home/airflow/.local/lib/python3.7/site-packages/airflow/example_dags/example_complex.py
[2023-02-16T23:44:43.969+0000] {processor.py:743} INFO - Processing file /home/airflow/.local/lib/python3.7/site-packages/airflow/example_dags/example_complex.py for tasks to queue
[2023-02-16T23:44:43.972+0000] {logging_mixin.py:137} INFO - [2023-02-16T23:44:43.972+0000] {dagbag.py:538} INFO - Filling up the DagBag from /home/airflow/.local/lib/python3.7/site-packages/airflow/example_dags/example_complex.py
[2023-02-16T23:44:44.321+0000] {logging_mixin.py:137} INFO - [2023-02-16T23:44:44.227+0000] {taskmixin.py:205} WARNING - Dependency <Task(BashOperator): create_entry_group>, delete_entry_group already registered for DAG: example_complex
[2023-02-16T23:44:44.334+0000] {logging_mixin.py:137} INFO - [2023-02-16T23:44:44.333+0000] {taskmixin.py:205} WARNING - Dependency <Task(BashOperator): delete_entry_group>, create_entry_group already registered for DAG: example_complex
[2023-02-16T23:44:44.337+0000] {logging_mixin.py:137} INFO - [2023-02-16T23:44:44.336+0000] {taskmixin.py:205} WARNING - Dependency <Task(BashOperator): create_entry_gcs>, delete_entry already registered for DAG: example_complex
[2023-02-16T23:44:44.341+0000] {logging_mixin.py:137} INFO - [2023-02-16T23:44:44.341+0000] {taskmixin.py:205} WARNING - Dependency <Task(BashOperator): delete_entry>, create_entry_gcs already registered for DAG: example_complex
[2023-02-16T23:44:44.344+0000] {logging_mixin.py:137} INFO - [2023-02-16T23:44:44.344+0000] {taskmixin.py:205} WARNING - Dependency <Task(BashOperator): create_tag>, delete_tag already registered for DAG: example_complex
[2023-02-16T23:44:44.355+0000] {logging_mixin.py:137} INFO - [2023-02-16T23:44:44.355+0000] {taskmixin.py:205} WARNING - Dependency <Task(BashOperator): delete_tag>, create_tag already registered for DAG: example_complex
[2023-02-16T23:44:44.500+0000] {processor.py:753} INFO - DAG(s) dict_keys(['example_complex']) retrieved from /home/airflow/.local/lib/python3.7/site-packages/airflow/example_dags/example_complex.py
[2023-02-16T23:44:44.649+0000] {logging_mixin.py:137} INFO - [2023-02-16T23:44:44.646+0000] {dag.py:2690} INFO - Sync 1 DAGs
[2023-02-16T23:44:45.069+0000] {logging_mixin.py:137} INFO - [2023-02-16T23:44:45.069+0000] {dag.py:3441} INFO - Setting next_dagrun for example_complex to None, run_after=None
[2023-02-16T23:44:45.301+0000] {processor.py:175} INFO - Processing /home/airflow/.local/lib/python3.7/site-packages/airflow/example_dags/example_complex.py took 1.438 seconds
[2023-02-16T23:46:06.797+0000] {processor.py:153} INFO - Started process (PID=1255) to work on /home/airflow/.local/lib/python3.7/site-packages/airflow/example_dags/example_complex.py
[2023-02-16T23:46:06.803+0000] {processor.py:743} INFO - Processing file /home/airflow/.local/lib/python3.7/site-packages/airflow/example_dags/example_complex.py for tasks to queue
[2023-02-16T23:46:06.818+0000] {logging_mixin.py:137} INFO - [2023-02-16T23:46:06.816+0000] {dagbag.py:538} INFO - Filling up the DagBag from /home/airflow/.local/lib/python3.7/site-packages/airflow/example_dags/example_complex.py
[2023-02-16T23:46:06.965+0000] {logging_mixin.py:137} INFO - [2023-02-16T23:46:06.965+0000] {taskmixin.py:205} WARNING - Dependency <Task(BashOperator): create_entry_group>, delete_entry_group already registered for DAG: example_complex
[2023-02-16T23:46:06.987+0000] {logging_mixin.py:137} INFO - [2023-02-16T23:46:06.972+0000] {taskmixin.py:205} WARNING - Dependency <Task(BashOperator): delete_entry_group>, create_entry_group already registered for DAG: example_complex
[2023-02-16T23:46:07.012+0000] {logging_mixin.py:137} INFO - [2023-02-16T23:46:07.012+0000] {taskmixin.py:205} WARNING - Dependency <Task(BashOperator): create_entry_gcs>, delete_entry already registered for DAG: example_complex
[2023-02-16T23:46:07.021+0000] {logging_mixin.py:137} INFO - [2023-02-16T23:46:07.019+0000] {taskmixin.py:205} WARNING - Dependency <Task(BashOperator): delete_entry>, create_entry_gcs already registered for DAG: example_complex
[2023-02-16T23:46:07.044+0000] {logging_mixin.py:137} INFO - [2023-02-16T23:46:07.043+0000] {taskmixin.py:205} WARNING - Dependency <Task(BashOperator): create_tag>, delete_tag already registered for DAG: example_complex
[2023-02-16T23:46:07.052+0000] {logging_mixin.py:137} INFO - [2023-02-16T23:46:07.047+0000] {taskmixin.py:205} WARNING - Dependency <Task(BashOperator): delete_tag>, create_tag already registered for DAG: example_complex
[2023-02-16T23:46:07.436+0000] {processor.py:753} INFO - DAG(s) dict_keys(['example_complex']) retrieved from /home/airflow/.local/lib/python3.7/site-packages/airflow/example_dags/example_complex.py
[2023-02-16T23:46:09.557+0000] {logging_mixin.py:137} INFO - [2023-02-16T23:46:09.556+0000] {dag.py:2690} INFO - Sync 1 DAGs
[2023-02-16T23:46:10.028+0000] {logging_mixin.py:137} INFO - [2023-02-16T23:46:10.027+0000] {dag.py:3441} INFO - Setting next_dagrun for example_complex to None, run_after=None
[2023-02-16T23:46:10.414+0000] {processor.py:175} INFO - Processing /home/airflow/.local/lib/python3.7/site-packages/airflow/example_dags/example_complex.py took 3.639 seconds
