[2023-02-16T22:56:02.704+0000] {processor.py:153} INFO - Started process (PID=152) to work on /home/airflow/.local/lib/python3.7/site-packages/airflow/example_dags/tutorial_taskflow_api_virtualenv.py
[2023-02-16T22:56:02.781+0000] {processor.py:743} INFO - Processing file /home/airflow/.local/lib/python3.7/site-packages/airflow/example_dags/tutorial_taskflow_api_virtualenv.py for tasks to queue
[2023-02-16T22:56:02.815+0000] {logging_mixin.py:137} INFO - [2023-02-16T22:56:02.815+0000] {dagbag.py:538} INFO - Filling up the DagBag from /home/airflow/.local/lib/python3.7/site-packages/airflow/example_dags/tutorial_taskflow_api_virtualenv.py
[2023-02-16T22:56:05.359+0000] {processor.py:753} INFO - DAG(s) dict_keys(['tutorial_taskflow_api_virtualenv']) retrieved from /home/airflow/.local/lib/python3.7/site-packages/airflow/example_dags/tutorial_taskflow_api_virtualenv.py
[2023-02-16T22:56:08.322+0000] {logging_mixin.py:137} INFO - [2023-02-16T22:56:08.321+0000] {dag.py:2690} INFO - Sync 1 DAGs
[2023-02-16T22:56:13.850+0000] {logging_mixin.py:137} INFO - [2023-02-16T22:56:13.850+0000] {dag.py:3441} INFO - Setting next_dagrun for tutorial_taskflow_api_virtualenv to None, run_after=None
[2023-02-16T22:56:18.293+0000] {processor.py:175} INFO - Processing /home/airflow/.local/lib/python3.7/site-packages/airflow/example_dags/tutorial_taskflow_api_virtualenv.py took 16.914 seconds
[2023-02-16T22:59:00.130+0000] {processor.py:153} INFO - Started process (PID=274) to work on /home/airflow/.local/lib/python3.7/site-packages/airflow/example_dags/tutorial_taskflow_api_virtualenv.py
[2023-02-16T22:59:00.141+0000] {processor.py:743} INFO - Processing file /home/airflow/.local/lib/python3.7/site-packages/airflow/example_dags/tutorial_taskflow_api_virtualenv.py for tasks to queue
[2023-02-16T22:59:00.155+0000] {logging_mixin.py:137} INFO - [2023-02-16T22:59:00.153+0000] {dagbag.py:538} INFO - Filling up the DagBag from /home/airflow/.local/lib/python3.7/site-packages/airflow/example_dags/tutorial_taskflow_api_virtualenv.py
[2023-02-16T22:59:00.240+0000] {processor.py:753} INFO - DAG(s) dict_keys(['tutorial_taskflow_api_virtualenv']) retrieved from /home/airflow/.local/lib/python3.7/site-packages/airflow/example_dags/tutorial_taskflow_api_virtualenv.py
[2023-02-16T22:59:00.339+0000] {logging_mixin.py:137} INFO - [2023-02-16T22:59:00.339+0000] {dag.py:2690} INFO - Sync 1 DAGs
[2023-02-16T22:59:00.530+0000] {logging_mixin.py:137} INFO - [2023-02-16T22:59:00.529+0000] {dag.py:3441} INFO - Setting next_dagrun for tutorial_taskflow_api_virtualenv to None, run_after=None
[2023-02-16T22:59:00.762+0000] {processor.py:175} INFO - Processing /home/airflow/.local/lib/python3.7/site-packages/airflow/example_dags/tutorial_taskflow_api_virtualenv.py took 0.674 seconds
[2023-02-16T23:00:08.413+0000] {processor.py:153} INFO - Started process (PID=342) to work on /home/airflow/.local/lib/python3.7/site-packages/airflow/example_dags/tutorial_taskflow_api_virtualenv.py
[2023-02-16T23:00:08.498+0000] {processor.py:743} INFO - Processing file /home/airflow/.local/lib/python3.7/site-packages/airflow/example_dags/tutorial_taskflow_api_virtualenv.py for tasks to queue
[2023-02-16T23:00:08.553+0000] {logging_mixin.py:137} INFO - [2023-02-16T23:00:08.553+0000] {dagbag.py:538} INFO - Filling up the DagBag from /home/airflow/.local/lib/python3.7/site-packages/airflow/example_dags/tutorial_taskflow_api_virtualenv.py
[2023-02-16T23:00:12.731+0000] {processor.py:753} INFO - DAG(s) dict_keys(['tutorial_taskflow_api_virtualenv']) retrieved from /home/airflow/.local/lib/python3.7/site-packages/airflow/example_dags/tutorial_taskflow_api_virtualenv.py
[2023-02-16T23:00:16.387+0000] {logging_mixin.py:137} INFO - [2023-02-16T23:00:16.358+0000] {dag.py:2690} INFO - Sync 1 DAGs
[2023-02-16T23:00:20.884+0000] {logging_mixin.py:137} INFO - [2023-02-16T23:00:20.884+0000] {dag.py:3441} INFO - Setting next_dagrun for tutorial_taskflow_api_virtualenv to None, run_after=None
[2023-02-16T23:00:22.421+0000] {processor.py:175} INFO - Processing /home/airflow/.local/lib/python3.7/site-packages/airflow/example_dags/tutorial_taskflow_api_virtualenv.py took 15.172 seconds
[2023-02-16T23:02:29.668+0000] {processor.py:153} INFO - Started process (PID=461) to work on /home/airflow/.local/lib/python3.7/site-packages/airflow/example_dags/tutorial_taskflow_api_virtualenv.py
[2023-02-16T23:02:29.676+0000] {processor.py:743} INFO - Processing file /home/airflow/.local/lib/python3.7/site-packages/airflow/example_dags/tutorial_taskflow_api_virtualenv.py for tasks to queue
[2023-02-16T23:02:29.679+0000] {logging_mixin.py:137} INFO - [2023-02-16T23:02:29.679+0000] {dagbag.py:538} INFO - Filling up the DagBag from /home/airflow/.local/lib/python3.7/site-packages/airflow/example_dags/tutorial_taskflow_api_virtualenv.py
[2023-02-16T23:02:29.787+0000] {processor.py:753} INFO - DAG(s) dict_keys(['tutorial_taskflow_api_virtualenv']) retrieved from /home/airflow/.local/lib/python3.7/site-packages/airflow/example_dags/tutorial_taskflow_api_virtualenv.py
[2023-02-16T23:02:29.954+0000] {logging_mixin.py:137} INFO - [2023-02-16T23:02:29.951+0000] {dag.py:2690} INFO - Sync 1 DAGs
[2023-02-16T23:02:30.369+0000] {logging_mixin.py:137} INFO - [2023-02-16T23:02:30.369+0000] {dag.py:3441} INFO - Setting next_dagrun for tutorial_taskflow_api_virtualenv to None, run_after=None
[2023-02-16T23:02:30.825+0000] {processor.py:175} INFO - Processing /home/airflow/.local/lib/python3.7/site-packages/airflow/example_dags/tutorial_taskflow_api_virtualenv.py took 1.172 seconds
