[2023-02-16T22:54:20.928+0000] {processor.py:153} INFO - Started process (PID=90) to work on /home/airflow/.local/lib/python3.7/site-packages/airflow/example_dags/tutorial_dag.py
[2023-02-16T22:54:20.942+0000] {processor.py:743} INFO - Processing file /home/airflow/.local/lib/python3.7/site-packages/airflow/example_dags/tutorial_dag.py for tasks to queue
[2023-02-16T22:54:20.964+0000] {logging_mixin.py:137} INFO - [2023-02-16T22:54:20.964+0000] {dagbag.py:538} INFO - Filling up the DagBag from /home/airflow/.local/lib/python3.7/site-packages/airflow/example_dags/tutorial_dag.py
[2023-02-16T22:54:21.248+0000] {processor.py:753} INFO - DAG(s) dict_keys(['tutorial_dag']) retrieved from /home/airflow/.local/lib/python3.7/site-packages/airflow/example_dags/tutorial_dag.py
[2023-02-16T22:54:21.847+0000] {logging_mixin.py:137} INFO - [2023-02-16T22:54:21.847+0000] {dag.py:2690} INFO - Sync 1 DAGs
[2023-02-16T22:54:23.228+0000] {logging_mixin.py:137} INFO - [2023-02-16T22:54:23.228+0000] {dag.py:3441} INFO - Setting next_dagrun for tutorial_dag to None, run_after=None
[2023-02-16T22:54:23.801+0000] {processor.py:175} INFO - Processing /home/airflow/.local/lib/python3.7/site-packages/airflow/example_dags/tutorial_dag.py took 2.925 seconds
[2023-02-16T22:58:08.686+0000] {processor.py:153} INFO - Started process (PID=230) to work on /home/airflow/.local/lib/python3.7/site-packages/airflow/example_dags/tutorial_dag.py
[2023-02-16T22:58:08.707+0000] {processor.py:743} INFO - Processing file /home/airflow/.local/lib/python3.7/site-packages/airflow/example_dags/tutorial_dag.py for tasks to queue
[2023-02-16T22:58:08.738+0000] {logging_mixin.py:137} INFO - [2023-02-16T22:58:08.724+0000] {dagbag.py:538} INFO - Filling up the DagBag from /home/airflow/.local/lib/python3.7/site-packages/airflow/example_dags/tutorial_dag.py
[2023-02-16T22:58:12.184+0000] {processor.py:753} INFO - DAG(s) dict_keys(['tutorial_dag']) retrieved from /home/airflow/.local/lib/python3.7/site-packages/airflow/example_dags/tutorial_dag.py
[2023-02-16T22:58:26.546+0000] {logging_mixin.py:137} INFO - [2023-02-16T22:58:26.545+0000] {dag.py:2690} INFO - Sync 1 DAGs
[2023-02-16T22:58:33.208+0000] {logging_mixin.py:137} INFO - [2023-02-16T22:58:33.208+0000] {dag.py:3441} INFO - Setting next_dagrun for tutorial_dag to None, run_after=None
[2023-02-16T22:58:35.962+0000] {processor.py:175} INFO - Processing /home/airflow/.local/lib/python3.7/site-packages/airflow/example_dags/tutorial_dag.py took 27.475 seconds
[2023-02-16T22:59:13.539+0000] {processor.py:153} INFO - Started process (PID=306) to work on /home/airflow/.local/lib/python3.7/site-packages/airflow/example_dags/tutorial_dag.py
[2023-02-16T22:59:13.562+0000] {processor.py:743} INFO - Processing file /home/airflow/.local/lib/python3.7/site-packages/airflow/example_dags/tutorial_dag.py for tasks to queue
[2023-02-16T22:59:13.580+0000] {logging_mixin.py:137} INFO - [2023-02-16T22:59:13.580+0000] {dagbag.py:538} INFO - Filling up the DagBag from /home/airflow/.local/lib/python3.7/site-packages/airflow/example_dags/tutorial_dag.py
[2023-02-16T22:59:13.942+0000] {processor.py:753} INFO - DAG(s) dict_keys(['tutorial_dag']) retrieved from /home/airflow/.local/lib/python3.7/site-packages/airflow/example_dags/tutorial_dag.py
[2023-02-16T22:59:14.578+0000] {logging_mixin.py:137} INFO - [2023-02-16T22:59:14.578+0000] {dag.py:2690} INFO - Sync 1 DAGs
[2023-02-16T22:59:15.270+0000] {logging_mixin.py:137} INFO - [2023-02-16T22:59:15.266+0000] {dag.py:3441} INFO - Setting next_dagrun for tutorial_dag to None, run_after=None
[2023-02-16T22:59:16.097+0000] {processor.py:175} INFO - Processing /home/airflow/.local/lib/python3.7/site-packages/airflow/example_dags/tutorial_dag.py took 2.734 seconds
[2023-02-16T23:01:25.285+0000] {processor.py:153} INFO - Started process (PID=387) to work on /home/airflow/.local/lib/python3.7/site-packages/airflow/example_dags/tutorial_dag.py
[2023-02-16T23:01:25.336+0000] {processor.py:743} INFO - Processing file /home/airflow/.local/lib/python3.7/site-packages/airflow/example_dags/tutorial_dag.py for tasks to queue
[2023-02-16T23:01:25.363+0000] {logging_mixin.py:137} INFO - [2023-02-16T23:01:25.363+0000] {dagbag.py:538} INFO - Filling up the DagBag from /home/airflow/.local/lib/python3.7/site-packages/airflow/example_dags/tutorial_dag.py
[2023-02-16T23:01:26.184+0000] {processor.py:753} INFO - DAG(s) dict_keys(['tutorial_dag']) retrieved from /home/airflow/.local/lib/python3.7/site-packages/airflow/example_dags/tutorial_dag.py
[2023-02-16T23:01:29.411+0000] {logging_mixin.py:137} INFO - [2023-02-16T23:01:29.410+0000] {dag.py:2690} INFO - Sync 1 DAGs
[2023-02-16T23:01:31.089+0000] {logging_mixin.py:137} INFO - [2023-02-16T23:01:31.089+0000] {dag.py:3441} INFO - Setting next_dagrun for tutorial_dag to None, run_after=None
[2023-02-16T23:01:32.194+0000] {processor.py:175} INFO - Processing /home/airflow/.local/lib/python3.7/site-packages/airflow/example_dags/tutorial_dag.py took 7.147 seconds
[2023-02-16T23:02:26.427+0000] {processor.py:153} INFO - Started process (PID=454) to work on /home/airflow/.local/lib/python3.7/site-packages/airflow/example_dags/tutorial_dag.py
[2023-02-16T23:02:26.440+0000] {processor.py:743} INFO - Processing file /home/airflow/.local/lib/python3.7/site-packages/airflow/example_dags/tutorial_dag.py for tasks to queue
[2023-02-16T23:02:26.449+0000] {logging_mixin.py:137} INFO - [2023-02-16T23:02:26.448+0000] {dagbag.py:538} INFO - Filling up the DagBag from /home/airflow/.local/lib/python3.7/site-packages/airflow/example_dags/tutorial_dag.py
[2023-02-16T23:02:26.518+0000] {processor.py:753} INFO - DAG(s) dict_keys(['tutorial_dag']) retrieved from /home/airflow/.local/lib/python3.7/site-packages/airflow/example_dags/tutorial_dag.py
[2023-02-16T23:02:26.682+0000] {logging_mixin.py:137} INFO - [2023-02-16T23:02:26.682+0000] {dag.py:2690} INFO - Sync 1 DAGs
[2023-02-16T23:02:26.763+0000] {logging_mixin.py:137} INFO - [2023-02-16T23:02:26.762+0000] {dag.py:3441} INFO - Setting next_dagrun for tutorial_dag to None, run_after=None
[2023-02-16T23:02:26.826+0000] {processor.py:175} INFO - Processing /home/airflow/.local/lib/python3.7/site-packages/airflow/example_dags/tutorial_dag.py took 0.419 seconds
[2023-02-16T23:27:31.404+0000] {processor.py:153} INFO - Started process (PID=106) to work on /home/airflow/.local/lib/python3.7/site-packages/airflow/example_dags/tutorial_dag.py
[2023-02-16T23:27:31.424+0000] {processor.py:743} INFO - Processing file /home/airflow/.local/lib/python3.7/site-packages/airflow/example_dags/tutorial_dag.py for tasks to queue
[2023-02-16T23:27:31.455+0000] {logging_mixin.py:137} INFO - [2023-02-16T23:27:31.454+0000] {dagbag.py:538} INFO - Filling up the DagBag from /home/airflow/.local/lib/python3.7/site-packages/airflow/example_dags/tutorial_dag.py
[2023-02-16T23:27:32.199+0000] {processor.py:753} INFO - DAG(s) dict_keys(['tutorial_dag']) retrieved from /home/airflow/.local/lib/python3.7/site-packages/airflow/example_dags/tutorial_dag.py
[2023-02-16T23:27:38.774+0000] {logging_mixin.py:137} INFO - [2023-02-16T23:27:38.773+0000] {manager.py:504} INFO - Created Permission View: can edit on DAG:tutorial_dag
[2023-02-16T23:27:38.993+0000] {logging_mixin.py:137} INFO - [2023-02-16T23:27:38.992+0000] {manager.py:504} INFO - Created Permission View: can delete on DAG:tutorial_dag
[2023-02-16T23:27:39.112+0000] {logging_mixin.py:137} INFO - [2023-02-16T23:27:39.111+0000] {manager.py:504} INFO - Created Permission View: can read on DAG:tutorial_dag
[2023-02-16T23:27:39.134+0000] {logging_mixin.py:137} INFO - [2023-02-16T23:27:39.133+0000] {dag.py:2690} INFO - Sync 1 DAGs
[2023-02-16T23:27:39.500+0000] {logging_mixin.py:137} INFO - [2023-02-16T23:27:39.499+0000] {dag.py:2711} INFO - Creating ORM DAG for tutorial_dag
[2023-02-16T23:27:40.008+0000] {logging_mixin.py:137} INFO - [2023-02-16T23:27:40.007+0000] {dag.py:3441} INFO - Setting next_dagrun for tutorial_dag to None, run_after=None
[2023-02-16T23:27:41.423+0000] {processor.py:175} INFO - Processing /home/airflow/.local/lib/python3.7/site-packages/airflow/example_dags/tutorial_dag.py took 10.143 seconds
[2023-02-16T23:30:10.750+0000] {processor.py:153} INFO - Started process (PID=216) to work on /home/airflow/.local/lib/python3.7/site-packages/airflow/example_dags/tutorial_dag.py
[2023-02-16T23:30:10.804+0000] {processor.py:743} INFO - Processing file /home/airflow/.local/lib/python3.7/site-packages/airflow/example_dags/tutorial_dag.py for tasks to queue
[2023-02-16T23:30:10.867+0000] {logging_mixin.py:137} INFO - [2023-02-16T23:30:10.867+0000] {dagbag.py:538} INFO - Filling up the DagBag from /home/airflow/.local/lib/python3.7/site-packages/airflow/example_dags/tutorial_dag.py
[2023-02-16T23:30:11.054+0000] {processor.py:753} INFO - DAG(s) dict_keys(['tutorial_dag']) retrieved from /home/airflow/.local/lib/python3.7/site-packages/airflow/example_dags/tutorial_dag.py
[2023-02-16T23:30:11.307+0000] {logging_mixin.py:137} INFO - [2023-02-16T23:30:11.307+0000] {dag.py:2690} INFO - Sync 1 DAGs
[2023-02-16T23:30:12.460+0000] {logging_mixin.py:137} INFO - [2023-02-16T23:30:12.449+0000] {dag.py:3441} INFO - Setting next_dagrun for tutorial_dag to None, run_after=None
[2023-02-16T23:30:13.417+0000] {processor.py:175} INFO - Processing /home/airflow/.local/lib/python3.7/site-packages/airflow/example_dags/tutorial_dag.py took 2.712 seconds
[2023-02-16T23:30:57.766+0000] {processor.py:153} INFO - Started process (PID=268) to work on /home/airflow/.local/lib/python3.7/site-packages/airflow/example_dags/tutorial_dag.py
[2023-02-16T23:30:57.778+0000] {processor.py:743} INFO - Processing file /home/airflow/.local/lib/python3.7/site-packages/airflow/example_dags/tutorial_dag.py for tasks to queue
[2023-02-16T23:30:57.790+0000] {logging_mixin.py:137} INFO - [2023-02-16T23:30:57.790+0000] {dagbag.py:538} INFO - Filling up the DagBag from /home/airflow/.local/lib/python3.7/site-packages/airflow/example_dags/tutorial_dag.py
[2023-02-16T23:30:57.943+0000] {processor.py:753} INFO - DAG(s) dict_keys(['tutorial_dag']) retrieved from /home/airflow/.local/lib/python3.7/site-packages/airflow/example_dags/tutorial_dag.py
[2023-02-16T23:30:58.170+0000] {logging_mixin.py:137} INFO - [2023-02-16T23:30:58.169+0000] {dag.py:2690} INFO - Sync 1 DAGs
[2023-02-16T23:30:58.365+0000] {logging_mixin.py:137} INFO - [2023-02-16T23:30:58.364+0000] {dag.py:3441} INFO - Setting next_dagrun for tutorial_dag to None, run_after=None
[2023-02-16T23:30:58.558+0000] {processor.py:175} INFO - Processing /home/airflow/.local/lib/python3.7/site-packages/airflow/example_dags/tutorial_dag.py took 0.836 seconds
[2023-02-16T23:32:56.244+0000] {processor.py:153} INFO - Started process (PID=359) to work on /home/airflow/.local/lib/python3.7/site-packages/airflow/example_dags/tutorial_dag.py
[2023-02-16T23:32:56.306+0000] {processor.py:743} INFO - Processing file /home/airflow/.local/lib/python3.7/site-packages/airflow/example_dags/tutorial_dag.py for tasks to queue
[2023-02-16T23:32:56.360+0000] {logging_mixin.py:137} INFO - [2023-02-16T23:32:56.359+0000] {dagbag.py:538} INFO - Filling up the DagBag from /home/airflow/.local/lib/python3.7/site-packages/airflow/example_dags/tutorial_dag.py
[2023-02-16T23:32:58.115+0000] {processor.py:753} INFO - DAG(s) dict_keys(['tutorial_dag']) retrieved from /home/airflow/.local/lib/python3.7/site-packages/airflow/example_dags/tutorial_dag.py
[2023-02-16T23:33:01.880+0000] {logging_mixin.py:137} INFO - [2023-02-16T23:33:01.880+0000] {dag.py:2690} INFO - Sync 1 DAGs
[2023-02-16T23:33:04.483+0000] {logging_mixin.py:137} INFO - [2023-02-16T23:33:04.481+0000] {dag.py:3441} INFO - Setting next_dagrun for tutorial_dag to None, run_after=None
[2023-02-16T23:33:04.935+0000] {processor.py:175} INFO - Processing /home/airflow/.local/lib/python3.7/site-packages/airflow/example_dags/tutorial_dag.py took 9.630 seconds
[2023-02-16T23:34:11.683+0000] {processor.py:153} INFO - Started process (PID=419) to work on /home/airflow/.local/lib/python3.7/site-packages/airflow/example_dags/tutorial_dag.py
[2023-02-16T23:34:11.718+0000] {processor.py:743} INFO - Processing file /home/airflow/.local/lib/python3.7/site-packages/airflow/example_dags/tutorial_dag.py for tasks to queue
[2023-02-16T23:34:11.734+0000] {logging_mixin.py:137} INFO - [2023-02-16T23:34:11.733+0000] {dagbag.py:538} INFO - Filling up the DagBag from /home/airflow/.local/lib/python3.7/site-packages/airflow/example_dags/tutorial_dag.py
[2023-02-16T23:34:11.851+0000] {processor.py:753} INFO - DAG(s) dict_keys(['tutorial_dag']) retrieved from /home/airflow/.local/lib/python3.7/site-packages/airflow/example_dags/tutorial_dag.py
[2023-02-16T23:34:12.042+0000] {logging_mixin.py:137} INFO - [2023-02-16T23:34:12.041+0000] {dag.py:2690} INFO - Sync 1 DAGs
[2023-02-16T23:34:12.511+0000] {logging_mixin.py:137} INFO - [2023-02-16T23:34:12.510+0000] {dag.py:3441} INFO - Setting next_dagrun for tutorial_dag to None, run_after=None
[2023-02-16T23:34:13.097+0000] {processor.py:175} INFO - Processing /home/airflow/.local/lib/python3.7/site-packages/airflow/example_dags/tutorial_dag.py took 1.461 seconds
[2023-02-16T23:34:50.061+0000] {processor.py:153} INFO - Started process (PID=463) to work on /home/airflow/.local/lib/python3.7/site-packages/airflow/example_dags/tutorial_dag.py
[2023-02-16T23:34:50.082+0000] {processor.py:743} INFO - Processing file /home/airflow/.local/lib/python3.7/site-packages/airflow/example_dags/tutorial_dag.py for tasks to queue
[2023-02-16T23:34:50.085+0000] {logging_mixin.py:137} INFO - [2023-02-16T23:34:50.085+0000] {dagbag.py:538} INFO - Filling up the DagBag from /home/airflow/.local/lib/python3.7/site-packages/airflow/example_dags/tutorial_dag.py
[2023-02-16T23:34:50.159+0000] {processor.py:753} INFO - DAG(s) dict_keys(['tutorial_dag']) retrieved from /home/airflow/.local/lib/python3.7/site-packages/airflow/example_dags/tutorial_dag.py
[2023-02-16T23:34:50.336+0000] {logging_mixin.py:137} INFO - [2023-02-16T23:34:50.326+0000] {dag.py:2690} INFO - Sync 1 DAGs
[2023-02-16T23:34:50.699+0000] {logging_mixin.py:137} INFO - [2023-02-16T23:34:50.698+0000] {dag.py:3441} INFO - Setting next_dagrun for tutorial_dag to None, run_after=None
[2023-02-16T23:34:50.938+0000] {processor.py:175} INFO - Processing /home/airflow/.local/lib/python3.7/site-packages/airflow/example_dags/tutorial_dag.py took 0.886 seconds
[2023-02-16T23:35:30.705+0000] {processor.py:153} INFO - Started process (PID=522) to work on /home/airflow/.local/lib/python3.7/site-packages/airflow/example_dags/tutorial_dag.py
[2023-02-16T23:35:30.732+0000] {processor.py:743} INFO - Processing file /home/airflow/.local/lib/python3.7/site-packages/airflow/example_dags/tutorial_dag.py for tasks to queue
[2023-02-16T23:35:30.737+0000] {logging_mixin.py:137} INFO - [2023-02-16T23:35:30.736+0000] {dagbag.py:538} INFO - Filling up the DagBag from /home/airflow/.local/lib/python3.7/site-packages/airflow/example_dags/tutorial_dag.py
[2023-02-16T23:35:30.956+0000] {processor.py:753} INFO - DAG(s) dict_keys(['tutorial_dag']) retrieved from /home/airflow/.local/lib/python3.7/site-packages/airflow/example_dags/tutorial_dag.py
[2023-02-16T23:35:31.237+0000] {logging_mixin.py:137} INFO - [2023-02-16T23:35:31.237+0000] {dag.py:2690} INFO - Sync 1 DAGs
[2023-02-16T23:35:31.504+0000] {logging_mixin.py:137} INFO - [2023-02-16T23:35:31.502+0000] {dag.py:3441} INFO - Setting next_dagrun for tutorial_dag to None, run_after=None
[2023-02-16T23:35:31.633+0000] {processor.py:175} INFO - Processing /home/airflow/.local/lib/python3.7/site-packages/airflow/example_dags/tutorial_dag.py took 0.969 seconds
[2023-02-16T23:36:14.633+0000] {processor.py:153} INFO - Started process (PID=571) to work on /home/airflow/.local/lib/python3.7/site-packages/airflow/example_dags/tutorial_dag.py
[2023-02-16T23:36:14.690+0000] {processor.py:743} INFO - Processing file /home/airflow/.local/lib/python3.7/site-packages/airflow/example_dags/tutorial_dag.py for tasks to queue
[2023-02-16T23:36:14.722+0000] {logging_mixin.py:137} INFO - [2023-02-16T23:36:14.708+0000] {dagbag.py:538} INFO - Filling up the DagBag from /home/airflow/.local/lib/python3.7/site-packages/airflow/example_dags/tutorial_dag.py
[2023-02-16T23:36:15.339+0000] {processor.py:753} INFO - DAG(s) dict_keys(['tutorial_dag']) retrieved from /home/airflow/.local/lib/python3.7/site-packages/airflow/example_dags/tutorial_dag.py
[2023-02-16T23:36:16.171+0000] {logging_mixin.py:137} INFO - [2023-02-16T23:36:16.169+0000] {dag.py:2690} INFO - Sync 1 DAGs
[2023-02-16T23:36:16.661+0000] {logging_mixin.py:137} INFO - [2023-02-16T23:36:16.660+0000] {dag.py:3441} INFO - Setting next_dagrun for tutorial_dag to None, run_after=None
[2023-02-16T23:36:16.940+0000] {processor.py:175} INFO - Processing /home/airflow/.local/lib/python3.7/site-packages/airflow/example_dags/tutorial_dag.py took 2.435 seconds
[2023-02-16T23:36:52.004+0000] {processor.py:153} INFO - Started process (PID=622) to work on /home/airflow/.local/lib/python3.7/site-packages/airflow/example_dags/tutorial_dag.py
[2023-02-16T23:36:52.016+0000] {processor.py:743} INFO - Processing file /home/airflow/.local/lib/python3.7/site-packages/airflow/example_dags/tutorial_dag.py for tasks to queue
[2023-02-16T23:36:52.032+0000] {logging_mixin.py:137} INFO - [2023-02-16T23:36:52.029+0000] {dagbag.py:538} INFO - Filling up the DagBag from /home/airflow/.local/lib/python3.7/site-packages/airflow/example_dags/tutorial_dag.py
[2023-02-16T23:36:52.210+0000] {processor.py:753} INFO - DAG(s) dict_keys(['tutorial_dag']) retrieved from /home/airflow/.local/lib/python3.7/site-packages/airflow/example_dags/tutorial_dag.py
[2023-02-16T23:36:52.474+0000] {logging_mixin.py:137} INFO - [2023-02-16T23:36:52.473+0000] {dag.py:2690} INFO - Sync 1 DAGs
[2023-02-16T23:36:52.738+0000] {logging_mixin.py:137} INFO - [2023-02-16T23:36:52.738+0000] {dag.py:3441} INFO - Setting next_dagrun for tutorial_dag to None, run_after=None
[2023-02-16T23:36:52.849+0000] {processor.py:175} INFO - Processing /home/airflow/.local/lib/python3.7/site-packages/airflow/example_dags/tutorial_dag.py took 0.859 seconds
[2023-02-16T23:37:56.392+0000] {processor.py:153} INFO - Started process (PID=695) to work on /home/airflow/.local/lib/python3.7/site-packages/airflow/example_dags/tutorial_dag.py
[2023-02-16T23:37:56.449+0000] {processor.py:743} INFO - Processing file /home/airflow/.local/lib/python3.7/site-packages/airflow/example_dags/tutorial_dag.py for tasks to queue
[2023-02-16T23:37:56.467+0000] {logging_mixin.py:137} INFO - [2023-02-16T23:37:56.466+0000] {dagbag.py:538} INFO - Filling up the DagBag from /home/airflow/.local/lib/python3.7/site-packages/airflow/example_dags/tutorial_dag.py
[2023-02-16T23:37:58.812+0000] {processor.py:753} INFO - DAG(s) dict_keys(['tutorial_dag']) retrieved from /home/airflow/.local/lib/python3.7/site-packages/airflow/example_dags/tutorial_dag.py
[2023-02-16T23:38:00.279+0000] {logging_mixin.py:137} INFO - [2023-02-16T23:38:00.266+0000] {dag.py:2690} INFO - Sync 1 DAGs
[2023-02-16T23:38:01.243+0000] {logging_mixin.py:137} INFO - [2023-02-16T23:38:01.243+0000] {dag.py:3441} INFO - Setting next_dagrun for tutorial_dag to None, run_after=None
[2023-02-16T23:38:01.784+0000] {processor.py:175} INFO - Processing /home/airflow/.local/lib/python3.7/site-packages/airflow/example_dags/tutorial_dag.py took 6.060 seconds
[2023-02-16T23:38:45.405+0000] {processor.py:153} INFO - Started process (PID=746) to work on /home/airflow/.local/lib/python3.7/site-packages/airflow/example_dags/tutorial_dag.py
[2023-02-16T23:38:45.447+0000] {processor.py:743} INFO - Processing file /home/airflow/.local/lib/python3.7/site-packages/airflow/example_dags/tutorial_dag.py for tasks to queue
[2023-02-16T23:38:45.461+0000] {logging_mixin.py:137} INFO - [2023-02-16T23:38:45.461+0000] {dagbag.py:538} INFO - Filling up the DagBag from /home/airflow/.local/lib/python3.7/site-packages/airflow/example_dags/tutorial_dag.py
[2023-02-16T23:38:45.871+0000] {processor.py:753} INFO - DAG(s) dict_keys(['tutorial_dag']) retrieved from /home/airflow/.local/lib/python3.7/site-packages/airflow/example_dags/tutorial_dag.py
[2023-02-16T23:38:46.041+0000] {logging_mixin.py:137} INFO - [2023-02-16T23:38:46.036+0000] {dag.py:2690} INFO - Sync 1 DAGs
[2023-02-16T23:38:46.698+0000] {logging_mixin.py:137} INFO - [2023-02-16T23:38:46.698+0000] {dag.py:3441} INFO - Setting next_dagrun for tutorial_dag to None, run_after=None
[2023-02-16T23:38:47.001+0000] {processor.py:175} INFO - Processing /home/airflow/.local/lib/python3.7/site-packages/airflow/example_dags/tutorial_dag.py took 1.627 seconds
[2023-02-16T23:39:32.304+0000] {processor.py:153} INFO - Started process (PID=805) to work on /home/airflow/.local/lib/python3.7/site-packages/airflow/example_dags/tutorial_dag.py
[2023-02-16T23:39:32.360+0000] {processor.py:743} INFO - Processing file /home/airflow/.local/lib/python3.7/site-packages/airflow/example_dags/tutorial_dag.py for tasks to queue
[2023-02-16T23:39:32.368+0000] {logging_mixin.py:137} INFO - [2023-02-16T23:39:32.368+0000] {dagbag.py:538} INFO - Filling up the DagBag from /home/airflow/.local/lib/python3.7/site-packages/airflow/example_dags/tutorial_dag.py
[2023-02-16T23:39:34.689+0000] {processor.py:753} INFO - DAG(s) dict_keys(['tutorial_dag']) retrieved from /home/airflow/.local/lib/python3.7/site-packages/airflow/example_dags/tutorial_dag.py
[2023-02-16T23:39:35.498+0000] {logging_mixin.py:137} INFO - [2023-02-16T23:39:35.497+0000] {dag.py:2690} INFO - Sync 1 DAGs
[2023-02-16T23:39:36.451+0000] {logging_mixin.py:137} INFO - [2023-02-16T23:39:36.451+0000] {dag.py:3441} INFO - Setting next_dagrun for tutorial_dag to None, run_after=None
[2023-02-16T23:39:36.840+0000] {processor.py:175} INFO - Processing /home/airflow/.local/lib/python3.7/site-packages/airflow/example_dags/tutorial_dag.py took 4.559 seconds
[2023-02-16T23:40:43.490+0000] {processor.py:153} INFO - Started process (PID=882) to work on /home/airflow/.local/lib/python3.7/site-packages/airflow/example_dags/tutorial_dag.py
[2023-02-16T23:40:43.516+0000] {processor.py:743} INFO - Processing file /home/airflow/.local/lib/python3.7/site-packages/airflow/example_dags/tutorial_dag.py for tasks to queue
[2023-02-16T23:40:43.528+0000] {logging_mixin.py:137} INFO - [2023-02-16T23:40:43.527+0000] {dagbag.py:538} INFO - Filling up the DagBag from /home/airflow/.local/lib/python3.7/site-packages/airflow/example_dags/tutorial_dag.py
[2023-02-16T23:40:43.699+0000] {processor.py:753} INFO - DAG(s) dict_keys(['tutorial_dag']) retrieved from /home/airflow/.local/lib/python3.7/site-packages/airflow/example_dags/tutorial_dag.py
[2023-02-16T23:40:43.907+0000] {logging_mixin.py:137} INFO - [2023-02-16T23:40:43.907+0000] {dag.py:2690} INFO - Sync 1 DAGs
[2023-02-16T23:40:44.306+0000] {logging_mixin.py:137} INFO - [2023-02-16T23:40:44.306+0000] {dag.py:3441} INFO - Setting next_dagrun for tutorial_dag to None, run_after=None
[2023-02-16T23:40:44.491+0000] {processor.py:175} INFO - Processing /home/airflow/.local/lib/python3.7/site-packages/airflow/example_dags/tutorial_dag.py took 1.057 seconds
[2023-02-16T23:41:18.671+0000] {processor.py:153} INFO - Started process (PID=931) to work on /home/airflow/.local/lib/python3.7/site-packages/airflow/example_dags/tutorial_dag.py
[2023-02-16T23:41:18.700+0000] {processor.py:743} INFO - Processing file /home/airflow/.local/lib/python3.7/site-packages/airflow/example_dags/tutorial_dag.py for tasks to queue
[2023-02-16T23:41:18.714+0000] {logging_mixin.py:137} INFO - [2023-02-16T23:41:18.713+0000] {dagbag.py:538} INFO - Filling up the DagBag from /home/airflow/.local/lib/python3.7/site-packages/airflow/example_dags/tutorial_dag.py
[2023-02-16T23:41:18.894+0000] {processor.py:753} INFO - DAG(s) dict_keys(['tutorial_dag']) retrieved from /home/airflow/.local/lib/python3.7/site-packages/airflow/example_dags/tutorial_dag.py
[2023-02-16T23:41:19.135+0000] {logging_mixin.py:137} INFO - [2023-02-16T23:41:19.135+0000] {dag.py:2690} INFO - Sync 1 DAGs
[2023-02-16T23:41:19.387+0000] {logging_mixin.py:137} INFO - [2023-02-16T23:41:19.382+0000] {dag.py:3441} INFO - Setting next_dagrun for tutorial_dag to None, run_after=None
[2023-02-16T23:41:19.506+0000] {processor.py:175} INFO - Processing /home/airflow/.local/lib/python3.7/site-packages/airflow/example_dags/tutorial_dag.py took 0.885 seconds
[2023-02-16T23:42:08.987+0000] {processor.py:153} INFO - Started process (PID=977) to work on /home/airflow/.local/lib/python3.7/site-packages/airflow/example_dags/tutorial_dag.py
[2023-02-16T23:42:08.999+0000] {processor.py:743} INFO - Processing file /home/airflow/.local/lib/python3.7/site-packages/airflow/example_dags/tutorial_dag.py for tasks to queue
[2023-02-16T23:42:09.006+0000] {logging_mixin.py:137} INFO - [2023-02-16T23:42:09.005+0000] {dagbag.py:538} INFO - Filling up the DagBag from /home/airflow/.local/lib/python3.7/site-packages/airflow/example_dags/tutorial_dag.py
[2023-02-16T23:42:09.325+0000] {processor.py:753} INFO - DAG(s) dict_keys(['tutorial_dag']) retrieved from /home/airflow/.local/lib/python3.7/site-packages/airflow/example_dags/tutorial_dag.py
[2023-02-16T23:42:09.612+0000] {logging_mixin.py:137} INFO - [2023-02-16T23:42:09.611+0000] {dag.py:2690} INFO - Sync 1 DAGs
[2023-02-16T23:42:10.127+0000] {logging_mixin.py:137} INFO - [2023-02-16T23:42:10.127+0000] {dag.py:3441} INFO - Setting next_dagrun for tutorial_dag to None, run_after=None
[2023-02-16T23:42:10.480+0000] {processor.py:175} INFO - Processing /home/airflow/.local/lib/python3.7/site-packages/airflow/example_dags/tutorial_dag.py took 1.605 seconds
[2023-02-16T23:43:05.561+0000] {processor.py:153} INFO - Started process (PID=1046) to work on /home/airflow/.local/lib/python3.7/site-packages/airflow/example_dags/tutorial_dag.py
[2023-02-16T23:43:05.633+0000] {processor.py:743} INFO - Processing file /home/airflow/.local/lib/python3.7/site-packages/airflow/example_dags/tutorial_dag.py for tasks to queue
[2023-02-16T23:43:05.678+0000] {logging_mixin.py:137} INFO - [2023-02-16T23:43:05.678+0000] {dagbag.py:538} INFO - Filling up the DagBag from /home/airflow/.local/lib/python3.7/site-packages/airflow/example_dags/tutorial_dag.py
[2023-02-16T23:43:06.162+0000] {processor.py:753} INFO - DAG(s) dict_keys(['tutorial_dag']) retrieved from /home/airflow/.local/lib/python3.7/site-packages/airflow/example_dags/tutorial_dag.py
[2023-02-16T23:43:06.644+0000] {logging_mixin.py:137} INFO - [2023-02-16T23:43:06.644+0000] {dag.py:2690} INFO - Sync 1 DAGs
[2023-02-16T23:43:07.103+0000] {logging_mixin.py:137} INFO - [2023-02-16T23:43:07.102+0000] {dag.py:3441} INFO - Setting next_dagrun for tutorial_dag to None, run_after=None
[2023-02-16T23:43:07.421+0000] {processor.py:175} INFO - Processing /home/airflow/.local/lib/python3.7/site-packages/airflow/example_dags/tutorial_dag.py took 1.896 seconds
[2023-02-16T23:43:46.684+0000] {processor.py:153} INFO - Started process (PID=1099) to work on /home/airflow/.local/lib/python3.7/site-packages/airflow/example_dags/tutorial_dag.py
[2023-02-16T23:43:46.754+0000] {processor.py:743} INFO - Processing file /home/airflow/.local/lib/python3.7/site-packages/airflow/example_dags/tutorial_dag.py for tasks to queue
[2023-02-16T23:43:46.797+0000] {logging_mixin.py:137} INFO - [2023-02-16T23:43:46.778+0000] {dagbag.py:538} INFO - Filling up the DagBag from /home/airflow/.local/lib/python3.7/site-packages/airflow/example_dags/tutorial_dag.py
[2023-02-16T23:43:47.438+0000] {processor.py:753} INFO - DAG(s) dict_keys(['tutorial_dag']) retrieved from /home/airflow/.local/lib/python3.7/site-packages/airflow/example_dags/tutorial_dag.py
[2023-02-16T23:43:48.170+0000] {logging_mixin.py:137} INFO - [2023-02-16T23:43:48.169+0000] {dag.py:2690} INFO - Sync 1 DAGs
[2023-02-16T23:43:48.541+0000] {logging_mixin.py:137} INFO - [2023-02-16T23:43:48.540+0000] {dag.py:3441} INFO - Setting next_dagrun for tutorial_dag to None, run_after=None
[2023-02-16T23:43:49.662+0000] {processor.py:175} INFO - Processing /home/airflow/.local/lib/python3.7/site-packages/airflow/example_dags/tutorial_dag.py took 3.068 seconds
[2023-02-16T23:44:24.758+0000] {processor.py:153} INFO - Started process (PID=1147) to work on /home/airflow/.local/lib/python3.7/site-packages/airflow/example_dags/tutorial_dag.py
[2023-02-16T23:44:24.763+0000] {processor.py:743} INFO - Processing file /home/airflow/.local/lib/python3.7/site-packages/airflow/example_dags/tutorial_dag.py for tasks to queue
[2023-02-16T23:44:24.775+0000] {logging_mixin.py:137} INFO - [2023-02-16T23:44:24.774+0000] {dagbag.py:538} INFO - Filling up the DagBag from /home/airflow/.local/lib/python3.7/site-packages/airflow/example_dags/tutorial_dag.py
[2023-02-16T23:44:24.989+0000] {processor.py:753} INFO - DAG(s) dict_keys(['tutorial_dag']) retrieved from /home/airflow/.local/lib/python3.7/site-packages/airflow/example_dags/tutorial_dag.py
[2023-02-16T23:44:25.191+0000] {logging_mixin.py:137} INFO - [2023-02-16T23:44:25.191+0000] {dag.py:2690} INFO - Sync 1 DAGs
[2023-02-16T23:44:25.502+0000] {logging_mixin.py:137} INFO - [2023-02-16T23:44:25.499+0000] {dag.py:3441} INFO - Setting next_dagrun for tutorial_dag to None, run_after=None
[2023-02-16T23:44:26.851+0000] {processor.py:175} INFO - Processing /home/airflow/.local/lib/python3.7/site-packages/airflow/example_dags/tutorial_dag.py took 2.139 seconds
[2023-02-16T23:45:14.433+0000] {processor.py:153} INFO - Started process (PID=1200) to work on /home/airflow/.local/lib/python3.7/site-packages/airflow/example_dags/tutorial_dag.py
[2023-02-16T23:45:14.447+0000] {processor.py:743} INFO - Processing file /home/airflow/.local/lib/python3.7/site-packages/airflow/example_dags/tutorial_dag.py for tasks to queue
[2023-02-16T23:45:14.452+0000] {logging_mixin.py:137} INFO - [2023-02-16T23:45:14.452+0000] {dagbag.py:538} INFO - Filling up the DagBag from /home/airflow/.local/lib/python3.7/site-packages/airflow/example_dags/tutorial_dag.py
[2023-02-16T23:45:14.877+0000] {processor.py:753} INFO - DAG(s) dict_keys(['tutorial_dag']) retrieved from /home/airflow/.local/lib/python3.7/site-packages/airflow/example_dags/tutorial_dag.py
[2023-02-16T23:45:15.806+0000] {logging_mixin.py:137} INFO - [2023-02-16T23:45:15.805+0000] {dag.py:2690} INFO - Sync 1 DAGs
[2023-02-16T23:45:16.296+0000] {logging_mixin.py:137} INFO - [2023-02-16T23:45:16.296+0000] {dag.py:3441} INFO - Setting next_dagrun for tutorial_dag to None, run_after=None
[2023-02-16T23:45:16.884+0000] {processor.py:175} INFO - Processing /home/airflow/.local/lib/python3.7/site-packages/airflow/example_dags/tutorial_dag.py took 2.487 seconds
[2023-02-16T23:46:24.980+0000] {processor.py:153} INFO - Started process (PID=1272) to work on /home/airflow/.local/lib/python3.7/site-packages/airflow/example_dags/tutorial_dag.py
[2023-02-16T23:46:24.998+0000] {processor.py:743} INFO - Processing file /home/airflow/.local/lib/python3.7/site-packages/airflow/example_dags/tutorial_dag.py for tasks to queue
[2023-02-16T23:46:25.067+0000] {logging_mixin.py:137} INFO - [2023-02-16T23:46:25.025+0000] {dagbag.py:538} INFO - Filling up the DagBag from /home/airflow/.local/lib/python3.7/site-packages/airflow/example_dags/tutorial_dag.py
[2023-02-16T23:46:25.385+0000] {processor.py:753} INFO - DAG(s) dict_keys(['tutorial_dag']) retrieved from /home/airflow/.local/lib/python3.7/site-packages/airflow/example_dags/tutorial_dag.py
[2023-02-16T23:46:25.565+0000] {logging_mixin.py:137} INFO - [2023-02-16T23:46:25.564+0000] {dag.py:2690} INFO - Sync 1 DAGs
[2023-02-16T23:46:25.960+0000] {logging_mixin.py:137} INFO - [2023-02-16T23:46:25.959+0000] {dag.py:3441} INFO - Setting next_dagrun for tutorial_dag to None, run_after=None
[2023-02-16T23:46:26.317+0000] {processor.py:175} INFO - Processing /home/airflow/.local/lib/python3.7/site-packages/airflow/example_dags/tutorial_dag.py took 1.418 seconds
[2023-02-16T23:47:33.671+0000] {processor.py:153} INFO - Started process (PID=1328) to work on /home/airflow/.local/lib/python3.7/site-packages/airflow/example_dags/tutorial_dag.py
[2023-02-16T23:47:33.830+0000] {processor.py:743} INFO - Processing file /home/airflow/.local/lib/python3.7/site-packages/airflow/example_dags/tutorial_dag.py for tasks to queue
[2023-02-16T23:47:33.857+0000] {logging_mixin.py:137} INFO - [2023-02-16T23:47:33.857+0000] {dagbag.py:538} INFO - Filling up the DagBag from /home/airflow/.local/lib/python3.7/site-packages/airflow/example_dags/tutorial_dag.py
[2023-02-16T23:47:34.207+0000] {processor.py:753} INFO - DAG(s) dict_keys(['tutorial_dag']) retrieved from /home/airflow/.local/lib/python3.7/site-packages/airflow/example_dags/tutorial_dag.py
[2023-02-16T23:47:35.186+0000] {logging_mixin.py:137} INFO - [2023-02-16T23:47:35.186+0000] {dag.py:2690} INFO - Sync 1 DAGs
[2023-02-16T23:47:36.952+0000] {logging_mixin.py:137} INFO - [2023-02-16T23:47:36.952+0000] {dag.py:3441} INFO - Setting next_dagrun for tutorial_dag to None, run_after=None
[2023-02-16T23:47:37.556+0000] {processor.py:175} INFO - Processing /home/airflow/.local/lib/python3.7/site-packages/airflow/example_dags/tutorial_dag.py took 3.847 seconds
[2023-02-16T23:49:19.398+0000] {processor.py:153} INFO - Started process (PID=1403) to work on /home/airflow/.local/lib/python3.7/site-packages/airflow/example_dags/tutorial_dag.py
[2023-02-16T23:49:19.427+0000] {processor.py:743} INFO - Processing file /home/airflow/.local/lib/python3.7/site-packages/airflow/example_dags/tutorial_dag.py for tasks to queue
[2023-02-16T23:49:19.470+0000] {logging_mixin.py:137} INFO - [2023-02-16T23:49:19.470+0000] {dagbag.py:538} INFO - Filling up the DagBag from /home/airflow/.local/lib/python3.7/site-packages/airflow/example_dags/tutorial_dag.py
[2023-02-16T23:49:20.579+0000] {processor.py:753} INFO - DAG(s) dict_keys(['tutorial_dag']) retrieved from /home/airflow/.local/lib/python3.7/site-packages/airflow/example_dags/tutorial_dag.py
[2023-02-16T23:49:21.561+0000] {logging_mixin.py:137} INFO - [2023-02-16T23:49:21.560+0000] {dag.py:2690} INFO - Sync 1 DAGs
[2023-02-16T23:49:22.516+0000] {logging_mixin.py:137} INFO - [2023-02-16T23:49:22.515+0000] {dag.py:3441} INFO - Setting next_dagrun for tutorial_dag to None, run_after=None
[2023-02-16T23:49:23.011+0000] {processor.py:175} INFO - Processing /home/airflow/.local/lib/python3.7/site-packages/airflow/example_dags/tutorial_dag.py took 3.707 seconds
[2023-02-16T23:50:47.067+0000] {processor.py:153} INFO - Started process (PID=1483) to work on /home/airflow/.local/lib/python3.7/site-packages/airflow/example_dags/tutorial_dag.py
[2023-02-16T23:50:47.081+0000] {processor.py:743} INFO - Processing file /home/airflow/.local/lib/python3.7/site-packages/airflow/example_dags/tutorial_dag.py for tasks to queue
[2023-02-16T23:50:47.112+0000] {logging_mixin.py:137} INFO - [2023-02-16T23:50:47.112+0000] {dagbag.py:538} INFO - Filling up the DagBag from /home/airflow/.local/lib/python3.7/site-packages/airflow/example_dags/tutorial_dag.py
[2023-02-16T23:50:47.323+0000] {processor.py:753} INFO - DAG(s) dict_keys(['tutorial_dag']) retrieved from /home/airflow/.local/lib/python3.7/site-packages/airflow/example_dags/tutorial_dag.py
[2023-02-16T23:50:47.715+0000] {logging_mixin.py:137} INFO - [2023-02-16T23:50:47.715+0000] {dag.py:2690} INFO - Sync 1 DAGs
[2023-02-16T23:50:48.008+0000] {logging_mixin.py:137} INFO - [2023-02-16T23:50:48.007+0000] {dag.py:3441} INFO - Setting next_dagrun for tutorial_dag to None, run_after=None
[2023-02-16T23:50:48.191+0000] {processor.py:175} INFO - Processing /home/airflow/.local/lib/python3.7/site-packages/airflow/example_dags/tutorial_dag.py took 1.156 seconds
[2023-02-16T23:51:46.936+0000] {processor.py:153} INFO - Started process (PID=1533) to work on /home/airflow/.local/lib/python3.7/site-packages/airflow/example_dags/tutorial_dag.py
[2023-02-16T23:51:46.941+0000] {processor.py:743} INFO - Processing file /home/airflow/.local/lib/python3.7/site-packages/airflow/example_dags/tutorial_dag.py for tasks to queue
[2023-02-16T23:51:46.967+0000] {logging_mixin.py:137} INFO - [2023-02-16T23:51:46.962+0000] {dagbag.py:538} INFO - Filling up the DagBag from /home/airflow/.local/lib/python3.7/site-packages/airflow/example_dags/tutorial_dag.py
[2023-02-16T23:51:47.226+0000] {processor.py:753} INFO - DAG(s) dict_keys(['tutorial_dag']) retrieved from /home/airflow/.local/lib/python3.7/site-packages/airflow/example_dags/tutorial_dag.py
[2023-02-16T23:51:49.122+0000] {logging_mixin.py:137} INFO - [2023-02-16T23:51:49.121+0000] {dag.py:2690} INFO - Sync 1 DAGs
[2023-02-16T23:51:50.794+0000] {logging_mixin.py:137} INFO - [2023-02-16T23:51:50.793+0000] {dag.py:3441} INFO - Setting next_dagrun for tutorial_dag to None, run_after=None
[2023-02-16T23:51:53.471+0000] {processor.py:175} INFO - Processing /home/airflow/.local/lib/python3.7/site-packages/airflow/example_dags/tutorial_dag.py took 6.582 seconds
[2023-02-16T23:53:59.435+0000] {processor.py:153} INFO - Started process (PID=1622) to work on /home/airflow/.local/lib/python3.7/site-packages/airflow/example_dags/tutorial_dag.py
[2023-02-16T23:53:59.484+0000] {processor.py:743} INFO - Processing file /home/airflow/.local/lib/python3.7/site-packages/airflow/example_dags/tutorial_dag.py for tasks to queue
[2023-02-16T23:53:59.503+0000] {logging_mixin.py:137} INFO - [2023-02-16T23:53:59.503+0000] {dagbag.py:538} INFO - Filling up the DagBag from /home/airflow/.local/lib/python3.7/site-packages/airflow/example_dags/tutorial_dag.py
[2023-02-16T23:53:59.812+0000] {processor.py:753} INFO - DAG(s) dict_keys(['tutorial_dag']) retrieved from /home/airflow/.local/lib/python3.7/site-packages/airflow/example_dags/tutorial_dag.py
[2023-02-16T23:54:00.204+0000] {logging_mixin.py:137} INFO - [2023-02-16T23:54:00.188+0000] {dag.py:2690} INFO - Sync 1 DAGs
[2023-02-16T23:54:01.183+0000] {logging_mixin.py:137} INFO - [2023-02-16T23:54:01.163+0000] {dag.py:3441} INFO - Setting next_dagrun for tutorial_dag to None, run_after=None
[2023-02-16T23:54:02.323+0000] {processor.py:175} INFO - Processing /home/airflow/.local/lib/python3.7/site-packages/airflow/example_dags/tutorial_dag.py took 3.020 seconds
[2023-02-16T23:54:55.874+0000] {processor.py:153} INFO - Started process (PID=1680) to work on /home/airflow/.local/lib/python3.7/site-packages/airflow/example_dags/tutorial_dag.py
[2023-02-16T23:54:55.894+0000] {processor.py:743} INFO - Processing file /home/airflow/.local/lib/python3.7/site-packages/airflow/example_dags/tutorial_dag.py for tasks to queue
[2023-02-16T23:54:55.983+0000] {logging_mixin.py:137} INFO - [2023-02-16T23:54:55.982+0000] {dagbag.py:538} INFO - Filling up the DagBag from /home/airflow/.local/lib/python3.7/site-packages/airflow/example_dags/tutorial_dag.py
[2023-02-16T23:54:56.341+0000] {processor.py:753} INFO - DAG(s) dict_keys(['tutorial_dag']) retrieved from /home/airflow/.local/lib/python3.7/site-packages/airflow/example_dags/tutorial_dag.py
[2023-02-16T23:54:56.730+0000] {logging_mixin.py:137} INFO - [2023-02-16T23:54:56.726+0000] {dag.py:2690} INFO - Sync 1 DAGs
[2023-02-16T23:54:57.284+0000] {logging_mixin.py:137} INFO - [2023-02-16T23:54:57.284+0000] {dag.py:3441} INFO - Setting next_dagrun for tutorial_dag to None, run_after=None
[2023-02-16T23:54:57.775+0000] {processor.py:175} INFO - Processing /home/airflow/.local/lib/python3.7/site-packages/airflow/example_dags/tutorial_dag.py took 2.046 seconds
[2023-02-16T23:55:54.291+0000] {processor.py:153} INFO - Started process (PID=1729) to work on /home/airflow/.local/lib/python3.7/site-packages/airflow/example_dags/tutorial_dag.py
[2023-02-16T23:55:54.304+0000] {processor.py:743} INFO - Processing file /home/airflow/.local/lib/python3.7/site-packages/airflow/example_dags/tutorial_dag.py for tasks to queue
[2023-02-16T23:55:54.315+0000] {logging_mixin.py:137} INFO - [2023-02-16T23:55:54.309+0000] {dagbag.py:538} INFO - Filling up the DagBag from /home/airflow/.local/lib/python3.7/site-packages/airflow/example_dags/tutorial_dag.py
[2023-02-16T23:55:54.797+0000] {processor.py:753} INFO - DAG(s) dict_keys(['tutorial_dag']) retrieved from /home/airflow/.local/lib/python3.7/site-packages/airflow/example_dags/tutorial_dag.py
[2023-02-16T23:55:55.457+0000] {logging_mixin.py:137} INFO - [2023-02-16T23:55:55.456+0000] {dag.py:2690} INFO - Sync 1 DAGs
[2023-02-16T23:55:56.436+0000] {logging_mixin.py:137} INFO - [2023-02-16T23:55:56.435+0000] {dag.py:3441} INFO - Setting next_dagrun for tutorial_dag to None, run_after=None
[2023-02-16T23:55:56.897+0000] {processor.py:175} INFO - Processing /home/airflow/.local/lib/python3.7/site-packages/airflow/example_dags/tutorial_dag.py took 2.694 seconds
[2023-02-16T23:56:27.323+0000] {processor.py:153} INFO - Started process (PID=1787) to work on /home/airflow/.local/lib/python3.7/site-packages/airflow/example_dags/tutorial_dag.py
[2023-02-16T23:56:27.413+0000] {processor.py:743} INFO - Processing file /home/airflow/.local/lib/python3.7/site-packages/airflow/example_dags/tutorial_dag.py for tasks to queue
[2023-02-16T23:56:27.648+0000] {logging_mixin.py:137} INFO - [2023-02-16T23:56:27.647+0000] {dagbag.py:538} INFO - Filling up the DagBag from /home/airflow/.local/lib/python3.7/site-packages/airflow/example_dags/tutorial_dag.py
[2023-02-16T23:56:27.951+0000] {processor.py:753} INFO - DAG(s) dict_keys(['tutorial_dag']) retrieved from /home/airflow/.local/lib/python3.7/site-packages/airflow/example_dags/tutorial_dag.py
[2023-02-16T23:56:28.371+0000] {logging_mixin.py:137} INFO - [2023-02-16T23:56:28.370+0000] {dag.py:2690} INFO - Sync 1 DAGs
[2023-02-16T23:56:28.643+0000] {logging_mixin.py:137} INFO - [2023-02-16T23:56:28.642+0000] {dag.py:3441} INFO - Setting next_dagrun for tutorial_dag to None, run_after=None
[2023-02-16T23:56:28.752+0000] {processor.py:175} INFO - Processing /home/airflow/.local/lib/python3.7/site-packages/airflow/example_dags/tutorial_dag.py took 1.473 seconds
[2023-02-16T23:57:06.216+0000] {processor.py:153} INFO - Started process (PID=1841) to work on /home/airflow/.local/lib/python3.7/site-packages/airflow/example_dags/tutorial_dag.py
[2023-02-16T23:57:06.236+0000] {processor.py:743} INFO - Processing file /home/airflow/.local/lib/python3.7/site-packages/airflow/example_dags/tutorial_dag.py for tasks to queue
[2023-02-16T23:57:06.246+0000] {logging_mixin.py:137} INFO - [2023-02-16T23:57:06.246+0000] {dagbag.py:538} INFO - Filling up the DagBag from /home/airflow/.local/lib/python3.7/site-packages/airflow/example_dags/tutorial_dag.py
[2023-02-16T23:57:06.318+0000] {processor.py:753} INFO - DAG(s) dict_keys(['tutorial_dag']) retrieved from /home/airflow/.local/lib/python3.7/site-packages/airflow/example_dags/tutorial_dag.py
[2023-02-16T23:57:06.473+0000] {logging_mixin.py:137} INFO - [2023-02-16T23:57:06.473+0000] {dag.py:2690} INFO - Sync 1 DAGs
[2023-02-16T23:57:06.717+0000] {logging_mixin.py:137} INFO - [2023-02-16T23:57:06.717+0000] {dag.py:3441} INFO - Setting next_dagrun for tutorial_dag to None, run_after=None
[2023-02-16T23:57:07.163+0000] {processor.py:175} INFO - Processing /home/airflow/.local/lib/python3.7/site-packages/airflow/example_dags/tutorial_dag.py took 0.966 seconds
[2023-02-16T23:57:42.358+0000] {processor.py:153} INFO - Started process (PID=1905) to work on /home/airflow/.local/lib/python3.7/site-packages/airflow/example_dags/tutorial_dag.py
[2023-02-16T23:57:42.391+0000] {processor.py:743} INFO - Processing file /home/airflow/.local/lib/python3.7/site-packages/airflow/example_dags/tutorial_dag.py for tasks to queue
[2023-02-16T23:57:42.408+0000] {logging_mixin.py:137} INFO - [2023-02-16T23:57:42.408+0000] {dagbag.py:538} INFO - Filling up the DagBag from /home/airflow/.local/lib/python3.7/site-packages/airflow/example_dags/tutorial_dag.py
[2023-02-16T23:57:42.535+0000] {processor.py:753} INFO - DAG(s) dict_keys(['tutorial_dag']) retrieved from /home/airflow/.local/lib/python3.7/site-packages/airflow/example_dags/tutorial_dag.py
[2023-02-16T23:57:42.672+0000] {logging_mixin.py:137} INFO - [2023-02-16T23:57:42.672+0000] {dag.py:2690} INFO - Sync 1 DAGs
[2023-02-16T23:57:42.794+0000] {logging_mixin.py:137} INFO - [2023-02-16T23:57:42.793+0000] {dag.py:3441} INFO - Setting next_dagrun for tutorial_dag to None, run_after=None
[2023-02-16T23:57:42.928+0000] {processor.py:175} INFO - Processing /home/airflow/.local/lib/python3.7/site-packages/airflow/example_dags/tutorial_dag.py took 0.590 seconds
[2023-02-16T23:58:19.307+0000] {processor.py:153} INFO - Started process (PID=1969) to work on /home/airflow/.local/lib/python3.7/site-packages/airflow/example_dags/tutorial_dag.py
[2023-02-16T23:58:19.333+0000] {processor.py:743} INFO - Processing file /home/airflow/.local/lib/python3.7/site-packages/airflow/example_dags/tutorial_dag.py for tasks to queue
[2023-02-16T23:58:19.345+0000] {logging_mixin.py:137} INFO - [2023-02-16T23:58:19.345+0000] {dagbag.py:538} INFO - Filling up the DagBag from /home/airflow/.local/lib/python3.7/site-packages/airflow/example_dags/tutorial_dag.py
[2023-02-16T23:58:19.816+0000] {processor.py:753} INFO - DAG(s) dict_keys(['tutorial_dag']) retrieved from /home/airflow/.local/lib/python3.7/site-packages/airflow/example_dags/tutorial_dag.py
[2023-02-16T23:58:19.962+0000] {logging_mixin.py:137} INFO - [2023-02-16T23:58:19.960+0000] {dag.py:2690} INFO - Sync 1 DAGs
[2023-02-16T23:58:20.090+0000] {logging_mixin.py:137} INFO - [2023-02-16T23:58:20.089+0000] {dag.py:3441} INFO - Setting next_dagrun for tutorial_dag to None, run_after=None
[2023-02-16T23:58:20.149+0000] {processor.py:175} INFO - Processing /home/airflow/.local/lib/python3.7/site-packages/airflow/example_dags/tutorial_dag.py took 0.875 seconds
[2023-02-16T23:58:57.636+0000] {processor.py:153} INFO - Started process (PID=2036) to work on /home/airflow/.local/lib/python3.7/site-packages/airflow/example_dags/tutorial_dag.py
[2023-02-16T23:58:57.643+0000] {processor.py:743} INFO - Processing file /home/airflow/.local/lib/python3.7/site-packages/airflow/example_dags/tutorial_dag.py for tasks to queue
[2023-02-16T23:58:57.667+0000] {logging_mixin.py:137} INFO - [2023-02-16T23:58:57.664+0000] {dagbag.py:538} INFO - Filling up the DagBag from /home/airflow/.local/lib/python3.7/site-packages/airflow/example_dags/tutorial_dag.py
[2023-02-16T23:58:57.732+0000] {processor.py:753} INFO - DAG(s) dict_keys(['tutorial_dag']) retrieved from /home/airflow/.local/lib/python3.7/site-packages/airflow/example_dags/tutorial_dag.py
[2023-02-16T23:58:57.935+0000] {logging_mixin.py:137} INFO - [2023-02-16T23:58:57.934+0000] {dag.py:2690} INFO - Sync 1 DAGs
[2023-02-16T23:58:58.070+0000] {logging_mixin.py:137} INFO - [2023-02-16T23:58:58.070+0000] {dag.py:3441} INFO - Setting next_dagrun for tutorial_dag to None, run_after=None
[2023-02-16T23:58:58.127+0000] {processor.py:175} INFO - Processing /home/airflow/.local/lib/python3.7/site-packages/airflow/example_dags/tutorial_dag.py took 0.510 seconds
