[2023-02-16T22:57:29.238+0000] {processor.py:153} INFO - Started process (PID=209) to work on /home/airflow/.local/lib/python3.7/site-packages/airflow/example_dags/tutorial_taskflow_api.py
[2023-02-16T22:57:29.255+0000] {processor.py:743} INFO - Processing file /home/airflow/.local/lib/python3.7/site-packages/airflow/example_dags/tutorial_taskflow_api.py for tasks to queue
[2023-02-16T22:57:29.266+0000] {logging_mixin.py:137} INFO - [2023-02-16T22:57:29.265+0000] {dagbag.py:538} INFO - Filling up the DagBag from /home/airflow/.local/lib/python3.7/site-packages/airflow/example_dags/tutorial_taskflow_api.py
[2023-02-16T22:57:30.662+0000] {processor.py:753} INFO - DAG(s) dict_keys(['tutorial_taskflow_api']) retrieved from /home/airflow/.local/lib/python3.7/site-packages/airflow/example_dags/tutorial_taskflow_api.py
[2023-02-16T22:57:32.030+0000] {logging_mixin.py:137} INFO - [2023-02-16T22:57:32.030+0000] {dag.py:2690} INFO - Sync 1 DAGs
[2023-02-16T22:57:33.016+0000] {logging_mixin.py:137} INFO - [2023-02-16T22:57:32.984+0000] {dag.py:3441} INFO - Setting next_dagrun for tutorial_taskflow_api to None, run_after=None
[2023-02-16T22:57:33.855+0000] {processor.py:175} INFO - Processing /home/airflow/.local/lib/python3.7/site-packages/airflow/example_dags/tutorial_taskflow_api.py took 4.843 seconds
[2023-02-16T22:59:06.578+0000] {processor.py:153} INFO - Started process (PID=296) to work on /home/airflow/.local/lib/python3.7/site-packages/airflow/example_dags/tutorial_taskflow_api.py
[2023-02-16T22:59:06.624+0000] {processor.py:743} INFO - Processing file /home/airflow/.local/lib/python3.7/site-packages/airflow/example_dags/tutorial_taskflow_api.py for tasks to queue
[2023-02-16T22:59:06.677+0000] {logging_mixin.py:137} INFO - [2023-02-16T22:59:06.677+0000] {dagbag.py:538} INFO - Filling up the DagBag from /home/airflow/.local/lib/python3.7/site-packages/airflow/example_dags/tutorial_taskflow_api.py
[2023-02-16T22:59:07.074+0000] {processor.py:753} INFO - DAG(s) dict_keys(['tutorial_taskflow_api']) retrieved from /home/airflow/.local/lib/python3.7/site-packages/airflow/example_dags/tutorial_taskflow_api.py
[2023-02-16T22:59:07.870+0000] {logging_mixin.py:137} INFO - [2023-02-16T22:59:07.870+0000] {dag.py:2690} INFO - Sync 1 DAGs
[2023-02-16T22:59:08.184+0000] {logging_mixin.py:137} INFO - [2023-02-16T22:59:08.183+0000] {dag.py:3441} INFO - Setting next_dagrun for tutorial_taskflow_api to None, run_after=None
[2023-02-16T22:59:08.732+0000] {processor.py:175} INFO - Processing /home/airflow/.local/lib/python3.7/site-packages/airflow/example_dags/tutorial_taskflow_api.py took 2.189 seconds
[2023-02-16T23:02:17.021+0000] {processor.py:153} INFO - Started process (PID=444) to work on /home/airflow/.local/lib/python3.7/site-packages/airflow/example_dags/tutorial_taskflow_api.py
[2023-02-16T23:02:17.027+0000] {processor.py:743} INFO - Processing file /home/airflow/.local/lib/python3.7/site-packages/airflow/example_dags/tutorial_taskflow_api.py for tasks to queue
[2023-02-16T23:02:17.040+0000] {logging_mixin.py:137} INFO - [2023-02-16T23:02:17.040+0000] {dagbag.py:538} INFO - Filling up the DagBag from /home/airflow/.local/lib/python3.7/site-packages/airflow/example_dags/tutorial_taskflow_api.py
[2023-02-16T23:02:17.472+0000] {processor.py:753} INFO - DAG(s) dict_keys(['tutorial_taskflow_api']) retrieved from /home/airflow/.local/lib/python3.7/site-packages/airflow/example_dags/tutorial_taskflow_api.py
[2023-02-16T23:02:18.095+0000] {logging_mixin.py:137} INFO - [2023-02-16T23:02:18.094+0000] {dag.py:2690} INFO - Sync 1 DAGs
[2023-02-16T23:02:18.460+0000] {logging_mixin.py:137} INFO - [2023-02-16T23:02:18.460+0000] {dag.py:3441} INFO - Setting next_dagrun for tutorial_taskflow_api to None, run_after=None
[2023-02-16T23:02:18.813+0000] {processor.py:175} INFO - Processing /home/airflow/.local/lib/python3.7/site-packages/airflow/example_dags/tutorial_taskflow_api.py took 1.848 seconds
