[2023-02-16T22:55:41.094+0000] {processor.py:153} INFO - Started process (PID=140) to work on /home/airflow/.local/lib/python3.7/site-packages/airflow/example_dags/tutorial.py
[2023-02-16T22:55:41.108+0000] {processor.py:743} INFO - Processing file /home/airflow/.local/lib/python3.7/site-packages/airflow/example_dags/tutorial.py for tasks to queue
[2023-02-16T22:55:41.156+0000] {logging_mixin.py:137} INFO - [2023-02-16T22:55:41.156+0000] {dagbag.py:538} INFO - Filling up the DagBag from /home/airflow/.local/lib/python3.7/site-packages/airflow/example_dags/tutorial.py
[2023-02-16T22:55:41.803+0000] {processor.py:753} INFO - DAG(s) dict_keys(['tutorial']) retrieved from /home/airflow/.local/lib/python3.7/site-packages/airflow/example_dags/tutorial.py
[2023-02-16T22:55:42.993+0000] {logging_mixin.py:137} INFO - [2023-02-16T22:55:42.993+0000] {dag.py:2690} INFO - Sync 1 DAGs
[2023-02-16T22:55:45.345+0000] {logging_mixin.py:137} INFO - [2023-02-16T22:55:45.344+0000] {dag.py:3441} INFO - Setting next_dagrun for tutorial to 2023-02-15T22:55:45.286820+00:00, run_after=2023-02-16T22:55:45.286820+00:00
[2023-02-16T22:55:47.401+0000] {processor.py:175} INFO - Processing /home/airflow/.local/lib/python3.7/site-packages/airflow/example_dags/tutorial.py took 7.052 seconds
[2023-02-16T22:58:58.914+0000] {processor.py:153} INFO - Started process (PID=271) to work on /home/airflow/.local/lib/python3.7/site-packages/airflow/example_dags/tutorial.py
[2023-02-16T22:58:58.922+0000] {processor.py:743} INFO - Processing file /home/airflow/.local/lib/python3.7/site-packages/airflow/example_dags/tutorial.py for tasks to queue
[2023-02-16T22:58:58.927+0000] {logging_mixin.py:137} INFO - [2023-02-16T22:58:58.926+0000] {dagbag.py:538} INFO - Filling up the DagBag from /home/airflow/.local/lib/python3.7/site-packages/airflow/example_dags/tutorial.py
[2023-02-16T22:58:59.040+0000] {processor.py:753} INFO - DAG(s) dict_keys(['tutorial']) retrieved from /home/airflow/.local/lib/python3.7/site-packages/airflow/example_dags/tutorial.py
[2023-02-16T22:58:59.370+0000] {logging_mixin.py:137} INFO - [2023-02-16T22:58:59.370+0000] {dag.py:2690} INFO - Sync 1 DAGs
[2023-02-16T22:58:59.556+0000] {logging_mixin.py:137} INFO - [2023-02-16T22:58:59.555+0000] {dag.py:3441} INFO - Setting next_dagrun for tutorial to 2023-02-15T22:58:59.554824+00:00, run_after=2023-02-16T22:58:59.554824+00:00
[2023-02-16T22:58:59.674+0000] {processor.py:175} INFO - Processing /home/airflow/.local/lib/python3.7/site-packages/airflow/example_dags/tutorial.py took 0.772 seconds
[2023-02-16T22:59:32.003+0000] {processor.py:153} INFO - Started process (PID=331) to work on /home/airflow/.local/lib/python3.7/site-packages/airflow/example_dags/tutorial.py
[2023-02-16T22:59:32.016+0000] {processor.py:743} INFO - Processing file /home/airflow/.local/lib/python3.7/site-packages/airflow/example_dags/tutorial.py for tasks to queue
[2023-02-16T22:59:32.314+0000] {logging_mixin.py:137} INFO - [2023-02-16T22:59:32.314+0000] {dagbag.py:538} INFO - Filling up the DagBag from /home/airflow/.local/lib/python3.7/site-packages/airflow/example_dags/tutorial.py
[2023-02-16T22:59:32.669+0000] {processor.py:753} INFO - DAG(s) dict_keys(['tutorial']) retrieved from /home/airflow/.local/lib/python3.7/site-packages/airflow/example_dags/tutorial.py
[2023-02-16T22:59:33.239+0000] {logging_mixin.py:137} INFO - [2023-02-16T22:59:33.239+0000] {dag.py:2690} INFO - Sync 1 DAGs
[2023-02-16T22:59:37.910+0000] {logging_mixin.py:137} INFO - [2023-02-16T22:59:37.886+0000] {dag.py:3441} INFO - Setting next_dagrun for tutorial to 2023-02-15T22:59:37.885532+00:00, run_after=2023-02-16T22:59:37.885532+00:00
[2023-02-16T22:59:39.999+0000] {processor.py:175} INFO - Processing /home/airflow/.local/lib/python3.7/site-packages/airflow/example_dags/tutorial.py took 8.067 seconds
[2023-02-16T23:02:07.295+0000] {processor.py:153} INFO - Started process (PID=423) to work on /home/airflow/.local/lib/python3.7/site-packages/airflow/example_dags/tutorial.py
[2023-02-16T23:02:07.302+0000] {processor.py:743} INFO - Processing file /home/airflow/.local/lib/python3.7/site-packages/airflow/example_dags/tutorial.py for tasks to queue
[2023-02-16T23:02:07.314+0000] {logging_mixin.py:137} INFO - [2023-02-16T23:02:07.313+0000] {dagbag.py:538} INFO - Filling up the DagBag from /home/airflow/.local/lib/python3.7/site-packages/airflow/example_dags/tutorial.py
[2023-02-16T23:02:07.408+0000] {processor.py:753} INFO - DAG(s) dict_keys(['tutorial']) retrieved from /home/airflow/.local/lib/python3.7/site-packages/airflow/example_dags/tutorial.py
[2023-02-16T23:02:07.608+0000] {logging_mixin.py:137} INFO - [2023-02-16T23:02:07.607+0000] {dag.py:2690} INFO - Sync 1 DAGs
[2023-02-16T23:02:07.800+0000] {logging_mixin.py:137} INFO - [2023-02-16T23:02:07.800+0000] {dag.py:3441} INFO - Setting next_dagrun for tutorial to 2023-02-15T23:02:07.799104+00:00, run_after=2023-02-16T23:02:07.799104+00:00
[2023-02-16T23:02:07.982+0000] {processor.py:175} INFO - Processing /home/airflow/.local/lib/python3.7/site-packages/airflow/example_dags/tutorial.py took 0.698 seconds
[2023-02-16T23:02:44.611+0000] {processor.py:153} INFO - Started process (PID=483) to work on /home/airflow/.local/lib/python3.7/site-packages/airflow/example_dags/tutorial.py
[2023-02-16T23:02:44.632+0000] {processor.py:743} INFO - Processing file /home/airflow/.local/lib/python3.7/site-packages/airflow/example_dags/tutorial.py for tasks to queue
[2023-02-16T23:02:44.640+0000] {logging_mixin.py:137} INFO - [2023-02-16T23:02:44.639+0000] {dagbag.py:538} INFO - Filling up the DagBag from /home/airflow/.local/lib/python3.7/site-packages/airflow/example_dags/tutorial.py
[2023-02-16T23:02:44.781+0000] {processor.py:753} INFO - DAG(s) dict_keys(['tutorial']) retrieved from /home/airflow/.local/lib/python3.7/site-packages/airflow/example_dags/tutorial.py
[2023-02-16T23:02:45.098+0000] {logging_mixin.py:137} INFO - [2023-02-16T23:02:45.097+0000] {dag.py:2690} INFO - Sync 1 DAGs
[2023-02-16T23:02:45.339+0000] {logging_mixin.py:137} INFO - [2023-02-16T23:02:45.338+0000] {dag.py:3441} INFO - Setting next_dagrun for tutorial to 2023-02-15T23:02:45.337552+00:00, run_after=2023-02-16T23:02:45.337552+00:00
[2023-02-16T23:02:46.067+0000] {processor.py:175} INFO - Processing /home/airflow/.local/lib/python3.7/site-packages/airflow/example_dags/tutorial.py took 1.476 seconds
[2023-02-16T23:28:37.656+0000] {processor.py:153} INFO - Started process (PID=154) to work on /home/airflow/.local/lib/python3.7/site-packages/airflow/example_dags/tutorial.py
[2023-02-16T23:28:37.756+0000] {processor.py:743} INFO - Processing file /home/airflow/.local/lib/python3.7/site-packages/airflow/example_dags/tutorial.py for tasks to queue
[2023-02-16T23:28:37.817+0000] {logging_mixin.py:137} INFO - [2023-02-16T23:28:37.817+0000] {dagbag.py:538} INFO - Filling up the DagBag from /home/airflow/.local/lib/python3.7/site-packages/airflow/example_dags/tutorial.py
[2023-02-16T23:28:38.535+0000] {processor.py:753} INFO - DAG(s) dict_keys(['tutorial']) retrieved from /home/airflow/.local/lib/python3.7/site-packages/airflow/example_dags/tutorial.py
[2023-02-16T23:28:52.428+0000] {logging_mixin.py:137} INFO - [2023-02-16T23:28:52.422+0000] {manager.py:504} INFO - Created Permission View: can edit on DAG:tutorial
[2023-02-16T23:28:52.812+0000] {logging_mixin.py:137} INFO - [2023-02-16T23:28:52.812+0000] {manager.py:504} INFO - Created Permission View: can delete on DAG:tutorial
[2023-02-16T23:28:53.017+0000] {logging_mixin.py:137} INFO - [2023-02-16T23:28:53.017+0000] {manager.py:504} INFO - Created Permission View: can read on DAG:tutorial
[2023-02-16T23:28:53.038+0000] {logging_mixin.py:137} INFO - [2023-02-16T23:28:53.029+0000] {dag.py:2690} INFO - Sync 1 DAGs
[2023-02-16T23:28:53.780+0000] {logging_mixin.py:137} INFO - [2023-02-16T23:28:53.779+0000] {dag.py:2711} INFO - Creating ORM DAG for tutorial
[2023-02-16T23:28:54.528+0000] {logging_mixin.py:137} INFO - [2023-02-16T23:28:54.528+0000] {dag.py:3441} INFO - Setting next_dagrun for tutorial to 2023-02-15T23:28:54.528000+00:00, run_after=2023-02-16T23:28:54.528000+00:00
[2023-02-16T23:28:56.102+0000] {processor.py:175} INFO - Processing /home/airflow/.local/lib/python3.7/site-packages/airflow/example_dags/tutorial.py took 19.075 seconds
[2023-02-16T23:30:51.330+0000] {processor.py:153} INFO - Started process (PID=249) to work on /home/airflow/.local/lib/python3.7/site-packages/airflow/example_dags/tutorial.py
[2023-02-16T23:30:51.373+0000] {processor.py:743} INFO - Processing file /home/airflow/.local/lib/python3.7/site-packages/airflow/example_dags/tutorial.py for tasks to queue
[2023-02-16T23:30:51.382+0000] {logging_mixin.py:137} INFO - [2023-02-16T23:30:51.382+0000] {dagbag.py:538} INFO - Filling up the DagBag from /home/airflow/.local/lib/python3.7/site-packages/airflow/example_dags/tutorial.py
[2023-02-16T23:30:51.559+0000] {processor.py:753} INFO - DAG(s) dict_keys(['tutorial']) retrieved from /home/airflow/.local/lib/python3.7/site-packages/airflow/example_dags/tutorial.py
[2023-02-16T23:30:51.892+0000] {logging_mixin.py:137} INFO - [2023-02-16T23:30:51.891+0000] {dag.py:2690} INFO - Sync 1 DAGs
[2023-02-16T23:30:52.074+0000] {logging_mixin.py:137} INFO - [2023-02-16T23:30:52.073+0000] {dag.py:3441} INFO - Setting next_dagrun for tutorial to 2023-02-15T23:30:52.072966+00:00, run_after=2023-02-16T23:30:52.072966+00:00
[2023-02-16T23:30:52.209+0000] {processor.py:175} INFO - Processing /home/airflow/.local/lib/python3.7/site-packages/airflow/example_dags/tutorial.py took 0.915 seconds
[2023-02-16T23:32:30.787+0000] {processor.py:153} INFO - Started process (PID=332) to work on /home/airflow/.local/lib/python3.7/site-packages/airflow/example_dags/tutorial.py
[2023-02-16T23:32:30.938+0000] {processor.py:743} INFO - Processing file /home/airflow/.local/lib/python3.7/site-packages/airflow/example_dags/tutorial.py for tasks to queue
[2023-02-16T23:32:30.966+0000] {logging_mixin.py:137} INFO - [2023-02-16T23:32:30.966+0000] {dagbag.py:538} INFO - Filling up the DagBag from /home/airflow/.local/lib/python3.7/site-packages/airflow/example_dags/tutorial.py
[2023-02-16T23:32:31.493+0000] {processor.py:753} INFO - DAG(s) dict_keys(['tutorial']) retrieved from /home/airflow/.local/lib/python3.7/site-packages/airflow/example_dags/tutorial.py
[2023-02-16T23:32:32.035+0000] {logging_mixin.py:137} INFO - [2023-02-16T23:32:32.034+0000] {dag.py:2690} INFO - Sync 1 DAGs
[2023-02-16T23:32:32.494+0000] {logging_mixin.py:137} INFO - [2023-02-16T23:32:32.494+0000] {dag.py:3441} INFO - Setting next_dagrun for tutorial to 2023-02-15T23:32:32.493720+00:00, run_after=2023-02-16T23:32:32.493720+00:00
[2023-02-16T23:32:33.034+0000] {processor.py:175} INFO - Processing /home/airflow/.local/lib/python3.7/site-packages/airflow/example_dags/tutorial.py took 2.289 seconds
[2023-02-16T23:34:38.019+0000] {processor.py:153} INFO - Started process (PID=449) to work on /home/airflow/.local/lib/python3.7/site-packages/airflow/example_dags/tutorial.py
[2023-02-16T23:34:38.029+0000] {processor.py:743} INFO - Processing file /home/airflow/.local/lib/python3.7/site-packages/airflow/example_dags/tutorial.py for tasks to queue
[2023-02-16T23:34:38.045+0000] {logging_mixin.py:137} INFO - [2023-02-16T23:34:38.043+0000] {dagbag.py:538} INFO - Filling up the DagBag from /home/airflow/.local/lib/python3.7/site-packages/airflow/example_dags/tutorial.py
[2023-02-16T23:34:38.175+0000] {processor.py:753} INFO - DAG(s) dict_keys(['tutorial']) retrieved from /home/airflow/.local/lib/python3.7/site-packages/airflow/example_dags/tutorial.py
[2023-02-16T23:34:38.452+0000] {logging_mixin.py:137} INFO - [2023-02-16T23:34:38.451+0000] {dag.py:2690} INFO - Sync 1 DAGs
[2023-02-16T23:34:38.764+0000] {logging_mixin.py:137} INFO - [2023-02-16T23:34:38.764+0000] {dag.py:3441} INFO - Setting next_dagrun for tutorial to 2023-02-15T23:34:38.763368+00:00, run_after=2023-02-16T23:34:38.763368+00:00
[2023-02-16T23:34:38.957+0000] {processor.py:175} INFO - Processing /home/airflow/.local/lib/python3.7/site-packages/airflow/example_dags/tutorial.py took 0.995 seconds
[2023-02-16T23:35:16.151+0000] {processor.py:153} INFO - Started process (PID=508) to work on /home/airflow/.local/lib/python3.7/site-packages/airflow/example_dags/tutorial.py
[2023-02-16T23:35:16.179+0000] {processor.py:743} INFO - Processing file /home/airflow/.local/lib/python3.7/site-packages/airflow/example_dags/tutorial.py for tasks to queue
[2023-02-16T23:35:16.201+0000] {logging_mixin.py:137} INFO - [2023-02-16T23:35:16.201+0000] {dagbag.py:538} INFO - Filling up the DagBag from /home/airflow/.local/lib/python3.7/site-packages/airflow/example_dags/tutorial.py
[2023-02-16T23:35:16.388+0000] {processor.py:753} INFO - DAG(s) dict_keys(['tutorial']) retrieved from /home/airflow/.local/lib/python3.7/site-packages/airflow/example_dags/tutorial.py
[2023-02-16T23:35:16.784+0000] {logging_mixin.py:137} INFO - [2023-02-16T23:35:16.783+0000] {dag.py:2690} INFO - Sync 1 DAGs
[2023-02-16T23:35:17.280+0000] {logging_mixin.py:137} INFO - [2023-02-16T23:35:17.280+0000] {dag.py:3441} INFO - Setting next_dagrun for tutorial to 2023-02-15T23:35:17.279965+00:00, run_after=2023-02-16T23:35:17.279965+00:00
[2023-02-16T23:35:17.473+0000] {processor.py:175} INFO - Processing /home/airflow/.local/lib/python3.7/site-packages/airflow/example_dags/tutorial.py took 1.374 seconds
[2023-02-16T23:36:26.760+0000] {processor.py:153} INFO - Started process (PID=583) to work on /home/airflow/.local/lib/python3.7/site-packages/airflow/example_dags/tutorial.py
[2023-02-16T23:36:26.780+0000] {processor.py:743} INFO - Processing file /home/airflow/.local/lib/python3.7/site-packages/airflow/example_dags/tutorial.py for tasks to queue
[2023-02-16T23:36:26.786+0000] {logging_mixin.py:137} INFO - [2023-02-16T23:36:26.785+0000] {dagbag.py:538} INFO - Filling up the DagBag from /home/airflow/.local/lib/python3.7/site-packages/airflow/example_dags/tutorial.py
[2023-02-16T23:36:27.305+0000] {processor.py:753} INFO - DAG(s) dict_keys(['tutorial']) retrieved from /home/airflow/.local/lib/python3.7/site-packages/airflow/example_dags/tutorial.py
[2023-02-16T23:36:27.538+0000] {logging_mixin.py:137} INFO - [2023-02-16T23:36:27.538+0000] {dag.py:2690} INFO - Sync 1 DAGs
[2023-02-16T23:36:27.756+0000] {logging_mixin.py:137} INFO - [2023-02-16T23:36:27.756+0000] {dag.py:3441} INFO - Setting next_dagrun for tutorial to 2023-02-15T23:36:27.756154+00:00, run_after=2023-02-16T23:36:27.756154+00:00
[2023-02-16T23:36:27.937+0000] {processor.py:175} INFO - Processing /home/airflow/.local/lib/python3.7/site-packages/airflow/example_dags/tutorial.py took 1.234 seconds
[2023-02-16T23:37:01.258+0000] {processor.py:153} INFO - Started process (PID=643) to work on /home/airflow/.local/lib/python3.7/site-packages/airflow/example_dags/tutorial.py
[2023-02-16T23:37:01.310+0000] {processor.py:743} INFO - Processing file /home/airflow/.local/lib/python3.7/site-packages/airflow/example_dags/tutorial.py for tasks to queue
[2023-02-16T23:37:01.323+0000] {logging_mixin.py:137} INFO - [2023-02-16T23:37:01.323+0000] {dagbag.py:538} INFO - Filling up the DagBag from /home/airflow/.local/lib/python3.7/site-packages/airflow/example_dags/tutorial.py
[2023-02-16T23:37:01.457+0000] {processor.py:753} INFO - DAG(s) dict_keys(['tutorial']) retrieved from /home/airflow/.local/lib/python3.7/site-packages/airflow/example_dags/tutorial.py
[2023-02-16T23:37:01.581+0000] {logging_mixin.py:137} INFO - [2023-02-16T23:37:01.580+0000] {dag.py:2690} INFO - Sync 1 DAGs
[2023-02-16T23:37:01.912+0000] {logging_mixin.py:137} INFO - [2023-02-16T23:37:01.912+0000] {dag.py:3441} INFO - Setting next_dagrun for tutorial to 2023-02-15T23:37:01.911681+00:00, run_after=2023-02-16T23:37:01.911681+00:00
[2023-02-16T23:37:02.160+0000] {processor.py:175} INFO - Processing /home/airflow/.local/lib/python3.7/site-packages/airflow/example_dags/tutorial.py took 0.965 seconds
[2023-02-16T23:38:21.314+0000] {processor.py:153} INFO - Started process (PID=713) to work on /home/airflow/.local/lib/python3.7/site-packages/airflow/example_dags/tutorial.py
[2023-02-16T23:38:21.411+0000] {processor.py:743} INFO - Processing file /home/airflow/.local/lib/python3.7/site-packages/airflow/example_dags/tutorial.py for tasks to queue
[2023-02-16T23:38:21.465+0000] {logging_mixin.py:137} INFO - [2023-02-16T23:38:21.443+0000] {dagbag.py:538} INFO - Filling up the DagBag from /home/airflow/.local/lib/python3.7/site-packages/airflow/example_dags/tutorial.py
[2023-02-16T23:38:22.394+0000] {processor.py:753} INFO - DAG(s) dict_keys(['tutorial']) retrieved from /home/airflow/.local/lib/python3.7/site-packages/airflow/example_dags/tutorial.py
[2023-02-16T23:38:23.968+0000] {logging_mixin.py:137} INFO - [2023-02-16T23:38:23.967+0000] {dag.py:2690} INFO - Sync 1 DAGs
[2023-02-16T23:38:24.836+0000] {logging_mixin.py:137} INFO - [2023-02-16T23:38:24.807+0000] {dag.py:3441} INFO - Setting next_dagrun for tutorial to 2023-02-15T23:38:24.806629+00:00, run_after=2023-02-16T23:38:24.806629+00:00
[2023-02-16T23:38:25.845+0000] {processor.py:175} INFO - Processing /home/airflow/.local/lib/python3.7/site-packages/airflow/example_dags/tutorial.py took 4.676 seconds
[2023-02-16T23:39:04.243+0000] {processor.py:153} INFO - Started process (PID=774) to work on /home/airflow/.local/lib/python3.7/site-packages/airflow/example_dags/tutorial.py
[2023-02-16T23:39:04.251+0000] {processor.py:743} INFO - Processing file /home/airflow/.local/lib/python3.7/site-packages/airflow/example_dags/tutorial.py for tasks to queue
[2023-02-16T23:39:04.263+0000] {logging_mixin.py:137} INFO - [2023-02-16T23:39:04.260+0000] {dagbag.py:538} INFO - Filling up the DagBag from /home/airflow/.local/lib/python3.7/site-packages/airflow/example_dags/tutorial.py
[2023-02-16T23:39:04.392+0000] {processor.py:753} INFO - DAG(s) dict_keys(['tutorial']) retrieved from /home/airflow/.local/lib/python3.7/site-packages/airflow/example_dags/tutorial.py
[2023-02-16T23:39:04.519+0000] {logging_mixin.py:137} INFO - [2023-02-16T23:39:04.519+0000] {dag.py:2690} INFO - Sync 1 DAGs
[2023-02-16T23:39:04.634+0000] {logging_mixin.py:137} INFO - [2023-02-16T23:39:04.633+0000] {dag.py:3441} INFO - Setting next_dagrun for tutorial to 2023-02-15T23:39:04.626753+00:00, run_after=2023-02-16T23:39:04.626753+00:00
[2023-02-16T23:39:04.813+0000] {processor.py:175} INFO - Processing /home/airflow/.local/lib/python3.7/site-packages/airflow/example_dags/tutorial.py took 0.606 seconds
[2023-02-16T23:40:23.842+0000] {processor.py:153} INFO - Started process (PID=857) to work on /home/airflow/.local/lib/python3.7/site-packages/airflow/example_dags/tutorial.py
[2023-02-16T23:40:23.872+0000] {processor.py:743} INFO - Processing file /home/airflow/.local/lib/python3.7/site-packages/airflow/example_dags/tutorial.py for tasks to queue
[2023-02-16T23:40:23.895+0000] {logging_mixin.py:137} INFO - [2023-02-16T23:40:23.895+0000] {dagbag.py:538} INFO - Filling up the DagBag from /home/airflow/.local/lib/python3.7/site-packages/airflow/example_dags/tutorial.py
[2023-02-16T23:40:24.523+0000] {processor.py:753} INFO - DAG(s) dict_keys(['tutorial']) retrieved from /home/airflow/.local/lib/python3.7/site-packages/airflow/example_dags/tutorial.py
[2023-02-16T23:40:25.251+0000] {logging_mixin.py:137} INFO - [2023-02-16T23:40:25.250+0000] {dag.py:2690} INFO - Sync 1 DAGs
[2023-02-16T23:40:25.886+0000] {logging_mixin.py:137} INFO - [2023-02-16T23:40:25.886+0000] {dag.py:3441} INFO - Setting next_dagrun for tutorial to 2023-02-15T23:40:25.885781+00:00, run_after=2023-02-16T23:40:25.885781+00:00
[2023-02-16T23:40:26.354+0000] {processor.py:175} INFO - Processing /home/airflow/.local/lib/python3.7/site-packages/airflow/example_dags/tutorial.py took 2.571 seconds
[2023-02-16T23:41:11.308+0000] {processor.py:153} INFO - Started process (PID=916) to work on /home/airflow/.local/lib/python3.7/site-packages/airflow/example_dags/tutorial.py
[2023-02-16T23:41:11.326+0000] {processor.py:743} INFO - Processing file /home/airflow/.local/lib/python3.7/site-packages/airflow/example_dags/tutorial.py for tasks to queue
[2023-02-16T23:41:11.333+0000] {logging_mixin.py:137} INFO - [2023-02-16T23:41:11.333+0000] {dagbag.py:538} INFO - Filling up the DagBag from /home/airflow/.local/lib/python3.7/site-packages/airflow/example_dags/tutorial.py
[2023-02-16T23:41:11.450+0000] {processor.py:753} INFO - DAG(s) dict_keys(['tutorial']) retrieved from /home/airflow/.local/lib/python3.7/site-packages/airflow/example_dags/tutorial.py
[2023-02-16T23:41:11.614+0000] {logging_mixin.py:137} INFO - [2023-02-16T23:41:11.614+0000] {dag.py:2690} INFO - Sync 1 DAGs
[2023-02-16T23:41:11.803+0000] {logging_mixin.py:137} INFO - [2023-02-16T23:41:11.802+0000] {dag.py:3441} INFO - Setting next_dagrun for tutorial to 2023-02-15T23:41:11.802333+00:00, run_after=2023-02-16T23:41:11.802333+00:00
[2023-02-16T23:41:11.967+0000] {processor.py:175} INFO - Processing /home/airflow/.local/lib/python3.7/site-packages/airflow/example_dags/tutorial.py took 0.679 seconds
[2023-02-16T23:42:17.943+0000] {processor.py:153} INFO - Started process (PID=990) to work on /home/airflow/.local/lib/python3.7/site-packages/airflow/example_dags/tutorial.py
[2023-02-16T23:42:17.959+0000] {processor.py:743} INFO - Processing file /home/airflow/.local/lib/python3.7/site-packages/airflow/example_dags/tutorial.py for tasks to queue
[2023-02-16T23:42:18.008+0000] {logging_mixin.py:137} INFO - [2023-02-16T23:42:18.007+0000] {dagbag.py:538} INFO - Filling up the DagBag from /home/airflow/.local/lib/python3.7/site-packages/airflow/example_dags/tutorial.py
[2023-02-16T23:42:18.318+0000] {processor.py:753} INFO - DAG(s) dict_keys(['tutorial']) retrieved from /home/airflow/.local/lib/python3.7/site-packages/airflow/example_dags/tutorial.py
[2023-02-16T23:42:18.783+0000] {logging_mixin.py:137} INFO - [2023-02-16T23:42:18.782+0000] {dag.py:2690} INFO - Sync 1 DAGs
[2023-02-16T23:42:20.569+0000] {logging_mixin.py:137} INFO - [2023-02-16T23:42:20.569+0000] {dag.py:3441} INFO - Setting next_dagrun for tutorial to 2023-02-15T23:42:20.559752+00:00, run_after=2023-02-16T23:42:20.559752+00:00
[2023-02-16T23:42:21.674+0000] {processor.py:175} INFO - Processing /home/airflow/.local/lib/python3.7/site-packages/airflow/example_dags/tutorial.py took 3.800 seconds
[2023-02-16T23:43:14.842+0000] {processor.py:153} INFO - Started process (PID=1052) to work on /home/airflow/.local/lib/python3.7/site-packages/airflow/example_dags/tutorial.py
[2023-02-16T23:43:14.853+0000] {processor.py:743} INFO - Processing file /home/airflow/.local/lib/python3.7/site-packages/airflow/example_dags/tutorial.py for tasks to queue
[2023-02-16T23:43:14.875+0000] {logging_mixin.py:137} INFO - [2023-02-16T23:43:14.875+0000] {dagbag.py:538} INFO - Filling up the DagBag from /home/airflow/.local/lib/python3.7/site-packages/airflow/example_dags/tutorial.py
[2023-02-16T23:43:15.120+0000] {processor.py:753} INFO - DAG(s) dict_keys(['tutorial']) retrieved from /home/airflow/.local/lib/python3.7/site-packages/airflow/example_dags/tutorial.py
[2023-02-16T23:43:15.390+0000] {logging_mixin.py:137} INFO - [2023-02-16T23:43:15.390+0000] {dag.py:2690} INFO - Sync 1 DAGs
[2023-02-16T23:43:15.943+0000] {logging_mixin.py:137} INFO - [2023-02-16T23:43:15.942+0000] {dag.py:3441} INFO - Setting next_dagrun for tutorial to 2023-02-15T23:43:15.876390+00:00, run_after=2023-02-16T23:43:15.876390+00:00
[2023-02-16T23:43:16.108+0000] {processor.py:175} INFO - Processing /home/airflow/.local/lib/python3.7/site-packages/airflow/example_dags/tutorial.py took 1.320 seconds
[2023-02-16T23:44:12.898+0000] {processor.py:153} INFO - Started process (PID=1127) to work on /home/airflow/.local/lib/python3.7/site-packages/airflow/example_dags/tutorial.py
[2023-02-16T23:44:12.904+0000] {processor.py:743} INFO - Processing file /home/airflow/.local/lib/python3.7/site-packages/airflow/example_dags/tutorial.py for tasks to queue
[2023-02-16T23:44:12.922+0000] {logging_mixin.py:137} INFO - [2023-02-16T23:44:12.921+0000] {dagbag.py:538} INFO - Filling up the DagBag from /home/airflow/.local/lib/python3.7/site-packages/airflow/example_dags/tutorial.py
[2023-02-16T23:44:13.062+0000] {processor.py:753} INFO - DAG(s) dict_keys(['tutorial']) retrieved from /home/airflow/.local/lib/python3.7/site-packages/airflow/example_dags/tutorial.py
[2023-02-16T23:44:13.383+0000] {logging_mixin.py:137} INFO - [2023-02-16T23:44:13.383+0000] {dag.py:2690} INFO - Sync 1 DAGs
[2023-02-16T23:44:13.678+0000] {logging_mixin.py:137} INFO - [2023-02-16T23:44:13.675+0000] {dag.py:3441} INFO - Setting next_dagrun for tutorial to 2023-02-15T23:44:13.667146+00:00, run_after=2023-02-16T23:44:13.667146+00:00
[2023-02-16T23:44:14.553+0000] {processor.py:175} INFO - Processing /home/airflow/.local/lib/python3.7/site-packages/airflow/example_dags/tutorial.py took 1.667 seconds
[2023-02-16T23:45:02.886+0000] {processor.py:153} INFO - Started process (PID=1193) to work on /home/airflow/.local/lib/python3.7/site-packages/airflow/example_dags/tutorial.py
[2023-02-16T23:45:02.907+0000] {processor.py:743} INFO - Processing file /home/airflow/.local/lib/python3.7/site-packages/airflow/example_dags/tutorial.py for tasks to queue
[2023-02-16T23:45:02.935+0000] {logging_mixin.py:137} INFO - [2023-02-16T23:45:02.935+0000] {dagbag.py:538} INFO - Filling up the DagBag from /home/airflow/.local/lib/python3.7/site-packages/airflow/example_dags/tutorial.py
[2023-02-16T23:45:03.153+0000] {processor.py:753} INFO - DAG(s) dict_keys(['tutorial']) retrieved from /home/airflow/.local/lib/python3.7/site-packages/airflow/example_dags/tutorial.py
[2023-02-16T23:45:03.505+0000] {logging_mixin.py:137} INFO - [2023-02-16T23:45:03.505+0000] {dag.py:2690} INFO - Sync 1 DAGs
[2023-02-16T23:45:04.181+0000] {logging_mixin.py:137} INFO - [2023-02-16T23:45:04.180+0000] {dag.py:3441} INFO - Setting next_dagrun for tutorial to 2023-02-15T23:45:04.179622+00:00, run_after=2023-02-16T23:45:04.179622+00:00
[2023-02-16T23:45:05.109+0000] {processor.py:175} INFO - Processing /home/airflow/.local/lib/python3.7/site-packages/airflow/example_dags/tutorial.py took 2.289 seconds
