[2023-02-10T01:49:56.148+0000] {processor.py:153} INFO - Started process (PID=243) to work on /home/airflow/.local/lib/python3.7/site-packages/airflow/example_dags/example_time_delta_sensor_async.py
[2023-02-10T01:49:56.217+0000] {processor.py:743} INFO - Processing file /home/airflow/.local/lib/python3.7/site-packages/airflow/example_dags/example_time_delta_sensor_async.py for tasks to queue
[2023-02-10T01:49:56.323+0000] {logging_mixin.py:137} INFO - [2023-02-10T01:49:56.256+0000] {dagbag.py:538} INFO - Filling up the DagBag from /home/airflow/.local/lib/python3.7/site-packages/airflow/example_dags/example_time_delta_sensor_async.py
[2023-02-10T01:49:58.192+0000] {processor.py:753} INFO - DAG(s) dict_keys(['example_time_delta_sensor_async']) retrieved from /home/airflow/.local/lib/python3.7/site-packages/airflow/example_dags/example_time_delta_sensor_async.py
[2023-02-10T01:50:00.531+0000] {logging_mixin.py:137} INFO - [2023-02-10T01:50:00.531+0000] {dag.py:2690} INFO - Sync 1 DAGs
[2023-02-10T01:50:03.833+0000] {logging_mixin.py:137} INFO - [2023-02-10T01:50:03.798+0000] {dag.py:3441} INFO - Setting next_dagrun for example_time_delta_sensor_async to None, run_after=None
[2023-02-10T01:50:08.218+0000] {processor.py:175} INFO - Processing /home/airflow/.local/lib/python3.7/site-packages/airflow/example_dags/example_time_delta_sensor_async.py took 12.275 seconds
[2023-02-10T01:52:21.631+0000] {processor.py:153} INFO - Started process (PID=355) to work on /home/airflow/.local/lib/python3.7/site-packages/airflow/example_dags/example_time_delta_sensor_async.py
[2023-02-10T01:52:21.638+0000] {processor.py:743} INFO - Processing file /home/airflow/.local/lib/python3.7/site-packages/airflow/example_dags/example_time_delta_sensor_async.py for tasks to queue
[2023-02-10T01:52:21.650+0000] {logging_mixin.py:137} INFO - [2023-02-10T01:52:21.648+0000] {dagbag.py:538} INFO - Filling up the DagBag from /home/airflow/.local/lib/python3.7/site-packages/airflow/example_dags/example_time_delta_sensor_async.py
[2023-02-10T01:52:21.727+0000] {processor.py:753} INFO - DAG(s) dict_keys(['example_time_delta_sensor_async']) retrieved from /home/airflow/.local/lib/python3.7/site-packages/airflow/example_dags/example_time_delta_sensor_async.py
[2023-02-10T01:52:21.904+0000] {logging_mixin.py:137} INFO - [2023-02-10T01:52:21.904+0000] {dag.py:2690} INFO - Sync 1 DAGs
[2023-02-10T01:52:22.069+0000] {logging_mixin.py:137} INFO - [2023-02-10T01:52:22.069+0000] {dag.py:3441} INFO - Setting next_dagrun for example_time_delta_sensor_async to None, run_after=None
[2023-02-10T01:52:22.184+0000] {processor.py:175} INFO - Processing /home/airflow/.local/lib/python3.7/site-packages/airflow/example_dags/example_time_delta_sensor_async.py took 0.575 seconds
[2023-02-10T01:52:54.910+0000] {processor.py:153} INFO - Started process (PID=407) to work on /home/airflow/.local/lib/python3.7/site-packages/airflow/example_dags/example_time_delta_sensor_async.py
[2023-02-10T01:52:54.922+0000] {processor.py:743} INFO - Processing file /home/airflow/.local/lib/python3.7/site-packages/airflow/example_dags/example_time_delta_sensor_async.py for tasks to queue
[2023-02-10T01:52:54.928+0000] {logging_mixin.py:137} INFO - [2023-02-10T01:52:54.927+0000] {dagbag.py:538} INFO - Filling up the DagBag from /home/airflow/.local/lib/python3.7/site-packages/airflow/example_dags/example_time_delta_sensor_async.py
[2023-02-10T01:52:55.096+0000] {processor.py:753} INFO - DAG(s) dict_keys(['example_time_delta_sensor_async']) retrieved from /home/airflow/.local/lib/python3.7/site-packages/airflow/example_dags/example_time_delta_sensor_async.py
[2023-02-10T01:52:55.433+0000] {logging_mixin.py:137} INFO - [2023-02-10T01:52:55.432+0000] {dag.py:2690} INFO - Sync 1 DAGs
[2023-02-10T01:52:55.881+0000] {logging_mixin.py:137} INFO - [2023-02-10T01:52:55.880+0000] {dag.py:3441} INFO - Setting next_dagrun for example_time_delta_sensor_async to None, run_after=None
[2023-02-10T01:52:56.112+0000] {processor.py:175} INFO - Processing /home/airflow/.local/lib/python3.7/site-packages/airflow/example_dags/example_time_delta_sensor_async.py took 1.261 seconds
[2023-02-10T01:53:26.497+0000] {processor.py:153} INFO - Started process (PID=465) to work on /home/airflow/.local/lib/python3.7/site-packages/airflow/example_dags/example_time_delta_sensor_async.py
[2023-02-10T01:53:26.505+0000] {processor.py:743} INFO - Processing file /home/airflow/.local/lib/python3.7/site-packages/airflow/example_dags/example_time_delta_sensor_async.py for tasks to queue
[2023-02-10T01:53:26.511+0000] {logging_mixin.py:137} INFO - [2023-02-10T01:53:26.510+0000] {dagbag.py:538} INFO - Filling up the DagBag from /home/airflow/.local/lib/python3.7/site-packages/airflow/example_dags/example_time_delta_sensor_async.py
[2023-02-10T01:53:26.651+0000] {processor.py:753} INFO - DAG(s) dict_keys(['example_time_delta_sensor_async']) retrieved from /home/airflow/.local/lib/python3.7/site-packages/airflow/example_dags/example_time_delta_sensor_async.py
[2023-02-10T01:53:27.023+0000] {logging_mixin.py:137} INFO - [2023-02-10T01:53:27.023+0000] {dag.py:2690} INFO - Sync 1 DAGs
[2023-02-10T01:53:27.318+0000] {logging_mixin.py:137} INFO - [2023-02-10T01:53:27.318+0000] {dag.py:3441} INFO - Setting next_dagrun for example_time_delta_sensor_async to None, run_after=None
[2023-02-10T01:53:27.492+0000] {processor.py:175} INFO - Processing /home/airflow/.local/lib/python3.7/site-packages/airflow/example_dags/example_time_delta_sensor_async.py took 1.098 seconds
[2023-02-10T01:53:57.941+0000] {processor.py:153} INFO - Started process (PID=514) to work on /home/airflow/.local/lib/python3.7/site-packages/airflow/example_dags/example_time_delta_sensor_async.py
[2023-02-10T01:53:57.951+0000] {processor.py:743} INFO - Processing file /home/airflow/.local/lib/python3.7/site-packages/airflow/example_dags/example_time_delta_sensor_async.py for tasks to queue
[2023-02-10T01:53:57.956+0000] {logging_mixin.py:137} INFO - [2023-02-10T01:53:57.956+0000] {dagbag.py:538} INFO - Filling up the DagBag from /home/airflow/.local/lib/python3.7/site-packages/airflow/example_dags/example_time_delta_sensor_async.py
[2023-02-10T01:53:57.986+0000] {processor.py:753} INFO - DAG(s) dict_keys(['example_time_delta_sensor_async']) retrieved from /home/airflow/.local/lib/python3.7/site-packages/airflow/example_dags/example_time_delta_sensor_async.py
[2023-02-10T01:53:58.073+0000] {logging_mixin.py:137} INFO - [2023-02-10T01:53:58.073+0000] {dag.py:2690} INFO - Sync 1 DAGs
[2023-02-10T01:53:58.163+0000] {logging_mixin.py:137} INFO - [2023-02-10T01:53:58.163+0000] {dag.py:3441} INFO - Setting next_dagrun for example_time_delta_sensor_async to None, run_after=None
[2023-02-10T01:53:58.225+0000] {processor.py:175} INFO - Processing /home/airflow/.local/lib/python3.7/site-packages/airflow/example_dags/example_time_delta_sensor_async.py took 0.294 seconds
[2023-02-10T01:54:29.087+0000] {processor.py:153} INFO - Started process (PID=572) to work on /home/airflow/.local/lib/python3.7/site-packages/airflow/example_dags/example_time_delta_sensor_async.py
[2023-02-10T01:54:29.093+0000] {processor.py:743} INFO - Processing file /home/airflow/.local/lib/python3.7/site-packages/airflow/example_dags/example_time_delta_sensor_async.py for tasks to queue
[2023-02-10T01:54:29.104+0000] {logging_mixin.py:137} INFO - [2023-02-10T01:54:29.102+0000] {dagbag.py:538} INFO - Filling up the DagBag from /home/airflow/.local/lib/python3.7/site-packages/airflow/example_dags/example_time_delta_sensor_async.py
[2023-02-10T01:54:29.161+0000] {processor.py:753} INFO - DAG(s) dict_keys(['example_time_delta_sensor_async']) retrieved from /home/airflow/.local/lib/python3.7/site-packages/airflow/example_dags/example_time_delta_sensor_async.py
[2023-02-10T01:54:29.316+0000] {logging_mixin.py:137} INFO - [2023-02-10T01:54:29.315+0000] {dag.py:2690} INFO - Sync 1 DAGs
[2023-02-10T01:54:29.443+0000] {logging_mixin.py:137} INFO - [2023-02-10T01:54:29.443+0000] {dag.py:3441} INFO - Setting next_dagrun for example_time_delta_sensor_async to None, run_after=None
[2023-02-10T01:54:29.561+0000] {processor.py:175} INFO - Processing /home/airflow/.local/lib/python3.7/site-packages/airflow/example_dags/example_time_delta_sensor_async.py took 0.486 seconds
[2023-02-10T01:55:00.496+0000] {processor.py:153} INFO - Started process (PID=629) to work on /home/airflow/.local/lib/python3.7/site-packages/airflow/example_dags/example_time_delta_sensor_async.py
[2023-02-10T01:55:00.506+0000] {processor.py:743} INFO - Processing file /home/airflow/.local/lib/python3.7/site-packages/airflow/example_dags/example_time_delta_sensor_async.py for tasks to queue
[2023-02-10T01:55:00.511+0000] {logging_mixin.py:137} INFO - [2023-02-10T01:55:00.510+0000] {dagbag.py:538} INFO - Filling up the DagBag from /home/airflow/.local/lib/python3.7/site-packages/airflow/example_dags/example_time_delta_sensor_async.py
[2023-02-10T01:55:00.615+0000] {processor.py:753} INFO - DAG(s) dict_keys(['example_time_delta_sensor_async']) retrieved from /home/airflow/.local/lib/python3.7/site-packages/airflow/example_dags/example_time_delta_sensor_async.py
[2023-02-10T01:55:00.718+0000] {logging_mixin.py:137} INFO - [2023-02-10T01:55:00.717+0000] {dag.py:2690} INFO - Sync 1 DAGs
[2023-02-10T01:55:00.965+0000] {logging_mixin.py:137} INFO - [2023-02-10T01:55:00.965+0000] {dag.py:3441} INFO - Setting next_dagrun for example_time_delta_sensor_async to None, run_after=None
[2023-02-10T01:55:01.138+0000] {processor.py:175} INFO - Processing /home/airflow/.local/lib/python3.7/site-packages/airflow/example_dags/example_time_delta_sensor_async.py took 0.679 seconds
[2023-02-10T01:55:31.514+0000] {processor.py:153} INFO - Started process (PID=679) to work on /home/airflow/.local/lib/python3.7/site-packages/airflow/example_dags/example_time_delta_sensor_async.py
[2023-02-10T01:55:31.528+0000] {processor.py:743} INFO - Processing file /home/airflow/.local/lib/python3.7/site-packages/airflow/example_dags/example_time_delta_sensor_async.py for tasks to queue
[2023-02-10T01:55:31.541+0000] {logging_mixin.py:137} INFO - [2023-02-10T01:55:31.539+0000] {dagbag.py:538} INFO - Filling up the DagBag from /home/airflow/.local/lib/python3.7/site-packages/airflow/example_dags/example_time_delta_sensor_async.py
[2023-02-10T01:55:31.631+0000] {processor.py:753} INFO - DAG(s) dict_keys(['example_time_delta_sensor_async']) retrieved from /home/airflow/.local/lib/python3.7/site-packages/airflow/example_dags/example_time_delta_sensor_async.py
[2023-02-10T01:55:31.793+0000] {logging_mixin.py:137} INFO - [2023-02-10T01:55:31.791+0000] {dag.py:2690} INFO - Sync 1 DAGs
[2023-02-10T01:55:31.873+0000] {logging_mixin.py:137} INFO - [2023-02-10T01:55:31.873+0000] {dag.py:3441} INFO - Setting next_dagrun for example_time_delta_sensor_async to None, run_after=None
[2023-02-10T01:55:31.934+0000] {processor.py:175} INFO - Processing /home/airflow/.local/lib/python3.7/site-packages/airflow/example_dags/example_time_delta_sensor_async.py took 0.465 seconds
[2023-02-10T01:56:02.642+0000] {processor.py:153} INFO - Started process (PID=737) to work on /home/airflow/.local/lib/python3.7/site-packages/airflow/example_dags/example_time_delta_sensor_async.py
[2023-02-10T01:56:02.657+0000] {processor.py:743} INFO - Processing file /home/airflow/.local/lib/python3.7/site-packages/airflow/example_dags/example_time_delta_sensor_async.py for tasks to queue
[2023-02-10T01:56:02.660+0000] {logging_mixin.py:137} INFO - [2023-02-10T01:56:02.660+0000] {dagbag.py:538} INFO - Filling up the DagBag from /home/airflow/.local/lib/python3.7/site-packages/airflow/example_dags/example_time_delta_sensor_async.py
[2023-02-10T01:56:02.697+0000] {processor.py:753} INFO - DAG(s) dict_keys(['example_time_delta_sensor_async']) retrieved from /home/airflow/.local/lib/python3.7/site-packages/airflow/example_dags/example_time_delta_sensor_async.py
[2023-02-10T01:56:02.755+0000] {logging_mixin.py:137} INFO - [2023-02-10T01:56:02.754+0000] {dag.py:2690} INFO - Sync 1 DAGs
[2023-02-10T01:56:02.818+0000] {logging_mixin.py:137} INFO - [2023-02-10T01:56:02.817+0000] {dag.py:3441} INFO - Setting next_dagrun for example_time_delta_sensor_async to None, run_after=None
[2023-02-10T01:56:02.920+0000] {processor.py:175} INFO - Processing /home/airflow/.local/lib/python3.7/site-packages/airflow/example_dags/example_time_delta_sensor_async.py took 0.303 seconds
[2023-02-10T01:56:33.657+0000] {processor.py:153} INFO - Started process (PID=796) to work on /home/airflow/.local/lib/python3.7/site-packages/airflow/example_dags/example_time_delta_sensor_async.py
[2023-02-10T01:56:33.663+0000] {processor.py:743} INFO - Processing file /home/airflow/.local/lib/python3.7/site-packages/airflow/example_dags/example_time_delta_sensor_async.py for tasks to queue
[2023-02-10T01:56:33.673+0000] {logging_mixin.py:137} INFO - [2023-02-10T01:56:33.671+0000] {dagbag.py:538} INFO - Filling up the DagBag from /home/airflow/.local/lib/python3.7/site-packages/airflow/example_dags/example_time_delta_sensor_async.py
[2023-02-10T01:56:33.770+0000] {processor.py:753} INFO - DAG(s) dict_keys(['example_time_delta_sensor_async']) retrieved from /home/airflow/.local/lib/python3.7/site-packages/airflow/example_dags/example_time_delta_sensor_async.py
[2023-02-10T01:56:34.009+0000] {logging_mixin.py:137} INFO - [2023-02-10T01:56:34.000+0000] {dag.py:2690} INFO - Sync 1 DAGs
[2023-02-10T01:56:34.166+0000] {logging_mixin.py:137} INFO - [2023-02-10T01:56:34.166+0000] {dag.py:3441} INFO - Setting next_dagrun for example_time_delta_sensor_async to None, run_after=None
[2023-02-10T01:56:34.268+0000] {processor.py:175} INFO - Processing /home/airflow/.local/lib/python3.7/site-packages/airflow/example_dags/example_time_delta_sensor_async.py took 0.642 seconds
[2023-02-10T01:57:04.885+0000] {processor.py:153} INFO - Started process (PID=853) to work on /home/airflow/.local/lib/python3.7/site-packages/airflow/example_dags/example_time_delta_sensor_async.py
[2023-02-10T01:57:04.891+0000] {processor.py:743} INFO - Processing file /home/airflow/.local/lib/python3.7/site-packages/airflow/example_dags/example_time_delta_sensor_async.py for tasks to queue
[2023-02-10T01:57:04.904+0000] {logging_mixin.py:137} INFO - [2023-02-10T01:57:04.902+0000] {dagbag.py:538} INFO - Filling up the DagBag from /home/airflow/.local/lib/python3.7/site-packages/airflow/example_dags/example_time_delta_sensor_async.py
[2023-02-10T01:57:05.033+0000] {processor.py:753} INFO - DAG(s) dict_keys(['example_time_delta_sensor_async']) retrieved from /home/airflow/.local/lib/python3.7/site-packages/airflow/example_dags/example_time_delta_sensor_async.py
[2023-02-10T01:57:05.385+0000] {logging_mixin.py:137} INFO - [2023-02-10T01:57:05.373+0000] {dag.py:2690} INFO - Sync 1 DAGs
[2023-02-10T01:57:05.989+0000] {logging_mixin.py:137} INFO - [2023-02-10T01:57:05.988+0000] {dag.py:3441} INFO - Setting next_dagrun for example_time_delta_sensor_async to None, run_after=None
[2023-02-10T01:57:06.107+0000] {processor.py:175} INFO - Processing /home/airflow/.local/lib/python3.7/site-packages/airflow/example_dags/example_time_delta_sensor_async.py took 1.260 seconds
[2023-02-10T01:57:42.080+0000] {processor.py:153} INFO - Started process (PID=889) to work on /home/airflow/.local/lib/python3.7/site-packages/airflow/example_dags/example_time_delta_sensor_async.py
[2023-02-10T01:57:42.084+0000] {processor.py:743} INFO - Processing file /home/airflow/.local/lib/python3.7/site-packages/airflow/example_dags/example_time_delta_sensor_async.py for tasks to queue
[2023-02-10T01:57:42.090+0000] {logging_mixin.py:137} INFO - [2023-02-10T01:57:42.088+0000] {dagbag.py:538} INFO - Filling up the DagBag from /home/airflow/.local/lib/python3.7/site-packages/airflow/example_dags/example_time_delta_sensor_async.py
[2023-02-10T01:57:42.248+0000] {processor.py:753} INFO - DAG(s) dict_keys(['example_time_delta_sensor_async']) retrieved from /home/airflow/.local/lib/python3.7/site-packages/airflow/example_dags/example_time_delta_sensor_async.py
[2023-02-10T01:57:42.489+0000] {logging_mixin.py:137} INFO - [2023-02-10T01:57:42.489+0000] {dag.py:2690} INFO - Sync 1 DAGs
[2023-02-10T01:57:43.625+0000] {logging_mixin.py:137} INFO - [2023-02-10T01:57:43.624+0000] {dag.py:3441} INFO - Setting next_dagrun for example_time_delta_sensor_async to None, run_after=None
[2023-02-10T01:57:44.013+0000] {processor.py:175} INFO - Processing /home/airflow/.local/lib/python3.7/site-packages/airflow/example_dags/example_time_delta_sensor_async.py took 1.953 seconds
[2023-02-10T01:58:15.544+0000] {processor.py:153} INFO - Started process (PID=948) to work on /home/airflow/.local/lib/python3.7/site-packages/airflow/example_dags/example_time_delta_sensor_async.py
[2023-02-10T01:58:15.554+0000] {processor.py:743} INFO - Processing file /home/airflow/.local/lib/python3.7/site-packages/airflow/example_dags/example_time_delta_sensor_async.py for tasks to queue
[2023-02-10T01:58:15.564+0000] {logging_mixin.py:137} INFO - [2023-02-10T01:58:15.564+0000] {dagbag.py:538} INFO - Filling up the DagBag from /home/airflow/.local/lib/python3.7/site-packages/airflow/example_dags/example_time_delta_sensor_async.py
[2023-02-10T01:58:15.603+0000] {processor.py:753} INFO - DAG(s) dict_keys(['example_time_delta_sensor_async']) retrieved from /home/airflow/.local/lib/python3.7/site-packages/airflow/example_dags/example_time_delta_sensor_async.py
[2023-02-10T01:58:15.704+0000] {logging_mixin.py:137} INFO - [2023-02-10T01:58:15.703+0000] {dag.py:2690} INFO - Sync 1 DAGs
[2023-02-10T01:58:15.831+0000] {logging_mixin.py:137} INFO - [2023-02-10T01:58:15.831+0000] {dag.py:3441} INFO - Setting next_dagrun for example_time_delta_sensor_async to None, run_after=None
[2023-02-10T01:58:15.906+0000] {processor.py:175} INFO - Processing /home/airflow/.local/lib/python3.7/site-packages/airflow/example_dags/example_time_delta_sensor_async.py took 0.377 seconds
[2023-02-10T01:58:54.758+0000] {processor.py:153} INFO - Started process (PID=999) to work on /home/airflow/.local/lib/python3.7/site-packages/airflow/example_dags/example_time_delta_sensor_async.py
[2023-02-10T01:58:54.771+0000] {processor.py:743} INFO - Processing file /home/airflow/.local/lib/python3.7/site-packages/airflow/example_dags/example_time_delta_sensor_async.py for tasks to queue
[2023-02-10T01:58:54.778+0000] {logging_mixin.py:137} INFO - [2023-02-10T01:58:54.777+0000] {dagbag.py:538} INFO - Filling up the DagBag from /home/airflow/.local/lib/python3.7/site-packages/airflow/example_dags/example_time_delta_sensor_async.py
[2023-02-10T01:58:54.973+0000] {processor.py:753} INFO - DAG(s) dict_keys(['example_time_delta_sensor_async']) retrieved from /home/airflow/.local/lib/python3.7/site-packages/airflow/example_dags/example_time_delta_sensor_async.py
[2023-02-10T01:58:55.109+0000] {logging_mixin.py:137} INFO - [2023-02-10T01:58:55.108+0000] {dag.py:2690} INFO - Sync 1 DAGs
[2023-02-10T01:58:55.227+0000] {logging_mixin.py:137} INFO - [2023-02-10T01:58:55.225+0000] {dag.py:3441} INFO - Setting next_dagrun for example_time_delta_sensor_async to None, run_after=None
[2023-02-10T01:58:55.297+0000] {processor.py:175} INFO - Processing /home/airflow/.local/lib/python3.7/site-packages/airflow/example_dags/example_time_delta_sensor_async.py took 0.591 seconds
[2023-02-10T01:59:26.495+0000] {processor.py:153} INFO - Started process (PID=1052) to work on /home/airflow/.local/lib/python3.7/site-packages/airflow/example_dags/example_time_delta_sensor_async.py
[2023-02-10T01:59:26.535+0000] {processor.py:743} INFO - Processing file /home/airflow/.local/lib/python3.7/site-packages/airflow/example_dags/example_time_delta_sensor_async.py for tasks to queue
[2023-02-10T01:59:26.558+0000] {logging_mixin.py:137} INFO - [2023-02-10T01:59:26.548+0000] {dagbag.py:538} INFO - Filling up the DagBag from /home/airflow/.local/lib/python3.7/site-packages/airflow/example_dags/example_time_delta_sensor_async.py
[2023-02-10T01:59:26.712+0000] {processor.py:753} INFO - DAG(s) dict_keys(['example_time_delta_sensor_async']) retrieved from /home/airflow/.local/lib/python3.7/site-packages/airflow/example_dags/example_time_delta_sensor_async.py
[2023-02-10T01:59:27.104+0000] {logging_mixin.py:137} INFO - [2023-02-10T01:59:27.103+0000] {dag.py:2690} INFO - Sync 1 DAGs
[2023-02-10T01:59:27.465+0000] {logging_mixin.py:137} INFO - [2023-02-10T01:59:27.461+0000] {dag.py:3441} INFO - Setting next_dagrun for example_time_delta_sensor_async to None, run_after=None
[2023-02-10T01:59:27.842+0000] {processor.py:175} INFO - Processing /home/airflow/.local/lib/python3.7/site-packages/airflow/example_dags/example_time_delta_sensor_async.py took 1.416 seconds
[2023-02-10T02:00:07.539+0000] {processor.py:153} INFO - Started process (PID=1105) to work on /home/airflow/.local/lib/python3.7/site-packages/airflow/example_dags/example_time_delta_sensor_async.py
[2023-02-10T02:00:07.576+0000] {processor.py:743} INFO - Processing file /home/airflow/.local/lib/python3.7/site-packages/airflow/example_dags/example_time_delta_sensor_async.py for tasks to queue
[2023-02-10T02:00:07.598+0000] {logging_mixin.py:137} INFO - [2023-02-10T02:00:07.597+0000] {dagbag.py:538} INFO - Filling up the DagBag from /home/airflow/.local/lib/python3.7/site-packages/airflow/example_dags/example_time_delta_sensor_async.py
[2023-02-10T02:00:08.177+0000] {processor.py:753} INFO - DAG(s) dict_keys(['example_time_delta_sensor_async']) retrieved from /home/airflow/.local/lib/python3.7/site-packages/airflow/example_dags/example_time_delta_sensor_async.py
[2023-02-10T02:00:08.726+0000] {logging_mixin.py:137} INFO - [2023-02-10T02:00:08.726+0000] {dag.py:2690} INFO - Sync 1 DAGs
[2023-02-10T02:00:09.843+0000] {logging_mixin.py:137} INFO - [2023-02-10T02:00:09.843+0000] {dag.py:3441} INFO - Setting next_dagrun for example_time_delta_sensor_async to None, run_after=None
[2023-02-10T02:00:10.583+0000] {processor.py:175} INFO - Processing /home/airflow/.local/lib/python3.7/site-packages/airflow/example_dags/example_time_delta_sensor_async.py took 3.236 seconds
[2023-02-10T02:00:41.321+0000] {processor.py:153} INFO - Started process (PID=1156) to work on /home/airflow/.local/lib/python3.7/site-packages/airflow/example_dags/example_time_delta_sensor_async.py
[2023-02-10T02:00:41.329+0000] {processor.py:743} INFO - Processing file /home/airflow/.local/lib/python3.7/site-packages/airflow/example_dags/example_time_delta_sensor_async.py for tasks to queue
[2023-02-10T02:00:41.335+0000] {logging_mixin.py:137} INFO - [2023-02-10T02:00:41.335+0000] {dagbag.py:538} INFO - Filling up the DagBag from /home/airflow/.local/lib/python3.7/site-packages/airflow/example_dags/example_time_delta_sensor_async.py
[2023-02-10T02:00:41.415+0000] {processor.py:753} INFO - DAG(s) dict_keys(['example_time_delta_sensor_async']) retrieved from /home/airflow/.local/lib/python3.7/site-packages/airflow/example_dags/example_time_delta_sensor_async.py
[2023-02-10T02:00:41.501+0000] {logging_mixin.py:137} INFO - [2023-02-10T02:00:41.501+0000] {dag.py:2690} INFO - Sync 1 DAGs
[2023-02-10T02:00:41.783+0000] {logging_mixin.py:137} INFO - [2023-02-10T02:00:41.782+0000] {dag.py:3441} INFO - Setting next_dagrun for example_time_delta_sensor_async to None, run_after=None
[2023-02-10T02:00:41.872+0000] {processor.py:175} INFO - Processing /home/airflow/.local/lib/python3.7/site-packages/airflow/example_dags/example_time_delta_sensor_async.py took 0.581 seconds
[2023-02-10T02:01:17.672+0000] {processor.py:153} INFO - Started process (PID=1213) to work on /home/airflow/.local/lib/python3.7/site-packages/airflow/example_dags/example_time_delta_sensor_async.py
[2023-02-10T02:01:17.685+0000] {processor.py:743} INFO - Processing file /home/airflow/.local/lib/python3.7/site-packages/airflow/example_dags/example_time_delta_sensor_async.py for tasks to queue
[2023-02-10T02:01:17.704+0000] {logging_mixin.py:137} INFO - [2023-02-10T02:01:17.698+0000] {dagbag.py:538} INFO - Filling up the DagBag from /home/airflow/.local/lib/python3.7/site-packages/airflow/example_dags/example_time_delta_sensor_async.py
[2023-02-10T02:01:17.821+0000] {processor.py:753} INFO - DAG(s) dict_keys(['example_time_delta_sensor_async']) retrieved from /home/airflow/.local/lib/python3.7/site-packages/airflow/example_dags/example_time_delta_sensor_async.py
[2023-02-10T02:01:17.984+0000] {logging_mixin.py:137} INFO - [2023-02-10T02:01:17.983+0000] {dag.py:2690} INFO - Sync 1 DAGs
[2023-02-10T02:01:18.185+0000] {logging_mixin.py:137} INFO - [2023-02-10T02:01:18.184+0000] {dag.py:3441} INFO - Setting next_dagrun for example_time_delta_sensor_async to None, run_after=None
[2023-02-10T02:01:18.724+0000] {processor.py:175} INFO - Processing /home/airflow/.local/lib/python3.7/site-packages/airflow/example_dags/example_time_delta_sensor_async.py took 1.082 seconds
[2023-02-10T02:01:55.472+0000] {processor.py:153} INFO - Started process (PID=1264) to work on /home/airflow/.local/lib/python3.7/site-packages/airflow/example_dags/example_time_delta_sensor_async.py
[2023-02-10T02:01:55.488+0000] {processor.py:743} INFO - Processing file /home/airflow/.local/lib/python3.7/site-packages/airflow/example_dags/example_time_delta_sensor_async.py for tasks to queue
[2023-02-10T02:01:55.493+0000] {logging_mixin.py:137} INFO - [2023-02-10T02:01:55.493+0000] {dagbag.py:538} INFO - Filling up the DagBag from /home/airflow/.local/lib/python3.7/site-packages/airflow/example_dags/example_time_delta_sensor_async.py
[2023-02-10T02:01:55.556+0000] {processor.py:753} INFO - DAG(s) dict_keys(['example_time_delta_sensor_async']) retrieved from /home/airflow/.local/lib/python3.7/site-packages/airflow/example_dags/example_time_delta_sensor_async.py
[2023-02-10T02:01:55.675+0000] {logging_mixin.py:137} INFO - [2023-02-10T02:01:55.674+0000] {dag.py:2690} INFO - Sync 1 DAGs
[2023-02-10T02:01:55.770+0000] {logging_mixin.py:137} INFO - [2023-02-10T02:01:55.769+0000] {dag.py:3441} INFO - Setting next_dagrun for example_time_delta_sensor_async to None, run_after=None
[2023-02-10T02:01:55.841+0000] {processor.py:175} INFO - Processing /home/airflow/.local/lib/python3.7/site-packages/airflow/example_dags/example_time_delta_sensor_async.py took 0.386 seconds
[2023-02-10T02:02:26.338+0000] {processor.py:153} INFO - Started process (PID=1322) to work on /home/airflow/.local/lib/python3.7/site-packages/airflow/example_dags/example_time_delta_sensor_async.py
[2023-02-10T02:02:26.343+0000] {processor.py:743} INFO - Processing file /home/airflow/.local/lib/python3.7/site-packages/airflow/example_dags/example_time_delta_sensor_async.py for tasks to queue
[2023-02-10T02:02:26.349+0000] {logging_mixin.py:137} INFO - [2023-02-10T02:02:26.348+0000] {dagbag.py:538} INFO - Filling up the DagBag from /home/airflow/.local/lib/python3.7/site-packages/airflow/example_dags/example_time_delta_sensor_async.py
[2023-02-10T02:02:26.410+0000] {processor.py:753} INFO - DAG(s) dict_keys(['example_time_delta_sensor_async']) retrieved from /home/airflow/.local/lib/python3.7/site-packages/airflow/example_dags/example_time_delta_sensor_async.py
[2023-02-10T02:02:26.500+0000] {logging_mixin.py:137} INFO - [2023-02-10T02:02:26.500+0000] {dag.py:2690} INFO - Sync 1 DAGs
[2023-02-10T02:02:26.580+0000] {logging_mixin.py:137} INFO - [2023-02-10T02:02:26.580+0000] {dag.py:3441} INFO - Setting next_dagrun for example_time_delta_sensor_async to None, run_after=None
[2023-02-10T02:02:26.637+0000] {processor.py:175} INFO - Processing /home/airflow/.local/lib/python3.7/site-packages/airflow/example_dags/example_time_delta_sensor_async.py took 0.309 seconds
[2023-02-10T02:02:56.942+0000] {processor.py:153} INFO - Started process (PID=1379) to work on /home/airflow/.local/lib/python3.7/site-packages/airflow/example_dags/example_time_delta_sensor_async.py
[2023-02-10T02:02:56.946+0000] {processor.py:743} INFO - Processing file /home/airflow/.local/lib/python3.7/site-packages/airflow/example_dags/example_time_delta_sensor_async.py for tasks to queue
[2023-02-10T02:02:56.952+0000] {logging_mixin.py:137} INFO - [2023-02-10T02:02:56.952+0000] {dagbag.py:538} INFO - Filling up the DagBag from /home/airflow/.local/lib/python3.7/site-packages/airflow/example_dags/example_time_delta_sensor_async.py
[2023-02-10T02:02:57.023+0000] {processor.py:753} INFO - DAG(s) dict_keys(['example_time_delta_sensor_async']) retrieved from /home/airflow/.local/lib/python3.7/site-packages/airflow/example_dags/example_time_delta_sensor_async.py
[2023-02-10T02:02:57.228+0000] {logging_mixin.py:137} INFO - [2023-02-10T02:02:57.227+0000] {dag.py:2690} INFO - Sync 1 DAGs
[2023-02-10T02:02:57.323+0000] {logging_mixin.py:137} INFO - [2023-02-10T02:02:57.323+0000] {dag.py:3441} INFO - Setting next_dagrun for example_time_delta_sensor_async to None, run_after=None
[2023-02-10T02:02:57.369+0000] {processor.py:175} INFO - Processing /home/airflow/.local/lib/python3.7/site-packages/airflow/example_dags/example_time_delta_sensor_async.py took 0.438 seconds
[2023-02-10T02:03:27.536+0000] {processor.py:153} INFO - Started process (PID=1441) to work on /home/airflow/.local/lib/python3.7/site-packages/airflow/example_dags/example_time_delta_sensor_async.py
[2023-02-10T02:03:27.541+0000] {processor.py:743} INFO - Processing file /home/airflow/.local/lib/python3.7/site-packages/airflow/example_dags/example_time_delta_sensor_async.py for tasks to queue
[2023-02-10T02:03:27.546+0000] {logging_mixin.py:137} INFO - [2023-02-10T02:03:27.546+0000] {dagbag.py:538} INFO - Filling up the DagBag from /home/airflow/.local/lib/python3.7/site-packages/airflow/example_dags/example_time_delta_sensor_async.py
[2023-02-10T02:03:27.637+0000] {processor.py:753} INFO - DAG(s) dict_keys(['example_time_delta_sensor_async']) retrieved from /home/airflow/.local/lib/python3.7/site-packages/airflow/example_dags/example_time_delta_sensor_async.py
[2023-02-10T02:03:27.782+0000] {logging_mixin.py:137} INFO - [2023-02-10T02:03:27.782+0000] {dag.py:2690} INFO - Sync 1 DAGs
[2023-02-10T02:03:27.880+0000] {logging_mixin.py:137} INFO - [2023-02-10T02:03:27.880+0000] {dag.py:3441} INFO - Setting next_dagrun for example_time_delta_sensor_async to None, run_after=None
[2023-02-10T02:03:28.013+0000] {processor.py:175} INFO - Processing /home/airflow/.local/lib/python3.7/site-packages/airflow/example_dags/example_time_delta_sensor_async.py took 0.491 seconds
[2023-02-10T02:03:59.259+0000] {processor.py:153} INFO - Started process (PID=1498) to work on /home/airflow/.local/lib/python3.7/site-packages/airflow/example_dags/example_time_delta_sensor_async.py
[2023-02-10T02:03:59.274+0000] {processor.py:743} INFO - Processing file /home/airflow/.local/lib/python3.7/site-packages/airflow/example_dags/example_time_delta_sensor_async.py for tasks to queue
[2023-02-10T02:03:59.278+0000] {logging_mixin.py:137} INFO - [2023-02-10T02:03:59.278+0000] {dagbag.py:538} INFO - Filling up the DagBag from /home/airflow/.local/lib/python3.7/site-packages/airflow/example_dags/example_time_delta_sensor_async.py
[2023-02-10T02:03:59.371+0000] {processor.py:753} INFO - DAG(s) dict_keys(['example_time_delta_sensor_async']) retrieved from /home/airflow/.local/lib/python3.7/site-packages/airflow/example_dags/example_time_delta_sensor_async.py
[2023-02-10T02:03:59.574+0000] {logging_mixin.py:137} INFO - [2023-02-10T02:03:59.573+0000] {dag.py:2690} INFO - Sync 1 DAGs
[2023-02-10T02:03:59.836+0000] {logging_mixin.py:137} INFO - [2023-02-10T02:03:59.836+0000] {dag.py:3441} INFO - Setting next_dagrun for example_time_delta_sensor_async to None, run_after=None
[2023-02-10T02:03:59.993+0000] {processor.py:175} INFO - Processing /home/airflow/.local/lib/python3.7/site-packages/airflow/example_dags/example_time_delta_sensor_async.py took 0.756 seconds
[2023-02-10T02:04:30.919+0000] {processor.py:153} INFO - Started process (PID=1555) to work on /home/airflow/.local/lib/python3.7/site-packages/airflow/example_dags/example_time_delta_sensor_async.py
[2023-02-10T02:04:30.935+0000] {processor.py:743} INFO - Processing file /home/airflow/.local/lib/python3.7/site-packages/airflow/example_dags/example_time_delta_sensor_async.py for tasks to queue
[2023-02-10T02:04:30.938+0000] {logging_mixin.py:137} INFO - [2023-02-10T02:04:30.938+0000] {dagbag.py:538} INFO - Filling up the DagBag from /home/airflow/.local/lib/python3.7/site-packages/airflow/example_dags/example_time_delta_sensor_async.py
[2023-02-10T02:04:31.063+0000] {processor.py:753} INFO - DAG(s) dict_keys(['example_time_delta_sensor_async']) retrieved from /home/airflow/.local/lib/python3.7/site-packages/airflow/example_dags/example_time_delta_sensor_async.py
[2023-02-10T02:04:31.215+0000] {logging_mixin.py:137} INFO - [2023-02-10T02:04:31.215+0000] {dag.py:2690} INFO - Sync 1 DAGs
[2023-02-10T02:04:31.386+0000] {logging_mixin.py:137} INFO - [2023-02-10T02:04:31.386+0000] {dag.py:3441} INFO - Setting next_dagrun for example_time_delta_sensor_async to None, run_after=None
[2023-02-10T02:04:31.508+0000] {processor.py:175} INFO - Processing /home/airflow/.local/lib/python3.7/site-packages/airflow/example_dags/example_time_delta_sensor_async.py took 0.620 seconds
[2023-02-10T02:05:02.029+0000] {processor.py:153} INFO - Started process (PID=1607) to work on /home/airflow/.local/lib/python3.7/site-packages/airflow/example_dags/example_time_delta_sensor_async.py
[2023-02-10T02:05:02.036+0000] {processor.py:743} INFO - Processing file /home/airflow/.local/lib/python3.7/site-packages/airflow/example_dags/example_time_delta_sensor_async.py for tasks to queue
[2023-02-10T02:05:02.039+0000] {logging_mixin.py:137} INFO - [2023-02-10T02:05:02.039+0000] {dagbag.py:538} INFO - Filling up the DagBag from /home/airflow/.local/lib/python3.7/site-packages/airflow/example_dags/example_time_delta_sensor_async.py
[2023-02-10T02:05:02.098+0000] {processor.py:753} INFO - DAG(s) dict_keys(['example_time_delta_sensor_async']) retrieved from /home/airflow/.local/lib/python3.7/site-packages/airflow/example_dags/example_time_delta_sensor_async.py
[2023-02-10T02:05:02.237+0000] {logging_mixin.py:137} INFO - [2023-02-10T02:05:02.236+0000] {dag.py:2690} INFO - Sync 1 DAGs
[2023-02-10T02:05:02.375+0000] {logging_mixin.py:137} INFO - [2023-02-10T02:05:02.375+0000] {dag.py:3441} INFO - Setting next_dagrun for example_time_delta_sensor_async to None, run_after=None
[2023-02-10T02:05:02.472+0000] {processor.py:175} INFO - Processing /home/airflow/.local/lib/python3.7/site-packages/airflow/example_dags/example_time_delta_sensor_async.py took 0.481 seconds
[2023-02-10T02:05:33.027+0000] {processor.py:153} INFO - Started process (PID=1666) to work on /home/airflow/.local/lib/python3.7/site-packages/airflow/example_dags/example_time_delta_sensor_async.py
[2023-02-10T02:05:33.056+0000] {processor.py:743} INFO - Processing file /home/airflow/.local/lib/python3.7/site-packages/airflow/example_dags/example_time_delta_sensor_async.py for tasks to queue
[2023-02-10T02:05:33.064+0000] {logging_mixin.py:137} INFO - [2023-02-10T02:05:33.063+0000] {dagbag.py:538} INFO - Filling up the DagBag from /home/airflow/.local/lib/python3.7/site-packages/airflow/example_dags/example_time_delta_sensor_async.py
[2023-02-10T02:05:33.125+0000] {processor.py:753} INFO - DAG(s) dict_keys(['example_time_delta_sensor_async']) retrieved from /home/airflow/.local/lib/python3.7/site-packages/airflow/example_dags/example_time_delta_sensor_async.py
[2023-02-10T02:05:33.223+0000] {logging_mixin.py:137} INFO - [2023-02-10T02:05:33.223+0000] {dag.py:2690} INFO - Sync 1 DAGs
[2023-02-10T02:05:33.361+0000] {logging_mixin.py:137} INFO - [2023-02-10T02:05:33.361+0000] {dag.py:3441} INFO - Setting next_dagrun for example_time_delta_sensor_async to None, run_after=None
[2023-02-10T02:05:33.403+0000] {processor.py:175} INFO - Processing /home/airflow/.local/lib/python3.7/site-packages/airflow/example_dags/example_time_delta_sensor_async.py took 0.382 seconds
[2023-02-10T02:06:04.046+0000] {processor.py:153} INFO - Started process (PID=1723) to work on /home/airflow/.local/lib/python3.7/site-packages/airflow/example_dags/example_time_delta_sensor_async.py
[2023-02-10T02:06:04.051+0000] {processor.py:743} INFO - Processing file /home/airflow/.local/lib/python3.7/site-packages/airflow/example_dags/example_time_delta_sensor_async.py for tasks to queue
[2023-02-10T02:06:04.055+0000] {logging_mixin.py:137} INFO - [2023-02-10T02:06:04.055+0000] {dagbag.py:538} INFO - Filling up the DagBag from /home/airflow/.local/lib/python3.7/site-packages/airflow/example_dags/example_time_delta_sensor_async.py
[2023-02-10T02:06:04.087+0000] {processor.py:753} INFO - DAG(s) dict_keys(['example_time_delta_sensor_async']) retrieved from /home/airflow/.local/lib/python3.7/site-packages/airflow/example_dags/example_time_delta_sensor_async.py
[2023-02-10T02:06:04.170+0000] {logging_mixin.py:137} INFO - [2023-02-10T02:06:04.169+0000] {dag.py:2690} INFO - Sync 1 DAGs
[2023-02-10T02:06:04.240+0000] {logging_mixin.py:137} INFO - [2023-02-10T02:06:04.240+0000] {dag.py:3441} INFO - Setting next_dagrun for example_time_delta_sensor_async to None, run_after=None
[2023-02-10T02:06:04.298+0000] {processor.py:175} INFO - Processing /home/airflow/.local/lib/python3.7/site-packages/airflow/example_dags/example_time_delta_sensor_async.py took 0.270 seconds
[2023-02-10T02:06:35.400+0000] {processor.py:153} INFO - Started process (PID=1781) to work on /home/airflow/.local/lib/python3.7/site-packages/airflow/example_dags/example_time_delta_sensor_async.py
[2023-02-10T02:06:35.405+0000] {processor.py:743} INFO - Processing file /home/airflow/.local/lib/python3.7/site-packages/airflow/example_dags/example_time_delta_sensor_async.py for tasks to queue
[2023-02-10T02:06:35.410+0000] {logging_mixin.py:137} INFO - [2023-02-10T02:06:35.409+0000] {dagbag.py:538} INFO - Filling up the DagBag from /home/airflow/.local/lib/python3.7/site-packages/airflow/example_dags/example_time_delta_sensor_async.py
[2023-02-10T02:06:35.467+0000] {processor.py:753} INFO - DAG(s) dict_keys(['example_time_delta_sensor_async']) retrieved from /home/airflow/.local/lib/python3.7/site-packages/airflow/example_dags/example_time_delta_sensor_async.py
[2023-02-10T02:06:35.586+0000] {logging_mixin.py:137} INFO - [2023-02-10T02:06:35.586+0000] {dag.py:2690} INFO - Sync 1 DAGs
[2023-02-10T02:06:35.730+0000] {logging_mixin.py:137} INFO - [2023-02-10T02:06:35.730+0000] {dag.py:3441} INFO - Setting next_dagrun for example_time_delta_sensor_async to None, run_after=None
[2023-02-10T02:06:35.871+0000] {processor.py:175} INFO - Processing /home/airflow/.local/lib/python3.7/site-packages/airflow/example_dags/example_time_delta_sensor_async.py took 0.523 seconds
[2023-02-10T02:07:06.567+0000] {processor.py:153} INFO - Started process (PID=1840) to work on /home/airflow/.local/lib/python3.7/site-packages/airflow/example_dags/example_time_delta_sensor_async.py
[2023-02-10T02:07:06.571+0000] {processor.py:743} INFO - Processing file /home/airflow/.local/lib/python3.7/site-packages/airflow/example_dags/example_time_delta_sensor_async.py for tasks to queue
[2023-02-10T02:07:06.577+0000] {logging_mixin.py:137} INFO - [2023-02-10T02:07:06.576+0000] {dagbag.py:538} INFO - Filling up the DagBag from /home/airflow/.local/lib/python3.7/site-packages/airflow/example_dags/example_time_delta_sensor_async.py
[2023-02-10T02:07:06.621+0000] {processor.py:753} INFO - DAG(s) dict_keys(['example_time_delta_sensor_async']) retrieved from /home/airflow/.local/lib/python3.7/site-packages/airflow/example_dags/example_time_delta_sensor_async.py
[2023-02-10T02:07:06.681+0000] {logging_mixin.py:137} INFO - [2023-02-10T02:07:06.681+0000] {dag.py:2690} INFO - Sync 1 DAGs
[2023-02-10T02:07:06.746+0000] {logging_mixin.py:137} INFO - [2023-02-10T02:07:06.745+0000] {dag.py:3441} INFO - Setting next_dagrun for example_time_delta_sensor_async to None, run_after=None
[2023-02-10T02:07:06.864+0000] {processor.py:175} INFO - Processing /home/airflow/.local/lib/python3.7/site-packages/airflow/example_dags/example_time_delta_sensor_async.py took 0.326 seconds
[2023-02-10T02:07:37.324+0000] {processor.py:153} INFO - Started process (PID=1898) to work on /home/airflow/.local/lib/python3.7/site-packages/airflow/example_dags/example_time_delta_sensor_async.py
[2023-02-10T02:07:37.333+0000] {processor.py:743} INFO - Processing file /home/airflow/.local/lib/python3.7/site-packages/airflow/example_dags/example_time_delta_sensor_async.py for tasks to queue
[2023-02-10T02:07:37.350+0000] {logging_mixin.py:137} INFO - [2023-02-10T02:07:37.349+0000] {dagbag.py:538} INFO - Filling up the DagBag from /home/airflow/.local/lib/python3.7/site-packages/airflow/example_dags/example_time_delta_sensor_async.py
[2023-02-10T02:07:37.477+0000] {processor.py:753} INFO - DAG(s) dict_keys(['example_time_delta_sensor_async']) retrieved from /home/airflow/.local/lib/python3.7/site-packages/airflow/example_dags/example_time_delta_sensor_async.py
[2023-02-10T02:07:37.560+0000] {logging_mixin.py:137} INFO - [2023-02-10T02:07:37.559+0000] {dag.py:2690} INFO - Sync 1 DAGs
[2023-02-10T02:07:37.635+0000] {logging_mixin.py:137} INFO - [2023-02-10T02:07:37.634+0000] {dag.py:3441} INFO - Setting next_dagrun for example_time_delta_sensor_async to None, run_after=None
[2023-02-10T02:07:37.689+0000] {processor.py:175} INFO - Processing /home/airflow/.local/lib/python3.7/site-packages/airflow/example_dags/example_time_delta_sensor_async.py took 0.383 seconds
[2023-02-10T02:08:12.229+0000] {processor.py:153} INFO - Started process (PID=1956) to work on /home/airflow/.local/lib/python3.7/site-packages/airflow/example_dags/example_time_delta_sensor_async.py
[2023-02-10T02:08:12.237+0000] {processor.py:743} INFO - Processing file /home/airflow/.local/lib/python3.7/site-packages/airflow/example_dags/example_time_delta_sensor_async.py for tasks to queue
[2023-02-10T02:08:12.246+0000] {logging_mixin.py:137} INFO - [2023-02-10T02:08:12.245+0000] {dagbag.py:538} INFO - Filling up the DagBag from /home/airflow/.local/lib/python3.7/site-packages/airflow/example_dags/example_time_delta_sensor_async.py
[2023-02-10T02:08:12.347+0000] {processor.py:753} INFO - DAG(s) dict_keys(['example_time_delta_sensor_async']) retrieved from /home/airflow/.local/lib/python3.7/site-packages/airflow/example_dags/example_time_delta_sensor_async.py
[2023-02-10T02:08:12.595+0000] {logging_mixin.py:137} INFO - [2023-02-10T02:08:12.595+0000] {dag.py:2690} INFO - Sync 1 DAGs
[2023-02-10T02:08:12.884+0000] {logging_mixin.py:137} INFO - [2023-02-10T02:08:12.883+0000] {dag.py:3441} INFO - Setting next_dagrun for example_time_delta_sensor_async to None, run_after=None
[2023-02-10T02:08:12.988+0000] {processor.py:175} INFO - Processing /home/airflow/.local/lib/python3.7/site-packages/airflow/example_dags/example_time_delta_sensor_async.py took 0.778 seconds
[2023-02-10T02:08:43.426+0000] {processor.py:153} INFO - Started process (PID=2008) to work on /home/airflow/.local/lib/python3.7/site-packages/airflow/example_dags/example_time_delta_sensor_async.py
[2023-02-10T02:08:43.448+0000] {processor.py:743} INFO - Processing file /home/airflow/.local/lib/python3.7/site-packages/airflow/example_dags/example_time_delta_sensor_async.py for tasks to queue
[2023-02-10T02:08:43.482+0000] {logging_mixin.py:137} INFO - [2023-02-10T02:08:43.474+0000] {dagbag.py:538} INFO - Filling up the DagBag from /home/airflow/.local/lib/python3.7/site-packages/airflow/example_dags/example_time_delta_sensor_async.py
[2023-02-10T02:08:43.591+0000] {processor.py:753} INFO - DAG(s) dict_keys(['example_time_delta_sensor_async']) retrieved from /home/airflow/.local/lib/python3.7/site-packages/airflow/example_dags/example_time_delta_sensor_async.py
[2023-02-10T02:08:43.801+0000] {logging_mixin.py:137} INFO - [2023-02-10T02:08:43.801+0000] {dag.py:2690} INFO - Sync 1 DAGs
[2023-02-10T02:08:44.349+0000] {logging_mixin.py:137} INFO - [2023-02-10T02:08:44.349+0000] {dag.py:3441} INFO - Setting next_dagrun for example_time_delta_sensor_async to None, run_after=None
[2023-02-10T02:08:44.745+0000] {processor.py:175} INFO - Processing /home/airflow/.local/lib/python3.7/site-packages/airflow/example_dags/example_time_delta_sensor_async.py took 1.363 seconds
[2023-02-10T02:09:15.242+0000] {processor.py:153} INFO - Started process (PID=2066) to work on /home/airflow/.local/lib/python3.7/site-packages/airflow/example_dags/example_time_delta_sensor_async.py
[2023-02-10T02:09:15.249+0000] {processor.py:743} INFO - Processing file /home/airflow/.local/lib/python3.7/site-packages/airflow/example_dags/example_time_delta_sensor_async.py for tasks to queue
[2023-02-10T02:09:15.262+0000] {logging_mixin.py:137} INFO - [2023-02-10T02:09:15.260+0000] {dagbag.py:538} INFO - Filling up the DagBag from /home/airflow/.local/lib/python3.7/site-packages/airflow/example_dags/example_time_delta_sensor_async.py
[2023-02-10T02:09:15.306+0000] {processor.py:753} INFO - DAG(s) dict_keys(['example_time_delta_sensor_async']) retrieved from /home/airflow/.local/lib/python3.7/site-packages/airflow/example_dags/example_time_delta_sensor_async.py
[2023-02-10T02:09:15.428+0000] {logging_mixin.py:137} INFO - [2023-02-10T02:09:15.428+0000] {dag.py:2690} INFO - Sync 1 DAGs
[2023-02-10T02:09:15.537+0000] {logging_mixin.py:137} INFO - [2023-02-10T02:09:15.537+0000] {dag.py:3441} INFO - Setting next_dagrun for example_time_delta_sensor_async to None, run_after=None
[2023-02-10T02:09:15.690+0000] {processor.py:175} INFO - Processing /home/airflow/.local/lib/python3.7/site-packages/airflow/example_dags/example_time_delta_sensor_async.py took 0.462 seconds
[2023-02-10T02:09:46.100+0000] {processor.py:153} INFO - Started process (PID=2115) to work on /home/airflow/.local/lib/python3.7/site-packages/airflow/example_dags/example_time_delta_sensor_async.py
[2023-02-10T02:09:46.106+0000] {processor.py:743} INFO - Processing file /home/airflow/.local/lib/python3.7/site-packages/airflow/example_dags/example_time_delta_sensor_async.py for tasks to queue
[2023-02-10T02:09:46.115+0000] {logging_mixin.py:137} INFO - [2023-02-10T02:09:46.115+0000] {dagbag.py:538} INFO - Filling up the DagBag from /home/airflow/.local/lib/python3.7/site-packages/airflow/example_dags/example_time_delta_sensor_async.py
[2023-02-10T02:09:46.154+0000] {processor.py:753} INFO - DAG(s) dict_keys(['example_time_delta_sensor_async']) retrieved from /home/airflow/.local/lib/python3.7/site-packages/airflow/example_dags/example_time_delta_sensor_async.py
[2023-02-10T02:09:46.263+0000] {logging_mixin.py:137} INFO - [2023-02-10T02:09:46.262+0000] {dag.py:2690} INFO - Sync 1 DAGs
[2023-02-10T02:09:46.469+0000] {logging_mixin.py:137} INFO - [2023-02-10T02:09:46.469+0000] {dag.py:3441} INFO - Setting next_dagrun for example_time_delta_sensor_async to None, run_after=None
[2023-02-10T02:09:46.583+0000] {processor.py:175} INFO - Processing /home/airflow/.local/lib/python3.7/site-packages/airflow/example_dags/example_time_delta_sensor_async.py took 0.497 seconds
[2023-02-10T02:10:30.840+0000] {processor.py:153} INFO - Started process (PID=2179) to work on /home/airflow/.local/lib/python3.7/site-packages/airflow/example_dags/example_time_delta_sensor_async.py
[2023-02-10T02:10:30.857+0000] {processor.py:743} INFO - Processing file /home/airflow/.local/lib/python3.7/site-packages/airflow/example_dags/example_time_delta_sensor_async.py for tasks to queue
[2023-02-10T02:10:30.878+0000] {logging_mixin.py:137} INFO - [2023-02-10T02:10:30.878+0000] {dagbag.py:538} INFO - Filling up the DagBag from /home/airflow/.local/lib/python3.7/site-packages/airflow/example_dags/example_time_delta_sensor_async.py
[2023-02-10T02:10:31.010+0000] {processor.py:753} INFO - DAG(s) dict_keys(['example_time_delta_sensor_async']) retrieved from /home/airflow/.local/lib/python3.7/site-packages/airflow/example_dags/example_time_delta_sensor_async.py
[2023-02-10T02:10:31.271+0000] {logging_mixin.py:137} INFO - [2023-02-10T02:10:31.270+0000] {dag.py:2690} INFO - Sync 1 DAGs
[2023-02-10T02:10:31.531+0000] {logging_mixin.py:137} INFO - [2023-02-10T02:10:31.529+0000] {dag.py:3441} INFO - Setting next_dagrun for example_time_delta_sensor_async to None, run_after=None
[2023-02-10T02:10:31.685+0000] {processor.py:175} INFO - Processing /home/airflow/.local/lib/python3.7/site-packages/airflow/example_dags/example_time_delta_sensor_async.py took 0.876 seconds
[2023-02-10T02:11:01.864+0000] {processor.py:153} INFO - Started process (PID=2231) to work on /home/airflow/.local/lib/python3.7/site-packages/airflow/example_dags/example_time_delta_sensor_async.py
[2023-02-10T02:11:01.869+0000] {processor.py:743} INFO - Processing file /home/airflow/.local/lib/python3.7/site-packages/airflow/example_dags/example_time_delta_sensor_async.py for tasks to queue
[2023-02-10T02:11:01.875+0000] {logging_mixin.py:137} INFO - [2023-02-10T02:11:01.874+0000] {dagbag.py:538} INFO - Filling up the DagBag from /home/airflow/.local/lib/python3.7/site-packages/airflow/example_dags/example_time_delta_sensor_async.py
[2023-02-10T02:11:01.929+0000] {processor.py:753} INFO - DAG(s) dict_keys(['example_time_delta_sensor_async']) retrieved from /home/airflow/.local/lib/python3.7/site-packages/airflow/example_dags/example_time_delta_sensor_async.py
[2023-02-10T02:11:02.033+0000] {logging_mixin.py:137} INFO - [2023-02-10T02:11:02.033+0000] {dag.py:2690} INFO - Sync 1 DAGs
[2023-02-10T02:11:02.152+0000] {logging_mixin.py:137} INFO - [2023-02-10T02:11:02.152+0000] {dag.py:3441} INFO - Setting next_dagrun for example_time_delta_sensor_async to None, run_after=None
[2023-02-10T02:11:02.241+0000] {processor.py:175} INFO - Processing /home/airflow/.local/lib/python3.7/site-packages/airflow/example_dags/example_time_delta_sensor_async.py took 0.410 seconds
[2023-02-10T02:11:32.365+0000] {processor.py:153} INFO - Started process (PID=2288) to work on /home/airflow/.local/lib/python3.7/site-packages/airflow/example_dags/example_time_delta_sensor_async.py
[2023-02-10T02:11:32.372+0000] {processor.py:743} INFO - Processing file /home/airflow/.local/lib/python3.7/site-packages/airflow/example_dags/example_time_delta_sensor_async.py for tasks to queue
[2023-02-10T02:11:32.383+0000] {logging_mixin.py:137} INFO - [2023-02-10T02:11:32.382+0000] {dagbag.py:538} INFO - Filling up the DagBag from /home/airflow/.local/lib/python3.7/site-packages/airflow/example_dags/example_time_delta_sensor_async.py
[2023-02-10T02:11:32.439+0000] {processor.py:753} INFO - DAG(s) dict_keys(['example_time_delta_sensor_async']) retrieved from /home/airflow/.local/lib/python3.7/site-packages/airflow/example_dags/example_time_delta_sensor_async.py
[2023-02-10T02:11:32.575+0000] {logging_mixin.py:137} INFO - [2023-02-10T02:11:32.574+0000] {dag.py:2690} INFO - Sync 1 DAGs
[2023-02-10T02:11:32.699+0000] {logging_mixin.py:137} INFO - [2023-02-10T02:11:32.699+0000] {dag.py:3441} INFO - Setting next_dagrun for example_time_delta_sensor_async to None, run_after=None
[2023-02-10T02:11:32.768+0000] {processor.py:175} INFO - Processing /home/airflow/.local/lib/python3.7/site-packages/airflow/example_dags/example_time_delta_sensor_async.py took 0.418 seconds
[2023-02-10T02:12:03.465+0000] {processor.py:153} INFO - Started process (PID=2348) to work on /home/airflow/.local/lib/python3.7/site-packages/airflow/example_dags/example_time_delta_sensor_async.py
[2023-02-10T02:12:03.481+0000] {processor.py:743} INFO - Processing file /home/airflow/.local/lib/python3.7/site-packages/airflow/example_dags/example_time_delta_sensor_async.py for tasks to queue
[2023-02-10T02:12:03.494+0000] {logging_mixin.py:137} INFO - [2023-02-10T02:12:03.493+0000] {dagbag.py:538} INFO - Filling up the DagBag from /home/airflow/.local/lib/python3.7/site-packages/airflow/example_dags/example_time_delta_sensor_async.py
[2023-02-10T02:12:03.590+0000] {processor.py:753} INFO - DAG(s) dict_keys(['example_time_delta_sensor_async']) retrieved from /home/airflow/.local/lib/python3.7/site-packages/airflow/example_dags/example_time_delta_sensor_async.py
[2023-02-10T02:12:03.714+0000] {logging_mixin.py:137} INFO - [2023-02-10T02:12:03.713+0000] {dag.py:2690} INFO - Sync 1 DAGs
[2023-02-10T02:12:03.802+0000] {logging_mixin.py:137} INFO - [2023-02-10T02:12:03.802+0000] {dag.py:3441} INFO - Setting next_dagrun for example_time_delta_sensor_async to None, run_after=None
[2023-02-10T02:12:03.860+0000] {processor.py:175} INFO - Processing /home/airflow/.local/lib/python3.7/site-packages/airflow/example_dags/example_time_delta_sensor_async.py took 0.454 seconds
[2023-02-10T02:12:36.733+0000] {processor.py:153} INFO - Started process (PID=2406) to work on /home/airflow/.local/lib/python3.7/site-packages/airflow/example_dags/example_time_delta_sensor_async.py
[2023-02-10T02:12:36.751+0000] {processor.py:743} INFO - Processing file /home/airflow/.local/lib/python3.7/site-packages/airflow/example_dags/example_time_delta_sensor_async.py for tasks to queue
[2023-02-10T02:12:36.766+0000] {logging_mixin.py:137} INFO - [2023-02-10T02:12:36.765+0000] {dagbag.py:538} INFO - Filling up the DagBag from /home/airflow/.local/lib/python3.7/site-packages/airflow/example_dags/example_time_delta_sensor_async.py
[2023-02-10T02:12:36.944+0000] {processor.py:753} INFO - DAG(s) dict_keys(['example_time_delta_sensor_async']) retrieved from /home/airflow/.local/lib/python3.7/site-packages/airflow/example_dags/example_time_delta_sensor_async.py
[2023-02-10T02:12:37.217+0000] {logging_mixin.py:137} INFO - [2023-02-10T02:12:37.217+0000] {dag.py:2690} INFO - Sync 1 DAGs
[2023-02-10T02:12:37.372+0000] {logging_mixin.py:137} INFO - [2023-02-10T02:12:37.372+0000] {dag.py:3441} INFO - Setting next_dagrun for example_time_delta_sensor_async to None, run_after=None
[2023-02-10T02:12:37.478+0000] {processor.py:175} INFO - Processing /home/airflow/.local/lib/python3.7/site-packages/airflow/example_dags/example_time_delta_sensor_async.py took 0.783 seconds
[2023-02-10T02:13:07.723+0000] {processor.py:153} INFO - Started process (PID=2466) to work on /home/airflow/.local/lib/python3.7/site-packages/airflow/example_dags/example_time_delta_sensor_async.py
[2023-02-10T02:13:07.727+0000] {processor.py:743} INFO - Processing file /home/airflow/.local/lib/python3.7/site-packages/airflow/example_dags/example_time_delta_sensor_async.py for tasks to queue
[2023-02-10T02:13:07.734+0000] {logging_mixin.py:137} INFO - [2023-02-10T02:13:07.733+0000] {dagbag.py:538} INFO - Filling up the DagBag from /home/airflow/.local/lib/python3.7/site-packages/airflow/example_dags/example_time_delta_sensor_async.py
[2023-02-10T02:13:07.799+0000] {processor.py:753} INFO - DAG(s) dict_keys(['example_time_delta_sensor_async']) retrieved from /home/airflow/.local/lib/python3.7/site-packages/airflow/example_dags/example_time_delta_sensor_async.py
[2023-02-10T02:13:07.974+0000] {logging_mixin.py:137} INFO - [2023-02-10T02:13:07.973+0000] {dag.py:2690} INFO - Sync 1 DAGs
[2023-02-10T02:13:08.172+0000] {logging_mixin.py:137} INFO - [2023-02-10T02:13:08.172+0000] {dag.py:3441} INFO - Setting next_dagrun for example_time_delta_sensor_async to None, run_after=None
[2023-02-10T02:13:08.297+0000] {processor.py:175} INFO - Processing /home/airflow/.local/lib/python3.7/site-packages/airflow/example_dags/example_time_delta_sensor_async.py took 0.586 seconds
[2023-02-10T02:13:39.326+0000] {processor.py:153} INFO - Started process (PID=2515) to work on /home/airflow/.local/lib/python3.7/site-packages/airflow/example_dags/example_time_delta_sensor_async.py
[2023-02-10T02:13:39.331+0000] {processor.py:743} INFO - Processing file /home/airflow/.local/lib/python3.7/site-packages/airflow/example_dags/example_time_delta_sensor_async.py for tasks to queue
[2023-02-10T02:13:39.338+0000] {logging_mixin.py:137} INFO - [2023-02-10T02:13:39.338+0000] {dagbag.py:538} INFO - Filling up the DagBag from /home/airflow/.local/lib/python3.7/site-packages/airflow/example_dags/example_time_delta_sensor_async.py
[2023-02-10T02:13:39.389+0000] {processor.py:753} INFO - DAG(s) dict_keys(['example_time_delta_sensor_async']) retrieved from /home/airflow/.local/lib/python3.7/site-packages/airflow/example_dags/example_time_delta_sensor_async.py
[2023-02-10T02:13:39.586+0000] {logging_mixin.py:137} INFO - [2023-02-10T02:13:39.585+0000] {dag.py:2690} INFO - Sync 1 DAGs
[2023-02-10T02:13:39.781+0000] {logging_mixin.py:137} INFO - [2023-02-10T02:13:39.781+0000] {dag.py:3441} INFO - Setting next_dagrun for example_time_delta_sensor_async to None, run_after=None
[2023-02-10T02:13:39.872+0000] {processor.py:175} INFO - Processing /home/airflow/.local/lib/python3.7/site-packages/airflow/example_dags/example_time_delta_sensor_async.py took 0.558 seconds
[2023-02-10T02:14:11.320+0000] {processor.py:153} INFO - Started process (PID=2571) to work on /home/airflow/.local/lib/python3.7/site-packages/airflow/example_dags/example_time_delta_sensor_async.py
[2023-02-10T02:14:11.340+0000] {processor.py:743} INFO - Processing file /home/airflow/.local/lib/python3.7/site-packages/airflow/example_dags/example_time_delta_sensor_async.py for tasks to queue
[2023-02-10T02:14:11.350+0000] {logging_mixin.py:137} INFO - [2023-02-10T02:14:11.348+0000] {dagbag.py:538} INFO - Filling up the DagBag from /home/airflow/.local/lib/python3.7/site-packages/airflow/example_dags/example_time_delta_sensor_async.py
[2023-02-10T02:14:11.509+0000] {processor.py:753} INFO - DAG(s) dict_keys(['example_time_delta_sensor_async']) retrieved from /home/airflow/.local/lib/python3.7/site-packages/airflow/example_dags/example_time_delta_sensor_async.py
[2023-02-10T02:14:11.746+0000] {logging_mixin.py:137} INFO - [2023-02-10T02:14:11.746+0000] {dag.py:2690} INFO - Sync 1 DAGs
[2023-02-10T02:14:12.279+0000] {logging_mixin.py:137} INFO - [2023-02-10T02:14:12.279+0000] {dag.py:3441} INFO - Setting next_dagrun for example_time_delta_sensor_async to None, run_after=None
[2023-02-10T02:14:12.486+0000] {processor.py:175} INFO - Processing /home/airflow/.local/lib/python3.7/site-packages/airflow/example_dags/example_time_delta_sensor_async.py took 1.202 seconds
[2023-02-10T02:14:43.635+0000] {processor.py:153} INFO - Started process (PID=2620) to work on /home/airflow/.local/lib/python3.7/site-packages/airflow/example_dags/example_time_delta_sensor_async.py
[2023-02-10T02:14:43.649+0000] {processor.py:743} INFO - Processing file /home/airflow/.local/lib/python3.7/site-packages/airflow/example_dags/example_time_delta_sensor_async.py for tasks to queue
[2023-02-10T02:14:43.660+0000] {logging_mixin.py:137} INFO - [2023-02-10T02:14:43.658+0000] {dagbag.py:538} INFO - Filling up the DagBag from /home/airflow/.local/lib/python3.7/site-packages/airflow/example_dags/example_time_delta_sensor_async.py
[2023-02-10T02:14:43.744+0000] {processor.py:753} INFO - DAG(s) dict_keys(['example_time_delta_sensor_async']) retrieved from /home/airflow/.local/lib/python3.7/site-packages/airflow/example_dags/example_time_delta_sensor_async.py
[2023-02-10T02:14:43.917+0000] {logging_mixin.py:137} INFO - [2023-02-10T02:14:43.917+0000] {dag.py:2690} INFO - Sync 1 DAGs
[2023-02-10T02:14:44.115+0000] {logging_mixin.py:137} INFO - [2023-02-10T02:14:44.113+0000] {dag.py:3441} INFO - Setting next_dagrun for example_time_delta_sensor_async to None, run_after=None
[2023-02-10T02:14:44.200+0000] {processor.py:175} INFO - Processing /home/airflow/.local/lib/python3.7/site-packages/airflow/example_dags/example_time_delta_sensor_async.py took 0.580 seconds
[2023-02-10T02:15:16.017+0000] {processor.py:153} INFO - Started process (PID=2678) to work on /home/airflow/.local/lib/python3.7/site-packages/airflow/example_dags/example_time_delta_sensor_async.py
[2023-02-10T02:15:16.025+0000] {processor.py:743} INFO - Processing file /home/airflow/.local/lib/python3.7/site-packages/airflow/example_dags/example_time_delta_sensor_async.py for tasks to queue
[2023-02-10T02:15:16.031+0000] {logging_mixin.py:137} INFO - [2023-02-10T02:15:16.030+0000] {dagbag.py:538} INFO - Filling up the DagBag from /home/airflow/.local/lib/python3.7/site-packages/airflow/example_dags/example_time_delta_sensor_async.py
[2023-02-10T02:15:16.066+0000] {processor.py:753} INFO - DAG(s) dict_keys(['example_time_delta_sensor_async']) retrieved from /home/airflow/.local/lib/python3.7/site-packages/airflow/example_dags/example_time_delta_sensor_async.py
[2023-02-10T02:15:16.186+0000] {logging_mixin.py:137} INFO - [2023-02-10T02:15:16.186+0000] {dag.py:2690} INFO - Sync 1 DAGs
[2023-02-10T02:15:16.298+0000] {logging_mixin.py:137} INFO - [2023-02-10T02:15:16.297+0000] {dag.py:3441} INFO - Setting next_dagrun for example_time_delta_sensor_async to None, run_after=None
[2023-02-10T02:15:16.445+0000] {processor.py:175} INFO - Processing /home/airflow/.local/lib/python3.7/site-packages/airflow/example_dags/example_time_delta_sensor_async.py took 0.445 seconds
[2023-02-10T02:15:47.787+0000] {processor.py:153} INFO - Started process (PID=2733) to work on /home/airflow/.local/lib/python3.7/site-packages/airflow/example_dags/example_time_delta_sensor_async.py
[2023-02-10T02:15:47.807+0000] {processor.py:743} INFO - Processing file /home/airflow/.local/lib/python3.7/site-packages/airflow/example_dags/example_time_delta_sensor_async.py for tasks to queue
[2023-02-10T02:15:47.815+0000] {logging_mixin.py:137} INFO - [2023-02-10T02:15:47.813+0000] {dagbag.py:538} INFO - Filling up the DagBag from /home/airflow/.local/lib/python3.7/site-packages/airflow/example_dags/example_time_delta_sensor_async.py
[2023-02-10T02:15:47.898+0000] {processor.py:753} INFO - DAG(s) dict_keys(['example_time_delta_sensor_async']) retrieved from /home/airflow/.local/lib/python3.7/site-packages/airflow/example_dags/example_time_delta_sensor_async.py
[2023-02-10T02:15:48.119+0000] {logging_mixin.py:137} INFO - [2023-02-10T02:15:48.119+0000] {dag.py:2690} INFO - Sync 1 DAGs
[2023-02-10T02:15:48.350+0000] {logging_mixin.py:137} INFO - [2023-02-10T02:15:48.350+0000] {dag.py:3441} INFO - Setting next_dagrun for example_time_delta_sensor_async to None, run_after=None
[2023-02-10T02:15:48.525+0000] {processor.py:175} INFO - Processing /home/airflow/.local/lib/python3.7/site-packages/airflow/example_dags/example_time_delta_sensor_async.py took 0.757 seconds
[2023-02-10T02:16:18.885+0000] {processor.py:153} INFO - Started process (PID=2783) to work on /home/airflow/.local/lib/python3.7/site-packages/airflow/example_dags/example_time_delta_sensor_async.py
[2023-02-10T02:16:18.889+0000] {processor.py:743} INFO - Processing file /home/airflow/.local/lib/python3.7/site-packages/airflow/example_dags/example_time_delta_sensor_async.py for tasks to queue
[2023-02-10T02:16:18.896+0000] {logging_mixin.py:137} INFO - [2023-02-10T02:16:18.895+0000] {dagbag.py:538} INFO - Filling up the DagBag from /home/airflow/.local/lib/python3.7/site-packages/airflow/example_dags/example_time_delta_sensor_async.py
[2023-02-10T02:16:18.935+0000] {processor.py:753} INFO - DAG(s) dict_keys(['example_time_delta_sensor_async']) retrieved from /home/airflow/.local/lib/python3.7/site-packages/airflow/example_dags/example_time_delta_sensor_async.py
[2023-02-10T02:16:19.002+0000] {logging_mixin.py:137} INFO - [2023-02-10T02:16:19.002+0000] {dag.py:2690} INFO - Sync 1 DAGs
[2023-02-10T02:16:19.059+0000] {logging_mixin.py:137} INFO - [2023-02-10T02:16:19.058+0000] {dag.py:3441} INFO - Setting next_dagrun for example_time_delta_sensor_async to None, run_after=None
[2023-02-10T02:16:19.120+0000] {processor.py:175} INFO - Processing /home/airflow/.local/lib/python3.7/site-packages/airflow/example_dags/example_time_delta_sensor_async.py took 0.246 seconds
[2023-02-10T02:16:49.554+0000] {processor.py:153} INFO - Started process (PID=2841) to work on /home/airflow/.local/lib/python3.7/site-packages/airflow/example_dags/example_time_delta_sensor_async.py
[2023-02-10T02:16:49.573+0000] {processor.py:743} INFO - Processing file /home/airflow/.local/lib/python3.7/site-packages/airflow/example_dags/example_time_delta_sensor_async.py for tasks to queue
[2023-02-10T02:16:49.580+0000] {logging_mixin.py:137} INFO - [2023-02-10T02:16:49.579+0000] {dagbag.py:538} INFO - Filling up the DagBag from /home/airflow/.local/lib/python3.7/site-packages/airflow/example_dags/example_time_delta_sensor_async.py
[2023-02-10T02:16:49.695+0000] {processor.py:753} INFO - DAG(s) dict_keys(['example_time_delta_sensor_async']) retrieved from /home/airflow/.local/lib/python3.7/site-packages/airflow/example_dags/example_time_delta_sensor_async.py
[2023-02-10T02:16:49.836+0000] {logging_mixin.py:137} INFO - [2023-02-10T02:16:49.835+0000] {dag.py:2690} INFO - Sync 1 DAGs
[2023-02-10T02:16:50.039+0000] {logging_mixin.py:137} INFO - [2023-02-10T02:16:50.039+0000] {dag.py:3441} INFO - Setting next_dagrun for example_time_delta_sensor_async to None, run_after=None
[2023-02-10T02:16:50.287+0000] {processor.py:175} INFO - Processing /home/airflow/.local/lib/python3.7/site-packages/airflow/example_dags/example_time_delta_sensor_async.py took 0.756 seconds
[2023-02-10T02:17:21.014+0000] {processor.py:153} INFO - Started process (PID=2898) to work on /home/airflow/.local/lib/python3.7/site-packages/airflow/example_dags/example_time_delta_sensor_async.py
[2023-02-10T02:17:21.028+0000] {processor.py:743} INFO - Processing file /home/airflow/.local/lib/python3.7/site-packages/airflow/example_dags/example_time_delta_sensor_async.py for tasks to queue
[2023-02-10T02:17:21.037+0000] {logging_mixin.py:137} INFO - [2023-02-10T02:17:21.036+0000] {dagbag.py:538} INFO - Filling up the DagBag from /home/airflow/.local/lib/python3.7/site-packages/airflow/example_dags/example_time_delta_sensor_async.py
[2023-02-10T02:17:21.083+0000] {processor.py:753} INFO - DAG(s) dict_keys(['example_time_delta_sensor_async']) retrieved from /home/airflow/.local/lib/python3.7/site-packages/airflow/example_dags/example_time_delta_sensor_async.py
[2023-02-10T02:17:21.157+0000] {logging_mixin.py:137} INFO - [2023-02-10T02:17:21.156+0000] {dag.py:2690} INFO - Sync 1 DAGs
[2023-02-10T02:17:21.234+0000] {logging_mixin.py:137} INFO - [2023-02-10T02:17:21.233+0000] {dag.py:3441} INFO - Setting next_dagrun for example_time_delta_sensor_async to None, run_after=None
[2023-02-10T02:17:21.278+0000] {processor.py:175} INFO - Processing /home/airflow/.local/lib/python3.7/site-packages/airflow/example_dags/example_time_delta_sensor_async.py took 0.298 seconds
[2023-02-10T02:18:02.258+0000] {processor.py:153} INFO - Started process (PID=2951) to work on /home/airflow/.local/lib/python3.7/site-packages/airflow/example_dags/example_time_delta_sensor_async.py
[2023-02-10T02:18:02.272+0000] {processor.py:743} INFO - Processing file /home/airflow/.local/lib/python3.7/site-packages/airflow/example_dags/example_time_delta_sensor_async.py for tasks to queue
[2023-02-10T02:18:02.290+0000] {logging_mixin.py:137} INFO - [2023-02-10T02:18:02.286+0000] {dagbag.py:538} INFO - Filling up the DagBag from /home/airflow/.local/lib/python3.7/site-packages/airflow/example_dags/example_time_delta_sensor_async.py
[2023-02-10T02:18:02.345+0000] {processor.py:753} INFO - DAG(s) dict_keys(['example_time_delta_sensor_async']) retrieved from /home/airflow/.local/lib/python3.7/site-packages/airflow/example_dags/example_time_delta_sensor_async.py
[2023-02-10T02:18:02.406+0000] {logging_mixin.py:137} INFO - [2023-02-10T02:18:02.406+0000] {dag.py:2690} INFO - Sync 1 DAGs
[2023-02-10T02:18:02.618+0000] {logging_mixin.py:137} INFO - [2023-02-10T02:18:02.617+0000] {dag.py:3441} INFO - Setting next_dagrun for example_time_delta_sensor_async to None, run_after=None
[2023-02-10T02:18:02.714+0000] {processor.py:175} INFO - Processing /home/airflow/.local/lib/python3.7/site-packages/airflow/example_dags/example_time_delta_sensor_async.py took 0.480 seconds
[2023-02-10T02:18:33.082+0000] {processor.py:153} INFO - Started process (PID=3001) to work on /home/airflow/.local/lib/python3.7/site-packages/airflow/example_dags/example_time_delta_sensor_async.py
[2023-02-10T02:18:33.088+0000] {processor.py:743} INFO - Processing file /home/airflow/.local/lib/python3.7/site-packages/airflow/example_dags/example_time_delta_sensor_async.py for tasks to queue
[2023-02-10T02:18:33.094+0000] {logging_mixin.py:137} INFO - [2023-02-10T02:18:33.093+0000] {dagbag.py:538} INFO - Filling up the DagBag from /home/airflow/.local/lib/python3.7/site-packages/airflow/example_dags/example_time_delta_sensor_async.py
[2023-02-10T02:18:33.133+0000] {processor.py:753} INFO - DAG(s) dict_keys(['example_time_delta_sensor_async']) retrieved from /home/airflow/.local/lib/python3.7/site-packages/airflow/example_dags/example_time_delta_sensor_async.py
[2023-02-10T02:18:33.195+0000] {logging_mixin.py:137} INFO - [2023-02-10T02:18:33.194+0000] {dag.py:2690} INFO - Sync 1 DAGs
[2023-02-10T02:18:33.251+0000] {logging_mixin.py:137} INFO - [2023-02-10T02:18:33.251+0000] {dag.py:3441} INFO - Setting next_dagrun for example_time_delta_sensor_async to None, run_after=None
[2023-02-10T02:18:33.299+0000] {processor.py:175} INFO - Processing /home/airflow/.local/lib/python3.7/site-packages/airflow/example_dags/example_time_delta_sensor_async.py took 0.226 seconds
[2023-02-10T02:19:21.174+0000] {processor.py:153} INFO - Started process (PID=47) to work on /home/airflow/.local/lib/python3.7/site-packages/airflow/example_dags/example_time_delta_sensor_async.py
[2023-02-10T02:19:21.183+0000] {processor.py:743} INFO - Processing file /home/airflow/.local/lib/python3.7/site-packages/airflow/example_dags/example_time_delta_sensor_async.py for tasks to queue
[2023-02-10T02:19:21.195+0000] {logging_mixin.py:137} INFO - [2023-02-10T02:19:21.193+0000] {dagbag.py:538} INFO - Filling up the DagBag from /home/airflow/.local/lib/python3.7/site-packages/airflow/example_dags/example_time_delta_sensor_async.py
[2023-02-10T02:19:21.409+0000] {processor.py:753} INFO - DAG(s) dict_keys(['example_time_delta_sensor_async']) retrieved from /home/airflow/.local/lib/python3.7/site-packages/airflow/example_dags/example_time_delta_sensor_async.py
[2023-02-10T02:19:21.696+0000] {logging_mixin.py:137} INFO - [2023-02-10T02:19:21.696+0000] {dag.py:2690} INFO - Sync 1 DAGs
[2023-02-10T02:19:22.108+0000] {logging_mixin.py:137} INFO - [2023-02-10T02:19:22.107+0000] {dag.py:3441} INFO - Setting next_dagrun for example_time_delta_sensor_async to None, run_after=None
[2023-02-10T02:19:22.264+0000] {processor.py:175} INFO - Processing /home/airflow/.local/lib/python3.7/site-packages/airflow/example_dags/example_time_delta_sensor_async.py took 1.114 seconds
[2023-02-10T02:19:52.586+0000] {processor.py:153} INFO - Started process (PID=106) to work on /home/airflow/.local/lib/python3.7/site-packages/airflow/example_dags/example_time_delta_sensor_async.py
[2023-02-10T02:19:52.650+0000] {processor.py:743} INFO - Processing file /home/airflow/.local/lib/python3.7/site-packages/airflow/example_dags/example_time_delta_sensor_async.py for tasks to queue
[2023-02-10T02:19:52.675+0000] {logging_mixin.py:137} INFO - [2023-02-10T02:19:52.675+0000] {dagbag.py:538} INFO - Filling up the DagBag from /home/airflow/.local/lib/python3.7/site-packages/airflow/example_dags/example_time_delta_sensor_async.py
[2023-02-10T02:19:52.754+0000] {processor.py:753} INFO - DAG(s) dict_keys(['example_time_delta_sensor_async']) retrieved from /home/airflow/.local/lib/python3.7/site-packages/airflow/example_dags/example_time_delta_sensor_async.py
[2023-02-10T02:19:52.836+0000] {logging_mixin.py:137} INFO - [2023-02-10T02:19:52.836+0000] {dag.py:2690} INFO - Sync 1 DAGs
[2023-02-10T02:19:52.907+0000] {logging_mixin.py:137} INFO - [2023-02-10T02:19:52.907+0000] {dag.py:3441} INFO - Setting next_dagrun for example_time_delta_sensor_async to None, run_after=None
[2023-02-10T02:19:52.967+0000] {processor.py:175} INFO - Processing /home/airflow/.local/lib/python3.7/site-packages/airflow/example_dags/example_time_delta_sensor_async.py took 0.398 seconds
[2023-02-10T02:20:44.542+0000] {processor.py:153} INFO - Started process (PID=171) to work on /home/airflow/.local/lib/python3.7/site-packages/airflow/example_dags/example_time_delta_sensor_async.py
[2023-02-10T02:20:44.576+0000] {processor.py:743} INFO - Processing file /home/airflow/.local/lib/python3.7/site-packages/airflow/example_dags/example_time_delta_sensor_async.py for tasks to queue
[2023-02-10T02:20:44.660+0000] {logging_mixin.py:137} INFO - [2023-02-10T02:20:44.630+0000] {dagbag.py:538} INFO - Filling up the DagBag from /home/airflow/.local/lib/python3.7/site-packages/airflow/example_dags/example_time_delta_sensor_async.py
[2023-02-10T02:20:45.145+0000] {processor.py:753} INFO - DAG(s) dict_keys(['example_time_delta_sensor_async']) retrieved from /home/airflow/.local/lib/python3.7/site-packages/airflow/example_dags/example_time_delta_sensor_async.py
[2023-02-10T02:20:46.039+0000] {logging_mixin.py:137} INFO - [2023-02-10T02:20:46.039+0000] {dag.py:2690} INFO - Sync 1 DAGs
[2023-02-10T02:20:46.704+0000] {logging_mixin.py:137} INFO - [2023-02-10T02:20:46.704+0000] {dag.py:3441} INFO - Setting next_dagrun for example_time_delta_sensor_async to None, run_after=None
[2023-02-10T02:20:47.180+0000] {processor.py:175} INFO - Processing /home/airflow/.local/lib/python3.7/site-packages/airflow/example_dags/example_time_delta_sensor_async.py took 2.780 seconds
[2023-02-10T02:21:35.671+0000] {processor.py:153} INFO - Started process (PID=222) to work on /home/airflow/.local/lib/python3.7/site-packages/airflow/example_dags/example_time_delta_sensor_async.py
[2023-02-10T02:21:35.678+0000] {processor.py:743} INFO - Processing file /home/airflow/.local/lib/python3.7/site-packages/airflow/example_dags/example_time_delta_sensor_async.py for tasks to queue
[2023-02-10T02:21:35.689+0000] {logging_mixin.py:137} INFO - [2023-02-10T02:21:35.687+0000] {dagbag.py:538} INFO - Filling up the DagBag from /home/airflow/.local/lib/python3.7/site-packages/airflow/example_dags/example_time_delta_sensor_async.py
[2023-02-10T02:21:35.765+0000] {processor.py:753} INFO - DAG(s) dict_keys(['example_time_delta_sensor_async']) retrieved from /home/airflow/.local/lib/python3.7/site-packages/airflow/example_dags/example_time_delta_sensor_async.py
[2023-02-10T02:21:35.932+0000] {logging_mixin.py:137} INFO - [2023-02-10T02:21:35.931+0000] {dag.py:2690} INFO - Sync 1 DAGs
[2023-02-10T02:21:36.186+0000] {logging_mixin.py:137} INFO - [2023-02-10T02:21:36.186+0000] {dag.py:3441} INFO - Setting next_dagrun for example_time_delta_sensor_async to None, run_after=None
[2023-02-10T02:21:36.365+0000] {processor.py:175} INFO - Processing /home/airflow/.local/lib/python3.7/site-packages/airflow/example_dags/example_time_delta_sensor_async.py took 0.689 seconds
[2023-02-10T02:22:11.451+0000] {processor.py:153} INFO - Started process (PID=279) to work on /home/airflow/.local/lib/python3.7/site-packages/airflow/example_dags/example_time_delta_sensor_async.py
[2023-02-10T02:22:11.478+0000] {processor.py:743} INFO - Processing file /home/airflow/.local/lib/python3.7/site-packages/airflow/example_dags/example_time_delta_sensor_async.py for tasks to queue
[2023-02-10T02:22:11.489+0000] {logging_mixin.py:137} INFO - [2023-02-10T02:22:11.486+0000] {dagbag.py:538} INFO - Filling up the DagBag from /home/airflow/.local/lib/python3.7/site-packages/airflow/example_dags/example_time_delta_sensor_async.py
[2023-02-10T02:22:11.680+0000] {processor.py:753} INFO - DAG(s) dict_keys(['example_time_delta_sensor_async']) retrieved from /home/airflow/.local/lib/python3.7/site-packages/airflow/example_dags/example_time_delta_sensor_async.py
[2023-02-10T02:22:11.928+0000] {logging_mixin.py:137} INFO - [2023-02-10T02:22:11.923+0000] {dag.py:2690} INFO - Sync 1 DAGs
[2023-02-10T02:22:12.341+0000] {logging_mixin.py:137} INFO - [2023-02-10T02:22:12.341+0000] {dag.py:3441} INFO - Setting next_dagrun for example_time_delta_sensor_async to None, run_after=None
[2023-02-10T02:22:12.545+0000] {processor.py:175} INFO - Processing /home/airflow/.local/lib/python3.7/site-packages/airflow/example_dags/example_time_delta_sensor_async.py took 1.150 seconds
[2023-02-10T02:22:57.655+0000] {processor.py:153} INFO - Started process (PID=338) to work on /home/airflow/.local/lib/python3.7/site-packages/airflow/example_dags/example_time_delta_sensor_async.py
[2023-02-10T02:22:57.676+0000] {processor.py:743} INFO - Processing file /home/airflow/.local/lib/python3.7/site-packages/airflow/example_dags/example_time_delta_sensor_async.py for tasks to queue
[2023-02-10T02:22:57.713+0000] {logging_mixin.py:137} INFO - [2023-02-10T02:22:57.712+0000] {dagbag.py:538} INFO - Filling up the DagBag from /home/airflow/.local/lib/python3.7/site-packages/airflow/example_dags/example_time_delta_sensor_async.py
[2023-02-10T02:22:58.057+0000] {processor.py:753} INFO - DAG(s) dict_keys(['example_time_delta_sensor_async']) retrieved from /home/airflow/.local/lib/python3.7/site-packages/airflow/example_dags/example_time_delta_sensor_async.py
[2023-02-10T02:22:58.763+0000] {logging_mixin.py:137} INFO - [2023-02-10T02:22:58.762+0000] {dag.py:2690} INFO - Sync 1 DAGs
[2023-02-10T02:22:59.758+0000] {logging_mixin.py:137} INFO - [2023-02-10T02:22:59.758+0000] {dag.py:3441} INFO - Setting next_dagrun for example_time_delta_sensor_async to None, run_after=None
[2023-02-10T02:23:00.862+0000] {processor.py:175} INFO - Processing /home/airflow/.local/lib/python3.7/site-packages/airflow/example_dags/example_time_delta_sensor_async.py took 3.245 seconds
[2023-02-10T02:23:31.912+0000] {processor.py:153} INFO - Started process (PID=395) to work on /home/airflow/.local/lib/python3.7/site-packages/airflow/example_dags/example_time_delta_sensor_async.py
[2023-02-10T02:23:31.918+0000] {processor.py:743} INFO - Processing file /home/airflow/.local/lib/python3.7/site-packages/airflow/example_dags/example_time_delta_sensor_async.py for tasks to queue
[2023-02-10T02:23:31.950+0000] {logging_mixin.py:137} INFO - [2023-02-10T02:23:31.950+0000] {dagbag.py:538} INFO - Filling up the DagBag from /home/airflow/.local/lib/python3.7/site-packages/airflow/example_dags/example_time_delta_sensor_async.py
[2023-02-10T02:23:32.041+0000] {processor.py:753} INFO - DAG(s) dict_keys(['example_time_delta_sensor_async']) retrieved from /home/airflow/.local/lib/python3.7/site-packages/airflow/example_dags/example_time_delta_sensor_async.py
[2023-02-10T02:23:32.281+0000] {logging_mixin.py:137} INFO - [2023-02-10T02:23:32.280+0000] {dag.py:2690} INFO - Sync 1 DAGs
[2023-02-10T02:23:32.407+0000] {logging_mixin.py:137} INFO - [2023-02-10T02:23:32.407+0000] {dag.py:3441} INFO - Setting next_dagrun for example_time_delta_sensor_async to None, run_after=None
[2023-02-10T02:23:32.519+0000] {processor.py:175} INFO - Processing /home/airflow/.local/lib/python3.7/site-packages/airflow/example_dags/example_time_delta_sensor_async.py took 0.635 seconds
[2023-02-10T02:24:03.541+0000] {processor.py:153} INFO - Started process (PID=451) to work on /home/airflow/.local/lib/python3.7/site-packages/airflow/example_dags/example_time_delta_sensor_async.py
[2023-02-10T02:24:03.545+0000] {processor.py:743} INFO - Processing file /home/airflow/.local/lib/python3.7/site-packages/airflow/example_dags/example_time_delta_sensor_async.py for tasks to queue
[2023-02-10T02:24:03.550+0000] {logging_mixin.py:137} INFO - [2023-02-10T02:24:03.550+0000] {dagbag.py:538} INFO - Filling up the DagBag from /home/airflow/.local/lib/python3.7/site-packages/airflow/example_dags/example_time_delta_sensor_async.py
[2023-02-10T02:24:03.677+0000] {processor.py:753} INFO - DAG(s) dict_keys(['example_time_delta_sensor_async']) retrieved from /home/airflow/.local/lib/python3.7/site-packages/airflow/example_dags/example_time_delta_sensor_async.py
[2023-02-10T02:24:03.837+0000] {logging_mixin.py:137} INFO - [2023-02-10T02:24:03.837+0000] {dag.py:2690} INFO - Sync 1 DAGs
[2023-02-10T02:24:03.977+0000] {logging_mixin.py:137} INFO - [2023-02-10T02:24:03.976+0000] {dag.py:3441} INFO - Setting next_dagrun for example_time_delta_sensor_async to None, run_after=None
[2023-02-10T02:24:04.066+0000] {processor.py:175} INFO - Processing /home/airflow/.local/lib/python3.7/site-packages/airflow/example_dags/example_time_delta_sensor_async.py took 0.553 seconds
[2023-02-10T02:24:37.121+0000] {processor.py:153} INFO - Started process (PID=503) to work on /home/airflow/.local/lib/python3.7/site-packages/airflow/example_dags/example_time_delta_sensor_async.py
[2023-02-10T02:24:37.132+0000] {processor.py:743} INFO - Processing file /home/airflow/.local/lib/python3.7/site-packages/airflow/example_dags/example_time_delta_sensor_async.py for tasks to queue
[2023-02-10T02:24:37.149+0000] {logging_mixin.py:137} INFO - [2023-02-10T02:24:37.147+0000] {dagbag.py:538} INFO - Filling up the DagBag from /home/airflow/.local/lib/python3.7/site-packages/airflow/example_dags/example_time_delta_sensor_async.py
[2023-02-10T02:24:37.280+0000] {processor.py:753} INFO - DAG(s) dict_keys(['example_time_delta_sensor_async']) retrieved from /home/airflow/.local/lib/python3.7/site-packages/airflow/example_dags/example_time_delta_sensor_async.py
[2023-02-10T02:24:37.514+0000] {logging_mixin.py:137} INFO - [2023-02-10T02:24:37.513+0000] {dag.py:2690} INFO - Sync 1 DAGs
[2023-02-10T02:24:37.943+0000] {logging_mixin.py:137} INFO - [2023-02-10T02:24:37.943+0000] {dag.py:3441} INFO - Setting next_dagrun for example_time_delta_sensor_async to None, run_after=None
[2023-02-10T02:24:38.160+0000] {processor.py:175} INFO - Processing /home/airflow/.local/lib/python3.7/site-packages/airflow/example_dags/example_time_delta_sensor_async.py took 1.105 seconds
[2023-02-10T02:25:09.291+0000] {processor.py:153} INFO - Started process (PID=561) to work on /home/airflow/.local/lib/python3.7/site-packages/airflow/example_dags/example_time_delta_sensor_async.py
[2023-02-10T02:25:09.308+0000] {processor.py:743} INFO - Processing file /home/airflow/.local/lib/python3.7/site-packages/airflow/example_dags/example_time_delta_sensor_async.py for tasks to queue
[2023-02-10T02:25:09.345+0000] {logging_mixin.py:137} INFO - [2023-02-10T02:25:09.326+0000] {dagbag.py:538} INFO - Filling up the DagBag from /home/airflow/.local/lib/python3.7/site-packages/airflow/example_dags/example_time_delta_sensor_async.py
[2023-02-10T02:25:09.559+0000] {processor.py:753} INFO - DAG(s) dict_keys(['example_time_delta_sensor_async']) retrieved from /home/airflow/.local/lib/python3.7/site-packages/airflow/example_dags/example_time_delta_sensor_async.py
[2023-02-10T02:25:09.936+0000] {logging_mixin.py:137} INFO - [2023-02-10T02:25:09.935+0000] {dag.py:2690} INFO - Sync 1 DAGs
[2023-02-10T02:25:10.478+0000] {logging_mixin.py:137} INFO - [2023-02-10T02:25:10.426+0000] {dag.py:3441} INFO - Setting next_dagrun for example_time_delta_sensor_async to None, run_after=None
[2023-02-10T02:25:10.715+0000] {processor.py:175} INFO - Processing /home/airflow/.local/lib/python3.7/site-packages/airflow/example_dags/example_time_delta_sensor_async.py took 1.476 seconds
[2023-02-10T02:25:43.156+0000] {processor.py:153} INFO - Started process (PID=619) to work on /home/airflow/.local/lib/python3.7/site-packages/airflow/example_dags/example_time_delta_sensor_async.py
[2023-02-10T02:25:43.162+0000] {processor.py:743} INFO - Processing file /home/airflow/.local/lib/python3.7/site-packages/airflow/example_dags/example_time_delta_sensor_async.py for tasks to queue
[2023-02-10T02:25:43.166+0000] {logging_mixin.py:137} INFO - [2023-02-10T02:25:43.166+0000] {dagbag.py:538} INFO - Filling up the DagBag from /home/airflow/.local/lib/python3.7/site-packages/airflow/example_dags/example_time_delta_sensor_async.py
[2023-02-10T02:25:43.230+0000] {processor.py:753} INFO - DAG(s) dict_keys(['example_time_delta_sensor_async']) retrieved from /home/airflow/.local/lib/python3.7/site-packages/airflow/example_dags/example_time_delta_sensor_async.py
[2023-02-10T02:25:43.434+0000] {logging_mixin.py:137} INFO - [2023-02-10T02:25:43.433+0000] {dag.py:2690} INFO - Sync 1 DAGs
[2023-02-10T02:25:43.760+0000] {logging_mixin.py:137} INFO - [2023-02-10T02:25:43.760+0000] {dag.py:3441} INFO - Setting next_dagrun for example_time_delta_sensor_async to None, run_after=None
[2023-02-10T02:25:43.860+0000] {processor.py:175} INFO - Processing /home/airflow/.local/lib/python3.7/site-packages/airflow/example_dags/example_time_delta_sensor_async.py took 0.750 seconds
[2023-02-10T02:26:14.711+0000] {processor.py:153} INFO - Started process (PID=670) to work on /home/airflow/.local/lib/python3.7/site-packages/airflow/example_dags/example_time_delta_sensor_async.py
[2023-02-10T02:26:14.716+0000] {processor.py:743} INFO - Processing file /home/airflow/.local/lib/python3.7/site-packages/airflow/example_dags/example_time_delta_sensor_async.py for tasks to queue
[2023-02-10T02:26:14.720+0000] {logging_mixin.py:137} INFO - [2023-02-10T02:26:14.720+0000] {dagbag.py:538} INFO - Filling up the DagBag from /home/airflow/.local/lib/python3.7/site-packages/airflow/example_dags/example_time_delta_sensor_async.py
[2023-02-10T02:26:14.765+0000] {processor.py:753} INFO - DAG(s) dict_keys(['example_time_delta_sensor_async']) retrieved from /home/airflow/.local/lib/python3.7/site-packages/airflow/example_dags/example_time_delta_sensor_async.py
[2023-02-10T02:26:14.864+0000] {logging_mixin.py:137} INFO - [2023-02-10T02:26:14.864+0000] {dag.py:2690} INFO - Sync 1 DAGs
[2023-02-10T02:26:15.098+0000] {logging_mixin.py:137} INFO - [2023-02-10T02:26:15.098+0000] {dag.py:3441} INFO - Setting next_dagrun for example_time_delta_sensor_async to None, run_after=None
[2023-02-10T02:26:15.442+0000] {processor.py:175} INFO - Processing /home/airflow/.local/lib/python3.7/site-packages/airflow/example_dags/example_time_delta_sensor_async.py took 0.761 seconds
[2023-02-10T02:26:45.906+0000] {processor.py:153} INFO - Started process (PID=728) to work on /home/airflow/.local/lib/python3.7/site-packages/airflow/example_dags/example_time_delta_sensor_async.py
[2023-02-10T02:26:45.911+0000] {processor.py:743} INFO - Processing file /home/airflow/.local/lib/python3.7/site-packages/airflow/example_dags/example_time_delta_sensor_async.py for tasks to queue
[2023-02-10T02:26:45.921+0000] {logging_mixin.py:137} INFO - [2023-02-10T02:26:45.921+0000] {dagbag.py:538} INFO - Filling up the DagBag from /home/airflow/.local/lib/python3.7/site-packages/airflow/example_dags/example_time_delta_sensor_async.py
[2023-02-10T02:26:45.992+0000] {processor.py:753} INFO - DAG(s) dict_keys(['example_time_delta_sensor_async']) retrieved from /home/airflow/.local/lib/python3.7/site-packages/airflow/example_dags/example_time_delta_sensor_async.py
[2023-02-10T02:26:46.161+0000] {logging_mixin.py:137} INFO - [2023-02-10T02:26:46.160+0000] {dag.py:2690} INFO - Sync 1 DAGs
[2023-02-10T02:26:46.237+0000] {logging_mixin.py:137} INFO - [2023-02-10T02:26:46.237+0000] {dag.py:3441} INFO - Setting next_dagrun for example_time_delta_sensor_async to None, run_after=None
[2023-02-10T02:26:46.286+0000] {processor.py:175} INFO - Processing /home/airflow/.local/lib/python3.7/site-packages/airflow/example_dags/example_time_delta_sensor_async.py took 0.400 seconds
[2023-02-10T02:27:18.560+0000] {processor.py:153} INFO - Started process (PID=776) to work on /home/airflow/.local/lib/python3.7/site-packages/airflow/example_dags/example_time_delta_sensor_async.py
[2023-02-10T02:27:18.570+0000] {processor.py:743} INFO - Processing file /home/airflow/.local/lib/python3.7/site-packages/airflow/example_dags/example_time_delta_sensor_async.py for tasks to queue
[2023-02-10T02:27:18.588+0000] {logging_mixin.py:137} INFO - [2023-02-10T02:27:18.578+0000] {dagbag.py:538} INFO - Filling up the DagBag from /home/airflow/.local/lib/python3.7/site-packages/airflow/example_dags/example_time_delta_sensor_async.py
[2023-02-10T02:27:18.712+0000] {processor.py:753} INFO - DAG(s) dict_keys(['example_time_delta_sensor_async']) retrieved from /home/airflow/.local/lib/python3.7/site-packages/airflow/example_dags/example_time_delta_sensor_async.py
[2023-02-10T02:27:18.895+0000] {logging_mixin.py:137} INFO - [2023-02-10T02:27:18.895+0000] {dag.py:2690} INFO - Sync 1 DAGs
[2023-02-10T02:27:19.041+0000] {logging_mixin.py:137} INFO - [2023-02-10T02:27:19.040+0000] {dag.py:3441} INFO - Setting next_dagrun for example_time_delta_sensor_async to None, run_after=None
[2023-02-10T02:27:19.200+0000] {processor.py:175} INFO - Processing /home/airflow/.local/lib/python3.7/site-packages/airflow/example_dags/example_time_delta_sensor_async.py took 0.666 seconds
[2023-02-10T02:27:50.786+0000] {processor.py:153} INFO - Started process (PID=835) to work on /home/airflow/.local/lib/python3.7/site-packages/airflow/example_dags/example_time_delta_sensor_async.py
[2023-02-10T02:27:50.807+0000] {processor.py:743} INFO - Processing file /home/airflow/.local/lib/python3.7/site-packages/airflow/example_dags/example_time_delta_sensor_async.py for tasks to queue
[2023-02-10T02:27:50.838+0000] {logging_mixin.py:137} INFO - [2023-02-10T02:27:50.837+0000] {dagbag.py:538} INFO - Filling up the DagBag from /home/airflow/.local/lib/python3.7/site-packages/airflow/example_dags/example_time_delta_sensor_async.py
[2023-02-10T02:27:51.052+0000] {processor.py:753} INFO - DAG(s) dict_keys(['example_time_delta_sensor_async']) retrieved from /home/airflow/.local/lib/python3.7/site-packages/airflow/example_dags/example_time_delta_sensor_async.py
[2023-02-10T02:27:51.460+0000] {logging_mixin.py:137} INFO - [2023-02-10T02:27:51.457+0000] {dag.py:2690} INFO - Sync 1 DAGs
[2023-02-10T02:27:51.818+0000] {logging_mixin.py:137} INFO - [2023-02-10T02:27:51.817+0000] {dag.py:3441} INFO - Setting next_dagrun for example_time_delta_sensor_async to None, run_after=None
[2023-02-10T02:27:52.338+0000] {processor.py:175} INFO - Processing /home/airflow/.local/lib/python3.7/site-packages/airflow/example_dags/example_time_delta_sensor_async.py took 1.625 seconds
[2023-02-10T02:28:29.134+0000] {processor.py:153} INFO - Started process (PID=892) to work on /home/airflow/.local/lib/python3.7/site-packages/airflow/example_dags/example_time_delta_sensor_async.py
[2023-02-10T02:28:29.155+0000] {processor.py:743} INFO - Processing file /home/airflow/.local/lib/python3.7/site-packages/airflow/example_dags/example_time_delta_sensor_async.py for tasks to queue
[2023-02-10T02:28:29.167+0000] {logging_mixin.py:137} INFO - [2023-02-10T02:28:29.166+0000] {dagbag.py:538} INFO - Filling up the DagBag from /home/airflow/.local/lib/python3.7/site-packages/airflow/example_dags/example_time_delta_sensor_async.py
[2023-02-10T02:28:29.337+0000] {processor.py:753} INFO - DAG(s) dict_keys(['example_time_delta_sensor_async']) retrieved from /home/airflow/.local/lib/python3.7/site-packages/airflow/example_dags/example_time_delta_sensor_async.py
[2023-02-10T02:28:29.689+0000] {logging_mixin.py:137} INFO - [2023-02-10T02:28:29.689+0000] {dag.py:2690} INFO - Sync 1 DAGs
[2023-02-10T02:28:30.065+0000] {logging_mixin.py:137} INFO - [2023-02-10T02:28:30.065+0000] {dag.py:3441} INFO - Setting next_dagrun for example_time_delta_sensor_async to None, run_after=None
[2023-02-10T02:28:30.417+0000] {processor.py:175} INFO - Processing /home/airflow/.local/lib/python3.7/site-packages/airflow/example_dags/example_time_delta_sensor_async.py took 1.331 seconds
[2023-02-10T02:29:02.264+0000] {processor.py:153} INFO - Started process (PID=948) to work on /home/airflow/.local/lib/python3.7/site-packages/airflow/example_dags/example_time_delta_sensor_async.py
[2023-02-10T02:29:02.273+0000] {processor.py:743} INFO - Processing file /home/airflow/.local/lib/python3.7/site-packages/airflow/example_dags/example_time_delta_sensor_async.py for tasks to queue
[2023-02-10T02:29:02.288+0000] {logging_mixin.py:137} INFO - [2023-02-10T02:29:02.283+0000] {dagbag.py:538} INFO - Filling up the DagBag from /home/airflow/.local/lib/python3.7/site-packages/airflow/example_dags/example_time_delta_sensor_async.py
[2023-02-10T02:29:02.425+0000] {processor.py:753} INFO - DAG(s) dict_keys(['example_time_delta_sensor_async']) retrieved from /home/airflow/.local/lib/python3.7/site-packages/airflow/example_dags/example_time_delta_sensor_async.py
[2023-02-10T02:29:02.634+0000] {logging_mixin.py:137} INFO - [2023-02-10T02:29:02.632+0000] {dag.py:2690} INFO - Sync 1 DAGs
[2023-02-10T02:29:02.830+0000] {logging_mixin.py:137} INFO - [2023-02-10T02:29:02.829+0000] {dag.py:3441} INFO - Setting next_dagrun for example_time_delta_sensor_async to None, run_after=None
[2023-02-10T02:29:02.955+0000] {processor.py:175} INFO - Processing /home/airflow/.local/lib/python3.7/site-packages/airflow/example_dags/example_time_delta_sensor_async.py took 0.718 seconds
