[2023-02-10T01:52:16.707+0000] {processor.py:153} INFO - Started process (PID=338) to work on /home/airflow/.local/lib/python3.7/site-packages/airflow/example_dags/example_nested_branch_dag.py
[2023-02-10T01:52:16.716+0000] {processor.py:743} INFO - Processing file /home/airflow/.local/lib/python3.7/site-packages/airflow/example_dags/example_nested_branch_dag.py for tasks to queue
[2023-02-10T01:52:16.736+0000] {logging_mixin.py:137} INFO - [2023-02-10T01:52:16.735+0000] {dagbag.py:538} INFO - Filling up the DagBag from /home/airflow/.local/lib/python3.7/site-packages/airflow/example_dags/example_nested_branch_dag.py
[2023-02-10T01:52:17.060+0000] {processor.py:753} INFO - DAG(s) dict_keys(['example_nested_branch_dag']) retrieved from /home/airflow/.local/lib/python3.7/site-packages/airflow/example_dags/example_nested_branch_dag.py
[2023-02-10T01:52:17.384+0000] {logging_mixin.py:137} INFO - [2023-02-10T01:52:17.384+0000] {dag.py:2690} INFO - Sync 1 DAGs
[2023-02-10T01:52:17.871+0000] {logging_mixin.py:137} INFO - [2023-02-10T01:52:17.863+0000] {dag.py:3441} INFO - Setting next_dagrun for example_nested_branch_dag to 2023-02-09T00:00:00+00:00, run_after=2023-02-10T00:00:00+00:00
[2023-02-10T01:52:18.024+0000] {processor.py:175} INFO - Processing /home/airflow/.local/lib/python3.7/site-packages/airflow/example_dags/example_nested_branch_dag.py took 1.361 seconds
[2023-02-10T01:52:48.527+0000] {processor.py:153} INFO - Started process (PID=396) to work on /home/airflow/.local/lib/python3.7/site-packages/airflow/example_dags/example_nested_branch_dag.py
[2023-02-10T01:52:48.544+0000] {processor.py:743} INFO - Processing file /home/airflow/.local/lib/python3.7/site-packages/airflow/example_dags/example_nested_branch_dag.py for tasks to queue
[2023-02-10T01:52:48.555+0000] {logging_mixin.py:137} INFO - [2023-02-10T01:52:48.555+0000] {dagbag.py:538} INFO - Filling up the DagBag from /home/airflow/.local/lib/python3.7/site-packages/airflow/example_dags/example_nested_branch_dag.py
[2023-02-10T01:52:48.925+0000] {processor.py:753} INFO - DAG(s) dict_keys(['example_nested_branch_dag']) retrieved from /home/airflow/.local/lib/python3.7/site-packages/airflow/example_dags/example_nested_branch_dag.py
[2023-02-10T01:52:49.238+0000] {logging_mixin.py:137} INFO - [2023-02-10T01:52:49.238+0000] {dag.py:2690} INFO - Sync 1 DAGs
[2023-02-10T01:52:49.534+0000] {logging_mixin.py:137} INFO - [2023-02-10T01:52:49.534+0000] {dag.py:3441} INFO - Setting next_dagrun for example_nested_branch_dag to 2023-02-09T00:00:00+00:00, run_after=2023-02-10T00:00:00+00:00
[2023-02-10T01:52:49.702+0000] {processor.py:175} INFO - Processing /home/airflow/.local/lib/python3.7/site-packages/airflow/example_dags/example_nested_branch_dag.py took 1.235 seconds
[2023-02-10T01:53:19.852+0000] {processor.py:153} INFO - Started process (PID=445) to work on /home/airflow/.local/lib/python3.7/site-packages/airflow/example_dags/example_nested_branch_dag.py
[2023-02-10T01:53:19.857+0000] {processor.py:743} INFO - Processing file /home/airflow/.local/lib/python3.7/site-packages/airflow/example_dags/example_nested_branch_dag.py for tasks to queue
[2023-02-10T01:53:19.863+0000] {logging_mixin.py:137} INFO - [2023-02-10T01:53:19.862+0000] {dagbag.py:538} INFO - Filling up the DagBag from /home/airflow/.local/lib/python3.7/site-packages/airflow/example_dags/example_nested_branch_dag.py
[2023-02-10T01:53:19.919+0000] {processor.py:753} INFO - DAG(s) dict_keys(['example_nested_branch_dag']) retrieved from /home/airflow/.local/lib/python3.7/site-packages/airflow/example_dags/example_nested_branch_dag.py
[2023-02-10T01:53:19.973+0000] {logging_mixin.py:137} INFO - [2023-02-10T01:53:19.973+0000] {dag.py:2690} INFO - Sync 1 DAGs
[2023-02-10T01:53:20.042+0000] {logging_mixin.py:137} INFO - [2023-02-10T01:53:20.042+0000] {dag.py:3441} INFO - Setting next_dagrun for example_nested_branch_dag to 2023-02-09T00:00:00+00:00, run_after=2023-02-10T00:00:00+00:00
[2023-02-10T01:53:20.085+0000] {processor.py:175} INFO - Processing /home/airflow/.local/lib/python3.7/site-packages/airflow/example_dags/example_nested_branch_dag.py took 0.247 seconds
[2023-02-10T01:53:51.716+0000] {processor.py:153} INFO - Started process (PID=504) to work on /home/airflow/.local/lib/python3.7/site-packages/airflow/example_dags/example_nested_branch_dag.py
[2023-02-10T01:53:51.721+0000] {processor.py:743} INFO - Processing file /home/airflow/.local/lib/python3.7/site-packages/airflow/example_dags/example_nested_branch_dag.py for tasks to queue
[2023-02-10T01:53:51.728+0000] {logging_mixin.py:137} INFO - [2023-02-10T01:53:51.728+0000] {dagbag.py:538} INFO - Filling up the DagBag from /home/airflow/.local/lib/python3.7/site-packages/airflow/example_dags/example_nested_branch_dag.py
[2023-02-10T01:53:51.891+0000] {processor.py:753} INFO - DAG(s) dict_keys(['example_nested_branch_dag']) retrieved from /home/airflow/.local/lib/python3.7/site-packages/airflow/example_dags/example_nested_branch_dag.py
[2023-02-10T01:53:52.047+0000] {logging_mixin.py:137} INFO - [2023-02-10T01:53:52.047+0000] {dag.py:2690} INFO - Sync 1 DAGs
[2023-02-10T01:53:52.192+0000] {logging_mixin.py:137} INFO - [2023-02-10T01:53:52.192+0000] {dag.py:3441} INFO - Setting next_dagrun for example_nested_branch_dag to 2023-02-09T00:00:00+00:00, run_after=2023-02-10T00:00:00+00:00
[2023-02-10T01:53:52.279+0000] {processor.py:175} INFO - Processing /home/airflow/.local/lib/python3.7/site-packages/airflow/example_dags/example_nested_branch_dag.py took 0.590 seconds
[2023-02-10T01:54:23.096+0000] {processor.py:153} INFO - Started process (PID=561) to work on /home/airflow/.local/lib/python3.7/site-packages/airflow/example_dags/example_nested_branch_dag.py
[2023-02-10T01:54:23.104+0000] {processor.py:743} INFO - Processing file /home/airflow/.local/lib/python3.7/site-packages/airflow/example_dags/example_nested_branch_dag.py for tasks to queue
[2023-02-10T01:54:23.118+0000] {logging_mixin.py:137} INFO - [2023-02-10T01:54:23.113+0000] {dagbag.py:538} INFO - Filling up the DagBag from /home/airflow/.local/lib/python3.7/site-packages/airflow/example_dags/example_nested_branch_dag.py
[2023-02-10T01:54:23.305+0000] {processor.py:753} INFO - DAG(s) dict_keys(['example_nested_branch_dag']) retrieved from /home/airflow/.local/lib/python3.7/site-packages/airflow/example_dags/example_nested_branch_dag.py
[2023-02-10T01:54:23.450+0000] {logging_mixin.py:137} INFO - [2023-02-10T01:54:23.448+0000] {dag.py:2690} INFO - Sync 1 DAGs
[2023-02-10T01:54:23.735+0000] {logging_mixin.py:137} INFO - [2023-02-10T01:54:23.732+0000] {dag.py:3441} INFO - Setting next_dagrun for example_nested_branch_dag to 2023-02-09T00:00:00+00:00, run_after=2023-02-10T00:00:00+00:00
[2023-02-10T01:54:23.902+0000] {processor.py:175} INFO - Processing /home/airflow/.local/lib/python3.7/site-packages/airflow/example_dags/example_nested_branch_dag.py took 0.840 seconds
[2023-02-10T01:54:54.521+0000] {processor.py:153} INFO - Started process (PID=613) to work on /home/airflow/.local/lib/python3.7/site-packages/airflow/example_dags/example_nested_branch_dag.py
[2023-02-10T01:54:54.525+0000] {processor.py:743} INFO - Processing file /home/airflow/.local/lib/python3.7/site-packages/airflow/example_dags/example_nested_branch_dag.py for tasks to queue
[2023-02-10T01:54:54.532+0000] {logging_mixin.py:137} INFO - [2023-02-10T01:54:54.531+0000] {dagbag.py:538} INFO - Filling up the DagBag from /home/airflow/.local/lib/python3.7/site-packages/airflow/example_dags/example_nested_branch_dag.py
[2023-02-10T01:54:54.612+0000] {processor.py:753} INFO - DAG(s) dict_keys(['example_nested_branch_dag']) retrieved from /home/airflow/.local/lib/python3.7/site-packages/airflow/example_dags/example_nested_branch_dag.py
[2023-02-10T01:54:54.667+0000] {logging_mixin.py:137} INFO - [2023-02-10T01:54:54.667+0000] {dag.py:2690} INFO - Sync 1 DAGs
[2023-02-10T01:54:54.727+0000] {logging_mixin.py:137} INFO - [2023-02-10T01:54:54.727+0000] {dag.py:3441} INFO - Setting next_dagrun for example_nested_branch_dag to 2023-02-09T00:00:00+00:00, run_after=2023-02-10T00:00:00+00:00
[2023-02-10T01:54:54.764+0000] {processor.py:175} INFO - Processing /home/airflow/.local/lib/python3.7/site-packages/airflow/example_dags/example_nested_branch_dag.py took 0.252 seconds
[2023-02-10T01:55:25.388+0000] {processor.py:153} INFO - Started process (PID=669) to work on /home/airflow/.local/lib/python3.7/site-packages/airflow/example_dags/example_nested_branch_dag.py
[2023-02-10T01:55:25.396+0000] {processor.py:743} INFO - Processing file /home/airflow/.local/lib/python3.7/site-packages/airflow/example_dags/example_nested_branch_dag.py for tasks to queue
[2023-02-10T01:55:25.409+0000] {logging_mixin.py:137} INFO - [2023-02-10T01:55:25.409+0000] {dagbag.py:538} INFO - Filling up the DagBag from /home/airflow/.local/lib/python3.7/site-packages/airflow/example_dags/example_nested_branch_dag.py
[2023-02-10T01:55:25.516+0000] {processor.py:753} INFO - DAG(s) dict_keys(['example_nested_branch_dag']) retrieved from /home/airflow/.local/lib/python3.7/site-packages/airflow/example_dags/example_nested_branch_dag.py
[2023-02-10T01:55:25.728+0000] {logging_mixin.py:137} INFO - [2023-02-10T01:55:25.727+0000] {dag.py:2690} INFO - Sync 1 DAGs
[2023-02-10T01:55:25.985+0000] {logging_mixin.py:137} INFO - [2023-02-10T01:55:25.985+0000] {dag.py:3441} INFO - Setting next_dagrun for example_nested_branch_dag to 2023-02-09T00:00:00+00:00, run_after=2023-02-10T00:00:00+00:00
[2023-02-10T01:55:26.087+0000] {processor.py:175} INFO - Processing /home/airflow/.local/lib/python3.7/site-packages/airflow/example_dags/example_nested_branch_dag.py took 0.710 seconds
[2023-02-10T01:55:56.226+0000] {processor.py:153} INFO - Started process (PID=727) to work on /home/airflow/.local/lib/python3.7/site-packages/airflow/example_dags/example_nested_branch_dag.py
[2023-02-10T01:55:56.230+0000] {processor.py:743} INFO - Processing file /home/airflow/.local/lib/python3.7/site-packages/airflow/example_dags/example_nested_branch_dag.py for tasks to queue
[2023-02-10T01:55:56.236+0000] {logging_mixin.py:137} INFO - [2023-02-10T01:55:56.235+0000] {dagbag.py:538} INFO - Filling up the DagBag from /home/airflow/.local/lib/python3.7/site-packages/airflow/example_dags/example_nested_branch_dag.py
[2023-02-10T01:55:56.498+0000] {processor.py:753} INFO - DAG(s) dict_keys(['example_nested_branch_dag']) retrieved from /home/airflow/.local/lib/python3.7/site-packages/airflow/example_dags/example_nested_branch_dag.py
[2023-02-10T01:55:56.842+0000] {logging_mixin.py:137} INFO - [2023-02-10T01:55:56.842+0000] {dag.py:2690} INFO - Sync 1 DAGs
[2023-02-10T01:55:57.135+0000] {logging_mixin.py:137} INFO - [2023-02-10T01:55:57.127+0000] {dag.py:3441} INFO - Setting next_dagrun for example_nested_branch_dag to 2023-02-09T00:00:00+00:00, run_after=2023-02-10T00:00:00+00:00
[2023-02-10T01:55:57.331+0000] {processor.py:175} INFO - Processing /home/airflow/.local/lib/python3.7/site-packages/airflow/example_dags/example_nested_branch_dag.py took 1.124 seconds
[2023-02-10T01:56:27.946+0000] {processor.py:153} INFO - Started process (PID=787) to work on /home/airflow/.local/lib/python3.7/site-packages/airflow/example_dags/example_nested_branch_dag.py
[2023-02-10T01:56:27.960+0000] {processor.py:743} INFO - Processing file /home/airflow/.local/lib/python3.7/site-packages/airflow/example_dags/example_nested_branch_dag.py for tasks to queue
[2023-02-10T01:56:27.965+0000] {logging_mixin.py:137} INFO - [2023-02-10T01:56:27.964+0000] {dagbag.py:538} INFO - Filling up the DagBag from /home/airflow/.local/lib/python3.7/site-packages/airflow/example_dags/example_nested_branch_dag.py
[2023-02-10T01:56:28.161+0000] {processor.py:753} INFO - DAG(s) dict_keys(['example_nested_branch_dag']) retrieved from /home/airflow/.local/lib/python3.7/site-packages/airflow/example_dags/example_nested_branch_dag.py
[2023-02-10T01:56:28.254+0000] {logging_mixin.py:137} INFO - [2023-02-10T01:56:28.253+0000] {dag.py:2690} INFO - Sync 1 DAGs
[2023-02-10T01:56:28.360+0000] {logging_mixin.py:137} INFO - [2023-02-10T01:56:28.360+0000] {dag.py:3441} INFO - Setting next_dagrun for example_nested_branch_dag to 2023-02-09T00:00:00+00:00, run_after=2023-02-10T00:00:00+00:00
[2023-02-10T01:56:28.519+0000] {processor.py:175} INFO - Processing /home/airflow/.local/lib/python3.7/site-packages/airflow/example_dags/example_nested_branch_dag.py took 0.596 seconds
[2023-02-10T01:56:59.525+0000] {processor.py:153} INFO - Started process (PID=838) to work on /home/airflow/.local/lib/python3.7/site-packages/airflow/example_dags/example_nested_branch_dag.py
[2023-02-10T01:56:59.533+0000] {processor.py:743} INFO - Processing file /home/airflow/.local/lib/python3.7/site-packages/airflow/example_dags/example_nested_branch_dag.py for tasks to queue
[2023-02-10T01:56:59.543+0000] {logging_mixin.py:137} INFO - [2023-02-10T01:56:59.541+0000] {dagbag.py:538} INFO - Filling up the DagBag from /home/airflow/.local/lib/python3.7/site-packages/airflow/example_dags/example_nested_branch_dag.py
[2023-02-10T01:56:59.632+0000] {processor.py:753} INFO - DAG(s) dict_keys(['example_nested_branch_dag']) retrieved from /home/airflow/.local/lib/python3.7/site-packages/airflow/example_dags/example_nested_branch_dag.py
[2023-02-10T01:56:59.702+0000] {logging_mixin.py:137} INFO - [2023-02-10T01:56:59.702+0000] {dag.py:2690} INFO - Sync 1 DAGs
[2023-02-10T01:56:59.897+0000] {logging_mixin.py:137} INFO - [2023-02-10T01:56:59.897+0000] {dag.py:3441} INFO - Setting next_dagrun for example_nested_branch_dag to 2023-02-09T00:00:00+00:00, run_after=2023-02-10T00:00:00+00:00
[2023-02-10T01:57:00.046+0000] {processor.py:175} INFO - Processing /home/airflow/.local/lib/python3.7/site-packages/airflow/example_dags/example_nested_branch_dag.py took 0.538 seconds
[2023-02-10T01:57:57.820+0000] {processor.py:153} INFO - Started process (PID=911) to work on /home/airflow/.local/lib/python3.7/site-packages/airflow/example_dags/example_nested_branch_dag.py
[2023-02-10T01:57:57.856+0000] {processor.py:743} INFO - Processing file /home/airflow/.local/lib/python3.7/site-packages/airflow/example_dags/example_nested_branch_dag.py for tasks to queue
[2023-02-10T01:57:57.913+0000] {logging_mixin.py:137} INFO - [2023-02-10T01:57:57.913+0000] {dagbag.py:538} INFO - Filling up the DagBag from /home/airflow/.local/lib/python3.7/site-packages/airflow/example_dags/example_nested_branch_dag.py
[2023-02-10T01:57:58.523+0000] {processor.py:753} INFO - DAG(s) dict_keys(['example_nested_branch_dag']) retrieved from /home/airflow/.local/lib/python3.7/site-packages/airflow/example_dags/example_nested_branch_dag.py
[2023-02-10T01:57:58.963+0000] {logging_mixin.py:137} INFO - [2023-02-10T01:57:58.962+0000] {dag.py:2690} INFO - Sync 1 DAGs
[2023-02-10T01:57:59.628+0000] {logging_mixin.py:137} INFO - [2023-02-10T01:57:59.627+0000] {dag.py:3441} INFO - Setting next_dagrun for example_nested_branch_dag to 2023-02-09T00:00:00+00:00, run_after=2023-02-10T00:00:00+00:00
[2023-02-10T01:57:59.811+0000] {processor.py:175} INFO - Processing /home/airflow/.local/lib/python3.7/site-packages/airflow/example_dags/example_nested_branch_dag.py took 2.092 seconds
[2023-02-10T01:58:30.228+0000] {processor.py:153} INFO - Started process (PID=969) to work on /home/airflow/.local/lib/python3.7/site-packages/airflow/example_dags/example_nested_branch_dag.py
[2023-02-10T01:58:30.264+0000] {processor.py:743} INFO - Processing file /home/airflow/.local/lib/python3.7/site-packages/airflow/example_dags/example_nested_branch_dag.py for tasks to queue
[2023-02-10T01:58:30.273+0000] {logging_mixin.py:137} INFO - [2023-02-10T01:58:30.273+0000] {dagbag.py:538} INFO - Filling up the DagBag from /home/airflow/.local/lib/python3.7/site-packages/airflow/example_dags/example_nested_branch_dag.py
[2023-02-10T01:58:30.833+0000] {processor.py:753} INFO - DAG(s) dict_keys(['example_nested_branch_dag']) retrieved from /home/airflow/.local/lib/python3.7/site-packages/airflow/example_dags/example_nested_branch_dag.py
[2023-02-10T01:58:31.520+0000] {logging_mixin.py:137} INFO - [2023-02-10T01:58:31.519+0000] {dag.py:2690} INFO - Sync 1 DAGs
[2023-02-10T01:58:32.008+0000] {logging_mixin.py:137} INFO - [2023-02-10T01:58:32.007+0000] {dag.py:3441} INFO - Setting next_dagrun for example_nested_branch_dag to 2023-02-09T00:00:00+00:00, run_after=2023-02-10T00:00:00+00:00
[2023-02-10T01:58:32.345+0000] {processor.py:175} INFO - Processing /home/airflow/.local/lib/python3.7/site-packages/airflow/example_dags/example_nested_branch_dag.py took 2.250 seconds
[2023-02-10T01:59:03.114+0000] {processor.py:153} INFO - Started process (PID=1023) to work on /home/airflow/.local/lib/python3.7/site-packages/airflow/example_dags/example_nested_branch_dag.py
[2023-02-10T01:59:03.120+0000] {processor.py:743} INFO - Processing file /home/airflow/.local/lib/python3.7/site-packages/airflow/example_dags/example_nested_branch_dag.py for tasks to queue
[2023-02-10T01:59:03.128+0000] {logging_mixin.py:137} INFO - [2023-02-10T01:59:03.127+0000] {dagbag.py:538} INFO - Filling up the DagBag from /home/airflow/.local/lib/python3.7/site-packages/airflow/example_dags/example_nested_branch_dag.py
[2023-02-10T01:59:03.192+0000] {processor.py:753} INFO - DAG(s) dict_keys(['example_nested_branch_dag']) retrieved from /home/airflow/.local/lib/python3.7/site-packages/airflow/example_dags/example_nested_branch_dag.py
[2023-02-10T01:59:03.293+0000] {logging_mixin.py:137} INFO - [2023-02-10T01:59:03.292+0000] {dag.py:2690} INFO - Sync 1 DAGs
[2023-02-10T01:59:03.426+0000] {logging_mixin.py:137} INFO - [2023-02-10T01:59:03.426+0000] {dag.py:3441} INFO - Setting next_dagrun for example_nested_branch_dag to 2023-02-09T00:00:00+00:00, run_after=2023-02-10T00:00:00+00:00
[2023-02-10T01:59:03.540+0000] {processor.py:175} INFO - Processing /home/airflow/.local/lib/python3.7/site-packages/airflow/example_dags/example_nested_branch_dag.py took 0.441 seconds
[2023-02-10T01:59:57.376+0000] {processor.py:153} INFO - Started process (PID=1088) to work on /home/airflow/.local/lib/python3.7/site-packages/airflow/example_dags/example_nested_branch_dag.py
[2023-02-10T01:59:57.383+0000] {processor.py:743} INFO - Processing file /home/airflow/.local/lib/python3.7/site-packages/airflow/example_dags/example_nested_branch_dag.py for tasks to queue
[2023-02-10T01:59:57.405+0000] {logging_mixin.py:137} INFO - [2023-02-10T01:59:57.404+0000] {dagbag.py:538} INFO - Filling up the DagBag from /home/airflow/.local/lib/python3.7/site-packages/airflow/example_dags/example_nested_branch_dag.py
[2023-02-10T01:59:57.995+0000] {processor.py:753} INFO - DAG(s) dict_keys(['example_nested_branch_dag']) retrieved from /home/airflow/.local/lib/python3.7/site-packages/airflow/example_dags/example_nested_branch_dag.py
[2023-02-10T01:59:58.607+0000] {logging_mixin.py:137} INFO - [2023-02-10T01:59:58.607+0000] {dag.py:2690} INFO - Sync 1 DAGs
[2023-02-10T01:59:58.818+0000] {logging_mixin.py:137} INFO - [2023-02-10T01:59:58.815+0000] {dag.py:3441} INFO - Setting next_dagrun for example_nested_branch_dag to 2023-02-09T00:00:00+00:00, run_after=2023-02-10T00:00:00+00:00
[2023-02-10T01:59:59.011+0000] {processor.py:175} INFO - Processing /home/airflow/.local/lib/python3.7/site-packages/airflow/example_dags/example_nested_branch_dag.py took 1.689 seconds
[2023-02-10T02:00:31.321+0000] {processor.py:153} INFO - Started process (PID=1145) to work on /home/airflow/.local/lib/python3.7/site-packages/airflow/example_dags/example_nested_branch_dag.py
[2023-02-10T02:00:31.324+0000] {processor.py:743} INFO - Processing file /home/airflow/.local/lib/python3.7/site-packages/airflow/example_dags/example_nested_branch_dag.py for tasks to queue
[2023-02-10T02:00:31.334+0000] {logging_mixin.py:137} INFO - [2023-02-10T02:00:31.332+0000] {dagbag.py:538} INFO - Filling up the DagBag from /home/airflow/.local/lib/python3.7/site-packages/airflow/example_dags/example_nested_branch_dag.py
[2023-02-10T02:00:31.467+0000] {processor.py:753} INFO - DAG(s) dict_keys(['example_nested_branch_dag']) retrieved from /home/airflow/.local/lib/python3.7/site-packages/airflow/example_dags/example_nested_branch_dag.py
[2023-02-10T02:00:31.551+0000] {logging_mixin.py:137} INFO - [2023-02-10T02:00:31.551+0000] {dag.py:2690} INFO - Sync 1 DAGs
[2023-02-10T02:00:31.638+0000] {logging_mixin.py:137} INFO - [2023-02-10T02:00:31.632+0000] {dag.py:3441} INFO - Setting next_dagrun for example_nested_branch_dag to 2023-02-09T00:00:00+00:00, run_after=2023-02-10T00:00:00+00:00
[2023-02-10T02:00:31.782+0000] {processor.py:175} INFO - Processing /home/airflow/.local/lib/python3.7/site-packages/airflow/example_dags/example_nested_branch_dag.py took 0.472 seconds
[2023-02-10T02:01:14.803+0000] {processor.py:153} INFO - Started process (PID=1206) to work on /home/airflow/.local/lib/python3.7/site-packages/airflow/example_dags/example_nested_branch_dag.py
[2023-02-10T02:01:14.820+0000] {processor.py:743} INFO - Processing file /home/airflow/.local/lib/python3.7/site-packages/airflow/example_dags/example_nested_branch_dag.py for tasks to queue
[2023-02-10T02:01:14.838+0000] {logging_mixin.py:137} INFO - [2023-02-10T02:01:14.825+0000] {dagbag.py:538} INFO - Filling up the DagBag from /home/airflow/.local/lib/python3.7/site-packages/airflow/example_dags/example_nested_branch_dag.py
[2023-02-10T02:01:14.974+0000] {processor.py:753} INFO - DAG(s) dict_keys(['example_nested_branch_dag']) retrieved from /home/airflow/.local/lib/python3.7/site-packages/airflow/example_dags/example_nested_branch_dag.py
[2023-02-10T02:01:15.324+0000] {logging_mixin.py:137} INFO - [2023-02-10T02:01:15.324+0000] {dag.py:2690} INFO - Sync 1 DAGs
[2023-02-10T02:01:15.443+0000] {logging_mixin.py:137} INFO - [2023-02-10T02:01:15.442+0000] {dag.py:3441} INFO - Setting next_dagrun for example_nested_branch_dag to 2023-02-09T00:00:00+00:00, run_after=2023-02-10T00:00:00+00:00
[2023-02-10T02:01:15.579+0000] {processor.py:175} INFO - Processing /home/airflow/.local/lib/python3.7/site-packages/airflow/example_dags/example_nested_branch_dag.py took 0.792 seconds
[2023-02-10T02:01:57.070+0000] {processor.py:153} INFO - Started process (PID=1269) to work on /home/airflow/.local/lib/python3.7/site-packages/airflow/example_dags/example_nested_branch_dag.py
[2023-02-10T02:01:57.075+0000] {processor.py:743} INFO - Processing file /home/airflow/.local/lib/python3.7/site-packages/airflow/example_dags/example_nested_branch_dag.py for tasks to queue
[2023-02-10T02:01:57.081+0000] {logging_mixin.py:137} INFO - [2023-02-10T02:01:57.079+0000] {dagbag.py:538} INFO - Filling up the DagBag from /home/airflow/.local/lib/python3.7/site-packages/airflow/example_dags/example_nested_branch_dag.py
[2023-02-10T02:01:57.371+0000] {processor.py:753} INFO - DAG(s) dict_keys(['example_nested_branch_dag']) retrieved from /home/airflow/.local/lib/python3.7/site-packages/airflow/example_dags/example_nested_branch_dag.py
[2023-02-10T02:01:57.631+0000] {logging_mixin.py:137} INFO - [2023-02-10T02:01:57.630+0000] {dag.py:2690} INFO - Sync 1 DAGs
[2023-02-10T02:01:57.799+0000] {logging_mixin.py:137} INFO - [2023-02-10T02:01:57.799+0000] {dag.py:3441} INFO - Setting next_dagrun for example_nested_branch_dag to 2023-02-09T00:00:00+00:00, run_after=2023-02-10T00:00:00+00:00
[2023-02-10T02:01:57.898+0000] {processor.py:175} INFO - Processing /home/airflow/.local/lib/python3.7/site-packages/airflow/example_dags/example_nested_branch_dag.py took 0.891 seconds
[2023-02-10T02:02:28.304+0000] {processor.py:153} INFO - Started process (PID=1327) to work on /home/airflow/.local/lib/python3.7/site-packages/airflow/example_dags/example_nested_branch_dag.py
[2023-02-10T02:02:28.313+0000] {processor.py:743} INFO - Processing file /home/airflow/.local/lib/python3.7/site-packages/airflow/example_dags/example_nested_branch_dag.py for tasks to queue
[2023-02-10T02:02:28.322+0000] {logging_mixin.py:137} INFO - [2023-02-10T02:02:28.319+0000] {dagbag.py:538} INFO - Filling up the DagBag from /home/airflow/.local/lib/python3.7/site-packages/airflow/example_dags/example_nested_branch_dag.py
[2023-02-10T02:02:28.496+0000] {processor.py:753} INFO - DAG(s) dict_keys(['example_nested_branch_dag']) retrieved from /home/airflow/.local/lib/python3.7/site-packages/airflow/example_dags/example_nested_branch_dag.py
[2023-02-10T02:02:28.610+0000] {logging_mixin.py:137} INFO - [2023-02-10T02:02:28.609+0000] {dag.py:2690} INFO - Sync 1 DAGs
[2023-02-10T02:02:28.720+0000] {logging_mixin.py:137} INFO - [2023-02-10T02:02:28.720+0000] {dag.py:3441} INFO - Setting next_dagrun for example_nested_branch_dag to 2023-02-09T00:00:00+00:00, run_after=2023-02-10T00:00:00+00:00
[2023-02-10T02:02:28.798+0000] {processor.py:175} INFO - Processing /home/airflow/.local/lib/python3.7/site-packages/airflow/example_dags/example_nested_branch_dag.py took 0.517 seconds
[2023-02-10T02:02:59.062+0000] {processor.py:153} INFO - Started process (PID=1386) to work on /home/airflow/.local/lib/python3.7/site-packages/airflow/example_dags/example_nested_branch_dag.py
[2023-02-10T02:02:59.074+0000] {processor.py:743} INFO - Processing file /home/airflow/.local/lib/python3.7/site-packages/airflow/example_dags/example_nested_branch_dag.py for tasks to queue
[2023-02-10T02:02:59.079+0000] {logging_mixin.py:137} INFO - [2023-02-10T02:02:59.078+0000] {dagbag.py:538} INFO - Filling up the DagBag from /home/airflow/.local/lib/python3.7/site-packages/airflow/example_dags/example_nested_branch_dag.py
[2023-02-10T02:02:59.189+0000] {processor.py:753} INFO - DAG(s) dict_keys(['example_nested_branch_dag']) retrieved from /home/airflow/.local/lib/python3.7/site-packages/airflow/example_dags/example_nested_branch_dag.py
[2023-02-10T02:02:59.301+0000] {logging_mixin.py:137} INFO - [2023-02-10T02:02:59.301+0000] {dag.py:2690} INFO - Sync 1 DAGs
[2023-02-10T02:02:59.441+0000] {logging_mixin.py:137} INFO - [2023-02-10T02:02:59.441+0000] {dag.py:3441} INFO - Setting next_dagrun for example_nested_branch_dag to 2023-02-09T00:00:00+00:00, run_after=2023-02-10T00:00:00+00:00
[2023-02-10T02:02:59.606+0000] {processor.py:175} INFO - Processing /home/airflow/.local/lib/python3.7/site-packages/airflow/example_dags/example_nested_branch_dag.py took 0.562 seconds
[2023-02-10T02:03:30.086+0000] {processor.py:153} INFO - Started process (PID=1446) to work on /home/airflow/.local/lib/python3.7/site-packages/airflow/example_dags/example_nested_branch_dag.py
[2023-02-10T02:03:30.118+0000] {processor.py:743} INFO - Processing file /home/airflow/.local/lib/python3.7/site-packages/airflow/example_dags/example_nested_branch_dag.py for tasks to queue
[2023-02-10T02:03:30.190+0000] {logging_mixin.py:137} INFO - [2023-02-10T02:03:30.189+0000] {dagbag.py:538} INFO - Filling up the DagBag from /home/airflow/.local/lib/python3.7/site-packages/airflow/example_dags/example_nested_branch_dag.py
[2023-02-10T02:03:30.359+0000] {processor.py:753} INFO - DAG(s) dict_keys(['example_nested_branch_dag']) retrieved from /home/airflow/.local/lib/python3.7/site-packages/airflow/example_dags/example_nested_branch_dag.py
[2023-02-10T02:03:30.522+0000] {logging_mixin.py:137} INFO - [2023-02-10T02:03:30.521+0000] {dag.py:2690} INFO - Sync 1 DAGs
[2023-02-10T02:03:30.669+0000] {logging_mixin.py:137} INFO - [2023-02-10T02:03:30.668+0000] {dag.py:3441} INFO - Setting next_dagrun for example_nested_branch_dag to 2023-02-09T00:00:00+00:00, run_after=2023-02-10T00:00:00+00:00
[2023-02-10T02:03:30.756+0000] {processor.py:175} INFO - Processing /home/airflow/.local/lib/python3.7/site-packages/airflow/example_dags/example_nested_branch_dag.py took 0.724 seconds
[2023-02-10T02:04:01.322+0000] {processor.py:153} INFO - Started process (PID=1504) to work on /home/airflow/.local/lib/python3.7/site-packages/airflow/example_dags/example_nested_branch_dag.py
[2023-02-10T02:04:01.328+0000] {processor.py:743} INFO - Processing file /home/airflow/.local/lib/python3.7/site-packages/airflow/example_dags/example_nested_branch_dag.py for tasks to queue
[2023-02-10T02:04:01.332+0000] {logging_mixin.py:137} INFO - [2023-02-10T02:04:01.332+0000] {dagbag.py:538} INFO - Filling up the DagBag from /home/airflow/.local/lib/python3.7/site-packages/airflow/example_dags/example_nested_branch_dag.py
[2023-02-10T02:04:01.447+0000] {processor.py:753} INFO - DAG(s) dict_keys(['example_nested_branch_dag']) retrieved from /home/airflow/.local/lib/python3.7/site-packages/airflow/example_dags/example_nested_branch_dag.py
[2023-02-10T02:04:01.559+0000] {logging_mixin.py:137} INFO - [2023-02-10T02:04:01.559+0000] {dag.py:2690} INFO - Sync 1 DAGs
[2023-02-10T02:04:01.745+0000] {logging_mixin.py:137} INFO - [2023-02-10T02:04:01.744+0000] {dag.py:3441} INFO - Setting next_dagrun for example_nested_branch_dag to 2023-02-09T00:00:00+00:00, run_after=2023-02-10T00:00:00+00:00
[2023-02-10T02:04:01.830+0000] {processor.py:175} INFO - Processing /home/airflow/.local/lib/python3.7/site-packages/airflow/example_dags/example_nested_branch_dag.py took 0.527 seconds
[2023-02-10T02:04:33.169+0000] {processor.py:153} INFO - Started process (PID=1561) to work on /home/airflow/.local/lib/python3.7/site-packages/airflow/example_dags/example_nested_branch_dag.py
[2023-02-10T02:04:33.173+0000] {processor.py:743} INFO - Processing file /home/airflow/.local/lib/python3.7/site-packages/airflow/example_dags/example_nested_branch_dag.py for tasks to queue
[2023-02-10T02:04:33.185+0000] {logging_mixin.py:137} INFO - [2023-02-10T02:04:33.185+0000] {dagbag.py:538} INFO - Filling up the DagBag from /home/airflow/.local/lib/python3.7/site-packages/airflow/example_dags/example_nested_branch_dag.py
[2023-02-10T02:04:33.329+0000] {processor.py:753} INFO - DAG(s) dict_keys(['example_nested_branch_dag']) retrieved from /home/airflow/.local/lib/python3.7/site-packages/airflow/example_dags/example_nested_branch_dag.py
[2023-02-10T02:04:33.435+0000] {logging_mixin.py:137} INFO - [2023-02-10T02:04:33.434+0000] {dag.py:2690} INFO - Sync 1 DAGs
[2023-02-10T02:04:33.549+0000] {logging_mixin.py:137} INFO - [2023-02-10T02:04:33.549+0000] {dag.py:3441} INFO - Setting next_dagrun for example_nested_branch_dag to 2023-02-09T00:00:00+00:00, run_after=2023-02-10T00:00:00+00:00
[2023-02-10T02:04:33.601+0000] {processor.py:175} INFO - Processing /home/airflow/.local/lib/python3.7/site-packages/airflow/example_dags/example_nested_branch_dag.py took 0.454 seconds
[2023-02-10T02:05:04.539+0000] {processor.py:153} INFO - Started process (PID=1620) to work on /home/airflow/.local/lib/python3.7/site-packages/airflow/example_dags/example_nested_branch_dag.py
[2023-02-10T02:05:04.545+0000] {processor.py:743} INFO - Processing file /home/airflow/.local/lib/python3.7/site-packages/airflow/example_dags/example_nested_branch_dag.py for tasks to queue
[2023-02-10T02:05:04.551+0000] {logging_mixin.py:137} INFO - [2023-02-10T02:05:04.549+0000] {dagbag.py:538} INFO - Filling up the DagBag from /home/airflow/.local/lib/python3.7/site-packages/airflow/example_dags/example_nested_branch_dag.py
[2023-02-10T02:05:04.691+0000] {processor.py:753} INFO - DAG(s) dict_keys(['example_nested_branch_dag']) retrieved from /home/airflow/.local/lib/python3.7/site-packages/airflow/example_dags/example_nested_branch_dag.py
[2023-02-10T02:05:04.827+0000] {logging_mixin.py:137} INFO - [2023-02-10T02:05:04.826+0000] {dag.py:2690} INFO - Sync 1 DAGs
[2023-02-10T02:05:04.966+0000] {logging_mixin.py:137} INFO - [2023-02-10T02:05:04.966+0000] {dag.py:3441} INFO - Setting next_dagrun for example_nested_branch_dag to 2023-02-09T00:00:00+00:00, run_after=2023-02-10T00:00:00+00:00
[2023-02-10T02:05:05.049+0000] {processor.py:175} INFO - Processing /home/airflow/.local/lib/python3.7/site-packages/airflow/example_dags/example_nested_branch_dag.py took 0.523 seconds
[2023-02-10T02:05:35.507+0000] {processor.py:153} INFO - Started process (PID=1670) to work on /home/airflow/.local/lib/python3.7/site-packages/airflow/example_dags/example_nested_branch_dag.py
[2023-02-10T02:05:35.513+0000] {processor.py:743} INFO - Processing file /home/airflow/.local/lib/python3.7/site-packages/airflow/example_dags/example_nested_branch_dag.py for tasks to queue
[2023-02-10T02:05:35.518+0000] {logging_mixin.py:137} INFO - [2023-02-10T02:05:35.517+0000] {dagbag.py:538} INFO - Filling up the DagBag from /home/airflow/.local/lib/python3.7/site-packages/airflow/example_dags/example_nested_branch_dag.py
[2023-02-10T02:05:35.595+0000] {processor.py:753} INFO - DAG(s) dict_keys(['example_nested_branch_dag']) retrieved from /home/airflow/.local/lib/python3.7/site-packages/airflow/example_dags/example_nested_branch_dag.py
[2023-02-10T02:05:35.671+0000] {logging_mixin.py:137} INFO - [2023-02-10T02:05:35.671+0000] {dag.py:2690} INFO - Sync 1 DAGs
[2023-02-10T02:05:35.815+0000] {logging_mixin.py:137} INFO - [2023-02-10T02:05:35.809+0000] {dag.py:3441} INFO - Setting next_dagrun for example_nested_branch_dag to 2023-02-09T00:00:00+00:00, run_after=2023-02-10T00:00:00+00:00
[2023-02-10T02:05:35.912+0000] {processor.py:175} INFO - Processing /home/airflow/.local/lib/python3.7/site-packages/airflow/example_dags/example_nested_branch_dag.py took 0.413 seconds
[2023-02-10T02:06:06.415+0000] {processor.py:153} INFO - Started process (PID=1728) to work on /home/airflow/.local/lib/python3.7/site-packages/airflow/example_dags/example_nested_branch_dag.py
[2023-02-10T02:06:06.425+0000] {processor.py:743} INFO - Processing file /home/airflow/.local/lib/python3.7/site-packages/airflow/example_dags/example_nested_branch_dag.py for tasks to queue
[2023-02-10T02:06:06.432+0000] {logging_mixin.py:137} INFO - [2023-02-10T02:06:06.432+0000] {dagbag.py:538} INFO - Filling up the DagBag from /home/airflow/.local/lib/python3.7/site-packages/airflow/example_dags/example_nested_branch_dag.py
[2023-02-10T02:06:06.590+0000] {processor.py:753} INFO - DAG(s) dict_keys(['example_nested_branch_dag']) retrieved from /home/airflow/.local/lib/python3.7/site-packages/airflow/example_dags/example_nested_branch_dag.py
[2023-02-10T02:06:06.707+0000] {logging_mixin.py:137} INFO - [2023-02-10T02:06:06.706+0000] {dag.py:2690} INFO - Sync 1 DAGs
[2023-02-10T02:06:06.817+0000] {logging_mixin.py:137} INFO - [2023-02-10T02:06:06.816+0000] {dag.py:3441} INFO - Setting next_dagrun for example_nested_branch_dag to 2023-02-09T00:00:00+00:00, run_after=2023-02-10T00:00:00+00:00
[2023-02-10T02:06:06.946+0000] {processor.py:175} INFO - Processing /home/airflow/.local/lib/python3.7/site-packages/airflow/example_dags/example_nested_branch_dag.py took 0.560 seconds
[2023-02-10T02:06:37.950+0000] {processor.py:153} INFO - Started process (PID=1786) to work on /home/airflow/.local/lib/python3.7/site-packages/airflow/example_dags/example_nested_branch_dag.py
[2023-02-10T02:06:37.958+0000] {processor.py:743} INFO - Processing file /home/airflow/.local/lib/python3.7/site-packages/airflow/example_dags/example_nested_branch_dag.py for tasks to queue
[2023-02-10T02:06:37.965+0000] {logging_mixin.py:137} INFO - [2023-02-10T02:06:37.965+0000] {dagbag.py:538} INFO - Filling up the DagBag from /home/airflow/.local/lib/python3.7/site-packages/airflow/example_dags/example_nested_branch_dag.py
[2023-02-10T02:06:38.177+0000] {processor.py:753} INFO - DAG(s) dict_keys(['example_nested_branch_dag']) retrieved from /home/airflow/.local/lib/python3.7/site-packages/airflow/example_dags/example_nested_branch_dag.py
[2023-02-10T02:06:38.492+0000] {logging_mixin.py:137} INFO - [2023-02-10T02:06:38.492+0000] {dag.py:2690} INFO - Sync 1 DAGs
[2023-02-10T02:06:38.901+0000] {logging_mixin.py:137} INFO - [2023-02-10T02:06:38.901+0000] {dag.py:3441} INFO - Setting next_dagrun for example_nested_branch_dag to 2023-02-09T00:00:00+00:00, run_after=2023-02-10T00:00:00+00:00
[2023-02-10T02:06:39.016+0000] {processor.py:175} INFO - Processing /home/airflow/.local/lib/python3.7/site-packages/airflow/example_dags/example_nested_branch_dag.py took 1.085 seconds
[2023-02-10T02:07:09.701+0000] {processor.py:153} INFO - Started process (PID=1846) to work on /home/airflow/.local/lib/python3.7/site-packages/airflow/example_dags/example_nested_branch_dag.py
[2023-02-10T02:07:09.714+0000] {processor.py:743} INFO - Processing file /home/airflow/.local/lib/python3.7/site-packages/airflow/example_dags/example_nested_branch_dag.py for tasks to queue
[2023-02-10T02:07:09.723+0000] {logging_mixin.py:137} INFO - [2023-02-10T02:07:09.723+0000] {dagbag.py:538} INFO - Filling up the DagBag from /home/airflow/.local/lib/python3.7/site-packages/airflow/example_dags/example_nested_branch_dag.py
[2023-02-10T02:07:09.859+0000] {processor.py:753} INFO - DAG(s) dict_keys(['example_nested_branch_dag']) retrieved from /home/airflow/.local/lib/python3.7/site-packages/airflow/example_dags/example_nested_branch_dag.py
[2023-02-10T02:07:09.965+0000] {logging_mixin.py:137} INFO - [2023-02-10T02:07:09.965+0000] {dag.py:2690} INFO - Sync 1 DAGs
[2023-02-10T02:07:10.265+0000] {logging_mixin.py:137} INFO - [2023-02-10T02:07:10.265+0000] {dag.py:3441} INFO - Setting next_dagrun for example_nested_branch_dag to 2023-02-09T00:00:00+00:00, run_after=2023-02-10T00:00:00+00:00
[2023-02-10T02:07:10.456+0000] {processor.py:175} INFO - Processing /home/airflow/.local/lib/python3.7/site-packages/airflow/example_dags/example_nested_branch_dag.py took 0.772 seconds
[2023-02-10T02:07:41.119+0000] {processor.py:153} INFO - Started process (PID=1905) to work on /home/airflow/.local/lib/python3.7/site-packages/airflow/example_dags/example_nested_branch_dag.py
[2023-02-10T02:07:41.122+0000] {processor.py:743} INFO - Processing file /home/airflow/.local/lib/python3.7/site-packages/airflow/example_dags/example_nested_branch_dag.py for tasks to queue
[2023-02-10T02:07:41.129+0000] {logging_mixin.py:137} INFO - [2023-02-10T02:07:41.128+0000] {dagbag.py:538} INFO - Filling up the DagBag from /home/airflow/.local/lib/python3.7/site-packages/airflow/example_dags/example_nested_branch_dag.py
[2023-02-10T02:07:41.192+0000] {processor.py:753} INFO - DAG(s) dict_keys(['example_nested_branch_dag']) retrieved from /home/airflow/.local/lib/python3.7/site-packages/airflow/example_dags/example_nested_branch_dag.py
[2023-02-10T02:07:41.265+0000] {logging_mixin.py:137} INFO - [2023-02-10T02:07:41.264+0000] {dag.py:2690} INFO - Sync 1 DAGs
[2023-02-10T02:07:41.393+0000] {logging_mixin.py:137} INFO - [2023-02-10T02:07:41.393+0000] {dag.py:3441} INFO - Setting next_dagrun for example_nested_branch_dag to 2023-02-09T00:00:00+00:00, run_after=2023-02-10T00:00:00+00:00
[2023-02-10T02:07:41.468+0000] {processor.py:175} INFO - Processing /home/airflow/.local/lib/python3.7/site-packages/airflow/example_dags/example_nested_branch_dag.py took 0.358 seconds
[2023-02-10T02:08:15.856+0000] {processor.py:153} INFO - Started process (PID=1965) to work on /home/airflow/.local/lib/python3.7/site-packages/airflow/example_dags/example_nested_branch_dag.py
[2023-02-10T02:08:15.871+0000] {processor.py:743} INFO - Processing file /home/airflow/.local/lib/python3.7/site-packages/airflow/example_dags/example_nested_branch_dag.py for tasks to queue
[2023-02-10T02:08:15.876+0000] {logging_mixin.py:137} INFO - [2023-02-10T02:08:15.875+0000] {dagbag.py:538} INFO - Filling up the DagBag from /home/airflow/.local/lib/python3.7/site-packages/airflow/example_dags/example_nested_branch_dag.py
[2023-02-10T02:08:16.182+0000] {processor.py:753} INFO - DAG(s) dict_keys(['example_nested_branch_dag']) retrieved from /home/airflow/.local/lib/python3.7/site-packages/airflow/example_dags/example_nested_branch_dag.py
[2023-02-10T02:08:16.501+0000] {logging_mixin.py:137} INFO - [2023-02-10T02:08:16.501+0000] {dag.py:2690} INFO - Sync 1 DAGs
[2023-02-10T02:08:16.839+0000] {logging_mixin.py:137} INFO - [2023-02-10T02:08:16.838+0000] {dag.py:3441} INFO - Setting next_dagrun for example_nested_branch_dag to 2023-02-09T00:00:00+00:00, run_after=2023-02-10T00:00:00+00:00
[2023-02-10T02:08:17.005+0000] {processor.py:175} INFO - Processing /home/airflow/.local/lib/python3.7/site-packages/airflow/example_dags/example_nested_branch_dag.py took 1.176 seconds
[2023-02-10T02:08:47.277+0000] {processor.py:153} INFO - Started process (PID=2015) to work on /home/airflow/.local/lib/python3.7/site-packages/airflow/example_dags/example_nested_branch_dag.py
[2023-02-10T02:08:47.281+0000] {processor.py:743} INFO - Processing file /home/airflow/.local/lib/python3.7/site-packages/airflow/example_dags/example_nested_branch_dag.py for tasks to queue
[2023-02-10T02:08:47.286+0000] {logging_mixin.py:137} INFO - [2023-02-10T02:08:47.285+0000] {dagbag.py:538} INFO - Filling up the DagBag from /home/airflow/.local/lib/python3.7/site-packages/airflow/example_dags/example_nested_branch_dag.py
[2023-02-10T02:08:47.341+0000] {processor.py:753} INFO - DAG(s) dict_keys(['example_nested_branch_dag']) retrieved from /home/airflow/.local/lib/python3.7/site-packages/airflow/example_dags/example_nested_branch_dag.py
[2023-02-10T02:08:47.407+0000] {logging_mixin.py:137} INFO - [2023-02-10T02:08:47.406+0000] {dag.py:2690} INFO - Sync 1 DAGs
[2023-02-10T02:08:47.487+0000] {logging_mixin.py:137} INFO - [2023-02-10T02:08:47.485+0000] {dag.py:3441} INFO - Setting next_dagrun for example_nested_branch_dag to 2023-02-09T00:00:00+00:00, run_after=2023-02-10T00:00:00+00:00
[2023-02-10T02:08:47.588+0000] {processor.py:175} INFO - Processing /home/airflow/.local/lib/python3.7/site-packages/airflow/example_dags/example_nested_branch_dag.py took 0.319 seconds
[2023-02-10T02:09:20.436+0000] {processor.py:153} INFO - Started process (PID=2073) to work on /home/airflow/.local/lib/python3.7/site-packages/airflow/example_dags/example_nested_branch_dag.py
[2023-02-10T02:09:20.476+0000] {processor.py:743} INFO - Processing file /home/airflow/.local/lib/python3.7/site-packages/airflow/example_dags/example_nested_branch_dag.py for tasks to queue
[2023-02-10T02:09:20.493+0000] {logging_mixin.py:137} INFO - [2023-02-10T02:09:20.492+0000] {dagbag.py:538} INFO - Filling up the DagBag from /home/airflow/.local/lib/python3.7/site-packages/airflow/example_dags/example_nested_branch_dag.py
[2023-02-10T02:09:20.710+0000] {processor.py:753} INFO - DAG(s) dict_keys(['example_nested_branch_dag']) retrieved from /home/airflow/.local/lib/python3.7/site-packages/airflow/example_dags/example_nested_branch_dag.py
[2023-02-10T02:09:20.882+0000] {logging_mixin.py:137} INFO - [2023-02-10T02:09:20.881+0000] {dag.py:2690} INFO - Sync 1 DAGs
[2023-02-10T02:09:21.065+0000] {logging_mixin.py:137} INFO - [2023-02-10T02:09:21.065+0000] {dag.py:3441} INFO - Setting next_dagrun for example_nested_branch_dag to 2023-02-09T00:00:00+00:00, run_after=2023-02-10T00:00:00+00:00
[2023-02-10T02:09:21.199+0000] {processor.py:175} INFO - Processing /home/airflow/.local/lib/python3.7/site-packages/airflow/example_dags/example_nested_branch_dag.py took 0.805 seconds
[2023-02-10T02:09:52.642+0000] {processor.py:153} INFO - Started process (PID=2132) to work on /home/airflow/.local/lib/python3.7/site-packages/airflow/example_dags/example_nested_branch_dag.py
[2023-02-10T02:09:52.652+0000] {processor.py:743} INFO - Processing file /home/airflow/.local/lib/python3.7/site-packages/airflow/example_dags/example_nested_branch_dag.py for tasks to queue
[2023-02-10T02:09:52.671+0000] {logging_mixin.py:137} INFO - [2023-02-10T02:09:52.665+0000] {dagbag.py:538} INFO - Filling up the DagBag from /home/airflow/.local/lib/python3.7/site-packages/airflow/example_dags/example_nested_branch_dag.py
[2023-02-10T02:09:52.931+0000] {processor.py:753} INFO - DAG(s) dict_keys(['example_nested_branch_dag']) retrieved from /home/airflow/.local/lib/python3.7/site-packages/airflow/example_dags/example_nested_branch_dag.py
[2023-02-10T02:09:53.116+0000] {logging_mixin.py:137} INFO - [2023-02-10T02:09:53.115+0000] {dag.py:2690} INFO - Sync 1 DAGs
[2023-02-10T02:09:53.618+0000] {logging_mixin.py:137} INFO - [2023-02-10T02:09:53.617+0000] {dag.py:3441} INFO - Setting next_dagrun for example_nested_branch_dag to 2023-02-09T00:00:00+00:00, run_after=2023-02-10T00:00:00+00:00
[2023-02-10T02:09:54.002+0000] {processor.py:175} INFO - Processing /home/airflow/.local/lib/python3.7/site-packages/airflow/example_dags/example_nested_branch_dag.py took 1.376 seconds
[2023-02-10T02:10:36.011+0000] {processor.py:153} INFO - Started process (PID=2191) to work on /home/airflow/.local/lib/python3.7/site-packages/airflow/example_dags/example_nested_branch_dag.py
[2023-02-10T02:10:36.022+0000] {processor.py:743} INFO - Processing file /home/airflow/.local/lib/python3.7/site-packages/airflow/example_dags/example_nested_branch_dag.py for tasks to queue
[2023-02-10T02:10:36.030+0000] {logging_mixin.py:137} INFO - [2023-02-10T02:10:36.030+0000] {dagbag.py:538} INFO - Filling up the DagBag from /home/airflow/.local/lib/python3.7/site-packages/airflow/example_dags/example_nested_branch_dag.py
[2023-02-10T02:10:36.200+0000] {processor.py:753} INFO - DAG(s) dict_keys(['example_nested_branch_dag']) retrieved from /home/airflow/.local/lib/python3.7/site-packages/airflow/example_dags/example_nested_branch_dag.py
[2023-02-10T02:10:36.381+0000] {logging_mixin.py:137} INFO - [2023-02-10T02:10:36.381+0000] {dag.py:2690} INFO - Sync 1 DAGs
[2023-02-10T02:10:36.624+0000] {logging_mixin.py:137} INFO - [2023-02-10T02:10:36.623+0000] {dag.py:3441} INFO - Setting next_dagrun for example_nested_branch_dag to 2023-02-09T00:00:00+00:00, run_after=2023-02-10T00:00:00+00:00
[2023-02-10T02:10:36.838+0000] {processor.py:175} INFO - Processing /home/airflow/.local/lib/python3.7/site-packages/airflow/example_dags/example_nested_branch_dag.py took 0.904 seconds
[2023-02-10T02:11:07.687+0000] {processor.py:153} INFO - Started process (PID=2249) to work on /home/airflow/.local/lib/python3.7/site-packages/airflow/example_dags/example_nested_branch_dag.py
[2023-02-10T02:11:07.694+0000] {processor.py:743} INFO - Processing file /home/airflow/.local/lib/python3.7/site-packages/airflow/example_dags/example_nested_branch_dag.py for tasks to queue
[2023-02-10T02:11:07.705+0000] {logging_mixin.py:137} INFO - [2023-02-10T02:11:07.703+0000] {dagbag.py:538} INFO - Filling up the DagBag from /home/airflow/.local/lib/python3.7/site-packages/airflow/example_dags/example_nested_branch_dag.py
[2023-02-10T02:11:07.830+0000] {processor.py:753} INFO - DAG(s) dict_keys(['example_nested_branch_dag']) retrieved from /home/airflow/.local/lib/python3.7/site-packages/airflow/example_dags/example_nested_branch_dag.py
[2023-02-10T02:11:07.980+0000] {logging_mixin.py:137} INFO - [2023-02-10T02:11:07.980+0000] {dag.py:2690} INFO - Sync 1 DAGs
[2023-02-10T02:11:08.088+0000] {logging_mixin.py:137} INFO - [2023-02-10T02:11:08.088+0000] {dag.py:3441} INFO - Setting next_dagrun for example_nested_branch_dag to 2023-02-09T00:00:00+00:00, run_after=2023-02-10T00:00:00+00:00
[2023-02-10T02:11:08.226+0000] {processor.py:175} INFO - Processing /home/airflow/.local/lib/python3.7/site-packages/airflow/example_dags/example_nested_branch_dag.py took 0.561 seconds
[2023-02-10T02:11:39.017+0000] {processor.py:153} INFO - Started process (PID=2299) to work on /home/airflow/.local/lib/python3.7/site-packages/airflow/example_dags/example_nested_branch_dag.py
[2023-02-10T02:11:39.021+0000] {processor.py:743} INFO - Processing file /home/airflow/.local/lib/python3.7/site-packages/airflow/example_dags/example_nested_branch_dag.py for tasks to queue
[2023-02-10T02:11:39.034+0000] {logging_mixin.py:137} INFO - [2023-02-10T02:11:39.033+0000] {dagbag.py:538} INFO - Filling up the DagBag from /home/airflow/.local/lib/python3.7/site-packages/airflow/example_dags/example_nested_branch_dag.py
[2023-02-10T02:11:39.160+0000] {processor.py:753} INFO - DAG(s) dict_keys(['example_nested_branch_dag']) retrieved from /home/airflow/.local/lib/python3.7/site-packages/airflow/example_dags/example_nested_branch_dag.py
[2023-02-10T02:11:39.290+0000] {logging_mixin.py:137} INFO - [2023-02-10T02:11:39.290+0000] {dag.py:2690} INFO - Sync 1 DAGs
[2023-02-10T02:11:39.415+0000] {logging_mixin.py:137} INFO - [2023-02-10T02:11:39.415+0000] {dag.py:3441} INFO - Setting next_dagrun for example_nested_branch_dag to 2023-02-09T00:00:00+00:00, run_after=2023-02-10T00:00:00+00:00
[2023-02-10T02:11:39.534+0000] {processor.py:175} INFO - Processing /home/airflow/.local/lib/python3.7/site-packages/airflow/example_dags/example_nested_branch_dag.py took 0.533 seconds
[2023-02-10T02:12:09.908+0000] {processor.py:153} INFO - Started process (PID=2358) to work on /home/airflow/.local/lib/python3.7/site-packages/airflow/example_dags/example_nested_branch_dag.py
[2023-02-10T02:12:09.912+0000] {processor.py:743} INFO - Processing file /home/airflow/.local/lib/python3.7/site-packages/airflow/example_dags/example_nested_branch_dag.py for tasks to queue
[2023-02-10T02:12:09.916+0000] {logging_mixin.py:137} INFO - [2023-02-10T02:12:09.916+0000] {dagbag.py:538} INFO - Filling up the DagBag from /home/airflow/.local/lib/python3.7/site-packages/airflow/example_dags/example_nested_branch_dag.py
[2023-02-10T02:12:09.982+0000] {processor.py:753} INFO - DAG(s) dict_keys(['example_nested_branch_dag']) retrieved from /home/airflow/.local/lib/python3.7/site-packages/airflow/example_dags/example_nested_branch_dag.py
[2023-02-10T02:12:10.049+0000] {logging_mixin.py:137} INFO - [2023-02-10T02:12:10.049+0000] {dag.py:2690} INFO - Sync 1 DAGs
[2023-02-10T02:12:10.129+0000] {logging_mixin.py:137} INFO - [2023-02-10T02:12:10.128+0000] {dag.py:3441} INFO - Setting next_dagrun for example_nested_branch_dag to 2023-02-09T00:00:00+00:00, run_after=2023-02-10T00:00:00+00:00
[2023-02-10T02:12:10.205+0000] {processor.py:175} INFO - Processing /home/airflow/.local/lib/python3.7/site-packages/airflow/example_dags/example_nested_branch_dag.py took 0.307 seconds
[2023-02-10T02:12:42.727+0000] {processor.py:153} INFO - Started process (PID=2417) to work on /home/airflow/.local/lib/python3.7/site-packages/airflow/example_dags/example_nested_branch_dag.py
[2023-02-10T02:12:42.731+0000] {processor.py:743} INFO - Processing file /home/airflow/.local/lib/python3.7/site-packages/airflow/example_dags/example_nested_branch_dag.py for tasks to queue
[2023-02-10T02:12:42.738+0000] {logging_mixin.py:137} INFO - [2023-02-10T02:12:42.738+0000] {dagbag.py:538} INFO - Filling up the DagBag from /home/airflow/.local/lib/python3.7/site-packages/airflow/example_dags/example_nested_branch_dag.py
[2023-02-10T02:12:42.867+0000] {processor.py:753} INFO - DAG(s) dict_keys(['example_nested_branch_dag']) retrieved from /home/airflow/.local/lib/python3.7/site-packages/airflow/example_dags/example_nested_branch_dag.py
[2023-02-10T02:12:43.056+0000] {logging_mixin.py:137} INFO - [2023-02-10T02:12:43.055+0000] {dag.py:2690} INFO - Sync 1 DAGs
[2023-02-10T02:12:43.172+0000] {logging_mixin.py:137} INFO - [2023-02-10T02:12:43.172+0000] {dag.py:3441} INFO - Setting next_dagrun for example_nested_branch_dag to 2023-02-09T00:00:00+00:00, run_after=2023-02-10T00:00:00+00:00
[2023-02-10T02:12:43.233+0000] {processor.py:175} INFO - Processing /home/airflow/.local/lib/python3.7/site-packages/airflow/example_dags/example_nested_branch_dag.py took 0.527 seconds
[2023-02-10T02:13:22.595+0000] {processor.py:153} INFO - Started process (PID=2483) to work on /home/airflow/.local/lib/python3.7/site-packages/airflow/example_dags/example_nested_branch_dag.py
[2023-02-10T02:13:22.598+0000] {processor.py:743} INFO - Processing file /home/airflow/.local/lib/python3.7/site-packages/airflow/example_dags/example_nested_branch_dag.py for tasks to queue
[2023-02-10T02:13:22.603+0000] {logging_mixin.py:137} INFO - [2023-02-10T02:13:22.603+0000] {dagbag.py:538} INFO - Filling up the DagBag from /home/airflow/.local/lib/python3.7/site-packages/airflow/example_dags/example_nested_branch_dag.py
[2023-02-10T02:13:22.702+0000] {processor.py:753} INFO - DAG(s) dict_keys(['example_nested_branch_dag']) retrieved from /home/airflow/.local/lib/python3.7/site-packages/airflow/example_dags/example_nested_branch_dag.py
[2023-02-10T02:13:22.776+0000] {logging_mixin.py:137} INFO - [2023-02-10T02:13:22.776+0000] {dag.py:2690} INFO - Sync 1 DAGs
[2023-02-10T02:13:22.992+0000] {logging_mixin.py:137} INFO - [2023-02-10T02:13:22.991+0000] {dag.py:3441} INFO - Setting next_dagrun for example_nested_branch_dag to 2023-02-09T00:00:00+00:00, run_after=2023-02-10T00:00:00+00:00
[2023-02-10T02:13:23.444+0000] {processor.py:175} INFO - Processing /home/airflow/.local/lib/python3.7/site-packages/airflow/example_dags/example_nested_branch_dag.py took 0.858 seconds
[2023-02-10T02:14:03.125+0000] {processor.py:153} INFO - Started process (PID=2550) to work on /home/airflow/.local/lib/python3.7/site-packages/airflow/example_dags/example_nested_branch_dag.py
[2023-02-10T02:14:03.131+0000] {processor.py:743} INFO - Processing file /home/airflow/.local/lib/python3.7/site-packages/airflow/example_dags/example_nested_branch_dag.py for tasks to queue
[2023-02-10T02:14:03.134+0000] {logging_mixin.py:137} INFO - [2023-02-10T02:14:03.134+0000] {dagbag.py:538} INFO - Filling up the DagBag from /home/airflow/.local/lib/python3.7/site-packages/airflow/example_dags/example_nested_branch_dag.py
[2023-02-10T02:14:03.211+0000] {processor.py:753} INFO - DAG(s) dict_keys(['example_nested_branch_dag']) retrieved from /home/airflow/.local/lib/python3.7/site-packages/airflow/example_dags/example_nested_branch_dag.py
[2023-02-10T02:14:03.307+0000] {logging_mixin.py:137} INFO - [2023-02-10T02:14:03.307+0000] {dag.py:2690} INFO - Sync 1 DAGs
[2023-02-10T02:14:03.387+0000] {logging_mixin.py:137} INFO - [2023-02-10T02:14:03.387+0000] {dag.py:3441} INFO - Setting next_dagrun for example_nested_branch_dag to 2023-02-09T00:00:00+00:00, run_after=2023-02-10T00:00:00+00:00
[2023-02-10T02:14:03.491+0000] {processor.py:175} INFO - Processing /home/airflow/.local/lib/python3.7/site-packages/airflow/example_dags/example_nested_branch_dag.py took 0.375 seconds
[2023-02-10T02:14:41.596+0000] {processor.py:153} INFO - Started process (PID=2614) to work on /home/airflow/.local/lib/python3.7/site-packages/airflow/example_dags/example_nested_branch_dag.py
[2023-02-10T02:14:41.619+0000] {processor.py:743} INFO - Processing file /home/airflow/.local/lib/python3.7/site-packages/airflow/example_dags/example_nested_branch_dag.py for tasks to queue
[2023-02-10T02:14:41.636+0000] {logging_mixin.py:137} INFO - [2023-02-10T02:14:41.635+0000] {dagbag.py:538} INFO - Filling up the DagBag from /home/airflow/.local/lib/python3.7/site-packages/airflow/example_dags/example_nested_branch_dag.py
[2023-02-10T02:14:41.817+0000] {processor.py:753} INFO - DAG(s) dict_keys(['example_nested_branch_dag']) retrieved from /home/airflow/.local/lib/python3.7/site-packages/airflow/example_dags/example_nested_branch_dag.py
[2023-02-10T02:14:41.888+0000] {logging_mixin.py:137} INFO - [2023-02-10T02:14:41.887+0000] {dag.py:2690} INFO - Sync 1 DAGs
[2023-02-10T02:14:42.044+0000] {logging_mixin.py:137} INFO - [2023-02-10T02:14:42.041+0000] {dag.py:3441} INFO - Setting next_dagrun for example_nested_branch_dag to 2023-02-09T00:00:00+00:00, run_after=2023-02-10T00:00:00+00:00
[2023-02-10T02:14:42.148+0000] {processor.py:175} INFO - Processing /home/airflow/.local/lib/python3.7/site-packages/airflow/example_dags/example_nested_branch_dag.py took 0.705 seconds
[2023-02-10T02:15:15.056+0000] {processor.py:153} INFO - Started process (PID=2674) to work on /home/airflow/.local/lib/python3.7/site-packages/airflow/example_dags/example_nested_branch_dag.py
[2023-02-10T02:15:15.067+0000] {processor.py:743} INFO - Processing file /home/airflow/.local/lib/python3.7/site-packages/airflow/example_dags/example_nested_branch_dag.py for tasks to queue
[2023-02-10T02:15:15.077+0000] {logging_mixin.py:137} INFO - [2023-02-10T02:15:15.076+0000] {dagbag.py:538} INFO - Filling up the DagBag from /home/airflow/.local/lib/python3.7/site-packages/airflow/example_dags/example_nested_branch_dag.py
[2023-02-10T02:15:15.316+0000] {processor.py:753} INFO - DAG(s) dict_keys(['example_nested_branch_dag']) retrieved from /home/airflow/.local/lib/python3.7/site-packages/airflow/example_dags/example_nested_branch_dag.py
[2023-02-10T02:15:15.464+0000] {logging_mixin.py:137} INFO - [2023-02-10T02:15:15.463+0000] {dag.py:2690} INFO - Sync 1 DAGs
[2023-02-10T02:15:15.557+0000] {logging_mixin.py:137} INFO - [2023-02-10T02:15:15.556+0000] {dag.py:3441} INFO - Setting next_dagrun for example_nested_branch_dag to 2023-02-09T00:00:00+00:00, run_after=2023-02-10T00:00:00+00:00
[2023-02-10T02:15:15.651+0000] {processor.py:175} INFO - Processing /home/airflow/.local/lib/python3.7/site-packages/airflow/example_dags/example_nested_branch_dag.py took 0.619 seconds
[2023-02-10T02:15:50.014+0000] {processor.py:153} INFO - Started process (PID=2737) to work on /home/airflow/.local/lib/python3.7/site-packages/airflow/example_dags/example_nested_branch_dag.py
[2023-02-10T02:15:50.040+0000] {processor.py:743} INFO - Processing file /home/airflow/.local/lib/python3.7/site-packages/airflow/example_dags/example_nested_branch_dag.py for tasks to queue
[2023-02-10T02:15:50.069+0000] {logging_mixin.py:137} INFO - [2023-02-10T02:15:50.063+0000] {dagbag.py:538} INFO - Filling up the DagBag from /home/airflow/.local/lib/python3.7/site-packages/airflow/example_dags/example_nested_branch_dag.py
[2023-02-10T02:15:50.303+0000] {processor.py:753} INFO - DAG(s) dict_keys(['example_nested_branch_dag']) retrieved from /home/airflow/.local/lib/python3.7/site-packages/airflow/example_dags/example_nested_branch_dag.py
[2023-02-10T02:15:50.429+0000] {logging_mixin.py:137} INFO - [2023-02-10T02:15:50.428+0000] {dag.py:2690} INFO - Sync 1 DAGs
[2023-02-10T02:15:50.593+0000] {logging_mixin.py:137} INFO - [2023-02-10T02:15:50.593+0000] {dag.py:3441} INFO - Setting next_dagrun for example_nested_branch_dag to 2023-02-09T00:00:00+00:00, run_after=2023-02-10T00:00:00+00:00
[2023-02-10T02:15:50.647+0000] {processor.py:175} INFO - Processing /home/airflow/.local/lib/python3.7/site-packages/airflow/example_dags/example_nested_branch_dag.py took 0.648 seconds
[2023-02-10T02:16:21.058+0000] {processor.py:153} INFO - Started process (PID=2787) to work on /home/airflow/.local/lib/python3.7/site-packages/airflow/example_dags/example_nested_branch_dag.py
[2023-02-10T02:16:21.078+0000] {processor.py:743} INFO - Processing file /home/airflow/.local/lib/python3.7/site-packages/airflow/example_dags/example_nested_branch_dag.py for tasks to queue
[2023-02-10T02:16:21.082+0000] {logging_mixin.py:137} INFO - [2023-02-10T02:16:21.081+0000] {dagbag.py:538} INFO - Filling up the DagBag from /home/airflow/.local/lib/python3.7/site-packages/airflow/example_dags/example_nested_branch_dag.py
[2023-02-10T02:16:21.205+0000] {processor.py:753} INFO - DAG(s) dict_keys(['example_nested_branch_dag']) retrieved from /home/airflow/.local/lib/python3.7/site-packages/airflow/example_dags/example_nested_branch_dag.py
[2023-02-10T02:16:21.336+0000] {logging_mixin.py:137} INFO - [2023-02-10T02:16:21.335+0000] {dag.py:2690} INFO - Sync 1 DAGs
[2023-02-10T02:16:21.428+0000] {logging_mixin.py:137} INFO - [2023-02-10T02:16:21.428+0000] {dag.py:3441} INFO - Setting next_dagrun for example_nested_branch_dag to 2023-02-09T00:00:00+00:00, run_after=2023-02-10T00:00:00+00:00
[2023-02-10T02:16:21.528+0000] {processor.py:175} INFO - Processing /home/airflow/.local/lib/python3.7/site-packages/airflow/example_dags/example_nested_branch_dag.py took 0.528 seconds
[2023-02-10T02:16:53.148+0000] {processor.py:153} INFO - Started process (PID=2846) to work on /home/airflow/.local/lib/python3.7/site-packages/airflow/example_dags/example_nested_branch_dag.py
[2023-02-10T02:16:53.159+0000] {processor.py:743} INFO - Processing file /home/airflow/.local/lib/python3.7/site-packages/airflow/example_dags/example_nested_branch_dag.py for tasks to queue
[2023-02-10T02:16:53.178+0000] {logging_mixin.py:137} INFO - [2023-02-10T02:16:53.178+0000] {dagbag.py:538} INFO - Filling up the DagBag from /home/airflow/.local/lib/python3.7/site-packages/airflow/example_dags/example_nested_branch_dag.py
[2023-02-10T02:16:53.429+0000] {processor.py:753} INFO - DAG(s) dict_keys(['example_nested_branch_dag']) retrieved from /home/airflow/.local/lib/python3.7/site-packages/airflow/example_dags/example_nested_branch_dag.py
[2023-02-10T02:16:53.506+0000] {logging_mixin.py:137} INFO - [2023-02-10T02:16:53.506+0000] {dag.py:2690} INFO - Sync 1 DAGs
[2023-02-10T02:16:53.685+0000] {logging_mixin.py:137} INFO - [2023-02-10T02:16:53.685+0000] {dag.py:3441} INFO - Setting next_dagrun for example_nested_branch_dag to 2023-02-09T00:00:00+00:00, run_after=2023-02-10T00:00:00+00:00
[2023-02-10T02:16:53.755+0000] {processor.py:175} INFO - Processing /home/airflow/.local/lib/python3.7/site-packages/airflow/example_dags/example_nested_branch_dag.py took 0.640 seconds
[2023-02-10T02:17:24.046+0000] {processor.py:153} INFO - Started process (PID=2905) to work on /home/airflow/.local/lib/python3.7/site-packages/airflow/example_dags/example_nested_branch_dag.py
[2023-02-10T02:17:24.055+0000] {processor.py:743} INFO - Processing file /home/airflow/.local/lib/python3.7/site-packages/airflow/example_dags/example_nested_branch_dag.py for tasks to queue
[2023-02-10T02:17:24.059+0000] {logging_mixin.py:137} INFO - [2023-02-10T02:17:24.059+0000] {dagbag.py:538} INFO - Filling up the DagBag from /home/airflow/.local/lib/python3.7/site-packages/airflow/example_dags/example_nested_branch_dag.py
[2023-02-10T02:17:24.292+0000] {processor.py:753} INFO - DAG(s) dict_keys(['example_nested_branch_dag']) retrieved from /home/airflow/.local/lib/python3.7/site-packages/airflow/example_dags/example_nested_branch_dag.py
[2023-02-10T02:17:24.396+0000] {logging_mixin.py:137} INFO - [2023-02-10T02:17:24.396+0000] {dag.py:2690} INFO - Sync 1 DAGs
[2023-02-10T02:17:24.561+0000] {logging_mixin.py:137} INFO - [2023-02-10T02:17:24.561+0000] {dag.py:3441} INFO - Setting next_dagrun for example_nested_branch_dag to 2023-02-09T00:00:00+00:00, run_after=2023-02-10T00:00:00+00:00
[2023-02-10T02:17:24.673+0000] {processor.py:175} INFO - Processing /home/airflow/.local/lib/python3.7/site-packages/airflow/example_dags/example_nested_branch_dag.py took 0.640 seconds
[2023-02-10T02:18:07.631+0000] {processor.py:153} INFO - Started process (PID=2962) to work on /home/airflow/.local/lib/python3.7/site-packages/airflow/example_dags/example_nested_branch_dag.py
[2023-02-10T02:18:07.638+0000] {processor.py:743} INFO - Processing file /home/airflow/.local/lib/python3.7/site-packages/airflow/example_dags/example_nested_branch_dag.py for tasks to queue
[2023-02-10T02:18:07.644+0000] {logging_mixin.py:137} INFO - [2023-02-10T02:18:07.644+0000] {dagbag.py:538} INFO - Filling up the DagBag from /home/airflow/.local/lib/python3.7/site-packages/airflow/example_dags/example_nested_branch_dag.py
[2023-02-10T02:18:07.887+0000] {processor.py:753} INFO - DAG(s) dict_keys(['example_nested_branch_dag']) retrieved from /home/airflow/.local/lib/python3.7/site-packages/airflow/example_dags/example_nested_branch_dag.py
[2023-02-10T02:18:08.069+0000] {logging_mixin.py:137} INFO - [2023-02-10T02:18:08.068+0000] {dag.py:2690} INFO - Sync 1 DAGs
[2023-02-10T02:18:08.224+0000] {logging_mixin.py:137} INFO - [2023-02-10T02:18:08.224+0000] {dag.py:3441} INFO - Setting next_dagrun for example_nested_branch_dag to 2023-02-09T00:00:00+00:00, run_after=2023-02-10T00:00:00+00:00
[2023-02-10T02:18:08.364+0000] {processor.py:175} INFO - Processing /home/airflow/.local/lib/python3.7/site-packages/airflow/example_dags/example_nested_branch_dag.py took 0.784 seconds
[2023-02-10T02:18:38.794+0000] {processor.py:153} INFO - Started process (PID=3020) to work on /home/airflow/.local/lib/python3.7/site-packages/airflow/example_dags/example_nested_branch_dag.py
[2023-02-10T02:18:38.799+0000] {processor.py:743} INFO - Processing file /home/airflow/.local/lib/python3.7/site-packages/airflow/example_dags/example_nested_branch_dag.py for tasks to queue
[2023-02-10T02:18:38.805+0000] {logging_mixin.py:137} INFO - [2023-02-10T02:18:38.805+0000] {dagbag.py:538} INFO - Filling up the DagBag from /home/airflow/.local/lib/python3.7/site-packages/airflow/example_dags/example_nested_branch_dag.py
[2023-02-10T02:18:38.877+0000] {processor.py:753} INFO - DAG(s) dict_keys(['example_nested_branch_dag']) retrieved from /home/airflow/.local/lib/python3.7/site-packages/airflow/example_dags/example_nested_branch_dag.py
[2023-02-10T02:18:38.945+0000] {logging_mixin.py:137} INFO - [2023-02-10T02:18:38.945+0000] {dag.py:2690} INFO - Sync 1 DAGs
[2023-02-10T02:18:39.034+0000] {logging_mixin.py:137} INFO - [2023-02-10T02:18:39.033+0000] {dag.py:3441} INFO - Setting next_dagrun for example_nested_branch_dag to 2023-02-09T00:00:00+00:00, run_after=2023-02-10T00:00:00+00:00
[2023-02-10T02:18:39.117+0000] {processor.py:175} INFO - Processing /home/airflow/.local/lib/python3.7/site-packages/airflow/example_dags/example_nested_branch_dag.py took 0.334 seconds
[2023-02-10T02:19:41.208+0000] {processor.py:153} INFO - Started process (PID=86) to work on /home/airflow/.local/lib/python3.7/site-packages/airflow/example_dags/example_nested_branch_dag.py
[2023-02-10T02:19:41.214+0000] {processor.py:743} INFO - Processing file /home/airflow/.local/lib/python3.7/site-packages/airflow/example_dags/example_nested_branch_dag.py for tasks to queue
[2023-02-10T02:19:41.241+0000] {logging_mixin.py:137} INFO - [2023-02-10T02:19:41.229+0000] {dagbag.py:538} INFO - Filling up the DagBag from /home/airflow/.local/lib/python3.7/site-packages/airflow/example_dags/example_nested_branch_dag.py
[2023-02-10T02:19:41.533+0000] {processor.py:753} INFO - DAG(s) dict_keys(['example_nested_branch_dag']) retrieved from /home/airflow/.local/lib/python3.7/site-packages/airflow/example_dags/example_nested_branch_dag.py
[2023-02-10T02:19:41.788+0000] {logging_mixin.py:137} INFO - [2023-02-10T02:19:41.788+0000] {dag.py:2690} INFO - Sync 1 DAGs
[2023-02-10T02:19:42.163+0000] {logging_mixin.py:137} INFO - [2023-02-10T02:19:42.163+0000] {dag.py:3441} INFO - Setting next_dagrun for example_nested_branch_dag to 2023-02-09T00:00:00+00:00, run_after=2023-02-10T00:00:00+00:00
[2023-02-10T02:19:42.400+0000] {processor.py:175} INFO - Processing /home/airflow/.local/lib/python3.7/site-packages/airflow/example_dags/example_nested_branch_dag.py took 1.230 seconds
[2023-02-10T02:20:17.815+0000] {processor.py:153} INFO - Started process (PID=145) to work on /home/airflow/.local/lib/python3.7/site-packages/airflow/example_dags/example_nested_branch_dag.py
[2023-02-10T02:20:17.844+0000] {processor.py:743} INFO - Processing file /home/airflow/.local/lib/python3.7/site-packages/airflow/example_dags/example_nested_branch_dag.py for tasks to queue
[2023-02-10T02:20:17.875+0000] {logging_mixin.py:137} INFO - [2023-02-10T02:20:17.865+0000] {dagbag.py:538} INFO - Filling up the DagBag from /home/airflow/.local/lib/python3.7/site-packages/airflow/example_dags/example_nested_branch_dag.py
[2023-02-10T02:20:18.761+0000] {processor.py:753} INFO - DAG(s) dict_keys(['example_nested_branch_dag']) retrieved from /home/airflow/.local/lib/python3.7/site-packages/airflow/example_dags/example_nested_branch_dag.py
[2023-02-10T02:20:19.714+0000] {logging_mixin.py:137} INFO - [2023-02-10T02:20:19.714+0000] {dag.py:2690} INFO - Sync 1 DAGs
[2023-02-10T02:20:20.757+0000] {logging_mixin.py:137} INFO - [2023-02-10T02:20:20.751+0000] {dag.py:3441} INFO - Setting next_dagrun for example_nested_branch_dag to 2023-02-09T00:00:00+00:00, run_after=2023-02-10T00:00:00+00:00
[2023-02-10T02:20:21.532+0000] {processor.py:175} INFO - Processing /home/airflow/.local/lib/python3.7/site-packages/airflow/example_dags/example_nested_branch_dag.py took 3.777 seconds
[2023-02-10T02:21:46.475+0000] {processor.py:153} INFO - Started process (PID=241) to work on /home/airflow/.local/lib/python3.7/site-packages/airflow/example_dags/example_nested_branch_dag.py
[2023-02-10T02:21:46.508+0000] {processor.py:743} INFO - Processing file /home/airflow/.local/lib/python3.7/site-packages/airflow/example_dags/example_nested_branch_dag.py for tasks to queue
[2023-02-10T02:21:46.533+0000] {logging_mixin.py:137} INFO - [2023-02-10T02:21:46.533+0000] {dagbag.py:538} INFO - Filling up the DagBag from /home/airflow/.local/lib/python3.7/site-packages/airflow/example_dags/example_nested_branch_dag.py
[2023-02-10T02:21:47.032+0000] {processor.py:753} INFO - DAG(s) dict_keys(['example_nested_branch_dag']) retrieved from /home/airflow/.local/lib/python3.7/site-packages/airflow/example_dags/example_nested_branch_dag.py
[2023-02-10T02:21:47.394+0000] {logging_mixin.py:137} INFO - [2023-02-10T02:21:47.393+0000] {dag.py:2690} INFO - Sync 1 DAGs
[2023-02-10T02:21:47.749+0000] {logging_mixin.py:137} INFO - [2023-02-10T02:21:47.749+0000] {dag.py:3441} INFO - Setting next_dagrun for example_nested_branch_dag to 2023-02-09T00:00:00+00:00, run_after=2023-02-10T00:00:00+00:00
[2023-02-10T02:21:48.001+0000] {processor.py:175} INFO - Processing /home/airflow/.local/lib/python3.7/site-packages/airflow/example_dags/example_nested_branch_dag.py took 1.612 seconds
[2023-02-10T02:22:20.453+0000] {processor.py:153} INFO - Started process (PID=292) to work on /home/airflow/.local/lib/python3.7/site-packages/airflow/example_dags/example_nested_branch_dag.py
[2023-02-10T02:22:20.493+0000] {processor.py:743} INFO - Processing file /home/airflow/.local/lib/python3.7/site-packages/airflow/example_dags/example_nested_branch_dag.py for tasks to queue
[2023-02-10T02:22:20.540+0000] {logging_mixin.py:137} INFO - [2023-02-10T02:22:20.520+0000] {dagbag.py:538} INFO - Filling up the DagBag from /home/airflow/.local/lib/python3.7/site-packages/airflow/example_dags/example_nested_branch_dag.py
[2023-02-10T02:22:21.858+0000] {processor.py:753} INFO - DAG(s) dict_keys(['example_nested_branch_dag']) retrieved from /home/airflow/.local/lib/python3.7/site-packages/airflow/example_dags/example_nested_branch_dag.py
[2023-02-10T02:22:22.513+0000] {logging_mixin.py:137} INFO - [2023-02-10T02:22:22.513+0000] {dag.py:2690} INFO - Sync 1 DAGs
[2023-02-10T02:22:23.136+0000] {logging_mixin.py:137} INFO - [2023-02-10T02:22:23.136+0000] {dag.py:3441} INFO - Setting next_dagrun for example_nested_branch_dag to 2023-02-09T00:00:00+00:00, run_after=2023-02-10T00:00:00+00:00
[2023-02-10T02:22:23.662+0000] {processor.py:175} INFO - Processing /home/airflow/.local/lib/python3.7/site-packages/airflow/example_dags/example_nested_branch_dag.py took 3.288 seconds
[2023-02-10T02:23:23.765+0000] {processor.py:153} INFO - Started process (PID=374) to work on /home/airflow/.local/lib/python3.7/site-packages/airflow/example_dags/example_nested_branch_dag.py
[2023-02-10T02:23:23.787+0000] {processor.py:743} INFO - Processing file /home/airflow/.local/lib/python3.7/site-packages/airflow/example_dags/example_nested_branch_dag.py for tasks to queue
[2023-02-10T02:23:23.798+0000] {logging_mixin.py:137} INFO - [2023-02-10T02:23:23.798+0000] {dagbag.py:538} INFO - Filling up the DagBag from /home/airflow/.local/lib/python3.7/site-packages/airflow/example_dags/example_nested_branch_dag.py
[2023-02-10T02:23:24.241+0000] {processor.py:753} INFO - DAG(s) dict_keys(['example_nested_branch_dag']) retrieved from /home/airflow/.local/lib/python3.7/site-packages/airflow/example_dags/example_nested_branch_dag.py
[2023-02-10T02:23:24.841+0000] {logging_mixin.py:137} INFO - [2023-02-10T02:23:24.840+0000] {dag.py:2690} INFO - Sync 1 DAGs
[2023-02-10T02:23:25.567+0000] {logging_mixin.py:137} INFO - [2023-02-10T02:23:25.567+0000] {dag.py:3441} INFO - Setting next_dagrun for example_nested_branch_dag to 2023-02-09T00:00:00+00:00, run_after=2023-02-10T00:00:00+00:00
[2023-02-10T02:23:25.833+0000] {processor.py:175} INFO - Processing /home/airflow/.local/lib/python3.7/site-packages/airflow/example_dags/example_nested_branch_dag.py took 2.123 seconds
[2023-02-10T02:23:56.177+0000] {processor.py:153} INFO - Started process (PID=432) to work on /home/airflow/.local/lib/python3.7/site-packages/airflow/example_dags/example_nested_branch_dag.py
[2023-02-10T02:23:56.185+0000] {processor.py:743} INFO - Processing file /home/airflow/.local/lib/python3.7/site-packages/airflow/example_dags/example_nested_branch_dag.py for tasks to queue
[2023-02-10T02:23:56.203+0000] {logging_mixin.py:137} INFO - [2023-02-10T02:23:56.201+0000] {dagbag.py:538} INFO - Filling up the DagBag from /home/airflow/.local/lib/python3.7/site-packages/airflow/example_dags/example_nested_branch_dag.py
[2023-02-10T02:23:56.360+0000] {processor.py:753} INFO - DAG(s) dict_keys(['example_nested_branch_dag']) retrieved from /home/airflow/.local/lib/python3.7/site-packages/airflow/example_dags/example_nested_branch_dag.py
[2023-02-10T02:23:56.438+0000] {logging_mixin.py:137} INFO - [2023-02-10T02:23:56.438+0000] {dag.py:2690} INFO - Sync 1 DAGs
[2023-02-10T02:23:56.697+0000] {logging_mixin.py:137} INFO - [2023-02-10T02:23:56.697+0000] {dag.py:3441} INFO - Setting next_dagrun for example_nested_branch_dag to 2023-02-09T00:00:00+00:00, run_after=2023-02-10T00:00:00+00:00
[2023-02-10T02:23:56.906+0000] {processor.py:175} INFO - Processing /home/airflow/.local/lib/python3.7/site-packages/airflow/example_dags/example_nested_branch_dag.py took 0.736 seconds
[2023-02-10T02:24:27.198+0000] {processor.py:153} INFO - Started process (PID=490) to work on /home/airflow/.local/lib/python3.7/site-packages/airflow/example_dags/example_nested_branch_dag.py
[2023-02-10T02:24:27.204+0000] {processor.py:743} INFO - Processing file /home/airflow/.local/lib/python3.7/site-packages/airflow/example_dags/example_nested_branch_dag.py for tasks to queue
[2023-02-10T02:24:27.224+0000] {logging_mixin.py:137} INFO - [2023-02-10T02:24:27.223+0000] {dagbag.py:538} INFO - Filling up the DagBag from /home/airflow/.local/lib/python3.7/site-packages/airflow/example_dags/example_nested_branch_dag.py
[2023-02-10T02:24:27.426+0000] {processor.py:753} INFO - DAG(s) dict_keys(['example_nested_branch_dag']) retrieved from /home/airflow/.local/lib/python3.7/site-packages/airflow/example_dags/example_nested_branch_dag.py
[2023-02-10T02:24:27.865+0000] {logging_mixin.py:137} INFO - [2023-02-10T02:24:27.864+0000] {dag.py:2690} INFO - Sync 1 DAGs
[2023-02-10T02:24:28.130+0000] {logging_mixin.py:137} INFO - [2023-02-10T02:24:28.129+0000] {dag.py:3441} INFO - Setting next_dagrun for example_nested_branch_dag to 2023-02-09T00:00:00+00:00, run_after=2023-02-10T00:00:00+00:00
[2023-02-10T02:24:28.278+0000] {processor.py:175} INFO - Processing /home/airflow/.local/lib/python3.7/site-packages/airflow/example_dags/example_nested_branch_dag.py took 1.094 seconds
[2023-02-10T02:25:00.432+0000] {processor.py:153} INFO - Started process (PID=546) to work on /home/airflow/.local/lib/python3.7/site-packages/airflow/example_dags/example_nested_branch_dag.py
[2023-02-10T02:25:00.454+0000] {processor.py:743} INFO - Processing file /home/airflow/.local/lib/python3.7/site-packages/airflow/example_dags/example_nested_branch_dag.py for tasks to queue
[2023-02-10T02:25:00.464+0000] {logging_mixin.py:137} INFO - [2023-02-10T02:25:00.463+0000] {dagbag.py:538} INFO - Filling up the DagBag from /home/airflow/.local/lib/python3.7/site-packages/airflow/example_dags/example_nested_branch_dag.py
[2023-02-10T02:25:00.696+0000] {processor.py:753} INFO - DAG(s) dict_keys(['example_nested_branch_dag']) retrieved from /home/airflow/.local/lib/python3.7/site-packages/airflow/example_dags/example_nested_branch_dag.py
[2023-02-10T02:25:00.935+0000] {logging_mixin.py:137} INFO - [2023-02-10T02:25:00.934+0000] {dag.py:2690} INFO - Sync 1 DAGs
[2023-02-10T02:25:01.185+0000] {logging_mixin.py:137} INFO - [2023-02-10T02:25:01.185+0000] {dag.py:3441} INFO - Setting next_dagrun for example_nested_branch_dag to 2023-02-09T00:00:00+00:00, run_after=2023-02-10T00:00:00+00:00
[2023-02-10T02:25:01.355+0000] {processor.py:175} INFO - Processing /home/airflow/.local/lib/python3.7/site-packages/airflow/example_dags/example_nested_branch_dag.py took 0.948 seconds
[2023-02-10T02:25:35.590+0000] {processor.py:153} INFO - Started process (PID=597) to work on /home/airflow/.local/lib/python3.7/site-packages/airflow/example_dags/example_nested_branch_dag.py
[2023-02-10T02:25:35.602+0000] {processor.py:743} INFO - Processing file /home/airflow/.local/lib/python3.7/site-packages/airflow/example_dags/example_nested_branch_dag.py for tasks to queue
[2023-02-10T02:25:35.618+0000] {logging_mixin.py:137} INFO - [2023-02-10T02:25:35.618+0000] {dagbag.py:538} INFO - Filling up the DagBag from /home/airflow/.local/lib/python3.7/site-packages/airflow/example_dags/example_nested_branch_dag.py
[2023-02-10T02:25:35.739+0000] {processor.py:753} INFO - DAG(s) dict_keys(['example_nested_branch_dag']) retrieved from /home/airflow/.local/lib/python3.7/site-packages/airflow/example_dags/example_nested_branch_dag.py
[2023-02-10T02:25:35.938+0000] {logging_mixin.py:137} INFO - [2023-02-10T02:25:35.937+0000] {dag.py:2690} INFO - Sync 1 DAGs
[2023-02-10T02:25:36.093+0000] {logging_mixin.py:137} INFO - [2023-02-10T02:25:36.093+0000] {dag.py:3441} INFO - Setting next_dagrun for example_nested_branch_dag to 2023-02-09T00:00:00+00:00, run_after=2023-02-10T00:00:00+00:00
[2023-02-10T02:25:36.200+0000] {processor.py:175} INFO - Processing /home/airflow/.local/lib/python3.7/site-packages/airflow/example_dags/example_nested_branch_dag.py took 0.641 seconds
[2023-02-10T02:26:06.618+0000] {processor.py:153} INFO - Started process (PID=657) to work on /home/airflow/.local/lib/python3.7/site-packages/airflow/example_dags/example_nested_branch_dag.py
[2023-02-10T02:26:06.639+0000] {processor.py:743} INFO - Processing file /home/airflow/.local/lib/python3.7/site-packages/airflow/example_dags/example_nested_branch_dag.py for tasks to queue
[2023-02-10T02:26:06.646+0000] {logging_mixin.py:137} INFO - [2023-02-10T02:26:06.646+0000] {dagbag.py:538} INFO - Filling up the DagBag from /home/airflow/.local/lib/python3.7/site-packages/airflow/example_dags/example_nested_branch_dag.py
[2023-02-10T02:26:06.962+0000] {processor.py:753} INFO - DAG(s) dict_keys(['example_nested_branch_dag']) retrieved from /home/airflow/.local/lib/python3.7/site-packages/airflow/example_dags/example_nested_branch_dag.py
[2023-02-10T02:26:07.192+0000] {logging_mixin.py:137} INFO - [2023-02-10T02:26:07.185+0000] {dag.py:2690} INFO - Sync 1 DAGs
[2023-02-10T02:26:07.423+0000] {logging_mixin.py:137} INFO - [2023-02-10T02:26:07.416+0000] {dag.py:3441} INFO - Setting next_dagrun for example_nested_branch_dag to 2023-02-09T00:00:00+00:00, run_after=2023-02-10T00:00:00+00:00
[2023-02-10T02:26:07.565+0000] {processor.py:175} INFO - Processing /home/airflow/.local/lib/python3.7/site-packages/airflow/example_dags/example_nested_branch_dag.py took 1.008 seconds
[2023-02-10T02:26:37.933+0000] {processor.py:153} INFO - Started process (PID=706) to work on /home/airflow/.local/lib/python3.7/site-packages/airflow/example_dags/example_nested_branch_dag.py
[2023-02-10T02:26:37.944+0000] {processor.py:743} INFO - Processing file /home/airflow/.local/lib/python3.7/site-packages/airflow/example_dags/example_nested_branch_dag.py for tasks to queue
[2023-02-10T02:26:37.948+0000] {logging_mixin.py:137} INFO - [2023-02-10T02:26:37.947+0000] {dagbag.py:538} INFO - Filling up the DagBag from /home/airflow/.local/lib/python3.7/site-packages/airflow/example_dags/example_nested_branch_dag.py
[2023-02-10T02:26:38.246+0000] {processor.py:753} INFO - DAG(s) dict_keys(['example_nested_branch_dag']) retrieved from /home/airflow/.local/lib/python3.7/site-packages/airflow/example_dags/example_nested_branch_dag.py
[2023-02-10T02:26:38.470+0000] {logging_mixin.py:137} INFO - [2023-02-10T02:26:38.470+0000] {dag.py:2690} INFO - Sync 1 DAGs
[2023-02-10T02:26:38.774+0000] {logging_mixin.py:137} INFO - [2023-02-10T02:26:38.774+0000] {dag.py:3441} INFO - Setting next_dagrun for example_nested_branch_dag to 2023-02-09T00:00:00+00:00, run_after=2023-02-10T00:00:00+00:00
[2023-02-10T02:26:38.916+0000] {processor.py:175} INFO - Processing /home/airflow/.local/lib/python3.7/site-packages/airflow/example_dags/example_nested_branch_dag.py took 1.048 seconds
[2023-02-10T02:27:09.497+0000] {processor.py:153} INFO - Started process (PID=764) to work on /home/airflow/.local/lib/python3.7/site-packages/airflow/example_dags/example_nested_branch_dag.py
[2023-02-10T02:27:09.505+0000] {processor.py:743} INFO - Processing file /home/airflow/.local/lib/python3.7/site-packages/airflow/example_dags/example_nested_branch_dag.py for tasks to queue
[2023-02-10T02:27:09.514+0000] {logging_mixin.py:137} INFO - [2023-02-10T02:27:09.514+0000] {dagbag.py:538} INFO - Filling up the DagBag from /home/airflow/.local/lib/python3.7/site-packages/airflow/example_dags/example_nested_branch_dag.py
[2023-02-10T02:27:09.953+0000] {processor.py:753} INFO - DAG(s) dict_keys(['example_nested_branch_dag']) retrieved from /home/airflow/.local/lib/python3.7/site-packages/airflow/example_dags/example_nested_branch_dag.py
[2023-02-10T02:27:10.221+0000] {logging_mixin.py:137} INFO - [2023-02-10T02:27:10.221+0000] {dag.py:2690} INFO - Sync 1 DAGs
[2023-02-10T02:27:10.599+0000] {logging_mixin.py:137} INFO - [2023-02-10T02:27:10.598+0000] {dag.py:3441} INFO - Setting next_dagrun for example_nested_branch_dag to 2023-02-09T00:00:00+00:00, run_after=2023-02-10T00:00:00+00:00
[2023-02-10T02:27:10.732+0000] {processor.py:175} INFO - Processing /home/airflow/.local/lib/python3.7/site-packages/airflow/example_dags/example_nested_branch_dag.py took 1.314 seconds
[2023-02-10T02:27:41.065+0000] {processor.py:153} INFO - Started process (PID=820) to work on /home/airflow/.local/lib/python3.7/site-packages/airflow/example_dags/example_nested_branch_dag.py
[2023-02-10T02:27:41.085+0000] {processor.py:743} INFO - Processing file /home/airflow/.local/lib/python3.7/site-packages/airflow/example_dags/example_nested_branch_dag.py for tasks to queue
[2023-02-10T02:27:41.094+0000] {logging_mixin.py:137} INFO - [2023-02-10T02:27:41.093+0000] {dagbag.py:538} INFO - Filling up the DagBag from /home/airflow/.local/lib/python3.7/site-packages/airflow/example_dags/example_nested_branch_dag.py
[2023-02-10T02:27:41.262+0000] {processor.py:753} INFO - DAG(s) dict_keys(['example_nested_branch_dag']) retrieved from /home/airflow/.local/lib/python3.7/site-packages/airflow/example_dags/example_nested_branch_dag.py
[2023-02-10T02:27:41.484+0000] {logging_mixin.py:137} INFO - [2023-02-10T02:27:41.483+0000] {dag.py:2690} INFO - Sync 1 DAGs
[2023-02-10T02:27:41.739+0000] {logging_mixin.py:137} INFO - [2023-02-10T02:27:41.738+0000] {dag.py:3441} INFO - Setting next_dagrun for example_nested_branch_dag to 2023-02-09T00:00:00+00:00, run_after=2023-02-10T00:00:00+00:00
[2023-02-10T02:27:41.845+0000] {processor.py:175} INFO - Processing /home/airflow/.local/lib/python3.7/site-packages/airflow/example_dags/example_nested_branch_dag.py took 0.795 seconds
[2023-02-10T02:28:22.561+0000] {processor.py:153} INFO - Started process (PID=884) to work on /home/airflow/.local/lib/python3.7/site-packages/airflow/example_dags/example_nested_branch_dag.py
[2023-02-10T02:28:22.585+0000] {processor.py:743} INFO - Processing file /home/airflow/.local/lib/python3.7/site-packages/airflow/example_dags/example_nested_branch_dag.py for tasks to queue
[2023-02-10T02:28:22.605+0000] {logging_mixin.py:137} INFO - [2023-02-10T02:28:22.604+0000] {dagbag.py:538} INFO - Filling up the DagBag from /home/airflow/.local/lib/python3.7/site-packages/airflow/example_dags/example_nested_branch_dag.py
[2023-02-10T02:28:22.951+0000] {processor.py:753} INFO - DAG(s) dict_keys(['example_nested_branch_dag']) retrieved from /home/airflow/.local/lib/python3.7/site-packages/airflow/example_dags/example_nested_branch_dag.py
[2023-02-10T02:28:23.127+0000] {logging_mixin.py:137} INFO - [2023-02-10T02:28:23.127+0000] {dag.py:2690} INFO - Sync 1 DAGs
[2023-02-10T02:28:23.670+0000] {logging_mixin.py:137} INFO - [2023-02-10T02:28:23.670+0000] {dag.py:3441} INFO - Setting next_dagrun for example_nested_branch_dag to 2023-02-09T00:00:00+00:00, run_after=2023-02-10T00:00:00+00:00
[2023-02-10T02:28:24.022+0000] {processor.py:175} INFO - Processing /home/airflow/.local/lib/python3.7/site-packages/airflow/example_dags/example_nested_branch_dag.py took 1.558 seconds
[2023-02-10T02:28:58.437+0000] {processor.py:153} INFO - Started process (PID=935) to work on /home/airflow/.local/lib/python3.7/site-packages/airflow/example_dags/example_nested_branch_dag.py
[2023-02-10T02:28:58.452+0000] {processor.py:743} INFO - Processing file /home/airflow/.local/lib/python3.7/site-packages/airflow/example_dags/example_nested_branch_dag.py for tasks to queue
[2023-02-10T02:28:58.460+0000] {logging_mixin.py:137} INFO - [2023-02-10T02:28:58.460+0000] {dagbag.py:538} INFO - Filling up the DagBag from /home/airflow/.local/lib/python3.7/site-packages/airflow/example_dags/example_nested_branch_dag.py
[2023-02-10T02:28:58.861+0000] {processor.py:753} INFO - DAG(s) dict_keys(['example_nested_branch_dag']) retrieved from /home/airflow/.local/lib/python3.7/site-packages/airflow/example_dags/example_nested_branch_dag.py
[2023-02-10T02:28:59.123+0000] {logging_mixin.py:137} INFO - [2023-02-10T02:28:59.123+0000] {dag.py:2690} INFO - Sync 1 DAGs
[2023-02-10T02:28:59.374+0000] {logging_mixin.py:137} INFO - [2023-02-10T02:28:59.373+0000] {dag.py:3441} INFO - Setting next_dagrun for example_nested_branch_dag to 2023-02-09T00:00:00+00:00, run_after=2023-02-10T00:00:00+00:00
[2023-02-10T02:28:59.531+0000] {processor.py:175} INFO - Processing /home/airflow/.local/lib/python3.7/site-packages/airflow/example_dags/example_nested_branch_dag.py took 1.120 seconds
