[2023-02-10T01:48:50.966+0000] {processor.py:153} INFO - Started process (PID=212) to work on /home/airflow/.local/lib/python3.7/site-packages/airflow/example_dags/example_skip_dag.py
[2023-02-10T01:48:51.008+0000] {processor.py:743} INFO - Processing file /home/airflow/.local/lib/python3.7/site-packages/airflow/example_dags/example_skip_dag.py for tasks to queue
[2023-02-10T01:48:51.175+0000] {logging_mixin.py:137} INFO - [2023-02-10T01:48:51.067+0000] {dagbag.py:538} INFO - Filling up the DagBag from /home/airflow/.local/lib/python3.7/site-packages/airflow/example_dags/example_skip_dag.py
[2023-02-10T01:48:55.704+0000] {processor.py:753} INFO - DAG(s) dict_keys(['example_skip_dag']) retrieved from /home/airflow/.local/lib/python3.7/site-packages/airflow/example_dags/example_skip_dag.py
[2023-02-10T01:49:02.174+0000] {logging_mixin.py:137} INFO - [2023-02-10T01:49:02.174+0000] {dag.py:2690} INFO - Sync 1 DAGs
[2023-02-10T01:49:07.252+0000] {logging_mixin.py:137} INFO - [2023-02-10T01:49:07.224+0000] {dag.py:3441} INFO - Setting next_dagrun for example_skip_dag to 2023-02-09T01:49:07.223526+00:00, run_after=2023-02-10T01:49:07.223526+00:00
[2023-02-10T01:49:14.045+0000] {processor.py:175} INFO - Processing /home/airflow/.local/lib/python3.7/site-packages/airflow/example_dags/example_skip_dag.py took 25.821 seconds
[2023-02-10T01:52:18.913+0000] {processor.py:153} INFO - Started process (PID=342) to work on /home/airflow/.local/lib/python3.7/site-packages/airflow/example_dags/example_skip_dag.py
[2023-02-10T01:52:18.920+0000] {processor.py:743} INFO - Processing file /home/airflow/.local/lib/python3.7/site-packages/airflow/example_dags/example_skip_dag.py for tasks to queue
[2023-02-10T01:52:18.927+0000] {logging_mixin.py:137} INFO - [2023-02-10T01:52:18.927+0000] {dagbag.py:538} INFO - Filling up the DagBag from /home/airflow/.local/lib/python3.7/site-packages/airflow/example_dags/example_skip_dag.py
[2023-02-10T01:52:19.083+0000] {processor.py:753} INFO - DAG(s) dict_keys(['example_skip_dag']) retrieved from /home/airflow/.local/lib/python3.7/site-packages/airflow/example_dags/example_skip_dag.py
[2023-02-10T01:52:19.252+0000] {logging_mixin.py:137} INFO - [2023-02-10T01:52:19.252+0000] {dag.py:2690} INFO - Sync 1 DAGs
[2023-02-10T01:52:19.383+0000] {logging_mixin.py:137} INFO - [2023-02-10T01:52:19.382+0000] {dag.py:3441} INFO - Setting next_dagrun for example_skip_dag to 2023-02-09T01:52:19.381962+00:00, run_after=2023-02-10T01:52:19.381962+00:00
[2023-02-10T01:52:19.582+0000] {processor.py:175} INFO - Processing /home/airflow/.local/lib/python3.7/site-packages/airflow/example_dags/example_skip_dag.py took 0.704 seconds
[2023-02-10T01:52:50.924+0000] {processor.py:153} INFO - Started process (PID=401) to work on /home/airflow/.local/lib/python3.7/site-packages/airflow/example_dags/example_skip_dag.py
[2023-02-10T01:52:50.953+0000] {processor.py:743} INFO - Processing file /home/airflow/.local/lib/python3.7/site-packages/airflow/example_dags/example_skip_dag.py for tasks to queue
[2023-02-10T01:52:50.980+0000] {logging_mixin.py:137} INFO - [2023-02-10T01:52:50.971+0000] {dagbag.py:538} INFO - Filling up the DagBag from /home/airflow/.local/lib/python3.7/site-packages/airflow/example_dags/example_skip_dag.py
[2023-02-10T01:52:51.288+0000] {processor.py:753} INFO - DAG(s) dict_keys(['example_skip_dag']) retrieved from /home/airflow/.local/lib/python3.7/site-packages/airflow/example_dags/example_skip_dag.py
[2023-02-10T01:52:51.597+0000] {logging_mixin.py:137} INFO - [2023-02-10T01:52:51.596+0000] {dag.py:2690} INFO - Sync 1 DAGs
[2023-02-10T01:52:51.852+0000] {logging_mixin.py:137} INFO - [2023-02-10T01:52:51.852+0000] {dag.py:3441} INFO - Setting next_dagrun for example_skip_dag to 2023-02-09T01:52:51.851531+00:00, run_after=2023-02-10T01:52:51.851531+00:00
[2023-02-10T01:52:52.113+0000] {processor.py:175} INFO - Processing /home/airflow/.local/lib/python3.7/site-packages/airflow/example_dags/example_skip_dag.py took 1.245 seconds
[2023-02-10T01:53:22.690+0000] {processor.py:153} INFO - Started process (PID=459) to work on /home/airflow/.local/lib/python3.7/site-packages/airflow/example_dags/example_skip_dag.py
[2023-02-10T01:53:22.731+0000] {processor.py:743} INFO - Processing file /home/airflow/.local/lib/python3.7/site-packages/airflow/example_dags/example_skip_dag.py for tasks to queue
[2023-02-10T01:53:22.756+0000] {logging_mixin.py:137} INFO - [2023-02-10T01:53:22.747+0000] {dagbag.py:538} INFO - Filling up the DagBag from /home/airflow/.local/lib/python3.7/site-packages/airflow/example_dags/example_skip_dag.py
[2023-02-10T01:53:23.045+0000] {processor.py:753} INFO - DAG(s) dict_keys(['example_skip_dag']) retrieved from /home/airflow/.local/lib/python3.7/site-packages/airflow/example_dags/example_skip_dag.py
[2023-02-10T01:53:23.252+0000] {logging_mixin.py:137} INFO - [2023-02-10T01:53:23.251+0000] {dag.py:2690} INFO - Sync 1 DAGs
[2023-02-10T01:53:23.378+0000] {logging_mixin.py:137} INFO - [2023-02-10T01:53:23.377+0000] {dag.py:3441} INFO - Setting next_dagrun for example_skip_dag to 2023-02-09T01:53:23.377408+00:00, run_after=2023-02-10T01:53:23.377408+00:00
[2023-02-10T01:53:23.460+0000] {processor.py:175} INFO - Processing /home/airflow/.local/lib/python3.7/site-packages/airflow/example_dags/example_skip_dag.py took 0.840 seconds
[2023-02-10T01:53:54.057+0000] {processor.py:153} INFO - Started process (PID=508) to work on /home/airflow/.local/lib/python3.7/site-packages/airflow/example_dags/example_skip_dag.py
[2023-02-10T01:53:54.068+0000] {processor.py:743} INFO - Processing file /home/airflow/.local/lib/python3.7/site-packages/airflow/example_dags/example_skip_dag.py for tasks to queue
[2023-02-10T01:53:54.075+0000] {logging_mixin.py:137} INFO - [2023-02-10T01:53:54.073+0000] {dagbag.py:538} INFO - Filling up the DagBag from /home/airflow/.local/lib/python3.7/site-packages/airflow/example_dags/example_skip_dag.py
[2023-02-10T01:53:54.131+0000] {processor.py:753} INFO - DAG(s) dict_keys(['example_skip_dag']) retrieved from /home/airflow/.local/lib/python3.7/site-packages/airflow/example_dags/example_skip_dag.py
[2023-02-10T01:53:54.214+0000] {logging_mixin.py:137} INFO - [2023-02-10T01:53:54.213+0000] {dag.py:2690} INFO - Sync 1 DAGs
[2023-02-10T01:53:54.279+0000] {logging_mixin.py:137} INFO - [2023-02-10T01:53:54.279+0000] {dag.py:3441} INFO - Setting next_dagrun for example_skip_dag to 2023-02-09T01:53:54.279238+00:00, run_after=2023-02-10T01:53:54.279238+00:00
[2023-02-10T01:53:54.319+0000] {processor.py:175} INFO - Processing /home/airflow/.local/lib/python3.7/site-packages/airflow/example_dags/example_skip_dag.py took 0.282 seconds
[2023-02-10T01:54:24.685+0000] {processor.py:153} INFO - Started process (PID=565) to work on /home/airflow/.local/lib/python3.7/site-packages/airflow/example_dags/example_skip_dag.py
[2023-02-10T01:54:24.699+0000] {processor.py:743} INFO - Processing file /home/airflow/.local/lib/python3.7/site-packages/airflow/example_dags/example_skip_dag.py for tasks to queue
[2023-02-10T01:54:24.708+0000] {logging_mixin.py:137} INFO - [2023-02-10T01:54:24.707+0000] {dagbag.py:538} INFO - Filling up the DagBag from /home/airflow/.local/lib/python3.7/site-packages/airflow/example_dags/example_skip_dag.py
[2023-02-10T01:54:24.795+0000] {processor.py:753} INFO - DAG(s) dict_keys(['example_skip_dag']) retrieved from /home/airflow/.local/lib/python3.7/site-packages/airflow/example_dags/example_skip_dag.py
[2023-02-10T01:54:24.950+0000] {logging_mixin.py:137} INFO - [2023-02-10T01:54:24.950+0000] {dag.py:2690} INFO - Sync 1 DAGs
[2023-02-10T01:54:25.160+0000] {logging_mixin.py:137} INFO - [2023-02-10T01:54:25.159+0000] {dag.py:3441} INFO - Setting next_dagrun for example_skip_dag to 2023-02-09T01:54:25.157224+00:00, run_after=2023-02-10T01:54:25.157224+00:00
[2023-02-10T01:54:25.299+0000] {processor.py:175} INFO - Processing /home/airflow/.local/lib/python3.7/site-packages/airflow/example_dags/example_skip_dag.py took 0.644 seconds
[2023-02-10T01:54:55.902+0000] {processor.py:153} INFO - Started process (PID=615) to work on /home/airflow/.local/lib/python3.7/site-packages/airflow/example_dags/example_skip_dag.py
[2023-02-10T01:54:55.915+0000] {processor.py:743} INFO - Processing file /home/airflow/.local/lib/python3.7/site-packages/airflow/example_dags/example_skip_dag.py for tasks to queue
[2023-02-10T01:54:55.922+0000] {logging_mixin.py:137} INFO - [2023-02-10T01:54:55.920+0000] {dagbag.py:538} INFO - Filling up the DagBag from /home/airflow/.local/lib/python3.7/site-packages/airflow/example_dags/example_skip_dag.py
[2023-02-10T01:54:56.017+0000] {processor.py:753} INFO - DAG(s) dict_keys(['example_skip_dag']) retrieved from /home/airflow/.local/lib/python3.7/site-packages/airflow/example_dags/example_skip_dag.py
[2023-02-10T01:54:56.129+0000] {logging_mixin.py:137} INFO - [2023-02-10T01:54:56.128+0000] {dag.py:2690} INFO - Sync 1 DAGs
[2023-02-10T01:54:56.213+0000] {logging_mixin.py:137} INFO - [2023-02-10T01:54:56.212+0000] {dag.py:3441} INFO - Setting next_dagrun for example_skip_dag to 2023-02-09T01:54:56.212186+00:00, run_after=2023-02-10T01:54:56.212186+00:00
[2023-02-10T01:54:56.276+0000] {processor.py:175} INFO - Processing /home/airflow/.local/lib/python3.7/site-packages/airflow/example_dags/example_skip_dag.py took 0.394 seconds
[2023-02-10T01:55:26.475+0000] {processor.py:153} INFO - Started process (PID=673) to work on /home/airflow/.local/lib/python3.7/site-packages/airflow/example_dags/example_skip_dag.py
[2023-02-10T01:55:26.479+0000] {processor.py:743} INFO - Processing file /home/airflow/.local/lib/python3.7/site-packages/airflow/example_dags/example_skip_dag.py for tasks to queue
[2023-02-10T01:55:26.484+0000] {logging_mixin.py:137} INFO - [2023-02-10T01:55:26.484+0000] {dagbag.py:538} INFO - Filling up the DagBag from /home/airflow/.local/lib/python3.7/site-packages/airflow/example_dags/example_skip_dag.py
[2023-02-10T01:55:26.555+0000] {processor.py:753} INFO - DAG(s) dict_keys(['example_skip_dag']) retrieved from /home/airflow/.local/lib/python3.7/site-packages/airflow/example_dags/example_skip_dag.py
[2023-02-10T01:55:26.674+0000] {logging_mixin.py:137} INFO - [2023-02-10T01:55:26.673+0000] {dag.py:2690} INFO - Sync 1 DAGs
[2023-02-10T01:55:26.767+0000] {logging_mixin.py:137} INFO - [2023-02-10T01:55:26.767+0000] {dag.py:3441} INFO - Setting next_dagrun for example_skip_dag to 2023-02-09T01:55:26.766598+00:00, run_after=2023-02-10T01:55:26.766598+00:00
[2023-02-10T01:55:26.889+0000] {processor.py:175} INFO - Processing /home/airflow/.local/lib/python3.7/site-packages/airflow/example_dags/example_skip_dag.py took 0.433 seconds
[2023-02-10T01:55:57.567+0000] {processor.py:153} INFO - Started process (PID=731) to work on /home/airflow/.local/lib/python3.7/site-packages/airflow/example_dags/example_skip_dag.py
[2023-02-10T01:55:57.572+0000] {processor.py:743} INFO - Processing file /home/airflow/.local/lib/python3.7/site-packages/airflow/example_dags/example_skip_dag.py for tasks to queue
[2023-02-10T01:55:57.579+0000] {logging_mixin.py:137} INFO - [2023-02-10T01:55:57.579+0000] {dagbag.py:538} INFO - Filling up the DagBag from /home/airflow/.local/lib/python3.7/site-packages/airflow/example_dags/example_skip_dag.py
[2023-02-10T01:55:57.811+0000] {processor.py:753} INFO - DAG(s) dict_keys(['example_skip_dag']) retrieved from /home/airflow/.local/lib/python3.7/site-packages/airflow/example_dags/example_skip_dag.py
[2023-02-10T01:55:57.991+0000] {logging_mixin.py:137} INFO - [2023-02-10T01:55:57.991+0000] {dag.py:2690} INFO - Sync 1 DAGs
[2023-02-10T01:55:58.228+0000] {logging_mixin.py:137} INFO - [2023-02-10T01:55:58.228+0000] {dag.py:3441} INFO - Setting next_dagrun for example_skip_dag to 2023-02-09T01:55:58.222193+00:00, run_after=2023-02-10T01:55:58.222193+00:00
[2023-02-10T01:55:58.384+0000] {processor.py:175} INFO - Processing /home/airflow/.local/lib/python3.7/site-packages/airflow/example_dags/example_skip_dag.py took 0.861 seconds
[2023-02-10T01:56:28.652+0000] {processor.py:153} INFO - Started process (PID=789) to work on /home/airflow/.local/lib/python3.7/site-packages/airflow/example_dags/example_skip_dag.py
[2023-02-10T01:56:28.663+0000] {processor.py:743} INFO - Processing file /home/airflow/.local/lib/python3.7/site-packages/airflow/example_dags/example_skip_dag.py for tasks to queue
[2023-02-10T01:56:28.676+0000] {logging_mixin.py:137} INFO - [2023-02-10T01:56:28.676+0000] {dagbag.py:538} INFO - Filling up the DagBag from /home/airflow/.local/lib/python3.7/site-packages/airflow/example_dags/example_skip_dag.py
[2023-02-10T01:56:28.721+0000] {processor.py:753} INFO - DAG(s) dict_keys(['example_skip_dag']) retrieved from /home/airflow/.local/lib/python3.7/site-packages/airflow/example_dags/example_skip_dag.py
[2023-02-10T01:56:28.783+0000] {logging_mixin.py:137} INFO - [2023-02-10T01:56:28.782+0000] {dag.py:2690} INFO - Sync 1 DAGs
[2023-02-10T01:56:28.852+0000] {logging_mixin.py:137} INFO - [2023-02-10T01:56:28.852+0000] {dag.py:3441} INFO - Setting next_dagrun for example_skip_dag to 2023-02-09T01:56:28.851736+00:00, run_after=2023-02-10T01:56:28.851736+00:00
[2023-02-10T01:56:28.946+0000] {processor.py:175} INFO - Processing /home/airflow/.local/lib/python3.7/site-packages/airflow/example_dags/example_skip_dag.py took 0.301 seconds
[2023-02-10T01:56:59.479+0000] {processor.py:153} INFO - Started process (PID=837) to work on /home/airflow/.local/lib/python3.7/site-packages/airflow/example_dags/example_skip_dag.py
[2023-02-10T01:56:59.482+0000] {processor.py:743} INFO - Processing file /home/airflow/.local/lib/python3.7/site-packages/airflow/example_dags/example_skip_dag.py for tasks to queue
[2023-02-10T01:56:59.489+0000] {logging_mixin.py:137} INFO - [2023-02-10T01:56:59.487+0000] {dagbag.py:538} INFO - Filling up the DagBag from /home/airflow/.local/lib/python3.7/site-packages/airflow/example_dags/example_skip_dag.py
[2023-02-10T01:56:59.541+0000] {processor.py:753} INFO - DAG(s) dict_keys(['example_skip_dag']) retrieved from /home/airflow/.local/lib/python3.7/site-packages/airflow/example_dags/example_skip_dag.py
[2023-02-10T01:56:59.619+0000] {logging_mixin.py:137} INFO - [2023-02-10T01:56:59.619+0000] {dag.py:2690} INFO - Sync 1 DAGs
[2023-02-10T01:56:59.689+0000] {logging_mixin.py:137} INFO - [2023-02-10T01:56:59.689+0000] {dag.py:3441} INFO - Setting next_dagrun for example_skip_dag to 2023-02-09T01:56:59.688783+00:00, run_after=2023-02-10T01:56:59.688783+00:00
[2023-02-10T01:56:59.879+0000] {processor.py:175} INFO - Processing /home/airflow/.local/lib/python3.7/site-packages/airflow/example_dags/example_skip_dag.py took 0.413 seconds
[2023-02-10T01:57:39.018+0000] {processor.py:153} INFO - Started process (PID=883) to work on /home/airflow/.local/lib/python3.7/site-packages/airflow/example_dags/example_skip_dag.py
[2023-02-10T01:57:39.031+0000] {processor.py:743} INFO - Processing file /home/airflow/.local/lib/python3.7/site-packages/airflow/example_dags/example_skip_dag.py for tasks to queue
[2023-02-10T01:57:39.045+0000] {logging_mixin.py:137} INFO - [2023-02-10T01:57:39.042+0000] {dagbag.py:538} INFO - Filling up the DagBag from /home/airflow/.local/lib/python3.7/site-packages/airflow/example_dags/example_skip_dag.py
[2023-02-10T01:57:39.566+0000] {processor.py:753} INFO - DAG(s) dict_keys(['example_skip_dag']) retrieved from /home/airflow/.local/lib/python3.7/site-packages/airflow/example_dags/example_skip_dag.py
[2023-02-10T01:57:39.755+0000] {logging_mixin.py:137} INFO - [2023-02-10T01:57:39.755+0000] {dag.py:2690} INFO - Sync 1 DAGs
[2023-02-10T01:57:39.916+0000] {logging_mixin.py:137} INFO - [2023-02-10T01:57:39.916+0000] {dag.py:3441} INFO - Setting next_dagrun for example_skip_dag to 2023-02-09T01:57:39.915722+00:00, run_after=2023-02-10T01:57:39.915722+00:00
[2023-02-10T01:57:40.044+0000] {processor.py:175} INFO - Processing /home/airflow/.local/lib/python3.7/site-packages/airflow/example_dags/example_skip_dag.py took 1.060 seconds
[2023-02-10T01:58:11.834+0000] {processor.py:153} INFO - Started process (PID=940) to work on /home/airflow/.local/lib/python3.7/site-packages/airflow/example_dags/example_skip_dag.py
[2023-02-10T01:58:11.847+0000] {processor.py:743} INFO - Processing file /home/airflow/.local/lib/python3.7/site-packages/airflow/example_dags/example_skip_dag.py for tasks to queue
[2023-02-10T01:58:11.864+0000] {logging_mixin.py:137} INFO - [2023-02-10T01:58:11.864+0000] {dagbag.py:538} INFO - Filling up the DagBag from /home/airflow/.local/lib/python3.7/site-packages/airflow/example_dags/example_skip_dag.py
[2023-02-10T01:58:12.173+0000] {processor.py:753} INFO - DAG(s) dict_keys(['example_skip_dag']) retrieved from /home/airflow/.local/lib/python3.7/site-packages/airflow/example_dags/example_skip_dag.py
[2023-02-10T01:58:12.599+0000] {logging_mixin.py:137} INFO - [2023-02-10T01:58:12.598+0000] {dag.py:2690} INFO - Sync 1 DAGs
[2023-02-10T01:58:12.965+0000] {logging_mixin.py:137} INFO - [2023-02-10T01:58:12.965+0000] {dag.py:3441} INFO - Setting next_dagrun for example_skip_dag to 2023-02-09T01:58:12.964527+00:00, run_after=2023-02-10T01:58:12.964527+00:00
[2023-02-10T01:58:13.167+0000] {processor.py:175} INFO - Processing /home/airflow/.local/lib/python3.7/site-packages/airflow/example_dags/example_skip_dag.py took 1.382 seconds
[2023-02-10T01:58:49.504+0000] {processor.py:153} INFO - Started process (PID=993) to work on /home/airflow/.local/lib/python3.7/site-packages/airflow/example_dags/example_skip_dag.py
[2023-02-10T01:58:49.510+0000] {processor.py:743} INFO - Processing file /home/airflow/.local/lib/python3.7/site-packages/airflow/example_dags/example_skip_dag.py for tasks to queue
[2023-02-10T01:58:49.524+0000] {logging_mixin.py:137} INFO - [2023-02-10T01:58:49.522+0000] {dagbag.py:538} INFO - Filling up the DagBag from /home/airflow/.local/lib/python3.7/site-packages/airflow/example_dags/example_skip_dag.py
[2023-02-10T01:58:49.655+0000] {processor.py:753} INFO - DAG(s) dict_keys(['example_skip_dag']) retrieved from /home/airflow/.local/lib/python3.7/site-packages/airflow/example_dags/example_skip_dag.py
[2023-02-10T01:58:49.871+0000] {logging_mixin.py:137} INFO - [2023-02-10T01:58:49.871+0000] {dag.py:2690} INFO - Sync 1 DAGs
[2023-02-10T01:58:50.408+0000] {logging_mixin.py:137} INFO - [2023-02-10T01:58:50.407+0000] {dag.py:3441} INFO - Setting next_dagrun for example_skip_dag to 2023-02-09T01:58:50.407397+00:00, run_after=2023-02-10T01:58:50.407397+00:00
[2023-02-10T01:58:50.641+0000] {processor.py:175} INFO - Processing /home/airflow/.local/lib/python3.7/site-packages/airflow/example_dags/example_skip_dag.py took 1.170 seconds
[2023-02-10T01:59:21.460+0000] {processor.py:153} INFO - Started process (PID=1041) to work on /home/airflow/.local/lib/python3.7/site-packages/airflow/example_dags/example_skip_dag.py
[2023-02-10T01:59:21.465+0000] {processor.py:743} INFO - Processing file /home/airflow/.local/lib/python3.7/site-packages/airflow/example_dags/example_skip_dag.py for tasks to queue
[2023-02-10T01:59:21.470+0000] {logging_mixin.py:137} INFO - [2023-02-10T01:59:21.470+0000] {dagbag.py:538} INFO - Filling up the DagBag from /home/airflow/.local/lib/python3.7/site-packages/airflow/example_dags/example_skip_dag.py
[2023-02-10T01:59:21.508+0000] {processor.py:753} INFO - DAG(s) dict_keys(['example_skip_dag']) retrieved from /home/airflow/.local/lib/python3.7/site-packages/airflow/example_dags/example_skip_dag.py
[2023-02-10T01:59:21.584+0000] {logging_mixin.py:137} INFO - [2023-02-10T01:59:21.584+0000] {dag.py:2690} INFO - Sync 1 DAGs
[2023-02-10T01:59:21.673+0000] {logging_mixin.py:137} INFO - [2023-02-10T01:59:21.673+0000] {dag.py:3441} INFO - Setting next_dagrun for example_skip_dag to 2023-02-09T01:59:21.672635+00:00, run_after=2023-02-10T01:59:21.672635+00:00
[2023-02-10T01:59:21.722+0000] {processor.py:175} INFO - Processing /home/airflow/.local/lib/python3.7/site-packages/airflow/example_dags/example_skip_dag.py took 0.273 seconds
[2023-02-10T02:00:00.663+0000] {processor.py:153} INFO - Started process (PID=1092) to work on /home/airflow/.local/lib/python3.7/site-packages/airflow/example_dags/example_skip_dag.py
[2023-02-10T02:00:00.675+0000] {processor.py:743} INFO - Processing file /home/airflow/.local/lib/python3.7/site-packages/airflow/example_dags/example_skip_dag.py for tasks to queue
[2023-02-10T02:00:00.683+0000] {logging_mixin.py:137} INFO - [2023-02-10T02:00:00.681+0000] {dagbag.py:538} INFO - Filling up the DagBag from /home/airflow/.local/lib/python3.7/site-packages/airflow/example_dags/example_skip_dag.py
[2023-02-10T02:00:00.777+0000] {processor.py:753} INFO - DAG(s) dict_keys(['example_skip_dag']) retrieved from /home/airflow/.local/lib/python3.7/site-packages/airflow/example_dags/example_skip_dag.py
[2023-02-10T02:00:00.967+0000] {logging_mixin.py:137} INFO - [2023-02-10T02:00:00.967+0000] {dag.py:2690} INFO - Sync 1 DAGs
[2023-02-10T02:00:01.281+0000] {logging_mixin.py:137} INFO - [2023-02-10T02:00:01.276+0000] {dag.py:3441} INFO - Setting next_dagrun for example_skip_dag to 2023-02-09T02:00:01.273224+00:00, run_after=2023-02-10T02:00:01.273224+00:00
[2023-02-10T02:00:01.670+0000] {processor.py:175} INFO - Processing /home/airflow/.local/lib/python3.7/site-packages/airflow/example_dags/example_skip_dag.py took 1.026 seconds
[2023-02-10T02:00:32.417+0000] {processor.py:153} INFO - Started process (PID=1149) to work on /home/airflow/.local/lib/python3.7/site-packages/airflow/example_dags/example_skip_dag.py
[2023-02-10T02:00:32.430+0000] {processor.py:743} INFO - Processing file /home/airflow/.local/lib/python3.7/site-packages/airflow/example_dags/example_skip_dag.py for tasks to queue
[2023-02-10T02:00:32.439+0000] {logging_mixin.py:137} INFO - [2023-02-10T02:00:32.439+0000] {dagbag.py:538} INFO - Filling up the DagBag from /home/airflow/.local/lib/python3.7/site-packages/airflow/example_dags/example_skip_dag.py
[2023-02-10T02:00:32.518+0000] {processor.py:753} INFO - DAG(s) dict_keys(['example_skip_dag']) retrieved from /home/airflow/.local/lib/python3.7/site-packages/airflow/example_dags/example_skip_dag.py
[2023-02-10T02:00:32.591+0000] {logging_mixin.py:137} INFO - [2023-02-10T02:00:32.591+0000] {dag.py:2690} INFO - Sync 1 DAGs
[2023-02-10T02:00:32.695+0000] {logging_mixin.py:137} INFO - [2023-02-10T02:00:32.695+0000] {dag.py:3441} INFO - Setting next_dagrun for example_skip_dag to 2023-02-09T02:00:32.694751+00:00, run_after=2023-02-10T02:00:32.694751+00:00
[2023-02-10T02:00:32.792+0000] {processor.py:175} INFO - Processing /home/airflow/.local/lib/python3.7/site-packages/airflow/example_dags/example_skip_dag.py took 0.425 seconds
[2023-02-10T02:01:07.002+0000] {processor.py:153} INFO - Started process (PID=1198) to work on /home/airflow/.local/lib/python3.7/site-packages/airflow/example_dags/example_skip_dag.py
[2023-02-10T02:01:07.026+0000] {processor.py:743} INFO - Processing file /home/airflow/.local/lib/python3.7/site-packages/airflow/example_dags/example_skip_dag.py for tasks to queue
[2023-02-10T02:01:07.047+0000] {logging_mixin.py:137} INFO - [2023-02-10T02:01:07.047+0000] {dagbag.py:538} INFO - Filling up the DagBag from /home/airflow/.local/lib/python3.7/site-packages/airflow/example_dags/example_skip_dag.py
[2023-02-10T02:01:07.450+0000] {processor.py:753} INFO - DAG(s) dict_keys(['example_skip_dag']) retrieved from /home/airflow/.local/lib/python3.7/site-packages/airflow/example_dags/example_skip_dag.py
[2023-02-10T02:01:07.898+0000] {logging_mixin.py:137} INFO - [2023-02-10T02:01:07.886+0000] {dag.py:2690} INFO - Sync 1 DAGs
[2023-02-10T02:01:08.594+0000] {logging_mixin.py:137} INFO - [2023-02-10T02:01:08.594+0000] {dag.py:3441} INFO - Setting next_dagrun for example_skip_dag to 2023-02-09T02:01:08.593707+00:00, run_after=2023-02-10T02:01:08.593707+00:00
[2023-02-10T02:01:08.911+0000] {processor.py:175} INFO - Processing /home/airflow/.local/lib/python3.7/site-packages/airflow/example_dags/example_skip_dag.py took 1.987 seconds
[2023-02-10T02:01:52.025+0000] {processor.py:153} INFO - Started process (PID=1256) to work on /home/airflow/.local/lib/python3.7/site-packages/airflow/example_dags/example_skip_dag.py
[2023-02-10T02:01:52.041+0000] {processor.py:743} INFO - Processing file /home/airflow/.local/lib/python3.7/site-packages/airflow/example_dags/example_skip_dag.py for tasks to queue
[2023-02-10T02:01:52.054+0000] {logging_mixin.py:137} INFO - [2023-02-10T02:01:52.048+0000] {dagbag.py:538} INFO - Filling up the DagBag from /home/airflow/.local/lib/python3.7/site-packages/airflow/example_dags/example_skip_dag.py
[2023-02-10T02:01:52.331+0000] {processor.py:753} INFO - DAG(s) dict_keys(['example_skip_dag']) retrieved from /home/airflow/.local/lib/python3.7/site-packages/airflow/example_dags/example_skip_dag.py
[2023-02-10T02:01:52.538+0000] {logging_mixin.py:137} INFO - [2023-02-10T02:01:52.538+0000] {dag.py:2690} INFO - Sync 1 DAGs
[2023-02-10T02:01:52.740+0000] {logging_mixin.py:137} INFO - [2023-02-10T02:01:52.739+0000] {dag.py:3441} INFO - Setting next_dagrun for example_skip_dag to 2023-02-09T02:01:52.739285+00:00, run_after=2023-02-10T02:01:52.739285+00:00
[2023-02-10T02:01:52.931+0000] {processor.py:175} INFO - Processing /home/airflow/.local/lib/python3.7/site-packages/airflow/example_dags/example_skip_dag.py took 1.008 seconds
[2023-02-10T02:02:23.202+0000] {processor.py:153} INFO - Started process (PID=1308) to work on /home/airflow/.local/lib/python3.7/site-packages/airflow/example_dags/example_skip_dag.py
[2023-02-10T02:02:23.221+0000] {processor.py:743} INFO - Processing file /home/airflow/.local/lib/python3.7/site-packages/airflow/example_dags/example_skip_dag.py for tasks to queue
[2023-02-10T02:02:23.230+0000] {logging_mixin.py:137} INFO - [2023-02-10T02:02:23.229+0000] {dagbag.py:538} INFO - Filling up the DagBag from /home/airflow/.local/lib/python3.7/site-packages/airflow/example_dags/example_skip_dag.py
[2023-02-10T02:02:23.298+0000] {processor.py:753} INFO - DAG(s) dict_keys(['example_skip_dag']) retrieved from /home/airflow/.local/lib/python3.7/site-packages/airflow/example_dags/example_skip_dag.py
[2023-02-10T02:02:23.505+0000] {logging_mixin.py:137} INFO - [2023-02-10T02:02:23.505+0000] {dag.py:2690} INFO - Sync 1 DAGs
[2023-02-10T02:02:23.749+0000] {logging_mixin.py:137} INFO - [2023-02-10T02:02:23.749+0000] {dag.py:3441} INFO - Setting next_dagrun for example_skip_dag to 2023-02-09T02:02:23.748778+00:00, run_after=2023-02-10T02:02:23.748778+00:00
[2023-02-10T02:02:23.836+0000] {processor.py:175} INFO - Processing /home/airflow/.local/lib/python3.7/site-packages/airflow/example_dags/example_skip_dag.py took 0.689 seconds
[2023-02-10T02:02:54.210+0000] {processor.py:153} INFO - Started process (PID=1365) to work on /home/airflow/.local/lib/python3.7/site-packages/airflow/example_dags/example_skip_dag.py
[2023-02-10T02:02:54.215+0000] {processor.py:743} INFO - Processing file /home/airflow/.local/lib/python3.7/site-packages/airflow/example_dags/example_skip_dag.py for tasks to queue
[2023-02-10T02:02:54.221+0000] {logging_mixin.py:137} INFO - [2023-02-10T02:02:54.220+0000] {dagbag.py:538} INFO - Filling up the DagBag from /home/airflow/.local/lib/python3.7/site-packages/airflow/example_dags/example_skip_dag.py
[2023-02-10T02:02:54.256+0000] {processor.py:753} INFO - DAG(s) dict_keys(['example_skip_dag']) retrieved from /home/airflow/.local/lib/python3.7/site-packages/airflow/example_dags/example_skip_dag.py
[2023-02-10T02:02:54.313+0000] {logging_mixin.py:137} INFO - [2023-02-10T02:02:54.312+0000] {dag.py:2690} INFO - Sync 1 DAGs
[2023-02-10T02:02:54.374+0000] {logging_mixin.py:137} INFO - [2023-02-10T02:02:54.374+0000] {dag.py:3441} INFO - Setting next_dagrun for example_skip_dag to 2023-02-09T02:02:54.374030+00:00, run_after=2023-02-10T02:02:54.374030+00:00
[2023-02-10T02:02:54.426+0000] {processor.py:175} INFO - Processing /home/airflow/.local/lib/python3.7/site-packages/airflow/example_dags/example_skip_dag.py took 0.227 seconds
[2023-02-10T02:03:24.999+0000] {processor.py:153} INFO - Started process (PID=1425) to work on /home/airflow/.local/lib/python3.7/site-packages/airflow/example_dags/example_skip_dag.py
[2023-02-10T02:03:25.011+0000] {processor.py:743} INFO - Processing file /home/airflow/.local/lib/python3.7/site-packages/airflow/example_dags/example_skip_dag.py for tasks to queue
[2023-02-10T02:03:25.015+0000] {logging_mixin.py:137} INFO - [2023-02-10T02:03:25.015+0000] {dagbag.py:538} INFO - Filling up the DagBag from /home/airflow/.local/lib/python3.7/site-packages/airflow/example_dags/example_skip_dag.py
[2023-02-10T02:03:25.293+0000] {processor.py:753} INFO - DAG(s) dict_keys(['example_skip_dag']) retrieved from /home/airflow/.local/lib/python3.7/site-packages/airflow/example_dags/example_skip_dag.py
[2023-02-10T02:03:25.501+0000] {logging_mixin.py:137} INFO - [2023-02-10T02:03:25.501+0000] {dag.py:2690} INFO - Sync 1 DAGs
[2023-02-10T02:03:25.652+0000] {logging_mixin.py:137} INFO - [2023-02-10T02:03:25.652+0000] {dag.py:3441} INFO - Setting next_dagrun for example_skip_dag to 2023-02-09T02:03:25.652048+00:00, run_after=2023-02-10T02:03:25.652048+00:00
[2023-02-10T02:03:25.766+0000] {processor.py:175} INFO - Processing /home/airflow/.local/lib/python3.7/site-packages/airflow/example_dags/example_skip_dag.py took 0.783 seconds
[2023-02-10T02:03:56.555+0000] {processor.py:153} INFO - Started process (PID=1484) to work on /home/airflow/.local/lib/python3.7/site-packages/airflow/example_dags/example_skip_dag.py
[2023-02-10T02:03:56.560+0000] {processor.py:743} INFO - Processing file /home/airflow/.local/lib/python3.7/site-packages/airflow/example_dags/example_skip_dag.py for tasks to queue
[2023-02-10T02:03:56.565+0000] {logging_mixin.py:137} INFO - [2023-02-10T02:03:56.564+0000] {dagbag.py:538} INFO - Filling up the DagBag from /home/airflow/.local/lib/python3.7/site-packages/airflow/example_dags/example_skip_dag.py
[2023-02-10T02:03:56.747+0000] {processor.py:753} INFO - DAG(s) dict_keys(['example_skip_dag']) retrieved from /home/airflow/.local/lib/python3.7/site-packages/airflow/example_dags/example_skip_dag.py
[2023-02-10T02:03:56.908+0000] {logging_mixin.py:137} INFO - [2023-02-10T02:03:56.907+0000] {dag.py:2690} INFO - Sync 1 DAGs
[2023-02-10T02:03:57.060+0000] {logging_mixin.py:137} INFO - [2023-02-10T02:03:57.060+0000] {dag.py:3441} INFO - Setting next_dagrun for example_skip_dag to 2023-02-09T02:03:57.060138+00:00, run_after=2023-02-10T02:03:57.060138+00:00
[2023-02-10T02:03:57.243+0000] {processor.py:175} INFO - Processing /home/airflow/.local/lib/python3.7/site-packages/airflow/example_dags/example_skip_dag.py took 0.703 seconds
[2023-02-10T02:04:27.417+0000] {processor.py:153} INFO - Started process (PID=1542) to work on /home/airflow/.local/lib/python3.7/site-packages/airflow/example_dags/example_skip_dag.py
[2023-02-10T02:04:27.421+0000] {processor.py:743} INFO - Processing file /home/airflow/.local/lib/python3.7/site-packages/airflow/example_dags/example_skip_dag.py for tasks to queue
[2023-02-10T02:04:27.428+0000] {logging_mixin.py:137} INFO - [2023-02-10T02:04:27.427+0000] {dagbag.py:538} INFO - Filling up the DagBag from /home/airflow/.local/lib/python3.7/site-packages/airflow/example_dags/example_skip_dag.py
[2023-02-10T02:04:27.465+0000] {processor.py:753} INFO - DAG(s) dict_keys(['example_skip_dag']) retrieved from /home/airflow/.local/lib/python3.7/site-packages/airflow/example_dags/example_skip_dag.py
[2023-02-10T02:04:27.523+0000] {logging_mixin.py:137} INFO - [2023-02-10T02:04:27.522+0000] {dag.py:2690} INFO - Sync 1 DAGs
[2023-02-10T02:04:27.585+0000] {logging_mixin.py:137} INFO - [2023-02-10T02:04:27.585+0000] {dag.py:3441} INFO - Setting next_dagrun for example_skip_dag to 2023-02-09T02:04:27.584392+00:00, run_after=2023-02-10T02:04:27.584392+00:00
[2023-02-10T02:04:27.655+0000] {processor.py:175} INFO - Processing /home/airflow/.local/lib/python3.7/site-packages/airflow/example_dags/example_skip_dag.py took 0.250 seconds
[2023-02-10T02:04:57.814+0000] {processor.py:153} INFO - Started process (PID=1600) to work on /home/airflow/.local/lib/python3.7/site-packages/airflow/example_dags/example_skip_dag.py
[2023-02-10T02:04:57.818+0000] {processor.py:743} INFO - Processing file /home/airflow/.local/lib/python3.7/site-packages/airflow/example_dags/example_skip_dag.py for tasks to queue
[2023-02-10T02:04:57.824+0000] {logging_mixin.py:137} INFO - [2023-02-10T02:04:57.823+0000] {dagbag.py:538} INFO - Filling up the DagBag from /home/airflow/.local/lib/python3.7/site-packages/airflow/example_dags/example_skip_dag.py
[2023-02-10T02:04:57.861+0000] {processor.py:753} INFO - DAG(s) dict_keys(['example_skip_dag']) retrieved from /home/airflow/.local/lib/python3.7/site-packages/airflow/example_dags/example_skip_dag.py
[2023-02-10T02:04:57.926+0000] {logging_mixin.py:137} INFO - [2023-02-10T02:04:57.925+0000] {dag.py:2690} INFO - Sync 1 DAGs
[2023-02-10T02:04:57.985+0000] {logging_mixin.py:137} INFO - [2023-02-10T02:04:57.985+0000] {dag.py:3441} INFO - Setting next_dagrun for example_skip_dag to 2023-02-09T02:04:57.985154+00:00, run_after=2023-02-10T02:04:57.985154+00:00
[2023-02-10T02:04:58.034+0000] {processor.py:175} INFO - Processing /home/airflow/.local/lib/python3.7/site-packages/airflow/example_dags/example_skip_dag.py took 0.231 seconds
[2023-02-10T02:05:28.295+0000] {processor.py:153} INFO - Started process (PID=1659) to work on /home/airflow/.local/lib/python3.7/site-packages/airflow/example_dags/example_skip_dag.py
[2023-02-10T02:05:28.299+0000] {processor.py:743} INFO - Processing file /home/airflow/.local/lib/python3.7/site-packages/airflow/example_dags/example_skip_dag.py for tasks to queue
[2023-02-10T02:05:28.303+0000] {logging_mixin.py:137} INFO - [2023-02-10T02:05:28.303+0000] {dagbag.py:538} INFO - Filling up the DagBag from /home/airflow/.local/lib/python3.7/site-packages/airflow/example_dags/example_skip_dag.py
[2023-02-10T02:05:28.345+0000] {processor.py:753} INFO - DAG(s) dict_keys(['example_skip_dag']) retrieved from /home/airflow/.local/lib/python3.7/site-packages/airflow/example_dags/example_skip_dag.py
[2023-02-10T02:05:28.418+0000] {logging_mixin.py:137} INFO - [2023-02-10T02:05:28.418+0000] {dag.py:2690} INFO - Sync 1 DAGs
[2023-02-10T02:05:28.475+0000] {logging_mixin.py:137} INFO - [2023-02-10T02:05:28.475+0000] {dag.py:3441} INFO - Setting next_dagrun for example_skip_dag to 2023-02-09T02:05:28.473473+00:00, run_after=2023-02-10T02:05:28.473473+00:00
[2023-02-10T02:05:28.540+0000] {processor.py:175} INFO - Processing /home/airflow/.local/lib/python3.7/site-packages/airflow/example_dags/example_skip_dag.py took 0.260 seconds
[2023-02-10T02:05:58.728+0000] {processor.py:153} INFO - Started process (PID=1716) to work on /home/airflow/.local/lib/python3.7/site-packages/airflow/example_dags/example_skip_dag.py
[2023-02-10T02:05:58.733+0000] {processor.py:743} INFO - Processing file /home/airflow/.local/lib/python3.7/site-packages/airflow/example_dags/example_skip_dag.py for tasks to queue
[2023-02-10T02:05:58.739+0000] {logging_mixin.py:137} INFO - [2023-02-10T02:05:58.738+0000] {dagbag.py:538} INFO - Filling up the DagBag from /home/airflow/.local/lib/python3.7/site-packages/airflow/example_dags/example_skip_dag.py
[2023-02-10T02:05:58.777+0000] {processor.py:753} INFO - DAG(s) dict_keys(['example_skip_dag']) retrieved from /home/airflow/.local/lib/python3.7/site-packages/airflow/example_dags/example_skip_dag.py
[2023-02-10T02:05:58.835+0000] {logging_mixin.py:137} INFO - [2023-02-10T02:05:58.835+0000] {dag.py:2690} INFO - Sync 1 DAGs
[2023-02-10T02:05:58.907+0000] {logging_mixin.py:137} INFO - [2023-02-10T02:05:58.906+0000] {dag.py:3441} INFO - Setting next_dagrun for example_skip_dag to 2023-02-09T02:05:58.906284+00:00, run_after=2023-02-10T02:05:58.906284+00:00
[2023-02-10T02:05:58.958+0000] {processor.py:175} INFO - Processing /home/airflow/.local/lib/python3.7/site-packages/airflow/example_dags/example_skip_dag.py took 0.241 seconds
[2023-02-10T02:06:29.359+0000] {processor.py:153} INFO - Started process (PID=1771) to work on /home/airflow/.local/lib/python3.7/site-packages/airflow/example_dags/example_skip_dag.py
[2023-02-10T02:06:29.365+0000] {processor.py:743} INFO - Processing file /home/airflow/.local/lib/python3.7/site-packages/airflow/example_dags/example_skip_dag.py for tasks to queue
[2023-02-10T02:06:29.373+0000] {logging_mixin.py:137} INFO - [2023-02-10T02:06:29.372+0000] {dagbag.py:538} INFO - Filling up the DagBag from /home/airflow/.local/lib/python3.7/site-packages/airflow/example_dags/example_skip_dag.py
[2023-02-10T02:06:29.418+0000] {processor.py:753} INFO - DAG(s) dict_keys(['example_skip_dag']) retrieved from /home/airflow/.local/lib/python3.7/site-packages/airflow/example_dags/example_skip_dag.py
[2023-02-10T02:06:29.490+0000] {logging_mixin.py:137} INFO - [2023-02-10T02:06:29.489+0000] {dag.py:2690} INFO - Sync 1 DAGs
[2023-02-10T02:06:29.583+0000] {logging_mixin.py:137} INFO - [2023-02-10T02:06:29.583+0000] {dag.py:3441} INFO - Setting next_dagrun for example_skip_dag to 2023-02-09T02:06:29.582876+00:00, run_after=2023-02-10T02:06:29.582876+00:00
[2023-02-10T02:06:29.632+0000] {processor.py:175} INFO - Processing /home/airflow/.local/lib/python3.7/site-packages/airflow/example_dags/example_skip_dag.py took 0.286 seconds
[2023-02-10T02:06:59.777+0000] {processor.py:153} INFO - Started process (PID=1823) to work on /home/airflow/.local/lib/python3.7/site-packages/airflow/example_dags/example_skip_dag.py
[2023-02-10T02:06:59.784+0000] {processor.py:743} INFO - Processing file /home/airflow/.local/lib/python3.7/site-packages/airflow/example_dags/example_skip_dag.py for tasks to queue
[2023-02-10T02:06:59.790+0000] {logging_mixin.py:137} INFO - [2023-02-10T02:06:59.789+0000] {dagbag.py:538} INFO - Filling up the DagBag from /home/airflow/.local/lib/python3.7/site-packages/airflow/example_dags/example_skip_dag.py
[2023-02-10T02:06:59.823+0000] {processor.py:753} INFO - DAG(s) dict_keys(['example_skip_dag']) retrieved from /home/airflow/.local/lib/python3.7/site-packages/airflow/example_dags/example_skip_dag.py
[2023-02-10T02:06:59.913+0000] {logging_mixin.py:137} INFO - [2023-02-10T02:06:59.913+0000] {dag.py:2690} INFO - Sync 1 DAGs
[2023-02-10T02:06:59.985+0000] {logging_mixin.py:137} INFO - [2023-02-10T02:06:59.985+0000] {dag.py:3441} INFO - Setting next_dagrun for example_skip_dag to 2023-02-09T02:06:59.984743+00:00, run_after=2023-02-10T02:06:59.984743+00:00
[2023-02-10T02:07:00.045+0000] {processor.py:175} INFO - Processing /home/airflow/.local/lib/python3.7/site-packages/airflow/example_dags/example_skip_dag.py took 0.276 seconds
[2023-02-10T02:07:30.229+0000] {processor.py:153} INFO - Started process (PID=1881) to work on /home/airflow/.local/lib/python3.7/site-packages/airflow/example_dags/example_skip_dag.py
[2023-02-10T02:07:30.246+0000] {processor.py:743} INFO - Processing file /home/airflow/.local/lib/python3.7/site-packages/airflow/example_dags/example_skip_dag.py for tasks to queue
[2023-02-10T02:07:30.272+0000] {logging_mixin.py:137} INFO - [2023-02-10T02:07:30.272+0000] {dagbag.py:538} INFO - Filling up the DagBag from /home/airflow/.local/lib/python3.7/site-packages/airflow/example_dags/example_skip_dag.py
[2023-02-10T02:07:30.447+0000] {processor.py:753} INFO - DAG(s) dict_keys(['example_skip_dag']) retrieved from /home/airflow/.local/lib/python3.7/site-packages/airflow/example_dags/example_skip_dag.py
[2023-02-10T02:07:30.661+0000] {logging_mixin.py:137} INFO - [2023-02-10T02:07:30.661+0000] {dag.py:2690} INFO - Sync 1 DAGs
[2023-02-10T02:07:30.844+0000] {logging_mixin.py:137} INFO - [2023-02-10T02:07:30.844+0000] {dag.py:3441} INFO - Setting next_dagrun for example_skip_dag to 2023-02-09T02:07:30.842582+00:00, run_after=2023-02-10T02:07:30.842582+00:00
[2023-02-10T02:07:30.965+0000] {processor.py:175} INFO - Processing /home/airflow/.local/lib/python3.7/site-packages/airflow/example_dags/example_skip_dag.py took 0.760 seconds
[2023-02-10T02:08:01.330+0000] {processor.py:153} INFO - Started process (PID=1940) to work on /home/airflow/.local/lib/python3.7/site-packages/airflow/example_dags/example_skip_dag.py
[2023-02-10T02:08:01.335+0000] {processor.py:743} INFO - Processing file /home/airflow/.local/lib/python3.7/site-packages/airflow/example_dags/example_skip_dag.py for tasks to queue
[2023-02-10T02:08:01.341+0000] {logging_mixin.py:137} INFO - [2023-02-10T02:08:01.341+0000] {dagbag.py:538} INFO - Filling up the DagBag from /home/airflow/.local/lib/python3.7/site-packages/airflow/example_dags/example_skip_dag.py
[2023-02-10T02:08:01.380+0000] {processor.py:753} INFO - DAG(s) dict_keys(['example_skip_dag']) retrieved from /home/airflow/.local/lib/python3.7/site-packages/airflow/example_dags/example_skip_dag.py
[2023-02-10T02:08:01.446+0000] {logging_mixin.py:137} INFO - [2023-02-10T02:08:01.446+0000] {dag.py:2690} INFO - Sync 1 DAGs
[2023-02-10T02:08:01.563+0000] {logging_mixin.py:137} INFO - [2023-02-10T02:08:01.561+0000] {dag.py:3441} INFO - Setting next_dagrun for example_skip_dag to 2023-02-09T02:08:01.556972+00:00, run_after=2023-02-10T02:08:01.556972+00:00
[2023-02-10T02:08:01.608+0000] {processor.py:175} INFO - Processing /home/airflow/.local/lib/python3.7/site-packages/airflow/example_dags/example_skip_dag.py took 0.289 seconds
[2023-02-10T02:08:33.003+0000] {processor.py:153} INFO - Started process (PID=1998) to work on /home/airflow/.local/lib/python3.7/site-packages/airflow/example_dags/example_skip_dag.py
[2023-02-10T02:08:33.009+0000] {processor.py:743} INFO - Processing file /home/airflow/.local/lib/python3.7/site-packages/airflow/example_dags/example_skip_dag.py for tasks to queue
[2023-02-10T02:08:33.013+0000] {logging_mixin.py:137} INFO - [2023-02-10T02:08:33.013+0000] {dagbag.py:538} INFO - Filling up the DagBag from /home/airflow/.local/lib/python3.7/site-packages/airflow/example_dags/example_skip_dag.py
[2023-02-10T02:08:33.290+0000] {processor.py:753} INFO - DAG(s) dict_keys(['example_skip_dag']) retrieved from /home/airflow/.local/lib/python3.7/site-packages/airflow/example_dags/example_skip_dag.py
[2023-02-10T02:08:33.816+0000] {logging_mixin.py:137} INFO - [2023-02-10T02:08:33.815+0000] {dag.py:2690} INFO - Sync 1 DAGs
[2023-02-10T02:08:33.970+0000] {logging_mixin.py:137} INFO - [2023-02-10T02:08:33.970+0000] {dag.py:3441} INFO - Setting next_dagrun for example_skip_dag to 2023-02-09T02:08:33.969515+00:00, run_after=2023-02-10T02:08:33.969515+00:00
[2023-02-10T02:08:34.151+0000] {processor.py:175} INFO - Processing /home/airflow/.local/lib/python3.7/site-packages/airflow/example_dags/example_skip_dag.py took 1.183 seconds
[2023-02-10T02:09:06.848+0000] {processor.py:153} INFO - Started process (PID=2048) to work on /home/airflow/.local/lib/python3.7/site-packages/airflow/example_dags/example_skip_dag.py
[2023-02-10T02:09:06.864+0000] {processor.py:743} INFO - Processing file /home/airflow/.local/lib/python3.7/site-packages/airflow/example_dags/example_skip_dag.py for tasks to queue
[2023-02-10T02:09:06.871+0000] {logging_mixin.py:137} INFO - [2023-02-10T02:09:06.870+0000] {dagbag.py:538} INFO - Filling up the DagBag from /home/airflow/.local/lib/python3.7/site-packages/airflow/example_dags/example_skip_dag.py
[2023-02-10T02:09:06.948+0000] {processor.py:753} INFO - DAG(s) dict_keys(['example_skip_dag']) retrieved from /home/airflow/.local/lib/python3.7/site-packages/airflow/example_dags/example_skip_dag.py
[2023-02-10T02:09:07.228+0000] {logging_mixin.py:137} INFO - [2023-02-10T02:09:07.227+0000] {dag.py:2690} INFO - Sync 1 DAGs
[2023-02-10T02:09:07.418+0000] {logging_mixin.py:137} INFO - [2023-02-10T02:09:07.418+0000] {dag.py:3441} INFO - Setting next_dagrun for example_skip_dag to 2023-02-09T02:09:07.418178+00:00, run_after=2023-02-10T02:09:07.418178+00:00
[2023-02-10T02:09:07.572+0000] {processor.py:175} INFO - Processing /home/airflow/.local/lib/python3.7/site-packages/airflow/example_dags/example_skip_dag.py took 0.739 seconds
[2023-02-10T02:09:38.773+0000] {processor.py:153} INFO - Started process (PID=2106) to work on /home/airflow/.local/lib/python3.7/site-packages/airflow/example_dags/example_skip_dag.py
[2023-02-10T02:09:38.814+0000] {processor.py:743} INFO - Processing file /home/airflow/.local/lib/python3.7/site-packages/airflow/example_dags/example_skip_dag.py for tasks to queue
[2023-02-10T02:09:38.825+0000] {logging_mixin.py:137} INFO - [2023-02-10T02:09:38.823+0000] {dagbag.py:538} INFO - Filling up the DagBag from /home/airflow/.local/lib/python3.7/site-packages/airflow/example_dags/example_skip_dag.py
[2023-02-10T02:09:39.031+0000] {processor.py:753} INFO - DAG(s) dict_keys(['example_skip_dag']) retrieved from /home/airflow/.local/lib/python3.7/site-packages/airflow/example_dags/example_skip_dag.py
[2023-02-10T02:09:39.513+0000] {logging_mixin.py:137} INFO - [2023-02-10T02:09:39.513+0000] {dag.py:2690} INFO - Sync 1 DAGs
[2023-02-10T02:09:39.788+0000] {logging_mixin.py:137} INFO - [2023-02-10T02:09:39.788+0000] {dag.py:3441} INFO - Setting next_dagrun for example_skip_dag to 2023-02-09T02:09:39.787321+00:00, run_after=2023-02-10T02:09:39.787321+00:00
[2023-02-10T02:09:39.868+0000] {processor.py:175} INFO - Processing /home/airflow/.local/lib/python3.7/site-packages/airflow/example_dags/example_skip_dag.py took 1.138 seconds
[2023-02-10T02:10:15.130+0000] {processor.py:153} INFO - Started process (PID=2160) to work on /home/airflow/.local/lib/python3.7/site-packages/airflow/example_dags/example_skip_dag.py
[2023-02-10T02:10:15.169+0000] {processor.py:743} INFO - Processing file /home/airflow/.local/lib/python3.7/site-packages/airflow/example_dags/example_skip_dag.py for tasks to queue
[2023-02-10T02:10:15.197+0000] {logging_mixin.py:137} INFO - [2023-02-10T02:10:15.197+0000] {dagbag.py:538} INFO - Filling up the DagBag from /home/airflow/.local/lib/python3.7/site-packages/airflow/example_dags/example_skip_dag.py
[2023-02-10T02:10:16.180+0000] {processor.py:753} INFO - DAG(s) dict_keys(['example_skip_dag']) retrieved from /home/airflow/.local/lib/python3.7/site-packages/airflow/example_dags/example_skip_dag.py
[2023-02-10T02:10:17.273+0000] {logging_mixin.py:137} INFO - [2023-02-10T02:10:17.272+0000] {dag.py:2690} INFO - Sync 1 DAGs
[2023-02-10T02:10:19.189+0000] {logging_mixin.py:137} INFO - [2023-02-10T02:10:19.188+0000] {dag.py:3441} INFO - Setting next_dagrun for example_skip_dag to 2023-02-09T02:10:19.187845+00:00, run_after=2023-02-10T02:10:19.187845+00:00
[2023-02-10T02:10:20.099+0000] {processor.py:175} INFO - Processing /home/airflow/.local/lib/python3.7/site-packages/airflow/example_dags/example_skip_dag.py took 5.347 seconds
[2023-02-10T02:10:50.649+0000] {processor.py:153} INFO - Started process (PID=2220) to work on /home/airflow/.local/lib/python3.7/site-packages/airflow/example_dags/example_skip_dag.py
[2023-02-10T02:10:50.655+0000] {processor.py:743} INFO - Processing file /home/airflow/.local/lib/python3.7/site-packages/airflow/example_dags/example_skip_dag.py for tasks to queue
[2023-02-10T02:10:50.659+0000] {logging_mixin.py:137} INFO - [2023-02-10T02:10:50.659+0000] {dagbag.py:538} INFO - Filling up the DagBag from /home/airflow/.local/lib/python3.7/site-packages/airflow/example_dags/example_skip_dag.py
[2023-02-10T02:10:50.732+0000] {processor.py:753} INFO - DAG(s) dict_keys(['example_skip_dag']) retrieved from /home/airflow/.local/lib/python3.7/site-packages/airflow/example_dags/example_skip_dag.py
[2023-02-10T02:10:50.839+0000] {logging_mixin.py:137} INFO - [2023-02-10T02:10:50.839+0000] {dag.py:2690} INFO - Sync 1 DAGs
[2023-02-10T02:10:50.915+0000] {logging_mixin.py:137} INFO - [2023-02-10T02:10:50.915+0000] {dag.py:3441} INFO - Setting next_dagrun for example_skip_dag to 2023-02-09T02:10:50.914194+00:00, run_after=2023-02-10T02:10:50.914194+00:00
[2023-02-10T02:10:50.998+0000] {processor.py:175} INFO - Processing /home/airflow/.local/lib/python3.7/site-packages/airflow/example_dags/example_skip_dag.py took 0.360 seconds
[2023-02-10T02:11:21.221+0000] {processor.py:153} INFO - Started process (PID=2268) to work on /home/airflow/.local/lib/python3.7/site-packages/airflow/example_dags/example_skip_dag.py
[2023-02-10T02:11:21.227+0000] {processor.py:743} INFO - Processing file /home/airflow/.local/lib/python3.7/site-packages/airflow/example_dags/example_skip_dag.py for tasks to queue
[2023-02-10T02:11:21.233+0000] {logging_mixin.py:137} INFO - [2023-02-10T02:11:21.232+0000] {dagbag.py:538} INFO - Filling up the DagBag from /home/airflow/.local/lib/python3.7/site-packages/airflow/example_dags/example_skip_dag.py
[2023-02-10T02:11:21.281+0000] {processor.py:753} INFO - DAG(s) dict_keys(['example_skip_dag']) retrieved from /home/airflow/.local/lib/python3.7/site-packages/airflow/example_dags/example_skip_dag.py
[2023-02-10T02:11:21.341+0000] {logging_mixin.py:137} INFO - [2023-02-10T02:11:21.341+0000] {dag.py:2690} INFO - Sync 1 DAGs
[2023-02-10T02:11:21.409+0000] {logging_mixin.py:137} INFO - [2023-02-10T02:11:21.409+0000] {dag.py:3441} INFO - Setting next_dagrun for example_skip_dag to 2023-02-09T02:11:21.409218+00:00, run_after=2023-02-10T02:11:21.409218+00:00
[2023-02-10T02:11:21.479+0000] {processor.py:175} INFO - Processing /home/airflow/.local/lib/python3.7/site-packages/airflow/example_dags/example_skip_dag.py took 0.277 seconds
[2023-02-10T02:11:51.927+0000] {processor.py:153} INFO - Started process (PID=2327) to work on /home/airflow/.local/lib/python3.7/site-packages/airflow/example_dags/example_skip_dag.py
[2023-02-10T02:11:51.933+0000] {processor.py:743} INFO - Processing file /home/airflow/.local/lib/python3.7/site-packages/airflow/example_dags/example_skip_dag.py for tasks to queue
[2023-02-10T02:11:51.943+0000] {logging_mixin.py:137} INFO - [2023-02-10T02:11:51.941+0000] {dagbag.py:538} INFO - Filling up the DagBag from /home/airflow/.local/lib/python3.7/site-packages/airflow/example_dags/example_skip_dag.py
[2023-02-10T02:11:52.023+0000] {processor.py:753} INFO - DAG(s) dict_keys(['example_skip_dag']) retrieved from /home/airflow/.local/lib/python3.7/site-packages/airflow/example_dags/example_skip_dag.py
[2023-02-10T02:11:52.117+0000] {logging_mixin.py:137} INFO - [2023-02-10T02:11:52.111+0000] {dag.py:2690} INFO - Sync 1 DAGs
[2023-02-10T02:11:52.181+0000] {logging_mixin.py:137} INFO - [2023-02-10T02:11:52.181+0000] {dag.py:3441} INFO - Setting next_dagrun for example_skip_dag to 2023-02-09T02:11:52.180853+00:00, run_after=2023-02-10T02:11:52.180853+00:00
[2023-02-10T02:11:52.285+0000] {processor.py:175} INFO - Processing /home/airflow/.local/lib/python3.7/site-packages/airflow/example_dags/example_skip_dag.py took 0.394 seconds
[2023-02-10T02:12:22.839+0000] {processor.py:153} INFO - Started process (PID=2385) to work on /home/airflow/.local/lib/python3.7/site-packages/airflow/example_dags/example_skip_dag.py
[2023-02-10T02:12:22.847+0000] {processor.py:743} INFO - Processing file /home/airflow/.local/lib/python3.7/site-packages/airflow/example_dags/example_skip_dag.py for tasks to queue
[2023-02-10T02:12:22.863+0000] {logging_mixin.py:137} INFO - [2023-02-10T02:12:22.860+0000] {dagbag.py:538} INFO - Filling up the DagBag from /home/airflow/.local/lib/python3.7/site-packages/airflow/example_dags/example_skip_dag.py
[2023-02-10T02:12:23.049+0000] {processor.py:753} INFO - DAG(s) dict_keys(['example_skip_dag']) retrieved from /home/airflow/.local/lib/python3.7/site-packages/airflow/example_dags/example_skip_dag.py
[2023-02-10T02:12:23.220+0000] {logging_mixin.py:137} INFO - [2023-02-10T02:12:23.220+0000] {dag.py:2690} INFO - Sync 1 DAGs
[2023-02-10T02:12:23.386+0000] {logging_mixin.py:137} INFO - [2023-02-10T02:12:23.386+0000] {dag.py:3441} INFO - Setting next_dagrun for example_skip_dag to 2023-02-09T02:12:23.386240+00:00, run_after=2023-02-10T02:12:23.386240+00:00
[2023-02-10T02:12:23.503+0000] {processor.py:175} INFO - Processing /home/airflow/.local/lib/python3.7/site-packages/airflow/example_dags/example_skip_dag.py took 0.694 seconds
[2023-02-10T02:12:54.163+0000] {processor.py:153} INFO - Started process (PID=2445) to work on /home/airflow/.local/lib/python3.7/site-packages/airflow/example_dags/example_skip_dag.py
[2023-02-10T02:12:54.170+0000] {processor.py:743} INFO - Processing file /home/airflow/.local/lib/python3.7/site-packages/airflow/example_dags/example_skip_dag.py for tasks to queue
[2023-02-10T02:12:54.179+0000] {logging_mixin.py:137} INFO - [2023-02-10T02:12:54.178+0000] {dagbag.py:538} INFO - Filling up the DagBag from /home/airflow/.local/lib/python3.7/site-packages/airflow/example_dags/example_skip_dag.py
[2023-02-10T02:12:54.275+0000] {processor.py:753} INFO - DAG(s) dict_keys(['example_skip_dag']) retrieved from /home/airflow/.local/lib/python3.7/site-packages/airflow/example_dags/example_skip_dag.py
[2023-02-10T02:12:54.519+0000] {logging_mixin.py:137} INFO - [2023-02-10T02:12:54.519+0000] {dag.py:2690} INFO - Sync 1 DAGs
[2023-02-10T02:12:54.838+0000] {logging_mixin.py:137} INFO - [2023-02-10T02:12:54.838+0000] {dag.py:3441} INFO - Setting next_dagrun for example_skip_dag to 2023-02-09T02:12:54.837896+00:00, run_after=2023-02-10T02:12:54.837896+00:00
[2023-02-10T02:12:54.975+0000] {processor.py:175} INFO - Processing /home/airflow/.local/lib/python3.7/site-packages/airflow/example_dags/example_skip_dag.py took 0.830 seconds
[2023-02-10T02:13:26.974+0000] {processor.py:153} INFO - Started process (PID=2503) to work on /home/airflow/.local/lib/python3.7/site-packages/airflow/example_dags/example_skip_dag.py
[2023-02-10T02:13:26.984+0000] {processor.py:743} INFO - Processing file /home/airflow/.local/lib/python3.7/site-packages/airflow/example_dags/example_skip_dag.py for tasks to queue
[2023-02-10T02:13:26.987+0000] {logging_mixin.py:137} INFO - [2023-02-10T02:13:26.987+0000] {dagbag.py:538} INFO - Filling up the DagBag from /home/airflow/.local/lib/python3.7/site-packages/airflow/example_dags/example_skip_dag.py
[2023-02-10T02:13:27.060+0000] {processor.py:753} INFO - DAG(s) dict_keys(['example_skip_dag']) retrieved from /home/airflow/.local/lib/python3.7/site-packages/airflow/example_dags/example_skip_dag.py
[2023-02-10T02:13:27.196+0000] {logging_mixin.py:137} INFO - [2023-02-10T02:13:27.196+0000] {dag.py:2690} INFO - Sync 1 DAGs
[2023-02-10T02:13:27.451+0000] {logging_mixin.py:137} INFO - [2023-02-10T02:13:27.451+0000] {dag.py:3441} INFO - Setting next_dagrun for example_skip_dag to 2023-02-09T02:13:27.450508+00:00, run_after=2023-02-10T02:13:27.450508+00:00
[2023-02-10T02:13:27.606+0000] {processor.py:175} INFO - Processing /home/airflow/.local/lib/python3.7/site-packages/airflow/example_dags/example_skip_dag.py took 0.650 seconds
[2023-02-10T02:13:59.998+0000] {processor.py:153} INFO - Started process (PID=2541) to work on /home/airflow/.local/lib/python3.7/site-packages/airflow/example_dags/example_skip_dag.py
[2023-02-10T02:14:00.006+0000] {processor.py:743} INFO - Processing file /home/airflow/.local/lib/python3.7/site-packages/airflow/example_dags/example_skip_dag.py for tasks to queue
[2023-02-10T02:14:00.032+0000] {logging_mixin.py:137} INFO - [2023-02-10T02:14:00.031+0000] {dagbag.py:538} INFO - Filling up the DagBag from /home/airflow/.local/lib/python3.7/site-packages/airflow/example_dags/example_skip_dag.py
[2023-02-10T02:14:00.150+0000] {processor.py:753} INFO - DAG(s) dict_keys(['example_skip_dag']) retrieved from /home/airflow/.local/lib/python3.7/site-packages/airflow/example_dags/example_skip_dag.py
[2023-02-10T02:14:00.482+0000] {logging_mixin.py:137} INFO - [2023-02-10T02:14:00.482+0000] {dag.py:2690} INFO - Sync 1 DAGs
[2023-02-10T02:14:00.694+0000] {logging_mixin.py:137} INFO - [2023-02-10T02:14:00.694+0000] {dag.py:3441} INFO - Setting next_dagrun for example_skip_dag to 2023-02-09T02:14:00.693868+00:00, run_after=2023-02-10T02:14:00.693868+00:00
[2023-02-10T02:14:00.838+0000] {processor.py:175} INFO - Processing /home/airflow/.local/lib/python3.7/site-packages/airflow/example_dags/example_skip_dag.py took 0.882 seconds
[2023-02-10T02:14:31.875+0000] {processor.py:153} INFO - Started process (PID=2596) to work on /home/airflow/.local/lib/python3.7/site-packages/airflow/example_dags/example_skip_dag.py
[2023-02-10T02:14:31.895+0000] {processor.py:743} INFO - Processing file /home/airflow/.local/lib/python3.7/site-packages/airflow/example_dags/example_skip_dag.py for tasks to queue
[2023-02-10T02:14:31.915+0000] {logging_mixin.py:137} INFO - [2023-02-10T02:14:31.904+0000] {dagbag.py:538} INFO - Filling up the DagBag from /home/airflow/.local/lib/python3.7/site-packages/airflow/example_dags/example_skip_dag.py
[2023-02-10T02:14:32.106+0000] {processor.py:753} INFO - DAG(s) dict_keys(['example_skip_dag']) retrieved from /home/airflow/.local/lib/python3.7/site-packages/airflow/example_dags/example_skip_dag.py
[2023-02-10T02:14:32.314+0000] {logging_mixin.py:137} INFO - [2023-02-10T02:14:32.314+0000] {dag.py:2690} INFO - Sync 1 DAGs
[2023-02-10T02:14:32.475+0000] {logging_mixin.py:137} INFO - [2023-02-10T02:14:32.475+0000] {dag.py:3441} INFO - Setting next_dagrun for example_skip_dag to 2023-02-09T02:14:32.474721+00:00, run_after=2023-02-10T02:14:32.474721+00:00
[2023-02-10T02:14:32.591+0000] {processor.py:175} INFO - Processing /home/airflow/.local/lib/python3.7/site-packages/airflow/example_dags/example_skip_dag.py took 0.772 seconds
[2023-02-10T02:15:02.741+0000] {processor.py:153} INFO - Started process (PID=2648) to work on /home/airflow/.local/lib/python3.7/site-packages/airflow/example_dags/example_skip_dag.py
[2023-02-10T02:15:02.747+0000] {processor.py:743} INFO - Processing file /home/airflow/.local/lib/python3.7/site-packages/airflow/example_dags/example_skip_dag.py for tasks to queue
[2023-02-10T02:15:02.752+0000] {logging_mixin.py:137} INFO - [2023-02-10T02:15:02.751+0000] {dagbag.py:538} INFO - Filling up the DagBag from /home/airflow/.local/lib/python3.7/site-packages/airflow/example_dags/example_skip_dag.py
[2023-02-10T02:15:02.788+0000] {processor.py:753} INFO - DAG(s) dict_keys(['example_skip_dag']) retrieved from /home/airflow/.local/lib/python3.7/site-packages/airflow/example_dags/example_skip_dag.py
[2023-02-10T02:15:02.841+0000] {logging_mixin.py:137} INFO - [2023-02-10T02:15:02.841+0000] {dag.py:2690} INFO - Sync 1 DAGs
[2023-02-10T02:15:02.890+0000] {logging_mixin.py:137} INFO - [2023-02-10T02:15:02.889+0000] {dag.py:3441} INFO - Setting next_dagrun for example_skip_dag to 2023-02-09T02:15:02.889415+00:00, run_after=2023-02-10T02:15:02.889415+00:00
[2023-02-10T02:15:02.931+0000] {processor.py:175} INFO - Processing /home/airflow/.local/lib/python3.7/site-packages/airflow/example_dags/example_skip_dag.py took 0.201 seconds
[2023-02-10T02:15:33.339+0000] {processor.py:153} INFO - Started process (PID=2707) to work on /home/airflow/.local/lib/python3.7/site-packages/airflow/example_dags/example_skip_dag.py
[2023-02-10T02:15:33.344+0000] {processor.py:743} INFO - Processing file /home/airflow/.local/lib/python3.7/site-packages/airflow/example_dags/example_skip_dag.py for tasks to queue
[2023-02-10T02:15:33.350+0000] {logging_mixin.py:137} INFO - [2023-02-10T02:15:33.349+0000] {dagbag.py:538} INFO - Filling up the DagBag from /home/airflow/.local/lib/python3.7/site-packages/airflow/example_dags/example_skip_dag.py
[2023-02-10T02:15:33.380+0000] {processor.py:753} INFO - DAG(s) dict_keys(['example_skip_dag']) retrieved from /home/airflow/.local/lib/python3.7/site-packages/airflow/example_dags/example_skip_dag.py
[2023-02-10T02:15:33.455+0000] {logging_mixin.py:137} INFO - [2023-02-10T02:15:33.455+0000] {dag.py:2690} INFO - Sync 1 DAGs
[2023-02-10T02:15:33.519+0000] {logging_mixin.py:137} INFO - [2023-02-10T02:15:33.519+0000] {dag.py:3441} INFO - Setting next_dagrun for example_skip_dag to 2023-02-09T02:15:33.518673+00:00, run_after=2023-02-10T02:15:33.518673+00:00
[2023-02-10T02:15:33.567+0000] {processor.py:175} INFO - Processing /home/airflow/.local/lib/python3.7/site-packages/airflow/example_dags/example_skip_dag.py took 0.237 seconds
[2023-02-10T02:16:03.755+0000] {processor.py:153} INFO - Started process (PID=2756) to work on /home/airflow/.local/lib/python3.7/site-packages/airflow/example_dags/example_skip_dag.py
[2023-02-10T02:16:03.765+0000] {processor.py:743} INFO - Processing file /home/airflow/.local/lib/python3.7/site-packages/airflow/example_dags/example_skip_dag.py for tasks to queue
[2023-02-10T02:16:03.784+0000] {logging_mixin.py:137} INFO - [2023-02-10T02:16:03.783+0000] {dagbag.py:538} INFO - Filling up the DagBag from /home/airflow/.local/lib/python3.7/site-packages/airflow/example_dags/example_skip_dag.py
[2023-02-10T02:16:03.852+0000] {processor.py:753} INFO - DAG(s) dict_keys(['example_skip_dag']) retrieved from /home/airflow/.local/lib/python3.7/site-packages/airflow/example_dags/example_skip_dag.py
[2023-02-10T02:16:03.940+0000] {logging_mixin.py:137} INFO - [2023-02-10T02:16:03.940+0000] {dag.py:2690} INFO - Sync 1 DAGs
[2023-02-10T02:16:04.028+0000] {logging_mixin.py:137} INFO - [2023-02-10T02:16:04.028+0000] {dag.py:3441} INFO - Setting next_dagrun for example_skip_dag to 2023-02-09T02:16:04.027406+00:00, run_after=2023-02-10T02:16:04.027406+00:00
[2023-02-10T02:16:04.150+0000] {processor.py:175} INFO - Processing /home/airflow/.local/lib/python3.7/site-packages/airflow/example_dags/example_skip_dag.py took 0.411 seconds
[2023-02-10T02:16:34.291+0000] {processor.py:153} INFO - Started process (PID=2815) to work on /home/airflow/.local/lib/python3.7/site-packages/airflow/example_dags/example_skip_dag.py
[2023-02-10T02:16:34.297+0000] {processor.py:743} INFO - Processing file /home/airflow/.local/lib/python3.7/site-packages/airflow/example_dags/example_skip_dag.py for tasks to queue
[2023-02-10T02:16:34.309+0000] {logging_mixin.py:137} INFO - [2023-02-10T02:16:34.306+0000] {dagbag.py:538} INFO - Filling up the DagBag from /home/airflow/.local/lib/python3.7/site-packages/airflow/example_dags/example_skip_dag.py
[2023-02-10T02:16:34.355+0000] {processor.py:753} INFO - DAG(s) dict_keys(['example_skip_dag']) retrieved from /home/airflow/.local/lib/python3.7/site-packages/airflow/example_dags/example_skip_dag.py
[2023-02-10T02:16:34.441+0000] {logging_mixin.py:137} INFO - [2023-02-10T02:16:34.440+0000] {dag.py:2690} INFO - Sync 1 DAGs
[2023-02-10T02:16:34.529+0000] {logging_mixin.py:137} INFO - [2023-02-10T02:16:34.529+0000] {dag.py:3441} INFO - Setting next_dagrun for example_skip_dag to 2023-02-09T02:16:34.529235+00:00, run_after=2023-02-10T02:16:34.529235+00:00
[2023-02-10T02:16:34.593+0000] {processor.py:175} INFO - Processing /home/airflow/.local/lib/python3.7/site-packages/airflow/example_dags/example_skip_dag.py took 0.316 seconds
[2023-02-10T02:17:04.757+0000] {processor.py:153} INFO - Started process (PID=2872) to work on /home/airflow/.local/lib/python3.7/site-packages/airflow/example_dags/example_skip_dag.py
[2023-02-10T02:17:04.764+0000] {processor.py:743} INFO - Processing file /home/airflow/.local/lib/python3.7/site-packages/airflow/example_dags/example_skip_dag.py for tasks to queue
[2023-02-10T02:17:04.771+0000] {logging_mixin.py:137} INFO - [2023-02-10T02:17:04.770+0000] {dagbag.py:538} INFO - Filling up the DagBag from /home/airflow/.local/lib/python3.7/site-packages/airflow/example_dags/example_skip_dag.py
[2023-02-10T02:17:04.932+0000] {processor.py:753} INFO - DAG(s) dict_keys(['example_skip_dag']) retrieved from /home/airflow/.local/lib/python3.7/site-packages/airflow/example_dags/example_skip_dag.py
[2023-02-10T02:17:05.059+0000] {logging_mixin.py:137} INFO - [2023-02-10T02:17:05.059+0000] {dag.py:2690} INFO - Sync 1 DAGs
[2023-02-10T02:17:05.226+0000] {logging_mixin.py:137} INFO - [2023-02-10T02:17:05.226+0000] {dag.py:3441} INFO - Setting next_dagrun for example_skip_dag to 2023-02-09T02:17:05.225816+00:00, run_after=2023-02-10T02:17:05.225816+00:00
[2023-02-10T02:17:05.316+0000] {processor.py:175} INFO - Processing /home/airflow/.local/lib/python3.7/site-packages/airflow/example_dags/example_skip_dag.py took 0.576 seconds
[2023-02-10T02:17:47.562+0000] {processor.py:153} INFO - Started process (PID=2920) to work on /home/airflow/.local/lib/python3.7/site-packages/airflow/example_dags/example_skip_dag.py
[2023-02-10T02:17:47.575+0000] {processor.py:743} INFO - Processing file /home/airflow/.local/lib/python3.7/site-packages/airflow/example_dags/example_skip_dag.py for tasks to queue
[2023-02-10T02:17:47.594+0000] {logging_mixin.py:137} INFO - [2023-02-10T02:17:47.593+0000] {dagbag.py:538} INFO - Filling up the DagBag from /home/airflow/.local/lib/python3.7/site-packages/airflow/example_dags/example_skip_dag.py
[2023-02-10T02:17:47.800+0000] {processor.py:753} INFO - DAG(s) dict_keys(['example_skip_dag']) retrieved from /home/airflow/.local/lib/python3.7/site-packages/airflow/example_dags/example_skip_dag.py
[2023-02-10T02:17:48.573+0000] {logging_mixin.py:137} INFO - [2023-02-10T02:17:48.573+0000] {dag.py:2690} INFO - Sync 1 DAGs
[2023-02-10T02:17:49.207+0000] {logging_mixin.py:137} INFO - [2023-02-10T02:17:49.207+0000] {dag.py:3441} INFO - Setting next_dagrun for example_skip_dag to 2023-02-09T02:17:49.207033+00:00, run_after=2023-02-10T02:17:49.207033+00:00
[2023-02-10T02:17:49.354+0000] {processor.py:175} INFO - Processing /home/airflow/.local/lib/python3.7/site-packages/airflow/example_dags/example_skip_dag.py took 1.826 seconds
[2023-02-10T02:18:19.633+0000] {processor.py:153} INFO - Started process (PID=2980) to work on /home/airflow/.local/lib/python3.7/site-packages/airflow/example_dags/example_skip_dag.py
[2023-02-10T02:18:19.639+0000] {processor.py:743} INFO - Processing file /home/airflow/.local/lib/python3.7/site-packages/airflow/example_dags/example_skip_dag.py for tasks to queue
[2023-02-10T02:18:19.645+0000] {logging_mixin.py:137} INFO - [2023-02-10T02:18:19.644+0000] {dagbag.py:538} INFO - Filling up the DagBag from /home/airflow/.local/lib/python3.7/site-packages/airflow/example_dags/example_skip_dag.py
[2023-02-10T02:18:19.678+0000] {processor.py:753} INFO - DAG(s) dict_keys(['example_skip_dag']) retrieved from /home/airflow/.local/lib/python3.7/site-packages/airflow/example_dags/example_skip_dag.py
[2023-02-10T02:18:19.742+0000] {logging_mixin.py:137} INFO - [2023-02-10T02:18:19.741+0000] {dag.py:2690} INFO - Sync 1 DAGs
[2023-02-10T02:18:19.802+0000] {logging_mixin.py:137} INFO - [2023-02-10T02:18:19.802+0000] {dag.py:3441} INFO - Setting next_dagrun for example_skip_dag to 2023-02-09T02:18:19.802094+00:00, run_after=2023-02-10T02:18:19.802094+00:00
[2023-02-10T02:18:19.852+0000] {processor.py:175} INFO - Processing /home/airflow/.local/lib/python3.7/site-packages/airflow/example_dags/example_skip_dag.py took 0.230 seconds
[2023-02-10T02:19:17.677+0000] {processor.py:153} INFO - Started process (PID=41) to work on /home/airflow/.local/lib/python3.7/site-packages/airflow/example_dags/example_skip_dag.py
[2023-02-10T02:19:17.688+0000] {processor.py:743} INFO - Processing file /home/airflow/.local/lib/python3.7/site-packages/airflow/example_dags/example_skip_dag.py for tasks to queue
[2023-02-10T02:19:17.695+0000] {logging_mixin.py:137} INFO - [2023-02-10T02:19:17.695+0000] {dagbag.py:538} INFO - Filling up the DagBag from /home/airflow/.local/lib/python3.7/site-packages/airflow/example_dags/example_skip_dag.py
[2023-02-10T02:19:17.751+0000] {processor.py:753} INFO - DAG(s) dict_keys(['example_skip_dag']) retrieved from /home/airflow/.local/lib/python3.7/site-packages/airflow/example_dags/example_skip_dag.py
[2023-02-10T02:19:17.851+0000] {logging_mixin.py:137} INFO - [2023-02-10T02:19:17.851+0000] {dag.py:2690} INFO - Sync 1 DAGs
[2023-02-10T02:19:18.147+0000] {logging_mixin.py:137} INFO - [2023-02-10T02:19:18.146+0000] {dag.py:3441} INFO - Setting next_dagrun for example_skip_dag to 2023-02-09T02:19:18.145366+00:00, run_after=2023-02-10T02:19:18.145366+00:00
[2023-02-10T02:19:18.263+0000] {processor.py:175} INFO - Processing /home/airflow/.local/lib/python3.7/site-packages/airflow/example_dags/example_skip_dag.py took 0.628 seconds
[2023-02-10T02:19:48.935+0000] {processor.py:153} INFO - Started process (PID=100) to work on /home/airflow/.local/lib/python3.7/site-packages/airflow/example_dags/example_skip_dag.py
[2023-02-10T02:19:48.951+0000] {processor.py:743} INFO - Processing file /home/airflow/.local/lib/python3.7/site-packages/airflow/example_dags/example_skip_dag.py for tasks to queue
[2023-02-10T02:19:48.960+0000] {logging_mixin.py:137} INFO - [2023-02-10T02:19:48.958+0000] {dagbag.py:538} INFO - Filling up the DagBag from /home/airflow/.local/lib/python3.7/site-packages/airflow/example_dags/example_skip_dag.py
[2023-02-10T02:19:49.070+0000] {processor.py:753} INFO - DAG(s) dict_keys(['example_skip_dag']) retrieved from /home/airflow/.local/lib/python3.7/site-packages/airflow/example_dags/example_skip_dag.py
[2023-02-10T02:19:49.146+0000] {logging_mixin.py:137} INFO - [2023-02-10T02:19:49.145+0000] {dag.py:2690} INFO - Sync 1 DAGs
[2023-02-10T02:19:49.232+0000] {logging_mixin.py:137} INFO - [2023-02-10T02:19:49.231+0000] {dag.py:3441} INFO - Setting next_dagrun for example_skip_dag to 2023-02-09T02:19:49.231269+00:00, run_after=2023-02-10T02:19:49.231269+00:00
[2023-02-10T02:19:49.336+0000] {processor.py:175} INFO - Processing /home/airflow/.local/lib/python3.7/site-packages/airflow/example_dags/example_skip_dag.py took 0.423 seconds
[2023-02-10T02:20:28.841+0000] {processor.py:153} INFO - Started process (PID=156) to work on /home/airflow/.local/lib/python3.7/site-packages/airflow/example_dags/example_skip_dag.py
[2023-02-10T02:20:28.964+0000] {processor.py:743} INFO - Processing file /home/airflow/.local/lib/python3.7/site-packages/airflow/example_dags/example_skip_dag.py for tasks to queue
[2023-02-10T02:20:29.026+0000] {logging_mixin.py:137} INFO - [2023-02-10T02:20:29.025+0000] {dagbag.py:538} INFO - Filling up the DagBag from /home/airflow/.local/lib/python3.7/site-packages/airflow/example_dags/example_skip_dag.py
[2023-02-10T02:20:30.274+0000] {processor.py:753} INFO - DAG(s) dict_keys(['example_skip_dag']) retrieved from /home/airflow/.local/lib/python3.7/site-packages/airflow/example_dags/example_skip_dag.py
[2023-02-10T02:20:32.245+0000] {logging_mixin.py:137} INFO - [2023-02-10T02:20:32.245+0000] {dag.py:2690} INFO - Sync 1 DAGs
[2023-02-10T02:20:34.050+0000] {logging_mixin.py:137} INFO - [2023-02-10T02:20:34.000+0000] {dag.py:3441} INFO - Setting next_dagrun for example_skip_dag to 2023-02-09T02:20:33.985481+00:00, run_after=2023-02-10T02:20:33.985481+00:00
[2023-02-10T02:20:35.048+0000] {processor.py:175} INFO - Processing /home/airflow/.local/lib/python3.7/site-packages/airflow/example_dags/example_skip_dag.py took 6.370 seconds
[2023-02-10T02:21:32.113+0000] {processor.py:153} INFO - Started process (PID=216) to work on /home/airflow/.local/lib/python3.7/site-packages/airflow/example_dags/example_skip_dag.py
[2023-02-10T02:21:32.149+0000] {processor.py:743} INFO - Processing file /home/airflow/.local/lib/python3.7/site-packages/airflow/example_dags/example_skip_dag.py for tasks to queue
[2023-02-10T02:21:32.162+0000] {logging_mixin.py:137} INFO - [2023-02-10T02:21:32.161+0000] {dagbag.py:538} INFO - Filling up the DagBag from /home/airflow/.local/lib/python3.7/site-packages/airflow/example_dags/example_skip_dag.py
[2023-02-10T02:21:32.341+0000] {processor.py:753} INFO - DAG(s) dict_keys(['example_skip_dag']) retrieved from /home/airflow/.local/lib/python3.7/site-packages/airflow/example_dags/example_skip_dag.py
[2023-02-10T02:21:32.687+0000] {logging_mixin.py:137} INFO - [2023-02-10T02:21:32.687+0000] {dag.py:2690} INFO - Sync 1 DAGs
[2023-02-10T02:21:32.946+0000] {logging_mixin.py:137} INFO - [2023-02-10T02:21:32.945+0000] {dag.py:3441} INFO - Setting next_dagrun for example_skip_dag to 2023-02-09T02:21:32.945345+00:00, run_after=2023-02-10T02:21:32.945345+00:00
[2023-02-10T02:21:33.445+0000] {processor.py:175} INFO - Processing /home/airflow/.local/lib/python3.7/site-packages/airflow/example_dags/example_skip_dag.py took 1.360 seconds
[2023-02-10T02:22:05.434+0000] {processor.py:153} INFO - Started process (PID=271) to work on /home/airflow/.local/lib/python3.7/site-packages/airflow/example_dags/example_skip_dag.py
[2023-02-10T02:22:05.454+0000] {processor.py:743} INFO - Processing file /home/airflow/.local/lib/python3.7/site-packages/airflow/example_dags/example_skip_dag.py for tasks to queue
[2023-02-10T02:22:05.464+0000] {logging_mixin.py:137} INFO - [2023-02-10T02:22:05.464+0000] {dagbag.py:538} INFO - Filling up the DagBag from /home/airflow/.local/lib/python3.7/site-packages/airflow/example_dags/example_skip_dag.py
[2023-02-10T02:22:05.747+0000] {processor.py:753} INFO - DAG(s) dict_keys(['example_skip_dag']) retrieved from /home/airflow/.local/lib/python3.7/site-packages/airflow/example_dags/example_skip_dag.py
[2023-02-10T02:22:06.172+0000] {logging_mixin.py:137} INFO - [2023-02-10T02:22:06.172+0000] {dag.py:2690} INFO - Sync 1 DAGs
[2023-02-10T02:22:07.006+0000] {logging_mixin.py:137} INFO - [2023-02-10T02:22:07.006+0000] {dag.py:3441} INFO - Setting next_dagrun for example_skip_dag to 2023-02-09T02:22:07.006007+00:00, run_after=2023-02-10T02:22:07.006007+00:00
[2023-02-10T02:22:07.501+0000] {processor.py:175} INFO - Processing /home/airflow/.local/lib/python3.7/site-packages/airflow/example_dags/example_skip_dag.py took 2.124 seconds
[2023-02-10T02:22:38.531+0000] {processor.py:153} INFO - Started process (PID=323) to work on /home/airflow/.local/lib/python3.7/site-packages/airflow/example_dags/example_skip_dag.py
[2023-02-10T02:22:38.607+0000] {processor.py:743} INFO - Processing file /home/airflow/.local/lib/python3.7/site-packages/airflow/example_dags/example_skip_dag.py for tasks to queue
[2023-02-10T02:22:39.072+0000] {logging_mixin.py:137} INFO - [2023-02-10T02:22:39.071+0000] {dagbag.py:538} INFO - Filling up the DagBag from /home/airflow/.local/lib/python3.7/site-packages/airflow/example_dags/example_skip_dag.py
[2023-02-10T02:22:40.153+0000] {processor.py:753} INFO - DAG(s) dict_keys(['example_skip_dag']) retrieved from /home/airflow/.local/lib/python3.7/site-packages/airflow/example_dags/example_skip_dag.py
[2023-02-10T02:22:40.942+0000] {logging_mixin.py:137} INFO - [2023-02-10T02:22:40.942+0000] {dag.py:2690} INFO - Sync 1 DAGs
[2023-02-10T02:22:43.026+0000] {logging_mixin.py:137} INFO - [2023-02-10T02:22:43.023+0000] {dag.py:3441} INFO - Setting next_dagrun for example_skip_dag to 2023-02-09T02:22:43.018523+00:00, run_after=2023-02-10T02:22:43.018523+00:00
[2023-02-10T02:22:43.191+0000] {processor.py:175} INFO - Processing /home/airflow/.local/lib/python3.7/site-packages/airflow/example_dags/example_skip_dag.py took 5.337 seconds
[2023-02-10T02:23:26.691+0000] {processor.py:153} INFO - Started process (PID=384) to work on /home/airflow/.local/lib/python3.7/site-packages/airflow/example_dags/example_skip_dag.py
[2023-02-10T02:23:26.697+0000] {processor.py:743} INFO - Processing file /home/airflow/.local/lib/python3.7/site-packages/airflow/example_dags/example_skip_dag.py for tasks to queue
[2023-02-10T02:23:26.708+0000] {logging_mixin.py:137} INFO - [2023-02-10T02:23:26.708+0000] {dagbag.py:538} INFO - Filling up the DagBag from /home/airflow/.local/lib/python3.7/site-packages/airflow/example_dags/example_skip_dag.py
[2023-02-10T02:23:27.127+0000] {processor.py:753} INFO - DAG(s) dict_keys(['example_skip_dag']) retrieved from /home/airflow/.local/lib/python3.7/site-packages/airflow/example_dags/example_skip_dag.py
[2023-02-10T02:23:27.269+0000] {logging_mixin.py:137} INFO - [2023-02-10T02:23:27.269+0000] {dag.py:2690} INFO - Sync 1 DAGs
[2023-02-10T02:23:27.592+0000] {logging_mixin.py:137} INFO - [2023-02-10T02:23:27.592+0000] {dag.py:3441} INFO - Setting next_dagrun for example_skip_dag to 2023-02-09T02:23:27.591301+00:00, run_after=2023-02-10T02:23:27.591301+00:00
[2023-02-10T02:23:27.999+0000] {processor.py:175} INFO - Processing /home/airflow/.local/lib/python3.7/site-packages/airflow/example_dags/example_skip_dag.py took 1.347 seconds
[2023-02-10T02:23:58.468+0000] {processor.py:153} INFO - Started process (PID=436) to work on /home/airflow/.local/lib/python3.7/site-packages/airflow/example_dags/example_skip_dag.py
[2023-02-10T02:23:58.478+0000] {processor.py:743} INFO - Processing file /home/airflow/.local/lib/python3.7/site-packages/airflow/example_dags/example_skip_dag.py for tasks to queue
[2023-02-10T02:23:58.497+0000] {logging_mixin.py:137} INFO - [2023-02-10T02:23:58.488+0000] {dagbag.py:538} INFO - Filling up the DagBag from /home/airflow/.local/lib/python3.7/site-packages/airflow/example_dags/example_skip_dag.py
[2023-02-10T02:23:58.695+0000] {processor.py:753} INFO - DAG(s) dict_keys(['example_skip_dag']) retrieved from /home/airflow/.local/lib/python3.7/site-packages/airflow/example_dags/example_skip_dag.py
[2023-02-10T02:23:58.794+0000] {logging_mixin.py:137} INFO - [2023-02-10T02:23:58.794+0000] {dag.py:2690} INFO - Sync 1 DAGs
[2023-02-10T02:23:58.931+0000] {logging_mixin.py:137} INFO - [2023-02-10T02:23:58.929+0000] {dag.py:3441} INFO - Setting next_dagrun for example_skip_dag to 2023-02-09T02:23:58.926969+00:00, run_after=2023-02-10T02:23:58.926969+00:00
[2023-02-10T02:23:59.027+0000] {processor.py:175} INFO - Processing /home/airflow/.local/lib/python3.7/site-packages/airflow/example_dags/example_skip_dag.py took 0.574 seconds
[2023-02-10T02:24:29.294+0000] {processor.py:153} INFO - Started process (PID=494) to work on /home/airflow/.local/lib/python3.7/site-packages/airflow/example_dags/example_skip_dag.py
[2023-02-10T02:24:29.307+0000] {processor.py:743} INFO - Processing file /home/airflow/.local/lib/python3.7/site-packages/airflow/example_dags/example_skip_dag.py for tasks to queue
[2023-02-10T02:24:29.328+0000] {logging_mixin.py:137} INFO - [2023-02-10T02:24:29.327+0000] {dagbag.py:538} INFO - Filling up the DagBag from /home/airflow/.local/lib/python3.7/site-packages/airflow/example_dags/example_skip_dag.py
[2023-02-10T02:24:29.460+0000] {processor.py:753} INFO - DAG(s) dict_keys(['example_skip_dag']) retrieved from /home/airflow/.local/lib/python3.7/site-packages/airflow/example_dags/example_skip_dag.py
[2023-02-10T02:24:29.657+0000] {logging_mixin.py:137} INFO - [2023-02-10T02:24:29.656+0000] {dag.py:2690} INFO - Sync 1 DAGs
[2023-02-10T02:24:29.999+0000] {logging_mixin.py:137} INFO - [2023-02-10T02:24:29.996+0000] {dag.py:3441} INFO - Setting next_dagrun for example_skip_dag to 2023-02-09T02:24:29.994741+00:00, run_after=2023-02-10T02:24:29.994741+00:00
[2023-02-10T02:24:30.382+0000] {processor.py:175} INFO - Processing /home/airflow/.local/lib/python3.7/site-packages/airflow/example_dags/example_skip_dag.py took 1.121 seconds
[2023-02-10T02:25:02.309+0000] {processor.py:153} INFO - Started process (PID=550) to work on /home/airflow/.local/lib/python3.7/site-packages/airflow/example_dags/example_skip_dag.py
[2023-02-10T02:25:02.338+0000] {processor.py:743} INFO - Processing file /home/airflow/.local/lib/python3.7/site-packages/airflow/example_dags/example_skip_dag.py for tasks to queue
[2023-02-10T02:25:02.355+0000] {logging_mixin.py:137} INFO - [2023-02-10T02:25:02.345+0000] {dagbag.py:538} INFO - Filling up the DagBag from /home/airflow/.local/lib/python3.7/site-packages/airflow/example_dags/example_skip_dag.py
[2023-02-10T02:25:02.665+0000] {processor.py:753} INFO - DAG(s) dict_keys(['example_skip_dag']) retrieved from /home/airflow/.local/lib/python3.7/site-packages/airflow/example_dags/example_skip_dag.py
[2023-02-10T02:25:02.845+0000] {logging_mixin.py:137} INFO - [2023-02-10T02:25:02.845+0000] {dag.py:2690} INFO - Sync 1 DAGs
[2023-02-10T02:25:03.032+0000] {logging_mixin.py:137} INFO - [2023-02-10T02:25:03.032+0000] {dag.py:3441} INFO - Setting next_dagrun for example_skip_dag to 2023-02-09T02:25:03.031716+00:00, run_after=2023-02-10T02:25:03.031716+00:00
[2023-02-10T02:25:03.166+0000] {processor.py:175} INFO - Processing /home/airflow/.local/lib/python3.7/site-packages/airflow/example_dags/example_skip_dag.py took 0.940 seconds
[2023-02-10T02:25:37.023+0000] {processor.py:153} INFO - Started process (PID=601) to work on /home/airflow/.local/lib/python3.7/site-packages/airflow/example_dags/example_skip_dag.py
[2023-02-10T02:25:37.039+0000] {processor.py:743} INFO - Processing file /home/airflow/.local/lib/python3.7/site-packages/airflow/example_dags/example_skip_dag.py for tasks to queue
[2023-02-10T02:25:37.046+0000] {logging_mixin.py:137} INFO - [2023-02-10T02:25:37.044+0000] {dagbag.py:538} INFO - Filling up the DagBag from /home/airflow/.local/lib/python3.7/site-packages/airflow/example_dags/example_skip_dag.py
[2023-02-10T02:25:37.131+0000] {processor.py:753} INFO - DAG(s) dict_keys(['example_skip_dag']) retrieved from /home/airflow/.local/lib/python3.7/site-packages/airflow/example_dags/example_skip_dag.py
[2023-02-10T02:25:37.303+0000] {logging_mixin.py:137} INFO - [2023-02-10T02:25:37.303+0000] {dag.py:2690} INFO - Sync 1 DAGs
[2023-02-10T02:25:37.510+0000] {logging_mixin.py:137} INFO - [2023-02-10T02:25:37.510+0000] {dag.py:3441} INFO - Setting next_dagrun for example_skip_dag to 2023-02-09T02:25:37.510008+00:00, run_after=2023-02-10T02:25:37.510008+00:00
[2023-02-10T02:25:37.597+0000] {processor.py:175} INFO - Processing /home/airflow/.local/lib/python3.7/site-packages/airflow/example_dags/example_skip_dag.py took 0.589 seconds
[2023-02-10T02:26:07.744+0000] {processor.py:153} INFO - Started process (PID=659) to work on /home/airflow/.local/lib/python3.7/site-packages/airflow/example_dags/example_skip_dag.py
[2023-02-10T02:26:07.758+0000] {processor.py:743} INFO - Processing file /home/airflow/.local/lib/python3.7/site-packages/airflow/example_dags/example_skip_dag.py for tasks to queue
[2023-02-10T02:26:07.763+0000] {logging_mixin.py:137} INFO - [2023-02-10T02:26:07.761+0000] {dagbag.py:538} INFO - Filling up the DagBag from /home/airflow/.local/lib/python3.7/site-packages/airflow/example_dags/example_skip_dag.py
[2023-02-10T02:26:07.907+0000] {processor.py:753} INFO - DAG(s) dict_keys(['example_skip_dag']) retrieved from /home/airflow/.local/lib/python3.7/site-packages/airflow/example_dags/example_skip_dag.py
[2023-02-10T02:26:08.251+0000] {logging_mixin.py:137} INFO - [2023-02-10T02:26:08.250+0000] {dag.py:2690} INFO - Sync 1 DAGs
[2023-02-10T02:26:08.698+0000] {logging_mixin.py:137} INFO - [2023-02-10T02:26:08.698+0000] {dag.py:3441} INFO - Setting next_dagrun for example_skip_dag to 2023-02-09T02:26:08.698237+00:00, run_after=2023-02-10T02:26:08.698237+00:00
[2023-02-10T02:26:08.799+0000] {processor.py:175} INFO - Processing /home/airflow/.local/lib/python3.7/site-packages/airflow/example_dags/example_skip_dag.py took 1.081 seconds
[2023-02-10T02:26:39.098+0000] {processor.py:153} INFO - Started process (PID=708) to work on /home/airflow/.local/lib/python3.7/site-packages/airflow/example_dags/example_skip_dag.py
[2023-02-10T02:26:39.110+0000] {processor.py:743} INFO - Processing file /home/airflow/.local/lib/python3.7/site-packages/airflow/example_dags/example_skip_dag.py for tasks to queue
[2023-02-10T02:26:39.125+0000] {logging_mixin.py:137} INFO - [2023-02-10T02:26:39.124+0000] {dagbag.py:538} INFO - Filling up the DagBag from /home/airflow/.local/lib/python3.7/site-packages/airflow/example_dags/example_skip_dag.py
[2023-02-10T02:26:39.328+0000] {processor.py:753} INFO - DAG(s) dict_keys(['example_skip_dag']) retrieved from /home/airflow/.local/lib/python3.7/site-packages/airflow/example_dags/example_skip_dag.py
[2023-02-10T02:26:39.533+0000] {logging_mixin.py:137} INFO - [2023-02-10T02:26:39.532+0000] {dag.py:2690} INFO - Sync 1 DAGs
[2023-02-10T02:26:39.701+0000] {logging_mixin.py:137} INFO - [2023-02-10T02:26:39.700+0000] {dag.py:3441} INFO - Setting next_dagrun for example_skip_dag to 2023-02-09T02:26:39.699062+00:00, run_after=2023-02-10T02:26:39.699062+00:00
[2023-02-10T02:26:39.873+0000] {processor.py:175} INFO - Processing /home/airflow/.local/lib/python3.7/site-packages/airflow/example_dags/example_skip_dag.py took 0.812 seconds
[2023-02-10T02:27:10.750+0000] {processor.py:153} INFO - Started process (PID=765) to work on /home/airflow/.local/lib/python3.7/site-packages/airflow/example_dags/example_skip_dag.py
[2023-02-10T02:27:10.755+0000] {processor.py:743} INFO - Processing file /home/airflow/.local/lib/python3.7/site-packages/airflow/example_dags/example_skip_dag.py for tasks to queue
[2023-02-10T02:27:10.764+0000] {logging_mixin.py:137} INFO - [2023-02-10T02:27:10.764+0000] {dagbag.py:538} INFO - Filling up the DagBag from /home/airflow/.local/lib/python3.7/site-packages/airflow/example_dags/example_skip_dag.py
[2023-02-10T02:27:10.871+0000] {processor.py:753} INFO - DAG(s) dict_keys(['example_skip_dag']) retrieved from /home/airflow/.local/lib/python3.7/site-packages/airflow/example_dags/example_skip_dag.py
[2023-02-10T02:27:11.064+0000] {logging_mixin.py:137} INFO - [2023-02-10T02:27:11.060+0000] {dag.py:2690} INFO - Sync 1 DAGs
[2023-02-10T02:27:11.252+0000] {logging_mixin.py:137} INFO - [2023-02-10T02:27:11.252+0000] {dag.py:3441} INFO - Setting next_dagrun for example_skip_dag to 2023-02-09T02:27:11.251831+00:00, run_after=2023-02-10T02:27:11.251831+00:00
[2023-02-10T02:27:11.353+0000] {processor.py:175} INFO - Processing /home/airflow/.local/lib/python3.7/site-packages/airflow/example_dags/example_skip_dag.py took 0.655 seconds
[2023-02-10T02:27:41.725+0000] {processor.py:153} INFO - Started process (PID=823) to work on /home/airflow/.local/lib/python3.7/site-packages/airflow/example_dags/example_skip_dag.py
[2023-02-10T02:27:41.731+0000] {processor.py:743} INFO - Processing file /home/airflow/.local/lib/python3.7/site-packages/airflow/example_dags/example_skip_dag.py for tasks to queue
[2023-02-10T02:27:41.746+0000] {logging_mixin.py:137} INFO - [2023-02-10T02:27:41.746+0000] {dagbag.py:538} INFO - Filling up the DagBag from /home/airflow/.local/lib/python3.7/site-packages/airflow/example_dags/example_skip_dag.py
[2023-02-10T02:27:41.844+0000] {processor.py:753} INFO - DAG(s) dict_keys(['example_skip_dag']) retrieved from /home/airflow/.local/lib/python3.7/site-packages/airflow/example_dags/example_skip_dag.py
[2023-02-10T02:27:41.927+0000] {logging_mixin.py:137} INFO - [2023-02-10T02:27:41.927+0000] {dag.py:2690} INFO - Sync 1 DAGs
[2023-02-10T02:27:42.043+0000] {logging_mixin.py:137} INFO - [2023-02-10T02:27:42.043+0000] {dag.py:3441} INFO - Setting next_dagrun for example_skip_dag to 2023-02-09T02:27:42.042855+00:00, run_after=2023-02-10T02:27:42.042855+00:00
[2023-02-10T02:27:42.152+0000] {processor.py:175} INFO - Processing /home/airflow/.local/lib/python3.7/site-packages/airflow/example_dags/example_skip_dag.py took 0.437 seconds
[2023-02-10T02:28:18.264+0000] {processor.py:153} INFO - Started process (PID=872) to work on /home/airflow/.local/lib/python3.7/site-packages/airflow/example_dags/example_skip_dag.py
[2023-02-10T02:28:18.271+0000] {processor.py:743} INFO - Processing file /home/airflow/.local/lib/python3.7/site-packages/airflow/example_dags/example_skip_dag.py for tasks to queue
[2023-02-10T02:28:18.284+0000] {logging_mixin.py:137} INFO - [2023-02-10T02:28:18.283+0000] {dagbag.py:538} INFO - Filling up the DagBag from /home/airflow/.local/lib/python3.7/site-packages/airflow/example_dags/example_skip_dag.py
[2023-02-10T02:28:18.404+0000] {processor.py:753} INFO - DAG(s) dict_keys(['example_skip_dag']) retrieved from /home/airflow/.local/lib/python3.7/site-packages/airflow/example_dags/example_skip_dag.py
[2023-02-10T02:28:18.616+0000] {logging_mixin.py:137} INFO - [2023-02-10T02:28:18.616+0000] {dag.py:2690} INFO - Sync 1 DAGs
[2023-02-10T02:28:19.183+0000] {logging_mixin.py:137} INFO - [2023-02-10T02:28:19.181+0000] {dag.py:3441} INFO - Setting next_dagrun for example_skip_dag to 2023-02-09T02:28:19.180984+00:00, run_after=2023-02-10T02:28:19.180984+00:00
[2023-02-10T02:28:19.474+0000] {processor.py:175} INFO - Processing /home/airflow/.local/lib/python3.7/site-packages/airflow/example_dags/example_skip_dag.py took 1.223 seconds
[2023-02-10T02:28:54.391+0000] {processor.py:153} INFO - Started process (PID=930) to work on /home/airflow/.local/lib/python3.7/site-packages/airflow/example_dags/example_skip_dag.py
[2023-02-10T02:28:54.411+0000] {processor.py:743} INFO - Processing file /home/airflow/.local/lib/python3.7/site-packages/airflow/example_dags/example_skip_dag.py for tasks to queue
[2023-02-10T02:28:54.430+0000] {logging_mixin.py:137} INFO - [2023-02-10T02:28:54.429+0000] {dagbag.py:538} INFO - Filling up the DagBag from /home/airflow/.local/lib/python3.7/site-packages/airflow/example_dags/example_skip_dag.py
[2023-02-10T02:28:54.629+0000] {processor.py:753} INFO - DAG(s) dict_keys(['example_skip_dag']) retrieved from /home/airflow/.local/lib/python3.7/site-packages/airflow/example_dags/example_skip_dag.py
[2023-02-10T02:28:54.979+0000] {logging_mixin.py:137} INFO - [2023-02-10T02:28:54.979+0000] {dag.py:2690} INFO - Sync 1 DAGs
[2023-02-10T02:28:55.395+0000] {logging_mixin.py:137} INFO - [2023-02-10T02:28:55.392+0000] {dag.py:3441} INFO - Setting next_dagrun for example_skip_dag to 2023-02-09T02:28:55.388295+00:00, run_after=2023-02-10T02:28:55.388295+00:00
[2023-02-10T02:28:55.866+0000] {processor.py:175} INFO - Processing /home/airflow/.local/lib/python3.7/site-packages/airflow/example_dags/example_skip_dag.py took 1.521 seconds
