[2023-02-10T01:49:17.995+0000] {processor.py:153} INFO - Started process (PID=224) to work on /home/airflow/.local/lib/python3.7/site-packages/airflow/example_dags/example_local_kubernetes_executor.py
[2023-02-10T01:49:18.334+0000] {processor.py:743} INFO - Processing file /home/airflow/.local/lib/python3.7/site-packages/airflow/example_dags/example_local_kubernetes_executor.py for tasks to queue
[2023-02-10T01:49:18.338+0000] {logging_mixin.py:137} INFO - [2023-02-10T01:49:18.338+0000] {dagbag.py:538} INFO - Filling up the DagBag from /home/airflow/.local/lib/python3.7/site-packages/airflow/example_dags/example_local_kubernetes_executor.py
[2023-02-10T01:49:23.585+0000] {processor.py:753} INFO - DAG(s) dict_keys(['example_local_kubernetes_executor']) retrieved from /home/airflow/.local/lib/python3.7/site-packages/airflow/example_dags/example_local_kubernetes_executor.py
[2023-02-10T01:49:37.062+0000] {logging_mixin.py:137} INFO - [2023-02-10T01:49:37.035+0000] {dag.py:2690} INFO - Sync 1 DAGs
[2023-02-10T01:49:40.445+0000] {logging_mixin.py:137} INFO - [2023-02-10T01:49:40.437+0000] {dag.py:3441} INFO - Setting next_dagrun for example_local_kubernetes_executor to None, run_after=None
[2023-02-10T01:49:43.420+0000] {processor.py:175} INFO - Processing /home/airflow/.local/lib/python3.7/site-packages/airflow/example_dags/example_local_kubernetes_executor.py took 25.833 seconds
[2023-02-10T01:52:20.459+0000] {processor.py:153} INFO - Started process (PID=345) to work on /home/airflow/.local/lib/python3.7/site-packages/airflow/example_dags/example_local_kubernetes_executor.py
[2023-02-10T01:52:20.463+0000] {processor.py:743} INFO - Processing file /home/airflow/.local/lib/python3.7/site-packages/airflow/example_dags/example_local_kubernetes_executor.py for tasks to queue
[2023-02-10T01:52:20.467+0000] {logging_mixin.py:137} INFO - [2023-02-10T01:52:20.467+0000] {dagbag.py:538} INFO - Filling up the DagBag from /home/airflow/.local/lib/python3.7/site-packages/airflow/example_dags/example_local_kubernetes_executor.py
[2023-02-10T01:52:20.609+0000] {processor.py:753} INFO - DAG(s) dict_keys(['example_local_kubernetes_executor']) retrieved from /home/airflow/.local/lib/python3.7/site-packages/airflow/example_dags/example_local_kubernetes_executor.py
[2023-02-10T01:52:20.788+0000] {logging_mixin.py:137} INFO - [2023-02-10T01:52:20.788+0000] {dag.py:2690} INFO - Sync 1 DAGs
[2023-02-10T01:52:20.972+0000] {logging_mixin.py:137} INFO - [2023-02-10T01:52:20.971+0000] {dag.py:3441} INFO - Setting next_dagrun for example_local_kubernetes_executor to None, run_after=None
[2023-02-10T01:52:21.177+0000] {processor.py:175} INFO - Processing /home/airflow/.local/lib/python3.7/site-packages/airflow/example_dags/example_local_kubernetes_executor.py took 0.744 seconds
[2023-02-10T01:52:53.115+0000] {processor.py:153} INFO - Started process (PID=404) to work on /home/airflow/.local/lib/python3.7/site-packages/airflow/example_dags/example_local_kubernetes_executor.py
[2023-02-10T01:52:53.130+0000] {processor.py:743} INFO - Processing file /home/airflow/.local/lib/python3.7/site-packages/airflow/example_dags/example_local_kubernetes_executor.py for tasks to queue
[2023-02-10T01:52:53.134+0000] {logging_mixin.py:137} INFO - [2023-02-10T01:52:53.133+0000] {dagbag.py:538} INFO - Filling up the DagBag from /home/airflow/.local/lib/python3.7/site-packages/airflow/example_dags/example_local_kubernetes_executor.py
[2023-02-10T01:52:53.506+0000] {processor.py:753} INFO - DAG(s) dict_keys(['example_local_kubernetes_executor']) retrieved from /home/airflow/.local/lib/python3.7/site-packages/airflow/example_dags/example_local_kubernetes_executor.py
[2023-02-10T01:52:53.902+0000] {logging_mixin.py:137} INFO - [2023-02-10T01:52:53.892+0000] {dag.py:2690} INFO - Sync 1 DAGs
[2023-02-10T01:52:54.194+0000] {logging_mixin.py:137} INFO - [2023-02-10T01:52:54.193+0000] {dag.py:3441} INFO - Setting next_dagrun for example_local_kubernetes_executor to None, run_after=None
[2023-02-10T01:52:54.390+0000] {processor.py:175} INFO - Processing /home/airflow/.local/lib/python3.7/site-packages/airflow/example_dags/example_local_kubernetes_executor.py took 1.318 seconds
[2023-02-10T01:53:24.754+0000] {processor.py:153} INFO - Started process (PID=462) to work on /home/airflow/.local/lib/python3.7/site-packages/airflow/example_dags/example_local_kubernetes_executor.py
[2023-02-10T01:53:24.767+0000] {processor.py:743} INFO - Processing file /home/airflow/.local/lib/python3.7/site-packages/airflow/example_dags/example_local_kubernetes_executor.py for tasks to queue
[2023-02-10T01:53:24.771+0000] {logging_mixin.py:137} INFO - [2023-02-10T01:53:24.771+0000] {dagbag.py:538} INFO - Filling up the DagBag from /home/airflow/.local/lib/python3.7/site-packages/airflow/example_dags/example_local_kubernetes_executor.py
[2023-02-10T01:53:24.942+0000] {processor.py:753} INFO - DAG(s) dict_keys(['example_local_kubernetes_executor']) retrieved from /home/airflow/.local/lib/python3.7/site-packages/airflow/example_dags/example_local_kubernetes_executor.py
[2023-02-10T01:53:25.385+0000] {logging_mixin.py:137} INFO - [2023-02-10T01:53:25.375+0000] {dag.py:2690} INFO - Sync 1 DAGs
[2023-02-10T01:53:25.652+0000] {logging_mixin.py:137} INFO - [2023-02-10T01:53:25.651+0000] {dag.py:3441} INFO - Setting next_dagrun for example_local_kubernetes_executor to None, run_after=None
[2023-02-10T01:53:25.808+0000] {processor.py:175} INFO - Processing /home/airflow/.local/lib/python3.7/site-packages/airflow/example_dags/example_local_kubernetes_executor.py took 1.085 seconds
[2023-02-10T01:53:56.575+0000] {processor.py:153} INFO - Started process (PID=511) to work on /home/airflow/.local/lib/python3.7/site-packages/airflow/example_dags/example_local_kubernetes_executor.py
[2023-02-10T01:53:56.580+0000] {processor.py:743} INFO - Processing file /home/airflow/.local/lib/python3.7/site-packages/airflow/example_dags/example_local_kubernetes_executor.py for tasks to queue
[2023-02-10T01:53:56.585+0000] {logging_mixin.py:137} INFO - [2023-02-10T01:53:56.585+0000] {dagbag.py:538} INFO - Filling up the DagBag from /home/airflow/.local/lib/python3.7/site-packages/airflow/example_dags/example_local_kubernetes_executor.py
[2023-02-10T01:53:56.654+0000] {processor.py:753} INFO - DAG(s) dict_keys(['example_local_kubernetes_executor']) retrieved from /home/airflow/.local/lib/python3.7/site-packages/airflow/example_dags/example_local_kubernetes_executor.py
[2023-02-10T01:53:56.725+0000] {logging_mixin.py:137} INFO - [2023-02-10T01:53:56.725+0000] {dag.py:2690} INFO - Sync 1 DAGs
[2023-02-10T01:53:56.786+0000] {logging_mixin.py:137} INFO - [2023-02-10T01:53:56.786+0000] {dag.py:3441} INFO - Setting next_dagrun for example_local_kubernetes_executor to None, run_after=None
[2023-02-10T01:53:56.833+0000] {processor.py:175} INFO - Processing /home/airflow/.local/lib/python3.7/site-packages/airflow/example_dags/example_local_kubernetes_executor.py took 0.274 seconds
[2023-02-10T01:54:27.222+0000] {processor.py:153} INFO - Started process (PID=569) to work on /home/airflow/.local/lib/python3.7/site-packages/airflow/example_dags/example_local_kubernetes_executor.py
[2023-02-10T01:54:27.228+0000] {processor.py:743} INFO - Processing file /home/airflow/.local/lib/python3.7/site-packages/airflow/example_dags/example_local_kubernetes_executor.py for tasks to queue
[2023-02-10T01:54:27.238+0000] {logging_mixin.py:137} INFO - [2023-02-10T01:54:27.237+0000] {dagbag.py:538} INFO - Filling up the DagBag from /home/airflow/.local/lib/python3.7/site-packages/airflow/example_dags/example_local_kubernetes_executor.py
[2023-02-10T01:54:27.376+0000] {processor.py:753} INFO - DAG(s) dict_keys(['example_local_kubernetes_executor']) retrieved from /home/airflow/.local/lib/python3.7/site-packages/airflow/example_dags/example_local_kubernetes_executor.py
[2023-02-10T01:54:27.541+0000] {logging_mixin.py:137} INFO - [2023-02-10T01:54:27.540+0000] {dag.py:2690} INFO - Sync 1 DAGs
[2023-02-10T01:54:27.752+0000] {logging_mixin.py:137} INFO - [2023-02-10T01:54:27.751+0000] {dag.py:3441} INFO - Setting next_dagrun for example_local_kubernetes_executor to None, run_after=None
[2023-02-10T01:54:27.907+0000] {processor.py:175} INFO - Processing /home/airflow/.local/lib/python3.7/site-packages/airflow/example_dags/example_local_kubernetes_executor.py took 0.721 seconds
[2023-02-10T01:54:58.778+0000] {processor.py:153} INFO - Started process (PID=626) to work on /home/airflow/.local/lib/python3.7/site-packages/airflow/example_dags/example_local_kubernetes_executor.py
[2023-02-10T01:54:58.788+0000] {processor.py:743} INFO - Processing file /home/airflow/.local/lib/python3.7/site-packages/airflow/example_dags/example_local_kubernetes_executor.py for tasks to queue
[2023-02-10T01:54:58.794+0000] {logging_mixin.py:137} INFO - [2023-02-10T01:54:58.794+0000] {dagbag.py:538} INFO - Filling up the DagBag from /home/airflow/.local/lib/python3.7/site-packages/airflow/example_dags/example_local_kubernetes_executor.py
[2023-02-10T01:54:59.018+0000] {processor.py:753} INFO - DAG(s) dict_keys(['example_local_kubernetes_executor']) retrieved from /home/airflow/.local/lib/python3.7/site-packages/airflow/example_dags/example_local_kubernetes_executor.py
[2023-02-10T01:54:59.188+0000] {logging_mixin.py:137} INFO - [2023-02-10T01:54:59.188+0000] {dag.py:2690} INFO - Sync 1 DAGs
[2023-02-10T01:54:59.364+0000] {logging_mixin.py:137} INFO - [2023-02-10T01:54:59.364+0000] {dag.py:3441} INFO - Setting next_dagrun for example_local_kubernetes_executor to None, run_after=None
[2023-02-10T01:54:59.432+0000] {processor.py:175} INFO - Processing /home/airflow/.local/lib/python3.7/site-packages/airflow/example_dags/example_local_kubernetes_executor.py took 0.680 seconds
[2023-02-10T01:55:29.635+0000] {processor.py:153} INFO - Started process (PID=676) to work on /home/airflow/.local/lib/python3.7/site-packages/airflow/example_dags/example_local_kubernetes_executor.py
[2023-02-10T01:55:29.650+0000] {processor.py:743} INFO - Processing file /home/airflow/.local/lib/python3.7/site-packages/airflow/example_dags/example_local_kubernetes_executor.py for tasks to queue
[2023-02-10T01:55:29.661+0000] {logging_mixin.py:137} INFO - [2023-02-10T01:55:29.660+0000] {dagbag.py:538} INFO - Filling up the DagBag from /home/airflow/.local/lib/python3.7/site-packages/airflow/example_dags/example_local_kubernetes_executor.py
[2023-02-10T01:55:29.940+0000] {processor.py:753} INFO - DAG(s) dict_keys(['example_local_kubernetes_executor']) retrieved from /home/airflow/.local/lib/python3.7/site-packages/airflow/example_dags/example_local_kubernetes_executor.py
[2023-02-10T01:55:30.060+0000] {logging_mixin.py:137} INFO - [2023-02-10T01:55:30.059+0000] {dag.py:2690} INFO - Sync 1 DAGs
[2023-02-10T01:55:30.216+0000] {logging_mixin.py:137} INFO - [2023-02-10T01:55:30.215+0000] {dag.py:3441} INFO - Setting next_dagrun for example_local_kubernetes_executor to None, run_after=None
[2023-02-10T01:55:30.331+0000] {processor.py:175} INFO - Processing /home/airflow/.local/lib/python3.7/site-packages/airflow/example_dags/example_local_kubernetes_executor.py took 0.734 seconds
[2023-02-10T01:56:00.881+0000] {processor.py:153} INFO - Started process (PID=734) to work on /home/airflow/.local/lib/python3.7/site-packages/airflow/example_dags/example_local_kubernetes_executor.py
[2023-02-10T01:56:00.885+0000] {processor.py:743} INFO - Processing file /home/airflow/.local/lib/python3.7/site-packages/airflow/example_dags/example_local_kubernetes_executor.py for tasks to queue
[2023-02-10T01:56:00.892+0000] {logging_mixin.py:137} INFO - [2023-02-10T01:56:00.891+0000] {dagbag.py:538} INFO - Filling up the DagBag from /home/airflow/.local/lib/python3.7/site-packages/airflow/example_dags/example_local_kubernetes_executor.py
[2023-02-10T01:56:01.049+0000] {processor.py:753} INFO - DAG(s) dict_keys(['example_local_kubernetes_executor']) retrieved from /home/airflow/.local/lib/python3.7/site-packages/airflow/example_dags/example_local_kubernetes_executor.py
[2023-02-10T01:56:01.189+0000] {logging_mixin.py:137} INFO - [2023-02-10T01:56:01.189+0000] {dag.py:2690} INFO - Sync 1 DAGs
[2023-02-10T01:56:01.333+0000] {logging_mixin.py:137} INFO - [2023-02-10T01:56:01.333+0000] {dag.py:3441} INFO - Setting next_dagrun for example_local_kubernetes_executor to None, run_after=None
[2023-02-10T01:56:01.450+0000] {processor.py:175} INFO - Processing /home/airflow/.local/lib/python3.7/site-packages/airflow/example_dags/example_local_kubernetes_executor.py took 0.583 seconds
[2023-02-10T01:56:32.139+0000] {processor.py:153} INFO - Started process (PID=793) to work on /home/airflow/.local/lib/python3.7/site-packages/airflow/example_dags/example_local_kubernetes_executor.py
[2023-02-10T01:56:32.148+0000] {processor.py:743} INFO - Processing file /home/airflow/.local/lib/python3.7/site-packages/airflow/example_dags/example_local_kubernetes_executor.py for tasks to queue
[2023-02-10T01:56:32.161+0000] {logging_mixin.py:137} INFO - [2023-02-10T01:56:32.159+0000] {dagbag.py:538} INFO - Filling up the DagBag from /home/airflow/.local/lib/python3.7/site-packages/airflow/example_dags/example_local_kubernetes_executor.py
[2023-02-10T01:56:32.293+0000] {processor.py:753} INFO - DAG(s) dict_keys(['example_local_kubernetes_executor']) retrieved from /home/airflow/.local/lib/python3.7/site-packages/airflow/example_dags/example_local_kubernetes_executor.py
[2023-02-10T01:56:32.426+0000] {logging_mixin.py:137} INFO - [2023-02-10T01:56:32.425+0000] {dag.py:2690} INFO - Sync 1 DAGs
[2023-02-10T01:56:32.614+0000] {logging_mixin.py:137} INFO - [2023-02-10T01:56:32.614+0000] {dag.py:3441} INFO - Setting next_dagrun for example_local_kubernetes_executor to None, run_after=None
[2023-02-10T01:56:32.725+0000] {processor.py:175} INFO - Processing /home/airflow/.local/lib/python3.7/site-packages/airflow/example_dags/example_local_kubernetes_executor.py took 0.640 seconds
[2023-02-10T01:57:02.957+0000] {processor.py:153} INFO - Started process (PID=850) to work on /home/airflow/.local/lib/python3.7/site-packages/airflow/example_dags/example_local_kubernetes_executor.py
[2023-02-10T01:57:02.965+0000] {processor.py:743} INFO - Processing file /home/airflow/.local/lib/python3.7/site-packages/airflow/example_dags/example_local_kubernetes_executor.py for tasks to queue
[2023-02-10T01:57:02.973+0000] {logging_mixin.py:137} INFO - [2023-02-10T01:57:02.972+0000] {dagbag.py:538} INFO - Filling up the DagBag from /home/airflow/.local/lib/python3.7/site-packages/airflow/example_dags/example_local_kubernetes_executor.py
[2023-02-10T01:57:03.142+0000] {processor.py:753} INFO - DAG(s) dict_keys(['example_local_kubernetes_executor']) retrieved from /home/airflow/.local/lib/python3.7/site-packages/airflow/example_dags/example_local_kubernetes_executor.py
[2023-02-10T01:57:03.367+0000] {logging_mixin.py:137} INFO - [2023-02-10T01:57:03.367+0000] {dag.py:2690} INFO - Sync 1 DAGs
[2023-02-10T01:57:03.518+0000] {logging_mixin.py:137} INFO - [2023-02-10T01:57:03.518+0000] {dag.py:3441} INFO - Setting next_dagrun for example_local_kubernetes_executor to None, run_after=None
[2023-02-10T01:57:03.628+0000] {processor.py:175} INFO - Processing /home/airflow/.local/lib/python3.7/site-packages/airflow/example_dags/example_local_kubernetes_executor.py took 0.683 seconds
[2023-02-10T01:57:41.014+0000] {processor.py:153} INFO - Started process (PID=886) to work on /home/airflow/.local/lib/python3.7/site-packages/airflow/example_dags/example_local_kubernetes_executor.py
[2023-02-10T01:57:41.019+0000] {processor.py:743} INFO - Processing file /home/airflow/.local/lib/python3.7/site-packages/airflow/example_dags/example_local_kubernetes_executor.py for tasks to queue
[2023-02-10T01:57:41.033+0000] {logging_mixin.py:137} INFO - [2023-02-10T01:57:41.032+0000] {dagbag.py:538} INFO - Filling up the DagBag from /home/airflow/.local/lib/python3.7/site-packages/airflow/example_dags/example_local_kubernetes_executor.py
[2023-02-10T01:57:41.212+0000] {processor.py:753} INFO - DAG(s) dict_keys(['example_local_kubernetes_executor']) retrieved from /home/airflow/.local/lib/python3.7/site-packages/airflow/example_dags/example_local_kubernetes_executor.py
[2023-02-10T01:57:41.375+0000] {logging_mixin.py:137} INFO - [2023-02-10T01:57:41.375+0000] {dag.py:2690} INFO - Sync 1 DAGs
[2023-02-10T01:57:41.606+0000] {logging_mixin.py:137} INFO - [2023-02-10T01:57:41.600+0000] {dag.py:3441} INFO - Setting next_dagrun for example_local_kubernetes_executor to None, run_after=None
[2023-02-10T01:57:41.806+0000] {processor.py:175} INFO - Processing /home/airflow/.local/lib/python3.7/site-packages/airflow/example_dags/example_local_kubernetes_executor.py took 0.838 seconds
[2023-02-10T01:58:14.400+0000] {processor.py:153} INFO - Started process (PID=944) to work on /home/airflow/.local/lib/python3.7/site-packages/airflow/example_dags/example_local_kubernetes_executor.py
[2023-02-10T01:58:14.409+0000] {processor.py:743} INFO - Processing file /home/airflow/.local/lib/python3.7/site-packages/airflow/example_dags/example_local_kubernetes_executor.py for tasks to queue
[2023-02-10T01:58:14.414+0000] {logging_mixin.py:137} INFO - [2023-02-10T01:58:14.413+0000] {dagbag.py:538} INFO - Filling up the DagBag from /home/airflow/.local/lib/python3.7/site-packages/airflow/example_dags/example_local_kubernetes_executor.py
[2023-02-10T01:58:14.551+0000] {processor.py:753} INFO - DAG(s) dict_keys(['example_local_kubernetes_executor']) retrieved from /home/airflow/.local/lib/python3.7/site-packages/airflow/example_dags/example_local_kubernetes_executor.py
[2023-02-10T01:58:14.667+0000] {logging_mixin.py:137} INFO - [2023-02-10T01:58:14.667+0000] {dag.py:2690} INFO - Sync 1 DAGs
[2023-02-10T01:58:14.838+0000] {logging_mixin.py:137} INFO - [2023-02-10T01:58:14.836+0000] {dag.py:3441} INFO - Setting next_dagrun for example_local_kubernetes_executor to None, run_after=None
[2023-02-10T01:58:14.974+0000] {processor.py:175} INFO - Processing /home/airflow/.local/lib/python3.7/site-packages/airflow/example_dags/example_local_kubernetes_executor.py took 0.589 seconds
[2023-02-10T01:58:52.260+0000] {processor.py:153} INFO - Started process (PID=996) to work on /home/airflow/.local/lib/python3.7/site-packages/airflow/example_dags/example_local_kubernetes_executor.py
[2023-02-10T01:58:52.269+0000] {processor.py:743} INFO - Processing file /home/airflow/.local/lib/python3.7/site-packages/airflow/example_dags/example_local_kubernetes_executor.py for tasks to queue
[2023-02-10T01:58:52.284+0000] {logging_mixin.py:137} INFO - [2023-02-10T01:58:52.283+0000] {dagbag.py:538} INFO - Filling up the DagBag from /home/airflow/.local/lib/python3.7/site-packages/airflow/example_dags/example_local_kubernetes_executor.py
[2023-02-10T01:58:52.866+0000] {processor.py:753} INFO - DAG(s) dict_keys(['example_local_kubernetes_executor']) retrieved from /home/airflow/.local/lib/python3.7/site-packages/airflow/example_dags/example_local_kubernetes_executor.py
[2023-02-10T01:58:53.410+0000] {logging_mixin.py:137} INFO - [2023-02-10T01:58:53.409+0000] {dag.py:2690} INFO - Sync 1 DAGs
[2023-02-10T01:58:53.876+0000] {logging_mixin.py:137} INFO - [2023-02-10T01:58:53.876+0000] {dag.py:3441} INFO - Setting next_dagrun for example_local_kubernetes_executor to None, run_after=None
[2023-02-10T01:58:54.310+0000] {processor.py:175} INFO - Processing /home/airflow/.local/lib/python3.7/site-packages/airflow/example_dags/example_local_kubernetes_executor.py took 2.084 seconds
[2023-02-10T01:59:24.582+0000] {processor.py:153} INFO - Started process (PID=1050) to work on /home/airflow/.local/lib/python3.7/site-packages/airflow/example_dags/example_local_kubernetes_executor.py
[2023-02-10T01:59:24.600+0000] {processor.py:743} INFO - Processing file /home/airflow/.local/lib/python3.7/site-packages/airflow/example_dags/example_local_kubernetes_executor.py for tasks to queue
[2023-02-10T01:59:24.612+0000] {logging_mixin.py:137} INFO - [2023-02-10T01:59:24.612+0000] {dagbag.py:538} INFO - Filling up the DagBag from /home/airflow/.local/lib/python3.7/site-packages/airflow/example_dags/example_local_kubernetes_executor.py
[2023-02-10T01:59:24.816+0000] {processor.py:753} INFO - DAG(s) dict_keys(['example_local_kubernetes_executor']) retrieved from /home/airflow/.local/lib/python3.7/site-packages/airflow/example_dags/example_local_kubernetes_executor.py
[2023-02-10T01:59:25.033+0000] {logging_mixin.py:137} INFO - [2023-02-10T01:59:25.032+0000] {dag.py:2690} INFO - Sync 1 DAGs
[2023-02-10T01:59:25.455+0000] {logging_mixin.py:137} INFO - [2023-02-10T01:59:25.454+0000] {dag.py:3441} INFO - Setting next_dagrun for example_local_kubernetes_executor to None, run_after=None
[2023-02-10T01:59:26.202+0000] {processor.py:175} INFO - Processing /home/airflow/.local/lib/python3.7/site-packages/airflow/example_dags/example_local_kubernetes_executor.py took 1.656 seconds
[2023-02-10T02:00:02.764+0000] {processor.py:153} INFO - Started process (PID=1095) to work on /home/airflow/.local/lib/python3.7/site-packages/airflow/example_dags/example_local_kubernetes_executor.py
[2023-02-10T02:00:02.784+0000] {processor.py:743} INFO - Processing file /home/airflow/.local/lib/python3.7/site-packages/airflow/example_dags/example_local_kubernetes_executor.py for tasks to queue
[2023-02-10T02:00:02.813+0000] {logging_mixin.py:137} INFO - [2023-02-10T02:00:02.813+0000] {dagbag.py:538} INFO - Filling up the DagBag from /home/airflow/.local/lib/python3.7/site-packages/airflow/example_dags/example_local_kubernetes_executor.py
[2023-02-10T02:00:03.395+0000] {processor.py:753} INFO - DAG(s) dict_keys(['example_local_kubernetes_executor']) retrieved from /home/airflow/.local/lib/python3.7/site-packages/airflow/example_dags/example_local_kubernetes_executor.py
[2023-02-10T02:00:03.899+0000] {logging_mixin.py:137} INFO - [2023-02-10T02:00:03.898+0000] {dag.py:2690} INFO - Sync 1 DAGs
[2023-02-10T02:00:04.395+0000] {logging_mixin.py:137} INFO - [2023-02-10T02:00:04.394+0000] {dag.py:3441} INFO - Setting next_dagrun for example_local_kubernetes_executor to None, run_after=None
[2023-02-10T02:00:04.718+0000] {processor.py:175} INFO - Processing /home/airflow/.local/lib/python3.7/site-packages/airflow/example_dags/example_local_kubernetes_executor.py took 2.048 seconds
[2023-02-10T02:00:34.930+0000] {processor.py:153} INFO - Started process (PID=1153) to work on /home/airflow/.local/lib/python3.7/site-packages/airflow/example_dags/example_local_kubernetes_executor.py
[2023-02-10T02:00:34.934+0000] {processor.py:743} INFO - Processing file /home/airflow/.local/lib/python3.7/site-packages/airflow/example_dags/example_local_kubernetes_executor.py for tasks to queue
[2023-02-10T02:00:34.940+0000] {logging_mixin.py:137} INFO - [2023-02-10T02:00:34.940+0000] {dagbag.py:538} INFO - Filling up the DagBag from /home/airflow/.local/lib/python3.7/site-packages/airflow/example_dags/example_local_kubernetes_executor.py
[2023-02-10T02:00:35.045+0000] {processor.py:753} INFO - DAG(s) dict_keys(['example_local_kubernetes_executor']) retrieved from /home/airflow/.local/lib/python3.7/site-packages/airflow/example_dags/example_local_kubernetes_executor.py
[2023-02-10T02:00:35.130+0000] {logging_mixin.py:137} INFO - [2023-02-10T02:00:35.129+0000] {dag.py:2690} INFO - Sync 1 DAGs
[2023-02-10T02:00:35.210+0000] {logging_mixin.py:137} INFO - [2023-02-10T02:00:35.210+0000] {dag.py:3441} INFO - Setting next_dagrun for example_local_kubernetes_executor to None, run_after=None
[2023-02-10T02:00:35.348+0000] {processor.py:175} INFO - Processing /home/airflow/.local/lib/python3.7/site-packages/airflow/example_dags/example_local_kubernetes_executor.py took 0.431 seconds
[2023-02-10T02:01:16.099+0000] {processor.py:153} INFO - Started process (PID=1210) to work on /home/airflow/.local/lib/python3.7/site-packages/airflow/example_dags/example_local_kubernetes_executor.py
[2023-02-10T02:01:16.109+0000] {processor.py:743} INFO - Processing file /home/airflow/.local/lib/python3.7/site-packages/airflow/example_dags/example_local_kubernetes_executor.py for tasks to queue
[2023-02-10T02:01:16.136+0000] {logging_mixin.py:137} INFO - [2023-02-10T02:01:16.136+0000] {dagbag.py:538} INFO - Filling up the DagBag from /home/airflow/.local/lib/python3.7/site-packages/airflow/example_dags/example_local_kubernetes_executor.py
[2023-02-10T02:01:16.361+0000] {processor.py:753} INFO - DAG(s) dict_keys(['example_local_kubernetes_executor']) retrieved from /home/airflow/.local/lib/python3.7/site-packages/airflow/example_dags/example_local_kubernetes_executor.py
[2023-02-10T02:01:16.590+0000] {logging_mixin.py:137} INFO - [2023-02-10T02:01:16.589+0000] {dag.py:2690} INFO - Sync 1 DAGs
[2023-02-10T02:01:16.858+0000] {logging_mixin.py:137} INFO - [2023-02-10T02:01:16.858+0000] {dag.py:3441} INFO - Setting next_dagrun for example_local_kubernetes_executor to None, run_after=None
[2023-02-10T02:01:17.036+0000] {processor.py:175} INFO - Processing /home/airflow/.local/lib/python3.7/site-packages/airflow/example_dags/example_local_kubernetes_executor.py took 0.963 seconds
[2023-02-10T02:01:53.851+0000] {processor.py:153} INFO - Started process (PID=1261) to work on /home/airflow/.local/lib/python3.7/site-packages/airflow/example_dags/example_local_kubernetes_executor.py
[2023-02-10T02:01:53.862+0000] {processor.py:743} INFO - Processing file /home/airflow/.local/lib/python3.7/site-packages/airflow/example_dags/example_local_kubernetes_executor.py for tasks to queue
[2023-02-10T02:01:53.870+0000] {logging_mixin.py:137} INFO - [2023-02-10T02:01:53.869+0000] {dagbag.py:538} INFO - Filling up the DagBag from /home/airflow/.local/lib/python3.7/site-packages/airflow/example_dags/example_local_kubernetes_executor.py
[2023-02-10T02:01:53.981+0000] {processor.py:753} INFO - DAG(s) dict_keys(['example_local_kubernetes_executor']) retrieved from /home/airflow/.local/lib/python3.7/site-packages/airflow/example_dags/example_local_kubernetes_executor.py
[2023-02-10T02:01:54.235+0000] {logging_mixin.py:137} INFO - [2023-02-10T02:01:54.174+0000] {dag.py:2690} INFO - Sync 1 DAGs
[2023-02-10T02:01:54.615+0000] {logging_mixin.py:137} INFO - [2023-02-10T02:01:54.615+0000] {dag.py:3441} INFO - Setting next_dagrun for example_local_kubernetes_executor to None, run_after=None
[2023-02-10T02:01:54.831+0000] {processor.py:175} INFO - Processing /home/airflow/.local/lib/python3.7/site-packages/airflow/example_dags/example_local_kubernetes_executor.py took 0.997 seconds
[2023-02-10T02:02:25.448+0000] {processor.py:153} INFO - Started process (PID=1317) to work on /home/airflow/.local/lib/python3.7/site-packages/airflow/example_dags/example_local_kubernetes_executor.py
[2023-02-10T02:02:25.483+0000] {processor.py:743} INFO - Processing file /home/airflow/.local/lib/python3.7/site-packages/airflow/example_dags/example_local_kubernetes_executor.py for tasks to queue
[2023-02-10T02:02:25.487+0000] {logging_mixin.py:137} INFO - [2023-02-10T02:02:25.486+0000] {dagbag.py:538} INFO - Filling up the DagBag from /home/airflow/.local/lib/python3.7/site-packages/airflow/example_dags/example_local_kubernetes_executor.py
[2023-02-10T02:02:25.606+0000] {processor.py:753} INFO - DAG(s) dict_keys(['example_local_kubernetes_executor']) retrieved from /home/airflow/.local/lib/python3.7/site-packages/airflow/example_dags/example_local_kubernetes_executor.py
[2023-02-10T02:02:25.707+0000] {logging_mixin.py:137} INFO - [2023-02-10T02:02:25.707+0000] {dag.py:2690} INFO - Sync 1 DAGs
[2023-02-10T02:02:25.796+0000] {logging_mixin.py:137} INFO - [2023-02-10T02:02:25.795+0000] {dag.py:3441} INFO - Setting next_dagrun for example_local_kubernetes_executor to None, run_after=None
[2023-02-10T02:02:25.888+0000] {processor.py:175} INFO - Processing /home/airflow/.local/lib/python3.7/site-packages/airflow/example_dags/example_local_kubernetes_executor.py took 0.467 seconds
[2023-02-10T02:02:56.241+0000] {processor.py:153} INFO - Started process (PID=1370) to work on /home/airflow/.local/lib/python3.7/site-packages/airflow/example_dags/example_local_kubernetes_executor.py
[2023-02-10T02:02:56.245+0000] {processor.py:743} INFO - Processing file /home/airflow/.local/lib/python3.7/site-packages/airflow/example_dags/example_local_kubernetes_executor.py for tasks to queue
[2023-02-10T02:02:56.248+0000] {logging_mixin.py:137} INFO - [2023-02-10T02:02:56.248+0000] {dagbag.py:538} INFO - Filling up the DagBag from /home/airflow/.local/lib/python3.7/site-packages/airflow/example_dags/example_local_kubernetes_executor.py
[2023-02-10T02:02:56.301+0000] {processor.py:753} INFO - DAG(s) dict_keys(['example_local_kubernetes_executor']) retrieved from /home/airflow/.local/lib/python3.7/site-packages/airflow/example_dags/example_local_kubernetes_executor.py
[2023-02-10T02:02:56.363+0000] {logging_mixin.py:137} INFO - [2023-02-10T02:02:56.363+0000] {dag.py:2690} INFO - Sync 1 DAGs
[2023-02-10T02:02:56.429+0000] {logging_mixin.py:137} INFO - [2023-02-10T02:02:56.429+0000] {dag.py:3441} INFO - Setting next_dagrun for example_local_kubernetes_executor to None, run_after=None
[2023-02-10T02:02:56.512+0000] {processor.py:175} INFO - Processing /home/airflow/.local/lib/python3.7/site-packages/airflow/example_dags/example_local_kubernetes_executor.py took 0.277 seconds
[2023-02-10T02:03:26.802+0000] {processor.py:153} INFO - Started process (PID=1436) to work on /home/airflow/.local/lib/python3.7/site-packages/airflow/example_dags/example_local_kubernetes_executor.py
[2023-02-10T02:03:26.816+0000] {processor.py:743} INFO - Processing file /home/airflow/.local/lib/python3.7/site-packages/airflow/example_dags/example_local_kubernetes_executor.py for tasks to queue
[2023-02-10T02:03:26.839+0000] {logging_mixin.py:137} INFO - [2023-02-10T02:03:26.838+0000] {dagbag.py:538} INFO - Filling up the DagBag from /home/airflow/.local/lib/python3.7/site-packages/airflow/example_dags/example_local_kubernetes_executor.py
[2023-02-10T02:03:26.988+0000] {processor.py:753} INFO - DAG(s) dict_keys(['example_local_kubernetes_executor']) retrieved from /home/airflow/.local/lib/python3.7/site-packages/airflow/example_dags/example_local_kubernetes_executor.py
[2023-02-10T02:03:27.099+0000] {logging_mixin.py:137} INFO - [2023-02-10T02:03:27.099+0000] {dag.py:2690} INFO - Sync 1 DAGs
[2023-02-10T02:03:27.180+0000] {logging_mixin.py:137} INFO - [2023-02-10T02:03:27.180+0000] {dag.py:3441} INFO - Setting next_dagrun for example_local_kubernetes_executor to None, run_after=None
[2023-02-10T02:03:27.261+0000] {processor.py:175} INFO - Processing /home/airflow/.local/lib/python3.7/site-packages/airflow/example_dags/example_local_kubernetes_executor.py took 0.472 seconds
[2023-02-10T02:03:57.677+0000] {processor.py:153} INFO - Started process (PID=1487) to work on /home/airflow/.local/lib/python3.7/site-packages/airflow/example_dags/example_local_kubernetes_executor.py
[2023-02-10T02:03:57.688+0000] {processor.py:743} INFO - Processing file /home/airflow/.local/lib/python3.7/site-packages/airflow/example_dags/example_local_kubernetes_executor.py for tasks to queue
[2023-02-10T02:03:57.705+0000] {logging_mixin.py:137} INFO - [2023-02-10T02:03:57.705+0000] {dagbag.py:538} INFO - Filling up the DagBag from /home/airflow/.local/lib/python3.7/site-packages/airflow/example_dags/example_local_kubernetes_executor.py
[2023-02-10T02:03:57.895+0000] {processor.py:753} INFO - DAG(s) dict_keys(['example_local_kubernetes_executor']) retrieved from /home/airflow/.local/lib/python3.7/site-packages/airflow/example_dags/example_local_kubernetes_executor.py
[2023-02-10T02:03:58.050+0000] {logging_mixin.py:137} INFO - [2023-02-10T02:03:58.050+0000] {dag.py:2690} INFO - Sync 1 DAGs
[2023-02-10T02:03:58.109+0000] {logging_mixin.py:137} INFO - [2023-02-10T02:03:58.108+0000] {dag.py:3441} INFO - Setting next_dagrun for example_local_kubernetes_executor to None, run_after=None
[2023-02-10T02:03:58.208+0000] {processor.py:175} INFO - Processing /home/airflow/.local/lib/python3.7/site-packages/airflow/example_dags/example_local_kubernetes_executor.py took 0.570 seconds
[2023-02-10T02:04:28.820+0000] {processor.py:153} INFO - Started process (PID=1545) to work on /home/airflow/.local/lib/python3.7/site-packages/airflow/example_dags/example_local_kubernetes_executor.py
[2023-02-10T02:04:28.825+0000] {processor.py:743} INFO - Processing file /home/airflow/.local/lib/python3.7/site-packages/airflow/example_dags/example_local_kubernetes_executor.py for tasks to queue
[2023-02-10T02:04:28.837+0000] {logging_mixin.py:137} INFO - [2023-02-10T02:04:28.835+0000] {dagbag.py:538} INFO - Filling up the DagBag from /home/airflow/.local/lib/python3.7/site-packages/airflow/example_dags/example_local_kubernetes_executor.py
[2023-02-10T02:04:28.978+0000] {processor.py:753} INFO - DAG(s) dict_keys(['example_local_kubernetes_executor']) retrieved from /home/airflow/.local/lib/python3.7/site-packages/airflow/example_dags/example_local_kubernetes_executor.py
[2023-02-10T02:04:29.156+0000] {logging_mixin.py:137} INFO - [2023-02-10T02:04:29.155+0000] {dag.py:2690} INFO - Sync 1 DAGs
[2023-02-10T02:04:29.296+0000] {logging_mixin.py:137} INFO - [2023-02-10T02:04:29.296+0000] {dag.py:3441} INFO - Setting next_dagrun for example_local_kubernetes_executor to None, run_after=None
[2023-02-10T02:04:29.358+0000] {processor.py:175} INFO - Processing /home/airflow/.local/lib/python3.7/site-packages/airflow/example_dags/example_local_kubernetes_executor.py took 0.564 seconds
[2023-02-10T02:04:59.694+0000] {processor.py:153} INFO - Started process (PID=1603) to work on /home/airflow/.local/lib/python3.7/site-packages/airflow/example_dags/example_local_kubernetes_executor.py
[2023-02-10T02:04:59.700+0000] {processor.py:743} INFO - Processing file /home/airflow/.local/lib/python3.7/site-packages/airflow/example_dags/example_local_kubernetes_executor.py for tasks to queue
[2023-02-10T02:04:59.708+0000] {logging_mixin.py:137} INFO - [2023-02-10T02:04:59.707+0000] {dagbag.py:538} INFO - Filling up the DagBag from /home/airflow/.local/lib/python3.7/site-packages/airflow/example_dags/example_local_kubernetes_executor.py
[2023-02-10T02:04:59.810+0000] {processor.py:753} INFO - DAG(s) dict_keys(['example_local_kubernetes_executor']) retrieved from /home/airflow/.local/lib/python3.7/site-packages/airflow/example_dags/example_local_kubernetes_executor.py
[2023-02-10T02:04:59.900+0000] {logging_mixin.py:137} INFO - [2023-02-10T02:04:59.900+0000] {dag.py:2690} INFO - Sync 1 DAGs
[2023-02-10T02:05:00.019+0000] {logging_mixin.py:137} INFO - [2023-02-10T02:05:00.019+0000] {dag.py:3441} INFO - Setting next_dagrun for example_local_kubernetes_executor to None, run_after=None
[2023-02-10T02:05:00.089+0000] {processor.py:175} INFO - Processing /home/airflow/.local/lib/python3.7/site-packages/airflow/example_dags/example_local_kubernetes_executor.py took 0.408 seconds
[2023-02-10T02:05:30.758+0000] {processor.py:153} INFO - Started process (PID=1662) to work on /home/airflow/.local/lib/python3.7/site-packages/airflow/example_dags/example_local_kubernetes_executor.py
[2023-02-10T02:05:30.766+0000] {processor.py:743} INFO - Processing file /home/airflow/.local/lib/python3.7/site-packages/airflow/example_dags/example_local_kubernetes_executor.py for tasks to queue
[2023-02-10T02:05:30.776+0000] {logging_mixin.py:137} INFO - [2023-02-10T02:05:30.774+0000] {dagbag.py:538} INFO - Filling up the DagBag from /home/airflow/.local/lib/python3.7/site-packages/airflow/example_dags/example_local_kubernetes_executor.py
[2023-02-10T02:05:30.844+0000] {processor.py:753} INFO - DAG(s) dict_keys(['example_local_kubernetes_executor']) retrieved from /home/airflow/.local/lib/python3.7/site-packages/airflow/example_dags/example_local_kubernetes_executor.py
[2023-02-10T02:05:30.971+0000] {logging_mixin.py:137} INFO - [2023-02-10T02:05:30.970+0000] {dag.py:2690} INFO - Sync 1 DAGs
[2023-02-10T02:05:31.093+0000] {logging_mixin.py:137} INFO - [2023-02-10T02:05:31.092+0000] {dag.py:3441} INFO - Setting next_dagrun for example_local_kubernetes_executor to None, run_after=None
[2023-02-10T02:05:31.184+0000] {processor.py:175} INFO - Processing /home/airflow/.local/lib/python3.7/site-packages/airflow/example_dags/example_local_kubernetes_executor.py took 0.491 seconds
[2023-02-10T02:06:01.731+0000] {processor.py:153} INFO - Started process (PID=1719) to work on /home/airflow/.local/lib/python3.7/site-packages/airflow/example_dags/example_local_kubernetes_executor.py
[2023-02-10T02:06:01.735+0000] {processor.py:743} INFO - Processing file /home/airflow/.local/lib/python3.7/site-packages/airflow/example_dags/example_local_kubernetes_executor.py for tasks to queue
[2023-02-10T02:06:01.744+0000] {logging_mixin.py:137} INFO - [2023-02-10T02:06:01.743+0000] {dagbag.py:538} INFO - Filling up the DagBag from /home/airflow/.local/lib/python3.7/site-packages/airflow/example_dags/example_local_kubernetes_executor.py
[2023-02-10T02:06:01.895+0000] {processor.py:753} INFO - DAG(s) dict_keys(['example_local_kubernetes_executor']) retrieved from /home/airflow/.local/lib/python3.7/site-packages/airflow/example_dags/example_local_kubernetes_executor.py
[2023-02-10T02:06:02.019+0000] {logging_mixin.py:137} INFO - [2023-02-10T02:06:02.019+0000] {dag.py:2690} INFO - Sync 1 DAGs
[2023-02-10T02:06:02.113+0000] {logging_mixin.py:137} INFO - [2023-02-10T02:06:02.113+0000] {dag.py:3441} INFO - Setting next_dagrun for example_local_kubernetes_executor to None, run_after=None
[2023-02-10T02:06:02.278+0000] {processor.py:175} INFO - Processing /home/airflow/.local/lib/python3.7/site-packages/airflow/example_dags/example_local_kubernetes_executor.py took 0.576 seconds
[2023-02-10T02:06:32.821+0000] {processor.py:153} INFO - Started process (PID=1777) to work on /home/airflow/.local/lib/python3.7/site-packages/airflow/example_dags/example_local_kubernetes_executor.py
[2023-02-10T02:06:32.832+0000] {processor.py:743} INFO - Processing file /home/airflow/.local/lib/python3.7/site-packages/airflow/example_dags/example_local_kubernetes_executor.py for tasks to queue
[2023-02-10T02:06:32.838+0000] {logging_mixin.py:137} INFO - [2023-02-10T02:06:32.838+0000] {dagbag.py:538} INFO - Filling up the DagBag from /home/airflow/.local/lib/python3.7/site-packages/airflow/example_dags/example_local_kubernetes_executor.py
[2023-02-10T02:06:33.045+0000] {processor.py:753} INFO - DAG(s) dict_keys(['example_local_kubernetes_executor']) retrieved from /home/airflow/.local/lib/python3.7/site-packages/airflow/example_dags/example_local_kubernetes_executor.py
[2023-02-10T02:06:33.242+0000] {logging_mixin.py:137} INFO - [2023-02-10T02:06:33.241+0000] {dag.py:2690} INFO - Sync 1 DAGs
[2023-02-10T02:06:33.371+0000] {logging_mixin.py:137} INFO - [2023-02-10T02:06:33.370+0000] {dag.py:3441} INFO - Setting next_dagrun for example_local_kubernetes_executor to None, run_after=None
[2023-02-10T02:06:33.490+0000] {processor.py:175} INFO - Processing /home/airflow/.local/lib/python3.7/site-packages/airflow/example_dags/example_local_kubernetes_executor.py took 0.709 seconds
[2023-02-10T02:07:03.851+0000] {processor.py:153} INFO - Started process (PID=1836) to work on /home/airflow/.local/lib/python3.7/site-packages/airflow/example_dags/example_local_kubernetes_executor.py
[2023-02-10T02:07:03.857+0000] {processor.py:743} INFO - Processing file /home/airflow/.local/lib/python3.7/site-packages/airflow/example_dags/example_local_kubernetes_executor.py for tasks to queue
[2023-02-10T02:07:03.866+0000] {logging_mixin.py:137} INFO - [2023-02-10T02:07:03.865+0000] {dagbag.py:538} INFO - Filling up the DagBag from /home/airflow/.local/lib/python3.7/site-packages/airflow/example_dags/example_local_kubernetes_executor.py
[2023-02-10T02:07:03.928+0000] {processor.py:753} INFO - DAG(s) dict_keys(['example_local_kubernetes_executor']) retrieved from /home/airflow/.local/lib/python3.7/site-packages/airflow/example_dags/example_local_kubernetes_executor.py
[2023-02-10T02:07:04.010+0000] {logging_mixin.py:137} INFO - [2023-02-10T02:07:04.009+0000] {dag.py:2690} INFO - Sync 1 DAGs
[2023-02-10T02:07:04.077+0000] {logging_mixin.py:137} INFO - [2023-02-10T02:07:04.077+0000] {dag.py:3441} INFO - Setting next_dagrun for example_local_kubernetes_executor to None, run_after=None
[2023-02-10T02:07:04.136+0000] {processor.py:175} INFO - Processing /home/airflow/.local/lib/python3.7/site-packages/airflow/example_dags/example_local_kubernetes_executor.py took 0.298 seconds
[2023-02-10T02:07:34.304+0000] {processor.py:153} INFO - Started process (PID=1894) to work on /home/airflow/.local/lib/python3.7/site-packages/airflow/example_dags/example_local_kubernetes_executor.py
[2023-02-10T02:07:34.315+0000] {processor.py:743} INFO - Processing file /home/airflow/.local/lib/python3.7/site-packages/airflow/example_dags/example_local_kubernetes_executor.py for tasks to queue
[2023-02-10T02:07:34.323+0000] {logging_mixin.py:137} INFO - [2023-02-10T02:07:34.323+0000] {dagbag.py:538} INFO - Filling up the DagBag from /home/airflow/.local/lib/python3.7/site-packages/airflow/example_dags/example_local_kubernetes_executor.py
[2023-02-10T02:07:34.452+0000] {processor.py:753} INFO - DAG(s) dict_keys(['example_local_kubernetes_executor']) retrieved from /home/airflow/.local/lib/python3.7/site-packages/airflow/example_dags/example_local_kubernetes_executor.py
[2023-02-10T02:07:34.623+0000] {logging_mixin.py:137} INFO - [2023-02-10T02:07:34.622+0000] {dag.py:2690} INFO - Sync 1 DAGs
[2023-02-10T02:07:34.741+0000] {logging_mixin.py:137} INFO - [2023-02-10T02:07:34.740+0000] {dag.py:3441} INFO - Setting next_dagrun for example_local_kubernetes_executor to None, run_after=None
[2023-02-10T02:07:34.806+0000] {processor.py:175} INFO - Processing /home/airflow/.local/lib/python3.7/site-packages/airflow/example_dags/example_local_kubernetes_executor.py took 0.521 seconds
[2023-02-10T02:08:05.791+0000] {processor.py:153} INFO - Started process (PID=1944) to work on /home/airflow/.local/lib/python3.7/site-packages/airflow/example_dags/example_local_kubernetes_executor.py
[2023-02-10T02:08:05.829+0000] {processor.py:743} INFO - Processing file /home/airflow/.local/lib/python3.7/site-packages/airflow/example_dags/example_local_kubernetes_executor.py for tasks to queue
[2023-02-10T02:08:05.834+0000] {logging_mixin.py:137} INFO - [2023-02-10T02:08:05.834+0000] {dagbag.py:538} INFO - Filling up the DagBag from /home/airflow/.local/lib/python3.7/site-packages/airflow/example_dags/example_local_kubernetes_executor.py
[2023-02-10T02:08:06.225+0000] {processor.py:753} INFO - DAG(s) dict_keys(['example_local_kubernetes_executor']) retrieved from /home/airflow/.local/lib/python3.7/site-packages/airflow/example_dags/example_local_kubernetes_executor.py
[2023-02-10T02:08:06.392+0000] {logging_mixin.py:137} INFO - [2023-02-10T02:08:06.391+0000] {dag.py:2690} INFO - Sync 1 DAGs
[2023-02-10T02:08:06.834+0000] {logging_mixin.py:137} INFO - [2023-02-10T02:08:06.834+0000] {dag.py:3441} INFO - Setting next_dagrun for example_local_kubernetes_executor to None, run_after=None
[2023-02-10T02:08:07.026+0000] {processor.py:175} INFO - Processing /home/airflow/.local/lib/python3.7/site-packages/airflow/example_dags/example_local_kubernetes_executor.py took 1.294 seconds
[2023-02-10T02:08:37.616+0000] {processor.py:153} INFO - Started process (PID=2004) to work on /home/airflow/.local/lib/python3.7/site-packages/airflow/example_dags/example_local_kubernetes_executor.py
[2023-02-10T02:08:37.631+0000] {processor.py:743} INFO - Processing file /home/airflow/.local/lib/python3.7/site-packages/airflow/example_dags/example_local_kubernetes_executor.py for tasks to queue
[2023-02-10T02:08:37.646+0000] {logging_mixin.py:137} INFO - [2023-02-10T02:08:37.645+0000] {dagbag.py:538} INFO - Filling up the DagBag from /home/airflow/.local/lib/python3.7/site-packages/airflow/example_dags/example_local_kubernetes_executor.py
[2023-02-10T02:08:37.780+0000] {processor.py:753} INFO - DAG(s) dict_keys(['example_local_kubernetes_executor']) retrieved from /home/airflow/.local/lib/python3.7/site-packages/airflow/example_dags/example_local_kubernetes_executor.py
[2023-02-10T02:08:37.850+0000] {logging_mixin.py:137} INFO - [2023-02-10T02:08:37.849+0000] {dag.py:2690} INFO - Sync 1 DAGs
[2023-02-10T02:08:37.937+0000] {logging_mixin.py:137} INFO - [2023-02-10T02:08:37.937+0000] {dag.py:3441} INFO - Setting next_dagrun for example_local_kubernetes_executor to None, run_after=None
[2023-02-10T02:08:37.985+0000] {processor.py:175} INFO - Processing /home/airflow/.local/lib/python3.7/site-packages/airflow/example_dags/example_local_kubernetes_executor.py took 0.401 seconds
[2023-02-10T02:09:08.730+0000] {processor.py:153} INFO - Started process (PID=2053) to work on /home/airflow/.local/lib/python3.7/site-packages/airflow/example_dags/example_local_kubernetes_executor.py
[2023-02-10T02:09:08.737+0000] {processor.py:743} INFO - Processing file /home/airflow/.local/lib/python3.7/site-packages/airflow/example_dags/example_local_kubernetes_executor.py for tasks to queue
[2023-02-10T02:09:08.758+0000] {logging_mixin.py:137} INFO - [2023-02-10T02:09:08.757+0000] {dagbag.py:538} INFO - Filling up the DagBag from /home/airflow/.local/lib/python3.7/site-packages/airflow/example_dags/example_local_kubernetes_executor.py
[2023-02-10T02:09:08.989+0000] {processor.py:753} INFO - DAG(s) dict_keys(['example_local_kubernetes_executor']) retrieved from /home/airflow/.local/lib/python3.7/site-packages/airflow/example_dags/example_local_kubernetes_executor.py
[2023-02-10T02:09:09.357+0000] {logging_mixin.py:137} INFO - [2023-02-10T02:09:09.347+0000] {dag.py:2690} INFO - Sync 1 DAGs
[2023-02-10T02:09:09.587+0000] {logging_mixin.py:137} INFO - [2023-02-10T02:09:09.586+0000] {dag.py:3441} INFO - Setting next_dagrun for example_local_kubernetes_executor to None, run_after=None
[2023-02-10T02:09:09.728+0000] {processor.py:175} INFO - Processing /home/airflow/.local/lib/python3.7/site-packages/airflow/example_dags/example_local_kubernetes_executor.py took 1.018 seconds
[2023-02-10T02:09:41.328+0000] {processor.py:153} INFO - Started process (PID=2111) to work on /home/airflow/.local/lib/python3.7/site-packages/airflow/example_dags/example_local_kubernetes_executor.py
[2023-02-10T02:09:41.332+0000] {processor.py:743} INFO - Processing file /home/airflow/.local/lib/python3.7/site-packages/airflow/example_dags/example_local_kubernetes_executor.py for tasks to queue
[2023-02-10T02:09:41.336+0000] {logging_mixin.py:137} INFO - [2023-02-10T02:09:41.336+0000] {dagbag.py:538} INFO - Filling up the DagBag from /home/airflow/.local/lib/python3.7/site-packages/airflow/example_dags/example_local_kubernetes_executor.py
[2023-02-10T02:09:41.480+0000] {processor.py:753} INFO - DAG(s) dict_keys(['example_local_kubernetes_executor']) retrieved from /home/airflow/.local/lib/python3.7/site-packages/airflow/example_dags/example_local_kubernetes_executor.py
[2023-02-10T02:09:41.636+0000] {logging_mixin.py:137} INFO - [2023-02-10T02:09:41.636+0000] {dag.py:2690} INFO - Sync 1 DAGs
[2023-02-10T02:09:41.803+0000] {logging_mixin.py:137} INFO - [2023-02-10T02:09:41.802+0000] {dag.py:3441} INFO - Setting next_dagrun for example_local_kubernetes_executor to None, run_after=None
[2023-02-10T02:09:41.987+0000] {processor.py:175} INFO - Processing /home/airflow/.local/lib/python3.7/site-packages/airflow/example_dags/example_local_kubernetes_executor.py took 0.673 seconds
[2023-02-10T02:10:22.798+0000] {processor.py:153} INFO - Started process (PID=2165) to work on /home/airflow/.local/lib/python3.7/site-packages/airflow/example_dags/example_local_kubernetes_executor.py
[2023-02-10T02:10:22.823+0000] {processor.py:743} INFO - Processing file /home/airflow/.local/lib/python3.7/site-packages/airflow/example_dags/example_local_kubernetes_executor.py for tasks to queue
[2023-02-10T02:10:22.835+0000] {logging_mixin.py:137} INFO - [2023-02-10T02:10:22.835+0000] {dagbag.py:538} INFO - Filling up the DagBag from /home/airflow/.local/lib/python3.7/site-packages/airflow/example_dags/example_local_kubernetes_executor.py
[2023-02-10T02:10:23.335+0000] {processor.py:753} INFO - DAG(s) dict_keys(['example_local_kubernetes_executor']) retrieved from /home/airflow/.local/lib/python3.7/site-packages/airflow/example_dags/example_local_kubernetes_executor.py
[2023-02-10T02:10:23.862+0000] {logging_mixin.py:137} INFO - [2023-02-10T02:10:23.837+0000] {dag.py:2690} INFO - Sync 1 DAGs
[2023-02-10T02:10:24.492+0000] {logging_mixin.py:137} INFO - [2023-02-10T02:10:24.492+0000] {dag.py:3441} INFO - Setting next_dagrun for example_local_kubernetes_executor to None, run_after=None
[2023-02-10T02:10:25.436+0000] {processor.py:175} INFO - Processing /home/airflow/.local/lib/python3.7/site-packages/airflow/example_dags/example_local_kubernetes_executor.py took 2.728 seconds
[2023-02-10T02:10:55.977+0000] {processor.py:153} INFO - Started process (PID=2224) to work on /home/airflow/.local/lib/python3.7/site-packages/airflow/example_dags/example_local_kubernetes_executor.py
[2023-02-10T02:10:55.984+0000] {processor.py:743} INFO - Processing file /home/airflow/.local/lib/python3.7/site-packages/airflow/example_dags/example_local_kubernetes_executor.py for tasks to queue
[2023-02-10T02:10:55.989+0000] {logging_mixin.py:137} INFO - [2023-02-10T02:10:55.989+0000] {dagbag.py:538} INFO - Filling up the DagBag from /home/airflow/.local/lib/python3.7/site-packages/airflow/example_dags/example_local_kubernetes_executor.py
[2023-02-10T02:10:56.039+0000] {processor.py:753} INFO - DAG(s) dict_keys(['example_local_kubernetes_executor']) retrieved from /home/airflow/.local/lib/python3.7/site-packages/airflow/example_dags/example_local_kubernetes_executor.py
[2023-02-10T02:10:56.094+0000] {logging_mixin.py:137} INFO - [2023-02-10T02:10:56.094+0000] {dag.py:2690} INFO - Sync 1 DAGs
[2023-02-10T02:10:56.150+0000] {logging_mixin.py:137} INFO - [2023-02-10T02:10:56.150+0000] {dag.py:3441} INFO - Setting next_dagrun for example_local_kubernetes_executor to None, run_after=None
[2023-02-10T02:10:56.194+0000] {processor.py:175} INFO - Processing /home/airflow/.local/lib/python3.7/site-packages/airflow/example_dags/example_local_kubernetes_executor.py took 0.223 seconds
[2023-02-10T02:11:26.391+0000] {processor.py:153} INFO - Started process (PID=2281) to work on /home/airflow/.local/lib/python3.7/site-packages/airflow/example_dags/example_local_kubernetes_executor.py
[2023-02-10T02:11:26.401+0000] {processor.py:743} INFO - Processing file /home/airflow/.local/lib/python3.7/site-packages/airflow/example_dags/example_local_kubernetes_executor.py for tasks to queue
[2023-02-10T02:11:26.415+0000] {logging_mixin.py:137} INFO - [2023-02-10T02:11:26.411+0000] {dagbag.py:538} INFO - Filling up the DagBag from /home/airflow/.local/lib/python3.7/site-packages/airflow/example_dags/example_local_kubernetes_executor.py
[2023-02-10T02:11:26.487+0000] {processor.py:753} INFO - DAG(s) dict_keys(['example_local_kubernetes_executor']) retrieved from /home/airflow/.local/lib/python3.7/site-packages/airflow/example_dags/example_local_kubernetes_executor.py
[2023-02-10T02:11:26.574+0000] {logging_mixin.py:137} INFO - [2023-02-10T02:11:26.573+0000] {dag.py:2690} INFO - Sync 1 DAGs
[2023-02-10T02:11:26.672+0000] {logging_mixin.py:137} INFO - [2023-02-10T02:11:26.672+0000] {dag.py:3441} INFO - Setting next_dagrun for example_local_kubernetes_executor to None, run_after=None
[2023-02-10T02:11:26.716+0000] {processor.py:175} INFO - Processing /home/airflow/.local/lib/python3.7/site-packages/airflow/example_dags/example_local_kubernetes_executor.py took 0.347 seconds
[2023-02-10T02:11:56.868+0000] {processor.py:153} INFO - Started process (PID=2340) to work on /home/airflow/.local/lib/python3.7/site-packages/airflow/example_dags/example_local_kubernetes_executor.py
[2023-02-10T02:11:56.881+0000] {processor.py:743} INFO - Processing file /home/airflow/.local/lib/python3.7/site-packages/airflow/example_dags/example_local_kubernetes_executor.py for tasks to queue
[2023-02-10T02:11:56.892+0000] {logging_mixin.py:137} INFO - [2023-02-10T02:11:56.891+0000] {dagbag.py:538} INFO - Filling up the DagBag from /home/airflow/.local/lib/python3.7/site-packages/airflow/example_dags/example_local_kubernetes_executor.py
[2023-02-10T02:11:56.966+0000] {processor.py:753} INFO - DAG(s) dict_keys(['example_local_kubernetes_executor']) retrieved from /home/airflow/.local/lib/python3.7/site-packages/airflow/example_dags/example_local_kubernetes_executor.py
[2023-02-10T02:11:57.029+0000] {logging_mixin.py:137} INFO - [2023-02-10T02:11:57.029+0000] {dag.py:2690} INFO - Sync 1 DAGs
[2023-02-10T02:11:57.148+0000] {logging_mixin.py:137} INFO - [2023-02-10T02:11:57.147+0000] {dag.py:3441} INFO - Setting next_dagrun for example_local_kubernetes_executor to None, run_after=None
[2023-02-10T02:11:57.202+0000] {processor.py:175} INFO - Processing /home/airflow/.local/lib/python3.7/site-packages/airflow/example_dags/example_local_kubernetes_executor.py took 0.344 seconds
[2023-02-10T02:12:28.119+0000] {processor.py:153} INFO - Started process (PID=2398) to work on /home/airflow/.local/lib/python3.7/site-packages/airflow/example_dags/example_local_kubernetes_executor.py
[2023-02-10T02:12:28.126+0000] {processor.py:743} INFO - Processing file /home/airflow/.local/lib/python3.7/site-packages/airflow/example_dags/example_local_kubernetes_executor.py for tasks to queue
[2023-02-10T02:12:28.132+0000] {logging_mixin.py:137} INFO - [2023-02-10T02:12:28.131+0000] {dagbag.py:538} INFO - Filling up the DagBag from /home/airflow/.local/lib/python3.7/site-packages/airflow/example_dags/example_local_kubernetes_executor.py
[2023-02-10T02:12:28.192+0000] {processor.py:753} INFO - DAG(s) dict_keys(['example_local_kubernetes_executor']) retrieved from /home/airflow/.local/lib/python3.7/site-packages/airflow/example_dags/example_local_kubernetes_executor.py
[2023-02-10T02:12:28.260+0000] {logging_mixin.py:137} INFO - [2023-02-10T02:12:28.260+0000] {dag.py:2690} INFO - Sync 1 DAGs
[2023-02-10T02:12:28.473+0000] {logging_mixin.py:137} INFO - [2023-02-10T02:12:28.473+0000] {dag.py:3441} INFO - Setting next_dagrun for example_local_kubernetes_executor to None, run_after=None
[2023-02-10T02:12:28.614+0000] {processor.py:175} INFO - Processing /home/airflow/.local/lib/python3.7/site-packages/airflow/example_dags/example_local_kubernetes_executor.py took 0.504 seconds
[2023-02-10T02:12:58.961+0000] {processor.py:153} INFO - Started process (PID=2449) to work on /home/airflow/.local/lib/python3.7/site-packages/airflow/example_dags/example_local_kubernetes_executor.py
[2023-02-10T02:12:58.965+0000] {processor.py:743} INFO - Processing file /home/airflow/.local/lib/python3.7/site-packages/airflow/example_dags/example_local_kubernetes_executor.py for tasks to queue
[2023-02-10T02:12:58.969+0000] {logging_mixin.py:137} INFO - [2023-02-10T02:12:58.969+0000] {dagbag.py:538} INFO - Filling up the DagBag from /home/airflow/.local/lib/python3.7/site-packages/airflow/example_dags/example_local_kubernetes_executor.py
[2023-02-10T02:12:59.028+0000] {processor.py:753} INFO - DAG(s) dict_keys(['example_local_kubernetes_executor']) retrieved from /home/airflow/.local/lib/python3.7/site-packages/airflow/example_dags/example_local_kubernetes_executor.py
[2023-02-10T02:12:59.083+0000] {logging_mixin.py:137} INFO - [2023-02-10T02:12:59.083+0000] {dag.py:2690} INFO - Sync 1 DAGs
[2023-02-10T02:12:59.153+0000] {logging_mixin.py:137} INFO - [2023-02-10T02:12:59.152+0000] {dag.py:3441} INFO - Setting next_dagrun for example_local_kubernetes_executor to None, run_after=None
[2023-02-10T02:12:59.202+0000] {processor.py:175} INFO - Processing /home/airflow/.local/lib/python3.7/site-packages/airflow/example_dags/example_local_kubernetes_executor.py took 0.256 seconds
[2023-02-10T02:13:31.238+0000] {processor.py:153} INFO - Started process (PID=2507) to work on /home/airflow/.local/lib/python3.7/site-packages/airflow/example_dags/example_local_kubernetes_executor.py
[2023-02-10T02:13:31.255+0000] {processor.py:743} INFO - Processing file /home/airflow/.local/lib/python3.7/site-packages/airflow/example_dags/example_local_kubernetes_executor.py for tasks to queue
[2023-02-10T02:13:31.283+0000] {logging_mixin.py:137} INFO - [2023-02-10T02:13:31.271+0000] {dagbag.py:538} INFO - Filling up the DagBag from /home/airflow/.local/lib/python3.7/site-packages/airflow/example_dags/example_local_kubernetes_executor.py
[2023-02-10T02:13:31.693+0000] {processor.py:753} INFO - DAG(s) dict_keys(['example_local_kubernetes_executor']) retrieved from /home/airflow/.local/lib/python3.7/site-packages/airflow/example_dags/example_local_kubernetes_executor.py
[2023-02-10T02:13:31.985+0000] {logging_mixin.py:137} INFO - [2023-02-10T02:13:31.985+0000] {dag.py:2690} INFO - Sync 1 DAGs
[2023-02-10T02:13:32.262+0000] {logging_mixin.py:137} INFO - [2023-02-10T02:13:32.262+0000] {dag.py:3441} INFO - Setting next_dagrun for example_local_kubernetes_executor to None, run_after=None
[2023-02-10T02:13:32.495+0000] {processor.py:175} INFO - Processing /home/airflow/.local/lib/python3.7/site-packages/airflow/example_dags/example_local_kubernetes_executor.py took 1.332 seconds
[2023-02-10T02:14:04.678+0000] {processor.py:153} INFO - Started process (PID=2556) to work on /home/airflow/.local/lib/python3.7/site-packages/airflow/example_dags/example_local_kubernetes_executor.py
[2023-02-10T02:14:04.684+0000] {processor.py:743} INFO - Processing file /home/airflow/.local/lib/python3.7/site-packages/airflow/example_dags/example_local_kubernetes_executor.py for tasks to queue
[2023-02-10T02:14:04.690+0000] {logging_mixin.py:137} INFO - [2023-02-10T02:14:04.690+0000] {dagbag.py:538} INFO - Filling up the DagBag from /home/airflow/.local/lib/python3.7/site-packages/airflow/example_dags/example_local_kubernetes_executor.py
[2023-02-10T02:14:04.779+0000] {processor.py:753} INFO - DAG(s) dict_keys(['example_local_kubernetes_executor']) retrieved from /home/airflow/.local/lib/python3.7/site-packages/airflow/example_dags/example_local_kubernetes_executor.py
[2023-02-10T02:14:04.853+0000] {logging_mixin.py:137} INFO - [2023-02-10T02:14:04.853+0000] {dag.py:2690} INFO - Sync 1 DAGs
[2023-02-10T02:14:04.945+0000] {logging_mixin.py:137} INFO - [2023-02-10T02:14:04.945+0000] {dag.py:3441} INFO - Setting next_dagrun for example_local_kubernetes_executor to None, run_after=None
[2023-02-10T02:14:05.002+0000] {processor.py:175} INFO - Processing /home/airflow/.local/lib/python3.7/site-packages/airflow/example_dags/example_local_kubernetes_executor.py took 0.338 seconds
[2023-02-10T02:14:40.602+0000] {processor.py:153} INFO - Started process (PID=2610) to work on /home/airflow/.local/lib/python3.7/site-packages/airflow/example_dags/example_local_kubernetes_executor.py
[2023-02-10T02:14:40.606+0000] {processor.py:743} INFO - Processing file /home/airflow/.local/lib/python3.7/site-packages/airflow/example_dags/example_local_kubernetes_executor.py for tasks to queue
[2023-02-10T02:14:40.614+0000] {logging_mixin.py:137} INFO - [2023-02-10T02:14:40.613+0000] {dagbag.py:538} INFO - Filling up the DagBag from /home/airflow/.local/lib/python3.7/site-packages/airflow/example_dags/example_local_kubernetes_executor.py
[2023-02-10T02:14:40.774+0000] {processor.py:753} INFO - DAG(s) dict_keys(['example_local_kubernetes_executor']) retrieved from /home/airflow/.local/lib/python3.7/site-packages/airflow/example_dags/example_local_kubernetes_executor.py
[2023-02-10T02:14:40.878+0000] {logging_mixin.py:137} INFO - [2023-02-10T02:14:40.878+0000] {dag.py:2690} INFO - Sync 1 DAGs
[2023-02-10T02:14:41.034+0000] {logging_mixin.py:137} INFO - [2023-02-10T02:14:41.033+0000] {dag.py:3441} INFO - Setting next_dagrun for example_local_kubernetes_executor to None, run_after=None
[2023-02-10T02:14:41.115+0000] {processor.py:175} INFO - Processing /home/airflow/.local/lib/python3.7/site-packages/airflow/example_dags/example_local_kubernetes_executor.py took 0.524 seconds
[2023-02-10T02:15:13.051+0000] {processor.py:153} INFO - Started process (PID=2669) to work on /home/airflow/.local/lib/python3.7/site-packages/airflow/example_dags/example_local_kubernetes_executor.py
[2023-02-10T02:15:13.061+0000] {processor.py:743} INFO - Processing file /home/airflow/.local/lib/python3.7/site-packages/airflow/example_dags/example_local_kubernetes_executor.py for tasks to queue
[2023-02-10T02:15:13.078+0000] {logging_mixin.py:137} INFO - [2023-02-10T02:15:13.075+0000] {dagbag.py:538} INFO - Filling up the DagBag from /home/airflow/.local/lib/python3.7/site-packages/airflow/example_dags/example_local_kubernetes_executor.py
[2023-02-10T02:15:13.157+0000] {processor.py:753} INFO - DAG(s) dict_keys(['example_local_kubernetes_executor']) retrieved from /home/airflow/.local/lib/python3.7/site-packages/airflow/example_dags/example_local_kubernetes_executor.py
[2023-02-10T02:15:13.223+0000] {logging_mixin.py:137} INFO - [2023-02-10T02:15:13.223+0000] {dag.py:2690} INFO - Sync 1 DAGs
[2023-02-10T02:15:13.409+0000] {logging_mixin.py:137} INFO - [2023-02-10T02:15:13.409+0000] {dag.py:3441} INFO - Setting next_dagrun for example_local_kubernetes_executor to None, run_after=None
[2023-02-10T02:15:13.505+0000] {processor.py:175} INFO - Processing /home/airflow/.local/lib/python3.7/site-packages/airflow/example_dags/example_local_kubernetes_executor.py took 0.517 seconds
[2023-02-10T02:15:45.456+0000] {processor.py:153} INFO - Started process (PID=2726) to work on /home/airflow/.local/lib/python3.7/site-packages/airflow/example_dags/example_local_kubernetes_executor.py
[2023-02-10T02:15:45.471+0000] {processor.py:743} INFO - Processing file /home/airflow/.local/lib/python3.7/site-packages/airflow/example_dags/example_local_kubernetes_executor.py for tasks to queue
[2023-02-10T02:15:45.488+0000] {logging_mixin.py:137} INFO - [2023-02-10T02:15:45.485+0000] {dagbag.py:538} INFO - Filling up the DagBag from /home/airflow/.local/lib/python3.7/site-packages/airflow/example_dags/example_local_kubernetes_executor.py
[2023-02-10T02:15:45.598+0000] {processor.py:753} INFO - DAG(s) dict_keys(['example_local_kubernetes_executor']) retrieved from /home/airflow/.local/lib/python3.7/site-packages/airflow/example_dags/example_local_kubernetes_executor.py
[2023-02-10T02:15:45.681+0000] {logging_mixin.py:137} INFO - [2023-02-10T02:15:45.680+0000] {dag.py:2690} INFO - Sync 1 DAGs
[2023-02-10T02:15:45.755+0000] {logging_mixin.py:137} INFO - [2023-02-10T02:15:45.755+0000] {dag.py:3441} INFO - Setting next_dagrun for example_local_kubernetes_executor to None, run_after=None
[2023-02-10T02:15:45.910+0000] {processor.py:175} INFO - Processing /home/airflow/.local/lib/python3.7/site-packages/airflow/example_dags/example_local_kubernetes_executor.py took 0.478 seconds
[2023-02-10T02:16:16.032+0000] {processor.py:153} INFO - Started process (PID=2778) to work on /home/airflow/.local/lib/python3.7/site-packages/airflow/example_dags/example_local_kubernetes_executor.py
[2023-02-10T02:16:16.037+0000] {processor.py:743} INFO - Processing file /home/airflow/.local/lib/python3.7/site-packages/airflow/example_dags/example_local_kubernetes_executor.py for tasks to queue
[2023-02-10T02:16:16.043+0000] {logging_mixin.py:137} INFO - [2023-02-10T02:16:16.042+0000] {dagbag.py:538} INFO - Filling up the DagBag from /home/airflow/.local/lib/python3.7/site-packages/airflow/example_dags/example_local_kubernetes_executor.py
[2023-02-10T02:16:16.190+0000] {processor.py:753} INFO - DAG(s) dict_keys(['example_local_kubernetes_executor']) retrieved from /home/airflow/.local/lib/python3.7/site-packages/airflow/example_dags/example_local_kubernetes_executor.py
[2023-02-10T02:16:16.296+0000] {logging_mixin.py:137} INFO - [2023-02-10T02:16:16.296+0000] {dag.py:2690} INFO - Sync 1 DAGs
[2023-02-10T02:16:16.359+0000] {logging_mixin.py:137} INFO - [2023-02-10T02:16:16.359+0000] {dag.py:3441} INFO - Setting next_dagrun for example_local_kubernetes_executor to None, run_after=None
[2023-02-10T02:16:16.407+0000] {processor.py:175} INFO - Processing /home/airflow/.local/lib/python3.7/site-packages/airflow/example_dags/example_local_kubernetes_executor.py took 0.400 seconds
[2023-02-10T02:16:47.496+0000] {processor.py:153} INFO - Started process (PID=2837) to work on /home/airflow/.local/lib/python3.7/site-packages/airflow/example_dags/example_local_kubernetes_executor.py
[2023-02-10T02:16:47.506+0000] {processor.py:743} INFO - Processing file /home/airflow/.local/lib/python3.7/site-packages/airflow/example_dags/example_local_kubernetes_executor.py for tasks to queue
[2023-02-10T02:16:47.519+0000] {logging_mixin.py:137} INFO - [2023-02-10T02:16:47.517+0000] {dagbag.py:538} INFO - Filling up the DagBag from /home/airflow/.local/lib/python3.7/site-packages/airflow/example_dags/example_local_kubernetes_executor.py
[2023-02-10T02:16:47.641+0000] {processor.py:753} INFO - DAG(s) dict_keys(['example_local_kubernetes_executor']) retrieved from /home/airflow/.local/lib/python3.7/site-packages/airflow/example_dags/example_local_kubernetes_executor.py
[2023-02-10T02:16:47.753+0000] {logging_mixin.py:137} INFO - [2023-02-10T02:16:47.753+0000] {dag.py:2690} INFO - Sync 1 DAGs
[2023-02-10T02:16:47.890+0000] {logging_mixin.py:137} INFO - [2023-02-10T02:16:47.886+0000] {dag.py:3441} INFO - Setting next_dagrun for example_local_kubernetes_executor to None, run_after=None
[2023-02-10T02:16:48.026+0000] {processor.py:175} INFO - Processing /home/airflow/.local/lib/python3.7/site-packages/airflow/example_dags/example_local_kubernetes_executor.py took 0.554 seconds
[2023-02-10T02:17:18.444+0000] {processor.py:153} INFO - Started process (PID=2893) to work on /home/airflow/.local/lib/python3.7/site-packages/airflow/example_dags/example_local_kubernetes_executor.py
[2023-02-10T02:17:18.454+0000] {processor.py:743} INFO - Processing file /home/airflow/.local/lib/python3.7/site-packages/airflow/example_dags/example_local_kubernetes_executor.py for tasks to queue
[2023-02-10T02:17:18.464+0000] {logging_mixin.py:137} INFO - [2023-02-10T02:17:18.463+0000] {dagbag.py:538} INFO - Filling up the DagBag from /home/airflow/.local/lib/python3.7/site-packages/airflow/example_dags/example_local_kubernetes_executor.py
[2023-02-10T02:17:18.528+0000] {processor.py:753} INFO - DAG(s) dict_keys(['example_local_kubernetes_executor']) retrieved from /home/airflow/.local/lib/python3.7/site-packages/airflow/example_dags/example_local_kubernetes_executor.py
[2023-02-10T02:17:18.654+0000] {logging_mixin.py:137} INFO - [2023-02-10T02:17:18.654+0000] {dag.py:2690} INFO - Sync 1 DAGs
[2023-02-10T02:17:18.741+0000] {logging_mixin.py:137} INFO - [2023-02-10T02:17:18.741+0000] {dag.py:3441} INFO - Setting next_dagrun for example_local_kubernetes_executor to None, run_after=None
[2023-02-10T02:17:18.802+0000] {processor.py:175} INFO - Processing /home/airflow/.local/lib/python3.7/site-packages/airflow/example_dags/example_local_kubernetes_executor.py took 0.369 seconds
[2023-02-10T02:18:01.484+0000] {processor.py:153} INFO - Started process (PID=2948) to work on /home/airflow/.local/lib/python3.7/site-packages/airflow/example_dags/example_local_kubernetes_executor.py
[2023-02-10T02:18:01.491+0000] {processor.py:743} INFO - Processing file /home/airflow/.local/lib/python3.7/site-packages/airflow/example_dags/example_local_kubernetes_executor.py for tasks to queue
[2023-02-10T02:18:01.512+0000] {logging_mixin.py:137} INFO - [2023-02-10T02:18:01.511+0000] {dagbag.py:538} INFO - Filling up the DagBag from /home/airflow/.local/lib/python3.7/site-packages/airflow/example_dags/example_local_kubernetes_executor.py
[2023-02-10T02:18:01.604+0000] {processor.py:753} INFO - DAG(s) dict_keys(['example_local_kubernetes_executor']) retrieved from /home/airflow/.local/lib/python3.7/site-packages/airflow/example_dags/example_local_kubernetes_executor.py
[2023-02-10T02:18:01.754+0000] {logging_mixin.py:137} INFO - [2023-02-10T02:18:01.753+0000] {dag.py:2690} INFO - Sync 1 DAGs
[2023-02-10T02:18:01.850+0000] {logging_mixin.py:137} INFO - [2023-02-10T02:18:01.850+0000] {dag.py:3441} INFO - Setting next_dagrun for example_local_kubernetes_executor to None, run_after=None
[2023-02-10T02:18:01.935+0000] {processor.py:175} INFO - Processing /home/airflow/.local/lib/python3.7/site-packages/airflow/example_dags/example_local_kubernetes_executor.py took 0.493 seconds
[2023-02-10T02:18:32.104+0000] {processor.py:153} INFO - Started process (PID=2998) to work on /home/airflow/.local/lib/python3.7/site-packages/airflow/example_dags/example_local_kubernetes_executor.py
[2023-02-10T02:18:32.109+0000] {processor.py:743} INFO - Processing file /home/airflow/.local/lib/python3.7/site-packages/airflow/example_dags/example_local_kubernetes_executor.py for tasks to queue
[2023-02-10T02:18:32.116+0000] {logging_mixin.py:137} INFO - [2023-02-10T02:18:32.115+0000] {dagbag.py:538} INFO - Filling up the DagBag from /home/airflow/.local/lib/python3.7/site-packages/airflow/example_dags/example_local_kubernetes_executor.py
[2023-02-10T02:18:32.174+0000] {processor.py:753} INFO - DAG(s) dict_keys(['example_local_kubernetes_executor']) retrieved from /home/airflow/.local/lib/python3.7/site-packages/airflow/example_dags/example_local_kubernetes_executor.py
[2023-02-10T02:18:32.233+0000] {logging_mixin.py:137} INFO - [2023-02-10T02:18:32.233+0000] {dag.py:2690} INFO - Sync 1 DAGs
[2023-02-10T02:18:32.287+0000] {logging_mixin.py:137} INFO - [2023-02-10T02:18:32.287+0000] {dag.py:3441} INFO - Setting next_dagrun for example_local_kubernetes_executor to None, run_after=None
[2023-02-10T02:18:32.337+0000] {processor.py:175} INFO - Processing /home/airflow/.local/lib/python3.7/site-packages/airflow/example_dags/example_local_kubernetes_executor.py took 0.248 seconds
[2023-02-10T02:19:18.500+0000] {processor.py:153} INFO - Started process (PID=44) to work on /home/airflow/.local/lib/python3.7/site-packages/airflow/example_dags/example_local_kubernetes_executor.py
[2023-02-10T02:19:18.505+0000] {processor.py:743} INFO - Processing file /home/airflow/.local/lib/python3.7/site-packages/airflow/example_dags/example_local_kubernetes_executor.py for tasks to queue
[2023-02-10T02:19:18.508+0000] {logging_mixin.py:137} INFO - [2023-02-10T02:19:18.508+0000] {dagbag.py:538} INFO - Filling up the DagBag from /home/airflow/.local/lib/python3.7/site-packages/airflow/example_dags/example_local_kubernetes_executor.py
[2023-02-10T02:19:18.640+0000] {processor.py:753} INFO - DAG(s) dict_keys(['example_local_kubernetes_executor']) retrieved from /home/airflow/.local/lib/python3.7/site-packages/airflow/example_dags/example_local_kubernetes_executor.py
[2023-02-10T02:19:18.755+0000] {logging_mixin.py:137} INFO - [2023-02-10T02:19:18.754+0000] {dag.py:2690} INFO - Sync 1 DAGs
[2023-02-10T02:19:19.112+0000] {logging_mixin.py:137} INFO - [2023-02-10T02:19:19.112+0000] {dag.py:3441} INFO - Setting next_dagrun for example_local_kubernetes_executor to None, run_after=None
[2023-02-10T02:19:19.346+0000] {processor.py:175} INFO - Processing /home/airflow/.local/lib/python3.7/site-packages/airflow/example_dags/example_local_kubernetes_executor.py took 0.880 seconds
[2023-02-10T02:19:49.654+0000] {processor.py:153} INFO - Started process (PID=103) to work on /home/airflow/.local/lib/python3.7/site-packages/airflow/example_dags/example_local_kubernetes_executor.py
[2023-02-10T02:19:49.659+0000] {processor.py:743} INFO - Processing file /home/airflow/.local/lib/python3.7/site-packages/airflow/example_dags/example_local_kubernetes_executor.py for tasks to queue
[2023-02-10T02:19:49.665+0000] {logging_mixin.py:137} INFO - [2023-02-10T02:19:49.664+0000] {dagbag.py:538} INFO - Filling up the DagBag from /home/airflow/.local/lib/python3.7/site-packages/airflow/example_dags/example_local_kubernetes_executor.py
[2023-02-10T02:19:49.732+0000] {processor.py:753} INFO - DAG(s) dict_keys(['example_local_kubernetes_executor']) retrieved from /home/airflow/.local/lib/python3.7/site-packages/airflow/example_dags/example_local_kubernetes_executor.py
[2023-02-10T02:19:49.874+0000] {logging_mixin.py:137} INFO - [2023-02-10T02:19:49.874+0000] {dag.py:2690} INFO - Sync 1 DAGs
[2023-02-10T02:19:50.010+0000] {logging_mixin.py:137} INFO - [2023-02-10T02:19:50.010+0000] {dag.py:3441} INFO - Setting next_dagrun for example_local_kubernetes_executor to None, run_after=None
[2023-02-10T02:19:50.062+0000] {processor.py:175} INFO - Processing /home/airflow/.local/lib/python3.7/site-packages/airflow/example_dags/example_local_kubernetes_executor.py took 0.418 seconds
[2023-02-10T02:20:38.015+0000] {processor.py:153} INFO - Started process (PID=161) to work on /home/airflow/.local/lib/python3.7/site-packages/airflow/example_dags/example_local_kubernetes_executor.py
[2023-02-10T02:20:38.032+0000] {processor.py:743} INFO - Processing file /home/airflow/.local/lib/python3.7/site-packages/airflow/example_dags/example_local_kubernetes_executor.py for tasks to queue
[2023-02-10T02:20:38.063+0000] {logging_mixin.py:137} INFO - [2023-02-10T02:20:38.062+0000] {dagbag.py:538} INFO - Filling up the DagBag from /home/airflow/.local/lib/python3.7/site-packages/airflow/example_dags/example_local_kubernetes_executor.py
[2023-02-10T02:20:39.028+0000] {processor.py:753} INFO - DAG(s) dict_keys(['example_local_kubernetes_executor']) retrieved from /home/airflow/.local/lib/python3.7/site-packages/airflow/example_dags/example_local_kubernetes_executor.py
[2023-02-10T02:20:39.770+0000] {logging_mixin.py:137} INFO - [2023-02-10T02:20:39.761+0000] {dag.py:2690} INFO - Sync 1 DAGs
[2023-02-10T02:20:40.608+0000] {logging_mixin.py:137} INFO - [2023-02-10T02:20:40.608+0000] {dag.py:3441} INFO - Setting next_dagrun for example_local_kubernetes_executor to None, run_after=None
[2023-02-10T02:20:41.090+0000] {processor.py:175} INFO - Processing /home/airflow/.local/lib/python3.7/site-packages/airflow/example_dags/example_local_kubernetes_executor.py took 3.270 seconds
[2023-02-10T02:21:34.203+0000] {processor.py:153} INFO - Started process (PID=219) to work on /home/airflow/.local/lib/python3.7/site-packages/airflow/example_dags/example_local_kubernetes_executor.py
[2023-02-10T02:21:34.227+0000] {processor.py:743} INFO - Processing file /home/airflow/.local/lib/python3.7/site-packages/airflow/example_dags/example_local_kubernetes_executor.py for tasks to queue
[2023-02-10T02:21:34.239+0000] {logging_mixin.py:137} INFO - [2023-02-10T02:21:34.239+0000] {dagbag.py:538} INFO - Filling up the DagBag from /home/airflow/.local/lib/python3.7/site-packages/airflow/example_dags/example_local_kubernetes_executor.py
[2023-02-10T02:21:34.453+0000] {processor.py:753} INFO - DAG(s) dict_keys(['example_local_kubernetes_executor']) retrieved from /home/airflow/.local/lib/python3.7/site-packages/airflow/example_dags/example_local_kubernetes_executor.py
[2023-02-10T02:21:34.712+0000] {logging_mixin.py:137} INFO - [2023-02-10T02:21:34.712+0000] {dag.py:2690} INFO - Sync 1 DAGs
[2023-02-10T02:21:34.899+0000] {logging_mixin.py:137} INFO - [2023-02-10T02:21:34.899+0000] {dag.py:3441} INFO - Setting next_dagrun for example_local_kubernetes_executor to None, run_after=None
[2023-02-10T02:21:35.059+0000] {processor.py:175} INFO - Processing /home/airflow/.local/lib/python3.7/site-packages/airflow/example_dags/example_local_kubernetes_executor.py took 0.895 seconds
[2023-02-10T02:22:09.441+0000] {processor.py:153} INFO - Started process (PID=276) to work on /home/airflow/.local/lib/python3.7/site-packages/airflow/example_dags/example_local_kubernetes_executor.py
[2023-02-10T02:22:09.462+0000] {processor.py:743} INFO - Processing file /home/airflow/.local/lib/python3.7/site-packages/airflow/example_dags/example_local_kubernetes_executor.py for tasks to queue
[2023-02-10T02:22:09.499+0000] {logging_mixin.py:137} INFO - [2023-02-10T02:22:09.499+0000] {dagbag.py:538} INFO - Filling up the DagBag from /home/airflow/.local/lib/python3.7/site-packages/airflow/example_dags/example_local_kubernetes_executor.py
[2023-02-10T02:22:09.726+0000] {processor.py:753} INFO - DAG(s) dict_keys(['example_local_kubernetes_executor']) retrieved from /home/airflow/.local/lib/python3.7/site-packages/airflow/example_dags/example_local_kubernetes_executor.py
[2023-02-10T02:22:09.987+0000] {logging_mixin.py:137} INFO - [2023-02-10T02:22:09.984+0000] {dag.py:2690} INFO - Sync 1 DAGs
[2023-02-10T02:22:10.694+0000] {logging_mixin.py:137} INFO - [2023-02-10T02:22:10.693+0000] {dag.py:3441} INFO - Setting next_dagrun for example_local_kubernetes_executor to None, run_after=None
[2023-02-10T02:22:10.918+0000] {processor.py:175} INFO - Processing /home/airflow/.local/lib/python3.7/site-packages/airflow/example_dags/example_local_kubernetes_executor.py took 1.518 seconds
[2023-02-10T02:22:45.099+0000] {processor.py:153} INFO - Started process (PID=333) to work on /home/airflow/.local/lib/python3.7/site-packages/airflow/example_dags/example_local_kubernetes_executor.py
[2023-02-10T02:22:45.173+0000] {processor.py:743} INFO - Processing file /home/airflow/.local/lib/python3.7/site-packages/airflow/example_dags/example_local_kubernetes_executor.py for tasks to queue
[2023-02-10T02:22:45.255+0000] {logging_mixin.py:137} INFO - [2023-02-10T02:22:45.209+0000] {dagbag.py:538} INFO - Filling up the DagBag from /home/airflow/.local/lib/python3.7/site-packages/airflow/example_dags/example_local_kubernetes_executor.py
[2023-02-10T02:22:45.704+0000] {processor.py:753} INFO - DAG(s) dict_keys(['example_local_kubernetes_executor']) retrieved from /home/airflow/.local/lib/python3.7/site-packages/airflow/example_dags/example_local_kubernetes_executor.py
[2023-02-10T02:22:47.214+0000] {logging_mixin.py:137} INFO - [2023-02-10T02:22:47.197+0000] {dag.py:2690} INFO - Sync 1 DAGs
[2023-02-10T02:22:47.737+0000] {logging_mixin.py:137} INFO - [2023-02-10T02:22:47.704+0000] {dag.py:3441} INFO - Setting next_dagrun for example_local_kubernetes_executor to None, run_after=None
[2023-02-10T02:22:50.428+0000] {processor.py:175} INFO - Processing /home/airflow/.local/lib/python3.7/site-packages/airflow/example_dags/example_local_kubernetes_executor.py took 5.347 seconds
[2023-02-10T02:23:28.791+0000] {processor.py:153} INFO - Started process (PID=387) to work on /home/airflow/.local/lib/python3.7/site-packages/airflow/example_dags/example_local_kubernetes_executor.py
[2023-02-10T02:23:28.819+0000] {processor.py:743} INFO - Processing file /home/airflow/.local/lib/python3.7/site-packages/airflow/example_dags/example_local_kubernetes_executor.py for tasks to queue
[2023-02-10T02:23:28.836+0000] {logging_mixin.py:137} INFO - [2023-02-10T02:23:28.836+0000] {dagbag.py:538} INFO - Filling up the DagBag from /home/airflow/.local/lib/python3.7/site-packages/airflow/example_dags/example_local_kubernetes_executor.py
[2023-02-10T02:23:29.000+0000] {processor.py:753} INFO - DAG(s) dict_keys(['example_local_kubernetes_executor']) retrieved from /home/airflow/.local/lib/python3.7/site-packages/airflow/example_dags/example_local_kubernetes_executor.py
[2023-02-10T02:23:29.299+0000] {logging_mixin.py:137} INFO - [2023-02-10T02:23:29.299+0000] {dag.py:2690} INFO - Sync 1 DAGs
[2023-02-10T02:23:29.592+0000] {logging_mixin.py:137} INFO - [2023-02-10T02:23:29.592+0000] {dag.py:3441} INFO - Setting next_dagrun for example_local_kubernetes_executor to None, run_after=None
[2023-02-10T02:23:29.674+0000] {processor.py:175} INFO - Processing /home/airflow/.local/lib/python3.7/site-packages/airflow/example_dags/example_local_kubernetes_executor.py took 1.109 seconds
[2023-02-10T02:24:00.262+0000] {processor.py:153} INFO - Started process (PID=439) to work on /home/airflow/.local/lib/python3.7/site-packages/airflow/example_dags/example_local_kubernetes_executor.py
[2023-02-10T02:24:00.267+0000] {processor.py:743} INFO - Processing file /home/airflow/.local/lib/python3.7/site-packages/airflow/example_dags/example_local_kubernetes_executor.py for tasks to queue
[2023-02-10T02:24:00.291+0000] {logging_mixin.py:137} INFO - [2023-02-10T02:24:00.291+0000] {dagbag.py:538} INFO - Filling up the DagBag from /home/airflow/.local/lib/python3.7/site-packages/airflow/example_dags/example_local_kubernetes_executor.py
[2023-02-10T02:24:00.506+0000] {processor.py:753} INFO - DAG(s) dict_keys(['example_local_kubernetes_executor']) retrieved from /home/airflow/.local/lib/python3.7/site-packages/airflow/example_dags/example_local_kubernetes_executor.py
[2023-02-10T02:24:00.613+0000] {logging_mixin.py:137} INFO - [2023-02-10T02:24:00.612+0000] {dag.py:2690} INFO - Sync 1 DAGs
[2023-02-10T02:24:00.745+0000] {logging_mixin.py:137} INFO - [2023-02-10T02:24:00.744+0000] {dag.py:3441} INFO - Setting next_dagrun for example_local_kubernetes_executor to None, run_after=None
[2023-02-10T02:24:00.959+0000] {processor.py:175} INFO - Processing /home/airflow/.local/lib/python3.7/site-packages/airflow/example_dags/example_local_kubernetes_executor.py took 0.726 seconds
[2023-02-10T02:24:31.792+0000] {processor.py:153} INFO - Started process (PID=497) to work on /home/airflow/.local/lib/python3.7/site-packages/airflow/example_dags/example_local_kubernetes_executor.py
[2023-02-10T02:24:31.810+0000] {processor.py:743} INFO - Processing file /home/airflow/.local/lib/python3.7/site-packages/airflow/example_dags/example_local_kubernetes_executor.py for tasks to queue
[2023-02-10T02:24:31.828+0000] {logging_mixin.py:137} INFO - [2023-02-10T02:24:31.827+0000] {dagbag.py:538} INFO - Filling up the DagBag from /home/airflow/.local/lib/python3.7/site-packages/airflow/example_dags/example_local_kubernetes_executor.py
[2023-02-10T02:24:32.293+0000] {processor.py:753} INFO - DAG(s) dict_keys(['example_local_kubernetes_executor']) retrieved from /home/airflow/.local/lib/python3.7/site-packages/airflow/example_dags/example_local_kubernetes_executor.py
[2023-02-10T02:24:32.529+0000] {logging_mixin.py:137} INFO - [2023-02-10T02:24:32.529+0000] {dag.py:2690} INFO - Sync 1 DAGs
[2023-02-10T02:24:32.633+0000] {logging_mixin.py:137} INFO - [2023-02-10T02:24:32.633+0000] {dag.py:3441} INFO - Setting next_dagrun for example_local_kubernetes_executor to None, run_after=None
[2023-02-10T02:24:32.754+0000] {processor.py:175} INFO - Processing /home/airflow/.local/lib/python3.7/site-packages/airflow/example_dags/example_local_kubernetes_executor.py took 1.001 seconds
[2023-02-10T02:25:03.854+0000] {processor.py:153} INFO - Started process (PID=555) to work on /home/airflow/.local/lib/python3.7/site-packages/airflow/example_dags/example_local_kubernetes_executor.py
[2023-02-10T02:25:03.871+0000] {processor.py:743} INFO - Processing file /home/airflow/.local/lib/python3.7/site-packages/airflow/example_dags/example_local_kubernetes_executor.py for tasks to queue
[2023-02-10T02:25:03.880+0000] {logging_mixin.py:137} INFO - [2023-02-10T02:25:03.879+0000] {dagbag.py:538} INFO - Filling up the DagBag from /home/airflow/.local/lib/python3.7/site-packages/airflow/example_dags/example_local_kubernetes_executor.py
[2023-02-10T02:25:03.995+0000] {processor.py:753} INFO - DAG(s) dict_keys(['example_local_kubernetes_executor']) retrieved from /home/airflow/.local/lib/python3.7/site-packages/airflow/example_dags/example_local_kubernetes_executor.py
[2023-02-10T02:25:04.237+0000] {logging_mixin.py:137} INFO - [2023-02-10T02:25:04.237+0000] {dag.py:2690} INFO - Sync 1 DAGs
[2023-02-10T02:25:04.620+0000] {logging_mixin.py:137} INFO - [2023-02-10T02:25:04.620+0000] {dag.py:3441} INFO - Setting next_dagrun for example_local_kubernetes_executor to None, run_after=None
[2023-02-10T02:25:05.088+0000] {processor.py:175} INFO - Processing /home/airflow/.local/lib/python3.7/site-packages/airflow/example_dags/example_local_kubernetes_executor.py took 1.279 seconds
[2023-02-10T02:25:38.202+0000] {processor.py:153} INFO - Started process (PID=604) to work on /home/airflow/.local/lib/python3.7/site-packages/airflow/example_dags/example_local_kubernetes_executor.py
[2023-02-10T02:25:38.220+0000] {processor.py:743} INFO - Processing file /home/airflow/.local/lib/python3.7/site-packages/airflow/example_dags/example_local_kubernetes_executor.py for tasks to queue
[2023-02-10T02:25:38.224+0000] {logging_mixin.py:137} INFO - [2023-02-10T02:25:38.224+0000] {dagbag.py:538} INFO - Filling up the DagBag from /home/airflow/.local/lib/python3.7/site-packages/airflow/example_dags/example_local_kubernetes_executor.py
[2023-02-10T02:25:38.392+0000] {processor.py:753} INFO - DAG(s) dict_keys(['example_local_kubernetes_executor']) retrieved from /home/airflow/.local/lib/python3.7/site-packages/airflow/example_dags/example_local_kubernetes_executor.py
[2023-02-10T02:25:38.570+0000] {logging_mixin.py:137} INFO - [2023-02-10T02:25:38.569+0000] {dag.py:2690} INFO - Sync 1 DAGs
[2023-02-10T02:25:38.753+0000] {logging_mixin.py:137} INFO - [2023-02-10T02:25:38.753+0000] {dag.py:3441} INFO - Setting next_dagrun for example_local_kubernetes_executor to None, run_after=None
[2023-02-10T02:25:38.875+0000] {processor.py:175} INFO - Processing /home/airflow/.local/lib/python3.7/site-packages/airflow/example_dags/example_local_kubernetes_executor.py took 0.685 seconds
[2023-02-10T02:26:10.444+0000] {processor.py:153} INFO - Started process (PID=664) to work on /home/airflow/.local/lib/python3.7/site-packages/airflow/example_dags/example_local_kubernetes_executor.py
[2023-02-10T02:26:10.448+0000] {processor.py:743} INFO - Processing file /home/airflow/.local/lib/python3.7/site-packages/airflow/example_dags/example_local_kubernetes_executor.py for tasks to queue
[2023-02-10T02:26:10.458+0000] {logging_mixin.py:137} INFO - [2023-02-10T02:26:10.453+0000] {dagbag.py:538} INFO - Filling up the DagBag from /home/airflow/.local/lib/python3.7/site-packages/airflow/example_dags/example_local_kubernetes_executor.py
[2023-02-10T02:26:10.725+0000] {processor.py:753} INFO - DAG(s) dict_keys(['example_local_kubernetes_executor']) retrieved from /home/airflow/.local/lib/python3.7/site-packages/airflow/example_dags/example_local_kubernetes_executor.py
[2023-02-10T02:26:10.999+0000] {logging_mixin.py:137} INFO - [2023-02-10T02:26:10.999+0000] {dag.py:2690} INFO - Sync 1 DAGs
[2023-02-10T02:26:11.144+0000] {logging_mixin.py:137} INFO - [2023-02-10T02:26:11.144+0000] {dag.py:3441} INFO - Setting next_dagrun for example_local_kubernetes_executor to None, run_after=None
[2023-02-10T02:26:11.232+0000] {processor.py:175} INFO - Processing /home/airflow/.local/lib/python3.7/site-packages/airflow/example_dags/example_local_kubernetes_executor.py took 0.821 seconds
[2023-02-10T02:26:42.289+0000] {processor.py:153} INFO - Started process (PID=720) to work on /home/airflow/.local/lib/python3.7/site-packages/airflow/example_dags/example_local_kubernetes_executor.py
[2023-02-10T02:26:42.307+0000] {processor.py:743} INFO - Processing file /home/airflow/.local/lib/python3.7/site-packages/airflow/example_dags/example_local_kubernetes_executor.py for tasks to queue
[2023-02-10T02:26:42.312+0000] {logging_mixin.py:137} INFO - [2023-02-10T02:26:42.312+0000] {dagbag.py:538} INFO - Filling up the DagBag from /home/airflow/.local/lib/python3.7/site-packages/airflow/example_dags/example_local_kubernetes_executor.py
[2023-02-10T02:26:42.501+0000] {processor.py:753} INFO - DAG(s) dict_keys(['example_local_kubernetes_executor']) retrieved from /home/airflow/.local/lib/python3.7/site-packages/airflow/example_dags/example_local_kubernetes_executor.py
[2023-02-10T02:26:42.663+0000] {logging_mixin.py:137} INFO - [2023-02-10T02:26:42.662+0000] {dag.py:2690} INFO - Sync 1 DAGs
[2023-02-10T02:26:42.895+0000] {logging_mixin.py:137} INFO - [2023-02-10T02:26:42.895+0000] {dag.py:3441} INFO - Setting next_dagrun for example_local_kubernetes_executor to None, run_after=None
[2023-02-10T02:26:42.975+0000] {processor.py:175} INFO - Processing /home/airflow/.local/lib/python3.7/site-packages/airflow/example_dags/example_local_kubernetes_executor.py took 0.723 seconds
[2023-02-10T02:27:14.688+0000] {processor.py:153} INFO - Started process (PID=771) to work on /home/airflow/.local/lib/python3.7/site-packages/airflow/example_dags/example_local_kubernetes_executor.py
[2023-02-10T02:27:14.699+0000] {processor.py:743} INFO - Processing file /home/airflow/.local/lib/python3.7/site-packages/airflow/example_dags/example_local_kubernetes_executor.py for tasks to queue
[2023-02-10T02:27:14.717+0000] {logging_mixin.py:137} INFO - [2023-02-10T02:27:14.717+0000] {dagbag.py:538} INFO - Filling up the DagBag from /home/airflow/.local/lib/python3.7/site-packages/airflow/example_dags/example_local_kubernetes_executor.py
[2023-02-10T02:27:14.892+0000] {processor.py:753} INFO - DAG(s) dict_keys(['example_local_kubernetes_executor']) retrieved from /home/airflow/.local/lib/python3.7/site-packages/airflow/example_dags/example_local_kubernetes_executor.py
[2023-02-10T02:27:15.360+0000] {logging_mixin.py:137} INFO - [2023-02-10T02:27:15.360+0000] {dag.py:2690} INFO - Sync 1 DAGs
[2023-02-10T02:27:15.733+0000] {logging_mixin.py:137} INFO - [2023-02-10T02:27:15.733+0000] {dag.py:3441} INFO - Setting next_dagrun for example_local_kubernetes_executor to None, run_after=None
[2023-02-10T02:27:15.858+0000] {processor.py:175} INFO - Processing /home/airflow/.local/lib/python3.7/site-packages/airflow/example_dags/example_local_kubernetes_executor.py took 1.207 seconds
[2023-02-10T02:27:46.120+0000] {processor.py:153} INFO - Started process (PID=830) to work on /home/airflow/.local/lib/python3.7/site-packages/airflow/example_dags/example_local_kubernetes_executor.py
[2023-02-10T02:27:46.129+0000] {processor.py:743} INFO - Processing file /home/airflow/.local/lib/python3.7/site-packages/airflow/example_dags/example_local_kubernetes_executor.py for tasks to queue
[2023-02-10T02:27:46.134+0000] {logging_mixin.py:137} INFO - [2023-02-10T02:27:46.133+0000] {dagbag.py:538} INFO - Filling up the DagBag from /home/airflow/.local/lib/python3.7/site-packages/airflow/example_dags/example_local_kubernetes_executor.py
[2023-02-10T02:27:46.225+0000] {processor.py:753} INFO - DAG(s) dict_keys(['example_local_kubernetes_executor']) retrieved from /home/airflow/.local/lib/python3.7/site-packages/airflow/example_dags/example_local_kubernetes_executor.py
[2023-02-10T02:27:46.380+0000] {logging_mixin.py:137} INFO - [2023-02-10T02:27:46.379+0000] {dag.py:2690} INFO - Sync 1 DAGs
[2023-02-10T02:27:46.530+0000] {logging_mixin.py:137} INFO - [2023-02-10T02:27:46.529+0000] {dag.py:3441} INFO - Setting next_dagrun for example_local_kubernetes_executor to None, run_after=None
[2023-02-10T02:27:46.670+0000] {processor.py:175} INFO - Processing /home/airflow/.local/lib/python3.7/site-packages/airflow/example_dags/example_local_kubernetes_executor.py took 0.567 seconds
[2023-02-10T02:28:20.594+0000] {processor.py:153} INFO - Started process (PID=875) to work on /home/airflow/.local/lib/python3.7/site-packages/airflow/example_dags/example_local_kubernetes_executor.py
[2023-02-10T02:28:20.604+0000] {processor.py:743} INFO - Processing file /home/airflow/.local/lib/python3.7/site-packages/airflow/example_dags/example_local_kubernetes_executor.py for tasks to queue
[2023-02-10T02:28:20.610+0000] {logging_mixin.py:137} INFO - [2023-02-10T02:28:20.610+0000] {dagbag.py:538} INFO - Filling up the DagBag from /home/airflow/.local/lib/python3.7/site-packages/airflow/example_dags/example_local_kubernetes_executor.py
[2023-02-10T02:28:20.945+0000] {processor.py:753} INFO - DAG(s) dict_keys(['example_local_kubernetes_executor']) retrieved from /home/airflow/.local/lib/python3.7/site-packages/airflow/example_dags/example_local_kubernetes_executor.py
[2023-02-10T02:28:21.579+0000] {logging_mixin.py:137} INFO - [2023-02-10T02:28:21.579+0000] {dag.py:2690} INFO - Sync 1 DAGs
[2023-02-10T02:28:21.983+0000] {logging_mixin.py:137} INFO - [2023-02-10T02:28:21.983+0000] {dag.py:3441} INFO - Setting next_dagrun for example_local_kubernetes_executor to None, run_after=None
[2023-02-10T02:28:22.213+0000] {processor.py:175} INFO - Processing /home/airflow/.local/lib/python3.7/site-packages/airflow/example_dags/example_local_kubernetes_executor.py took 1.683 seconds
[2023-02-10T02:28:57.095+0000] {processor.py:153} INFO - Started process (PID=933) to work on /home/airflow/.local/lib/python3.7/site-packages/airflow/example_dags/example_local_kubernetes_executor.py
[2023-02-10T02:28:57.101+0000] {processor.py:743} INFO - Processing file /home/airflow/.local/lib/python3.7/site-packages/airflow/example_dags/example_local_kubernetes_executor.py for tasks to queue
[2023-02-10T02:28:57.106+0000] {logging_mixin.py:137} INFO - [2023-02-10T02:28:57.106+0000] {dagbag.py:538} INFO - Filling up the DagBag from /home/airflow/.local/lib/python3.7/site-packages/airflow/example_dags/example_local_kubernetes_executor.py
[2023-02-10T02:28:57.215+0000] {processor.py:753} INFO - DAG(s) dict_keys(['example_local_kubernetes_executor']) retrieved from /home/airflow/.local/lib/python3.7/site-packages/airflow/example_dags/example_local_kubernetes_executor.py
[2023-02-10T02:28:57.295+0000] {logging_mixin.py:137} INFO - [2023-02-10T02:28:57.294+0000] {dag.py:2690} INFO - Sync 1 DAGs
[2023-02-10T02:28:57.427+0000] {logging_mixin.py:137} INFO - [2023-02-10T02:28:57.424+0000] {dag.py:3441} INFO - Setting next_dagrun for example_local_kubernetes_executor to None, run_after=None
[2023-02-10T02:28:57.613+0000] {processor.py:175} INFO - Processing /home/airflow/.local/lib/python3.7/site-packages/airflow/example_dags/example_local_kubernetes_executor.py took 0.533 seconds
