[2023-02-10T01:52:03.755+0000] {processor.py:153} INFO - Started process (PID=327) to work on /home/airflow/.local/lib/python3.7/site-packages/airflow/example_dags/example_branch_operator.py
[2023-02-10T01:52:03.777+0000] {processor.py:743} INFO - Processing file /home/airflow/.local/lib/python3.7/site-packages/airflow/example_dags/example_branch_operator.py for tasks to queue
[2023-02-10T01:52:03.798+0000] {logging_mixin.py:137} INFO - [2023-02-10T01:52:03.797+0000] {dagbag.py:538} INFO - Filling up the DagBag from /home/airflow/.local/lib/python3.7/site-packages/airflow/example_dags/example_branch_operator.py
[2023-02-10T01:52:03.978+0000] {processor.py:753} INFO - DAG(s) dict_keys(['example_branch_operator']) retrieved from /home/airflow/.local/lib/python3.7/site-packages/airflow/example_dags/example_branch_operator.py
[2023-02-10T01:52:04.453+0000] {logging_mixin.py:137} INFO - [2023-02-10T01:52:04.452+0000] {dag.py:2690} INFO - Sync 1 DAGs
[2023-02-10T01:52:05.494+0000] {logging_mixin.py:137} INFO - [2023-02-10T01:52:05.493+0000] {dag.py:3441} INFO - Setting next_dagrun for example_branch_operator to 2023-02-09T00:00:00+00:00, run_after=2023-02-10T00:00:00+00:00
[2023-02-10T01:52:05.985+0000] {processor.py:175} INFO - Processing /home/airflow/.local/lib/python3.7/site-packages/airflow/example_dags/example_branch_operator.py took 2.261 seconds
[2023-02-10T01:52:37.473+0000] {processor.py:153} INFO - Started process (PID=378) to work on /home/airflow/.local/lib/python3.7/site-packages/airflow/example_dags/example_branch_operator.py
[2023-02-10T01:52:37.479+0000] {processor.py:743} INFO - Processing file /home/airflow/.local/lib/python3.7/site-packages/airflow/example_dags/example_branch_operator.py for tasks to queue
[2023-02-10T01:52:37.504+0000] {logging_mixin.py:137} INFO - [2023-02-10T01:52:37.500+0000] {dagbag.py:538} INFO - Filling up the DagBag from /home/airflow/.local/lib/python3.7/site-packages/airflow/example_dags/example_branch_operator.py
[2023-02-10T01:52:37.708+0000] {processor.py:753} INFO - DAG(s) dict_keys(['example_branch_operator']) retrieved from /home/airflow/.local/lib/python3.7/site-packages/airflow/example_dags/example_branch_operator.py
[2023-02-10T01:52:38.013+0000] {logging_mixin.py:137} INFO - [2023-02-10T01:52:38.013+0000] {dag.py:2690} INFO - Sync 1 DAGs
[2023-02-10T01:52:38.210+0000] {logging_mixin.py:137} INFO - [2023-02-10T01:52:38.210+0000] {dag.py:3441} INFO - Setting next_dagrun for example_branch_operator to 2023-02-09T00:00:00+00:00, run_after=2023-02-10T00:00:00+00:00
[2023-02-10T01:52:38.312+0000] {processor.py:175} INFO - Processing /home/airflow/.local/lib/python3.7/site-packages/airflow/example_dags/example_branch_operator.py took 0.869 seconds
[2023-02-10T01:53:11.450+0000] {processor.py:153} INFO - Started process (PID=436) to work on /home/airflow/.local/lib/python3.7/site-packages/airflow/example_dags/example_branch_operator.py
[2023-02-10T01:53:11.470+0000] {processor.py:743} INFO - Processing file /home/airflow/.local/lib/python3.7/site-packages/airflow/example_dags/example_branch_operator.py for tasks to queue
[2023-02-10T01:53:11.494+0000] {logging_mixin.py:137} INFO - [2023-02-10T01:53:11.494+0000] {dagbag.py:538} INFO - Filling up the DagBag from /home/airflow/.local/lib/python3.7/site-packages/airflow/example_dags/example_branch_operator.py
[2023-02-10T01:53:12.077+0000] {processor.py:753} INFO - DAG(s) dict_keys(['example_branch_operator']) retrieved from /home/airflow/.local/lib/python3.7/site-packages/airflow/example_dags/example_branch_operator.py
[2023-02-10T01:53:12.834+0000] {logging_mixin.py:137} INFO - [2023-02-10T01:53:12.834+0000] {dag.py:2690} INFO - Sync 1 DAGs
[2023-02-10T01:53:13.188+0000] {logging_mixin.py:137} INFO - [2023-02-10T01:53:13.185+0000] {dag.py:3441} INFO - Setting next_dagrun for example_branch_operator to 2023-02-09T00:00:00+00:00, run_after=2023-02-10T00:00:00+00:00
[2023-02-10T01:53:13.562+0000] {processor.py:175} INFO - Processing /home/airflow/.local/lib/python3.7/site-packages/airflow/example_dags/example_branch_operator.py took 2.250 seconds
[2023-02-10T01:53:43.997+0000] {processor.py:153} INFO - Started process (PID=494) to work on /home/airflow/.local/lib/python3.7/site-packages/airflow/example_dags/example_branch_operator.py
[2023-02-10T01:53:44.016+0000] {processor.py:743} INFO - Processing file /home/airflow/.local/lib/python3.7/site-packages/airflow/example_dags/example_branch_operator.py for tasks to queue
[2023-02-10T01:53:44.028+0000] {logging_mixin.py:137} INFO - [2023-02-10T01:53:44.028+0000] {dagbag.py:538} INFO - Filling up the DagBag from /home/airflow/.local/lib/python3.7/site-packages/airflow/example_dags/example_branch_operator.py
[2023-02-10T01:53:44.274+0000] {processor.py:753} INFO - DAG(s) dict_keys(['example_branch_operator']) retrieved from /home/airflow/.local/lib/python3.7/site-packages/airflow/example_dags/example_branch_operator.py
[2023-02-10T01:53:44.419+0000] {logging_mixin.py:137} INFO - [2023-02-10T01:53:44.419+0000] {dag.py:2690} INFO - Sync 1 DAGs
[2023-02-10T01:53:44.511+0000] {logging_mixin.py:137} INFO - [2023-02-10T01:53:44.510+0000] {dag.py:3441} INFO - Setting next_dagrun for example_branch_operator to 2023-02-09T00:00:00+00:00, run_after=2023-02-10T00:00:00+00:00
[2023-02-10T01:53:44.563+0000] {processor.py:175} INFO - Processing /home/airflow/.local/lib/python3.7/site-packages/airflow/example_dags/example_branch_operator.py took 0.617 seconds
[2023-02-10T01:54:15.368+0000] {processor.py:153} INFO - Started process (PID=544) to work on /home/airflow/.local/lib/python3.7/site-packages/airflow/example_dags/example_branch_operator.py
[2023-02-10T01:54:15.381+0000] {processor.py:743} INFO - Processing file /home/airflow/.local/lib/python3.7/site-packages/airflow/example_dags/example_branch_operator.py for tasks to queue
[2023-02-10T01:54:15.392+0000] {logging_mixin.py:137} INFO - [2023-02-10T01:54:15.391+0000] {dagbag.py:538} INFO - Filling up the DagBag from /home/airflow/.local/lib/python3.7/site-packages/airflow/example_dags/example_branch_operator.py
[2023-02-10T01:54:15.453+0000] {processor.py:753} INFO - DAG(s) dict_keys(['example_branch_operator']) retrieved from /home/airflow/.local/lib/python3.7/site-packages/airflow/example_dags/example_branch_operator.py
[2023-02-10T01:54:15.551+0000] {logging_mixin.py:137} INFO - [2023-02-10T01:54:15.551+0000] {dag.py:2690} INFO - Sync 1 DAGs
[2023-02-10T01:54:15.606+0000] {logging_mixin.py:137} INFO - [2023-02-10T01:54:15.606+0000] {dag.py:3441} INFO - Setting next_dagrun for example_branch_operator to 2023-02-09T00:00:00+00:00, run_after=2023-02-10T00:00:00+00:00
[2023-02-10T01:54:15.648+0000] {processor.py:175} INFO - Processing /home/airflow/.local/lib/python3.7/site-packages/airflow/example_dags/example_branch_operator.py took 0.291 seconds
[2023-02-10T01:54:46.013+0000] {processor.py:153} INFO - Started process (PID=602) to work on /home/airflow/.local/lib/python3.7/site-packages/airflow/example_dags/example_branch_operator.py
[2023-02-10T01:54:46.017+0000] {processor.py:743} INFO - Processing file /home/airflow/.local/lib/python3.7/site-packages/airflow/example_dags/example_branch_operator.py for tasks to queue
[2023-02-10T01:54:46.022+0000] {logging_mixin.py:137} INFO - [2023-02-10T01:54:46.021+0000] {dagbag.py:538} INFO - Filling up the DagBag from /home/airflow/.local/lib/python3.7/site-packages/airflow/example_dags/example_branch_operator.py
[2023-02-10T01:54:46.067+0000] {processor.py:753} INFO - DAG(s) dict_keys(['example_branch_operator']) retrieved from /home/airflow/.local/lib/python3.7/site-packages/airflow/example_dags/example_branch_operator.py
[2023-02-10T01:54:46.140+0000] {logging_mixin.py:137} INFO - [2023-02-10T01:54:46.140+0000] {dag.py:2690} INFO - Sync 1 DAGs
[2023-02-10T01:54:46.218+0000] {logging_mixin.py:137} INFO - [2023-02-10T01:54:46.214+0000] {dag.py:3441} INFO - Setting next_dagrun for example_branch_operator to 2023-02-09T00:00:00+00:00, run_after=2023-02-10T00:00:00+00:00
[2023-02-10T01:54:46.283+0000] {processor.py:175} INFO - Processing /home/airflow/.local/lib/python3.7/site-packages/airflow/example_dags/example_branch_operator.py took 0.282 seconds
[2023-02-10T01:55:16.859+0000] {processor.py:153} INFO - Started process (PID=659) to work on /home/airflow/.local/lib/python3.7/site-packages/airflow/example_dags/example_branch_operator.py
[2023-02-10T01:55:16.865+0000] {processor.py:743} INFO - Processing file /home/airflow/.local/lib/python3.7/site-packages/airflow/example_dags/example_branch_operator.py for tasks to queue
[2023-02-10T01:55:16.877+0000] {logging_mixin.py:137} INFO - [2023-02-10T01:55:16.875+0000] {dagbag.py:538} INFO - Filling up the DagBag from /home/airflow/.local/lib/python3.7/site-packages/airflow/example_dags/example_branch_operator.py
[2023-02-10T01:55:16.960+0000] {processor.py:753} INFO - DAG(s) dict_keys(['example_branch_operator']) retrieved from /home/airflow/.local/lib/python3.7/site-packages/airflow/example_dags/example_branch_operator.py
[2023-02-10T01:55:17.073+0000] {logging_mixin.py:137} INFO - [2023-02-10T01:55:17.072+0000] {dag.py:2690} INFO - Sync 1 DAGs
[2023-02-10T01:55:17.193+0000] {logging_mixin.py:137} INFO - [2023-02-10T01:55:17.192+0000] {dag.py:3441} INFO - Setting next_dagrun for example_branch_operator to 2023-02-09T00:00:00+00:00, run_after=2023-02-10T00:00:00+00:00
[2023-02-10T01:55:17.287+0000] {processor.py:175} INFO - Processing /home/airflow/.local/lib/python3.7/site-packages/airflow/example_dags/example_branch_operator.py took 0.451 seconds
[2023-02-10T01:55:47.974+0000] {processor.py:153} INFO - Started process (PID=708) to work on /home/airflow/.local/lib/python3.7/site-packages/airflow/example_dags/example_branch_operator.py
[2023-02-10T01:55:47.987+0000] {processor.py:743} INFO - Processing file /home/airflow/.local/lib/python3.7/site-packages/airflow/example_dags/example_branch_operator.py for tasks to queue
[2023-02-10T01:55:48.008+0000] {logging_mixin.py:137} INFO - [2023-02-10T01:55:48.007+0000] {dagbag.py:538} INFO - Filling up the DagBag from /home/airflow/.local/lib/python3.7/site-packages/airflow/example_dags/example_branch_operator.py
[2023-02-10T01:55:48.241+0000] {processor.py:753} INFO - DAG(s) dict_keys(['example_branch_operator']) retrieved from /home/airflow/.local/lib/python3.7/site-packages/airflow/example_dags/example_branch_operator.py
[2023-02-10T01:55:48.445+0000] {logging_mixin.py:137} INFO - [2023-02-10T01:55:48.444+0000] {dag.py:2690} INFO - Sync 1 DAGs
[2023-02-10T01:55:48.776+0000] {logging_mixin.py:137} INFO - [2023-02-10T01:55:48.776+0000] {dag.py:3441} INFO - Setting next_dagrun for example_branch_operator to 2023-02-09T00:00:00+00:00, run_after=2023-02-10T00:00:00+00:00
[2023-02-10T01:55:49.474+0000] {processor.py:175} INFO - Processing /home/airflow/.local/lib/python3.7/site-packages/airflow/example_dags/example_branch_operator.py took 1.530 seconds
[2023-02-10T01:56:19.991+0000] {processor.py:153} INFO - Started process (PID=767) to work on /home/airflow/.local/lib/python3.7/site-packages/airflow/example_dags/example_branch_operator.py
[2023-02-10T01:56:19.995+0000] {processor.py:743} INFO - Processing file /home/airflow/.local/lib/python3.7/site-packages/airflow/example_dags/example_branch_operator.py for tasks to queue
[2023-02-10T01:56:20.001+0000] {logging_mixin.py:137} INFO - [2023-02-10T01:56:20.000+0000] {dagbag.py:538} INFO - Filling up the DagBag from /home/airflow/.local/lib/python3.7/site-packages/airflow/example_dags/example_branch_operator.py
[2023-02-10T01:56:20.044+0000] {processor.py:753} INFO - DAG(s) dict_keys(['example_branch_operator']) retrieved from /home/airflow/.local/lib/python3.7/site-packages/airflow/example_dags/example_branch_operator.py
[2023-02-10T01:56:20.114+0000] {logging_mixin.py:137} INFO - [2023-02-10T01:56:20.114+0000] {dag.py:2690} INFO - Sync 1 DAGs
[2023-02-10T01:56:20.308+0000] {logging_mixin.py:137} INFO - [2023-02-10T01:56:20.308+0000] {dag.py:3441} INFO - Setting next_dagrun for example_branch_operator to 2023-02-09T00:00:00+00:00, run_after=2023-02-10T00:00:00+00:00
[2023-02-10T01:56:20.492+0000] {processor.py:175} INFO - Processing /home/airflow/.local/lib/python3.7/site-packages/airflow/example_dags/example_branch_operator.py took 0.511 seconds
[2023-02-10T01:56:51.247+0000] {processor.py:153} INFO - Started process (PID=826) to work on /home/airflow/.local/lib/python3.7/site-packages/airflow/example_dags/example_branch_operator.py
[2023-02-10T01:56:51.251+0000] {processor.py:743} INFO - Processing file /home/airflow/.local/lib/python3.7/site-packages/airflow/example_dags/example_branch_operator.py for tasks to queue
[2023-02-10T01:56:51.256+0000] {logging_mixin.py:137} INFO - [2023-02-10T01:56:51.256+0000] {dagbag.py:538} INFO - Filling up the DagBag from /home/airflow/.local/lib/python3.7/site-packages/airflow/example_dags/example_branch_operator.py
[2023-02-10T01:56:51.379+0000] {processor.py:753} INFO - DAG(s) dict_keys(['example_branch_operator']) retrieved from /home/airflow/.local/lib/python3.7/site-packages/airflow/example_dags/example_branch_operator.py
[2023-02-10T01:56:51.721+0000] {logging_mixin.py:137} INFO - [2023-02-10T01:56:51.720+0000] {dag.py:2690} INFO - Sync 1 DAGs
[2023-02-10T01:56:52.029+0000] {logging_mixin.py:137} INFO - [2023-02-10T01:56:52.020+0000] {dag.py:3441} INFO - Setting next_dagrun for example_branch_operator to 2023-02-09T00:00:00+00:00, run_after=2023-02-10T00:00:00+00:00
[2023-02-10T01:56:52.163+0000] {processor.py:175} INFO - Processing /home/airflow/.local/lib/python3.7/site-packages/airflow/example_dags/example_branch_operator.py took 0.937 seconds
[2023-02-10T01:57:47.686+0000] {processor.py:153} INFO - Started process (PID=900) to work on /home/airflow/.local/lib/python3.7/site-packages/airflow/example_dags/example_branch_operator.py
[2023-02-10T01:57:47.714+0000] {processor.py:743} INFO - Processing file /home/airflow/.local/lib/python3.7/site-packages/airflow/example_dags/example_branch_operator.py for tasks to queue
[2023-02-10T01:57:47.733+0000] {logging_mixin.py:137} INFO - [2023-02-10T01:57:47.729+0000] {dagbag.py:538} INFO - Filling up the DagBag from /home/airflow/.local/lib/python3.7/site-packages/airflow/example_dags/example_branch_operator.py
[2023-02-10T01:57:48.034+0000] {processor.py:753} INFO - DAG(s) dict_keys(['example_branch_operator']) retrieved from /home/airflow/.local/lib/python3.7/site-packages/airflow/example_dags/example_branch_operator.py
[2023-02-10T01:57:48.428+0000] {logging_mixin.py:137} INFO - [2023-02-10T01:57:48.423+0000] {dag.py:2690} INFO - Sync 1 DAGs
[2023-02-10T01:57:48.881+0000] {logging_mixin.py:137} INFO - [2023-02-10T01:57:48.881+0000] {dag.py:3441} INFO - Setting next_dagrun for example_branch_operator to 2023-02-09T00:00:00+00:00, run_after=2023-02-10T00:00:00+00:00
[2023-02-10T01:57:49.090+0000] {processor.py:175} INFO - Processing /home/airflow/.local/lib/python3.7/site-packages/airflow/example_dags/example_branch_operator.py took 1.436 seconds
[2023-02-10T01:58:19.427+0000] {processor.py:153} INFO - Started process (PID=951) to work on /home/airflow/.local/lib/python3.7/site-packages/airflow/example_dags/example_branch_operator.py
[2023-02-10T01:58:19.432+0000] {processor.py:743} INFO - Processing file /home/airflow/.local/lib/python3.7/site-packages/airflow/example_dags/example_branch_operator.py for tasks to queue
[2023-02-10T01:58:19.437+0000] {logging_mixin.py:137} INFO - [2023-02-10T01:58:19.437+0000] {dagbag.py:538} INFO - Filling up the DagBag from /home/airflow/.local/lib/python3.7/site-packages/airflow/example_dags/example_branch_operator.py
[2023-02-10T01:58:19.479+0000] {processor.py:753} INFO - DAG(s) dict_keys(['example_branch_operator']) retrieved from /home/airflow/.local/lib/python3.7/site-packages/airflow/example_dags/example_branch_operator.py
[2023-02-10T01:58:19.545+0000] {logging_mixin.py:137} INFO - [2023-02-10T01:58:19.545+0000] {dag.py:2690} INFO - Sync 1 DAGs
[2023-02-10T01:58:19.601+0000] {logging_mixin.py:137} INFO - [2023-02-10T01:58:19.601+0000] {dag.py:3441} INFO - Setting next_dagrun for example_branch_operator to 2023-02-09T00:00:00+00:00, run_after=2023-02-10T00:00:00+00:00
[2023-02-10T01:58:19.644+0000] {processor.py:175} INFO - Processing /home/airflow/.local/lib/python3.7/site-packages/airflow/example_dags/example_branch_operator.py took 0.226 seconds
[2023-02-10T01:58:57.603+0000] {processor.py:153} INFO - Started process (PID=1008) to work on /home/airflow/.local/lib/python3.7/site-packages/airflow/example_dags/example_branch_operator.py
[2023-02-10T01:58:57.610+0000] {processor.py:743} INFO - Processing file /home/airflow/.local/lib/python3.7/site-packages/airflow/example_dags/example_branch_operator.py for tasks to queue
[2023-02-10T01:58:57.617+0000] {logging_mixin.py:137} INFO - [2023-02-10T01:58:57.616+0000] {dagbag.py:538} INFO - Filling up the DagBag from /home/airflow/.local/lib/python3.7/site-packages/airflow/example_dags/example_branch_operator.py
[2023-02-10T01:58:57.700+0000] {processor.py:753} INFO - DAG(s) dict_keys(['example_branch_operator']) retrieved from /home/airflow/.local/lib/python3.7/site-packages/airflow/example_dags/example_branch_operator.py
[2023-02-10T01:58:57.835+0000] {logging_mixin.py:137} INFO - [2023-02-10T01:58:57.835+0000] {dag.py:2690} INFO - Sync 1 DAGs
[2023-02-10T01:58:57.995+0000] {logging_mixin.py:137} INFO - [2023-02-10T01:58:57.995+0000] {dag.py:3441} INFO - Setting next_dagrun for example_branch_operator to 2023-02-09T00:00:00+00:00, run_after=2023-02-10T00:00:00+00:00
[2023-02-10T01:58:58.085+0000] {processor.py:175} INFO - Processing /home/airflow/.local/lib/python3.7/site-packages/airflow/example_dags/example_branch_operator.py took 0.514 seconds
[2023-02-10T01:59:37.452+0000] {processor.py:153} INFO - Started process (PID=1064) to work on /home/airflow/.local/lib/python3.7/site-packages/airflow/example_dags/example_branch_operator.py
[2023-02-10T01:59:37.470+0000] {processor.py:743} INFO - Processing file /home/airflow/.local/lib/python3.7/site-packages/airflow/example_dags/example_branch_operator.py for tasks to queue
[2023-02-10T01:59:37.495+0000] {logging_mixin.py:137} INFO - [2023-02-10T01:59:37.494+0000] {dagbag.py:538} INFO - Filling up the DagBag from /home/airflow/.local/lib/python3.7/site-packages/airflow/example_dags/example_branch_operator.py
[2023-02-10T01:59:37.581+0000] {processor.py:753} INFO - DAG(s) dict_keys(['example_branch_operator']) retrieved from /home/airflow/.local/lib/python3.7/site-packages/airflow/example_dags/example_branch_operator.py
[2023-02-10T01:59:37.720+0000] {logging_mixin.py:137} INFO - [2023-02-10T01:59:37.720+0000] {dag.py:2690} INFO - Sync 1 DAGs
[2023-02-10T01:59:37.855+0000] {logging_mixin.py:137} INFO - [2023-02-10T01:59:37.854+0000] {dag.py:3441} INFO - Setting next_dagrun for example_branch_operator to 2023-02-09T00:00:00+00:00, run_after=2023-02-10T00:00:00+00:00
[2023-02-10T01:59:37.937+0000] {processor.py:175} INFO - Processing /home/airflow/.local/lib/python3.7/site-packages/airflow/example_dags/example_branch_operator.py took 0.577 seconds
[2023-02-10T02:00:19.576+0000] {processor.py:153} INFO - Started process (PID=1121) to work on /home/airflow/.local/lib/python3.7/site-packages/airflow/example_dags/example_branch_operator.py
[2023-02-10T02:00:19.606+0000] {processor.py:743} INFO - Processing file /home/airflow/.local/lib/python3.7/site-packages/airflow/example_dags/example_branch_operator.py for tasks to queue
[2023-02-10T02:00:19.632+0000] {logging_mixin.py:137} INFO - [2023-02-10T02:00:19.631+0000] {dagbag.py:538} INFO - Filling up the DagBag from /home/airflow/.local/lib/python3.7/site-packages/airflow/example_dags/example_branch_operator.py
[2023-02-10T02:00:19.844+0000] {processor.py:753} INFO - DAG(s) dict_keys(['example_branch_operator']) retrieved from /home/airflow/.local/lib/python3.7/site-packages/airflow/example_dags/example_branch_operator.py
[2023-02-10T02:00:19.970+0000] {logging_mixin.py:137} INFO - [2023-02-10T02:00:19.969+0000] {dag.py:2690} INFO - Sync 1 DAGs
[2023-02-10T02:00:20.128+0000] {logging_mixin.py:137} INFO - [2023-02-10T02:00:20.128+0000] {dag.py:3441} INFO - Setting next_dagrun for example_branch_operator to 2023-02-09T00:00:00+00:00, run_after=2023-02-10T00:00:00+00:00
[2023-02-10T02:00:20.289+0000] {processor.py:175} INFO - Processing /home/airflow/.local/lib/python3.7/site-packages/airflow/example_dags/example_branch_operator.py took 0.761 seconds
[2023-02-10T02:00:54.956+0000] {processor.py:153} INFO - Started process (PID=1179) to work on /home/airflow/.local/lib/python3.7/site-packages/airflow/example_dags/example_branch_operator.py
[2023-02-10T02:00:54.975+0000] {processor.py:743} INFO - Processing file /home/airflow/.local/lib/python3.7/site-packages/airflow/example_dags/example_branch_operator.py for tasks to queue
[2023-02-10T02:00:54.989+0000] {logging_mixin.py:137} INFO - [2023-02-10T02:00:54.988+0000] {dagbag.py:538} INFO - Filling up the DagBag from /home/airflow/.local/lib/python3.7/site-packages/airflow/example_dags/example_branch_operator.py
[2023-02-10T02:00:55.332+0000] {processor.py:753} INFO - DAG(s) dict_keys(['example_branch_operator']) retrieved from /home/airflow/.local/lib/python3.7/site-packages/airflow/example_dags/example_branch_operator.py
[2023-02-10T02:00:55.754+0000] {logging_mixin.py:137} INFO - [2023-02-10T02:00:55.753+0000] {dag.py:2690} INFO - Sync 1 DAGs
[2023-02-10T02:00:56.049+0000] {logging_mixin.py:137} INFO - [2023-02-10T02:00:56.042+0000] {dag.py:3441} INFO - Setting next_dagrun for example_branch_operator to 2023-02-09T00:00:00+00:00, run_after=2023-02-10T00:00:00+00:00
[2023-02-10T02:00:56.217+0000] {processor.py:175} INFO - Processing /home/airflow/.local/lib/python3.7/site-packages/airflow/example_dags/example_branch_operator.py took 1.274 seconds
[2023-02-10T02:01:31.452+0000] {processor.py:153} INFO - Started process (PID=1237) to work on /home/airflow/.local/lib/python3.7/site-packages/airflow/example_dags/example_branch_operator.py
[2023-02-10T02:01:31.462+0000] {processor.py:743} INFO - Processing file /home/airflow/.local/lib/python3.7/site-packages/airflow/example_dags/example_branch_operator.py for tasks to queue
[2023-02-10T02:01:31.472+0000] {logging_mixin.py:137} INFO - [2023-02-10T02:01:31.472+0000] {dagbag.py:538} INFO - Filling up the DagBag from /home/airflow/.local/lib/python3.7/site-packages/airflow/example_dags/example_branch_operator.py
[2023-02-10T02:01:32.387+0000] {processor.py:753} INFO - DAG(s) dict_keys(['example_branch_operator']) retrieved from /home/airflow/.local/lib/python3.7/site-packages/airflow/example_dags/example_branch_operator.py
[2023-02-10T02:01:33.183+0000] {logging_mixin.py:137} INFO - [2023-02-10T02:01:33.183+0000] {dag.py:2690} INFO - Sync 1 DAGs
[2023-02-10T02:01:34.210+0000] {logging_mixin.py:137} INFO - [2023-02-10T02:01:34.210+0000] {dag.py:3441} INFO - Setting next_dagrun for example_branch_operator to 2023-02-09T00:00:00+00:00, run_after=2023-02-10T00:00:00+00:00
[2023-02-10T02:01:34.954+0000] {processor.py:175} INFO - Processing /home/airflow/.local/lib/python3.7/site-packages/airflow/example_dags/example_branch_operator.py took 3.559 seconds
[2023-02-10T02:02:08.371+0000] {processor.py:153} INFO - Started process (PID=1293) to work on /home/airflow/.local/lib/python3.7/site-packages/airflow/example_dags/example_branch_operator.py
[2023-02-10T02:02:08.377+0000] {processor.py:743} INFO - Processing file /home/airflow/.local/lib/python3.7/site-packages/airflow/example_dags/example_branch_operator.py for tasks to queue
[2023-02-10T02:02:08.385+0000] {logging_mixin.py:137} INFO - [2023-02-10T02:02:08.384+0000] {dagbag.py:538} INFO - Filling up the DagBag from /home/airflow/.local/lib/python3.7/site-packages/airflow/example_dags/example_branch_operator.py
[2023-02-10T02:02:08.564+0000] {processor.py:753} INFO - DAG(s) dict_keys(['example_branch_operator']) retrieved from /home/airflow/.local/lib/python3.7/site-packages/airflow/example_dags/example_branch_operator.py
[2023-02-10T02:02:08.718+0000] {logging_mixin.py:137} INFO - [2023-02-10T02:02:08.717+0000] {dag.py:2690} INFO - Sync 1 DAGs
[2023-02-10T02:02:08.917+0000] {logging_mixin.py:137} INFO - [2023-02-10T02:02:08.916+0000] {dag.py:3441} INFO - Setting next_dagrun for example_branch_operator to 2023-02-09T00:00:00+00:00, run_after=2023-02-10T00:00:00+00:00
[2023-02-10T02:02:09.109+0000] {processor.py:175} INFO - Processing /home/airflow/.local/lib/python3.7/site-packages/airflow/example_dags/example_branch_operator.py took 0.746 seconds
[2023-02-10T02:02:39.981+0000] {processor.py:153} INFO - Started process (PID=1344) to work on /home/airflow/.local/lib/python3.7/site-packages/airflow/example_dags/example_branch_operator.py
[2023-02-10T02:02:39.985+0000] {processor.py:743} INFO - Processing file /home/airflow/.local/lib/python3.7/site-packages/airflow/example_dags/example_branch_operator.py for tasks to queue
[2023-02-10T02:02:39.990+0000] {logging_mixin.py:137} INFO - [2023-02-10T02:02:39.989+0000] {dagbag.py:538} INFO - Filling up the DagBag from /home/airflow/.local/lib/python3.7/site-packages/airflow/example_dags/example_branch_operator.py
[2023-02-10T02:02:40.036+0000] {processor.py:753} INFO - DAG(s) dict_keys(['example_branch_operator']) retrieved from /home/airflow/.local/lib/python3.7/site-packages/airflow/example_dags/example_branch_operator.py
[2023-02-10T02:02:40.110+0000] {logging_mixin.py:137} INFO - [2023-02-10T02:02:40.110+0000] {dag.py:2690} INFO - Sync 1 DAGs
[2023-02-10T02:02:40.205+0000] {logging_mixin.py:137} INFO - [2023-02-10T02:02:40.204+0000] {dag.py:3441} INFO - Setting next_dagrun for example_branch_operator to 2023-02-09T00:00:00+00:00, run_after=2023-02-10T00:00:00+00:00
[2023-02-10T02:02:40.254+0000] {processor.py:175} INFO - Processing /home/airflow/.local/lib/python3.7/site-packages/airflow/example_dags/example_branch_operator.py took 0.294 seconds
[2023-02-10T02:03:10.396+0000] {processor.py:153} INFO - Started process (PID=1402) to work on /home/airflow/.local/lib/python3.7/site-packages/airflow/example_dags/example_branch_operator.py
[2023-02-10T02:03:10.415+0000] {processor.py:743} INFO - Processing file /home/airflow/.local/lib/python3.7/site-packages/airflow/example_dags/example_branch_operator.py for tasks to queue
[2023-02-10T02:03:10.420+0000] {logging_mixin.py:137} INFO - [2023-02-10T02:03:10.420+0000] {dagbag.py:538} INFO - Filling up the DagBag from /home/airflow/.local/lib/python3.7/site-packages/airflow/example_dags/example_branch_operator.py
[2023-02-10T02:03:10.499+0000] {processor.py:753} INFO - DAG(s) dict_keys(['example_branch_operator']) retrieved from /home/airflow/.local/lib/python3.7/site-packages/airflow/example_dags/example_branch_operator.py
[2023-02-10T02:03:10.559+0000] {logging_mixin.py:137} INFO - [2023-02-10T02:03:10.559+0000] {dag.py:2690} INFO - Sync 1 DAGs
[2023-02-10T02:03:10.623+0000] {logging_mixin.py:137} INFO - [2023-02-10T02:03:10.623+0000] {dag.py:3441} INFO - Setting next_dagrun for example_branch_operator to 2023-02-09T00:00:00+00:00, run_after=2023-02-10T00:00:00+00:00
[2023-02-10T02:03:10.670+0000] {processor.py:175} INFO - Processing /home/airflow/.local/lib/python3.7/site-packages/airflow/example_dags/example_branch_operator.py took 0.304 seconds
[2023-02-10T02:03:41.480+0000] {processor.py:153} INFO - Started process (PID=1463) to work on /home/airflow/.local/lib/python3.7/site-packages/airflow/example_dags/example_branch_operator.py
[2023-02-10T02:03:41.492+0000] {processor.py:743} INFO - Processing file /home/airflow/.local/lib/python3.7/site-packages/airflow/example_dags/example_branch_operator.py for tasks to queue
[2023-02-10T02:03:41.497+0000] {logging_mixin.py:137} INFO - [2023-02-10T02:03:41.496+0000] {dagbag.py:538} INFO - Filling up the DagBag from /home/airflow/.local/lib/python3.7/site-packages/airflow/example_dags/example_branch_operator.py
[2023-02-10T02:03:41.594+0000] {processor.py:753} INFO - DAG(s) dict_keys(['example_branch_operator']) retrieved from /home/airflow/.local/lib/python3.7/site-packages/airflow/example_dags/example_branch_operator.py
[2023-02-10T02:03:41.781+0000] {logging_mixin.py:137} INFO - [2023-02-10T02:03:41.781+0000] {dag.py:2690} INFO - Sync 1 DAGs
[2023-02-10T02:03:42.097+0000] {logging_mixin.py:137} INFO - [2023-02-10T02:03:42.088+0000] {dag.py:3441} INFO - Setting next_dagrun for example_branch_operator to 2023-02-09T00:00:00+00:00, run_after=2023-02-10T00:00:00+00:00
[2023-02-10T02:03:42.215+0000] {processor.py:175} INFO - Processing /home/airflow/.local/lib/python3.7/site-packages/airflow/example_dags/example_branch_operator.py took 0.747 seconds
[2023-02-10T02:04:12.773+0000] {processor.py:153} INFO - Started process (PID=1522) to work on /home/airflow/.local/lib/python3.7/site-packages/airflow/example_dags/example_branch_operator.py
[2023-02-10T02:04:12.789+0000] {processor.py:743} INFO - Processing file /home/airflow/.local/lib/python3.7/site-packages/airflow/example_dags/example_branch_operator.py for tasks to queue
[2023-02-10T02:04:12.794+0000] {logging_mixin.py:137} INFO - [2023-02-10T02:04:12.793+0000] {dagbag.py:538} INFO - Filling up the DagBag from /home/airflow/.local/lib/python3.7/site-packages/airflow/example_dags/example_branch_operator.py
[2023-02-10T02:04:12.960+0000] {processor.py:753} INFO - DAG(s) dict_keys(['example_branch_operator']) retrieved from /home/airflow/.local/lib/python3.7/site-packages/airflow/example_dags/example_branch_operator.py
[2023-02-10T02:04:13.146+0000] {logging_mixin.py:137} INFO - [2023-02-10T02:04:13.145+0000] {dag.py:2690} INFO - Sync 1 DAGs
[2023-02-10T02:04:13.313+0000] {logging_mixin.py:137} INFO - [2023-02-10T02:04:13.312+0000] {dag.py:3441} INFO - Setting next_dagrun for example_branch_operator to 2023-02-09T00:00:00+00:00, run_after=2023-02-10T00:00:00+00:00
[2023-02-10T02:04:13.391+0000] {processor.py:175} INFO - Processing /home/airflow/.local/lib/python3.7/site-packages/airflow/example_dags/example_branch_operator.py took 0.631 seconds
[2023-02-10T02:04:43.706+0000] {processor.py:153} INFO - Started process (PID=1579) to work on /home/airflow/.local/lib/python3.7/site-packages/airflow/example_dags/example_branch_operator.py
[2023-02-10T02:04:43.726+0000] {processor.py:743} INFO - Processing file /home/airflow/.local/lib/python3.7/site-packages/airflow/example_dags/example_branch_operator.py for tasks to queue
[2023-02-10T02:04:43.733+0000] {logging_mixin.py:137} INFO - [2023-02-10T02:04:43.732+0000] {dagbag.py:538} INFO - Filling up the DagBag from /home/airflow/.local/lib/python3.7/site-packages/airflow/example_dags/example_branch_operator.py
[2023-02-10T02:04:43.795+0000] {processor.py:753} INFO - DAG(s) dict_keys(['example_branch_operator']) retrieved from /home/airflow/.local/lib/python3.7/site-packages/airflow/example_dags/example_branch_operator.py
[2023-02-10T02:04:43.890+0000] {logging_mixin.py:137} INFO - [2023-02-10T02:04:43.889+0000] {dag.py:2690} INFO - Sync 1 DAGs
[2023-02-10T02:04:43.978+0000] {logging_mixin.py:137} INFO - [2023-02-10T02:04:43.978+0000] {dag.py:3441} INFO - Setting next_dagrun for example_branch_operator to 2023-02-09T00:00:00+00:00, run_after=2023-02-10T00:00:00+00:00
[2023-02-10T02:04:44.065+0000] {processor.py:175} INFO - Processing /home/airflow/.local/lib/python3.7/site-packages/airflow/example_dags/example_branch_operator.py took 0.376 seconds
[2023-02-10T02:05:14.972+0000] {processor.py:153} INFO - Started process (PID=1638) to work on /home/airflow/.local/lib/python3.7/site-packages/airflow/example_dags/example_branch_operator.py
[2023-02-10T02:05:14.978+0000] {processor.py:743} INFO - Processing file /home/airflow/.local/lib/python3.7/site-packages/airflow/example_dags/example_branch_operator.py for tasks to queue
[2023-02-10T02:05:14.990+0000] {logging_mixin.py:137} INFO - [2023-02-10T02:05:14.990+0000] {dagbag.py:538} INFO - Filling up the DagBag from /home/airflow/.local/lib/python3.7/site-packages/airflow/example_dags/example_branch_operator.py
[2023-02-10T02:05:15.150+0000] {processor.py:753} INFO - DAG(s) dict_keys(['example_branch_operator']) retrieved from /home/airflow/.local/lib/python3.7/site-packages/airflow/example_dags/example_branch_operator.py
[2023-02-10T02:05:15.358+0000] {logging_mixin.py:137} INFO - [2023-02-10T02:05:15.357+0000] {dag.py:2690} INFO - Sync 1 DAGs
[2023-02-10T02:05:15.496+0000] {logging_mixin.py:137} INFO - [2023-02-10T02:05:15.496+0000] {dag.py:3441} INFO - Setting next_dagrun for example_branch_operator to 2023-02-09T00:00:00+00:00, run_after=2023-02-10T00:00:00+00:00
[2023-02-10T02:05:15.586+0000] {processor.py:175} INFO - Processing /home/airflow/.local/lib/python3.7/site-packages/airflow/example_dags/example_branch_operator.py took 0.633 seconds
[2023-02-10T02:05:45.993+0000] {processor.py:153} INFO - Started process (PID=1696) to work on /home/airflow/.local/lib/python3.7/site-packages/airflow/example_dags/example_branch_operator.py
[2023-02-10T02:05:46.001+0000] {processor.py:743} INFO - Processing file /home/airflow/.local/lib/python3.7/site-packages/airflow/example_dags/example_branch_operator.py for tasks to queue
[2023-02-10T02:05:46.010+0000] {logging_mixin.py:137} INFO - [2023-02-10T02:05:46.010+0000] {dagbag.py:538} INFO - Filling up the DagBag from /home/airflow/.local/lib/python3.7/site-packages/airflow/example_dags/example_branch_operator.py
[2023-02-10T02:05:46.078+0000] {processor.py:753} INFO - DAG(s) dict_keys(['example_branch_operator']) retrieved from /home/airflow/.local/lib/python3.7/site-packages/airflow/example_dags/example_branch_operator.py
[2023-02-10T02:05:46.218+0000] {logging_mixin.py:137} INFO - [2023-02-10T02:05:46.218+0000] {dag.py:2690} INFO - Sync 1 DAGs
[2023-02-10T02:05:46.376+0000] {logging_mixin.py:137} INFO - [2023-02-10T02:05:46.376+0000] {dag.py:3441} INFO - Setting next_dagrun for example_branch_operator to 2023-02-09T00:00:00+00:00, run_after=2023-02-10T00:00:00+00:00
[2023-02-10T02:05:46.549+0000] {processor.py:175} INFO - Processing /home/airflow/.local/lib/python3.7/site-packages/airflow/example_dags/example_branch_operator.py took 0.578 seconds
[2023-02-10T02:06:17.378+0000] {processor.py:153} INFO - Started process (PID=1753) to work on /home/airflow/.local/lib/python3.7/site-packages/airflow/example_dags/example_branch_operator.py
[2023-02-10T02:06:17.391+0000] {processor.py:743} INFO - Processing file /home/airflow/.local/lib/python3.7/site-packages/airflow/example_dags/example_branch_operator.py for tasks to queue
[2023-02-10T02:06:17.397+0000] {logging_mixin.py:137} INFO - [2023-02-10T02:06:17.396+0000] {dagbag.py:538} INFO - Filling up the DagBag from /home/airflow/.local/lib/python3.7/site-packages/airflow/example_dags/example_branch_operator.py
[2023-02-10T02:06:17.536+0000] {processor.py:753} INFO - DAG(s) dict_keys(['example_branch_operator']) retrieved from /home/airflow/.local/lib/python3.7/site-packages/airflow/example_dags/example_branch_operator.py
[2023-02-10T02:06:17.714+0000] {logging_mixin.py:137} INFO - [2023-02-10T02:06:17.709+0000] {dag.py:2690} INFO - Sync 1 DAGs
[2023-02-10T02:06:17.999+0000] {logging_mixin.py:137} INFO - [2023-02-10T02:06:17.999+0000] {dag.py:3441} INFO - Setting next_dagrun for example_branch_operator to 2023-02-09T00:00:00+00:00, run_after=2023-02-10T00:00:00+00:00
[2023-02-10T02:06:18.287+0000] {processor.py:175} INFO - Processing /home/airflow/.local/lib/python3.7/site-packages/airflow/example_dags/example_branch_operator.py took 0.918 seconds
[2023-02-10T02:06:48.789+0000] {processor.py:153} INFO - Started process (PID=1812) to work on /home/airflow/.local/lib/python3.7/site-packages/airflow/example_dags/example_branch_operator.py
[2023-02-10T02:06:48.794+0000] {processor.py:743} INFO - Processing file /home/airflow/.local/lib/python3.7/site-packages/airflow/example_dags/example_branch_operator.py for tasks to queue
[2023-02-10T02:06:48.797+0000] {logging_mixin.py:137} INFO - [2023-02-10T02:06:48.797+0000] {dagbag.py:538} INFO - Filling up the DagBag from /home/airflow/.local/lib/python3.7/site-packages/airflow/example_dags/example_branch_operator.py
[2023-02-10T02:06:48.883+0000] {processor.py:753} INFO - DAG(s) dict_keys(['example_branch_operator']) retrieved from /home/airflow/.local/lib/python3.7/site-packages/airflow/example_dags/example_branch_operator.py
[2023-02-10T02:06:49.036+0000] {logging_mixin.py:137} INFO - [2023-02-10T02:06:49.036+0000] {dag.py:2690} INFO - Sync 1 DAGs
[2023-02-10T02:06:49.305+0000] {logging_mixin.py:137} INFO - [2023-02-10T02:06:49.305+0000] {dag.py:3441} INFO - Setting next_dagrun for example_branch_operator to 2023-02-09T00:00:00+00:00, run_after=2023-02-10T00:00:00+00:00
[2023-02-10T02:06:49.426+0000] {processor.py:175} INFO - Processing /home/airflow/.local/lib/python3.7/site-packages/airflow/example_dags/example_branch_operator.py took 0.651 seconds
[2023-02-10T02:07:19.802+0000] {processor.py:153} INFO - Started process (PID=1871) to work on /home/airflow/.local/lib/python3.7/site-packages/airflow/example_dags/example_branch_operator.py
[2023-02-10T02:07:19.809+0000] {processor.py:743} INFO - Processing file /home/airflow/.local/lib/python3.7/site-packages/airflow/example_dags/example_branch_operator.py for tasks to queue
[2023-02-10T02:07:19.822+0000] {logging_mixin.py:137} INFO - [2023-02-10T02:07:19.821+0000] {dagbag.py:538} INFO - Filling up the DagBag from /home/airflow/.local/lib/python3.7/site-packages/airflow/example_dags/example_branch_operator.py
[2023-02-10T02:07:19.896+0000] {processor.py:753} INFO - DAG(s) dict_keys(['example_branch_operator']) retrieved from /home/airflow/.local/lib/python3.7/site-packages/airflow/example_dags/example_branch_operator.py
[2023-02-10T02:07:19.967+0000] {logging_mixin.py:137} INFO - [2023-02-10T02:07:19.967+0000] {dag.py:2690} INFO - Sync 1 DAGs
[2023-02-10T02:07:20.033+0000] {logging_mixin.py:137} INFO - [2023-02-10T02:07:20.033+0000] {dag.py:3441} INFO - Setting next_dagrun for example_branch_operator to 2023-02-09T00:00:00+00:00, run_after=2023-02-10T00:00:00+00:00
[2023-02-10T02:07:20.082+0000] {processor.py:175} INFO - Processing /home/airflow/.local/lib/python3.7/site-packages/airflow/example_dags/example_branch_operator.py took 0.315 seconds
[2023-02-10T02:07:51.888+0000] {processor.py:153} INFO - Started process (PID=1929) to work on /home/airflow/.local/lib/python3.7/site-packages/airflow/example_dags/example_branch_operator.py
[2023-02-10T02:07:51.898+0000] {processor.py:743} INFO - Processing file /home/airflow/.local/lib/python3.7/site-packages/airflow/example_dags/example_branch_operator.py for tasks to queue
[2023-02-10T02:07:51.907+0000] {logging_mixin.py:137} INFO - [2023-02-10T02:07:51.907+0000] {dagbag.py:538} INFO - Filling up the DagBag from /home/airflow/.local/lib/python3.7/site-packages/airflow/example_dags/example_branch_operator.py
[2023-02-10T02:07:52.378+0000] {processor.py:753} INFO - DAG(s) dict_keys(['example_branch_operator']) retrieved from /home/airflow/.local/lib/python3.7/site-packages/airflow/example_dags/example_branch_operator.py
[2023-02-10T02:07:52.988+0000] {logging_mixin.py:137} INFO - [2023-02-10T02:07:52.988+0000] {dag.py:2690} INFO - Sync 1 DAGs
[2023-02-10T02:07:53.966+0000] {logging_mixin.py:137} INFO - [2023-02-10T02:07:53.966+0000] {dag.py:3441} INFO - Setting next_dagrun for example_branch_operator to 2023-02-09T00:00:00+00:00, run_after=2023-02-10T00:00:00+00:00
[2023-02-10T02:07:54.584+0000] {processor.py:175} INFO - Processing /home/airflow/.local/lib/python3.7/site-packages/airflow/example_dags/example_branch_operator.py took 2.734 seconds
[2023-02-10T02:08:25.544+0000] {processor.py:153} INFO - Started process (PID=1980) to work on /home/airflow/.local/lib/python3.7/site-packages/airflow/example_dags/example_branch_operator.py
[2023-02-10T02:08:25.570+0000] {processor.py:743} INFO - Processing file /home/airflow/.local/lib/python3.7/site-packages/airflow/example_dags/example_branch_operator.py for tasks to queue
[2023-02-10T02:08:25.575+0000] {logging_mixin.py:137} INFO - [2023-02-10T02:08:25.574+0000] {dagbag.py:538} INFO - Filling up the DagBag from /home/airflow/.local/lib/python3.7/site-packages/airflow/example_dags/example_branch_operator.py
[2023-02-10T02:08:25.834+0000] {processor.py:753} INFO - DAG(s) dict_keys(['example_branch_operator']) retrieved from /home/airflow/.local/lib/python3.7/site-packages/airflow/example_dags/example_branch_operator.py
[2023-02-10T02:08:26.185+0000] {logging_mixin.py:137} INFO - [2023-02-10T02:08:26.180+0000] {dag.py:2690} INFO - Sync 1 DAGs
[2023-02-10T02:08:26.800+0000] {logging_mixin.py:137} INFO - [2023-02-10T02:08:26.799+0000] {dag.py:3441} INFO - Setting next_dagrun for example_branch_operator to 2023-02-09T00:00:00+00:00, run_after=2023-02-10T00:00:00+00:00
[2023-02-10T02:08:27.037+0000] {processor.py:175} INFO - Processing /home/airflow/.local/lib/python3.7/site-packages/airflow/example_dags/example_branch_operator.py took 1.534 seconds
[2023-02-10T02:08:58.137+0000] {processor.py:153} INFO - Started process (PID=2039) to work on /home/airflow/.local/lib/python3.7/site-packages/airflow/example_dags/example_branch_operator.py
[2023-02-10T02:08:58.149+0000] {processor.py:743} INFO - Processing file /home/airflow/.local/lib/python3.7/site-packages/airflow/example_dags/example_branch_operator.py for tasks to queue
[2023-02-10T02:08:58.185+0000] {logging_mixin.py:137} INFO - [2023-02-10T02:08:58.185+0000] {dagbag.py:538} INFO - Filling up the DagBag from /home/airflow/.local/lib/python3.7/site-packages/airflow/example_dags/example_branch_operator.py
[2023-02-10T02:08:58.419+0000] {processor.py:753} INFO - DAG(s) dict_keys(['example_branch_operator']) retrieved from /home/airflow/.local/lib/python3.7/site-packages/airflow/example_dags/example_branch_operator.py
[2023-02-10T02:08:58.981+0000] {logging_mixin.py:137} INFO - [2023-02-10T02:08:58.980+0000] {dag.py:2690} INFO - Sync 1 DAGs
[2023-02-10T02:08:59.392+0000] {logging_mixin.py:137} INFO - [2023-02-10T02:08:59.392+0000] {dag.py:3441} INFO - Setting next_dagrun for example_branch_operator to 2023-02-09T00:00:00+00:00, run_after=2023-02-10T00:00:00+00:00
[2023-02-10T02:08:59.600+0000] {processor.py:175} INFO - Processing /home/airflow/.local/lib/python3.7/site-packages/airflow/example_dags/example_branch_operator.py took 1.561 seconds
[2023-02-10T02:09:30.221+0000] {processor.py:153} INFO - Started process (PID=2095) to work on /home/airflow/.local/lib/python3.7/site-packages/airflow/example_dags/example_branch_operator.py
[2023-02-10T02:09:30.282+0000] {processor.py:743} INFO - Processing file /home/airflow/.local/lib/python3.7/site-packages/airflow/example_dags/example_branch_operator.py for tasks to queue
[2023-02-10T02:09:30.288+0000] {logging_mixin.py:137} INFO - [2023-02-10T02:09:30.287+0000] {dagbag.py:538} INFO - Filling up the DagBag from /home/airflow/.local/lib/python3.7/site-packages/airflow/example_dags/example_branch_operator.py
[2023-02-10T02:09:30.396+0000] {processor.py:753} INFO - DAG(s) dict_keys(['example_branch_operator']) retrieved from /home/airflow/.local/lib/python3.7/site-packages/airflow/example_dags/example_branch_operator.py
[2023-02-10T02:09:30.921+0000] {logging_mixin.py:137} INFO - [2023-02-10T02:09:30.920+0000] {dag.py:2690} INFO - Sync 1 DAGs
[2023-02-10T02:09:31.077+0000] {logging_mixin.py:137} INFO - [2023-02-10T02:09:31.077+0000] {dag.py:3441} INFO - Setting next_dagrun for example_branch_operator to 2023-02-09T00:00:00+00:00, run_after=2023-02-10T00:00:00+00:00
[2023-02-10T02:09:31.178+0000] {processor.py:175} INFO - Processing /home/airflow/.local/lib/python3.7/site-packages/airflow/example_dags/example_branch_operator.py took 1.011 seconds
[2023-02-10T02:10:03.246+0000] {processor.py:153} INFO - Started process (PID=2146) to work on /home/airflow/.local/lib/python3.7/site-packages/airflow/example_dags/example_branch_operator.py
[2023-02-10T02:10:03.268+0000] {processor.py:743} INFO - Processing file /home/airflow/.local/lib/python3.7/site-packages/airflow/example_dags/example_branch_operator.py for tasks to queue
[2023-02-10T02:10:03.286+0000] {logging_mixin.py:137} INFO - [2023-02-10T02:10:03.286+0000] {dagbag.py:538} INFO - Filling up the DagBag from /home/airflow/.local/lib/python3.7/site-packages/airflow/example_dags/example_branch_operator.py
[2023-02-10T02:10:03.526+0000] {processor.py:753} INFO - DAG(s) dict_keys(['example_branch_operator']) retrieved from /home/airflow/.local/lib/python3.7/site-packages/airflow/example_dags/example_branch_operator.py
[2023-02-10T02:10:03.952+0000] {logging_mixin.py:137} INFO - [2023-02-10T02:10:03.951+0000] {dag.py:2690} INFO - Sync 1 DAGs
[2023-02-10T02:10:04.367+0000] {logging_mixin.py:137} INFO - [2023-02-10T02:10:04.366+0000] {dag.py:3441} INFO - Setting next_dagrun for example_branch_operator to 2023-02-09T00:00:00+00:00, run_after=2023-02-10T00:00:00+00:00
[2023-02-10T02:10:04.509+0000] {processor.py:175} INFO - Processing /home/airflow/.local/lib/python3.7/site-packages/airflow/example_dags/example_branch_operator.py took 1.298 seconds
[2023-02-10T02:10:44.506+0000] {processor.py:153} INFO - Started process (PID=2205) to work on /home/airflow/.local/lib/python3.7/site-packages/airflow/example_dags/example_branch_operator.py
[2023-02-10T02:10:44.511+0000] {processor.py:743} INFO - Processing file /home/airflow/.local/lib/python3.7/site-packages/airflow/example_dags/example_branch_operator.py for tasks to queue
[2023-02-10T02:10:44.523+0000] {logging_mixin.py:137} INFO - [2023-02-10T02:10:44.522+0000] {dagbag.py:538} INFO - Filling up the DagBag from /home/airflow/.local/lib/python3.7/site-packages/airflow/example_dags/example_branch_operator.py
[2023-02-10T02:10:44.674+0000] {processor.py:753} INFO - DAG(s) dict_keys(['example_branch_operator']) retrieved from /home/airflow/.local/lib/python3.7/site-packages/airflow/example_dags/example_branch_operator.py
[2023-02-10T02:10:44.848+0000] {logging_mixin.py:137} INFO - [2023-02-10T02:10:44.847+0000] {dag.py:2690} INFO - Sync 1 DAGs
[2023-02-10T02:10:45.046+0000] {logging_mixin.py:137} INFO - [2023-02-10T02:10:45.046+0000] {dag.py:3441} INFO - Setting next_dagrun for example_branch_operator to 2023-02-09T00:00:00+00:00, run_after=2023-02-10T00:00:00+00:00
[2023-02-10T02:10:45.217+0000] {processor.py:175} INFO - Processing /home/airflow/.local/lib/python3.7/site-packages/airflow/example_dags/example_branch_operator.py took 0.735 seconds
[2023-02-10T02:11:15.564+0000] {processor.py:153} INFO - Started process (PID=2263) to work on /home/airflow/.local/lib/python3.7/site-packages/airflow/example_dags/example_branch_operator.py
[2023-02-10T02:11:15.569+0000] {processor.py:743} INFO - Processing file /home/airflow/.local/lib/python3.7/site-packages/airflow/example_dags/example_branch_operator.py for tasks to queue
[2023-02-10T02:11:15.572+0000] {logging_mixin.py:137} INFO - [2023-02-10T02:11:15.572+0000] {dagbag.py:538} INFO - Filling up the DagBag from /home/airflow/.local/lib/python3.7/site-packages/airflow/example_dags/example_branch_operator.py
[2023-02-10T02:11:15.607+0000] {processor.py:753} INFO - DAG(s) dict_keys(['example_branch_operator']) retrieved from /home/airflow/.local/lib/python3.7/site-packages/airflow/example_dags/example_branch_operator.py
[2023-02-10T02:11:15.666+0000] {logging_mixin.py:137} INFO - [2023-02-10T02:11:15.665+0000] {dag.py:2690} INFO - Sync 1 DAGs
[2023-02-10T02:11:15.724+0000] {logging_mixin.py:137} INFO - [2023-02-10T02:11:15.724+0000] {dag.py:3441} INFO - Setting next_dagrun for example_branch_operator to 2023-02-09T00:00:00+00:00, run_after=2023-02-10T00:00:00+00:00
[2023-02-10T02:11:15.767+0000] {processor.py:175} INFO - Processing /home/airflow/.local/lib/python3.7/site-packages/airflow/example_dags/example_branch_operator.py took 0.215 seconds
[2023-02-10T02:11:46.903+0000] {processor.py:153} INFO - Started process (PID=2322) to work on /home/airflow/.local/lib/python3.7/site-packages/airflow/example_dags/example_branch_operator.py
[2023-02-10T02:11:46.911+0000] {processor.py:743} INFO - Processing file /home/airflow/.local/lib/python3.7/site-packages/airflow/example_dags/example_branch_operator.py for tasks to queue
[2023-02-10T02:11:46.917+0000] {logging_mixin.py:137} INFO - [2023-02-10T02:11:46.916+0000] {dagbag.py:538} INFO - Filling up the DagBag from /home/airflow/.local/lib/python3.7/site-packages/airflow/example_dags/example_branch_operator.py
[2023-02-10T02:11:46.996+0000] {processor.py:753} INFO - DAG(s) dict_keys(['example_branch_operator']) retrieved from /home/airflow/.local/lib/python3.7/site-packages/airflow/example_dags/example_branch_operator.py
[2023-02-10T02:11:47.134+0000] {logging_mixin.py:137} INFO - [2023-02-10T02:11:47.134+0000] {dag.py:2690} INFO - Sync 1 DAGs
[2023-02-10T02:11:47.225+0000] {logging_mixin.py:137} INFO - [2023-02-10T02:11:47.225+0000] {dag.py:3441} INFO - Setting next_dagrun for example_branch_operator to 2023-02-09T00:00:00+00:00, run_after=2023-02-10T00:00:00+00:00
[2023-02-10T02:11:47.272+0000] {processor.py:175} INFO - Processing /home/airflow/.local/lib/python3.7/site-packages/airflow/example_dags/example_branch_operator.py took 0.380 seconds
[2023-02-10T02:12:17.799+0000] {processor.py:153} INFO - Started process (PID=2380) to work on /home/airflow/.local/lib/python3.7/site-packages/airflow/example_dags/example_branch_operator.py
[2023-02-10T02:12:17.811+0000] {processor.py:743} INFO - Processing file /home/airflow/.local/lib/python3.7/site-packages/airflow/example_dags/example_branch_operator.py for tasks to queue
[2023-02-10T02:12:17.817+0000] {logging_mixin.py:137} INFO - [2023-02-10T02:12:17.816+0000] {dagbag.py:538} INFO - Filling up the DagBag from /home/airflow/.local/lib/python3.7/site-packages/airflow/example_dags/example_branch_operator.py
[2023-02-10T02:12:17.931+0000] {processor.py:753} INFO - DAG(s) dict_keys(['example_branch_operator']) retrieved from /home/airflow/.local/lib/python3.7/site-packages/airflow/example_dags/example_branch_operator.py
[2023-02-10T02:12:17.996+0000] {logging_mixin.py:137} INFO - [2023-02-10T02:12:17.996+0000] {dag.py:2690} INFO - Sync 1 DAGs
[2023-02-10T02:12:18.073+0000] {logging_mixin.py:137} INFO - [2023-02-10T02:12:18.073+0000] {dag.py:3441} INFO - Setting next_dagrun for example_branch_operator to 2023-02-09T00:00:00+00:00, run_after=2023-02-10T00:00:00+00:00
[2023-02-10T02:12:18.117+0000] {processor.py:175} INFO - Processing /home/airflow/.local/lib/python3.7/site-packages/airflow/example_dags/example_branch_operator.py took 0.352 seconds
[2023-02-10T02:12:48.585+0000] {processor.py:153} INFO - Started process (PID=2439) to work on /home/airflow/.local/lib/python3.7/site-packages/airflow/example_dags/example_branch_operator.py
[2023-02-10T02:12:48.596+0000] {processor.py:743} INFO - Processing file /home/airflow/.local/lib/python3.7/site-packages/airflow/example_dags/example_branch_operator.py for tasks to queue
[2023-02-10T02:12:48.602+0000] {logging_mixin.py:137} INFO - [2023-02-10T02:12:48.601+0000] {dagbag.py:538} INFO - Filling up the DagBag from /home/airflow/.local/lib/python3.7/site-packages/airflow/example_dags/example_branch_operator.py
[2023-02-10T02:12:48.672+0000] {processor.py:753} INFO - DAG(s) dict_keys(['example_branch_operator']) retrieved from /home/airflow/.local/lib/python3.7/site-packages/airflow/example_dags/example_branch_operator.py
[2023-02-10T02:12:48.791+0000] {logging_mixin.py:137} INFO - [2023-02-10T02:12:48.791+0000] {dag.py:2690} INFO - Sync 1 DAGs
[2023-02-10T02:12:49.027+0000] {logging_mixin.py:137} INFO - [2023-02-10T02:12:49.027+0000] {dag.py:3441} INFO - Setting next_dagrun for example_branch_operator to 2023-02-09T00:00:00+00:00, run_after=2023-02-10T00:00:00+00:00
[2023-02-10T02:12:49.191+0000] {processor.py:175} INFO - Processing /home/airflow/.local/lib/python3.7/site-packages/airflow/example_dags/example_branch_operator.py took 0.620 seconds
[2023-02-10T02:13:25.434+0000] {processor.py:153} INFO - Started process (PID=2497) to work on /home/airflow/.local/lib/python3.7/site-packages/airflow/example_dags/example_branch_operator.py
[2023-02-10T02:13:25.441+0000] {processor.py:743} INFO - Processing file /home/airflow/.local/lib/python3.7/site-packages/airflow/example_dags/example_branch_operator.py for tasks to queue
[2023-02-10T02:13:25.448+0000] {logging_mixin.py:137} INFO - [2023-02-10T02:13:25.446+0000] {dagbag.py:538} INFO - Filling up the DagBag from /home/airflow/.local/lib/python3.7/site-packages/airflow/example_dags/example_branch_operator.py
[2023-02-10T02:13:25.498+0000] {processor.py:753} INFO - DAG(s) dict_keys(['example_branch_operator']) retrieved from /home/airflow/.local/lib/python3.7/site-packages/airflow/example_dags/example_branch_operator.py
[2023-02-10T02:13:25.595+0000] {logging_mixin.py:137} INFO - [2023-02-10T02:13:25.594+0000] {dag.py:2690} INFO - Sync 1 DAGs
[2023-02-10T02:13:25.750+0000] {logging_mixin.py:137} INFO - [2023-02-10T02:13:25.750+0000] {dag.py:3441} INFO - Setting next_dagrun for example_branch_operator to 2023-02-09T00:00:00+00:00, run_after=2023-02-10T00:00:00+00:00
[2023-02-10T02:13:25.851+0000] {processor.py:175} INFO - Processing /home/airflow/.local/lib/python3.7/site-packages/airflow/example_dags/example_branch_operator.py took 0.423 seconds
[2023-02-10T02:14:01.902+0000] {processor.py:153} INFO - Started process (PID=2546) to work on /home/airflow/.local/lib/python3.7/site-packages/airflow/example_dags/example_branch_operator.py
[2023-02-10T02:14:01.909+0000] {processor.py:743} INFO - Processing file /home/airflow/.local/lib/python3.7/site-packages/airflow/example_dags/example_branch_operator.py for tasks to queue
[2023-02-10T02:14:01.915+0000] {logging_mixin.py:137} INFO - [2023-02-10T02:14:01.914+0000] {dagbag.py:538} INFO - Filling up the DagBag from /home/airflow/.local/lib/python3.7/site-packages/airflow/example_dags/example_branch_operator.py
[2023-02-10T02:14:01.977+0000] {processor.py:753} INFO - DAG(s) dict_keys(['example_branch_operator']) retrieved from /home/airflow/.local/lib/python3.7/site-packages/airflow/example_dags/example_branch_operator.py
[2023-02-10T02:14:02.048+0000] {logging_mixin.py:137} INFO - [2023-02-10T02:14:02.048+0000] {dag.py:2690} INFO - Sync 1 DAGs
[2023-02-10T02:14:02.148+0000] {logging_mixin.py:137} INFO - [2023-02-10T02:14:02.147+0000] {dag.py:3441} INFO - Setting next_dagrun for example_branch_operator to 2023-02-09T00:00:00+00:00, run_after=2023-02-10T00:00:00+00:00
[2023-02-10T02:14:02.201+0000] {processor.py:175} INFO - Processing /home/airflow/.local/lib/python3.7/site-packages/airflow/example_dags/example_branch_operator.py took 0.305 seconds
[2023-02-10T02:14:36.960+0000] {processor.py:153} INFO - Started process (PID=2604) to work on /home/airflow/.local/lib/python3.7/site-packages/airflow/example_dags/example_branch_operator.py
[2023-02-10T02:14:36.971+0000] {processor.py:743} INFO - Processing file /home/airflow/.local/lib/python3.7/site-packages/airflow/example_dags/example_branch_operator.py for tasks to queue
[2023-02-10T02:14:36.980+0000] {logging_mixin.py:137} INFO - [2023-02-10T02:14:36.978+0000] {dagbag.py:538} INFO - Filling up the DagBag from /home/airflow/.local/lib/python3.7/site-packages/airflow/example_dags/example_branch_operator.py
[2023-02-10T02:14:37.087+0000] {processor.py:753} INFO - DAG(s) dict_keys(['example_branch_operator']) retrieved from /home/airflow/.local/lib/python3.7/site-packages/airflow/example_dags/example_branch_operator.py
[2023-02-10T02:14:37.444+0000] {logging_mixin.py:137} INFO - [2023-02-10T02:14:37.443+0000] {dag.py:2690} INFO - Sync 1 DAGs
[2023-02-10T02:14:37.643+0000] {logging_mixin.py:137} INFO - [2023-02-10T02:14:37.643+0000] {dag.py:3441} INFO - Setting next_dagrun for example_branch_operator to 2023-02-09T00:00:00+00:00, run_after=2023-02-10T00:00:00+00:00
[2023-02-10T02:14:37.826+0000] {processor.py:175} INFO - Processing /home/airflow/.local/lib/python3.7/site-packages/airflow/example_dags/example_branch_operator.py took 0.882 seconds
[2023-02-10T02:15:08.695+0000] {processor.py:153} INFO - Started process (PID=2654) to work on /home/airflow/.local/lib/python3.7/site-packages/airflow/example_dags/example_branch_operator.py
[2023-02-10T02:15:08.728+0000] {processor.py:743} INFO - Processing file /home/airflow/.local/lib/python3.7/site-packages/airflow/example_dags/example_branch_operator.py for tasks to queue
[2023-02-10T02:15:08.753+0000] {logging_mixin.py:137} INFO - [2023-02-10T02:15:08.753+0000] {dagbag.py:538} INFO - Filling up the DagBag from /home/airflow/.local/lib/python3.7/site-packages/airflow/example_dags/example_branch_operator.py
[2023-02-10T02:15:08.923+0000] {processor.py:753} INFO - DAG(s) dict_keys(['example_branch_operator']) retrieved from /home/airflow/.local/lib/python3.7/site-packages/airflow/example_dags/example_branch_operator.py
[2023-02-10T02:15:09.425+0000] {logging_mixin.py:137} INFO - [2023-02-10T02:15:09.424+0000] {dag.py:2690} INFO - Sync 1 DAGs
[2023-02-10T02:15:09.614+0000] {logging_mixin.py:137} INFO - [2023-02-10T02:15:09.614+0000] {dag.py:3441} INFO - Setting next_dagrun for example_branch_operator to 2023-02-09T00:00:00+00:00, run_after=2023-02-10T00:00:00+00:00
[2023-02-10T02:15:09.780+0000] {processor.py:175} INFO - Processing /home/airflow/.local/lib/python3.7/site-packages/airflow/example_dags/example_branch_operator.py took 1.110 seconds
[2023-02-10T02:15:40.907+0000] {processor.py:153} INFO - Started process (PID=2713) to work on /home/airflow/.local/lib/python3.7/site-packages/airflow/example_dags/example_branch_operator.py
[2023-02-10T02:15:40.924+0000] {processor.py:743} INFO - Processing file /home/airflow/.local/lib/python3.7/site-packages/airflow/example_dags/example_branch_operator.py for tasks to queue
[2023-02-10T02:15:40.937+0000] {logging_mixin.py:137} INFO - [2023-02-10T02:15:40.937+0000] {dagbag.py:538} INFO - Filling up the DagBag from /home/airflow/.local/lib/python3.7/site-packages/airflow/example_dags/example_branch_operator.py
[2023-02-10T02:15:41.119+0000] {processor.py:753} INFO - DAG(s) dict_keys(['example_branch_operator']) retrieved from /home/airflow/.local/lib/python3.7/site-packages/airflow/example_dags/example_branch_operator.py
[2023-02-10T02:15:41.391+0000] {logging_mixin.py:137} INFO - [2023-02-10T02:15:41.391+0000] {dag.py:2690} INFO - Sync 1 DAGs
[2023-02-10T02:15:41.843+0000] {logging_mixin.py:137} INFO - [2023-02-10T02:15:41.843+0000] {dag.py:3441} INFO - Setting next_dagrun for example_branch_operator to 2023-02-09T00:00:00+00:00, run_after=2023-02-10T00:00:00+00:00
[2023-02-10T02:15:42.240+0000] {processor.py:175} INFO - Processing /home/airflow/.local/lib/python3.7/site-packages/airflow/example_dags/example_branch_operator.py took 1.384 seconds
[2023-02-10T02:16:12.467+0000] {processor.py:153} INFO - Started process (PID=2771) to work on /home/airflow/.local/lib/python3.7/site-packages/airflow/example_dags/example_branch_operator.py
[2023-02-10T02:16:12.477+0000] {processor.py:743} INFO - Processing file /home/airflow/.local/lib/python3.7/site-packages/airflow/example_dags/example_branch_operator.py for tasks to queue
[2023-02-10T02:16:12.482+0000] {logging_mixin.py:137} INFO - [2023-02-10T02:16:12.481+0000] {dagbag.py:538} INFO - Filling up the DagBag from /home/airflow/.local/lib/python3.7/site-packages/airflow/example_dags/example_branch_operator.py
[2023-02-10T02:16:12.525+0000] {processor.py:753} INFO - DAG(s) dict_keys(['example_branch_operator']) retrieved from /home/airflow/.local/lib/python3.7/site-packages/airflow/example_dags/example_branch_operator.py
[2023-02-10T02:16:12.589+0000] {logging_mixin.py:137} INFO - [2023-02-10T02:16:12.589+0000] {dag.py:2690} INFO - Sync 1 DAGs
[2023-02-10T02:16:12.691+0000] {logging_mixin.py:137} INFO - [2023-02-10T02:16:12.691+0000] {dag.py:3441} INFO - Setting next_dagrun for example_branch_operator to 2023-02-09T00:00:00+00:00, run_after=2023-02-10T00:00:00+00:00
[2023-02-10T02:16:12.737+0000] {processor.py:175} INFO - Processing /home/airflow/.local/lib/python3.7/site-packages/airflow/example_dags/example_branch_operator.py took 0.289 seconds
[2023-02-10T02:16:42.992+0000] {processor.py:153} INFO - Started process (PID=2829) to work on /home/airflow/.local/lib/python3.7/site-packages/airflow/example_dags/example_branch_operator.py
[2023-02-10T02:16:42.998+0000] {processor.py:743} INFO - Processing file /home/airflow/.local/lib/python3.7/site-packages/airflow/example_dags/example_branch_operator.py for tasks to queue
[2023-02-10T02:16:43.003+0000] {logging_mixin.py:137} INFO - [2023-02-10T02:16:43.002+0000] {dagbag.py:538} INFO - Filling up the DagBag from /home/airflow/.local/lib/python3.7/site-packages/airflow/example_dags/example_branch_operator.py
[2023-02-10T02:16:43.108+0000] {processor.py:753} INFO - DAG(s) dict_keys(['example_branch_operator']) retrieved from /home/airflow/.local/lib/python3.7/site-packages/airflow/example_dags/example_branch_operator.py
[2023-02-10T02:16:43.347+0000] {logging_mixin.py:137} INFO - [2023-02-10T02:16:43.343+0000] {dag.py:2690} INFO - Sync 1 DAGs
[2023-02-10T02:16:43.541+0000] {logging_mixin.py:137} INFO - [2023-02-10T02:16:43.541+0000] {dag.py:3441} INFO - Setting next_dagrun for example_branch_operator to 2023-02-09T00:00:00+00:00, run_after=2023-02-10T00:00:00+00:00
[2023-02-10T02:16:43.624+0000] {processor.py:175} INFO - Processing /home/airflow/.local/lib/python3.7/site-packages/airflow/example_dags/example_branch_operator.py took 0.654 seconds
[2023-02-10T02:17:13.987+0000] {processor.py:153} INFO - Started process (PID=2879) to work on /home/airflow/.local/lib/python3.7/site-packages/airflow/example_dags/example_branch_operator.py
[2023-02-10T02:17:13.990+0000] {processor.py:743} INFO - Processing file /home/airflow/.local/lib/python3.7/site-packages/airflow/example_dags/example_branch_operator.py for tasks to queue
[2023-02-10T02:17:13.994+0000] {logging_mixin.py:137} INFO - [2023-02-10T02:17:13.994+0000] {dagbag.py:538} INFO - Filling up the DagBag from /home/airflow/.local/lib/python3.7/site-packages/airflow/example_dags/example_branch_operator.py
[2023-02-10T02:17:14.050+0000] {processor.py:753} INFO - DAG(s) dict_keys(['example_branch_operator']) retrieved from /home/airflow/.local/lib/python3.7/site-packages/airflow/example_dags/example_branch_operator.py
[2023-02-10T02:17:14.120+0000] {logging_mixin.py:137} INFO - [2023-02-10T02:17:14.120+0000] {dag.py:2690} INFO - Sync 1 DAGs
[2023-02-10T02:17:14.188+0000] {logging_mixin.py:137} INFO - [2023-02-10T02:17:14.188+0000] {dag.py:3441} INFO - Setting next_dagrun for example_branch_operator to 2023-02-09T00:00:00+00:00, run_after=2023-02-10T00:00:00+00:00
[2023-02-10T02:17:14.236+0000] {processor.py:175} INFO - Processing /home/airflow/.local/lib/python3.7/site-packages/airflow/example_dags/example_branch_operator.py took 0.278 seconds
[2023-02-10T02:17:58.432+0000] {processor.py:153} INFO - Started process (PID=2940) to work on /home/airflow/.local/lib/python3.7/site-packages/airflow/example_dags/example_branch_operator.py
[2023-02-10T02:17:58.456+0000] {processor.py:743} INFO - Processing file /home/airflow/.local/lib/python3.7/site-packages/airflow/example_dags/example_branch_operator.py for tasks to queue
[2023-02-10T02:17:58.470+0000] {logging_mixin.py:137} INFO - [2023-02-10T02:17:58.470+0000] {dagbag.py:538} INFO - Filling up the DagBag from /home/airflow/.local/lib/python3.7/site-packages/airflow/example_dags/example_branch_operator.py
[2023-02-10T02:17:58.714+0000] {processor.py:753} INFO - DAG(s) dict_keys(['example_branch_operator']) retrieved from /home/airflow/.local/lib/python3.7/site-packages/airflow/example_dags/example_branch_operator.py
[2023-02-10T02:17:59.050+0000] {logging_mixin.py:137} INFO - [2023-02-10T02:17:59.050+0000] {dag.py:2690} INFO - Sync 1 DAGs
[2023-02-10T02:17:59.224+0000] {logging_mixin.py:137} INFO - [2023-02-10T02:17:59.223+0000] {dag.py:3441} INFO - Setting next_dagrun for example_branch_operator to 2023-02-09T00:00:00+00:00, run_after=2023-02-10T00:00:00+00:00
[2023-02-10T02:17:59.372+0000] {processor.py:175} INFO - Processing /home/airflow/.local/lib/python3.7/site-packages/airflow/example_dags/example_branch_operator.py took 0.979 seconds
[2023-02-10T02:18:30.320+0000] {processor.py:153} INFO - Started process (PID=2993) to work on /home/airflow/.local/lib/python3.7/site-packages/airflow/example_dags/example_branch_operator.py
[2023-02-10T02:18:30.327+0000] {processor.py:743} INFO - Processing file /home/airflow/.local/lib/python3.7/site-packages/airflow/example_dags/example_branch_operator.py for tasks to queue
[2023-02-10T02:18:30.332+0000] {logging_mixin.py:137} INFO - [2023-02-10T02:18:30.331+0000] {dagbag.py:538} INFO - Filling up the DagBag from /home/airflow/.local/lib/python3.7/site-packages/airflow/example_dags/example_branch_operator.py
[2023-02-10T02:18:30.384+0000] {processor.py:753} INFO - DAG(s) dict_keys(['example_branch_operator']) retrieved from /home/airflow/.local/lib/python3.7/site-packages/airflow/example_dags/example_branch_operator.py
[2023-02-10T02:18:30.444+0000] {logging_mixin.py:137} INFO - [2023-02-10T02:18:30.444+0000] {dag.py:2690} INFO - Sync 1 DAGs
[2023-02-10T02:18:30.536+0000] {logging_mixin.py:137} INFO - [2023-02-10T02:18:30.535+0000] {dag.py:3441} INFO - Setting next_dagrun for example_branch_operator to 2023-02-09T00:00:00+00:00, run_after=2023-02-10T00:00:00+00:00
[2023-02-10T02:18:30.583+0000] {processor.py:175} INFO - Processing /home/airflow/.local/lib/python3.7/site-packages/airflow/example_dags/example_branch_operator.py took 0.273 seconds
[2023-02-10T02:19:36.280+0000] {processor.py:153} INFO - Started process (PID=77) to work on /home/airflow/.local/lib/python3.7/site-packages/airflow/example_dags/example_branch_operator.py
[2023-02-10T02:19:36.286+0000] {processor.py:743} INFO - Processing file /home/airflow/.local/lib/python3.7/site-packages/airflow/example_dags/example_branch_operator.py for tasks to queue
[2023-02-10T02:19:36.290+0000] {logging_mixin.py:137} INFO - [2023-02-10T02:19:36.289+0000] {dagbag.py:538} INFO - Filling up the DagBag from /home/airflow/.local/lib/python3.7/site-packages/airflow/example_dags/example_branch_operator.py
[2023-02-10T02:19:36.367+0000] {processor.py:753} INFO - DAG(s) dict_keys(['example_branch_operator']) retrieved from /home/airflow/.local/lib/python3.7/site-packages/airflow/example_dags/example_branch_operator.py
[2023-02-10T02:19:36.502+0000] {logging_mixin.py:137} INFO - [2023-02-10T02:19:36.502+0000] {dag.py:2690} INFO - Sync 1 DAGs
[2023-02-10T02:19:36.649+0000] {logging_mixin.py:137} INFO - [2023-02-10T02:19:36.648+0000] {dag.py:3441} INFO - Setting next_dagrun for example_branch_operator to 2023-02-09T00:00:00+00:00, run_after=2023-02-10T00:00:00+00:00
[2023-02-10T02:19:36.719+0000] {processor.py:175} INFO - Processing /home/airflow/.local/lib/python3.7/site-packages/airflow/example_dags/example_branch_operator.py took 0.456 seconds
[2023-02-10T02:20:09.907+0000] {processor.py:153} INFO - Started process (PID=135) to work on /home/airflow/.local/lib/python3.7/site-packages/airflow/example_dags/example_branch_operator.py
[2023-02-10T02:20:09.913+0000] {processor.py:743} INFO - Processing file /home/airflow/.local/lib/python3.7/site-packages/airflow/example_dags/example_branch_operator.py for tasks to queue
[2023-02-10T02:20:09.922+0000] {logging_mixin.py:137} INFO - [2023-02-10T02:20:09.921+0000] {dagbag.py:538} INFO - Filling up the DagBag from /home/airflow/.local/lib/python3.7/site-packages/airflow/example_dags/example_branch_operator.py
[2023-02-10T02:20:10.093+0000] {processor.py:753} INFO - DAG(s) dict_keys(['example_branch_operator']) retrieved from /home/airflow/.local/lib/python3.7/site-packages/airflow/example_dags/example_branch_operator.py
[2023-02-10T02:20:10.516+0000] {logging_mixin.py:137} INFO - [2023-02-10T02:20:10.516+0000] {dag.py:2690} INFO - Sync 1 DAGs
[2023-02-10T02:20:10.843+0000] {logging_mixin.py:137} INFO - [2023-02-10T02:20:10.842+0000] {dag.py:3441} INFO - Setting next_dagrun for example_branch_operator to 2023-02-09T00:00:00+00:00, run_after=2023-02-10T00:00:00+00:00
[2023-02-10T02:20:11.020+0000] {processor.py:175} INFO - Processing /home/airflow/.local/lib/python3.7/site-packages/airflow/example_dags/example_branch_operator.py took 1.135 seconds
[2023-02-10T02:21:23.752+0000] {processor.py:153} INFO - Started process (PID=208) to work on /home/airflow/.local/lib/python3.7/site-packages/airflow/example_dags/example_branch_operator.py
[2023-02-10T02:21:23.783+0000] {processor.py:743} INFO - Processing file /home/airflow/.local/lib/python3.7/site-packages/airflow/example_dags/example_branch_operator.py for tasks to queue
[2023-02-10T02:21:23.802+0000] {logging_mixin.py:137} INFO - [2023-02-10T02:21:23.802+0000] {dagbag.py:538} INFO - Filling up the DagBag from /home/airflow/.local/lib/python3.7/site-packages/airflow/example_dags/example_branch_operator.py
[2023-02-10T02:21:24.268+0000] {processor.py:753} INFO - DAG(s) dict_keys(['example_branch_operator']) retrieved from /home/airflow/.local/lib/python3.7/site-packages/airflow/example_dags/example_branch_operator.py
[2023-02-10T02:21:24.669+0000] {logging_mixin.py:137} INFO - [2023-02-10T02:21:24.668+0000] {dag.py:2690} INFO - Sync 1 DAGs
[2023-02-10T02:21:25.538+0000] {logging_mixin.py:137} INFO - [2023-02-10T02:21:25.537+0000] {dag.py:3441} INFO - Setting next_dagrun for example_branch_operator to 2023-02-09T00:00:00+00:00, run_after=2023-02-10T00:00:00+00:00
[2023-02-10T02:21:26.146+0000] {processor.py:175} INFO - Processing /home/airflow/.local/lib/python3.7/site-packages/airflow/example_dags/example_branch_operator.py took 2.612 seconds
[2023-02-10T02:21:57.468+0000] {processor.py:153} INFO - Started process (PID=259) to work on /home/airflow/.local/lib/python3.7/site-packages/airflow/example_dags/example_branch_operator.py
[2023-02-10T02:21:57.488+0000] {processor.py:743} INFO - Processing file /home/airflow/.local/lib/python3.7/site-packages/airflow/example_dags/example_branch_operator.py for tasks to queue
[2023-02-10T02:21:57.513+0000] {logging_mixin.py:137} INFO - [2023-02-10T02:21:57.513+0000] {dagbag.py:538} INFO - Filling up the DagBag from /home/airflow/.local/lib/python3.7/site-packages/airflow/example_dags/example_branch_operator.py
[2023-02-10T02:21:57.868+0000] {processor.py:753} INFO - DAG(s) dict_keys(['example_branch_operator']) retrieved from /home/airflow/.local/lib/python3.7/site-packages/airflow/example_dags/example_branch_operator.py
[2023-02-10T02:21:58.257+0000] {logging_mixin.py:137} INFO - [2023-02-10T02:21:58.257+0000] {dag.py:2690} INFO - Sync 1 DAGs
[2023-02-10T02:21:58.718+0000] {logging_mixin.py:137} INFO - [2023-02-10T02:21:58.718+0000] {dag.py:3441} INFO - Setting next_dagrun for example_branch_operator to 2023-02-09T00:00:00+00:00, run_after=2023-02-10T00:00:00+00:00
[2023-02-10T02:21:59.049+0000] {processor.py:175} INFO - Processing /home/airflow/.local/lib/python3.7/site-packages/airflow/example_dags/example_branch_operator.py took 1.631 seconds
[2023-02-10T02:22:32.803+0000] {processor.py:153} INFO - Started process (PID=316) to work on /home/airflow/.local/lib/python3.7/site-packages/airflow/example_dags/example_branch_operator.py
[2023-02-10T02:22:32.810+0000] {processor.py:743} INFO - Processing file /home/airflow/.local/lib/python3.7/site-packages/airflow/example_dags/example_branch_operator.py for tasks to queue
[2023-02-10T02:22:32.825+0000] {logging_mixin.py:137} INFO - [2023-02-10T02:22:32.824+0000] {dagbag.py:538} INFO - Filling up the DagBag from /home/airflow/.local/lib/python3.7/site-packages/airflow/example_dags/example_branch_operator.py
[2023-02-10T02:22:32.938+0000] {processor.py:753} INFO - DAG(s) dict_keys(['example_branch_operator']) retrieved from /home/airflow/.local/lib/python3.7/site-packages/airflow/example_dags/example_branch_operator.py
[2023-02-10T02:22:33.129+0000] {logging_mixin.py:137} INFO - [2023-02-10T02:22:33.129+0000] {dag.py:2690} INFO - Sync 1 DAGs
[2023-02-10T02:22:33.275+0000] {logging_mixin.py:137} INFO - [2023-02-10T02:22:33.275+0000] {dag.py:3441} INFO - Setting next_dagrun for example_branch_operator to 2023-02-09T00:00:00+00:00, run_after=2023-02-10T00:00:00+00:00
[2023-02-10T02:22:33.380+0000] {processor.py:175} INFO - Processing /home/airflow/.local/lib/python3.7/site-packages/airflow/example_dags/example_branch_operator.py took 0.590 seconds
[2023-02-10T02:23:18.466+0000] {processor.py:153} INFO - Started process (PID=368) to work on /home/airflow/.local/lib/python3.7/site-packages/airflow/example_dags/example_branch_operator.py
[2023-02-10T02:23:18.480+0000] {processor.py:743} INFO - Processing file /home/airflow/.local/lib/python3.7/site-packages/airflow/example_dags/example_branch_operator.py for tasks to queue
[2023-02-10T02:23:18.487+0000] {logging_mixin.py:137} INFO - [2023-02-10T02:23:18.486+0000] {dagbag.py:538} INFO - Filling up the DagBag from /home/airflow/.local/lib/python3.7/site-packages/airflow/example_dags/example_branch_operator.py
[2023-02-10T02:23:18.573+0000] {processor.py:753} INFO - DAG(s) dict_keys(['example_branch_operator']) retrieved from /home/airflow/.local/lib/python3.7/site-packages/airflow/example_dags/example_branch_operator.py
[2023-02-10T02:23:18.910+0000] {logging_mixin.py:137} INFO - [2023-02-10T02:23:18.910+0000] {dag.py:2690} INFO - Sync 1 DAGs
[2023-02-10T02:23:19.236+0000] {logging_mixin.py:137} INFO - [2023-02-10T02:23:19.236+0000] {dag.py:3441} INFO - Setting next_dagrun for example_branch_operator to 2023-02-09T00:00:00+00:00, run_after=2023-02-10T00:00:00+00:00
[2023-02-10T02:23:19.438+0000] {processor.py:175} INFO - Processing /home/airflow/.local/lib/python3.7/site-packages/airflow/example_dags/example_branch_operator.py took 0.993 seconds
[2023-02-10T02:23:49.875+0000] {processor.py:153} INFO - Started process (PID=426) to work on /home/airflow/.local/lib/python3.7/site-packages/airflow/example_dags/example_branch_operator.py
[2023-02-10T02:23:49.879+0000] {processor.py:743} INFO - Processing file /home/airflow/.local/lib/python3.7/site-packages/airflow/example_dags/example_branch_operator.py for tasks to queue
[2023-02-10T02:23:49.888+0000] {logging_mixin.py:137} INFO - [2023-02-10T02:23:49.887+0000] {dagbag.py:538} INFO - Filling up the DagBag from /home/airflow/.local/lib/python3.7/site-packages/airflow/example_dags/example_branch_operator.py
[2023-02-10T02:23:49.939+0000] {processor.py:753} INFO - DAG(s) dict_keys(['example_branch_operator']) retrieved from /home/airflow/.local/lib/python3.7/site-packages/airflow/example_dags/example_branch_operator.py
[2023-02-10T02:23:50.011+0000] {logging_mixin.py:137} INFO - [2023-02-10T02:23:50.011+0000] {dag.py:2690} INFO - Sync 1 DAGs
[2023-02-10T02:23:50.085+0000] {logging_mixin.py:137} INFO - [2023-02-10T02:23:50.085+0000] {dag.py:3441} INFO - Setting next_dagrun for example_branch_operator to 2023-02-09T00:00:00+00:00, run_after=2023-02-10T00:00:00+00:00
[2023-02-10T02:23:50.133+0000] {processor.py:175} INFO - Processing /home/airflow/.local/lib/python3.7/site-packages/airflow/example_dags/example_branch_operator.py took 0.271 seconds
[2023-02-10T02:24:21.608+0000] {processor.py:153} INFO - Started process (PID=481) to work on /home/airflow/.local/lib/python3.7/site-packages/airflow/example_dags/example_branch_operator.py
[2023-02-10T02:24:21.630+0000] {processor.py:743} INFO - Processing file /home/airflow/.local/lib/python3.7/site-packages/airflow/example_dags/example_branch_operator.py for tasks to queue
[2023-02-10T02:24:21.646+0000] {logging_mixin.py:137} INFO - [2023-02-10T02:24:21.646+0000] {dagbag.py:538} INFO - Filling up the DagBag from /home/airflow/.local/lib/python3.7/site-packages/airflow/example_dags/example_branch_operator.py
[2023-02-10T02:24:21.810+0000] {processor.py:753} INFO - DAG(s) dict_keys(['example_branch_operator']) retrieved from /home/airflow/.local/lib/python3.7/site-packages/airflow/example_dags/example_branch_operator.py
[2023-02-10T02:24:21.972+0000] {logging_mixin.py:137} INFO - [2023-02-10T02:24:21.971+0000] {dag.py:2690} INFO - Sync 1 DAGs
[2023-02-10T02:24:22.201+0000] {logging_mixin.py:137} INFO - [2023-02-10T02:24:22.200+0000] {dag.py:3441} INFO - Setting next_dagrun for example_branch_operator to 2023-02-09T00:00:00+00:00, run_after=2023-02-10T00:00:00+00:00
[2023-02-10T02:24:22.367+0000] {processor.py:175} INFO - Processing /home/airflow/.local/lib/python3.7/site-packages/airflow/example_dags/example_branch_operator.py took 0.819 seconds
[2023-02-10T02:24:56.018+0000] {processor.py:153} INFO - Started process (PID=533) to work on /home/airflow/.local/lib/python3.7/site-packages/airflow/example_dags/example_branch_operator.py
[2023-02-10T02:24:56.037+0000] {processor.py:743} INFO - Processing file /home/airflow/.local/lib/python3.7/site-packages/airflow/example_dags/example_branch_operator.py for tasks to queue
[2023-02-10T02:24:56.086+0000] {logging_mixin.py:137} INFO - [2023-02-10T02:24:56.085+0000] {dagbag.py:538} INFO - Filling up the DagBag from /home/airflow/.local/lib/python3.7/site-packages/airflow/example_dags/example_branch_operator.py
[2023-02-10T02:24:56.383+0000] {processor.py:753} INFO - DAG(s) dict_keys(['example_branch_operator']) retrieved from /home/airflow/.local/lib/python3.7/site-packages/airflow/example_dags/example_branch_operator.py
[2023-02-10T02:24:56.844+0000] {logging_mixin.py:137} INFO - [2023-02-10T02:24:56.844+0000] {dag.py:2690} INFO - Sync 1 DAGs
[2023-02-10T02:24:57.096+0000] {logging_mixin.py:137} INFO - [2023-02-10T02:24:57.096+0000] {dag.py:3441} INFO - Setting next_dagrun for example_branch_operator to 2023-02-09T00:00:00+00:00, run_after=2023-02-10T00:00:00+00:00
[2023-02-10T02:24:57.371+0000] {processor.py:175} INFO - Processing /home/airflow/.local/lib/python3.7/site-packages/airflow/example_dags/example_branch_operator.py took 1.401 seconds
[2023-02-10T02:25:30.459+0000] {processor.py:153} INFO - Started process (PID=591) to work on /home/airflow/.local/lib/python3.7/site-packages/airflow/example_dags/example_branch_operator.py
[2023-02-10T02:25:30.470+0000] {processor.py:743} INFO - Processing file /home/airflow/.local/lib/python3.7/site-packages/airflow/example_dags/example_branch_operator.py for tasks to queue
[2023-02-10T02:25:30.486+0000] {logging_mixin.py:137} INFO - [2023-02-10T02:25:30.484+0000] {dagbag.py:538} INFO - Filling up the DagBag from /home/airflow/.local/lib/python3.7/site-packages/airflow/example_dags/example_branch_operator.py
[2023-02-10T02:25:30.678+0000] {processor.py:753} INFO - DAG(s) dict_keys(['example_branch_operator']) retrieved from /home/airflow/.local/lib/python3.7/site-packages/airflow/example_dags/example_branch_operator.py
[2023-02-10T02:25:31.007+0000] {logging_mixin.py:137} INFO - [2023-02-10T02:25:31.007+0000] {dag.py:2690} INFO - Sync 1 DAGs
[2023-02-10T02:25:31.742+0000] {logging_mixin.py:137} INFO - [2023-02-10T02:25:31.742+0000] {dag.py:3441} INFO - Setting next_dagrun for example_branch_operator to 2023-02-09T00:00:00+00:00, run_after=2023-02-10T00:00:00+00:00
[2023-02-10T02:25:31.912+0000] {processor.py:175} INFO - Processing /home/airflow/.local/lib/python3.7/site-packages/airflow/example_dags/example_branch_operator.py took 1.479 seconds
[2023-02-10T02:26:02.179+0000] {processor.py:153} INFO - Started process (PID=650) to work on /home/airflow/.local/lib/python3.7/site-packages/airflow/example_dags/example_branch_operator.py
[2023-02-10T02:26:02.190+0000] {processor.py:743} INFO - Processing file /home/airflow/.local/lib/python3.7/site-packages/airflow/example_dags/example_branch_operator.py for tasks to queue
[2023-02-10T02:26:02.195+0000] {logging_mixin.py:137} INFO - [2023-02-10T02:26:02.195+0000] {dagbag.py:538} INFO - Filling up the DagBag from /home/airflow/.local/lib/python3.7/site-packages/airflow/example_dags/example_branch_operator.py
[2023-02-10T02:26:02.292+0000] {processor.py:753} INFO - DAG(s) dict_keys(['example_branch_operator']) retrieved from /home/airflow/.local/lib/python3.7/site-packages/airflow/example_dags/example_branch_operator.py
[2023-02-10T02:26:02.424+0000] {logging_mixin.py:137} INFO - [2023-02-10T02:26:02.424+0000] {dag.py:2690} INFO - Sync 1 DAGs
[2023-02-10T02:26:02.567+0000] {logging_mixin.py:137} INFO - [2023-02-10T02:26:02.567+0000] {dag.py:3441} INFO - Setting next_dagrun for example_branch_operator to 2023-02-09T00:00:00+00:00, run_after=2023-02-10T00:00:00+00:00
[2023-02-10T02:26:02.665+0000] {processor.py:175} INFO - Processing /home/airflow/.local/lib/python3.7/site-packages/airflow/example_dags/example_branch_operator.py took 0.499 seconds
[2023-02-10T02:26:33.535+0000] {processor.py:153} INFO - Started process (PID=700) to work on /home/airflow/.local/lib/python3.7/site-packages/airflow/example_dags/example_branch_operator.py
[2023-02-10T02:26:33.548+0000] {processor.py:743} INFO - Processing file /home/airflow/.local/lib/python3.7/site-packages/airflow/example_dags/example_branch_operator.py for tasks to queue
[2023-02-10T02:26:33.562+0000] {logging_mixin.py:137} INFO - [2023-02-10T02:26:33.562+0000] {dagbag.py:538} INFO - Filling up the DagBag from /home/airflow/.local/lib/python3.7/site-packages/airflow/example_dags/example_branch_operator.py
[2023-02-10T02:26:33.775+0000] {processor.py:753} INFO - DAG(s) dict_keys(['example_branch_operator']) retrieved from /home/airflow/.local/lib/python3.7/site-packages/airflow/example_dags/example_branch_operator.py
[2023-02-10T02:26:33.883+0000] {logging_mixin.py:137} INFO - [2023-02-10T02:26:33.883+0000] {dag.py:2690} INFO - Sync 1 DAGs
[2023-02-10T02:26:33.964+0000] {logging_mixin.py:137} INFO - [2023-02-10T02:26:33.963+0000] {dag.py:3441} INFO - Setting next_dagrun for example_branch_operator to 2023-02-09T00:00:00+00:00, run_after=2023-02-10T00:00:00+00:00
[2023-02-10T02:26:34.060+0000] {processor.py:175} INFO - Processing /home/airflow/.local/lib/python3.7/site-packages/airflow/example_dags/example_branch_operator.py took 0.560 seconds
[2023-02-10T02:27:04.896+0000] {processor.py:153} INFO - Started process (PID=757) to work on /home/airflow/.local/lib/python3.7/site-packages/airflow/example_dags/example_branch_operator.py
[2023-02-10T02:27:04.901+0000] {processor.py:743} INFO - Processing file /home/airflow/.local/lib/python3.7/site-packages/airflow/example_dags/example_branch_operator.py for tasks to queue
[2023-02-10T02:27:04.906+0000] {logging_mixin.py:137} INFO - [2023-02-10T02:27:04.904+0000] {dagbag.py:538} INFO - Filling up the DagBag from /home/airflow/.local/lib/python3.7/site-packages/airflow/example_dags/example_branch_operator.py
[2023-02-10T02:27:05.036+0000] {processor.py:753} INFO - DAG(s) dict_keys(['example_branch_operator']) retrieved from /home/airflow/.local/lib/python3.7/site-packages/airflow/example_dags/example_branch_operator.py
[2023-02-10T02:27:05.192+0000] {logging_mixin.py:137} INFO - [2023-02-10T02:27:05.192+0000] {dag.py:2690} INFO - Sync 1 DAGs
[2023-02-10T02:27:05.471+0000] {logging_mixin.py:137} INFO - [2023-02-10T02:27:05.470+0000] {dag.py:3441} INFO - Setting next_dagrun for example_branch_operator to 2023-02-09T00:00:00+00:00, run_after=2023-02-10T00:00:00+00:00
[2023-02-10T02:27:05.584+0000] {processor.py:175} INFO - Processing /home/airflow/.local/lib/python3.7/site-packages/airflow/example_dags/example_branch_operator.py took 0.715 seconds
[2023-02-10T02:27:36.173+0000] {processor.py:153} INFO - Started process (PID=807) to work on /home/airflow/.local/lib/python3.7/site-packages/airflow/example_dags/example_branch_operator.py
[2023-02-10T02:27:36.182+0000] {processor.py:743} INFO - Processing file /home/airflow/.local/lib/python3.7/site-packages/airflow/example_dags/example_branch_operator.py for tasks to queue
[2023-02-10T02:27:36.194+0000] {logging_mixin.py:137} INFO - [2023-02-10T02:27:36.194+0000] {dagbag.py:538} INFO - Filling up the DagBag from /home/airflow/.local/lib/python3.7/site-packages/airflow/example_dags/example_branch_operator.py
[2023-02-10T02:27:36.339+0000] {processor.py:753} INFO - DAG(s) dict_keys(['example_branch_operator']) retrieved from /home/airflow/.local/lib/python3.7/site-packages/airflow/example_dags/example_branch_operator.py
[2023-02-10T02:27:36.515+0000] {logging_mixin.py:137} INFO - [2023-02-10T02:27:36.514+0000] {dag.py:2690} INFO - Sync 1 DAGs
[2023-02-10T02:27:36.752+0000] {logging_mixin.py:137} INFO - [2023-02-10T02:27:36.749+0000] {dag.py:3441} INFO - Setting next_dagrun for example_branch_operator to 2023-02-09T00:00:00+00:00, run_after=2023-02-10T00:00:00+00:00
[2023-02-10T02:27:36.963+0000] {processor.py:175} INFO - Processing /home/airflow/.local/lib/python3.7/site-packages/airflow/example_dags/example_branch_operator.py took 0.932 seconds
[2023-02-10T02:28:09.811+0000] {processor.py:153} INFO - Started process (PID=866) to work on /home/airflow/.local/lib/python3.7/site-packages/airflow/example_dags/example_branch_operator.py
[2023-02-10T02:28:09.836+0000] {processor.py:743} INFO - Processing file /home/airflow/.local/lib/python3.7/site-packages/airflow/example_dags/example_branch_operator.py for tasks to queue
[2023-02-10T02:28:09.846+0000] {logging_mixin.py:137} INFO - [2023-02-10T02:28:09.844+0000] {dagbag.py:538} INFO - Filling up the DagBag from /home/airflow/.local/lib/python3.7/site-packages/airflow/example_dags/example_branch_operator.py
[2023-02-10T02:28:10.076+0000] {processor.py:753} INFO - DAG(s) dict_keys(['example_branch_operator']) retrieved from /home/airflow/.local/lib/python3.7/site-packages/airflow/example_dags/example_branch_operator.py
[2023-02-10T02:28:11.150+0000] {logging_mixin.py:137} INFO - [2023-02-10T02:28:11.131+0000] {dag.py:2690} INFO - Sync 1 DAGs
[2023-02-10T02:28:11.993+0000] {logging_mixin.py:137} INFO - [2023-02-10T02:28:11.993+0000] {dag.py:3441} INFO - Setting next_dagrun for example_branch_operator to 2023-02-09T00:00:00+00:00, run_after=2023-02-10T00:00:00+00:00
[2023-02-10T02:28:12.222+0000] {processor.py:175} INFO - Processing /home/airflow/.local/lib/python3.7/site-packages/airflow/example_dags/example_branch_operator.py took 2.425 seconds
[2023-02-10T02:28:48.563+0000] {processor.py:153} INFO - Started process (PID=923) to work on /home/airflow/.local/lib/python3.7/site-packages/airflow/example_dags/example_branch_operator.py
[2023-02-10T02:28:48.579+0000] {processor.py:743} INFO - Processing file /home/airflow/.local/lib/python3.7/site-packages/airflow/example_dags/example_branch_operator.py for tasks to queue
[2023-02-10T02:28:48.599+0000] {logging_mixin.py:137} INFO - [2023-02-10T02:28:48.595+0000] {dagbag.py:538} INFO - Filling up the DagBag from /home/airflow/.local/lib/python3.7/site-packages/airflow/example_dags/example_branch_operator.py
[2023-02-10T02:28:48.850+0000] {processor.py:753} INFO - DAG(s) dict_keys(['example_branch_operator']) retrieved from /home/airflow/.local/lib/python3.7/site-packages/airflow/example_dags/example_branch_operator.py
[2023-02-10T02:28:49.066+0000] {logging_mixin.py:137} INFO - [2023-02-10T02:28:49.065+0000] {dag.py:2690} INFO - Sync 1 DAGs
[2023-02-10T02:28:49.254+0000] {logging_mixin.py:137} INFO - [2023-02-10T02:28:49.254+0000] {dag.py:3441} INFO - Setting next_dagrun for example_branch_operator to 2023-02-09T00:00:00+00:00, run_after=2023-02-10T00:00:00+00:00
[2023-02-10T02:28:49.367+0000] {processor.py:175} INFO - Processing /home/airflow/.local/lib/python3.7/site-packages/airflow/example_dags/example_branch_operator.py took 0.855 seconds
