[2023-02-10T01:52:04.683+0000] {processor.py:153} INFO - Started process (PID=328) to work on /home/airflow/.local/lib/python3.7/site-packages/airflow/example_dags/example_trigger_target_dag.py
[2023-02-10T01:52:04.737+0000] {processor.py:743} INFO - Processing file /home/airflow/.local/lib/python3.7/site-packages/airflow/example_dags/example_trigger_target_dag.py for tasks to queue
[2023-02-10T01:52:04.753+0000] {logging_mixin.py:137} INFO - [2023-02-10T01:52:04.752+0000] {dagbag.py:538} INFO - Filling up the DagBag from /home/airflow/.local/lib/python3.7/site-packages/airflow/example_dags/example_trigger_target_dag.py
[2023-02-10T01:52:05.697+0000] {processor.py:753} INFO - DAG(s) dict_keys(['example_trigger_target_dag']) retrieved from /home/airflow/.local/lib/python3.7/site-packages/airflow/example_dags/example_trigger_target_dag.py
[2023-02-10T01:52:06.808+0000] {logging_mixin.py:137} INFO - [2023-02-10T01:52:06.782+0000] {dag.py:2690} INFO - Sync 1 DAGs
[2023-02-10T01:52:07.550+0000] {logging_mixin.py:137} INFO - [2023-02-10T01:52:07.550+0000] {dag.py:3441} INFO - Setting next_dagrun for example_trigger_target_dag to None, run_after=None
[2023-02-10T01:52:08.092+0000] {processor.py:175} INFO - Processing /home/airflow/.local/lib/python3.7/site-packages/airflow/example_dags/example_trigger_target_dag.py took 3.454 seconds
[2023-02-10T01:52:38.507+0000] {processor.py:153} INFO - Started process (PID=379) to work on /home/airflow/.local/lib/python3.7/site-packages/airflow/example_dags/example_trigger_target_dag.py
[2023-02-10T01:52:38.511+0000] {processor.py:743} INFO - Processing file /home/airflow/.local/lib/python3.7/site-packages/airflow/example_dags/example_trigger_target_dag.py for tasks to queue
[2023-02-10T01:52:38.522+0000] {logging_mixin.py:137} INFO - [2023-02-10T01:52:38.520+0000] {dagbag.py:538} INFO - Filling up the DagBag from /home/airflow/.local/lib/python3.7/site-packages/airflow/example_dags/example_trigger_target_dag.py
[2023-02-10T01:52:38.625+0000] {processor.py:753} INFO - DAG(s) dict_keys(['example_trigger_target_dag']) retrieved from /home/airflow/.local/lib/python3.7/site-packages/airflow/example_dags/example_trigger_target_dag.py
[2023-02-10T01:52:38.761+0000] {logging_mixin.py:137} INFO - [2023-02-10T01:52:38.760+0000] {dag.py:2690} INFO - Sync 1 DAGs
[2023-02-10T01:52:38.902+0000] {logging_mixin.py:137} INFO - [2023-02-10T01:52:38.902+0000] {dag.py:3441} INFO - Setting next_dagrun for example_trigger_target_dag to None, run_after=None
[2023-02-10T01:52:39.007+0000] {processor.py:175} INFO - Processing /home/airflow/.local/lib/python3.7/site-packages/airflow/example_dags/example_trigger_target_dag.py took 0.536 seconds
[2023-02-10T01:53:12.953+0000] {processor.py:153} INFO - Started process (PID=437) to work on /home/airflow/.local/lib/python3.7/site-packages/airflow/example_dags/example_trigger_target_dag.py
[2023-02-10T01:53:12.969+0000] {processor.py:743} INFO - Processing file /home/airflow/.local/lib/python3.7/site-packages/airflow/example_dags/example_trigger_target_dag.py for tasks to queue
[2023-02-10T01:53:12.982+0000] {logging_mixin.py:137} INFO - [2023-02-10T01:53:12.981+0000] {dagbag.py:538} INFO - Filling up the DagBag from /home/airflow/.local/lib/python3.7/site-packages/airflow/example_dags/example_trigger_target_dag.py
[2023-02-10T01:53:13.367+0000] {processor.py:753} INFO - DAG(s) dict_keys(['example_trigger_target_dag']) retrieved from /home/airflow/.local/lib/python3.7/site-packages/airflow/example_dags/example_trigger_target_dag.py
[2023-02-10T01:53:13.495+0000] {logging_mixin.py:137} INFO - [2023-02-10T01:53:13.495+0000] {dag.py:2690} INFO - Sync 1 DAGs
[2023-02-10T01:53:14.036+0000] {logging_mixin.py:137} INFO - [2023-02-10T01:53:14.035+0000] {dag.py:3441} INFO - Setting next_dagrun for example_trigger_target_dag to None, run_after=None
[2023-02-10T01:53:14.488+0000] {processor.py:175} INFO - Processing /home/airflow/.local/lib/python3.7/site-packages/airflow/example_dags/example_trigger_target_dag.py took 1.595 seconds
[2023-02-10T01:53:45.310+0000] {processor.py:153} INFO - Started process (PID=496) to work on /home/airflow/.local/lib/python3.7/site-packages/airflow/example_dags/example_trigger_target_dag.py
[2023-02-10T01:53:45.326+0000] {processor.py:743} INFO - Processing file /home/airflow/.local/lib/python3.7/site-packages/airflow/example_dags/example_trigger_target_dag.py for tasks to queue
[2023-02-10T01:53:45.329+0000] {logging_mixin.py:137} INFO - [2023-02-10T01:53:45.329+0000] {dagbag.py:538} INFO - Filling up the DagBag from /home/airflow/.local/lib/python3.7/site-packages/airflow/example_dags/example_trigger_target_dag.py
[2023-02-10T01:53:45.502+0000] {processor.py:753} INFO - DAG(s) dict_keys(['example_trigger_target_dag']) retrieved from /home/airflow/.local/lib/python3.7/site-packages/airflow/example_dags/example_trigger_target_dag.py
[2023-02-10T01:53:45.632+0000] {logging_mixin.py:137} INFO - [2023-02-10T01:53:45.631+0000] {dag.py:2690} INFO - Sync 1 DAGs
[2023-02-10T01:53:45.816+0000] {logging_mixin.py:137} INFO - [2023-02-10T01:53:45.815+0000] {dag.py:3441} INFO - Setting next_dagrun for example_trigger_target_dag to None, run_after=None
[2023-02-10T01:53:46.018+0000] {processor.py:175} INFO - Processing /home/airflow/.local/lib/python3.7/site-packages/airflow/example_dags/example_trigger_target_dag.py took 0.751 seconds
[2023-02-10T01:54:16.686+0000] {processor.py:153} INFO - Started process (PID=545) to work on /home/airflow/.local/lib/python3.7/site-packages/airflow/example_dags/example_trigger_target_dag.py
[2023-02-10T01:54:16.690+0000] {processor.py:743} INFO - Processing file /home/airflow/.local/lib/python3.7/site-packages/airflow/example_dags/example_trigger_target_dag.py for tasks to queue
[2023-02-10T01:54:16.697+0000] {logging_mixin.py:137} INFO - [2023-02-10T01:54:16.695+0000] {dagbag.py:538} INFO - Filling up the DagBag from /home/airflow/.local/lib/python3.7/site-packages/airflow/example_dags/example_trigger_target_dag.py
[2023-02-10T01:54:16.741+0000] {processor.py:753} INFO - DAG(s) dict_keys(['example_trigger_target_dag']) retrieved from /home/airflow/.local/lib/python3.7/site-packages/airflow/example_dags/example_trigger_target_dag.py
[2023-02-10T01:54:16.794+0000] {logging_mixin.py:137} INFO - [2023-02-10T01:54:16.794+0000] {dag.py:2690} INFO - Sync 1 DAGs
[2023-02-10T01:54:16.845+0000] {logging_mixin.py:137} INFO - [2023-02-10T01:54:16.845+0000] {dag.py:3441} INFO - Setting next_dagrun for example_trigger_target_dag to None, run_after=None
[2023-02-10T01:54:16.885+0000] {processor.py:175} INFO - Processing /home/airflow/.local/lib/python3.7/site-packages/airflow/example_dags/example_trigger_target_dag.py took 0.206 seconds
[2023-02-10T01:54:47.037+0000] {processor.py:153} INFO - Started process (PID=603) to work on /home/airflow/.local/lib/python3.7/site-packages/airflow/example_dags/example_trigger_target_dag.py
[2023-02-10T01:54:47.049+0000] {processor.py:743} INFO - Processing file /home/airflow/.local/lib/python3.7/site-packages/airflow/example_dags/example_trigger_target_dag.py for tasks to queue
[2023-02-10T01:54:47.057+0000] {logging_mixin.py:137} INFO - [2023-02-10T01:54:47.056+0000] {dagbag.py:538} INFO - Filling up the DagBag from /home/airflow/.local/lib/python3.7/site-packages/airflow/example_dags/example_trigger_target_dag.py
[2023-02-10T01:54:47.194+0000] {processor.py:753} INFO - DAG(s) dict_keys(['example_trigger_target_dag']) retrieved from /home/airflow/.local/lib/python3.7/site-packages/airflow/example_dags/example_trigger_target_dag.py
[2023-02-10T01:54:47.320+0000] {logging_mixin.py:137} INFO - [2023-02-10T01:54:47.320+0000] {dag.py:2690} INFO - Sync 1 DAGs
[2023-02-10T01:54:47.432+0000] {logging_mixin.py:137} INFO - [2023-02-10T01:54:47.432+0000] {dag.py:3441} INFO - Setting next_dagrun for example_trigger_target_dag to None, run_after=None
[2023-02-10T01:54:47.509+0000] {processor.py:175} INFO - Processing /home/airflow/.local/lib/python3.7/site-packages/airflow/example_dags/example_trigger_target_dag.py took 0.483 seconds
[2023-02-10T01:55:18.243+0000] {processor.py:153} INFO - Started process (PID=660) to work on /home/airflow/.local/lib/python3.7/site-packages/airflow/example_dags/example_trigger_target_dag.py
[2023-02-10T01:55:18.253+0000] {processor.py:743} INFO - Processing file /home/airflow/.local/lib/python3.7/site-packages/airflow/example_dags/example_trigger_target_dag.py for tasks to queue
[2023-02-10T01:55:18.259+0000] {logging_mixin.py:137} INFO - [2023-02-10T01:55:18.259+0000] {dagbag.py:538} INFO - Filling up the DagBag from /home/airflow/.local/lib/python3.7/site-packages/airflow/example_dags/example_trigger_target_dag.py
[2023-02-10T01:55:18.375+0000] {processor.py:753} INFO - DAG(s) dict_keys(['example_trigger_target_dag']) retrieved from /home/airflow/.local/lib/python3.7/site-packages/airflow/example_dags/example_trigger_target_dag.py
[2023-02-10T01:55:18.472+0000] {logging_mixin.py:137} INFO - [2023-02-10T01:55:18.472+0000] {dag.py:2690} INFO - Sync 1 DAGs
[2023-02-10T01:55:18.586+0000] {logging_mixin.py:137} INFO - [2023-02-10T01:55:18.586+0000] {dag.py:3441} INFO - Setting next_dagrun for example_trigger_target_dag to None, run_after=None
[2023-02-10T01:55:18.672+0000] {processor.py:175} INFO - Processing /home/airflow/.local/lib/python3.7/site-packages/airflow/example_dags/example_trigger_target_dag.py took 0.443 seconds
[2023-02-10T01:55:49.915+0000] {processor.py:153} INFO - Started process (PID=716) to work on /home/airflow/.local/lib/python3.7/site-packages/airflow/example_dags/example_trigger_target_dag.py
[2023-02-10T01:55:49.953+0000] {processor.py:743} INFO - Processing file /home/airflow/.local/lib/python3.7/site-packages/airflow/example_dags/example_trigger_target_dag.py for tasks to queue
[2023-02-10T01:55:50.047+0000] {logging_mixin.py:137} INFO - [2023-02-10T01:55:50.007+0000] {dagbag.py:538} INFO - Filling up the DagBag from /home/airflow/.local/lib/python3.7/site-packages/airflow/example_dags/example_trigger_target_dag.py
[2023-02-10T01:55:51.606+0000] {processor.py:753} INFO - DAG(s) dict_keys(['example_trigger_target_dag']) retrieved from /home/airflow/.local/lib/python3.7/site-packages/airflow/example_dags/example_trigger_target_dag.py
[2023-02-10T01:55:51.852+0000] {logging_mixin.py:137} INFO - [2023-02-10T01:55:51.851+0000] {dag.py:2690} INFO - Sync 1 DAGs
[2023-02-10T01:55:52.092+0000] {logging_mixin.py:137} INFO - [2023-02-10T01:55:52.092+0000] {dag.py:3441} INFO - Setting next_dagrun for example_trigger_target_dag to None, run_after=None
[2023-02-10T01:55:52.233+0000] {processor.py:175} INFO - Processing /home/airflow/.local/lib/python3.7/site-packages/airflow/example_dags/example_trigger_target_dag.py took 2.619 seconds
[2023-02-10T01:56:22.533+0000] {processor.py:153} INFO - Started process (PID=768) to work on /home/airflow/.local/lib/python3.7/site-packages/airflow/example_dags/example_trigger_target_dag.py
[2023-02-10T01:56:22.537+0000] {processor.py:743} INFO - Processing file /home/airflow/.local/lib/python3.7/site-packages/airflow/example_dags/example_trigger_target_dag.py for tasks to queue
[2023-02-10T01:56:22.543+0000] {logging_mixin.py:137} INFO - [2023-02-10T01:56:22.543+0000] {dagbag.py:538} INFO - Filling up the DagBag from /home/airflow/.local/lib/python3.7/site-packages/airflow/example_dags/example_trigger_target_dag.py
[2023-02-10T01:56:22.600+0000] {processor.py:753} INFO - DAG(s) dict_keys(['example_trigger_target_dag']) retrieved from /home/airflow/.local/lib/python3.7/site-packages/airflow/example_dags/example_trigger_target_dag.py
[2023-02-10T01:56:22.674+0000] {logging_mixin.py:137} INFO - [2023-02-10T01:56:22.673+0000] {dag.py:2690} INFO - Sync 1 DAGs
[2023-02-10T01:56:22.735+0000] {logging_mixin.py:137} INFO - [2023-02-10T01:56:22.735+0000] {dag.py:3441} INFO - Setting next_dagrun for example_trigger_target_dag to None, run_after=None
[2023-02-10T01:56:22.778+0000] {processor.py:175} INFO - Processing /home/airflow/.local/lib/python3.7/site-packages/airflow/example_dags/example_trigger_target_dag.py took 0.256 seconds
[2023-02-10T01:56:53.280+0000] {processor.py:153} INFO - Started process (PID=827) to work on /home/airflow/.local/lib/python3.7/site-packages/airflow/example_dags/example_trigger_target_dag.py
[2023-02-10T01:56:53.287+0000] {processor.py:743} INFO - Processing file /home/airflow/.local/lib/python3.7/site-packages/airflow/example_dags/example_trigger_target_dag.py for tasks to queue
[2023-02-10T01:56:53.292+0000] {logging_mixin.py:137} INFO - [2023-02-10T01:56:53.291+0000] {dagbag.py:538} INFO - Filling up the DagBag from /home/airflow/.local/lib/python3.7/site-packages/airflow/example_dags/example_trigger_target_dag.py
[2023-02-10T01:56:53.340+0000] {processor.py:753} INFO - DAG(s) dict_keys(['example_trigger_target_dag']) retrieved from /home/airflow/.local/lib/python3.7/site-packages/airflow/example_dags/example_trigger_target_dag.py
[2023-02-10T01:56:53.401+0000] {logging_mixin.py:137} INFO - [2023-02-10T01:56:53.401+0000] {dag.py:2690} INFO - Sync 1 DAGs
[2023-02-10T01:56:53.461+0000] {logging_mixin.py:137} INFO - [2023-02-10T01:56:53.460+0000] {dag.py:3441} INFO - Setting next_dagrun for example_trigger_target_dag to None, run_after=None
[2023-02-10T01:56:53.602+0000] {processor.py:175} INFO - Processing /home/airflow/.local/lib/python3.7/site-packages/airflow/example_dags/example_trigger_target_dag.py took 0.332 seconds
[2023-02-10T01:57:48.131+0000] {processor.py:153} INFO - Started process (PID=901) to work on /home/airflow/.local/lib/python3.7/site-packages/airflow/example_dags/example_trigger_target_dag.py
[2023-02-10T01:57:48.176+0000] {processor.py:743} INFO - Processing file /home/airflow/.local/lib/python3.7/site-packages/airflow/example_dags/example_trigger_target_dag.py for tasks to queue
[2023-02-10T01:57:48.205+0000] {logging_mixin.py:137} INFO - [2023-02-10T01:57:48.204+0000] {dagbag.py:538} INFO - Filling up the DagBag from /home/airflow/.local/lib/python3.7/site-packages/airflow/example_dags/example_trigger_target_dag.py
[2023-02-10T01:57:48.491+0000] {processor.py:753} INFO - DAG(s) dict_keys(['example_trigger_target_dag']) retrieved from /home/airflow/.local/lib/python3.7/site-packages/airflow/example_dags/example_trigger_target_dag.py
[2023-02-10T01:57:48.792+0000] {logging_mixin.py:137} INFO - [2023-02-10T01:57:48.792+0000] {dag.py:2690} INFO - Sync 1 DAGs
[2023-02-10T01:57:49.125+0000] {logging_mixin.py:137} INFO - [2023-02-10T01:57:49.125+0000] {dag.py:3441} INFO - Setting next_dagrun for example_trigger_target_dag to None, run_after=None
[2023-02-10T01:57:49.368+0000] {processor.py:175} INFO - Processing /home/airflow/.local/lib/python3.7/site-packages/airflow/example_dags/example_trigger_target_dag.py took 1.309 seconds
[2023-02-10T01:58:19.723+0000] {processor.py:153} INFO - Started process (PID=952) to work on /home/airflow/.local/lib/python3.7/site-packages/airflow/example_dags/example_trigger_target_dag.py
[2023-02-10T01:58:19.728+0000] {processor.py:743} INFO - Processing file /home/airflow/.local/lib/python3.7/site-packages/airflow/example_dags/example_trigger_target_dag.py for tasks to queue
[2023-02-10T01:58:19.732+0000] {logging_mixin.py:137} INFO - [2023-02-10T01:58:19.732+0000] {dagbag.py:538} INFO - Filling up the DagBag from /home/airflow/.local/lib/python3.7/site-packages/airflow/example_dags/example_trigger_target_dag.py
[2023-02-10T01:58:19.776+0000] {processor.py:753} INFO - DAG(s) dict_keys(['example_trigger_target_dag']) retrieved from /home/airflow/.local/lib/python3.7/site-packages/airflow/example_dags/example_trigger_target_dag.py
[2023-02-10T01:58:19.830+0000] {logging_mixin.py:137} INFO - [2023-02-10T01:58:19.830+0000] {dag.py:2690} INFO - Sync 1 DAGs
[2023-02-10T01:58:19.884+0000] {logging_mixin.py:137} INFO - [2023-02-10T01:58:19.884+0000] {dag.py:3441} INFO - Setting next_dagrun for example_trigger_target_dag to None, run_after=None
[2023-02-10T01:58:19.929+0000] {processor.py:175} INFO - Processing /home/airflow/.local/lib/python3.7/site-packages/airflow/example_dags/example_trigger_target_dag.py took 0.220 seconds
[2023-02-10T01:58:57.757+0000] {processor.py:153} INFO - Started process (PID=1009) to work on /home/airflow/.local/lib/python3.7/site-packages/airflow/example_dags/example_trigger_target_dag.py
[2023-02-10T01:58:57.763+0000] {processor.py:743} INFO - Processing file /home/airflow/.local/lib/python3.7/site-packages/airflow/example_dags/example_trigger_target_dag.py for tasks to queue
[2023-02-10T01:58:57.772+0000] {logging_mixin.py:137} INFO - [2023-02-10T01:58:57.771+0000] {dagbag.py:538} INFO - Filling up the DagBag from /home/airflow/.local/lib/python3.7/site-packages/airflow/example_dags/example_trigger_target_dag.py
[2023-02-10T01:58:57.857+0000] {processor.py:753} INFO - DAG(s) dict_keys(['example_trigger_target_dag']) retrieved from /home/airflow/.local/lib/python3.7/site-packages/airflow/example_dags/example_trigger_target_dag.py
[2023-02-10T01:58:57.956+0000] {logging_mixin.py:137} INFO - [2023-02-10T01:58:57.955+0000] {dag.py:2690} INFO - Sync 1 DAGs
[2023-02-10T01:58:58.049+0000] {logging_mixin.py:137} INFO - [2023-02-10T01:58:58.049+0000] {dag.py:3441} INFO - Setting next_dagrun for example_trigger_target_dag to None, run_after=None
[2023-02-10T01:58:58.114+0000] {processor.py:175} INFO - Processing /home/airflow/.local/lib/python3.7/site-packages/airflow/example_dags/example_trigger_target_dag.py took 0.382 seconds
[2023-02-10T01:59:37.977+0000] {processor.py:153} INFO - Started process (PID=1065) to work on /home/airflow/.local/lib/python3.7/site-packages/airflow/example_dags/example_trigger_target_dag.py
[2023-02-10T01:59:37.996+0000] {processor.py:743} INFO - Processing file /home/airflow/.local/lib/python3.7/site-packages/airflow/example_dags/example_trigger_target_dag.py for tasks to queue
[2023-02-10T01:59:38.020+0000] {logging_mixin.py:137} INFO - [2023-02-10T01:59:38.017+0000] {dagbag.py:538} INFO - Filling up the DagBag from /home/airflow/.local/lib/python3.7/site-packages/airflow/example_dags/example_trigger_target_dag.py
[2023-02-10T01:59:38.220+0000] {processor.py:753} INFO - DAG(s) dict_keys(['example_trigger_target_dag']) retrieved from /home/airflow/.local/lib/python3.7/site-packages/airflow/example_dags/example_trigger_target_dag.py
[2023-02-10T01:59:38.451+0000] {logging_mixin.py:137} INFO - [2023-02-10T01:59:38.450+0000] {dag.py:2690} INFO - Sync 1 DAGs
[2023-02-10T01:59:38.760+0000] {logging_mixin.py:137} INFO - [2023-02-10T01:59:38.760+0000] {dag.py:3441} INFO - Setting next_dagrun for example_trigger_target_dag to None, run_after=None
[2023-02-10T01:59:38.914+0000] {processor.py:175} INFO - Processing /home/airflow/.local/lib/python3.7/site-packages/airflow/example_dags/example_trigger_target_dag.py took 0.953 seconds
[2023-02-10T02:00:19.962+0000] {processor.py:153} INFO - Started process (PID=1122) to work on /home/airflow/.local/lib/python3.7/site-packages/airflow/example_dags/example_trigger_target_dag.py
[2023-02-10T02:00:19.966+0000] {processor.py:743} INFO - Processing file /home/airflow/.local/lib/python3.7/site-packages/airflow/example_dags/example_trigger_target_dag.py for tasks to queue
[2023-02-10T02:00:19.973+0000] {logging_mixin.py:137} INFO - [2023-02-10T02:00:19.972+0000] {dagbag.py:538} INFO - Filling up the DagBag from /home/airflow/.local/lib/python3.7/site-packages/airflow/example_dags/example_trigger_target_dag.py
[2023-02-10T02:00:20.116+0000] {processor.py:753} INFO - DAG(s) dict_keys(['example_trigger_target_dag']) retrieved from /home/airflow/.local/lib/python3.7/site-packages/airflow/example_dags/example_trigger_target_dag.py
[2023-02-10T02:00:20.264+0000] {logging_mixin.py:137} INFO - [2023-02-10T02:00:20.263+0000] {dag.py:2690} INFO - Sync 1 DAGs
[2023-02-10T02:00:20.486+0000] {logging_mixin.py:137} INFO - [2023-02-10T02:00:20.486+0000] {dag.py:3441} INFO - Setting next_dagrun for example_trigger_target_dag to None, run_after=None
[2023-02-10T02:00:20.569+0000] {processor.py:175} INFO - Processing /home/airflow/.local/lib/python3.7/site-packages/airflow/example_dags/example_trigger_target_dag.py took 0.629 seconds
[2023-02-10T02:00:56.420+0000] {processor.py:153} INFO - Started process (PID=1180) to work on /home/airflow/.local/lib/python3.7/site-packages/airflow/example_dags/example_trigger_target_dag.py
[2023-02-10T02:00:56.424+0000] {processor.py:743} INFO - Processing file /home/airflow/.local/lib/python3.7/site-packages/airflow/example_dags/example_trigger_target_dag.py for tasks to queue
[2023-02-10T02:00:56.438+0000] {logging_mixin.py:137} INFO - [2023-02-10T02:00:56.437+0000] {dagbag.py:538} INFO - Filling up the DagBag from /home/airflow/.local/lib/python3.7/site-packages/airflow/example_dags/example_trigger_target_dag.py
[2023-02-10T02:00:56.772+0000] {processor.py:753} INFO - DAG(s) dict_keys(['example_trigger_target_dag']) retrieved from /home/airflow/.local/lib/python3.7/site-packages/airflow/example_dags/example_trigger_target_dag.py
[2023-02-10T02:00:57.111+0000] {logging_mixin.py:137} INFO - [2023-02-10T02:00:57.111+0000] {dag.py:2690} INFO - Sync 1 DAGs
[2023-02-10T02:00:57.449+0000] {logging_mixin.py:137} INFO - [2023-02-10T02:00:57.449+0000] {dag.py:3441} INFO - Setting next_dagrun for example_trigger_target_dag to None, run_after=None
[2023-02-10T02:00:57.606+0000] {processor.py:175} INFO - Processing /home/airflow/.local/lib/python3.7/site-packages/airflow/example_dags/example_trigger_target_dag.py took 1.233 seconds
[2023-02-10T02:01:35.743+0000] {processor.py:153} INFO - Started process (PID=1238) to work on /home/airflow/.local/lib/python3.7/site-packages/airflow/example_dags/example_trigger_target_dag.py
[2023-02-10T02:01:35.772+0000] {processor.py:743} INFO - Processing file /home/airflow/.local/lib/python3.7/site-packages/airflow/example_dags/example_trigger_target_dag.py for tasks to queue
[2023-02-10T02:01:35.787+0000] {logging_mixin.py:137} INFO - [2023-02-10T02:01:35.786+0000] {dagbag.py:538} INFO - Filling up the DagBag from /home/airflow/.local/lib/python3.7/site-packages/airflow/example_dags/example_trigger_target_dag.py
[2023-02-10T02:01:36.291+0000] {processor.py:753} INFO - DAG(s) dict_keys(['example_trigger_target_dag']) retrieved from /home/airflow/.local/lib/python3.7/site-packages/airflow/example_dags/example_trigger_target_dag.py
[2023-02-10T02:01:36.780+0000] {logging_mixin.py:137} INFO - [2023-02-10T02:01:36.778+0000] {dag.py:2690} INFO - Sync 1 DAGs
[2023-02-10T02:01:37.424+0000] {logging_mixin.py:137} INFO - [2023-02-10T02:01:37.424+0000] {dag.py:3441} INFO - Setting next_dagrun for example_trigger_target_dag to None, run_after=None
[2023-02-10T02:01:37.676+0000] {processor.py:175} INFO - Processing /home/airflow/.local/lib/python3.7/site-packages/airflow/example_dags/example_trigger_target_dag.py took 1.977 seconds
[2023-02-10T02:02:09.355+0000] {processor.py:153} INFO - Started process (PID=1296) to work on /home/airflow/.local/lib/python3.7/site-packages/airflow/example_dags/example_trigger_target_dag.py
[2023-02-10T02:02:09.359+0000] {processor.py:743} INFO - Processing file /home/airflow/.local/lib/python3.7/site-packages/airflow/example_dags/example_trigger_target_dag.py for tasks to queue
[2023-02-10T02:02:09.363+0000] {logging_mixin.py:137} INFO - [2023-02-10T02:02:09.363+0000] {dagbag.py:538} INFO - Filling up the DagBag from /home/airflow/.local/lib/python3.7/site-packages/airflow/example_dags/example_trigger_target_dag.py
[2023-02-10T02:02:09.464+0000] {processor.py:753} INFO - DAG(s) dict_keys(['example_trigger_target_dag']) retrieved from /home/airflow/.local/lib/python3.7/site-packages/airflow/example_dags/example_trigger_target_dag.py
[2023-02-10T02:02:09.583+0000] {logging_mixin.py:137} INFO - [2023-02-10T02:02:09.583+0000] {dag.py:2690} INFO - Sync 1 DAGs
[2023-02-10T02:02:09.674+0000] {logging_mixin.py:137} INFO - [2023-02-10T02:02:09.673+0000] {dag.py:3441} INFO - Setting next_dagrun for example_trigger_target_dag to None, run_after=None
[2023-02-10T02:02:09.801+0000] {processor.py:175} INFO - Processing /home/airflow/.local/lib/python3.7/site-packages/airflow/example_dags/example_trigger_target_dag.py took 0.459 seconds
[2023-02-10T02:02:40.375+0000] {processor.py:153} INFO - Started process (PID=1345) to work on /home/airflow/.local/lib/python3.7/site-packages/airflow/example_dags/example_trigger_target_dag.py
[2023-02-10T02:02:40.383+0000] {processor.py:743} INFO - Processing file /home/airflow/.local/lib/python3.7/site-packages/airflow/example_dags/example_trigger_target_dag.py for tasks to queue
[2023-02-10T02:02:40.389+0000] {logging_mixin.py:137} INFO - [2023-02-10T02:02:40.389+0000] {dagbag.py:538} INFO - Filling up the DagBag from /home/airflow/.local/lib/python3.7/site-packages/airflow/example_dags/example_trigger_target_dag.py
[2023-02-10T02:02:40.497+0000] {processor.py:753} INFO - DAG(s) dict_keys(['example_trigger_target_dag']) retrieved from /home/airflow/.local/lib/python3.7/site-packages/airflow/example_dags/example_trigger_target_dag.py
[2023-02-10T02:02:40.561+0000] {logging_mixin.py:137} INFO - [2023-02-10T02:02:40.561+0000] {dag.py:2690} INFO - Sync 1 DAGs
[2023-02-10T02:02:40.622+0000] {logging_mixin.py:137} INFO - [2023-02-10T02:02:40.622+0000] {dag.py:3441} INFO - Setting next_dagrun for example_trigger_target_dag to None, run_after=None
[2023-02-10T02:02:40.670+0000] {processor.py:175} INFO - Processing /home/airflow/.local/lib/python3.7/site-packages/airflow/example_dags/example_trigger_target_dag.py took 0.314 seconds
[2023-02-10T02:03:11.046+0000] {processor.py:153} INFO - Started process (PID=1404) to work on /home/airflow/.local/lib/python3.7/site-packages/airflow/example_dags/example_trigger_target_dag.py
[2023-02-10T02:03:11.049+0000] {processor.py:743} INFO - Processing file /home/airflow/.local/lib/python3.7/site-packages/airflow/example_dags/example_trigger_target_dag.py for tasks to queue
[2023-02-10T02:03:11.053+0000] {logging_mixin.py:137} INFO - [2023-02-10T02:03:11.052+0000] {dagbag.py:538} INFO - Filling up the DagBag from /home/airflow/.local/lib/python3.7/site-packages/airflow/example_dags/example_trigger_target_dag.py
[2023-02-10T02:03:11.098+0000] {processor.py:753} INFO - DAG(s) dict_keys(['example_trigger_target_dag']) retrieved from /home/airflow/.local/lib/python3.7/site-packages/airflow/example_dags/example_trigger_target_dag.py
[2023-02-10T02:03:11.158+0000] {logging_mixin.py:137} INFO - [2023-02-10T02:03:11.157+0000] {dag.py:2690} INFO - Sync 1 DAGs
[2023-02-10T02:03:11.215+0000] {logging_mixin.py:137} INFO - [2023-02-10T02:03:11.214+0000] {dag.py:3441} INFO - Setting next_dagrun for example_trigger_target_dag to None, run_after=None
[2023-02-10T02:03:11.255+0000] {processor.py:175} INFO - Processing /home/airflow/.local/lib/python3.7/site-packages/airflow/example_dags/example_trigger_target_dag.py took 0.216 seconds
[2023-02-10T02:03:41.882+0000] {processor.py:153} INFO - Started process (PID=1464) to work on /home/airflow/.local/lib/python3.7/site-packages/airflow/example_dags/example_trigger_target_dag.py
[2023-02-10T02:03:41.894+0000] {processor.py:743} INFO - Processing file /home/airflow/.local/lib/python3.7/site-packages/airflow/example_dags/example_trigger_target_dag.py for tasks to queue
[2023-02-10T02:03:41.900+0000] {logging_mixin.py:137} INFO - [2023-02-10T02:03:41.899+0000] {dagbag.py:538} INFO - Filling up the DagBag from /home/airflow/.local/lib/python3.7/site-packages/airflow/example_dags/example_trigger_target_dag.py
[2023-02-10T02:03:42.130+0000] {processor.py:753} INFO - DAG(s) dict_keys(['example_trigger_target_dag']) retrieved from /home/airflow/.local/lib/python3.7/site-packages/airflow/example_dags/example_trigger_target_dag.py
[2023-02-10T02:03:42.317+0000] {logging_mixin.py:137} INFO - [2023-02-10T02:03:42.316+0000] {dag.py:2690} INFO - Sync 1 DAGs
[2023-02-10T02:03:42.664+0000] {logging_mixin.py:137} INFO - [2023-02-10T02:03:42.658+0000] {dag.py:3441} INFO - Setting next_dagrun for example_trigger_target_dag to None, run_after=None
[2023-02-10T02:03:42.772+0000] {processor.py:175} INFO - Processing /home/airflow/.local/lib/python3.7/site-packages/airflow/example_dags/example_trigger_target_dag.py took 0.915 seconds
[2023-02-10T02:04:13.031+0000] {processor.py:153} INFO - Started process (PID=1523) to work on /home/airflow/.local/lib/python3.7/site-packages/airflow/example_dags/example_trigger_target_dag.py
[2023-02-10T02:04:13.042+0000] {processor.py:743} INFO - Processing file /home/airflow/.local/lib/python3.7/site-packages/airflow/example_dags/example_trigger_target_dag.py for tasks to queue
[2023-02-10T02:04:13.052+0000] {logging_mixin.py:137} INFO - [2023-02-10T02:04:13.049+0000] {dagbag.py:538} INFO - Filling up the DagBag from /home/airflow/.local/lib/python3.7/site-packages/airflow/example_dags/example_trigger_target_dag.py
[2023-02-10T02:04:13.207+0000] {processor.py:753} INFO - DAG(s) dict_keys(['example_trigger_target_dag']) retrieved from /home/airflow/.local/lib/python3.7/site-packages/airflow/example_dags/example_trigger_target_dag.py
[2023-02-10T02:04:13.351+0000] {logging_mixin.py:137} INFO - [2023-02-10T02:04:13.351+0000] {dag.py:2690} INFO - Sync 1 DAGs
[2023-02-10T02:04:13.490+0000] {logging_mixin.py:137} INFO - [2023-02-10T02:04:13.490+0000] {dag.py:3441} INFO - Setting next_dagrun for example_trigger_target_dag to None, run_after=None
[2023-02-10T02:04:13.572+0000] {processor.py:175} INFO - Processing /home/airflow/.local/lib/python3.7/site-packages/airflow/example_dags/example_trigger_target_dag.py took 0.580 seconds
[2023-02-10T02:04:43.806+0000] {processor.py:153} INFO - Started process (PID=1580) to work on /home/airflow/.local/lib/python3.7/site-packages/airflow/example_dags/example_trigger_target_dag.py
[2023-02-10T02:04:43.811+0000] {processor.py:743} INFO - Processing file /home/airflow/.local/lib/python3.7/site-packages/airflow/example_dags/example_trigger_target_dag.py for tasks to queue
[2023-02-10T02:04:43.816+0000] {logging_mixin.py:137} INFO - [2023-02-10T02:04:43.815+0000] {dagbag.py:538} INFO - Filling up the DagBag from /home/airflow/.local/lib/python3.7/site-packages/airflow/example_dags/example_trigger_target_dag.py
[2023-02-10T02:04:43.985+0000] {processor.py:753} INFO - DAG(s) dict_keys(['example_trigger_target_dag']) retrieved from /home/airflow/.local/lib/python3.7/site-packages/airflow/example_dags/example_trigger_target_dag.py
[2023-02-10T02:04:44.100+0000] {logging_mixin.py:137} INFO - [2023-02-10T02:04:44.100+0000] {dag.py:2690} INFO - Sync 1 DAGs
[2023-02-10T02:04:44.260+0000] {logging_mixin.py:137} INFO - [2023-02-10T02:04:44.259+0000] {dag.py:3441} INFO - Setting next_dagrun for example_trigger_target_dag to None, run_after=None
[2023-02-10T02:04:44.362+0000] {processor.py:175} INFO - Processing /home/airflow/.local/lib/python3.7/site-packages/airflow/example_dags/example_trigger_target_dag.py took 0.583 seconds
[2023-02-10T02:05:15.281+0000] {processor.py:153} INFO - Started process (PID=1639) to work on /home/airflow/.local/lib/python3.7/site-packages/airflow/example_dags/example_trigger_target_dag.py
[2023-02-10T02:05:15.286+0000] {processor.py:743} INFO - Processing file /home/airflow/.local/lib/python3.7/site-packages/airflow/example_dags/example_trigger_target_dag.py for tasks to queue
[2023-02-10T02:05:15.298+0000] {logging_mixin.py:137} INFO - [2023-02-10T02:05:15.298+0000] {dagbag.py:538} INFO - Filling up the DagBag from /home/airflow/.local/lib/python3.7/site-packages/airflow/example_dags/example_trigger_target_dag.py
[2023-02-10T02:05:15.450+0000] {processor.py:753} INFO - DAG(s) dict_keys(['example_trigger_target_dag']) retrieved from /home/airflow/.local/lib/python3.7/site-packages/airflow/example_dags/example_trigger_target_dag.py
[2023-02-10T02:05:15.528+0000] {logging_mixin.py:137} INFO - [2023-02-10T02:05:15.527+0000] {dag.py:2690} INFO - Sync 1 DAGs
[2023-02-10T02:05:15.661+0000] {logging_mixin.py:137} INFO - [2023-02-10T02:05:15.661+0000] {dag.py:3441} INFO - Setting next_dagrun for example_trigger_target_dag to None, run_after=None
[2023-02-10T02:05:15.790+0000] {processor.py:175} INFO - Processing /home/airflow/.local/lib/python3.7/site-packages/airflow/example_dags/example_trigger_target_dag.py took 0.520 seconds
[2023-02-10T02:05:46.099+0000] {processor.py:153} INFO - Started process (PID=1697) to work on /home/airflow/.local/lib/python3.7/site-packages/airflow/example_dags/example_trigger_target_dag.py
[2023-02-10T02:05:46.105+0000] {processor.py:743} INFO - Processing file /home/airflow/.local/lib/python3.7/site-packages/airflow/example_dags/example_trigger_target_dag.py for tasks to queue
[2023-02-10T02:05:46.117+0000] {logging_mixin.py:137} INFO - [2023-02-10T02:05:46.116+0000] {dagbag.py:538} INFO - Filling up the DagBag from /home/airflow/.local/lib/python3.7/site-packages/airflow/example_dags/example_trigger_target_dag.py
[2023-02-10T02:05:46.166+0000] {processor.py:753} INFO - DAG(s) dict_keys(['example_trigger_target_dag']) retrieved from /home/airflow/.local/lib/python3.7/site-packages/airflow/example_dags/example_trigger_target_dag.py
[2023-02-10T02:05:46.230+0000] {logging_mixin.py:137} INFO - [2023-02-10T02:05:46.230+0000] {dag.py:2690} INFO - Sync 1 DAGs
[2023-02-10T02:05:46.288+0000] {logging_mixin.py:137} INFO - [2023-02-10T02:05:46.288+0000] {dag.py:3441} INFO - Setting next_dagrun for example_trigger_target_dag to None, run_after=None
[2023-02-10T02:05:46.356+0000] {processor.py:175} INFO - Processing /home/airflow/.local/lib/python3.7/site-packages/airflow/example_dags/example_trigger_target_dag.py took 0.271 seconds
[2023-02-10T02:06:17.969+0000] {processor.py:153} INFO - Started process (PID=1754) to work on /home/airflow/.local/lib/python3.7/site-packages/airflow/example_dags/example_trigger_target_dag.py
[2023-02-10T02:06:17.974+0000] {processor.py:743} INFO - Processing file /home/airflow/.local/lib/python3.7/site-packages/airflow/example_dags/example_trigger_target_dag.py for tasks to queue
[2023-02-10T02:06:17.983+0000] {logging_mixin.py:137} INFO - [2023-02-10T02:06:17.982+0000] {dagbag.py:538} INFO - Filling up the DagBag from /home/airflow/.local/lib/python3.7/site-packages/airflow/example_dags/example_trigger_target_dag.py
[2023-02-10T02:06:18.361+0000] {processor.py:753} INFO - DAG(s) dict_keys(['example_trigger_target_dag']) retrieved from /home/airflow/.local/lib/python3.7/site-packages/airflow/example_dags/example_trigger_target_dag.py
[2023-02-10T02:06:18.744+0000] {logging_mixin.py:137} INFO - [2023-02-10T02:06:18.743+0000] {dag.py:2690} INFO - Sync 1 DAGs
[2023-02-10T02:06:18.845+0000] {logging_mixin.py:137} INFO - [2023-02-10T02:06:18.844+0000] {dag.py:3441} INFO - Setting next_dagrun for example_trigger_target_dag to None, run_after=None
[2023-02-10T02:06:18.945+0000] {processor.py:175} INFO - Processing /home/airflow/.local/lib/python3.7/site-packages/airflow/example_dags/example_trigger_target_dag.py took 0.991 seconds
[2023-02-10T02:06:49.571+0000] {processor.py:153} INFO - Started process (PID=1813) to work on /home/airflow/.local/lib/python3.7/site-packages/airflow/example_dags/example_trigger_target_dag.py
[2023-02-10T02:06:49.578+0000] {processor.py:743} INFO - Processing file /home/airflow/.local/lib/python3.7/site-packages/airflow/example_dags/example_trigger_target_dag.py for tasks to queue
[2023-02-10T02:06:49.585+0000] {logging_mixin.py:137} INFO - [2023-02-10T02:06:49.585+0000] {dagbag.py:538} INFO - Filling up the DagBag from /home/airflow/.local/lib/python3.7/site-packages/airflow/example_dags/example_trigger_target_dag.py
[2023-02-10T02:06:49.705+0000] {processor.py:753} INFO - DAG(s) dict_keys(['example_trigger_target_dag']) retrieved from /home/airflow/.local/lib/python3.7/site-packages/airflow/example_dags/example_trigger_target_dag.py
[2023-02-10T02:06:49.867+0000] {logging_mixin.py:137} INFO - [2023-02-10T02:06:49.866+0000] {dag.py:2690} INFO - Sync 1 DAGs
[2023-02-10T02:06:50.067+0000] {logging_mixin.py:137} INFO - [2023-02-10T02:06:50.067+0000] {dag.py:3441} INFO - Setting next_dagrun for example_trigger_target_dag to None, run_after=None
[2023-02-10T02:06:50.331+0000] {processor.py:175} INFO - Processing /home/airflow/.local/lib/python3.7/site-packages/airflow/example_dags/example_trigger_target_dag.py took 0.805 seconds
[2023-02-10T02:07:20.847+0000] {processor.py:153} INFO - Started process (PID=1872) to work on /home/airflow/.local/lib/python3.7/site-packages/airflow/example_dags/example_trigger_target_dag.py
[2023-02-10T02:07:20.852+0000] {processor.py:743} INFO - Processing file /home/airflow/.local/lib/python3.7/site-packages/airflow/example_dags/example_trigger_target_dag.py for tasks to queue
[2023-02-10T02:07:20.860+0000] {logging_mixin.py:137} INFO - [2023-02-10T02:07:20.859+0000] {dagbag.py:538} INFO - Filling up the DagBag from /home/airflow/.local/lib/python3.7/site-packages/airflow/example_dags/example_trigger_target_dag.py
[2023-02-10T02:07:20.919+0000] {processor.py:753} INFO - DAG(s) dict_keys(['example_trigger_target_dag']) retrieved from /home/airflow/.local/lib/python3.7/site-packages/airflow/example_dags/example_trigger_target_dag.py
[2023-02-10T02:07:20.996+0000] {logging_mixin.py:137} INFO - [2023-02-10T02:07:20.996+0000] {dag.py:2690} INFO - Sync 1 DAGs
[2023-02-10T02:07:21.077+0000] {logging_mixin.py:137} INFO - [2023-02-10T02:07:21.077+0000] {dag.py:3441} INFO - Setting next_dagrun for example_trigger_target_dag to None, run_after=None
[2023-02-10T02:07:21.169+0000] {processor.py:175} INFO - Processing /home/airflow/.local/lib/python3.7/site-packages/airflow/example_dags/example_trigger_target_dag.py took 0.333 seconds
[2023-02-10T02:07:52.373+0000] {processor.py:153} INFO - Started process (PID=1930) to work on /home/airflow/.local/lib/python3.7/site-packages/airflow/example_dags/example_trigger_target_dag.py
[2023-02-10T02:07:52.446+0000] {processor.py:743} INFO - Processing file /home/airflow/.local/lib/python3.7/site-packages/airflow/example_dags/example_trigger_target_dag.py for tasks to queue
[2023-02-10T02:07:52.571+0000] {logging_mixin.py:137} INFO - [2023-02-10T02:07:52.570+0000] {dagbag.py:538} INFO - Filling up the DagBag from /home/airflow/.local/lib/python3.7/site-packages/airflow/example_dags/example_trigger_target_dag.py
[2023-02-10T02:07:53.929+0000] {processor.py:753} INFO - DAG(s) dict_keys(['example_trigger_target_dag']) retrieved from /home/airflow/.local/lib/python3.7/site-packages/airflow/example_dags/example_trigger_target_dag.py
[2023-02-10T02:07:54.341+0000] {logging_mixin.py:137} INFO - [2023-02-10T02:07:54.340+0000] {dag.py:2690} INFO - Sync 1 DAGs
[2023-02-10T02:07:55.349+0000] {logging_mixin.py:137} INFO - [2023-02-10T02:07:55.348+0000] {dag.py:3441} INFO - Setting next_dagrun for example_trigger_target_dag to None, run_after=None
[2023-02-10T02:07:55.457+0000] {processor.py:175} INFO - Processing /home/airflow/.local/lib/python3.7/site-packages/airflow/example_dags/example_trigger_target_dag.py took 3.121 seconds
[2023-02-10T02:08:25.740+0000] {processor.py:153} INFO - Started process (PID=1981) to work on /home/airflow/.local/lib/python3.7/site-packages/airflow/example_dags/example_trigger_target_dag.py
[2023-02-10T02:08:25.745+0000] {processor.py:743} INFO - Processing file /home/airflow/.local/lib/python3.7/site-packages/airflow/example_dags/example_trigger_target_dag.py for tasks to queue
[2023-02-10T02:08:25.749+0000] {logging_mixin.py:137} INFO - [2023-02-10T02:08:25.749+0000] {dagbag.py:538} INFO - Filling up the DagBag from /home/airflow/.local/lib/python3.7/site-packages/airflow/example_dags/example_trigger_target_dag.py
[2023-02-10T02:08:26.011+0000] {processor.py:753} INFO - DAG(s) dict_keys(['example_trigger_target_dag']) retrieved from /home/airflow/.local/lib/python3.7/site-packages/airflow/example_dags/example_trigger_target_dag.py
[2023-02-10T02:08:26.359+0000] {logging_mixin.py:137} INFO - [2023-02-10T02:08:26.358+0000] {dag.py:2690} INFO - Sync 1 DAGs
[2023-02-10T02:08:26.903+0000] {logging_mixin.py:137} INFO - [2023-02-10T02:08:26.903+0000] {dag.py:3441} INFO - Setting next_dagrun for example_trigger_target_dag to None, run_after=None
[2023-02-10T02:08:27.122+0000] {processor.py:175} INFO - Processing /home/airflow/.local/lib/python3.7/site-packages/airflow/example_dags/example_trigger_target_dag.py took 1.441 seconds
[2023-02-10T02:08:58.157+0000] {processor.py:153} INFO - Started process (PID=2040) to work on /home/airflow/.local/lib/python3.7/site-packages/airflow/example_dags/example_trigger_target_dag.py
[2023-02-10T02:08:58.179+0000] {processor.py:743} INFO - Processing file /home/airflow/.local/lib/python3.7/site-packages/airflow/example_dags/example_trigger_target_dag.py for tasks to queue
[2023-02-10T02:08:58.193+0000] {logging_mixin.py:137} INFO - [2023-02-10T02:08:58.191+0000] {dagbag.py:538} INFO - Filling up the DagBag from /home/airflow/.local/lib/python3.7/site-packages/airflow/example_dags/example_trigger_target_dag.py
[2023-02-10T02:08:58.358+0000] {processor.py:753} INFO - DAG(s) dict_keys(['example_trigger_target_dag']) retrieved from /home/airflow/.local/lib/python3.7/site-packages/airflow/example_dags/example_trigger_target_dag.py
[2023-02-10T02:08:58.763+0000] {logging_mixin.py:137} INFO - [2023-02-10T02:08:58.754+0000] {dag.py:2690} INFO - Sync 1 DAGs
[2023-02-10T02:08:59.216+0000] {logging_mixin.py:137} INFO - [2023-02-10T02:08:59.216+0000] {dag.py:3441} INFO - Setting next_dagrun for example_trigger_target_dag to None, run_after=None
[2023-02-10T02:08:59.397+0000] {processor.py:175} INFO - Processing /home/airflow/.local/lib/python3.7/site-packages/airflow/example_dags/example_trigger_target_dag.py took 1.262 seconds
[2023-02-10T02:09:29.650+0000] {processor.py:153} INFO - Started process (PID=2087) to work on /home/airflow/.local/lib/python3.7/site-packages/airflow/example_dags/example_trigger_target_dag.py
[2023-02-10T02:09:29.657+0000] {processor.py:743} INFO - Processing file /home/airflow/.local/lib/python3.7/site-packages/airflow/example_dags/example_trigger_target_dag.py for tasks to queue
[2023-02-10T02:09:29.669+0000] {logging_mixin.py:137} INFO - [2023-02-10T02:09:29.669+0000] {dagbag.py:538} INFO - Filling up the DagBag from /home/airflow/.local/lib/python3.7/site-packages/airflow/example_dags/example_trigger_target_dag.py
[2023-02-10T02:09:29.839+0000] {processor.py:753} INFO - DAG(s) dict_keys(['example_trigger_target_dag']) retrieved from /home/airflow/.local/lib/python3.7/site-packages/airflow/example_dags/example_trigger_target_dag.py
[2023-02-10T02:09:30.025+0000] {logging_mixin.py:137} INFO - [2023-02-10T02:09:30.025+0000] {dag.py:2690} INFO - Sync 1 DAGs
[2023-02-10T02:09:30.348+0000] {logging_mixin.py:137} INFO - [2023-02-10T02:09:30.348+0000] {dag.py:3441} INFO - Setting next_dagrun for example_trigger_target_dag to None, run_after=None
[2023-02-10T02:09:30.799+0000] {processor.py:175} INFO - Processing /home/airflow/.local/lib/python3.7/site-packages/airflow/example_dags/example_trigger_target_dag.py took 1.174 seconds
[2023-02-10T02:10:03.688+0000] {processor.py:153} INFO - Started process (PID=2147) to work on /home/airflow/.local/lib/python3.7/site-packages/airflow/example_dags/example_trigger_target_dag.py
[2023-02-10T02:10:03.698+0000] {processor.py:743} INFO - Processing file /home/airflow/.local/lib/python3.7/site-packages/airflow/example_dags/example_trigger_target_dag.py for tasks to queue
[2023-02-10T02:10:03.732+0000] {logging_mixin.py:137} INFO - [2023-02-10T02:10:03.732+0000] {dagbag.py:538} INFO - Filling up the DagBag from /home/airflow/.local/lib/python3.7/site-packages/airflow/example_dags/example_trigger_target_dag.py
[2023-02-10T02:10:04.146+0000] {processor.py:753} INFO - DAG(s) dict_keys(['example_trigger_target_dag']) retrieved from /home/airflow/.local/lib/python3.7/site-packages/airflow/example_dags/example_trigger_target_dag.py
[2023-02-10T02:10:04.474+0000] {logging_mixin.py:137} INFO - [2023-02-10T02:10:04.474+0000] {dag.py:2690} INFO - Sync 1 DAGs
[2023-02-10T02:10:04.816+0000] {logging_mixin.py:137} INFO - [2023-02-10T02:10:04.816+0000] {dag.py:3441} INFO - Setting next_dagrun for example_trigger_target_dag to None, run_after=None
[2023-02-10T02:10:04.995+0000] {processor.py:175} INFO - Processing /home/airflow/.local/lib/python3.7/site-packages/airflow/example_dags/example_trigger_target_dag.py took 1.356 seconds
[2023-02-10T02:10:44.964+0000] {processor.py:153} INFO - Started process (PID=2206) to work on /home/airflow/.local/lib/python3.7/site-packages/airflow/example_dags/example_trigger_target_dag.py
[2023-02-10T02:10:44.974+0000] {processor.py:743} INFO - Processing file /home/airflow/.local/lib/python3.7/site-packages/airflow/example_dags/example_trigger_target_dag.py for tasks to queue
[2023-02-10T02:10:44.986+0000] {logging_mixin.py:137} INFO - [2023-02-10T02:10:44.986+0000] {dagbag.py:538} INFO - Filling up the DagBag from /home/airflow/.local/lib/python3.7/site-packages/airflow/example_dags/example_trigger_target_dag.py
[2023-02-10T02:10:45.159+0000] {processor.py:753} INFO - DAG(s) dict_keys(['example_trigger_target_dag']) retrieved from /home/airflow/.local/lib/python3.7/site-packages/airflow/example_dags/example_trigger_target_dag.py
[2023-02-10T02:10:45.484+0000] {logging_mixin.py:137} INFO - [2023-02-10T02:10:45.484+0000] {dag.py:2690} INFO - Sync 1 DAGs
[2023-02-10T02:10:45.652+0000] {logging_mixin.py:137} INFO - [2023-02-10T02:10:45.652+0000] {dag.py:3441} INFO - Setting next_dagrun for example_trigger_target_dag to None, run_after=None
[2023-02-10T02:10:45.760+0000] {processor.py:175} INFO - Processing /home/airflow/.local/lib/python3.7/site-packages/airflow/example_dags/example_trigger_target_dag.py took 0.828 seconds
[2023-02-10T02:11:16.627+0000] {processor.py:153} INFO - Started process (PID=2264) to work on /home/airflow/.local/lib/python3.7/site-packages/airflow/example_dags/example_trigger_target_dag.py
[2023-02-10T02:11:16.633+0000] {processor.py:743} INFO - Processing file /home/airflow/.local/lib/python3.7/site-packages/airflow/example_dags/example_trigger_target_dag.py for tasks to queue
[2023-02-10T02:11:16.643+0000] {logging_mixin.py:137} INFO - [2023-02-10T02:11:16.640+0000] {dagbag.py:538} INFO - Filling up the DagBag from /home/airflow/.local/lib/python3.7/site-packages/airflow/example_dags/example_trigger_target_dag.py
[2023-02-10T02:11:16.743+0000] {processor.py:753} INFO - DAG(s) dict_keys(['example_trigger_target_dag']) retrieved from /home/airflow/.local/lib/python3.7/site-packages/airflow/example_dags/example_trigger_target_dag.py
[2023-02-10T02:11:16.854+0000] {logging_mixin.py:137} INFO - [2023-02-10T02:11:16.853+0000] {dag.py:2690} INFO - Sync 1 DAGs
[2023-02-10T02:11:17.067+0000] {logging_mixin.py:137} INFO - [2023-02-10T02:11:17.066+0000] {dag.py:3441} INFO - Setting next_dagrun for example_trigger_target_dag to None, run_after=None
[2023-02-10T02:11:17.160+0000] {processor.py:175} INFO - Processing /home/airflow/.local/lib/python3.7/site-packages/airflow/example_dags/example_trigger_target_dag.py took 0.585 seconds
[2023-02-10T02:11:47.384+0000] {processor.py:153} INFO - Started process (PID=2323) to work on /home/airflow/.local/lib/python3.7/site-packages/airflow/example_dags/example_trigger_target_dag.py
[2023-02-10T02:11:47.395+0000] {processor.py:743} INFO - Processing file /home/airflow/.local/lib/python3.7/site-packages/airflow/example_dags/example_trigger_target_dag.py for tasks to queue
[2023-02-10T02:11:47.405+0000] {logging_mixin.py:137} INFO - [2023-02-10T02:11:47.402+0000] {dagbag.py:538} INFO - Filling up the DagBag from /home/airflow/.local/lib/python3.7/site-packages/airflow/example_dags/example_trigger_target_dag.py
[2023-02-10T02:11:47.507+0000] {processor.py:753} INFO - DAG(s) dict_keys(['example_trigger_target_dag']) retrieved from /home/airflow/.local/lib/python3.7/site-packages/airflow/example_dags/example_trigger_target_dag.py
[2023-02-10T02:11:47.625+0000] {logging_mixin.py:137} INFO - [2023-02-10T02:11:47.624+0000] {dag.py:2690} INFO - Sync 1 DAGs
[2023-02-10T02:11:47.746+0000] {logging_mixin.py:137} INFO - [2023-02-10T02:11:47.746+0000] {dag.py:3441} INFO - Setting next_dagrun for example_trigger_target_dag to None, run_after=None
[2023-02-10T02:11:47.881+0000] {processor.py:175} INFO - Processing /home/airflow/.local/lib/python3.7/site-packages/airflow/example_dags/example_trigger_target_dag.py took 0.533 seconds
[2023-02-10T02:12:18.213+0000] {processor.py:153} INFO - Started process (PID=2381) to work on /home/airflow/.local/lib/python3.7/site-packages/airflow/example_dags/example_trigger_target_dag.py
[2023-02-10T02:12:18.219+0000] {processor.py:743} INFO - Processing file /home/airflow/.local/lib/python3.7/site-packages/airflow/example_dags/example_trigger_target_dag.py for tasks to queue
[2023-02-10T02:12:18.226+0000] {logging_mixin.py:137} INFO - [2023-02-10T02:12:18.225+0000] {dagbag.py:538} INFO - Filling up the DagBag from /home/airflow/.local/lib/python3.7/site-packages/airflow/example_dags/example_trigger_target_dag.py
[2023-02-10T02:12:18.303+0000] {processor.py:753} INFO - DAG(s) dict_keys(['example_trigger_target_dag']) retrieved from /home/airflow/.local/lib/python3.7/site-packages/airflow/example_dags/example_trigger_target_dag.py
[2023-02-10T02:12:18.387+0000] {logging_mixin.py:137} INFO - [2023-02-10T02:12:18.387+0000] {dag.py:2690} INFO - Sync 1 DAGs
[2023-02-10T02:12:18.494+0000] {logging_mixin.py:137} INFO - [2023-02-10T02:12:18.494+0000] {dag.py:3441} INFO - Setting next_dagrun for example_trigger_target_dag to None, run_after=None
[2023-02-10T02:12:18.600+0000] {processor.py:175} INFO - Processing /home/airflow/.local/lib/python3.7/site-packages/airflow/example_dags/example_trigger_target_dag.py took 0.408 seconds
[2023-02-10T02:12:48.817+0000] {processor.py:153} INFO - Started process (PID=2440) to work on /home/airflow/.local/lib/python3.7/site-packages/airflow/example_dags/example_trigger_target_dag.py
[2023-02-10T02:12:48.847+0000] {processor.py:743} INFO - Processing file /home/airflow/.local/lib/python3.7/site-packages/airflow/example_dags/example_trigger_target_dag.py for tasks to queue
[2023-02-10T02:12:48.857+0000] {logging_mixin.py:137} INFO - [2023-02-10T02:12:48.855+0000] {dagbag.py:538} INFO - Filling up the DagBag from /home/airflow/.local/lib/python3.7/site-packages/airflow/example_dags/example_trigger_target_dag.py
[2023-02-10T02:12:48.931+0000] {processor.py:753} INFO - DAG(s) dict_keys(['example_trigger_target_dag']) retrieved from /home/airflow/.local/lib/python3.7/site-packages/airflow/example_dags/example_trigger_target_dag.py
[2023-02-10T02:12:49.136+0000] {logging_mixin.py:137} INFO - [2023-02-10T02:12:49.135+0000] {dag.py:2690} INFO - Sync 1 DAGs
[2023-02-10T02:12:49.492+0000] {logging_mixin.py:137} INFO - [2023-02-10T02:12:49.491+0000] {dag.py:3441} INFO - Setting next_dagrun for example_trigger_target_dag to None, run_after=None
[2023-02-10T02:12:49.622+0000] {processor.py:175} INFO - Processing /home/airflow/.local/lib/python3.7/site-packages/airflow/example_dags/example_trigger_target_dag.py took 0.854 seconds
[2023-02-10T02:13:25.864+0000] {processor.py:153} INFO - Started process (PID=2498) to work on /home/airflow/.local/lib/python3.7/site-packages/airflow/example_dags/example_trigger_target_dag.py
[2023-02-10T02:13:25.875+0000] {processor.py:743} INFO - Processing file /home/airflow/.local/lib/python3.7/site-packages/airflow/example_dags/example_trigger_target_dag.py for tasks to queue
[2023-02-10T02:13:25.881+0000] {logging_mixin.py:137} INFO - [2023-02-10T02:13:25.880+0000] {dagbag.py:538} INFO - Filling up the DagBag from /home/airflow/.local/lib/python3.7/site-packages/airflow/example_dags/example_trigger_target_dag.py
[2023-02-10T02:13:25.990+0000] {processor.py:753} INFO - DAG(s) dict_keys(['example_trigger_target_dag']) retrieved from /home/airflow/.local/lib/python3.7/site-packages/airflow/example_dags/example_trigger_target_dag.py
[2023-02-10T02:13:26.116+0000] {logging_mixin.py:137} INFO - [2023-02-10T02:13:26.115+0000] {dag.py:2690} INFO - Sync 1 DAGs
[2023-02-10T02:13:26.233+0000] {logging_mixin.py:137} INFO - [2023-02-10T02:13:26.233+0000] {dag.py:3441} INFO - Setting next_dagrun for example_trigger_target_dag to None, run_after=None
[2023-02-10T02:13:26.294+0000] {processor.py:175} INFO - Processing /home/airflow/.local/lib/python3.7/site-packages/airflow/example_dags/example_trigger_target_dag.py took 0.449 seconds
[2023-02-10T02:14:02.107+0000] {processor.py:153} INFO - Started process (PID=2547) to work on /home/airflow/.local/lib/python3.7/site-packages/airflow/example_dags/example_trigger_target_dag.py
[2023-02-10T02:14:02.113+0000] {processor.py:743} INFO - Processing file /home/airflow/.local/lib/python3.7/site-packages/airflow/example_dags/example_trigger_target_dag.py for tasks to queue
[2023-02-10T02:14:02.119+0000] {logging_mixin.py:137} INFO - [2023-02-10T02:14:02.119+0000] {dagbag.py:538} INFO - Filling up the DagBag from /home/airflow/.local/lib/python3.7/site-packages/airflow/example_dags/example_trigger_target_dag.py
[2023-02-10T02:14:02.182+0000] {processor.py:753} INFO - DAG(s) dict_keys(['example_trigger_target_dag']) retrieved from /home/airflow/.local/lib/python3.7/site-packages/airflow/example_dags/example_trigger_target_dag.py
[2023-02-10T02:14:02.245+0000] {logging_mixin.py:137} INFO - [2023-02-10T02:14:02.245+0000] {dag.py:2690} INFO - Sync 1 DAGs
[2023-02-10T02:14:02.331+0000] {logging_mixin.py:137} INFO - [2023-02-10T02:14:02.330+0000] {dag.py:3441} INFO - Setting next_dagrun for example_trigger_target_dag to None, run_after=None
[2023-02-10T02:14:02.401+0000] {processor.py:175} INFO - Processing /home/airflow/.local/lib/python3.7/site-packages/airflow/example_dags/example_trigger_target_dag.py took 0.303 seconds
[2023-02-10T02:14:37.991+0000] {processor.py:153} INFO - Started process (PID=2605) to work on /home/airflow/.local/lib/python3.7/site-packages/airflow/example_dags/example_trigger_target_dag.py
[2023-02-10T02:14:37.997+0000] {processor.py:743} INFO - Processing file /home/airflow/.local/lib/python3.7/site-packages/airflow/example_dags/example_trigger_target_dag.py for tasks to queue
[2023-02-10T02:14:38.007+0000] {logging_mixin.py:137} INFO - [2023-02-10T02:14:38.005+0000] {dagbag.py:538} INFO - Filling up the DagBag from /home/airflow/.local/lib/python3.7/site-packages/airflow/example_dags/example_trigger_target_dag.py
[2023-02-10T02:14:38.203+0000] {processor.py:753} INFO - DAG(s) dict_keys(['example_trigger_target_dag']) retrieved from /home/airflow/.local/lib/python3.7/site-packages/airflow/example_dags/example_trigger_target_dag.py
[2023-02-10T02:14:38.339+0000] {logging_mixin.py:137} INFO - [2023-02-10T02:14:38.338+0000] {dag.py:2690} INFO - Sync 1 DAGs
[2023-02-10T02:14:38.429+0000] {logging_mixin.py:137} INFO - [2023-02-10T02:14:38.429+0000] {dag.py:3441} INFO - Setting next_dagrun for example_trigger_target_dag to None, run_after=None
[2023-02-10T02:14:38.592+0000] {processor.py:175} INFO - Processing /home/airflow/.local/lib/python3.7/site-packages/airflow/example_dags/example_trigger_target_dag.py took 0.611 seconds
[2023-02-10T02:15:09.899+0000] {processor.py:153} INFO - Started process (PID=2661) to work on /home/airflow/.local/lib/python3.7/site-packages/airflow/example_dags/example_trigger_target_dag.py
[2023-02-10T02:15:09.928+0000] {processor.py:743} INFO - Processing file /home/airflow/.local/lib/python3.7/site-packages/airflow/example_dags/example_trigger_target_dag.py for tasks to queue
[2023-02-10T02:15:09.945+0000] {logging_mixin.py:137} INFO - [2023-02-10T02:15:09.944+0000] {dagbag.py:538} INFO - Filling up the DagBag from /home/airflow/.local/lib/python3.7/site-packages/airflow/example_dags/example_trigger_target_dag.py
[2023-02-10T02:15:10.367+0000] {processor.py:753} INFO - DAG(s) dict_keys(['example_trigger_target_dag']) retrieved from /home/airflow/.local/lib/python3.7/site-packages/airflow/example_dags/example_trigger_target_dag.py
[2023-02-10T02:15:10.684+0000] {logging_mixin.py:137} INFO - [2023-02-10T02:15:10.683+0000] {dag.py:2690} INFO - Sync 1 DAGs
[2023-02-10T02:15:10.910+0000] {logging_mixin.py:137} INFO - [2023-02-10T02:15:10.909+0000] {dag.py:3441} INFO - Setting next_dagrun for example_trigger_target_dag to None, run_after=None
[2023-02-10T02:15:11.210+0000] {processor.py:175} INFO - Processing /home/airflow/.local/lib/python3.7/site-packages/airflow/example_dags/example_trigger_target_dag.py took 1.329 seconds
[2023-02-10T02:15:42.571+0000] {processor.py:153} INFO - Started process (PID=2714) to work on /home/airflow/.local/lib/python3.7/site-packages/airflow/example_dags/example_trigger_target_dag.py
[2023-02-10T02:15:42.577+0000] {processor.py:743} INFO - Processing file /home/airflow/.local/lib/python3.7/site-packages/airflow/example_dags/example_trigger_target_dag.py for tasks to queue
[2023-02-10T02:15:42.588+0000] {logging_mixin.py:137} INFO - [2023-02-10T02:15:42.588+0000] {dagbag.py:538} INFO - Filling up the DagBag from /home/airflow/.local/lib/python3.7/site-packages/airflow/example_dags/example_trigger_target_dag.py
[2023-02-10T02:15:42.750+0000] {processor.py:753} INFO - DAG(s) dict_keys(['example_trigger_target_dag']) retrieved from /home/airflow/.local/lib/python3.7/site-packages/airflow/example_dags/example_trigger_target_dag.py
[2023-02-10T02:15:42.933+0000] {logging_mixin.py:137} INFO - [2023-02-10T02:15:42.933+0000] {dag.py:2690} INFO - Sync 1 DAGs
[2023-02-10T02:15:43.073+0000] {logging_mixin.py:137} INFO - [2023-02-10T02:15:43.073+0000] {dag.py:3441} INFO - Setting next_dagrun for example_trigger_target_dag to None, run_after=None
[2023-02-10T02:15:43.227+0000] {processor.py:175} INFO - Processing /home/airflow/.local/lib/python3.7/site-packages/airflow/example_dags/example_trigger_target_dag.py took 0.683 seconds
[2023-02-10T02:16:13.828+0000] {processor.py:153} INFO - Started process (PID=2773) to work on /home/airflow/.local/lib/python3.7/site-packages/airflow/example_dags/example_trigger_target_dag.py
[2023-02-10T02:16:13.832+0000] {processor.py:743} INFO - Processing file /home/airflow/.local/lib/python3.7/site-packages/airflow/example_dags/example_trigger_target_dag.py for tasks to queue
[2023-02-10T02:16:13.836+0000] {logging_mixin.py:137} INFO - [2023-02-10T02:16:13.836+0000] {dagbag.py:538} INFO - Filling up the DagBag from /home/airflow/.local/lib/python3.7/site-packages/airflow/example_dags/example_trigger_target_dag.py
[2023-02-10T02:16:13.884+0000] {processor.py:753} INFO - DAG(s) dict_keys(['example_trigger_target_dag']) retrieved from /home/airflow/.local/lib/python3.7/site-packages/airflow/example_dags/example_trigger_target_dag.py
[2023-02-10T02:16:13.941+0000] {logging_mixin.py:137} INFO - [2023-02-10T02:16:13.940+0000] {dag.py:2690} INFO - Sync 1 DAGs
[2023-02-10T02:16:13.993+0000] {logging_mixin.py:137} INFO - [2023-02-10T02:16:13.993+0000] {dag.py:3441} INFO - Setting next_dagrun for example_trigger_target_dag to None, run_after=None
[2023-02-10T02:16:14.038+0000] {processor.py:175} INFO - Processing /home/airflow/.local/lib/python3.7/site-packages/airflow/example_dags/example_trigger_target_dag.py took 0.220 seconds
[2023-02-10T02:16:44.461+0000] {processor.py:153} INFO - Started process (PID=2831) to work on /home/airflow/.local/lib/python3.7/site-packages/airflow/example_dags/example_trigger_target_dag.py
[2023-02-10T02:16:44.470+0000] {processor.py:743} INFO - Processing file /home/airflow/.local/lib/python3.7/site-packages/airflow/example_dags/example_trigger_target_dag.py for tasks to queue
[2023-02-10T02:16:44.480+0000] {logging_mixin.py:137} INFO - [2023-02-10T02:16:44.480+0000] {dagbag.py:538} INFO - Filling up the DagBag from /home/airflow/.local/lib/python3.7/site-packages/airflow/example_dags/example_trigger_target_dag.py
[2023-02-10T02:16:44.598+0000] {processor.py:753} INFO - DAG(s) dict_keys(['example_trigger_target_dag']) retrieved from /home/airflow/.local/lib/python3.7/site-packages/airflow/example_dags/example_trigger_target_dag.py
[2023-02-10T02:16:44.730+0000] {logging_mixin.py:137} INFO - [2023-02-10T02:16:44.730+0000] {dag.py:2690} INFO - Sync 1 DAGs
[2023-02-10T02:16:44.848+0000] {logging_mixin.py:137} INFO - [2023-02-10T02:16:44.847+0000] {dag.py:3441} INFO - Setting next_dagrun for example_trigger_target_dag to None, run_after=None
[2023-02-10T02:16:44.949+0000] {processor.py:175} INFO - Processing /home/airflow/.local/lib/python3.7/site-packages/airflow/example_dags/example_trigger_target_dag.py took 0.514 seconds
[2023-02-10T02:17:15.275+0000] {processor.py:153} INFO - Started process (PID=2881) to work on /home/airflow/.local/lib/python3.7/site-packages/airflow/example_dags/example_trigger_target_dag.py
[2023-02-10T02:17:15.308+0000] {processor.py:743} INFO - Processing file /home/airflow/.local/lib/python3.7/site-packages/airflow/example_dags/example_trigger_target_dag.py for tasks to queue
[2023-02-10T02:17:15.319+0000] {logging_mixin.py:137} INFO - [2023-02-10T02:17:15.318+0000] {dagbag.py:538} INFO - Filling up the DagBag from /home/airflow/.local/lib/python3.7/site-packages/airflow/example_dags/example_trigger_target_dag.py
[2023-02-10T02:17:15.496+0000] {processor.py:753} INFO - DAG(s) dict_keys(['example_trigger_target_dag']) retrieved from /home/airflow/.local/lib/python3.7/site-packages/airflow/example_dags/example_trigger_target_dag.py
[2023-02-10T02:17:15.717+0000] {logging_mixin.py:137} INFO - [2023-02-10T02:17:15.717+0000] {dag.py:2690} INFO - Sync 1 DAGs
[2023-02-10T02:17:15.811+0000] {logging_mixin.py:137} INFO - [2023-02-10T02:17:15.810+0000] {dag.py:3441} INFO - Setting next_dagrun for example_trigger_target_dag to None, run_after=None
[2023-02-10T02:17:15.877+0000] {processor.py:175} INFO - Processing /home/airflow/.local/lib/python3.7/site-packages/airflow/example_dags/example_trigger_target_dag.py took 0.629 seconds
[2023-02-10T02:18:03.952+0000] {processor.py:153} INFO - Started process (PID=2955) to work on /home/airflow/.local/lib/python3.7/site-packages/airflow/example_dags/example_trigger_target_dag.py
[2023-02-10T02:18:03.962+0000] {processor.py:743} INFO - Processing file /home/airflow/.local/lib/python3.7/site-packages/airflow/example_dags/example_trigger_target_dag.py for tasks to queue
[2023-02-10T02:18:03.972+0000] {logging_mixin.py:137} INFO - [2023-02-10T02:18:03.969+0000] {dagbag.py:538} INFO - Filling up the DagBag from /home/airflow/.local/lib/python3.7/site-packages/airflow/example_dags/example_trigger_target_dag.py
[2023-02-10T02:18:04.154+0000] {processor.py:753} INFO - DAG(s) dict_keys(['example_trigger_target_dag']) retrieved from /home/airflow/.local/lib/python3.7/site-packages/airflow/example_dags/example_trigger_target_dag.py
[2023-02-10T02:18:04.330+0000] {logging_mixin.py:137} INFO - [2023-02-10T02:18:04.330+0000] {dag.py:2690} INFO - Sync 1 DAGs
[2023-02-10T02:18:04.461+0000] {logging_mixin.py:137} INFO - [2023-02-10T02:18:04.459+0000] {dag.py:3441} INFO - Setting next_dagrun for example_trigger_target_dag to None, run_after=None
[2023-02-10T02:18:04.609+0000] {processor.py:175} INFO - Processing /home/airflow/.local/lib/python3.7/site-packages/airflow/example_dags/example_trigger_target_dag.py took 0.687 seconds
[2023-02-10T02:18:35.494+0000] {processor.py:153} INFO - Started process (PID=3011) to work on /home/airflow/.local/lib/python3.7/site-packages/airflow/example_dags/example_trigger_target_dag.py
[2023-02-10T02:18:35.503+0000] {processor.py:743} INFO - Processing file /home/airflow/.local/lib/python3.7/site-packages/airflow/example_dags/example_trigger_target_dag.py for tasks to queue
[2023-02-10T02:18:35.512+0000] {logging_mixin.py:137} INFO - [2023-02-10T02:18:35.511+0000] {dagbag.py:538} INFO - Filling up the DagBag from /home/airflow/.local/lib/python3.7/site-packages/airflow/example_dags/example_trigger_target_dag.py
[2023-02-10T02:18:35.597+0000] {processor.py:753} INFO - DAG(s) dict_keys(['example_trigger_target_dag']) retrieved from /home/airflow/.local/lib/python3.7/site-packages/airflow/example_dags/example_trigger_target_dag.py
[2023-02-10T02:18:35.693+0000] {logging_mixin.py:137} INFO - [2023-02-10T02:18:35.693+0000] {dag.py:2690} INFO - Sync 1 DAGs
[2023-02-10T02:18:35.757+0000] {logging_mixin.py:137} INFO - [2023-02-10T02:18:35.756+0000] {dag.py:3441} INFO - Setting next_dagrun for example_trigger_target_dag to None, run_after=None
[2023-02-10T02:18:35.833+0000] {processor.py:175} INFO - Processing /home/airflow/.local/lib/python3.7/site-packages/airflow/example_dags/example_trigger_target_dag.py took 0.389 seconds
[2023-02-10T02:19:36.361+0000] {processor.py:153} INFO - Started process (PID=78) to work on /home/airflow/.local/lib/python3.7/site-packages/airflow/example_dags/example_trigger_target_dag.py
[2023-02-10T02:19:36.375+0000] {processor.py:743} INFO - Processing file /home/airflow/.local/lib/python3.7/site-packages/airflow/example_dags/example_trigger_target_dag.py for tasks to queue
[2023-02-10T02:19:36.383+0000] {logging_mixin.py:137} INFO - [2023-02-10T02:19:36.381+0000] {dagbag.py:538} INFO - Filling up the DagBag from /home/airflow/.local/lib/python3.7/site-packages/airflow/example_dags/example_trigger_target_dag.py
[2023-02-10T02:19:36.515+0000] {processor.py:753} INFO - DAG(s) dict_keys(['example_trigger_target_dag']) retrieved from /home/airflow/.local/lib/python3.7/site-packages/airflow/example_dags/example_trigger_target_dag.py
[2023-02-10T02:19:36.628+0000] {logging_mixin.py:137} INFO - [2023-02-10T02:19:36.628+0000] {dag.py:2690} INFO - Sync 1 DAGs
[2023-02-10T02:19:36.704+0000] {logging_mixin.py:137} INFO - [2023-02-10T02:19:36.704+0000] {dag.py:3441} INFO - Setting next_dagrun for example_trigger_target_dag to None, run_after=None
[2023-02-10T02:19:36.795+0000] {processor.py:175} INFO - Processing /home/airflow/.local/lib/python3.7/site-packages/airflow/example_dags/example_trigger_target_dag.py took 0.446 seconds
[2023-02-10T02:20:11.178+0000] {processor.py:153} INFO - Started process (PID=136) to work on /home/airflow/.local/lib/python3.7/site-packages/airflow/example_dags/example_trigger_target_dag.py
[2023-02-10T02:20:11.193+0000] {processor.py:743} INFO - Processing file /home/airflow/.local/lib/python3.7/site-packages/airflow/example_dags/example_trigger_target_dag.py for tasks to queue
[2023-02-10T02:20:11.197+0000] {logging_mixin.py:137} INFO - [2023-02-10T02:20:11.197+0000] {dagbag.py:538} INFO - Filling up the DagBag from /home/airflow/.local/lib/python3.7/site-packages/airflow/example_dags/example_trigger_target_dag.py
[2023-02-10T02:20:11.427+0000] {processor.py:753} INFO - DAG(s) dict_keys(['example_trigger_target_dag']) retrieved from /home/airflow/.local/lib/python3.7/site-packages/airflow/example_dags/example_trigger_target_dag.py
[2023-02-10T02:20:12.063+0000] {logging_mixin.py:137} INFO - [2023-02-10T02:20:12.060+0000] {dag.py:2690} INFO - Sync 1 DAGs
[2023-02-10T02:20:12.989+0000] {logging_mixin.py:137} INFO - [2023-02-10T02:20:12.960+0000] {dag.py:3441} INFO - Setting next_dagrun for example_trigger_target_dag to None, run_after=None
[2023-02-10T02:20:13.228+0000] {processor.py:175} INFO - Processing /home/airflow/.local/lib/python3.7/site-packages/airflow/example_dags/example_trigger_target_dag.py took 2.096 seconds
[2023-02-10T02:21:24.142+0000] {processor.py:153} INFO - Started process (PID=209) to work on /home/airflow/.local/lib/python3.7/site-packages/airflow/example_dags/example_trigger_target_dag.py
[2023-02-10T02:21:24.165+0000] {processor.py:743} INFO - Processing file /home/airflow/.local/lib/python3.7/site-packages/airflow/example_dags/example_trigger_target_dag.py for tasks to queue
[2023-02-10T02:21:24.182+0000] {logging_mixin.py:137} INFO - [2023-02-10T02:21:24.182+0000] {dagbag.py:538} INFO - Filling up the DagBag from /home/airflow/.local/lib/python3.7/site-packages/airflow/example_dags/example_trigger_target_dag.py
[2023-02-10T02:21:24.818+0000] {processor.py:753} INFO - DAG(s) dict_keys(['example_trigger_target_dag']) retrieved from /home/airflow/.local/lib/python3.7/site-packages/airflow/example_dags/example_trigger_target_dag.py
[2023-02-10T02:21:25.381+0000] {logging_mixin.py:137} INFO - [2023-02-10T02:21:25.381+0000] {dag.py:2690} INFO - Sync 1 DAGs
[2023-02-10T02:21:25.894+0000] {logging_mixin.py:137} INFO - [2023-02-10T02:21:25.893+0000] {dag.py:3441} INFO - Setting next_dagrun for example_trigger_target_dag to None, run_after=None
[2023-02-10T02:21:26.291+0000] {processor.py:175} INFO - Processing /home/airflow/.local/lib/python3.7/site-packages/airflow/example_dags/example_trigger_target_dag.py took 2.229 seconds
[2023-02-10T02:21:58.960+0000] {processor.py:153} INFO - Started process (PID=260) to work on /home/airflow/.local/lib/python3.7/site-packages/airflow/example_dags/example_trigger_target_dag.py
[2023-02-10T02:21:58.987+0000] {processor.py:743} INFO - Processing file /home/airflow/.local/lib/python3.7/site-packages/airflow/example_dags/example_trigger_target_dag.py for tasks to queue
[2023-02-10T02:21:59.007+0000] {logging_mixin.py:137} INFO - [2023-02-10T02:21:59.006+0000] {dagbag.py:538} INFO - Filling up the DagBag from /home/airflow/.local/lib/python3.7/site-packages/airflow/example_dags/example_trigger_target_dag.py
[2023-02-10T02:21:59.448+0000] {processor.py:753} INFO - DAG(s) dict_keys(['example_trigger_target_dag']) retrieved from /home/airflow/.local/lib/python3.7/site-packages/airflow/example_dags/example_trigger_target_dag.py
[2023-02-10T02:21:59.723+0000] {logging_mixin.py:137} INFO - [2023-02-10T02:21:59.723+0000] {dag.py:2690} INFO - Sync 1 DAGs
[2023-02-10T02:22:00.141+0000] {logging_mixin.py:137} INFO - [2023-02-10T02:22:00.140+0000] {dag.py:3441} INFO - Setting next_dagrun for example_trigger_target_dag to None, run_after=None
[2023-02-10T02:22:00.495+0000] {processor.py:175} INFO - Processing /home/airflow/.local/lib/python3.7/site-packages/airflow/example_dags/example_trigger_target_dag.py took 1.585 seconds
[2023-02-10T02:22:33.651+0000] {processor.py:153} INFO - Started process (PID=317) to work on /home/airflow/.local/lib/python3.7/site-packages/airflow/example_dags/example_trigger_target_dag.py
[2023-02-10T02:22:33.663+0000] {processor.py:743} INFO - Processing file /home/airflow/.local/lib/python3.7/site-packages/airflow/example_dags/example_trigger_target_dag.py for tasks to queue
[2023-02-10T02:22:33.668+0000] {logging_mixin.py:137} INFO - [2023-02-10T02:22:33.667+0000] {dagbag.py:538} INFO - Filling up the DagBag from /home/airflow/.local/lib/python3.7/site-packages/airflow/example_dags/example_trigger_target_dag.py
[2023-02-10T02:22:33.955+0000] {processor.py:753} INFO - DAG(s) dict_keys(['example_trigger_target_dag']) retrieved from /home/airflow/.local/lib/python3.7/site-packages/airflow/example_dags/example_trigger_target_dag.py
[2023-02-10T02:22:34.337+0000] {logging_mixin.py:137} INFO - [2023-02-10T02:22:34.336+0000] {dag.py:2690} INFO - Sync 1 DAGs
[2023-02-10T02:22:34.561+0000] {logging_mixin.py:137} INFO - [2023-02-10T02:22:34.552+0000] {dag.py:3441} INFO - Setting next_dagrun for example_trigger_target_dag to None, run_after=None
[2023-02-10T02:22:34.733+0000] {processor.py:175} INFO - Processing /home/airflow/.local/lib/python3.7/site-packages/airflow/example_dags/example_trigger_target_dag.py took 1.131 seconds
[2023-02-10T02:23:18.752+0000] {processor.py:153} INFO - Started process (PID=369) to work on /home/airflow/.local/lib/python3.7/site-packages/airflow/example_dags/example_trigger_target_dag.py
[2023-02-10T02:23:18.771+0000] {processor.py:743} INFO - Processing file /home/airflow/.local/lib/python3.7/site-packages/airflow/example_dags/example_trigger_target_dag.py for tasks to queue
[2023-02-10T02:23:18.800+0000] {logging_mixin.py:137} INFO - [2023-02-10T02:23:18.799+0000] {dagbag.py:538} INFO - Filling up the DagBag from /home/airflow/.local/lib/python3.7/site-packages/airflow/example_dags/example_trigger_target_dag.py
[2023-02-10T02:23:19.189+0000] {processor.py:753} INFO - DAG(s) dict_keys(['example_trigger_target_dag']) retrieved from /home/airflow/.local/lib/python3.7/site-packages/airflow/example_dags/example_trigger_target_dag.py
[2023-02-10T02:23:19.513+0000] {logging_mixin.py:137} INFO - [2023-02-10T02:23:19.513+0000] {dag.py:2690} INFO - Sync 1 DAGs
[2023-02-10T02:23:19.956+0000] {logging_mixin.py:137} INFO - [2023-02-10T02:23:19.956+0000] {dag.py:3441} INFO - Setting next_dagrun for example_trigger_target_dag to None, run_after=None
[2023-02-10T02:23:20.267+0000] {processor.py:175} INFO - Processing /home/airflow/.local/lib/python3.7/site-packages/airflow/example_dags/example_trigger_target_dag.py took 1.570 seconds
[2023-02-10T02:23:50.885+0000] {processor.py:153} INFO - Started process (PID=427) to work on /home/airflow/.local/lib/python3.7/site-packages/airflow/example_dags/example_trigger_target_dag.py
[2023-02-10T02:23:50.891+0000] {processor.py:743} INFO - Processing file /home/airflow/.local/lib/python3.7/site-packages/airflow/example_dags/example_trigger_target_dag.py for tasks to queue
[2023-02-10T02:23:50.897+0000] {logging_mixin.py:137} INFO - [2023-02-10T02:23:50.897+0000] {dagbag.py:538} INFO - Filling up the DagBag from /home/airflow/.local/lib/python3.7/site-packages/airflow/example_dags/example_trigger_target_dag.py
[2023-02-10T02:23:50.956+0000] {processor.py:753} INFO - DAG(s) dict_keys(['example_trigger_target_dag']) retrieved from /home/airflow/.local/lib/python3.7/site-packages/airflow/example_dags/example_trigger_target_dag.py
[2023-02-10T02:23:51.043+0000] {logging_mixin.py:137} INFO - [2023-02-10T02:23:51.043+0000] {dag.py:2690} INFO - Sync 1 DAGs
[2023-02-10T02:23:51.107+0000] {logging_mixin.py:137} INFO - [2023-02-10T02:23:51.107+0000] {dag.py:3441} INFO - Setting next_dagrun for example_trigger_target_dag to None, run_after=None
[2023-02-10T02:23:51.152+0000] {processor.py:175} INFO - Processing /home/airflow/.local/lib/python3.7/site-packages/airflow/example_dags/example_trigger_target_dag.py took 0.276 seconds
[2023-02-10T02:24:22.292+0000] {processor.py:153} INFO - Started process (PID=484) to work on /home/airflow/.local/lib/python3.7/site-packages/airflow/example_dags/example_trigger_target_dag.py
[2023-02-10T02:24:22.306+0000] {processor.py:743} INFO - Processing file /home/airflow/.local/lib/python3.7/site-packages/airflow/example_dags/example_trigger_target_dag.py for tasks to queue
[2023-02-10T02:24:22.316+0000] {logging_mixin.py:137} INFO - [2023-02-10T02:24:22.315+0000] {dagbag.py:538} INFO - Filling up the DagBag from /home/airflow/.local/lib/python3.7/site-packages/airflow/example_dags/example_trigger_target_dag.py
[2023-02-10T02:24:22.594+0000] {processor.py:753} INFO - DAG(s) dict_keys(['example_trigger_target_dag']) retrieved from /home/airflow/.local/lib/python3.7/site-packages/airflow/example_dags/example_trigger_target_dag.py
[2023-02-10T02:24:22.731+0000] {logging_mixin.py:137} INFO - [2023-02-10T02:24:22.731+0000] {dag.py:2690} INFO - Sync 1 DAGs
[2023-02-10T02:24:23.184+0000] {logging_mixin.py:137} INFO - [2023-02-10T02:24:23.184+0000] {dag.py:3441} INFO - Setting next_dagrun for example_trigger_target_dag to None, run_after=None
[2023-02-10T02:24:23.439+0000] {processor.py:175} INFO - Processing /home/airflow/.local/lib/python3.7/site-packages/airflow/example_dags/example_trigger_target_dag.py took 1.154 seconds
[2023-02-10T02:24:58.036+0000] {processor.py:153} INFO - Started process (PID=534) to work on /home/airflow/.local/lib/python3.7/site-packages/airflow/example_dags/example_trigger_target_dag.py
[2023-02-10T02:24:58.047+0000] {processor.py:743} INFO - Processing file /home/airflow/.local/lib/python3.7/site-packages/airflow/example_dags/example_trigger_target_dag.py for tasks to queue
[2023-02-10T02:24:58.059+0000] {logging_mixin.py:137} INFO - [2023-02-10T02:24:58.058+0000] {dagbag.py:538} INFO - Filling up the DagBag from /home/airflow/.local/lib/python3.7/site-packages/airflow/example_dags/example_trigger_target_dag.py
[2023-02-10T02:24:58.188+0000] {processor.py:753} INFO - DAG(s) dict_keys(['example_trigger_target_dag']) retrieved from /home/airflow/.local/lib/python3.7/site-packages/airflow/example_dags/example_trigger_target_dag.py
[2023-02-10T02:24:58.253+0000] {logging_mixin.py:137} INFO - [2023-02-10T02:24:58.253+0000] {dag.py:2690} INFO - Sync 1 DAGs
[2023-02-10T02:24:58.360+0000] {logging_mixin.py:137} INFO - [2023-02-10T02:24:58.355+0000] {dag.py:3441} INFO - Setting next_dagrun for example_trigger_target_dag to None, run_after=None
[2023-02-10T02:24:58.487+0000] {processor.py:175} INFO - Processing /home/airflow/.local/lib/python3.7/site-packages/airflow/example_dags/example_trigger_target_dag.py took 0.507 seconds
[2023-02-10T02:25:31.667+0000] {processor.py:153} INFO - Started process (PID=592) to work on /home/airflow/.local/lib/python3.7/site-packages/airflow/example_dags/example_trigger_target_dag.py
[2023-02-10T02:25:31.671+0000] {processor.py:743} INFO - Processing file /home/airflow/.local/lib/python3.7/site-packages/airflow/example_dags/example_trigger_target_dag.py for tasks to queue
[2023-02-10T02:25:31.675+0000] {logging_mixin.py:137} INFO - [2023-02-10T02:25:31.675+0000] {dagbag.py:538} INFO - Filling up the DagBag from /home/airflow/.local/lib/python3.7/site-packages/airflow/example_dags/example_trigger_target_dag.py
[2023-02-10T02:25:31.938+0000] {processor.py:753} INFO - DAG(s) dict_keys(['example_trigger_target_dag']) retrieved from /home/airflow/.local/lib/python3.7/site-packages/airflow/example_dags/example_trigger_target_dag.py
[2023-02-10T02:25:32.411+0000] {logging_mixin.py:137} INFO - [2023-02-10T02:25:32.408+0000] {dag.py:2690} INFO - Sync 1 DAGs
[2023-02-10T02:25:32.674+0000] {logging_mixin.py:137} INFO - [2023-02-10T02:25:32.674+0000] {dag.py:3441} INFO - Setting next_dagrun for example_trigger_target_dag to None, run_after=None
[2023-02-10T02:25:32.927+0000] {processor.py:175} INFO - Processing /home/airflow/.local/lib/python3.7/site-packages/airflow/example_dags/example_trigger_target_dag.py took 1.293 seconds
[2023-02-10T02:26:03.221+0000] {processor.py:153} INFO - Started process (PID=651) to work on /home/airflow/.local/lib/python3.7/site-packages/airflow/example_dags/example_trigger_target_dag.py
[2023-02-10T02:26:03.249+0000] {processor.py:743} INFO - Processing file /home/airflow/.local/lib/python3.7/site-packages/airflow/example_dags/example_trigger_target_dag.py for tasks to queue
[2023-02-10T02:26:03.259+0000] {logging_mixin.py:137} INFO - [2023-02-10T02:26:03.257+0000] {dagbag.py:538} INFO - Filling up the DagBag from /home/airflow/.local/lib/python3.7/site-packages/airflow/example_dags/example_trigger_target_dag.py
[2023-02-10T02:26:03.491+0000] {processor.py:753} INFO - DAG(s) dict_keys(['example_trigger_target_dag']) retrieved from /home/airflow/.local/lib/python3.7/site-packages/airflow/example_dags/example_trigger_target_dag.py
[2023-02-10T02:26:03.673+0000] {logging_mixin.py:137} INFO - [2023-02-10T02:26:03.672+0000] {dag.py:2690} INFO - Sync 1 DAGs
[2023-02-10T02:26:03.942+0000] {logging_mixin.py:137} INFO - [2023-02-10T02:26:03.933+0000] {dag.py:3441} INFO - Setting next_dagrun for example_trigger_target_dag to None, run_after=None
[2023-02-10T02:26:04.149+0000] {processor.py:175} INFO - Processing /home/airflow/.local/lib/python3.7/site-packages/airflow/example_dags/example_trigger_target_dag.py took 0.941 seconds
[2023-02-10T02:26:34.682+0000] {processor.py:153} INFO - Started process (PID=701) to work on /home/airflow/.local/lib/python3.7/site-packages/airflow/example_dags/example_trigger_target_dag.py
[2023-02-10T02:26:34.702+0000] {processor.py:743} INFO - Processing file /home/airflow/.local/lib/python3.7/site-packages/airflow/example_dags/example_trigger_target_dag.py for tasks to queue
[2023-02-10T02:26:34.706+0000] {logging_mixin.py:137} INFO - [2023-02-10T02:26:34.706+0000] {dagbag.py:538} INFO - Filling up the DagBag from /home/airflow/.local/lib/python3.7/site-packages/airflow/example_dags/example_trigger_target_dag.py
[2023-02-10T02:26:34.786+0000] {processor.py:753} INFO - DAG(s) dict_keys(['example_trigger_target_dag']) retrieved from /home/airflow/.local/lib/python3.7/site-packages/airflow/example_dags/example_trigger_target_dag.py
[2023-02-10T02:26:34.857+0000] {logging_mixin.py:137} INFO - [2023-02-10T02:26:34.856+0000] {dag.py:2690} INFO - Sync 1 DAGs
[2023-02-10T02:26:34.932+0000] {logging_mixin.py:137} INFO - [2023-02-10T02:26:34.931+0000] {dag.py:3441} INFO - Setting next_dagrun for example_trigger_target_dag to None, run_after=None
[2023-02-10T02:26:34.995+0000] {processor.py:175} INFO - Processing /home/airflow/.local/lib/python3.7/site-packages/airflow/example_dags/example_trigger_target_dag.py took 0.326 seconds
[2023-02-10T02:27:05.831+0000] {processor.py:153} INFO - Started process (PID=759) to work on /home/airflow/.local/lib/python3.7/site-packages/airflow/example_dags/example_trigger_target_dag.py
[2023-02-10T02:27:05.837+0000] {processor.py:743} INFO - Processing file /home/airflow/.local/lib/python3.7/site-packages/airflow/example_dags/example_trigger_target_dag.py for tasks to queue
[2023-02-10T02:27:05.849+0000] {logging_mixin.py:137} INFO - [2023-02-10T02:27:05.848+0000] {dagbag.py:538} INFO - Filling up the DagBag from /home/airflow/.local/lib/python3.7/site-packages/airflow/example_dags/example_trigger_target_dag.py
[2023-02-10T02:27:05.958+0000] {processor.py:753} INFO - DAG(s) dict_keys(['example_trigger_target_dag']) retrieved from /home/airflow/.local/lib/python3.7/site-packages/airflow/example_dags/example_trigger_target_dag.py
[2023-02-10T02:27:06.231+0000] {logging_mixin.py:137} INFO - [2023-02-10T02:27:06.231+0000] {dag.py:2690} INFO - Sync 1 DAGs
[2023-02-10T02:27:06.481+0000] {logging_mixin.py:137} INFO - [2023-02-10T02:27:06.481+0000] {dag.py:3441} INFO - Setting next_dagrun for example_trigger_target_dag to None, run_after=None
[2023-02-10T02:27:06.683+0000] {processor.py:175} INFO - Processing /home/airflow/.local/lib/python3.7/site-packages/airflow/example_dags/example_trigger_target_dag.py took 0.896 seconds
[2023-02-10T02:27:37.071+0000] {processor.py:153} INFO - Started process (PID=808) to work on /home/airflow/.local/lib/python3.7/site-packages/airflow/example_dags/example_trigger_target_dag.py
[2023-02-10T02:27:37.083+0000] {processor.py:743} INFO - Processing file /home/airflow/.local/lib/python3.7/site-packages/airflow/example_dags/example_trigger_target_dag.py for tasks to queue
[2023-02-10T02:27:37.092+0000] {logging_mixin.py:137} INFO - [2023-02-10T02:27:37.091+0000] {dagbag.py:538} INFO - Filling up the DagBag from /home/airflow/.local/lib/python3.7/site-packages/airflow/example_dags/example_trigger_target_dag.py
[2023-02-10T02:27:37.165+0000] {processor.py:753} INFO - DAG(s) dict_keys(['example_trigger_target_dag']) retrieved from /home/airflow/.local/lib/python3.7/site-packages/airflow/example_dags/example_trigger_target_dag.py
[2023-02-10T02:27:37.232+0000] {logging_mixin.py:137} INFO - [2023-02-10T02:27:37.231+0000] {dag.py:2690} INFO - Sync 1 DAGs
[2023-02-10T02:27:37.304+0000] {logging_mixin.py:137} INFO - [2023-02-10T02:27:37.304+0000] {dag.py:3441} INFO - Setting next_dagrun for example_trigger_target_dag to None, run_after=None
[2023-02-10T02:27:37.424+0000] {processor.py:175} INFO - Processing /home/airflow/.local/lib/python3.7/site-packages/airflow/example_dags/example_trigger_target_dag.py took 0.366 seconds
[2023-02-10T02:28:12.773+0000] {processor.py:153} INFO - Started process (PID=867) to work on /home/airflow/.local/lib/python3.7/site-packages/airflow/example_dags/example_trigger_target_dag.py
[2023-02-10T02:28:12.788+0000] {processor.py:743} INFO - Processing file /home/airflow/.local/lib/python3.7/site-packages/airflow/example_dags/example_trigger_target_dag.py for tasks to queue
[2023-02-10T02:28:12.794+0000] {logging_mixin.py:137} INFO - [2023-02-10T02:28:12.794+0000] {dagbag.py:538} INFO - Filling up the DagBag from /home/airflow/.local/lib/python3.7/site-packages/airflow/example_dags/example_trigger_target_dag.py
[2023-02-10T02:28:13.984+0000] {processor.py:753} INFO - DAG(s) dict_keys(['example_trigger_target_dag']) retrieved from /home/airflow/.local/lib/python3.7/site-packages/airflow/example_dags/example_trigger_target_dag.py
[2023-02-10T02:28:14.701+0000] {logging_mixin.py:137} INFO - [2023-02-10T02:28:14.699+0000] {dag.py:2690} INFO - Sync 1 DAGs
[2023-02-10T02:28:15.946+0000] {logging_mixin.py:137} INFO - [2023-02-10T02:28:15.946+0000] {dag.py:3441} INFO - Setting next_dagrun for example_trigger_target_dag to None, run_after=None
[2023-02-10T02:28:16.344+0000] {processor.py:175} INFO - Processing /home/airflow/.local/lib/python3.7/site-packages/airflow/example_dags/example_trigger_target_dag.py took 3.640 seconds
[2023-02-10T02:28:49.791+0000] {processor.py:153} INFO - Started process (PID=926) to work on /home/airflow/.local/lib/python3.7/site-packages/airflow/example_dags/example_trigger_target_dag.py
[2023-02-10T02:28:49.798+0000] {processor.py:743} INFO - Processing file /home/airflow/.local/lib/python3.7/site-packages/airflow/example_dags/example_trigger_target_dag.py for tasks to queue
[2023-02-10T02:28:49.809+0000] {logging_mixin.py:137} INFO - [2023-02-10T02:28:49.807+0000] {dagbag.py:538} INFO - Filling up the DagBag from /home/airflow/.local/lib/python3.7/site-packages/airflow/example_dags/example_trigger_target_dag.py
[2023-02-10T02:28:50.057+0000] {processor.py:753} INFO - DAG(s) dict_keys(['example_trigger_target_dag']) retrieved from /home/airflow/.local/lib/python3.7/site-packages/airflow/example_dags/example_trigger_target_dag.py
[2023-02-10T02:28:50.494+0000] {logging_mixin.py:137} INFO - [2023-02-10T02:28:50.492+0000] {dag.py:2690} INFO - Sync 1 DAGs
[2023-02-10T02:28:50.767+0000] {logging_mixin.py:137} INFO - [2023-02-10T02:28:50.767+0000] {dag.py:3441} INFO - Setting next_dagrun for example_trigger_target_dag to None, run_after=None
[2023-02-10T02:28:51.032+0000] {processor.py:175} INFO - Processing /home/airflow/.local/lib/python3.7/site-packages/airflow/example_dags/example_trigger_target_dag.py took 1.280 seconds
