[2023-02-10T01:52:15.816+0000] {processor.py:153} INFO - Started process (PID=337) to work on /home/airflow/.local/lib/python3.7/site-packages/airflow/example_dags/example_latest_only_with_trigger.py
[2023-02-10T01:52:15.823+0000] {processor.py:743} INFO - Processing file /home/airflow/.local/lib/python3.7/site-packages/airflow/example_dags/example_latest_only_with_trigger.py for tasks to queue
[2023-02-10T01:52:15.830+0000] {logging_mixin.py:137} INFO - [2023-02-10T01:52:15.829+0000] {dagbag.py:538} INFO - Filling up the DagBag from /home/airflow/.local/lib/python3.7/site-packages/airflow/example_dags/example_latest_only_with_trigger.py
[2023-02-10T01:52:16.118+0000] {processor.py:753} INFO - DAG(s) dict_keys(['latest_only_with_trigger']) retrieved from /home/airflow/.local/lib/python3.7/site-packages/airflow/example_dags/example_latest_only_with_trigger.py
[2023-02-10T01:52:16.370+0000] {logging_mixin.py:137} INFO - [2023-02-10T01:52:16.369+0000] {dag.py:2690} INFO - Sync 1 DAGs
[2023-02-10T01:52:16.682+0000] {logging_mixin.py:137} INFO - [2023-02-10T01:52:16.681+0000] {dag.py:3441} INFO - Setting next_dagrun for latest_only_with_trigger to 2023-02-09T21:52:16.681483+00:00, run_after=2023-02-10T01:52:16.681483+00:00
[2023-02-10T01:52:16.919+0000] {processor.py:175} INFO - Processing /home/airflow/.local/lib/python3.7/site-packages/airflow/example_dags/example_latest_only_with_trigger.py took 1.204 seconds
[2023-02-10T01:52:47.434+0000] {processor.py:153} INFO - Started process (PID=395) to work on /home/airflow/.local/lib/python3.7/site-packages/airflow/example_dags/example_latest_only_with_trigger.py
[2023-02-10T01:52:47.438+0000] {processor.py:743} INFO - Processing file /home/airflow/.local/lib/python3.7/site-packages/airflow/example_dags/example_latest_only_with_trigger.py for tasks to queue
[2023-02-10T01:52:47.453+0000] {logging_mixin.py:137} INFO - [2023-02-10T01:52:47.452+0000] {dagbag.py:538} INFO - Filling up the DagBag from /home/airflow/.local/lib/python3.7/site-packages/airflow/example_dags/example_latest_only_with_trigger.py
[2023-02-10T01:52:47.617+0000] {processor.py:753} INFO - DAG(s) dict_keys(['latest_only_with_trigger']) retrieved from /home/airflow/.local/lib/python3.7/site-packages/airflow/example_dags/example_latest_only_with_trigger.py
[2023-02-10T01:52:47.976+0000] {logging_mixin.py:137} INFO - [2023-02-10T01:52:47.976+0000] {dag.py:2690} INFO - Sync 1 DAGs
[2023-02-10T01:52:48.148+0000] {logging_mixin.py:137} INFO - [2023-02-10T01:52:48.148+0000] {dag.py:3441} INFO - Setting next_dagrun for latest_only_with_trigger to 2023-02-09T21:52:48.147897+00:00, run_after=2023-02-10T01:52:48.147897+00:00
[2023-02-10T01:52:48.259+0000] {processor.py:175} INFO - Processing /home/airflow/.local/lib/python3.7/site-packages/airflow/example_dags/example_latest_only_with_trigger.py took 0.883 seconds
[2023-02-10T01:53:18.421+0000] {processor.py:153} INFO - Started process (PID=444) to work on /home/airflow/.local/lib/python3.7/site-packages/airflow/example_dags/example_latest_only_with_trigger.py
[2023-02-10T01:53:18.429+0000] {processor.py:743} INFO - Processing file /home/airflow/.local/lib/python3.7/site-packages/airflow/example_dags/example_latest_only_with_trigger.py for tasks to queue
[2023-02-10T01:53:18.455+0000] {logging_mixin.py:137} INFO - [2023-02-10T01:53:18.454+0000] {dagbag.py:538} INFO - Filling up the DagBag from /home/airflow/.local/lib/python3.7/site-packages/airflow/example_dags/example_latest_only_with_trigger.py
[2023-02-10T01:53:18.522+0000] {processor.py:753} INFO - DAG(s) dict_keys(['latest_only_with_trigger']) retrieved from /home/airflow/.local/lib/python3.7/site-packages/airflow/example_dags/example_latest_only_with_trigger.py
[2023-02-10T01:53:18.606+0000] {logging_mixin.py:137} INFO - [2023-02-10T01:53:18.606+0000] {dag.py:2690} INFO - Sync 1 DAGs
[2023-02-10T01:53:18.696+0000] {logging_mixin.py:137} INFO - [2023-02-10T01:53:18.696+0000] {dag.py:3441} INFO - Setting next_dagrun for latest_only_with_trigger to 2023-02-09T21:53:18.695619+00:00, run_after=2023-02-10T01:53:18.695619+00:00
[2023-02-10T01:53:18.756+0000] {processor.py:175} INFO - Processing /home/airflow/.local/lib/python3.7/site-packages/airflow/example_dags/example_latest_only_with_trigger.py took 0.348 seconds
[2023-02-10T01:53:50.505+0000] {processor.py:153} INFO - Started process (PID=503) to work on /home/airflow/.local/lib/python3.7/site-packages/airflow/example_dags/example_latest_only_with_trigger.py
[2023-02-10T01:53:50.527+0000] {processor.py:743} INFO - Processing file /home/airflow/.local/lib/python3.7/site-packages/airflow/example_dags/example_latest_only_with_trigger.py for tasks to queue
[2023-02-10T01:53:50.557+0000] {logging_mixin.py:137} INFO - [2023-02-10T01:53:50.556+0000] {dagbag.py:538} INFO - Filling up the DagBag from /home/airflow/.local/lib/python3.7/site-packages/airflow/example_dags/example_latest_only_with_trigger.py
[2023-02-10T01:53:50.785+0000] {processor.py:753} INFO - DAG(s) dict_keys(['latest_only_with_trigger']) retrieved from /home/airflow/.local/lib/python3.7/site-packages/airflow/example_dags/example_latest_only_with_trigger.py
[2023-02-10T01:53:51.175+0000] {logging_mixin.py:137} INFO - [2023-02-10T01:53:51.175+0000] {dag.py:2690} INFO - Sync 1 DAGs
[2023-02-10T01:53:51.417+0000] {logging_mixin.py:137} INFO - [2023-02-10T01:53:51.410+0000] {dag.py:3441} INFO - Setting next_dagrun for latest_only_with_trigger to 2023-02-09T21:53:51.409581+00:00, run_after=2023-02-10T01:53:51.409581+00:00
[2023-02-10T01:53:51.564+0000] {processor.py:175} INFO - Processing /home/airflow/.local/lib/python3.7/site-packages/airflow/example_dags/example_latest_only_with_trigger.py took 1.113 seconds
[2023-02-10T01:54:22.357+0000] {processor.py:153} INFO - Started process (PID=560) to work on /home/airflow/.local/lib/python3.7/site-packages/airflow/example_dags/example_latest_only_with_trigger.py
[2023-02-10T01:54:22.367+0000] {processor.py:743} INFO - Processing file /home/airflow/.local/lib/python3.7/site-packages/airflow/example_dags/example_latest_only_with_trigger.py for tasks to queue
[2023-02-10T01:54:22.371+0000] {logging_mixin.py:137} INFO - [2023-02-10T01:54:22.371+0000] {dagbag.py:538} INFO - Filling up the DagBag from /home/airflow/.local/lib/python3.7/site-packages/airflow/example_dags/example_latest_only_with_trigger.py
[2023-02-10T01:54:22.501+0000] {processor.py:753} INFO - DAG(s) dict_keys(['latest_only_with_trigger']) retrieved from /home/airflow/.local/lib/python3.7/site-packages/airflow/example_dags/example_latest_only_with_trigger.py
[2023-02-10T01:54:22.749+0000] {logging_mixin.py:137} INFO - [2023-02-10T01:54:22.749+0000] {dag.py:2690} INFO - Sync 1 DAGs
[2023-02-10T01:54:22.921+0000] {logging_mixin.py:137} INFO - [2023-02-10T01:54:22.921+0000] {dag.py:3441} INFO - Setting next_dagrun for latest_only_with_trigger to 2023-02-09T21:54:22.920812+00:00, run_after=2023-02-10T01:54:22.920812+00:00
[2023-02-10T01:54:23.077+0000] {processor.py:175} INFO - Processing /home/airflow/.local/lib/python3.7/site-packages/airflow/example_dags/example_latest_only_with_trigger.py took 0.746 seconds
[2023-02-10T01:54:54.039+0000] {processor.py:153} INFO - Started process (PID=610) to work on /home/airflow/.local/lib/python3.7/site-packages/airflow/example_dags/example_latest_only_with_trigger.py
[2023-02-10T01:54:54.043+0000] {processor.py:743} INFO - Processing file /home/airflow/.local/lib/python3.7/site-packages/airflow/example_dags/example_latest_only_with_trigger.py for tasks to queue
[2023-02-10T01:54:54.049+0000] {logging_mixin.py:137} INFO - [2023-02-10T01:54:54.048+0000] {dagbag.py:538} INFO - Filling up the DagBag from /home/airflow/.local/lib/python3.7/site-packages/airflow/example_dags/example_latest_only_with_trigger.py
[2023-02-10T01:54:54.088+0000] {processor.py:753} INFO - DAG(s) dict_keys(['latest_only_with_trigger']) retrieved from /home/airflow/.local/lib/python3.7/site-packages/airflow/example_dags/example_latest_only_with_trigger.py
[2023-02-10T01:54:54.152+0000] {logging_mixin.py:137} INFO - [2023-02-10T01:54:54.151+0000] {dag.py:2690} INFO - Sync 1 DAGs
[2023-02-10T01:54:54.214+0000] {logging_mixin.py:137} INFO - [2023-02-10T01:54:54.214+0000] {dag.py:3441} INFO - Setting next_dagrun for latest_only_with_trigger to 2023-02-09T21:54:54.214119+00:00, run_after=2023-02-10T01:54:54.214119+00:00
[2023-02-10T01:54:54.272+0000] {processor.py:175} INFO - Processing /home/airflow/.local/lib/python3.7/site-packages/airflow/example_dags/example_latest_only_with_trigger.py took 0.248 seconds
[2023-02-10T01:55:24.892+0000] {processor.py:153} INFO - Started process (PID=668) to work on /home/airflow/.local/lib/python3.7/site-packages/airflow/example_dags/example_latest_only_with_trigger.py
[2023-02-10T01:55:24.904+0000] {processor.py:743} INFO - Processing file /home/airflow/.local/lib/python3.7/site-packages/airflow/example_dags/example_latest_only_with_trigger.py for tasks to queue
[2023-02-10T01:55:24.914+0000] {logging_mixin.py:137} INFO - [2023-02-10T01:55:24.913+0000] {dagbag.py:538} INFO - Filling up the DagBag from /home/airflow/.local/lib/python3.7/site-packages/airflow/example_dags/example_latest_only_with_trigger.py
[2023-02-10T01:55:24.975+0000] {processor.py:753} INFO - DAG(s) dict_keys(['latest_only_with_trigger']) retrieved from /home/airflow/.local/lib/python3.7/site-packages/airflow/example_dags/example_latest_only_with_trigger.py
[2023-02-10T01:55:25.038+0000] {logging_mixin.py:137} INFO - [2023-02-10T01:55:25.038+0000] {dag.py:2690} INFO - Sync 1 DAGs
[2023-02-10T01:55:25.112+0000] {logging_mixin.py:137} INFO - [2023-02-10T01:55:25.112+0000] {dag.py:3441} INFO - Setting next_dagrun for latest_only_with_trigger to 2023-02-09T21:55:25.112019+00:00, run_after=2023-02-10T01:55:25.112019+00:00
[2023-02-10T01:55:25.314+0000] {processor.py:175} INFO - Processing /home/airflow/.local/lib/python3.7/site-packages/airflow/example_dags/example_latest_only_with_trigger.py took 0.434 seconds
[2023-02-10T01:55:55.598+0000] {processor.py:153} INFO - Started process (PID=725) to work on /home/airflow/.local/lib/python3.7/site-packages/airflow/example_dags/example_latest_only_with_trigger.py
[2023-02-10T01:55:55.604+0000] {processor.py:743} INFO - Processing file /home/airflow/.local/lib/python3.7/site-packages/airflow/example_dags/example_latest_only_with_trigger.py for tasks to queue
[2023-02-10T01:55:55.611+0000] {logging_mixin.py:137} INFO - [2023-02-10T01:55:55.611+0000] {dagbag.py:538} INFO - Filling up the DagBag from /home/airflow/.local/lib/python3.7/site-packages/airflow/example_dags/example_latest_only_with_trigger.py
[2023-02-10T01:55:55.686+0000] {processor.py:753} INFO - DAG(s) dict_keys(['latest_only_with_trigger']) retrieved from /home/airflow/.local/lib/python3.7/site-packages/airflow/example_dags/example_latest_only_with_trigger.py
[2023-02-10T01:55:55.764+0000] {logging_mixin.py:137} INFO - [2023-02-10T01:55:55.762+0000] {dag.py:2690} INFO - Sync 1 DAGs
[2023-02-10T01:55:55.859+0000] {logging_mixin.py:137} INFO - [2023-02-10T01:55:55.859+0000] {dag.py:3441} INFO - Setting next_dagrun for latest_only_with_trigger to 2023-02-09T21:55:55.858583+00:00, run_after=2023-02-10T01:55:55.858583+00:00
[2023-02-10T01:55:55.937+0000] {processor.py:175} INFO - Processing /home/airflow/.local/lib/python3.7/site-packages/airflow/example_dags/example_latest_only_with_trigger.py took 0.373 seconds
[2023-02-10T01:56:26.126+0000] {processor.py:153} INFO - Started process (PID=774) to work on /home/airflow/.local/lib/python3.7/site-packages/airflow/example_dags/example_latest_only_with_trigger.py
[2023-02-10T01:56:26.130+0000] {processor.py:743} INFO - Processing file /home/airflow/.local/lib/python3.7/site-packages/airflow/example_dags/example_latest_only_with_trigger.py for tasks to queue
[2023-02-10T01:56:26.136+0000] {logging_mixin.py:137} INFO - [2023-02-10T01:56:26.135+0000] {dagbag.py:538} INFO - Filling up the DagBag from /home/airflow/.local/lib/python3.7/site-packages/airflow/example_dags/example_latest_only_with_trigger.py
[2023-02-10T01:56:26.184+0000] {processor.py:753} INFO - DAG(s) dict_keys(['latest_only_with_trigger']) retrieved from /home/airflow/.local/lib/python3.7/site-packages/airflow/example_dags/example_latest_only_with_trigger.py
[2023-02-10T01:56:26.288+0000] {logging_mixin.py:137} INFO - [2023-02-10T01:56:26.288+0000] {dag.py:2690} INFO - Sync 1 DAGs
[2023-02-10T01:56:26.388+0000] {logging_mixin.py:137} INFO - [2023-02-10T01:56:26.388+0000] {dag.py:3441} INFO - Setting next_dagrun for latest_only_with_trigger to 2023-02-09T21:56:26.387742+00:00, run_after=2023-02-10T01:56:26.387742+00:00
[2023-02-10T01:56:26.435+0000] {processor.py:175} INFO - Processing /home/airflow/.local/lib/python3.7/site-packages/airflow/example_dags/example_latest_only_with_trigger.py took 0.319 seconds
[2023-02-10T01:56:56.852+0000] {processor.py:153} INFO - Started process (PID=833) to work on /home/airflow/.local/lib/python3.7/site-packages/airflow/example_dags/example_latest_only_with_trigger.py
[2023-02-10T01:56:56.858+0000] {processor.py:743} INFO - Processing file /home/airflow/.local/lib/python3.7/site-packages/airflow/example_dags/example_latest_only_with_trigger.py for tasks to queue
[2023-02-10T01:56:56.866+0000] {logging_mixin.py:137} INFO - [2023-02-10T01:56:56.865+0000] {dagbag.py:538} INFO - Filling up the DagBag from /home/airflow/.local/lib/python3.7/site-packages/airflow/example_dags/example_latest_only_with_trigger.py
[2023-02-10T01:56:56.949+0000] {processor.py:753} INFO - DAG(s) dict_keys(['latest_only_with_trigger']) retrieved from /home/airflow/.local/lib/python3.7/site-packages/airflow/example_dags/example_latest_only_with_trigger.py
[2023-02-10T01:56:57.081+0000] {logging_mixin.py:137} INFO - [2023-02-10T01:56:57.080+0000] {dag.py:2690} INFO - Sync 1 DAGs
[2023-02-10T01:56:57.181+0000] {logging_mixin.py:137} INFO - [2023-02-10T01:56:57.181+0000] {dag.py:3441} INFO - Setting next_dagrun for latest_only_with_trigger to 2023-02-09T21:56:57.180464+00:00, run_after=2023-02-10T01:56:57.180464+00:00
[2023-02-10T01:56:57.328+0000] {processor.py:175} INFO - Processing /home/airflow/.local/lib/python3.7/site-packages/airflow/example_dags/example_latest_only_with_trigger.py took 0.501 seconds
[2023-02-10T01:57:56.178+0000] {processor.py:153} INFO - Started process (PID=910) to work on /home/airflow/.local/lib/python3.7/site-packages/airflow/example_dags/example_latest_only_with_trigger.py
[2023-02-10T01:57:56.189+0000] {processor.py:743} INFO - Processing file /home/airflow/.local/lib/python3.7/site-packages/airflow/example_dags/example_latest_only_with_trigger.py for tasks to queue
[2023-02-10T01:57:56.216+0000] {logging_mixin.py:137} INFO - [2023-02-10T01:57:56.215+0000] {dagbag.py:538} INFO - Filling up the DagBag from /home/airflow/.local/lib/python3.7/site-packages/airflow/example_dags/example_latest_only_with_trigger.py
[2023-02-10T01:57:56.661+0000] {processor.py:753} INFO - DAG(s) dict_keys(['latest_only_with_trigger']) retrieved from /home/airflow/.local/lib/python3.7/site-packages/airflow/example_dags/example_latest_only_with_trigger.py
[2023-02-10T01:57:57.765+0000] {logging_mixin.py:137} INFO - [2023-02-10T01:57:57.754+0000] {dag.py:2690} INFO - Sync 1 DAGs
[2023-02-10T01:57:58.375+0000] {logging_mixin.py:137} INFO - [2023-02-10T01:57:58.374+0000] {dag.py:3441} INFO - Setting next_dagrun for latest_only_with_trigger to 2023-02-09T21:57:58.373807+00:00, run_after=2023-02-10T01:57:58.373807+00:00
[2023-02-10T01:57:58.524+0000] {processor.py:175} INFO - Processing /home/airflow/.local/lib/python3.7/site-packages/airflow/example_dags/example_latest_only_with_trigger.py took 2.400 seconds
[2023-02-10T01:58:29.034+0000] {processor.py:153} INFO - Started process (PID=968) to work on /home/airflow/.local/lib/python3.7/site-packages/airflow/example_dags/example_latest_only_with_trigger.py
[2023-02-10T01:58:29.056+0000] {processor.py:743} INFO - Processing file /home/airflow/.local/lib/python3.7/site-packages/airflow/example_dags/example_latest_only_with_trigger.py for tasks to queue
[2023-02-10T01:58:29.073+0000] {logging_mixin.py:137} INFO - [2023-02-10T01:58:29.065+0000] {dagbag.py:538} INFO - Filling up the DagBag from /home/airflow/.local/lib/python3.7/site-packages/airflow/example_dags/example_latest_only_with_trigger.py
[2023-02-10T01:58:29.312+0000] {processor.py:753} INFO - DAG(s) dict_keys(['latest_only_with_trigger']) retrieved from /home/airflow/.local/lib/python3.7/site-packages/airflow/example_dags/example_latest_only_with_trigger.py
[2023-02-10T01:58:29.637+0000] {logging_mixin.py:137} INFO - [2023-02-10T01:58:29.636+0000] {dag.py:2690} INFO - Sync 1 DAGs
[2023-02-10T01:58:29.865+0000] {logging_mixin.py:137} INFO - [2023-02-10T01:58:29.865+0000] {dag.py:3441} INFO - Setting next_dagrun for latest_only_with_trigger to 2023-02-09T21:58:29.864808+00:00, run_after=2023-02-10T01:58:29.864808+00:00
[2023-02-10T01:58:30.090+0000] {processor.py:175} INFO - Processing /home/airflow/.local/lib/python3.7/site-packages/airflow/example_dags/example_latest_only_with_trigger.py took 1.091 seconds
[2023-02-10T01:59:00.958+0000] {processor.py:153} INFO - Started process (PID=1016) to work on /home/airflow/.local/lib/python3.7/site-packages/airflow/example_dags/example_latest_only_with_trigger.py
[2023-02-10T01:59:00.966+0000] {processor.py:743} INFO - Processing file /home/airflow/.local/lib/python3.7/site-packages/airflow/example_dags/example_latest_only_with_trigger.py for tasks to queue
[2023-02-10T01:59:00.970+0000] {logging_mixin.py:137} INFO - [2023-02-10T01:59:00.970+0000] {dagbag.py:538} INFO - Filling up the DagBag from /home/airflow/.local/lib/python3.7/site-packages/airflow/example_dags/example_latest_only_with_trigger.py
[2023-02-10T01:59:01.011+0000] {processor.py:753} INFO - DAG(s) dict_keys(['latest_only_with_trigger']) retrieved from /home/airflow/.local/lib/python3.7/site-packages/airflow/example_dags/example_latest_only_with_trigger.py
[2023-02-10T01:59:01.074+0000] {logging_mixin.py:137} INFO - [2023-02-10T01:59:01.074+0000] {dag.py:2690} INFO - Sync 1 DAGs
[2023-02-10T01:59:01.131+0000] {logging_mixin.py:137} INFO - [2023-02-10T01:59:01.130+0000] {dag.py:3441} INFO - Setting next_dagrun for latest_only_with_trigger to 2023-02-09T21:59:01.130579+00:00, run_after=2023-02-10T01:59:01.130579+00:00
[2023-02-10T01:59:01.179+0000] {processor.py:175} INFO - Processing /home/airflow/.local/lib/python3.7/site-packages/airflow/example_dags/example_latest_only_with_trigger.py took 0.238 seconds
[2023-02-10T01:59:57.145+0000] {processor.py:153} INFO - Started process (PID=1087) to work on /home/airflow/.local/lib/python3.7/site-packages/airflow/example_dags/example_latest_only_with_trigger.py
[2023-02-10T01:59:57.185+0000] {processor.py:743} INFO - Processing file /home/airflow/.local/lib/python3.7/site-packages/airflow/example_dags/example_latest_only_with_trigger.py for tasks to queue
[2023-02-10T01:59:57.210+0000] {logging_mixin.py:137} INFO - [2023-02-10T01:59:57.210+0000] {dagbag.py:538} INFO - Filling up the DagBag from /home/airflow/.local/lib/python3.7/site-packages/airflow/example_dags/example_latest_only_with_trigger.py
[2023-02-10T01:59:57.514+0000] {processor.py:753} INFO - DAG(s) dict_keys(['latest_only_with_trigger']) retrieved from /home/airflow/.local/lib/python3.7/site-packages/airflow/example_dags/example_latest_only_with_trigger.py
[2023-02-10T01:59:58.141+0000] {logging_mixin.py:137} INFO - [2023-02-10T01:59:58.141+0000] {dag.py:2690} INFO - Sync 1 DAGs
[2023-02-10T01:59:58.755+0000] {logging_mixin.py:137} INFO - [2023-02-10T01:59:58.754+0000] {dag.py:3441} INFO - Setting next_dagrun for latest_only_with_trigger to 2023-02-09T21:59:58.751041+00:00, run_after=2023-02-10T01:59:58.751041+00:00
[2023-02-10T01:59:58.919+0000] {processor.py:175} INFO - Processing /home/airflow/.local/lib/python3.7/site-packages/airflow/example_dags/example_latest_only_with_trigger.py took 1.830 seconds
[2023-02-10T02:00:30.843+0000] {processor.py:153} INFO - Started process (PID=1144) to work on /home/airflow/.local/lib/python3.7/site-packages/airflow/example_dags/example_latest_only_with_trigger.py
[2023-02-10T02:00:30.848+0000] {processor.py:743} INFO - Processing file /home/airflow/.local/lib/python3.7/site-packages/airflow/example_dags/example_latest_only_with_trigger.py for tasks to queue
[2023-02-10T02:00:30.866+0000] {logging_mixin.py:137} INFO - [2023-02-10T02:00:30.866+0000] {dagbag.py:538} INFO - Filling up the DagBag from /home/airflow/.local/lib/python3.7/site-packages/airflow/example_dags/example_latest_only_with_trigger.py
[2023-02-10T02:00:31.035+0000] {processor.py:753} INFO - DAG(s) dict_keys(['latest_only_with_trigger']) retrieved from /home/airflow/.local/lib/python3.7/site-packages/airflow/example_dags/example_latest_only_with_trigger.py
[2023-02-10T02:00:31.223+0000] {logging_mixin.py:137} INFO - [2023-02-10T02:00:31.222+0000] {dag.py:2690} INFO - Sync 1 DAGs
[2023-02-10T02:00:31.403+0000] {logging_mixin.py:137} INFO - [2023-02-10T02:00:31.402+0000] {dag.py:3441} INFO - Setting next_dagrun for latest_only_with_trigger to 2023-02-09T22:00:31.401934+00:00, run_after=2023-02-10T02:00:31.401934+00:00
[2023-02-10T02:00:31.543+0000] {processor.py:175} INFO - Processing /home/airflow/.local/lib/python3.7/site-packages/airflow/example_dags/example_latest_only_with_trigger.py took 0.727 seconds
[2023-02-10T02:01:14.156+0000] {processor.py:153} INFO - Started process (PID=1205) to work on /home/airflow/.local/lib/python3.7/site-packages/airflow/example_dags/example_latest_only_with_trigger.py
[2023-02-10T02:01:14.171+0000] {processor.py:743} INFO - Processing file /home/airflow/.local/lib/python3.7/site-packages/airflow/example_dags/example_latest_only_with_trigger.py for tasks to queue
[2023-02-10T02:01:14.180+0000] {logging_mixin.py:137} INFO - [2023-02-10T02:01:14.180+0000] {dagbag.py:538} INFO - Filling up the DagBag from /home/airflow/.local/lib/python3.7/site-packages/airflow/example_dags/example_latest_only_with_trigger.py
[2023-02-10T02:01:14.266+0000] {processor.py:753} INFO - DAG(s) dict_keys(['latest_only_with_trigger']) retrieved from /home/airflow/.local/lib/python3.7/site-packages/airflow/example_dags/example_latest_only_with_trigger.py
[2023-02-10T02:01:14.532+0000] {logging_mixin.py:137} INFO - [2023-02-10T02:01:14.532+0000] {dag.py:2690} INFO - Sync 1 DAGs
[2023-02-10T02:01:14.849+0000] {logging_mixin.py:137} INFO - [2023-02-10T02:01:14.848+0000] {dag.py:3441} INFO - Setting next_dagrun for latest_only_with_trigger to 2023-02-09T22:01:14.848167+00:00, run_after=2023-02-10T02:01:14.848167+00:00
[2023-02-10T02:01:14.967+0000] {processor.py:175} INFO - Processing /home/airflow/.local/lib/python3.7/site-packages/airflow/example_dags/example_latest_only_with_trigger.py took 0.823 seconds
[2023-02-10T02:01:56.602+0000] {processor.py:153} INFO - Started process (PID=1268) to work on /home/airflow/.local/lib/python3.7/site-packages/airflow/example_dags/example_latest_only_with_trigger.py
[2023-02-10T02:01:56.606+0000] {processor.py:743} INFO - Processing file /home/airflow/.local/lib/python3.7/site-packages/airflow/example_dags/example_latest_only_with_trigger.py for tasks to queue
[2023-02-10T02:01:56.612+0000] {logging_mixin.py:137} INFO - [2023-02-10T02:01:56.611+0000] {dagbag.py:538} INFO - Filling up the DagBag from /home/airflow/.local/lib/python3.7/site-packages/airflow/example_dags/example_latest_only_with_trigger.py
[2023-02-10T02:01:56.682+0000] {processor.py:753} INFO - DAG(s) dict_keys(['latest_only_with_trigger']) retrieved from /home/airflow/.local/lib/python3.7/site-packages/airflow/example_dags/example_latest_only_with_trigger.py
[2023-02-10T02:01:56.896+0000] {logging_mixin.py:137} INFO - [2023-02-10T02:01:56.896+0000] {dag.py:2690} INFO - Sync 1 DAGs
[2023-02-10T02:01:57.206+0000] {logging_mixin.py:137} INFO - [2023-02-10T02:01:57.204+0000] {dag.py:3441} INFO - Setting next_dagrun for latest_only_with_trigger to 2023-02-09T22:01:57.185892+00:00, run_after=2023-02-10T02:01:57.185892+00:00
[2023-02-10T02:01:57.415+0000] {processor.py:175} INFO - Processing /home/airflow/.local/lib/python3.7/site-packages/airflow/example_dags/example_latest_only_with_trigger.py took 0.834 seconds
[2023-02-10T02:02:28.241+0000] {processor.py:153} INFO - Started process (PID=1326) to work on /home/airflow/.local/lib/python3.7/site-packages/airflow/example_dags/example_latest_only_with_trigger.py
[2023-02-10T02:02:28.249+0000] {processor.py:743} INFO - Processing file /home/airflow/.local/lib/python3.7/site-packages/airflow/example_dags/example_latest_only_with_trigger.py for tasks to queue
[2023-02-10T02:02:28.319+0000] {logging_mixin.py:137} INFO - [2023-02-10T02:02:28.319+0000] {dagbag.py:538} INFO - Filling up the DagBag from /home/airflow/.local/lib/python3.7/site-packages/airflow/example_dags/example_latest_only_with_trigger.py
[2023-02-10T02:02:28.367+0000] {processor.py:753} INFO - DAG(s) dict_keys(['latest_only_with_trigger']) retrieved from /home/airflow/.local/lib/python3.7/site-packages/airflow/example_dags/example_latest_only_with_trigger.py
[2023-02-10T02:02:28.440+0000] {logging_mixin.py:137} INFO - [2023-02-10T02:02:28.440+0000] {dag.py:2690} INFO - Sync 1 DAGs
[2023-02-10T02:02:28.509+0000] {logging_mixin.py:137} INFO - [2023-02-10T02:02:28.509+0000] {dag.py:3441} INFO - Setting next_dagrun for latest_only_with_trigger to 2023-02-09T22:02:28.508716+00:00, run_after=2023-02-10T02:02:28.508716+00:00
[2023-02-10T02:02:28.594+0000] {processor.py:175} INFO - Processing /home/airflow/.local/lib/python3.7/site-packages/airflow/example_dags/example_latest_only_with_trigger.py took 0.369 seconds
[2023-02-10T02:02:58.996+0000] {processor.py:153} INFO - Started process (PID=1385) to work on /home/airflow/.local/lib/python3.7/site-packages/airflow/example_dags/example_latest_only_with_trigger.py
[2023-02-10T02:02:59.011+0000] {processor.py:743} INFO - Processing file /home/airflow/.local/lib/python3.7/site-packages/airflow/example_dags/example_latest_only_with_trigger.py for tasks to queue
[2023-02-10T02:02:59.038+0000] {logging_mixin.py:137} INFO - [2023-02-10T02:02:59.037+0000] {dagbag.py:538} INFO - Filling up the DagBag from /home/airflow/.local/lib/python3.7/site-packages/airflow/example_dags/example_latest_only_with_trigger.py
[2023-02-10T02:02:59.127+0000] {processor.py:753} INFO - DAG(s) dict_keys(['latest_only_with_trigger']) retrieved from /home/airflow/.local/lib/python3.7/site-packages/airflow/example_dags/example_latest_only_with_trigger.py
[2023-02-10T02:02:59.218+0000] {logging_mixin.py:137} INFO - [2023-02-10T02:02:59.217+0000] {dag.py:2690} INFO - Sync 1 DAGs
[2023-02-10T02:02:59.327+0000] {logging_mixin.py:137} INFO - [2023-02-10T02:02:59.327+0000] {dag.py:3441} INFO - Setting next_dagrun for latest_only_with_trigger to 2023-02-09T22:02:59.326668+00:00, run_after=2023-02-10T02:02:59.326668+00:00
[2023-02-10T02:02:59.413+0000] {processor.py:175} INFO - Processing /home/airflow/.local/lib/python3.7/site-packages/airflow/example_dags/example_latest_only_with_trigger.py took 0.436 seconds
[2023-02-10T02:03:29.633+0000] {processor.py:153} INFO - Started process (PID=1445) to work on /home/airflow/.local/lib/python3.7/site-packages/airflow/example_dags/example_latest_only_with_trigger.py
[2023-02-10T02:03:29.639+0000] {processor.py:743} INFO - Processing file /home/airflow/.local/lib/python3.7/site-packages/airflow/example_dags/example_latest_only_with_trigger.py for tasks to queue
[2023-02-10T02:03:29.645+0000] {logging_mixin.py:137} INFO - [2023-02-10T02:03:29.644+0000] {dagbag.py:538} INFO - Filling up the DagBag from /home/airflow/.local/lib/python3.7/site-packages/airflow/example_dags/example_latest_only_with_trigger.py
[2023-02-10T02:03:29.690+0000] {processor.py:753} INFO - DAG(s) dict_keys(['latest_only_with_trigger']) retrieved from /home/airflow/.local/lib/python3.7/site-packages/airflow/example_dags/example_latest_only_with_trigger.py
[2023-02-10T02:03:29.756+0000] {logging_mixin.py:137} INFO - [2023-02-10T02:03:29.756+0000] {dag.py:2690} INFO - Sync 1 DAGs
[2023-02-10T02:03:29.818+0000] {logging_mixin.py:137} INFO - [2023-02-10T02:03:29.817+0000] {dag.py:3441} INFO - Setting next_dagrun for latest_only_with_trigger to 2023-02-09T22:03:29.817394+00:00, run_after=2023-02-10T02:03:29.817394+00:00
[2023-02-10T02:03:29.864+0000] {processor.py:175} INFO - Processing /home/airflow/.local/lib/python3.7/site-packages/airflow/example_dags/example_latest_only_with_trigger.py took 0.248 seconds
[2023-02-10T02:04:01.073+0000] {processor.py:153} INFO - Started process (PID=1503) to work on /home/airflow/.local/lib/python3.7/site-packages/airflow/example_dags/example_latest_only_with_trigger.py
[2023-02-10T02:04:01.100+0000] {processor.py:743} INFO - Processing file /home/airflow/.local/lib/python3.7/site-packages/airflow/example_dags/example_latest_only_with_trigger.py for tasks to queue
[2023-02-10T02:04:01.125+0000] {logging_mixin.py:137} INFO - [2023-02-10T02:04:01.117+0000] {dagbag.py:538} INFO - Filling up the DagBag from /home/airflow/.local/lib/python3.7/site-packages/airflow/example_dags/example_latest_only_with_trigger.py
[2023-02-10T02:04:01.223+0000] {processor.py:753} INFO - DAG(s) dict_keys(['latest_only_with_trigger']) retrieved from /home/airflow/.local/lib/python3.7/site-packages/airflow/example_dags/example_latest_only_with_trigger.py
[2023-02-10T02:04:01.360+0000] {logging_mixin.py:137} INFO - [2023-02-10T02:04:01.360+0000] {dag.py:2690} INFO - Sync 1 DAGs
[2023-02-10T02:04:01.459+0000] {logging_mixin.py:137} INFO - [2023-02-10T02:04:01.455+0000] {dag.py:3441} INFO - Setting next_dagrun for latest_only_with_trigger to 2023-02-09T22:04:01.454997+00:00, run_after=2023-02-10T02:04:01.454997+00:00
[2023-02-10T02:04:01.537+0000] {processor.py:175} INFO - Processing /home/airflow/.local/lib/python3.7/site-packages/airflow/example_dags/example_latest_only_with_trigger.py took 0.492 seconds
[2023-02-10T02:04:32.613+0000] {processor.py:153} INFO - Started process (PID=1560) to work on /home/airflow/.local/lib/python3.7/site-packages/airflow/example_dags/example_latest_only_with_trigger.py
[2023-02-10T02:04:32.628+0000] {processor.py:743} INFO - Processing file /home/airflow/.local/lib/python3.7/site-packages/airflow/example_dags/example_latest_only_with_trigger.py for tasks to queue
[2023-02-10T02:04:32.638+0000] {logging_mixin.py:137} INFO - [2023-02-10T02:04:32.637+0000] {dagbag.py:538} INFO - Filling up the DagBag from /home/airflow/.local/lib/python3.7/site-packages/airflow/example_dags/example_latest_only_with_trigger.py
[2023-02-10T02:04:32.725+0000] {processor.py:753} INFO - DAG(s) dict_keys(['latest_only_with_trigger']) retrieved from /home/airflow/.local/lib/python3.7/site-packages/airflow/example_dags/example_latest_only_with_trigger.py
[2023-02-10T02:04:32.843+0000] {logging_mixin.py:137} INFO - [2023-02-10T02:04:32.842+0000] {dag.py:2690} INFO - Sync 1 DAGs
[2023-02-10T02:04:32.975+0000] {logging_mixin.py:137} INFO - [2023-02-10T02:04:32.975+0000] {dag.py:3441} INFO - Setting next_dagrun for latest_only_with_trigger to 2023-02-09T22:04:32.974747+00:00, run_after=2023-02-10T02:04:32.974747+00:00
[2023-02-10T02:04:33.041+0000] {processor.py:175} INFO - Processing /home/airflow/.local/lib/python3.7/site-packages/airflow/example_dags/example_latest_only_with_trigger.py took 0.464 seconds
[2023-02-10T02:05:03.832+0000] {processor.py:153} INFO - Started process (PID=1619) to work on /home/airflow/.local/lib/python3.7/site-packages/airflow/example_dags/example_latest_only_with_trigger.py
[2023-02-10T02:05:03.847+0000] {processor.py:743} INFO - Processing file /home/airflow/.local/lib/python3.7/site-packages/airflow/example_dags/example_latest_only_with_trigger.py for tasks to queue
[2023-02-10T02:05:03.887+0000] {logging_mixin.py:137} INFO - [2023-02-10T02:05:03.885+0000] {dagbag.py:538} INFO - Filling up the DagBag from /home/airflow/.local/lib/python3.7/site-packages/airflow/example_dags/example_latest_only_with_trigger.py
[2023-02-10T02:05:04.068+0000] {processor.py:753} INFO - DAG(s) dict_keys(['latest_only_with_trigger']) retrieved from /home/airflow/.local/lib/python3.7/site-packages/airflow/example_dags/example_latest_only_with_trigger.py
[2023-02-10T02:05:04.235+0000] {logging_mixin.py:137} INFO - [2023-02-10T02:05:04.234+0000] {dag.py:2690} INFO - Sync 1 DAGs
[2023-02-10T02:05:04.357+0000] {logging_mixin.py:137} INFO - [2023-02-10T02:05:04.356+0000] {dag.py:3441} INFO - Setting next_dagrun for latest_only_with_trigger to 2023-02-09T22:05:04.356110+00:00, run_after=2023-02-10T02:05:04.356110+00:00
[2023-02-10T02:05:04.435+0000] {processor.py:175} INFO - Processing /home/airflow/.local/lib/python3.7/site-packages/airflow/example_dags/example_latest_only_with_trigger.py took 0.642 seconds
[2023-02-10T02:05:34.783+0000] {processor.py:153} INFO - Started process (PID=1668) to work on /home/airflow/.local/lib/python3.7/site-packages/airflow/example_dags/example_latest_only_with_trigger.py
[2023-02-10T02:05:34.786+0000] {processor.py:743} INFO - Processing file /home/airflow/.local/lib/python3.7/site-packages/airflow/example_dags/example_latest_only_with_trigger.py for tasks to queue
[2023-02-10T02:05:34.790+0000] {logging_mixin.py:137} INFO - [2023-02-10T02:05:34.789+0000] {dagbag.py:538} INFO - Filling up the DagBag from /home/airflow/.local/lib/python3.7/site-packages/airflow/example_dags/example_latest_only_with_trigger.py
[2023-02-10T02:05:34.821+0000] {processor.py:753} INFO - DAG(s) dict_keys(['latest_only_with_trigger']) retrieved from /home/airflow/.local/lib/python3.7/site-packages/airflow/example_dags/example_latest_only_with_trigger.py
[2023-02-10T02:05:34.873+0000] {logging_mixin.py:137} INFO - [2023-02-10T02:05:34.872+0000] {dag.py:2690} INFO - Sync 1 DAGs
[2023-02-10T02:05:34.932+0000] {logging_mixin.py:137} INFO - [2023-02-10T02:05:34.932+0000] {dag.py:3441} INFO - Setting next_dagrun for latest_only_with_trigger to 2023-02-09T22:05:34.931472+00:00, run_after=2023-02-10T02:05:34.931472+00:00
[2023-02-10T02:05:34.984+0000] {processor.py:175} INFO - Processing /home/airflow/.local/lib/python3.7/site-packages/airflow/example_dags/example_latest_only_with_trigger.py took 0.209 seconds
[2023-02-10T02:06:05.476+0000] {processor.py:153} INFO - Started process (PID=1725) to work on /home/airflow/.local/lib/python3.7/site-packages/airflow/example_dags/example_latest_only_with_trigger.py
[2023-02-10T02:06:05.480+0000] {processor.py:743} INFO - Processing file /home/airflow/.local/lib/python3.7/site-packages/airflow/example_dags/example_latest_only_with_trigger.py for tasks to queue
[2023-02-10T02:06:05.487+0000] {logging_mixin.py:137} INFO - [2023-02-10T02:06:05.486+0000] {dagbag.py:538} INFO - Filling up the DagBag from /home/airflow/.local/lib/python3.7/site-packages/airflow/example_dags/example_latest_only_with_trigger.py
[2023-02-10T02:06:05.523+0000] {processor.py:753} INFO - DAG(s) dict_keys(['latest_only_with_trigger']) retrieved from /home/airflow/.local/lib/python3.7/site-packages/airflow/example_dags/example_latest_only_with_trigger.py
[2023-02-10T02:06:05.580+0000] {logging_mixin.py:137} INFO - [2023-02-10T02:06:05.579+0000] {dag.py:2690} INFO - Sync 1 DAGs
[2023-02-10T02:06:05.631+0000] {logging_mixin.py:137} INFO - [2023-02-10T02:06:05.630+0000] {dag.py:3441} INFO - Setting next_dagrun for latest_only_with_trigger to 2023-02-09T22:06:05.630459+00:00, run_after=2023-02-10T02:06:05.630459+00:00
[2023-02-10T02:06:05.673+0000] {processor.py:175} INFO - Processing /home/airflow/.local/lib/python3.7/site-packages/airflow/example_dags/example_latest_only_with_trigger.py took 0.203 seconds
[2023-02-10T02:06:36.285+0000] {processor.py:153} INFO - Started process (PID=1783) to work on /home/airflow/.local/lib/python3.7/site-packages/airflow/example_dags/example_latest_only_with_trigger.py
[2023-02-10T02:06:36.293+0000] {processor.py:743} INFO - Processing file /home/airflow/.local/lib/python3.7/site-packages/airflow/example_dags/example_latest_only_with_trigger.py for tasks to queue
[2023-02-10T02:06:36.303+0000] {logging_mixin.py:137} INFO - [2023-02-10T02:06:36.302+0000] {dagbag.py:538} INFO - Filling up the DagBag from /home/airflow/.local/lib/python3.7/site-packages/airflow/example_dags/example_latest_only_with_trigger.py
[2023-02-10T02:06:36.383+0000] {processor.py:753} INFO - DAG(s) dict_keys(['latest_only_with_trigger']) retrieved from /home/airflow/.local/lib/python3.7/site-packages/airflow/example_dags/example_latest_only_with_trigger.py
[2023-02-10T02:06:36.553+0000] {logging_mixin.py:137} INFO - [2023-02-10T02:06:36.552+0000] {dag.py:2690} INFO - Sync 1 DAGs
[2023-02-10T02:06:36.782+0000] {logging_mixin.py:137} INFO - [2023-02-10T02:06:36.780+0000] {dag.py:3441} INFO - Setting next_dagrun for latest_only_with_trigger to 2023-02-09T22:06:36.772776+00:00, run_after=2023-02-10T02:06:36.772776+00:00
[2023-02-10T02:06:36.903+0000] {processor.py:175} INFO - Processing /home/airflow/.local/lib/python3.7/site-packages/airflow/example_dags/example_latest_only_with_trigger.py took 0.630 seconds
[2023-02-10T02:07:07.358+0000] {processor.py:153} INFO - Started process (PID=1842) to work on /home/airflow/.local/lib/python3.7/site-packages/airflow/example_dags/example_latest_only_with_trigger.py
[2023-02-10T02:07:07.368+0000] {processor.py:743} INFO - Processing file /home/airflow/.local/lib/python3.7/site-packages/airflow/example_dags/example_latest_only_with_trigger.py for tasks to queue
[2023-02-10T02:07:07.376+0000] {logging_mixin.py:137} INFO - [2023-02-10T02:07:07.375+0000] {dagbag.py:538} INFO - Filling up the DagBag from /home/airflow/.local/lib/python3.7/site-packages/airflow/example_dags/example_latest_only_with_trigger.py
[2023-02-10T02:07:07.423+0000] {processor.py:753} INFO - DAG(s) dict_keys(['latest_only_with_trigger']) retrieved from /home/airflow/.local/lib/python3.7/site-packages/airflow/example_dags/example_latest_only_with_trigger.py
[2023-02-10T02:07:07.494+0000] {logging_mixin.py:137} INFO - [2023-02-10T02:07:07.493+0000] {dag.py:2690} INFO - Sync 1 DAGs
[2023-02-10T02:07:07.561+0000] {logging_mixin.py:137} INFO - [2023-02-10T02:07:07.560+0000] {dag.py:3441} INFO - Setting next_dagrun for latest_only_with_trigger to 2023-02-09T22:07:07.560043+00:00, run_after=2023-02-10T02:07:07.560043+00:00
[2023-02-10T02:07:07.827+0000] {processor.py:175} INFO - Processing /home/airflow/.local/lib/python3.7/site-packages/airflow/example_dags/example_latest_only_with_trigger.py took 0.487 seconds
[2023-02-10T02:07:38.162+0000] {processor.py:153} INFO - Started process (PID=1901) to work on /home/airflow/.local/lib/python3.7/site-packages/airflow/example_dags/example_latest_only_with_trigger.py
[2023-02-10T02:07:38.172+0000] {processor.py:743} INFO - Processing file /home/airflow/.local/lib/python3.7/site-packages/airflow/example_dags/example_latest_only_with_trigger.py for tasks to queue
[2023-02-10T02:07:38.186+0000] {logging_mixin.py:137} INFO - [2023-02-10T02:07:38.185+0000] {dagbag.py:538} INFO - Filling up the DagBag from /home/airflow/.local/lib/python3.7/site-packages/airflow/example_dags/example_latest_only_with_trigger.py
[2023-02-10T02:07:38.236+0000] {processor.py:753} INFO - DAG(s) dict_keys(['latest_only_with_trigger']) retrieved from /home/airflow/.local/lib/python3.7/site-packages/airflow/example_dags/example_latest_only_with_trigger.py
[2023-02-10T02:07:38.374+0000] {logging_mixin.py:137} INFO - [2023-02-10T02:07:38.373+0000] {dag.py:2690} INFO - Sync 1 DAGs
[2023-02-10T02:07:38.523+0000] {logging_mixin.py:137} INFO - [2023-02-10T02:07:38.522+0000] {dag.py:3441} INFO - Setting next_dagrun for latest_only_with_trigger to 2023-02-09T22:07:38.519255+00:00, run_after=2023-02-10T02:07:38.519255+00:00
[2023-02-10T02:07:38.588+0000] {processor.py:175} INFO - Processing /home/airflow/.local/lib/python3.7/site-packages/airflow/example_dags/example_latest_only_with_trigger.py took 0.435 seconds
[2023-02-10T02:08:15.582+0000] {processor.py:153} INFO - Started process (PID=1964) to work on /home/airflow/.local/lib/python3.7/site-packages/airflow/example_dags/example_latest_only_with_trigger.py
[2023-02-10T02:08:15.597+0000] {processor.py:743} INFO - Processing file /home/airflow/.local/lib/python3.7/site-packages/airflow/example_dags/example_latest_only_with_trigger.py for tasks to queue
[2023-02-10T02:08:15.611+0000] {logging_mixin.py:137} INFO - [2023-02-10T02:08:15.608+0000] {dagbag.py:538} INFO - Filling up the DagBag from /home/airflow/.local/lib/python3.7/site-packages/airflow/example_dags/example_latest_only_with_trigger.py
[2023-02-10T02:08:15.729+0000] {processor.py:753} INFO - DAG(s) dict_keys(['latest_only_with_trigger']) retrieved from /home/airflow/.local/lib/python3.7/site-packages/airflow/example_dags/example_latest_only_with_trigger.py
[2023-02-10T02:08:15.813+0000] {logging_mixin.py:137} INFO - [2023-02-10T02:08:15.813+0000] {dag.py:2690} INFO - Sync 1 DAGs
[2023-02-10T02:08:16.030+0000] {logging_mixin.py:137} INFO - [2023-02-10T02:08:16.030+0000] {dag.py:3441} INFO - Setting next_dagrun for latest_only_with_trigger to 2023-02-09T22:08:16.029558+00:00, run_after=2023-02-10T02:08:16.029558+00:00
[2023-02-10T02:08:16.238+0000] {processor.py:175} INFO - Processing /home/airflow/.local/lib/python3.7/site-packages/airflow/example_dags/example_latest_only_with_trigger.py took 0.681 seconds
[2023-02-10T02:08:46.788+0000] {processor.py:153} INFO - Started process (PID=2014) to work on /home/airflow/.local/lib/python3.7/site-packages/airflow/example_dags/example_latest_only_with_trigger.py
[2023-02-10T02:08:46.807+0000] {processor.py:743} INFO - Processing file /home/airflow/.local/lib/python3.7/site-packages/airflow/example_dags/example_latest_only_with_trigger.py for tasks to queue
[2023-02-10T02:08:46.823+0000] {logging_mixin.py:137} INFO - [2023-02-10T02:08:46.823+0000] {dagbag.py:538} INFO - Filling up the DagBag from /home/airflow/.local/lib/python3.7/site-packages/airflow/example_dags/example_latest_only_with_trigger.py
[2023-02-10T02:08:46.918+0000] {processor.py:753} INFO - DAG(s) dict_keys(['latest_only_with_trigger']) retrieved from /home/airflow/.local/lib/python3.7/site-packages/airflow/example_dags/example_latest_only_with_trigger.py
[2023-02-10T02:08:46.979+0000] {logging_mixin.py:137} INFO - [2023-02-10T02:08:46.979+0000] {dag.py:2690} INFO - Sync 1 DAGs
[2023-02-10T02:08:47.087+0000] {logging_mixin.py:137} INFO - [2023-02-10T02:08:47.087+0000] {dag.py:3441} INFO - Setting next_dagrun for latest_only_with_trigger to 2023-02-09T22:08:47.086853+00:00, run_after=2023-02-10T02:08:47.086853+00:00
[2023-02-10T02:08:47.188+0000] {processor.py:175} INFO - Processing /home/airflow/.local/lib/python3.7/site-packages/airflow/example_dags/example_latest_only_with_trigger.py took 0.420 seconds
[2023-02-10T02:09:20.089+0000] {processor.py:153} INFO - Started process (PID=2072) to work on /home/airflow/.local/lib/python3.7/site-packages/airflow/example_dags/example_latest_only_with_trigger.py
[2023-02-10T02:09:20.100+0000] {processor.py:743} INFO - Processing file /home/airflow/.local/lib/python3.7/site-packages/airflow/example_dags/example_latest_only_with_trigger.py for tasks to queue
[2023-02-10T02:09:20.104+0000] {logging_mixin.py:137} INFO - [2023-02-10T02:09:20.103+0000] {dagbag.py:538} INFO - Filling up the DagBag from /home/airflow/.local/lib/python3.7/site-packages/airflow/example_dags/example_latest_only_with_trigger.py
[2023-02-10T02:09:20.282+0000] {processor.py:753} INFO - DAG(s) dict_keys(['latest_only_with_trigger']) retrieved from /home/airflow/.local/lib/python3.7/site-packages/airflow/example_dags/example_latest_only_with_trigger.py
[2023-02-10T02:09:20.575+0000] {logging_mixin.py:137} INFO - [2023-02-10T02:09:20.572+0000] {dag.py:2690} INFO - Sync 1 DAGs
[2023-02-10T02:09:20.748+0000] {logging_mixin.py:137} INFO - [2023-02-10T02:09:20.748+0000] {dag.py:3441} INFO - Setting next_dagrun for latest_only_with_trigger to 2023-02-09T22:09:20.747693+00:00, run_after=2023-02-10T02:09:20.747693+00:00
[2023-02-10T02:09:20.881+0000] {processor.py:175} INFO - Processing /home/airflow/.local/lib/python3.7/site-packages/airflow/example_dags/example_latest_only_with_trigger.py took 0.847 seconds
[2023-02-10T02:09:51.688+0000] {processor.py:153} INFO - Started process (PID=2130) to work on /home/airflow/.local/lib/python3.7/site-packages/airflow/example_dags/example_latest_only_with_trigger.py
[2023-02-10T02:09:51.720+0000] {processor.py:743} INFO - Processing file /home/airflow/.local/lib/python3.7/site-packages/airflow/example_dags/example_latest_only_with_trigger.py for tasks to queue
[2023-02-10T02:09:51.725+0000] {logging_mixin.py:137} INFO - [2023-02-10T02:09:51.725+0000] {dagbag.py:538} INFO - Filling up the DagBag from /home/airflow/.local/lib/python3.7/site-packages/airflow/example_dags/example_latest_only_with_trigger.py
[2023-02-10T02:09:52.039+0000] {processor.py:753} INFO - DAG(s) dict_keys(['latest_only_with_trigger']) retrieved from /home/airflow/.local/lib/python3.7/site-packages/airflow/example_dags/example_latest_only_with_trigger.py
[2023-02-10T02:09:52.241+0000] {logging_mixin.py:137} INFO - [2023-02-10T02:09:52.241+0000] {dag.py:2690} INFO - Sync 1 DAGs
[2023-02-10T02:09:52.376+0000] {logging_mixin.py:137} INFO - [2023-02-10T02:09:52.376+0000] {dag.py:3441} INFO - Setting next_dagrun for latest_only_with_trigger to 2023-02-09T22:09:52.375698+00:00, run_after=2023-02-10T02:09:52.375698+00:00
[2023-02-10T02:09:52.487+0000] {processor.py:175} INFO - Processing /home/airflow/.local/lib/python3.7/site-packages/airflow/example_dags/example_latest_only_with_trigger.py took 0.843 seconds
[2023-02-10T02:10:35.592+0000] {processor.py:153} INFO - Started process (PID=2190) to work on /home/airflow/.local/lib/python3.7/site-packages/airflow/example_dags/example_latest_only_with_trigger.py
[2023-02-10T02:10:35.607+0000] {processor.py:743} INFO - Processing file /home/airflow/.local/lib/python3.7/site-packages/airflow/example_dags/example_latest_only_with_trigger.py for tasks to queue
[2023-02-10T02:10:35.613+0000] {logging_mixin.py:137} INFO - [2023-02-10T02:10:35.613+0000] {dagbag.py:538} INFO - Filling up the DagBag from /home/airflow/.local/lib/python3.7/site-packages/airflow/example_dags/example_latest_only_with_trigger.py
[2023-02-10T02:10:35.829+0000] {processor.py:753} INFO - DAG(s) dict_keys(['latest_only_with_trigger']) retrieved from /home/airflow/.local/lib/python3.7/site-packages/airflow/example_dags/example_latest_only_with_trigger.py
[2023-02-10T02:10:36.044+0000] {logging_mixin.py:137} INFO - [2023-02-10T02:10:36.044+0000] {dag.py:2690} INFO - Sync 1 DAGs
[2023-02-10T02:10:36.213+0000] {logging_mixin.py:137} INFO - [2023-02-10T02:10:36.209+0000] {dag.py:3441} INFO - Setting next_dagrun for latest_only_with_trigger to 2023-02-09T22:10:36.204915+00:00, run_after=2023-02-10T02:10:36.204915+00:00
[2023-02-10T02:10:36.337+0000] {processor.py:175} INFO - Processing /home/airflow/.local/lib/python3.7/site-packages/airflow/example_dags/example_latest_only_with_trigger.py took 0.839 seconds
[2023-02-10T02:11:06.982+0000] {processor.py:153} INFO - Started process (PID=2248) to work on /home/airflow/.local/lib/python3.7/site-packages/airflow/example_dags/example_latest_only_with_trigger.py
[2023-02-10T02:11:06.986+0000] {processor.py:743} INFO - Processing file /home/airflow/.local/lib/python3.7/site-packages/airflow/example_dags/example_latest_only_with_trigger.py for tasks to queue
[2023-02-10T02:11:06.991+0000] {logging_mixin.py:137} INFO - [2023-02-10T02:11:06.990+0000] {dagbag.py:538} INFO - Filling up the DagBag from /home/airflow/.local/lib/python3.7/site-packages/airflow/example_dags/example_latest_only_with_trigger.py
[2023-02-10T02:11:07.111+0000] {processor.py:753} INFO - DAG(s) dict_keys(['latest_only_with_trigger']) retrieved from /home/airflow/.local/lib/python3.7/site-packages/airflow/example_dags/example_latest_only_with_trigger.py
[2023-02-10T02:11:07.280+0000] {logging_mixin.py:137} INFO - [2023-02-10T02:11:07.280+0000] {dag.py:2690} INFO - Sync 1 DAGs
[2023-02-10T02:11:07.471+0000] {logging_mixin.py:137} INFO - [2023-02-10T02:11:07.471+0000] {dag.py:3441} INFO - Setting next_dagrun for latest_only_with_trigger to 2023-02-09T22:11:07.468958+00:00, run_after=2023-02-10T02:11:07.468958+00:00
[2023-02-10T02:11:07.587+0000] {processor.py:175} INFO - Processing /home/airflow/.local/lib/python3.7/site-packages/airflow/example_dags/example_latest_only_with_trigger.py took 0.622 seconds
[2023-02-10T02:11:38.507+0000] {processor.py:153} INFO - Started process (PID=2298) to work on /home/airflow/.local/lib/python3.7/site-packages/airflow/example_dags/example_latest_only_with_trigger.py
[2023-02-10T02:11:38.511+0000] {processor.py:743} INFO - Processing file /home/airflow/.local/lib/python3.7/site-packages/airflow/example_dags/example_latest_only_with_trigger.py for tasks to queue
[2023-02-10T02:11:38.515+0000] {logging_mixin.py:137} INFO - [2023-02-10T02:11:38.515+0000] {dagbag.py:538} INFO - Filling up the DagBag from /home/airflow/.local/lib/python3.7/site-packages/airflow/example_dags/example_latest_only_with_trigger.py
[2023-02-10T02:11:38.591+0000] {processor.py:753} INFO - DAG(s) dict_keys(['latest_only_with_trigger']) retrieved from /home/airflow/.local/lib/python3.7/site-packages/airflow/example_dags/example_latest_only_with_trigger.py
[2023-02-10T02:11:38.698+0000] {logging_mixin.py:137} INFO - [2023-02-10T02:11:38.697+0000] {dag.py:2690} INFO - Sync 1 DAGs
[2023-02-10T02:11:38.879+0000] {logging_mixin.py:137} INFO - [2023-02-10T02:11:38.879+0000] {dag.py:3441} INFO - Setting next_dagrun for latest_only_with_trigger to 2023-02-09T22:11:38.878714+00:00, run_after=2023-02-10T02:11:38.878714+00:00
[2023-02-10T02:11:38.970+0000] {processor.py:175} INFO - Processing /home/airflow/.local/lib/python3.7/site-packages/airflow/example_dags/example_latest_only_with_trigger.py took 0.482 seconds
[2023-02-10T02:12:09.497+0000] {processor.py:153} INFO - Started process (PID=2357) to work on /home/airflow/.local/lib/python3.7/site-packages/airflow/example_dags/example_latest_only_with_trigger.py
[2023-02-10T02:12:09.501+0000] {processor.py:743} INFO - Processing file /home/airflow/.local/lib/python3.7/site-packages/airflow/example_dags/example_latest_only_with_trigger.py for tasks to queue
[2023-02-10T02:12:09.508+0000] {logging_mixin.py:137} INFO - [2023-02-10T02:12:09.507+0000] {dagbag.py:538} INFO - Filling up the DagBag from /home/airflow/.local/lib/python3.7/site-packages/airflow/example_dags/example_latest_only_with_trigger.py
[2023-02-10T02:12:09.591+0000] {processor.py:753} INFO - DAG(s) dict_keys(['latest_only_with_trigger']) retrieved from /home/airflow/.local/lib/python3.7/site-packages/airflow/example_dags/example_latest_only_with_trigger.py
[2023-02-10T02:12:09.702+0000] {logging_mixin.py:137} INFO - [2023-02-10T02:12:09.702+0000] {dag.py:2690} INFO - Sync 1 DAGs
[2023-02-10T02:12:09.758+0000] {logging_mixin.py:137} INFO - [2023-02-10T02:12:09.758+0000] {dag.py:3441} INFO - Setting next_dagrun for latest_only_with_trigger to 2023-02-09T22:12:09.757587+00:00, run_after=2023-02-10T02:12:09.757587+00:00
[2023-02-10T02:12:09.813+0000] {processor.py:175} INFO - Processing /home/airflow/.local/lib/python3.7/site-packages/airflow/example_dags/example_latest_only_with_trigger.py took 0.332 seconds
[2023-02-10T02:12:42.168+0000] {processor.py:153} INFO - Started process (PID=2416) to work on /home/airflow/.local/lib/python3.7/site-packages/airflow/example_dags/example_latest_only_with_trigger.py
[2023-02-10T02:12:42.176+0000] {processor.py:743} INFO - Processing file /home/airflow/.local/lib/python3.7/site-packages/airflow/example_dags/example_latest_only_with_trigger.py for tasks to queue
[2023-02-10T02:12:42.187+0000] {logging_mixin.py:137} INFO - [2023-02-10T02:12:42.187+0000] {dagbag.py:538} INFO - Filling up the DagBag from /home/airflow/.local/lib/python3.7/site-packages/airflow/example_dags/example_latest_only_with_trigger.py
[2023-02-10T02:12:42.257+0000] {processor.py:753} INFO - DAG(s) dict_keys(['latest_only_with_trigger']) retrieved from /home/airflow/.local/lib/python3.7/site-packages/airflow/example_dags/example_latest_only_with_trigger.py
[2023-02-10T02:12:42.454+0000] {logging_mixin.py:137} INFO - [2023-02-10T02:12:42.453+0000] {dag.py:2690} INFO - Sync 1 DAGs
[2023-02-10T02:12:42.595+0000] {logging_mixin.py:137} INFO - [2023-02-10T02:12:42.595+0000] {dag.py:3441} INFO - Setting next_dagrun for latest_only_with_trigger to 2023-02-09T22:12:42.594293+00:00, run_after=2023-02-10T02:12:42.594293+00:00
[2023-02-10T02:12:42.673+0000] {processor.py:175} INFO - Processing /home/airflow/.local/lib/python3.7/site-packages/airflow/example_dags/example_latest_only_with_trigger.py took 0.523 seconds
[2023-02-10T02:13:22.431+0000] {processor.py:153} INFO - Started process (PID=2482) to work on /home/airflow/.local/lib/python3.7/site-packages/airflow/example_dags/example_latest_only_with_trigger.py
[2023-02-10T02:13:22.435+0000] {processor.py:743} INFO - Processing file /home/airflow/.local/lib/python3.7/site-packages/airflow/example_dags/example_latest_only_with_trigger.py for tasks to queue
[2023-02-10T02:13:22.442+0000] {logging_mixin.py:137} INFO - [2023-02-10T02:13:22.442+0000] {dagbag.py:538} INFO - Filling up the DagBag from /home/airflow/.local/lib/python3.7/site-packages/airflow/example_dags/example_latest_only_with_trigger.py
[2023-02-10T02:13:22.496+0000] {processor.py:753} INFO - DAG(s) dict_keys(['latest_only_with_trigger']) retrieved from /home/airflow/.local/lib/python3.7/site-packages/airflow/example_dags/example_latest_only_with_trigger.py
[2023-02-10T02:13:22.589+0000] {logging_mixin.py:137} INFO - [2023-02-10T02:13:22.588+0000] {dag.py:2690} INFO - Sync 1 DAGs
[2023-02-10T02:13:22.673+0000] {logging_mixin.py:137} INFO - [2023-02-10T02:13:22.672+0000] {dag.py:3441} INFO - Setting next_dagrun for latest_only_with_trigger to 2023-02-09T22:13:22.672193+00:00, run_after=2023-02-10T02:13:22.672193+00:00
[2023-02-10T02:13:22.754+0000] {processor.py:175} INFO - Processing /home/airflow/.local/lib/python3.7/site-packages/airflow/example_dags/example_latest_only_with_trigger.py took 0.332 seconds
[2023-02-10T02:13:59.156+0000] {processor.py:153} INFO - Started process (PID=2540) to work on /home/airflow/.local/lib/python3.7/site-packages/airflow/example_dags/example_latest_only_with_trigger.py
[2023-02-10T02:13:59.173+0000] {processor.py:743} INFO - Processing file /home/airflow/.local/lib/python3.7/site-packages/airflow/example_dags/example_latest_only_with_trigger.py for tasks to queue
[2023-02-10T02:13:59.184+0000] {logging_mixin.py:137} INFO - [2023-02-10T02:13:59.183+0000] {dagbag.py:538} INFO - Filling up the DagBag from /home/airflow/.local/lib/python3.7/site-packages/airflow/example_dags/example_latest_only_with_trigger.py
[2023-02-10T02:13:59.334+0000] {processor.py:753} INFO - DAG(s) dict_keys(['latest_only_with_trigger']) retrieved from /home/airflow/.local/lib/python3.7/site-packages/airflow/example_dags/example_latest_only_with_trigger.py
[2023-02-10T02:13:59.540+0000] {logging_mixin.py:137} INFO - [2023-02-10T02:13:59.539+0000] {dag.py:2690} INFO - Sync 1 DAGs
[2023-02-10T02:13:59.714+0000] {logging_mixin.py:137} INFO - [2023-02-10T02:13:59.713+0000] {dag.py:3441} INFO - Setting next_dagrun for latest_only_with_trigger to 2023-02-09T22:13:59.713410+00:00, run_after=2023-02-10T02:13:59.713410+00:00
[2023-02-10T02:13:59.993+0000] {processor.py:175} INFO - Processing /home/airflow/.local/lib/python3.7/site-packages/airflow/example_dags/example_latest_only_with_trigger.py took 0.917 seconds
[2023-02-10T02:14:32.776+0000] {processor.py:153} INFO - Started process (PID=2599) to work on /home/airflow/.local/lib/python3.7/site-packages/airflow/example_dags/example_latest_only_with_trigger.py
[2023-02-10T02:14:32.784+0000] {processor.py:743} INFO - Processing file /home/airflow/.local/lib/python3.7/site-packages/airflow/example_dags/example_latest_only_with_trigger.py for tasks to queue
[2023-02-10T02:14:32.798+0000] {logging_mixin.py:137} INFO - [2023-02-10T02:14:32.797+0000] {dagbag.py:538} INFO - Filling up the DagBag from /home/airflow/.local/lib/python3.7/site-packages/airflow/example_dags/example_latest_only_with_trigger.py
[2023-02-10T02:14:32.909+0000] {processor.py:753} INFO - DAG(s) dict_keys(['latest_only_with_trigger']) retrieved from /home/airflow/.local/lib/python3.7/site-packages/airflow/example_dags/example_latest_only_with_trigger.py
[2023-02-10T02:14:33.513+0000] {logging_mixin.py:137} INFO - [2023-02-10T02:14:33.513+0000] {dag.py:2690} INFO - Sync 1 DAGs
[2023-02-10T02:14:33.779+0000] {logging_mixin.py:137} INFO - [2023-02-10T02:14:33.771+0000] {dag.py:3441} INFO - Setting next_dagrun for latest_only_with_trigger to 2023-02-09T22:14:33.770971+00:00, run_after=2023-02-10T02:14:33.770971+00:00
[2023-02-10T02:14:33.947+0000] {processor.py:175} INFO - Processing /home/airflow/.local/lib/python3.7/site-packages/airflow/example_dags/example_latest_only_with_trigger.py took 1.208 seconds
[2023-02-10T02:15:04.796+0000] {processor.py:153} INFO - Started process (PID=2650) to work on /home/airflow/.local/lib/python3.7/site-packages/airflow/example_dags/example_latest_only_with_trigger.py
[2023-02-10T02:15:04.803+0000] {processor.py:743} INFO - Processing file /home/airflow/.local/lib/python3.7/site-packages/airflow/example_dags/example_latest_only_with_trigger.py for tasks to queue
[2023-02-10T02:15:04.810+0000] {logging_mixin.py:137} INFO - [2023-02-10T02:15:04.809+0000] {dagbag.py:538} INFO - Filling up the DagBag from /home/airflow/.local/lib/python3.7/site-packages/airflow/example_dags/example_latest_only_with_trigger.py
[2023-02-10T02:15:04.863+0000] {processor.py:753} INFO - DAG(s) dict_keys(['latest_only_with_trigger']) retrieved from /home/airflow/.local/lib/python3.7/site-packages/airflow/example_dags/example_latest_only_with_trigger.py
[2023-02-10T02:15:04.977+0000] {logging_mixin.py:137} INFO - [2023-02-10T02:15:04.977+0000] {dag.py:2690} INFO - Sync 1 DAGs
[2023-02-10T02:15:05.218+0000] {logging_mixin.py:137} INFO - [2023-02-10T02:15:05.203+0000] {dag.py:3441} INFO - Setting next_dagrun for latest_only_with_trigger to 2023-02-09T22:15:05.199061+00:00, run_after=2023-02-10T02:15:05.199061+00:00
[2023-02-10T02:15:05.342+0000] {processor.py:175} INFO - Processing /home/airflow/.local/lib/python3.7/site-packages/airflow/example_dags/example_latest_only_with_trigger.py took 0.552 seconds
[2023-02-10T02:15:35.833+0000] {processor.py:153} INFO - Started process (PID=2709) to work on /home/airflow/.local/lib/python3.7/site-packages/airflow/example_dags/example_latest_only_with_trigger.py
[2023-02-10T02:15:35.847+0000] {processor.py:743} INFO - Processing file /home/airflow/.local/lib/python3.7/site-packages/airflow/example_dags/example_latest_only_with_trigger.py for tasks to queue
[2023-02-10T02:15:35.855+0000] {logging_mixin.py:137} INFO - [2023-02-10T02:15:35.852+0000] {dagbag.py:538} INFO - Filling up the DagBag from /home/airflow/.local/lib/python3.7/site-packages/airflow/example_dags/example_latest_only_with_trigger.py
[2023-02-10T02:15:36.100+0000] {processor.py:753} INFO - DAG(s) dict_keys(['latest_only_with_trigger']) retrieved from /home/airflow/.local/lib/python3.7/site-packages/airflow/example_dags/example_latest_only_with_trigger.py
[2023-02-10T02:15:36.385+0000] {logging_mixin.py:137} INFO - [2023-02-10T02:15:36.385+0000] {dag.py:2690} INFO - Sync 1 DAGs
[2023-02-10T02:15:36.576+0000] {logging_mixin.py:137} INFO - [2023-02-10T02:15:36.576+0000] {dag.py:3441} INFO - Setting next_dagrun for latest_only_with_trigger to 2023-02-09T22:15:36.576182+00:00, run_after=2023-02-10T02:15:36.576182+00:00
[2023-02-10T02:15:36.728+0000] {processor.py:175} INFO - Processing /home/airflow/.local/lib/python3.7/site-packages/airflow/example_dags/example_latest_only_with_trigger.py took 0.966 seconds
[2023-02-10T02:16:07.381+0000] {processor.py:153} INFO - Started process (PID=2768) to work on /home/airflow/.local/lib/python3.7/site-packages/airflow/example_dags/example_latest_only_with_trigger.py
[2023-02-10T02:16:07.387+0000] {processor.py:743} INFO - Processing file /home/airflow/.local/lib/python3.7/site-packages/airflow/example_dags/example_latest_only_with_trigger.py for tasks to queue
[2023-02-10T02:16:07.393+0000] {logging_mixin.py:137} INFO - [2023-02-10T02:16:07.392+0000] {dagbag.py:538} INFO - Filling up the DagBag from /home/airflow/.local/lib/python3.7/site-packages/airflow/example_dags/example_latest_only_with_trigger.py
[2023-02-10T02:16:07.482+0000] {processor.py:753} INFO - DAG(s) dict_keys(['latest_only_with_trigger']) retrieved from /home/airflow/.local/lib/python3.7/site-packages/airflow/example_dags/example_latest_only_with_trigger.py
[2023-02-10T02:16:07.651+0000] {logging_mixin.py:137} INFO - [2023-02-10T02:16:07.651+0000] {dag.py:2690} INFO - Sync 1 DAGs
[2023-02-10T02:16:07.795+0000] {logging_mixin.py:137} INFO - [2023-02-10T02:16:07.795+0000] {dag.py:3441} INFO - Setting next_dagrun for latest_only_with_trigger to 2023-02-09T22:16:07.795216+00:00, run_after=2023-02-10T02:16:07.795216+00:00
[2023-02-10T02:16:07.891+0000] {processor.py:175} INFO - Processing /home/airflow/.local/lib/python3.7/site-packages/airflow/example_dags/example_latest_only_with_trigger.py took 0.539 seconds
[2023-02-10T02:16:38.359+0000] {processor.py:153} INFO - Started process (PID=2817) to work on /home/airflow/.local/lib/python3.7/site-packages/airflow/example_dags/example_latest_only_with_trigger.py
[2023-02-10T02:16:38.365+0000] {processor.py:743} INFO - Processing file /home/airflow/.local/lib/python3.7/site-packages/airflow/example_dags/example_latest_only_with_trigger.py for tasks to queue
[2023-02-10T02:16:38.372+0000] {logging_mixin.py:137} INFO - [2023-02-10T02:16:38.370+0000] {dagbag.py:538} INFO - Filling up the DagBag from /home/airflow/.local/lib/python3.7/site-packages/airflow/example_dags/example_latest_only_with_trigger.py
[2023-02-10T02:16:38.425+0000] {processor.py:753} INFO - DAG(s) dict_keys(['latest_only_with_trigger']) retrieved from /home/airflow/.local/lib/python3.7/site-packages/airflow/example_dags/example_latest_only_with_trigger.py
[2023-02-10T02:16:38.512+0000] {logging_mixin.py:137} INFO - [2023-02-10T02:16:38.511+0000] {dag.py:2690} INFO - Sync 1 DAGs
[2023-02-10T02:16:38.591+0000] {logging_mixin.py:137} INFO - [2023-02-10T02:16:38.591+0000] {dag.py:3441} INFO - Setting next_dagrun for latest_only_with_trigger to 2023-02-09T22:16:38.591001+00:00, run_after=2023-02-10T02:16:38.591001+00:00
[2023-02-10T02:16:38.663+0000] {processor.py:175} INFO - Processing /home/airflow/.local/lib/python3.7/site-packages/airflow/example_dags/example_latest_only_with_trigger.py took 0.321 seconds
[2023-02-10T02:17:08.838+0000] {processor.py:153} INFO - Started process (PID=2876) to work on /home/airflow/.local/lib/python3.7/site-packages/airflow/example_dags/example_latest_only_with_trigger.py
[2023-02-10T02:17:08.850+0000] {processor.py:743} INFO - Processing file /home/airflow/.local/lib/python3.7/site-packages/airflow/example_dags/example_latest_only_with_trigger.py for tasks to queue
[2023-02-10T02:17:08.854+0000] {logging_mixin.py:137} INFO - [2023-02-10T02:17:08.853+0000] {dagbag.py:538} INFO - Filling up the DagBag from /home/airflow/.local/lib/python3.7/site-packages/airflow/example_dags/example_latest_only_with_trigger.py
[2023-02-10T02:17:08.937+0000] {processor.py:753} INFO - DAG(s) dict_keys(['latest_only_with_trigger']) retrieved from /home/airflow/.local/lib/python3.7/site-packages/airflow/example_dags/example_latest_only_with_trigger.py
[2023-02-10T02:17:09.112+0000] {logging_mixin.py:137} INFO - [2023-02-10T02:17:09.112+0000] {dag.py:2690} INFO - Sync 1 DAGs
[2023-02-10T02:17:09.312+0000] {logging_mixin.py:137} INFO - [2023-02-10T02:17:09.312+0000] {dag.py:3441} INFO - Setting next_dagrun for latest_only_with_trigger to 2023-02-09T22:17:09.311375+00:00, run_after=2023-02-10T02:17:09.311375+00:00
[2023-02-10T02:17:09.427+0000] {processor.py:175} INFO - Processing /home/airflow/.local/lib/python3.7/site-packages/airflow/example_dags/example_latest_only_with_trigger.py took 0.603 seconds
[2023-02-10T02:17:59.630+0000] {processor.py:153} INFO - Started process (PID=2943) to work on /home/airflow/.local/lib/python3.7/site-packages/airflow/example_dags/example_latest_only_with_trigger.py
[2023-02-10T02:17:59.653+0000] {processor.py:743} INFO - Processing file /home/airflow/.local/lib/python3.7/site-packages/airflow/example_dags/example_latest_only_with_trigger.py for tasks to queue
[2023-02-10T02:17:59.690+0000] {logging_mixin.py:137} INFO - [2023-02-10T02:17:59.689+0000] {dagbag.py:538} INFO - Filling up the DagBag from /home/airflow/.local/lib/python3.7/site-packages/airflow/example_dags/example_latest_only_with_trigger.py
[2023-02-10T02:17:59.854+0000] {processor.py:753} INFO - DAG(s) dict_keys(['latest_only_with_trigger']) retrieved from /home/airflow/.local/lib/python3.7/site-packages/airflow/example_dags/example_latest_only_with_trigger.py
[2023-02-10T02:18:00.016+0000] {logging_mixin.py:137} INFO - [2023-02-10T02:18:00.016+0000] {dag.py:2690} INFO - Sync 1 DAGs
[2023-02-10T02:18:00.207+0000] {logging_mixin.py:137} INFO - [2023-02-10T02:18:00.206+0000] {dag.py:3441} INFO - Setting next_dagrun for latest_only_with_trigger to 2023-02-09T22:18:00.206094+00:00, run_after=2023-02-10T02:18:00.206094+00:00
[2023-02-10T02:18:00.519+0000] {processor.py:175} INFO - Processing /home/airflow/.local/lib/python3.7/site-packages/airflow/example_dags/example_latest_only_with_trigger.py took 0.927 seconds
[2023-02-10T02:18:31.037+0000] {processor.py:153} INFO - Started process (PID=2995) to work on /home/airflow/.local/lib/python3.7/site-packages/airflow/example_dags/example_latest_only_with_trigger.py
[2023-02-10T02:18:31.042+0000] {processor.py:743} INFO - Processing file /home/airflow/.local/lib/python3.7/site-packages/airflow/example_dags/example_latest_only_with_trigger.py for tasks to queue
[2023-02-10T02:18:31.055+0000] {logging_mixin.py:137} INFO - [2023-02-10T02:18:31.054+0000] {dagbag.py:538} INFO - Filling up the DagBag from /home/airflow/.local/lib/python3.7/site-packages/airflow/example_dags/example_latest_only_with_trigger.py
[2023-02-10T02:18:31.123+0000] {processor.py:753} INFO - DAG(s) dict_keys(['latest_only_with_trigger']) retrieved from /home/airflow/.local/lib/python3.7/site-packages/airflow/example_dags/example_latest_only_with_trigger.py
[2023-02-10T02:18:31.274+0000] {logging_mixin.py:137} INFO - [2023-02-10T02:18:31.274+0000] {dag.py:2690} INFO - Sync 1 DAGs
[2023-02-10T02:18:31.381+0000] {logging_mixin.py:137} INFO - [2023-02-10T02:18:31.381+0000] {dag.py:3441} INFO - Setting next_dagrun for latest_only_with_trigger to 2023-02-09T22:18:31.380750+00:00, run_after=2023-02-10T02:18:31.380750+00:00
[2023-02-10T02:18:31.483+0000] {processor.py:175} INFO - Processing /home/airflow/.local/lib/python3.7/site-packages/airflow/example_dags/example_latest_only_with_trigger.py took 0.456 seconds
[2023-02-10T02:19:40.294+0000] {processor.py:153} INFO - Started process (PID=85) to work on /home/airflow/.local/lib/python3.7/site-packages/airflow/example_dags/example_latest_only_with_trigger.py
[2023-02-10T02:19:40.301+0000] {processor.py:743} INFO - Processing file /home/airflow/.local/lib/python3.7/site-packages/airflow/example_dags/example_latest_only_with_trigger.py for tasks to queue
[2023-02-10T02:19:40.319+0000] {logging_mixin.py:137} INFO - [2023-02-10T02:19:40.318+0000] {dagbag.py:538} INFO - Filling up the DagBag from /home/airflow/.local/lib/python3.7/site-packages/airflow/example_dags/example_latest_only_with_trigger.py
[2023-02-10T02:19:40.617+0000] {processor.py:753} INFO - DAG(s) dict_keys(['latest_only_with_trigger']) retrieved from /home/airflow/.local/lib/python3.7/site-packages/airflow/example_dags/example_latest_only_with_trigger.py
[2023-02-10T02:19:41.158+0000] {logging_mixin.py:137} INFO - [2023-02-10T02:19:41.155+0000] {dag.py:2690} INFO - Sync 1 DAGs
[2023-02-10T02:19:41.396+0000] {logging_mixin.py:137} INFO - [2023-02-10T02:19:41.395+0000] {dag.py:3441} INFO - Setting next_dagrun for latest_only_with_trigger to 2023-02-09T22:19:41.395456+00:00, run_after=2023-02-10T02:19:41.395456+00:00
[2023-02-10T02:19:41.562+0000] {processor.py:175} INFO - Processing /home/airflow/.local/lib/python3.7/site-packages/airflow/example_dags/example_latest_only_with_trigger.py took 1.307 seconds
[2023-02-10T02:20:17.257+0000] {processor.py:153} INFO - Started process (PID=144) to work on /home/airflow/.local/lib/python3.7/site-packages/airflow/example_dags/example_latest_only_with_trigger.py
[2023-02-10T02:20:17.286+0000] {processor.py:743} INFO - Processing file /home/airflow/.local/lib/python3.7/site-packages/airflow/example_dags/example_latest_only_with_trigger.py for tasks to queue
[2023-02-10T02:20:17.293+0000] {logging_mixin.py:137} INFO - [2023-02-10T02:20:17.292+0000] {dagbag.py:538} INFO - Filling up the DagBag from /home/airflow/.local/lib/python3.7/site-packages/airflow/example_dags/example_latest_only_with_trigger.py
[2023-02-10T02:20:17.554+0000] {processor.py:753} INFO - DAG(s) dict_keys(['latest_only_with_trigger']) retrieved from /home/airflow/.local/lib/python3.7/site-packages/airflow/example_dags/example_latest_only_with_trigger.py
[2023-02-10T02:20:18.143+0000] {logging_mixin.py:137} INFO - [2023-02-10T02:20:18.143+0000] {dag.py:2690} INFO - Sync 1 DAGs
[2023-02-10T02:20:19.312+0000] {logging_mixin.py:137} INFO - [2023-02-10T02:20:19.311+0000] {dag.py:3441} INFO - Setting next_dagrun for latest_only_with_trigger to 2023-02-09T22:20:19.305532+00:00, run_after=2023-02-10T02:20:19.305532+00:00
[2023-02-10T02:20:20.088+0000] {processor.py:175} INFO - Processing /home/airflow/.local/lib/python3.7/site-packages/airflow/example_dags/example_latest_only_with_trigger.py took 2.882 seconds
[2023-02-10T02:21:45.964+0000] {processor.py:153} INFO - Started process (PID=240) to work on /home/airflow/.local/lib/python3.7/site-packages/airflow/example_dags/example_latest_only_with_trigger.py
[2023-02-10T02:21:45.987+0000] {processor.py:743} INFO - Processing file /home/airflow/.local/lib/python3.7/site-packages/airflow/example_dags/example_latest_only_with_trigger.py for tasks to queue
[2023-02-10T02:21:46.002+0000] {logging_mixin.py:137} INFO - [2023-02-10T02:21:46.002+0000] {dagbag.py:538} INFO - Filling up the DagBag from /home/airflow/.local/lib/python3.7/site-packages/airflow/example_dags/example_latest_only_with_trigger.py
[2023-02-10T02:21:46.293+0000] {processor.py:753} INFO - DAG(s) dict_keys(['latest_only_with_trigger']) retrieved from /home/airflow/.local/lib/python3.7/site-packages/airflow/example_dags/example_latest_only_with_trigger.py
[2023-02-10T02:21:46.906+0000] {logging_mixin.py:137} INFO - [2023-02-10T02:21:46.894+0000] {dag.py:2690} INFO - Sync 1 DAGs
[2023-02-10T02:21:47.365+0000] {logging_mixin.py:137} INFO - [2023-02-10T02:21:47.354+0000] {dag.py:3441} INFO - Setting next_dagrun for latest_only_with_trigger to 2023-02-09T22:21:47.353922+00:00, run_after=2023-02-10T02:21:47.353922+00:00
[2023-02-10T02:21:47.638+0000] {processor.py:175} INFO - Processing /home/airflow/.local/lib/python3.7/site-packages/airflow/example_dags/example_latest_only_with_trigger.py took 1.763 seconds
[2023-02-10T02:22:19.506+0000] {processor.py:153} INFO - Started process (PID=291) to work on /home/airflow/.local/lib/python3.7/site-packages/airflow/example_dags/example_latest_only_with_trigger.py
[2023-02-10T02:22:19.526+0000] {processor.py:743} INFO - Processing file /home/airflow/.local/lib/python3.7/site-packages/airflow/example_dags/example_latest_only_with_trigger.py for tasks to queue
[2023-02-10T02:22:19.542+0000] {logging_mixin.py:137} INFO - [2023-02-10T02:22:19.541+0000] {dagbag.py:538} INFO - Filling up the DagBag from /home/airflow/.local/lib/python3.7/site-packages/airflow/example_dags/example_latest_only_with_trigger.py
[2023-02-10T02:22:20.165+0000] {processor.py:753} INFO - DAG(s) dict_keys(['latest_only_with_trigger']) retrieved from /home/airflow/.local/lib/python3.7/site-packages/airflow/example_dags/example_latest_only_with_trigger.py
[2023-02-10T02:22:20.968+0000] {logging_mixin.py:137} INFO - [2023-02-10T02:22:20.968+0000] {dag.py:2690} INFO - Sync 1 DAGs
[2023-02-10T02:22:22.341+0000] {logging_mixin.py:137} INFO - [2023-02-10T02:22:22.330+0000] {dag.py:3441} INFO - Setting next_dagrun for latest_only_with_trigger to 2023-02-09T22:22:22.329842+00:00, run_after=2023-02-10T02:22:22.329842+00:00
[2023-02-10T02:22:22.663+0000] {processor.py:175} INFO - Processing /home/airflow/.local/lib/python3.7/site-packages/airflow/example_dags/example_latest_only_with_trigger.py took 3.208 seconds
[2023-02-10T02:23:22.500+0000] {processor.py:153} INFO - Started process (PID=373) to work on /home/airflow/.local/lib/python3.7/site-packages/airflow/example_dags/example_latest_only_with_trigger.py
[2023-02-10T02:23:22.510+0000] {processor.py:743} INFO - Processing file /home/airflow/.local/lib/python3.7/site-packages/airflow/example_dags/example_latest_only_with_trigger.py for tasks to queue
[2023-02-10T02:23:22.519+0000] {logging_mixin.py:137} INFO - [2023-02-10T02:23:22.519+0000] {dagbag.py:538} INFO - Filling up the DagBag from /home/airflow/.local/lib/python3.7/site-packages/airflow/example_dags/example_latest_only_with_trigger.py
[2023-02-10T02:23:22.679+0000] {processor.py:753} INFO - DAG(s) dict_keys(['latest_only_with_trigger']) retrieved from /home/airflow/.local/lib/python3.7/site-packages/airflow/example_dags/example_latest_only_with_trigger.py
[2023-02-10T02:23:22.960+0000] {logging_mixin.py:137} INFO - [2023-02-10T02:23:22.959+0000] {dag.py:2690} INFO - Sync 1 DAGs
[2023-02-10T02:23:23.492+0000] {logging_mixin.py:137} INFO - [2023-02-10T02:23:23.492+0000] {dag.py:3441} INFO - Setting next_dagrun for latest_only_with_trigger to 2023-02-09T22:23:23.492247+00:00, run_after=2023-02-10T02:23:23.492247+00:00
[2023-02-10T02:23:23.880+0000] {processor.py:175} INFO - Processing /home/airflow/.local/lib/python3.7/site-packages/airflow/example_dags/example_latest_only_with_trigger.py took 1.420 seconds
[2023-02-10T02:23:54.098+0000] {processor.py:153} INFO - Started process (PID=431) to work on /home/airflow/.local/lib/python3.7/site-packages/airflow/example_dags/example_latest_only_with_trigger.py
[2023-02-10T02:23:54.102+0000] {processor.py:743} INFO - Processing file /home/airflow/.local/lib/python3.7/site-packages/airflow/example_dags/example_latest_only_with_trigger.py for tasks to queue
[2023-02-10T02:23:54.107+0000] {logging_mixin.py:137} INFO - [2023-02-10T02:23:54.107+0000] {dagbag.py:538} INFO - Filling up the DagBag from /home/airflow/.local/lib/python3.7/site-packages/airflow/example_dags/example_latest_only_with_trigger.py
[2023-02-10T02:23:54.144+0000] {processor.py:753} INFO - DAG(s) dict_keys(['latest_only_with_trigger']) retrieved from /home/airflow/.local/lib/python3.7/site-packages/airflow/example_dags/example_latest_only_with_trigger.py
[2023-02-10T02:23:54.214+0000] {logging_mixin.py:137} INFO - [2023-02-10T02:23:54.214+0000] {dag.py:2690} INFO - Sync 1 DAGs
[2023-02-10T02:23:54.356+0000] {logging_mixin.py:137} INFO - [2023-02-10T02:23:54.355+0000] {dag.py:3441} INFO - Setting next_dagrun for latest_only_with_trigger to 2023-02-09T22:23:54.354847+00:00, run_after=2023-02-10T02:23:54.354847+00:00
[2023-02-10T02:23:54.422+0000] {processor.py:175} INFO - Processing /home/airflow/.local/lib/python3.7/site-packages/airflow/example_dags/example_latest_only_with_trigger.py took 0.331 seconds
[2023-02-10T02:24:24.771+0000] {processor.py:153} INFO - Started process (PID=488) to work on /home/airflow/.local/lib/python3.7/site-packages/airflow/example_dags/example_latest_only_with_trigger.py
[2023-02-10T02:24:24.781+0000] {processor.py:743} INFO - Processing file /home/airflow/.local/lib/python3.7/site-packages/airflow/example_dags/example_latest_only_with_trigger.py for tasks to queue
[2023-02-10T02:24:24.794+0000] {logging_mixin.py:137} INFO - [2023-02-10T02:24:24.792+0000] {dagbag.py:538} INFO - Filling up the DagBag from /home/airflow/.local/lib/python3.7/site-packages/airflow/example_dags/example_latest_only_with_trigger.py
[2023-02-10T02:24:24.853+0000] {processor.py:753} INFO - DAG(s) dict_keys(['latest_only_with_trigger']) retrieved from /home/airflow/.local/lib/python3.7/site-packages/airflow/example_dags/example_latest_only_with_trigger.py
[2023-02-10T02:24:24.929+0000] {logging_mixin.py:137} INFO - [2023-02-10T02:24:24.928+0000] {dag.py:2690} INFO - Sync 1 DAGs
[2023-02-10T02:24:24.998+0000] {logging_mixin.py:137} INFO - [2023-02-10T02:24:24.998+0000] {dag.py:3441} INFO - Setting next_dagrun for latest_only_with_trigger to 2023-02-09T22:24:24.998120+00:00, run_after=2023-02-10T02:24:24.998120+00:00
[2023-02-10T02:24:25.047+0000] {processor.py:175} INFO - Processing /home/airflow/.local/lib/python3.7/site-packages/airflow/example_dags/example_latest_only_with_trigger.py took 0.285 seconds
[2023-02-10T02:24:59.649+0000] {processor.py:153} INFO - Started process (PID=538) to work on /home/airflow/.local/lib/python3.7/site-packages/airflow/example_dags/example_latest_only_with_trigger.py
[2023-02-10T02:24:59.665+0000] {processor.py:743} INFO - Processing file /home/airflow/.local/lib/python3.7/site-packages/airflow/example_dags/example_latest_only_with_trigger.py for tasks to queue
[2023-02-10T02:24:59.695+0000] {logging_mixin.py:137} INFO - [2023-02-10T02:24:59.690+0000] {dagbag.py:538} INFO - Filling up the DagBag from /home/airflow/.local/lib/python3.7/site-packages/airflow/example_dags/example_latest_only_with_trigger.py
[2023-02-10T02:24:59.835+0000] {processor.py:753} INFO - DAG(s) dict_keys(['latest_only_with_trigger']) retrieved from /home/airflow/.local/lib/python3.7/site-packages/airflow/example_dags/example_latest_only_with_trigger.py
[2023-02-10T02:24:59.997+0000] {logging_mixin.py:137} INFO - [2023-02-10T02:24:59.997+0000] {dag.py:2690} INFO - Sync 1 DAGs
[2023-02-10T02:25:00.295+0000] {logging_mixin.py:137} INFO - [2023-02-10T02:25:00.295+0000] {dag.py:3441} INFO - Setting next_dagrun for latest_only_with_trigger to 2023-02-09T22:25:00.293650+00:00, run_after=2023-02-10T02:25:00.293650+00:00
[2023-02-10T02:25:00.527+0000] {processor.py:175} INFO - Processing /home/airflow/.local/lib/python3.7/site-packages/airflow/example_dags/example_latest_only_with_trigger.py took 0.921 seconds
[2023-02-10T02:25:34.804+0000] {processor.py:153} INFO - Started process (PID=596) to work on /home/airflow/.local/lib/python3.7/site-packages/airflow/example_dags/example_latest_only_with_trigger.py
[2023-02-10T02:25:34.818+0000] {processor.py:743} INFO - Processing file /home/airflow/.local/lib/python3.7/site-packages/airflow/example_dags/example_latest_only_with_trigger.py for tasks to queue
[2023-02-10T02:25:34.828+0000] {logging_mixin.py:137} INFO - [2023-02-10T02:25:34.827+0000] {dagbag.py:538} INFO - Filling up the DagBag from /home/airflow/.local/lib/python3.7/site-packages/airflow/example_dags/example_latest_only_with_trigger.py
[2023-02-10T02:25:35.045+0000] {processor.py:753} INFO - DAG(s) dict_keys(['latest_only_with_trigger']) retrieved from /home/airflow/.local/lib/python3.7/site-packages/airflow/example_dags/example_latest_only_with_trigger.py
[2023-02-10T02:25:35.301+0000] {logging_mixin.py:137} INFO - [2023-02-10T02:25:35.294+0000] {dag.py:2690} INFO - Sync 1 DAGs
[2023-02-10T02:25:35.571+0000] {logging_mixin.py:137} INFO - [2023-02-10T02:25:35.571+0000] {dag.py:3441} INFO - Setting next_dagrun for latest_only_with_trigger to 2023-02-09T22:25:35.570626+00:00, run_after=2023-02-10T02:25:35.570626+00:00
[2023-02-10T02:25:35.721+0000] {processor.py:175} INFO - Processing /home/airflow/.local/lib/python3.7/site-packages/airflow/example_dags/example_latest_only_with_trigger.py took 0.937 seconds
[2023-02-10T02:26:06.392+0000] {processor.py:153} INFO - Started process (PID=656) to work on /home/airflow/.local/lib/python3.7/site-packages/airflow/example_dags/example_latest_only_with_trigger.py
[2023-02-10T02:26:06.419+0000] {processor.py:743} INFO - Processing file /home/airflow/.local/lib/python3.7/site-packages/airflow/example_dags/example_latest_only_with_trigger.py for tasks to queue
[2023-02-10T02:26:06.461+0000] {logging_mixin.py:137} INFO - [2023-02-10T02:26:06.460+0000] {dagbag.py:538} INFO - Filling up the DagBag from /home/airflow/.local/lib/python3.7/site-packages/airflow/example_dags/example_latest_only_with_trigger.py
[2023-02-10T02:26:06.710+0000] {processor.py:753} INFO - DAG(s) dict_keys(['latest_only_with_trigger']) retrieved from /home/airflow/.local/lib/python3.7/site-packages/airflow/example_dags/example_latest_only_with_trigger.py
[2023-02-10T02:26:06.917+0000] {logging_mixin.py:137} INFO - [2023-02-10T02:26:06.916+0000] {dag.py:2690} INFO - Sync 1 DAGs
[2023-02-10T02:26:07.094+0000] {logging_mixin.py:137} INFO - [2023-02-10T02:26:07.094+0000] {dag.py:3441} INFO - Setting next_dagrun for latest_only_with_trigger to 2023-02-09T22:26:07.093832+00:00, run_after=2023-02-10T02:26:07.093832+00:00
[2023-02-10T02:26:07.240+0000] {processor.py:175} INFO - Processing /home/airflow/.local/lib/python3.7/site-packages/airflow/example_dags/example_latest_only_with_trigger.py took 0.880 seconds
[2023-02-10T02:26:37.814+0000] {processor.py:153} INFO - Started process (PID=705) to work on /home/airflow/.local/lib/python3.7/site-packages/airflow/example_dags/example_latest_only_with_trigger.py
[2023-02-10T02:26:37.833+0000] {processor.py:743} INFO - Processing file /home/airflow/.local/lib/python3.7/site-packages/airflow/example_dags/example_latest_only_with_trigger.py for tasks to queue
[2023-02-10T02:26:37.869+0000] {logging_mixin.py:137} INFO - [2023-02-10T02:26:37.847+0000] {dagbag.py:538} INFO - Filling up the DagBag from /home/airflow/.local/lib/python3.7/site-packages/airflow/example_dags/example_latest_only_with_trigger.py
[2023-02-10T02:26:38.060+0000] {processor.py:753} INFO - DAG(s) dict_keys(['latest_only_with_trigger']) retrieved from /home/airflow/.local/lib/python3.7/site-packages/airflow/example_dags/example_latest_only_with_trigger.py
[2023-02-10T02:26:38.279+0000] {logging_mixin.py:137} INFO - [2023-02-10T02:26:38.278+0000] {dag.py:2690} INFO - Sync 1 DAGs
[2023-02-10T02:26:38.513+0000] {logging_mixin.py:137} INFO - [2023-02-10T02:26:38.512+0000] {dag.py:3441} INFO - Setting next_dagrun for latest_only_with_trigger to 2023-02-09T22:26:38.511637+00:00, run_after=2023-02-10T02:26:38.511637+00:00
[2023-02-10T02:26:38.731+0000] {processor.py:175} INFO - Processing /home/airflow/.local/lib/python3.7/site-packages/airflow/example_dags/example_latest_only_with_trigger.py took 0.930 seconds
[2023-02-10T02:27:08.997+0000] {processor.py:153} INFO - Started process (PID=763) to work on /home/airflow/.local/lib/python3.7/site-packages/airflow/example_dags/example_latest_only_with_trigger.py
[2023-02-10T02:27:09.003+0000] {processor.py:743} INFO - Processing file /home/airflow/.local/lib/python3.7/site-packages/airflow/example_dags/example_latest_only_with_trigger.py for tasks to queue
[2023-02-10T02:27:09.013+0000] {logging_mixin.py:137} INFO - [2023-02-10T02:27:09.013+0000] {dagbag.py:538} INFO - Filling up the DagBag from /home/airflow/.local/lib/python3.7/site-packages/airflow/example_dags/example_latest_only_with_trigger.py
[2023-02-10T02:27:09.093+0000] {processor.py:753} INFO - DAG(s) dict_keys(['latest_only_with_trigger']) retrieved from /home/airflow/.local/lib/python3.7/site-packages/airflow/example_dags/example_latest_only_with_trigger.py
[2023-02-10T02:27:09.516+0000] {logging_mixin.py:137} INFO - [2023-02-10T02:27:09.507+0000] {dag.py:2690} INFO - Sync 1 DAGs
[2023-02-10T02:27:10.017+0000] {logging_mixin.py:137} INFO - [2023-02-10T02:27:10.017+0000] {dag.py:3441} INFO - Setting next_dagrun for latest_only_with_trigger to 2023-02-09T22:27:10.017191+00:00, run_after=2023-02-10T02:27:10.017191+00:00
[2023-02-10T02:27:10.209+0000] {processor.py:175} INFO - Processing /home/airflow/.local/lib/python3.7/site-packages/airflow/example_dags/example_latest_only_with_trigger.py took 1.247 seconds
[2023-02-10T02:27:41.067+0000] {processor.py:153} INFO - Started process (PID=819) to work on /home/airflow/.local/lib/python3.7/site-packages/airflow/example_dags/example_latest_only_with_trigger.py
[2023-02-10T02:27:41.071+0000] {processor.py:743} INFO - Processing file /home/airflow/.local/lib/python3.7/site-packages/airflow/example_dags/example_latest_only_with_trigger.py for tasks to queue
[2023-02-10T02:27:41.096+0000] {logging_mixin.py:137} INFO - [2023-02-10T02:27:41.096+0000] {dagbag.py:538} INFO - Filling up the DagBag from /home/airflow/.local/lib/python3.7/site-packages/airflow/example_dags/example_latest_only_with_trigger.py
[2023-02-10T02:27:41.164+0000] {processor.py:753} INFO - DAG(s) dict_keys(['latest_only_with_trigger']) retrieved from /home/airflow/.local/lib/python3.7/site-packages/airflow/example_dags/example_latest_only_with_trigger.py
[2023-02-10T02:27:41.246+0000] {logging_mixin.py:137} INFO - [2023-02-10T02:27:41.246+0000] {dag.py:2690} INFO - Sync 1 DAGs
[2023-02-10T02:27:41.376+0000] {logging_mixin.py:137} INFO - [2023-02-10T02:27:41.374+0000] {dag.py:3441} INFO - Setting next_dagrun for latest_only_with_trigger to 2023-02-09T22:27:41.368027+00:00, run_after=2023-02-10T02:27:41.368027+00:00
[2023-02-10T02:27:41.523+0000] {processor.py:175} INFO - Processing /home/airflow/.local/lib/python3.7/site-packages/airflow/example_dags/example_latest_only_with_trigger.py took 0.496 seconds
[2023-02-10T02:28:21.476+0000] {processor.py:153} INFO - Started process (PID=883) to work on /home/airflow/.local/lib/python3.7/site-packages/airflow/example_dags/example_latest_only_with_trigger.py
[2023-02-10T02:28:21.494+0000] {processor.py:743} INFO - Processing file /home/airflow/.local/lib/python3.7/site-packages/airflow/example_dags/example_latest_only_with_trigger.py for tasks to queue
[2023-02-10T02:28:21.518+0000] {logging_mixin.py:137} INFO - [2023-02-10T02:28:21.518+0000] {dagbag.py:538} INFO - Filling up the DagBag from /home/airflow/.local/lib/python3.7/site-packages/airflow/example_dags/example_latest_only_with_trigger.py
[2023-02-10T02:28:21.710+0000] {processor.py:753} INFO - DAG(s) dict_keys(['latest_only_with_trigger']) retrieved from /home/airflow/.local/lib/python3.7/site-packages/airflow/example_dags/example_latest_only_with_trigger.py
[2023-02-10T02:28:21.997+0000] {logging_mixin.py:137} INFO - [2023-02-10T02:28:21.997+0000] {dag.py:2690} INFO - Sync 1 DAGs
[2023-02-10T02:28:22.301+0000] {logging_mixin.py:137} INFO - [2023-02-10T02:28:22.301+0000] {dag.py:3441} INFO - Setting next_dagrun for latest_only_with_trigger to 2023-02-09T22:28:22.300790+00:00, run_after=2023-02-10T02:28:22.300790+00:00
[2023-02-10T02:28:22.628+0000] {processor.py:175} INFO - Processing /home/airflow/.local/lib/python3.7/site-packages/airflow/example_dags/example_latest_only_with_trigger.py took 1.229 seconds
[2023-02-10T02:28:58.144+0000] {processor.py:153} INFO - Started process (PID=934) to work on /home/airflow/.local/lib/python3.7/site-packages/airflow/example_dags/example_latest_only_with_trigger.py
[2023-02-10T02:28:58.171+0000] {processor.py:743} INFO - Processing file /home/airflow/.local/lib/python3.7/site-packages/airflow/example_dags/example_latest_only_with_trigger.py for tasks to queue
[2023-02-10T02:28:58.175+0000] {logging_mixin.py:137} INFO - [2023-02-10T02:28:58.174+0000] {dagbag.py:538} INFO - Filling up the DagBag from /home/airflow/.local/lib/python3.7/site-packages/airflow/example_dags/example_latest_only_with_trigger.py
[2023-02-10T02:28:58.531+0000] {processor.py:753} INFO - DAG(s) dict_keys(['latest_only_with_trigger']) retrieved from /home/airflow/.local/lib/python3.7/site-packages/airflow/example_dags/example_latest_only_with_trigger.py
[2023-02-10T02:28:58.944+0000] {logging_mixin.py:137} INFO - [2023-02-10T02:28:58.941+0000] {dag.py:2690} INFO - Sync 1 DAGs
[2023-02-10T02:28:59.398+0000] {logging_mixin.py:137} INFO - [2023-02-10T02:28:59.397+0000] {dag.py:3441} INFO - Setting next_dagrun for latest_only_with_trigger to 2023-02-09T22:28:59.391744+00:00, run_after=2023-02-10T02:28:59.391744+00:00
[2023-02-10T02:28:59.528+0000] {processor.py:175} INFO - Processing /home/airflow/.local/lib/python3.7/site-packages/airflow/example_dags/example_latest_only_with_trigger.py took 1.463 seconds
