[2023-02-10T01:52:00.115+0000] {processor.py:153} INFO - Started process (PID=319) to work on /home/airflow/.local/lib/python3.7/site-packages/airflow/example_dags/example_task_group_decorator.py
[2023-02-10T01:52:00.185+0000] {processor.py:743} INFO - Processing file /home/airflow/.local/lib/python3.7/site-packages/airflow/example_dags/example_task_group_decorator.py for tasks to queue
[2023-02-10T01:52:00.298+0000] {logging_mixin.py:137} INFO - [2023-02-10T01:52:00.273+0000] {dagbag.py:538} INFO - Filling up the DagBag from /home/airflow/.local/lib/python3.7/site-packages/airflow/example_dags/example_task_group_decorator.py
[2023-02-10T01:52:01.783+0000] {processor.py:753} INFO - DAG(s) dict_keys(['example_task_group_decorator']) retrieved from /home/airflow/.local/lib/python3.7/site-packages/airflow/example_dags/example_task_group_decorator.py
[2023-02-10T01:52:02.663+0000] {logging_mixin.py:137} INFO - [2023-02-10T01:52:02.662+0000] {dag.py:2690} INFO - Sync 1 DAGs
[2023-02-10T01:52:03.374+0000] {logging_mixin.py:137} INFO - [2023-02-10T01:52:03.373+0000] {dag.py:3441} INFO - Setting next_dagrun for example_task_group_decorator to 2023-02-09T01:52:03.373495+00:00, run_after=2023-02-10T01:52:03.373495+00:00
[2023-02-10T01:52:04.053+0000] {processor.py:175} INFO - Processing /home/airflow/.local/lib/python3.7/site-packages/airflow/example_dags/example_task_group_decorator.py took 3.999 seconds
[2023-02-10T01:52:36.642+0000] {processor.py:153} INFO - Started process (PID=377) to work on /home/airflow/.local/lib/python3.7/site-packages/airflow/example_dags/example_task_group_decorator.py
[2023-02-10T01:52:36.653+0000] {processor.py:743} INFO - Processing file /home/airflow/.local/lib/python3.7/site-packages/airflow/example_dags/example_task_group_decorator.py for tasks to queue
[2023-02-10T01:52:36.658+0000] {logging_mixin.py:137} INFO - [2023-02-10T01:52:36.658+0000] {dagbag.py:538} INFO - Filling up the DagBag from /home/airflow/.local/lib/python3.7/site-packages/airflow/example_dags/example_task_group_decorator.py
[2023-02-10T01:52:37.045+0000] {processor.py:753} INFO - DAG(s) dict_keys(['example_task_group_decorator']) retrieved from /home/airflow/.local/lib/python3.7/site-packages/airflow/example_dags/example_task_group_decorator.py
[2023-02-10T01:52:37.366+0000] {logging_mixin.py:137} INFO - [2023-02-10T01:52:37.364+0000] {dag.py:2690} INFO - Sync 1 DAGs
[2023-02-10T01:52:37.668+0000] {logging_mixin.py:137} INFO - [2023-02-10T01:52:37.667+0000] {dag.py:3441} INFO - Setting next_dagrun for example_task_group_decorator to 2023-02-09T01:52:37.667262+00:00, run_after=2023-02-10T01:52:37.667262+00:00
[2023-02-10T01:52:37.849+0000] {processor.py:175} INFO - Processing /home/airflow/.local/lib/python3.7/site-packages/airflow/example_dags/example_task_group_decorator.py took 1.244 seconds
[2023-02-10T01:53:09.731+0000] {processor.py:153} INFO - Started process (PID=435) to work on /home/airflow/.local/lib/python3.7/site-packages/airflow/example_dags/example_task_group_decorator.py
[2023-02-10T01:53:09.762+0000] {processor.py:743} INFO - Processing file /home/airflow/.local/lib/python3.7/site-packages/airflow/example_dags/example_task_group_decorator.py for tasks to queue
[2023-02-10T01:53:09.777+0000] {logging_mixin.py:137} INFO - [2023-02-10T01:53:09.777+0000] {dagbag.py:538} INFO - Filling up the DagBag from /home/airflow/.local/lib/python3.7/site-packages/airflow/example_dags/example_task_group_decorator.py
[2023-02-10T01:53:10.478+0000] {processor.py:753} INFO - DAG(s) dict_keys(['example_task_group_decorator']) retrieved from /home/airflow/.local/lib/python3.7/site-packages/airflow/example_dags/example_task_group_decorator.py
[2023-02-10T01:53:10.818+0000] {logging_mixin.py:137} INFO - [2023-02-10T01:53:10.818+0000] {dag.py:2690} INFO - Sync 1 DAGs
[2023-02-10T01:53:11.727+0000] {logging_mixin.py:137} INFO - [2023-02-10T01:53:11.727+0000] {dag.py:3441} INFO - Setting next_dagrun for example_task_group_decorator to 2023-02-09T01:53:11.675542+00:00, run_after=2023-02-10T01:53:11.675542+00:00
[2023-02-10T01:53:12.354+0000] {processor.py:175} INFO - Processing /home/airflow/.local/lib/python3.7/site-packages/airflow/example_dags/example_task_group_decorator.py took 2.642 seconds
[2023-02-10T01:53:42.921+0000] {processor.py:153} INFO - Started process (PID=493) to work on /home/airflow/.local/lib/python3.7/site-packages/airflow/example_dags/example_task_group_decorator.py
[2023-02-10T01:53:42.925+0000] {processor.py:743} INFO - Processing file /home/airflow/.local/lib/python3.7/site-packages/airflow/example_dags/example_task_group_decorator.py for tasks to queue
[2023-02-10T01:53:42.929+0000] {logging_mixin.py:137} INFO - [2023-02-10T01:53:42.928+0000] {dagbag.py:538} INFO - Filling up the DagBag from /home/airflow/.local/lib/python3.7/site-packages/airflow/example_dags/example_task_group_decorator.py
[2023-02-10T01:53:43.085+0000] {processor.py:753} INFO - DAG(s) dict_keys(['example_task_group_decorator']) retrieved from /home/airflow/.local/lib/python3.7/site-packages/airflow/example_dags/example_task_group_decorator.py
[2023-02-10T01:53:43.379+0000] {logging_mixin.py:137} INFO - [2023-02-10T01:53:43.379+0000] {dag.py:2690} INFO - Sync 1 DAGs
[2023-02-10T01:53:43.542+0000] {logging_mixin.py:137} INFO - [2023-02-10T01:53:43.542+0000] {dag.py:3441} INFO - Setting next_dagrun for example_task_group_decorator to 2023-02-09T01:53:43.541670+00:00, run_after=2023-02-10T01:53:43.541670+00:00
[2023-02-10T01:53:43.630+0000] {processor.py:175} INFO - Processing /home/airflow/.local/lib/python3.7/site-packages/airflow/example_dags/example_task_group_decorator.py took 0.728 seconds
[2023-02-10T01:54:14.356+0000] {processor.py:153} INFO - Started process (PID=543) to work on /home/airflow/.local/lib/python3.7/site-packages/airflow/example_dags/example_task_group_decorator.py
[2023-02-10T01:54:14.360+0000] {processor.py:743} INFO - Processing file /home/airflow/.local/lib/python3.7/site-packages/airflow/example_dags/example_task_group_decorator.py for tasks to queue
[2023-02-10T01:54:14.367+0000] {logging_mixin.py:137} INFO - [2023-02-10T01:54:14.366+0000] {dagbag.py:538} INFO - Filling up the DagBag from /home/airflow/.local/lib/python3.7/site-packages/airflow/example_dags/example_task_group_decorator.py
[2023-02-10T01:54:14.438+0000] {processor.py:753} INFO - DAG(s) dict_keys(['example_task_group_decorator']) retrieved from /home/airflow/.local/lib/python3.7/site-packages/airflow/example_dags/example_task_group_decorator.py
[2023-02-10T01:54:14.502+0000] {logging_mixin.py:137} INFO - [2023-02-10T01:54:14.502+0000] {dag.py:2690} INFO - Sync 1 DAGs
[2023-02-10T01:54:14.556+0000] {logging_mixin.py:137} INFO - [2023-02-10T01:54:14.556+0000] {dag.py:3441} INFO - Setting next_dagrun for example_task_group_decorator to 2023-02-09T01:54:14.555809+00:00, run_after=2023-02-10T01:54:14.555809+00:00
[2023-02-10T01:54:14.597+0000] {processor.py:175} INFO - Processing /home/airflow/.local/lib/python3.7/site-packages/airflow/example_dags/example_task_group_decorator.py took 0.251 seconds
[2023-02-10T01:54:45.008+0000] {processor.py:153} INFO - Started process (PID=601) to work on /home/airflow/.local/lib/python3.7/site-packages/airflow/example_dags/example_task_group_decorator.py
[2023-02-10T01:54:45.013+0000] {processor.py:743} INFO - Processing file /home/airflow/.local/lib/python3.7/site-packages/airflow/example_dags/example_task_group_decorator.py for tasks to queue
[2023-02-10T01:54:45.020+0000] {logging_mixin.py:137} INFO - [2023-02-10T01:54:45.019+0000] {dagbag.py:538} INFO - Filling up the DagBag from /home/airflow/.local/lib/python3.7/site-packages/airflow/example_dags/example_task_group_decorator.py
[2023-02-10T01:54:45.153+0000] {processor.py:753} INFO - DAG(s) dict_keys(['example_task_group_decorator']) retrieved from /home/airflow/.local/lib/python3.7/site-packages/airflow/example_dags/example_task_group_decorator.py
[2023-02-10T01:54:45.226+0000] {logging_mixin.py:137} INFO - [2023-02-10T01:54:45.225+0000] {dag.py:2690} INFO - Sync 1 DAGs
[2023-02-10T01:54:45.291+0000] {logging_mixin.py:137} INFO - [2023-02-10T01:54:45.290+0000] {dag.py:3441} INFO - Setting next_dagrun for example_task_group_decorator to 2023-02-09T01:54:45.290211+00:00, run_after=2023-02-10T01:54:45.290211+00:00
[2023-02-10T01:54:45.344+0000] {processor.py:175} INFO - Processing /home/airflow/.local/lib/python3.7/site-packages/airflow/example_dags/example_task_group_decorator.py took 0.347 seconds
[2023-02-10T01:55:15.739+0000] {processor.py:153} INFO - Started process (PID=649) to work on /home/airflow/.local/lib/python3.7/site-packages/airflow/example_dags/example_task_group_decorator.py
[2023-02-10T01:55:15.744+0000] {processor.py:743} INFO - Processing file /home/airflow/.local/lib/python3.7/site-packages/airflow/example_dags/example_task_group_decorator.py for tasks to queue
[2023-02-10T01:55:15.750+0000] {logging_mixin.py:137} INFO - [2023-02-10T01:55:15.749+0000] {dagbag.py:538} INFO - Filling up the DagBag from /home/airflow/.local/lib/python3.7/site-packages/airflow/example_dags/example_task_group_decorator.py
[2023-02-10T01:55:15.842+0000] {processor.py:753} INFO - DAG(s) dict_keys(['example_task_group_decorator']) retrieved from /home/airflow/.local/lib/python3.7/site-packages/airflow/example_dags/example_task_group_decorator.py
[2023-02-10T01:55:15.935+0000] {logging_mixin.py:137} INFO - [2023-02-10T01:55:15.935+0000] {dag.py:2690} INFO - Sync 1 DAGs
[2023-02-10T01:55:15.998+0000] {logging_mixin.py:137} INFO - [2023-02-10T01:55:15.998+0000] {dag.py:3441} INFO - Setting next_dagrun for example_task_group_decorator to 2023-02-09T01:55:15.997685+00:00, run_after=2023-02-10T01:55:15.997685+00:00
[2023-02-10T01:55:16.049+0000] {processor.py:175} INFO - Processing /home/airflow/.local/lib/python3.7/site-packages/airflow/example_dags/example_task_group_decorator.py took 0.320 seconds
[2023-02-10T01:55:46.294+0000] {processor.py:153} INFO - Started process (PID=707) to work on /home/airflow/.local/lib/python3.7/site-packages/airflow/example_dags/example_task_group_decorator.py
[2023-02-10T01:55:46.302+0000] {processor.py:743} INFO - Processing file /home/airflow/.local/lib/python3.7/site-packages/airflow/example_dags/example_task_group_decorator.py for tasks to queue
[2023-02-10T01:55:46.309+0000] {logging_mixin.py:137} INFO - [2023-02-10T01:55:46.308+0000] {dagbag.py:538} INFO - Filling up the DagBag from /home/airflow/.local/lib/python3.7/site-packages/airflow/example_dags/example_task_group_decorator.py
[2023-02-10T01:55:46.426+0000] {processor.py:753} INFO - DAG(s) dict_keys(['example_task_group_decorator']) retrieved from /home/airflow/.local/lib/python3.7/site-packages/airflow/example_dags/example_task_group_decorator.py
[2023-02-10T01:55:46.587+0000] {logging_mixin.py:137} INFO - [2023-02-10T01:55:46.585+0000] {dag.py:2690} INFO - Sync 1 DAGs
[2023-02-10T01:55:46.654+0000] {logging_mixin.py:137} INFO - [2023-02-10T01:55:46.654+0000] {dag.py:3441} INFO - Setting next_dagrun for example_task_group_decorator to 2023-02-09T01:55:46.653346+00:00, run_after=2023-02-10T01:55:46.653346+00:00
[2023-02-10T01:55:46.708+0000] {processor.py:175} INFO - Processing /home/airflow/.local/lib/python3.7/site-packages/airflow/example_dags/example_task_group_decorator.py took 0.444 seconds
[2023-02-10T01:56:16.988+0000] {processor.py:153} INFO - Started process (PID=766) to work on /home/airflow/.local/lib/python3.7/site-packages/airflow/example_dags/example_task_group_decorator.py
[2023-02-10T01:56:17.003+0000] {processor.py:743} INFO - Processing file /home/airflow/.local/lib/python3.7/site-packages/airflow/example_dags/example_task_group_decorator.py for tasks to queue
[2023-02-10T01:56:17.010+0000] {logging_mixin.py:137} INFO - [2023-02-10T01:56:17.009+0000] {dagbag.py:538} INFO - Filling up the DagBag from /home/airflow/.local/lib/python3.7/site-packages/airflow/example_dags/example_task_group_decorator.py
[2023-02-10T01:56:17.149+0000] {processor.py:753} INFO - DAG(s) dict_keys(['example_task_group_decorator']) retrieved from /home/airflow/.local/lib/python3.7/site-packages/airflow/example_dags/example_task_group_decorator.py
[2023-02-10T01:56:17.239+0000] {logging_mixin.py:137} INFO - [2023-02-10T01:56:17.238+0000] {dag.py:2690} INFO - Sync 1 DAGs
[2023-02-10T01:56:17.308+0000] {logging_mixin.py:137} INFO - [2023-02-10T01:56:17.307+0000] {dag.py:3441} INFO - Setting next_dagrun for example_task_group_decorator to 2023-02-09T01:56:17.307338+00:00, run_after=2023-02-10T01:56:17.307338+00:00
[2023-02-10T01:56:17.356+0000] {processor.py:175} INFO - Processing /home/airflow/.local/lib/python3.7/site-packages/airflow/example_dags/example_task_group_decorator.py took 0.383 seconds
[2023-02-10T01:56:47.823+0000] {processor.py:153} INFO - Started process (PID=825) to work on /home/airflow/.local/lib/python3.7/site-packages/airflow/example_dags/example_task_group_decorator.py
[2023-02-10T01:56:47.831+0000] {processor.py:743} INFO - Processing file /home/airflow/.local/lib/python3.7/site-packages/airflow/example_dags/example_task_group_decorator.py for tasks to queue
[2023-02-10T01:56:47.841+0000] {logging_mixin.py:137} INFO - [2023-02-10T01:56:47.841+0000] {dagbag.py:538} INFO - Filling up the DagBag from /home/airflow/.local/lib/python3.7/site-packages/airflow/example_dags/example_task_group_decorator.py
[2023-02-10T01:56:48.019+0000] {processor.py:753} INFO - DAG(s) dict_keys(['example_task_group_decorator']) retrieved from /home/airflow/.local/lib/python3.7/site-packages/airflow/example_dags/example_task_group_decorator.py
[2023-02-10T01:56:48.142+0000] {logging_mixin.py:137} INFO - [2023-02-10T01:56:48.142+0000] {dag.py:2690} INFO - Sync 1 DAGs
[2023-02-10T01:56:48.215+0000] {logging_mixin.py:137} INFO - [2023-02-10T01:56:48.214+0000] {dag.py:3441} INFO - Setting next_dagrun for example_task_group_decorator to 2023-02-09T01:56:48.214297+00:00, run_after=2023-02-10T01:56:48.214297+00:00
[2023-02-10T01:56:48.295+0000] {processor.py:175} INFO - Processing /home/airflow/.local/lib/python3.7/site-packages/airflow/example_dags/example_task_group_decorator.py took 0.496 seconds
[2023-02-10T01:57:37.919+0000] {processor.py:153} INFO - Started process (PID=882) to work on /home/airflow/.local/lib/python3.7/site-packages/airflow/example_dags/example_task_group_decorator.py
[2023-02-10T01:57:38.033+0000] {processor.py:743} INFO - Processing file /home/airflow/.local/lib/python3.7/site-packages/airflow/example_dags/example_task_group_decorator.py for tasks to queue
[2023-02-10T01:57:38.212+0000] {logging_mixin.py:137} INFO - [2023-02-10T01:57:38.095+0000] {dagbag.py:538} INFO - Filling up the DagBag from /home/airflow/.local/lib/python3.7/site-packages/airflow/example_dags/example_task_group_decorator.py
[2023-02-10T01:57:38.839+0000] {processor.py:753} INFO - DAG(s) dict_keys(['example_task_group_decorator']) retrieved from /home/airflow/.local/lib/python3.7/site-packages/airflow/example_dags/example_task_group_decorator.py
[2023-02-10T01:57:39.450+0000] {logging_mixin.py:137} INFO - [2023-02-10T01:57:39.450+0000] {dag.py:2690} INFO - Sync 1 DAGs
[2023-02-10T01:57:39.812+0000] {logging_mixin.py:137} INFO - [2023-02-10T01:57:39.812+0000] {dag.py:3441} INFO - Setting next_dagrun for example_task_group_decorator to 2023-02-09T01:57:39.811782+00:00, run_after=2023-02-10T01:57:39.811782+00:00
[2023-02-10T01:57:39.934+0000] {processor.py:175} INFO - Processing /home/airflow/.local/lib/python3.7/site-packages/airflow/example_dags/example_task_group_decorator.py took 2.118 seconds
[2023-02-10T01:58:14.268+0000] {processor.py:153} INFO - Started process (PID=943) to work on /home/airflow/.local/lib/python3.7/site-packages/airflow/example_dags/example_task_group_decorator.py
[2023-02-10T01:58:14.274+0000] {processor.py:743} INFO - Processing file /home/airflow/.local/lib/python3.7/site-packages/airflow/example_dags/example_task_group_decorator.py for tasks to queue
[2023-02-10T01:58:14.285+0000] {logging_mixin.py:137} INFO - [2023-02-10T01:58:14.285+0000] {dagbag.py:538} INFO - Filling up the DagBag from /home/airflow/.local/lib/python3.7/site-packages/airflow/example_dags/example_task_group_decorator.py
[2023-02-10T01:58:14.395+0000] {processor.py:753} INFO - DAG(s) dict_keys(['example_task_group_decorator']) retrieved from /home/airflow/.local/lib/python3.7/site-packages/airflow/example_dags/example_task_group_decorator.py
[2023-02-10T01:58:14.478+0000] {logging_mixin.py:137} INFO - [2023-02-10T01:58:14.478+0000] {dag.py:2690} INFO - Sync 1 DAGs
[2023-02-10T01:58:14.562+0000] {logging_mixin.py:137} INFO - [2023-02-10T01:58:14.559+0000] {dag.py:3441} INFO - Setting next_dagrun for example_task_group_decorator to 2023-02-09T01:58:14.558609+00:00, run_after=2023-02-10T01:58:14.558609+00:00
[2023-02-10T01:58:14.708+0000] {processor.py:175} INFO - Processing /home/airflow/.local/lib/python3.7/site-packages/airflow/example_dags/example_task_group_decorator.py took 0.449 seconds
[2023-02-10T01:58:56.674+0000] {processor.py:153} INFO - Started process (PID=1005) to work on /home/airflow/.local/lib/python3.7/site-packages/airflow/example_dags/example_task_group_decorator.py
[2023-02-10T01:58:56.680+0000] {processor.py:743} INFO - Processing file /home/airflow/.local/lib/python3.7/site-packages/airflow/example_dags/example_task_group_decorator.py for tasks to queue
[2023-02-10T01:58:56.686+0000] {logging_mixin.py:137} INFO - [2023-02-10T01:58:56.685+0000] {dagbag.py:538} INFO - Filling up the DagBag from /home/airflow/.local/lib/python3.7/site-packages/airflow/example_dags/example_task_group_decorator.py
[2023-02-10T01:58:56.802+0000] {processor.py:753} INFO - DAG(s) dict_keys(['example_task_group_decorator']) retrieved from /home/airflow/.local/lib/python3.7/site-packages/airflow/example_dags/example_task_group_decorator.py
[2023-02-10T01:58:56.882+0000] {logging_mixin.py:137} INFO - [2023-02-10T01:58:56.882+0000] {dag.py:2690} INFO - Sync 1 DAGs
[2023-02-10T01:58:56.965+0000] {logging_mixin.py:137} INFO - [2023-02-10T01:58:56.965+0000] {dag.py:3441} INFO - Setting next_dagrun for example_task_group_decorator to 2023-02-09T01:58:56.964959+00:00, run_after=2023-02-10T01:58:56.964959+00:00
[2023-02-10T01:58:57.066+0000] {processor.py:175} INFO - Processing /home/airflow/.local/lib/python3.7/site-packages/airflow/example_dags/example_task_group_decorator.py took 0.405 seconds
[2023-02-10T01:59:37.024+0000] {processor.py:153} INFO - Started process (PID=1063) to work on /home/airflow/.local/lib/python3.7/site-packages/airflow/example_dags/example_task_group_decorator.py
[2023-02-10T01:59:37.048+0000] {processor.py:743} INFO - Processing file /home/airflow/.local/lib/python3.7/site-packages/airflow/example_dags/example_task_group_decorator.py for tasks to queue
[2023-02-10T01:59:37.052+0000] {logging_mixin.py:137} INFO - [2023-02-10T01:59:37.051+0000] {dagbag.py:538} INFO - Filling up the DagBag from /home/airflow/.local/lib/python3.7/site-packages/airflow/example_dags/example_task_group_decorator.py
[2023-02-10T01:59:37.532+0000] {processor.py:753} INFO - DAG(s) dict_keys(['example_task_group_decorator']) retrieved from /home/airflow/.local/lib/python3.7/site-packages/airflow/example_dags/example_task_group_decorator.py
[2023-02-10T01:59:37.666+0000] {logging_mixin.py:137} INFO - [2023-02-10T01:59:37.665+0000] {dag.py:2690} INFO - Sync 1 DAGs
[2023-02-10T01:59:37.774+0000] {logging_mixin.py:137} INFO - [2023-02-10T01:59:37.773+0000] {dag.py:3441} INFO - Setting next_dagrun for example_task_group_decorator to 2023-02-09T01:59:37.773271+00:00, run_after=2023-02-10T01:59:37.773271+00:00
[2023-02-10T01:59:37.846+0000] {processor.py:175} INFO - Processing /home/airflow/.local/lib/python3.7/site-packages/airflow/example_dags/example_task_group_decorator.py took 0.908 seconds
[2023-02-10T02:00:19.007+0000] {processor.py:153} INFO - Started process (PID=1120) to work on /home/airflow/.local/lib/python3.7/site-packages/airflow/example_dags/example_task_group_decorator.py
[2023-02-10T02:00:19.021+0000] {processor.py:743} INFO - Processing file /home/airflow/.local/lib/python3.7/site-packages/airflow/example_dags/example_task_group_decorator.py for tasks to queue
[2023-02-10T02:00:19.025+0000] {logging_mixin.py:137} INFO - [2023-02-10T02:00:19.024+0000] {dagbag.py:538} INFO - Filling up the DagBag from /home/airflow/.local/lib/python3.7/site-packages/airflow/example_dags/example_task_group_decorator.py
[2023-02-10T02:00:19.185+0000] {processor.py:753} INFO - DAG(s) dict_keys(['example_task_group_decorator']) retrieved from /home/airflow/.local/lib/python3.7/site-packages/airflow/example_dags/example_task_group_decorator.py
[2023-02-10T02:00:19.284+0000] {logging_mixin.py:137} INFO - [2023-02-10T02:00:19.284+0000] {dag.py:2690} INFO - Sync 1 DAGs
[2023-02-10T02:00:19.549+0000] {logging_mixin.py:137} INFO - [2023-02-10T02:00:19.548+0000] {dag.py:3441} INFO - Setting next_dagrun for example_task_group_decorator to 2023-02-09T02:00:19.517434+00:00, run_after=2023-02-10T02:00:19.517434+00:00
[2023-02-10T02:00:19.807+0000] {processor.py:175} INFO - Processing /home/airflow/.local/lib/python3.7/site-packages/airflow/example_dags/example_task_group_decorator.py took 0.814 seconds
[2023-02-10T02:00:54.757+0000] {processor.py:153} INFO - Started process (PID=1178) to work on /home/airflow/.local/lib/python3.7/site-packages/airflow/example_dags/example_task_group_decorator.py
[2023-02-10T02:00:54.769+0000] {processor.py:743} INFO - Processing file /home/airflow/.local/lib/python3.7/site-packages/airflow/example_dags/example_task_group_decorator.py for tasks to queue
[2023-02-10T02:00:54.808+0000] {logging_mixin.py:137} INFO - [2023-02-10T02:00:54.807+0000] {dagbag.py:538} INFO - Filling up the DagBag from /home/airflow/.local/lib/python3.7/site-packages/airflow/example_dags/example_task_group_decorator.py
[2023-02-10T02:00:55.038+0000] {processor.py:753} INFO - DAG(s) dict_keys(['example_task_group_decorator']) retrieved from /home/airflow/.local/lib/python3.7/site-packages/airflow/example_dags/example_task_group_decorator.py
[2023-02-10T02:00:55.522+0000] {logging_mixin.py:137} INFO - [2023-02-10T02:00:55.521+0000] {dag.py:2690} INFO - Sync 1 DAGs
[2023-02-10T02:00:55.983+0000] {logging_mixin.py:137} INFO - [2023-02-10T02:00:55.983+0000] {dag.py:3441} INFO - Setting next_dagrun for example_task_group_decorator to 2023-02-09T02:00:55.980807+00:00, run_after=2023-02-10T02:00:55.980807+00:00
[2023-02-10T02:00:56.137+0000] {processor.py:175} INFO - Processing /home/airflow/.local/lib/python3.7/site-packages/airflow/example_dags/example_task_group_decorator.py took 1.392 seconds
[2023-02-10T02:01:31.158+0000] {processor.py:153} INFO - Started process (PID=1236) to work on /home/airflow/.local/lib/python3.7/site-packages/airflow/example_dags/example_task_group_decorator.py
[2023-02-10T02:01:31.208+0000] {processor.py:743} INFO - Processing file /home/airflow/.local/lib/python3.7/site-packages/airflow/example_dags/example_task_group_decorator.py for tasks to queue
[2023-02-10T02:01:31.240+0000] {logging_mixin.py:137} INFO - [2023-02-10T02:01:31.228+0000] {dagbag.py:538} INFO - Filling up the DagBag from /home/airflow/.local/lib/python3.7/site-packages/airflow/example_dags/example_task_group_decorator.py
[2023-02-10T02:01:32.553+0000] {processor.py:753} INFO - DAG(s) dict_keys(['example_task_group_decorator']) retrieved from /home/airflow/.local/lib/python3.7/site-packages/airflow/example_dags/example_task_group_decorator.py
[2023-02-10T02:01:33.550+0000] {logging_mixin.py:137} INFO - [2023-02-10T02:01:33.532+0000] {dag.py:2690} INFO - Sync 1 DAGs
[2023-02-10T02:01:34.553+0000] {logging_mixin.py:137} INFO - [2023-02-10T02:01:34.553+0000] {dag.py:3441} INFO - Setting next_dagrun for example_task_group_decorator to 2023-02-09T02:01:34.544090+00:00, run_after=2023-02-10T02:01:34.544090+00:00
[2023-02-10T02:01:35.042+0000] {processor.py:175} INFO - Processing /home/airflow/.local/lib/python3.7/site-packages/airflow/example_dags/example_task_group_decorator.py took 4.000 seconds
[2023-02-10T02:02:08.270+0000] {processor.py:153} INFO - Started process (PID=1292) to work on /home/airflow/.local/lib/python3.7/site-packages/airflow/example_dags/example_task_group_decorator.py
[2023-02-10T02:02:08.293+0000] {processor.py:743} INFO - Processing file /home/airflow/.local/lib/python3.7/site-packages/airflow/example_dags/example_task_group_decorator.py for tasks to queue
[2023-02-10T02:02:08.304+0000] {logging_mixin.py:137} INFO - [2023-02-10T02:02:08.304+0000] {dagbag.py:538} INFO - Filling up the DagBag from /home/airflow/.local/lib/python3.7/site-packages/airflow/example_dags/example_task_group_decorator.py
[2023-02-10T02:02:08.522+0000] {processor.py:753} INFO - DAG(s) dict_keys(['example_task_group_decorator']) retrieved from /home/airflow/.local/lib/python3.7/site-packages/airflow/example_dags/example_task_group_decorator.py
[2023-02-10T02:02:08.674+0000] {logging_mixin.py:137} INFO - [2023-02-10T02:02:08.673+0000] {dag.py:2690} INFO - Sync 1 DAGs
[2023-02-10T02:02:08.852+0000] {logging_mixin.py:137} INFO - [2023-02-10T02:02:08.852+0000] {dag.py:3441} INFO - Setting next_dagrun for example_task_group_decorator to 2023-02-09T02:02:08.849908+00:00, run_after=2023-02-10T02:02:08.849908+00:00
[2023-02-10T02:02:09.057+0000] {processor.py:175} INFO - Processing /home/airflow/.local/lib/python3.7/site-packages/airflow/example_dags/example_task_group_decorator.py took 0.809 seconds
[2023-02-10T02:02:39.954+0000] {processor.py:153} INFO - Started process (PID=1343) to work on /home/airflow/.local/lib/python3.7/site-packages/airflow/example_dags/example_task_group_decorator.py
[2023-02-10T02:02:39.959+0000] {processor.py:743} INFO - Processing file /home/airflow/.local/lib/python3.7/site-packages/airflow/example_dags/example_task_group_decorator.py for tasks to queue
[2023-02-10T02:02:39.964+0000] {logging_mixin.py:137} INFO - [2023-02-10T02:02:39.963+0000] {dagbag.py:538} INFO - Filling up the DagBag from /home/airflow/.local/lib/python3.7/site-packages/airflow/example_dags/example_task_group_decorator.py
[2023-02-10T02:02:40.050+0000] {processor.py:753} INFO - DAG(s) dict_keys(['example_task_group_decorator']) retrieved from /home/airflow/.local/lib/python3.7/site-packages/airflow/example_dags/example_task_group_decorator.py
[2023-02-10T02:02:40.123+0000] {logging_mixin.py:137} INFO - [2023-02-10T02:02:40.123+0000] {dag.py:2690} INFO - Sync 1 DAGs
[2023-02-10T02:02:40.213+0000] {logging_mixin.py:137} INFO - [2023-02-10T02:02:40.213+0000] {dag.py:3441} INFO - Setting next_dagrun for example_task_group_decorator to 2023-02-09T02:02:40.213161+00:00, run_after=2023-02-10T02:02:40.213161+00:00
[2023-02-10T02:02:40.282+0000] {processor.py:175} INFO - Processing /home/airflow/.local/lib/python3.7/site-packages/airflow/example_dags/example_task_group_decorator.py took 0.345 seconds
[2023-02-10T02:03:10.760+0000] {processor.py:153} INFO - Started process (PID=1403) to work on /home/airflow/.local/lib/python3.7/site-packages/airflow/example_dags/example_task_group_decorator.py
[2023-02-10T02:03:10.764+0000] {processor.py:743} INFO - Processing file /home/airflow/.local/lib/python3.7/site-packages/airflow/example_dags/example_task_group_decorator.py for tasks to queue
[2023-02-10T02:03:10.767+0000] {logging_mixin.py:137} INFO - [2023-02-10T02:03:10.767+0000] {dagbag.py:538} INFO - Filling up the DagBag from /home/airflow/.local/lib/python3.7/site-packages/airflow/example_dags/example_task_group_decorator.py
[2023-02-10T02:03:10.829+0000] {processor.py:753} INFO - DAG(s) dict_keys(['example_task_group_decorator']) retrieved from /home/airflow/.local/lib/python3.7/site-packages/airflow/example_dags/example_task_group_decorator.py
[2023-02-10T02:03:10.887+0000] {logging_mixin.py:137} INFO - [2023-02-10T02:03:10.887+0000] {dag.py:2690} INFO - Sync 1 DAGs
[2023-02-10T02:03:10.940+0000] {logging_mixin.py:137} INFO - [2023-02-10T02:03:10.940+0000] {dag.py:3441} INFO - Setting next_dagrun for example_task_group_decorator to 2023-02-09T02:03:10.940180+00:00, run_after=2023-02-10T02:03:10.940180+00:00
[2023-02-10T02:03:10.983+0000] {processor.py:175} INFO - Processing /home/airflow/.local/lib/python3.7/site-packages/airflow/example_dags/example_task_group_decorator.py took 0.235 seconds
[2023-02-10T02:03:41.108+0000] {processor.py:153} INFO - Started process (PID=1462) to work on /home/airflow/.local/lib/python3.7/site-packages/airflow/example_dags/example_task_group_decorator.py
[2023-02-10T02:03:41.119+0000] {processor.py:743} INFO - Processing file /home/airflow/.local/lib/python3.7/site-packages/airflow/example_dags/example_task_group_decorator.py for tasks to queue
[2023-02-10T02:03:41.137+0000] {logging_mixin.py:137} INFO - [2023-02-10T02:03:41.135+0000] {dagbag.py:538} INFO - Filling up the DagBag from /home/airflow/.local/lib/python3.7/site-packages/airflow/example_dags/example_task_group_decorator.py
[2023-02-10T02:03:41.269+0000] {processor.py:753} INFO - DAG(s) dict_keys(['example_task_group_decorator']) retrieved from /home/airflow/.local/lib/python3.7/site-packages/airflow/example_dags/example_task_group_decorator.py
[2023-02-10T02:03:41.399+0000] {logging_mixin.py:137} INFO - [2023-02-10T02:03:41.399+0000] {dag.py:2690} INFO - Sync 1 DAGs
[2023-02-10T02:03:41.560+0000] {logging_mixin.py:137} INFO - [2023-02-10T02:03:41.560+0000] {dag.py:3441} INFO - Setting next_dagrun for example_task_group_decorator to 2023-02-09T02:03:41.560095+00:00, run_after=2023-02-10T02:03:41.560095+00:00
[2023-02-10T02:03:41.646+0000] {processor.py:175} INFO - Processing /home/airflow/.local/lib/python3.7/site-packages/airflow/example_dags/example_task_group_decorator.py took 0.560 seconds
[2023-02-10T02:04:12.258+0000] {processor.py:153} INFO - Started process (PID=1521) to work on /home/airflow/.local/lib/python3.7/site-packages/airflow/example_dags/example_task_group_decorator.py
[2023-02-10T02:04:12.283+0000] {processor.py:743} INFO - Processing file /home/airflow/.local/lib/python3.7/site-packages/airflow/example_dags/example_task_group_decorator.py for tasks to queue
[2023-02-10T02:04:12.287+0000] {logging_mixin.py:137} INFO - [2023-02-10T02:04:12.286+0000] {dagbag.py:538} INFO - Filling up the DagBag from /home/airflow/.local/lib/python3.7/site-packages/airflow/example_dags/example_task_group_decorator.py
[2023-02-10T02:04:12.484+0000] {processor.py:753} INFO - DAG(s) dict_keys(['example_task_group_decorator']) retrieved from /home/airflow/.local/lib/python3.7/site-packages/airflow/example_dags/example_task_group_decorator.py
[2023-02-10T02:04:12.555+0000] {logging_mixin.py:137} INFO - [2023-02-10T02:04:12.555+0000] {dag.py:2690} INFO - Sync 1 DAGs
[2023-02-10T02:04:12.662+0000] {logging_mixin.py:137} INFO - [2023-02-10T02:04:12.662+0000] {dag.py:3441} INFO - Setting next_dagrun for example_task_group_decorator to 2023-02-09T02:04:12.661344+00:00, run_after=2023-02-10T02:04:12.661344+00:00
[2023-02-10T02:04:12.818+0000] {processor.py:175} INFO - Processing /home/airflow/.local/lib/python3.7/site-packages/airflow/example_dags/example_task_group_decorator.py took 0.567 seconds
[2023-02-10T02:04:43.215+0000] {processor.py:153} INFO - Started process (PID=1578) to work on /home/airflow/.local/lib/python3.7/site-packages/airflow/example_dags/example_task_group_decorator.py
[2023-02-10T02:04:43.224+0000] {processor.py:743} INFO - Processing file /home/airflow/.local/lib/python3.7/site-packages/airflow/example_dags/example_task_group_decorator.py for tasks to queue
[2023-02-10T02:04:43.235+0000] {logging_mixin.py:137} INFO - [2023-02-10T02:04:43.235+0000] {dagbag.py:538} INFO - Filling up the DagBag from /home/airflow/.local/lib/python3.7/site-packages/airflow/example_dags/example_task_group_decorator.py
[2023-02-10T02:04:43.366+0000] {processor.py:753} INFO - DAG(s) dict_keys(['example_task_group_decorator']) retrieved from /home/airflow/.local/lib/python3.7/site-packages/airflow/example_dags/example_task_group_decorator.py
[2023-02-10T02:04:43.492+0000] {logging_mixin.py:137} INFO - [2023-02-10T02:04:43.492+0000] {dag.py:2690} INFO - Sync 1 DAGs
[2023-02-10T02:04:43.570+0000] {logging_mixin.py:137} INFO - [2023-02-10T02:04:43.570+0000] {dag.py:3441} INFO - Setting next_dagrun for example_task_group_decorator to 2023-02-09T02:04:43.569955+00:00, run_after=2023-02-10T02:04:43.569955+00:00
[2023-02-10T02:04:43.663+0000] {processor.py:175} INFO - Processing /home/airflow/.local/lib/python3.7/site-packages/airflow/example_dags/example_task_group_decorator.py took 0.498 seconds
[2023-02-10T02:05:14.266+0000] {processor.py:153} INFO - Started process (PID=1637) to work on /home/airflow/.local/lib/python3.7/site-packages/airflow/example_dags/example_task_group_decorator.py
[2023-02-10T02:05:14.293+0000] {processor.py:743} INFO - Processing file /home/airflow/.local/lib/python3.7/site-packages/airflow/example_dags/example_task_group_decorator.py for tasks to queue
[2023-02-10T02:05:14.304+0000] {logging_mixin.py:137} INFO - [2023-02-10T02:05:14.303+0000] {dagbag.py:538} INFO - Filling up the DagBag from /home/airflow/.local/lib/python3.7/site-packages/airflow/example_dags/example_task_group_decorator.py
[2023-02-10T02:05:14.413+0000] {processor.py:753} INFO - DAG(s) dict_keys(['example_task_group_decorator']) retrieved from /home/airflow/.local/lib/python3.7/site-packages/airflow/example_dags/example_task_group_decorator.py
[2023-02-10T02:05:14.527+0000] {logging_mixin.py:137} INFO - [2023-02-10T02:05:14.527+0000] {dag.py:2690} INFO - Sync 1 DAGs
[2023-02-10T02:05:14.759+0000] {logging_mixin.py:137} INFO - [2023-02-10T02:05:14.759+0000] {dag.py:3441} INFO - Setting next_dagrun for example_task_group_decorator to 2023-02-09T02:05:14.758881+00:00, run_after=2023-02-10T02:05:14.758881+00:00
[2023-02-10T02:05:14.873+0000] {processor.py:175} INFO - Processing /home/airflow/.local/lib/python3.7/site-packages/airflow/example_dags/example_task_group_decorator.py took 0.613 seconds
[2023-02-10T02:05:45.319+0000] {processor.py:153} INFO - Started process (PID=1695) to work on /home/airflow/.local/lib/python3.7/site-packages/airflow/example_dags/example_task_group_decorator.py
[2023-02-10T02:05:45.333+0000] {processor.py:743} INFO - Processing file /home/airflow/.local/lib/python3.7/site-packages/airflow/example_dags/example_task_group_decorator.py for tasks to queue
[2023-02-10T02:05:45.346+0000] {logging_mixin.py:137} INFO - [2023-02-10T02:05:45.346+0000] {dagbag.py:538} INFO - Filling up the DagBag from /home/airflow/.local/lib/python3.7/site-packages/airflow/example_dags/example_task_group_decorator.py
[2023-02-10T02:05:45.534+0000] {processor.py:753} INFO - DAG(s) dict_keys(['example_task_group_decorator']) retrieved from /home/airflow/.local/lib/python3.7/site-packages/airflow/example_dags/example_task_group_decorator.py
[2023-02-10T02:05:45.603+0000] {logging_mixin.py:137} INFO - [2023-02-10T02:05:45.603+0000] {dag.py:2690} INFO - Sync 1 DAGs
[2023-02-10T02:05:45.759+0000] {logging_mixin.py:137} INFO - [2023-02-10T02:05:45.758+0000] {dag.py:3441} INFO - Setting next_dagrun for example_task_group_decorator to 2023-02-09T02:05:45.758509+00:00, run_after=2023-02-10T02:05:45.758509+00:00
[2023-02-10T02:05:45.850+0000] {processor.py:175} INFO - Processing /home/airflow/.local/lib/python3.7/site-packages/airflow/example_dags/example_task_group_decorator.py took 0.561 seconds
[2023-02-10T02:06:15.996+0000] {processor.py:153} INFO - Started process (PID=1751) to work on /home/airflow/.local/lib/python3.7/site-packages/airflow/example_dags/example_task_group_decorator.py
[2023-02-10T02:06:16.021+0000] {processor.py:743} INFO - Processing file /home/airflow/.local/lib/python3.7/site-packages/airflow/example_dags/example_task_group_decorator.py for tasks to queue
[2023-02-10T02:06:16.029+0000] {logging_mixin.py:137} INFO - [2023-02-10T02:06:16.028+0000] {dagbag.py:538} INFO - Filling up the DagBag from /home/airflow/.local/lib/python3.7/site-packages/airflow/example_dags/example_task_group_decorator.py
[2023-02-10T02:06:16.561+0000] {processor.py:753} INFO - DAG(s) dict_keys(['example_task_group_decorator']) retrieved from /home/airflow/.local/lib/python3.7/site-packages/airflow/example_dags/example_task_group_decorator.py
[2023-02-10T02:06:16.855+0000] {logging_mixin.py:137} INFO - [2023-02-10T02:06:16.854+0000] {dag.py:2690} INFO - Sync 1 DAGs
[2023-02-10T02:06:17.112+0000] {logging_mixin.py:137} INFO - [2023-02-10T02:06:17.112+0000] {dag.py:3441} INFO - Setting next_dagrun for example_task_group_decorator to 2023-02-09T02:06:17.111808+00:00, run_after=2023-02-10T02:06:17.111808+00:00
[2023-02-10T02:06:17.239+0000] {processor.py:175} INFO - Processing /home/airflow/.local/lib/python3.7/site-packages/airflow/example_dags/example_task_group_decorator.py took 1.269 seconds
[2023-02-10T02:06:47.424+0000] {processor.py:153} INFO - Started process (PID=1810) to work on /home/airflow/.local/lib/python3.7/site-packages/airflow/example_dags/example_task_group_decorator.py
[2023-02-10T02:06:47.429+0000] {processor.py:743} INFO - Processing file /home/airflow/.local/lib/python3.7/site-packages/airflow/example_dags/example_task_group_decorator.py for tasks to queue
[2023-02-10T02:06:47.433+0000] {logging_mixin.py:137} INFO - [2023-02-10T02:06:47.433+0000] {dagbag.py:538} INFO - Filling up the DagBag from /home/airflow/.local/lib/python3.7/site-packages/airflow/example_dags/example_task_group_decorator.py
[2023-02-10T02:06:47.511+0000] {processor.py:753} INFO - DAG(s) dict_keys(['example_task_group_decorator']) retrieved from /home/airflow/.local/lib/python3.7/site-packages/airflow/example_dags/example_task_group_decorator.py
[2023-02-10T02:06:47.575+0000] {logging_mixin.py:137} INFO - [2023-02-10T02:06:47.574+0000] {dag.py:2690} INFO - Sync 1 DAGs
[2023-02-10T02:06:47.633+0000] {logging_mixin.py:137} INFO - [2023-02-10T02:06:47.633+0000] {dag.py:3441} INFO - Setting next_dagrun for example_task_group_decorator to 2023-02-09T02:06:47.632901+00:00, run_after=2023-02-10T02:06:47.632901+00:00
[2023-02-10T02:06:47.688+0000] {processor.py:175} INFO - Processing /home/airflow/.local/lib/python3.7/site-packages/airflow/example_dags/example_task_group_decorator.py took 0.275 seconds
[2023-02-10T02:07:18.227+0000] {processor.py:153} INFO - Started process (PID=1868) to work on /home/airflow/.local/lib/python3.7/site-packages/airflow/example_dags/example_task_group_decorator.py
[2023-02-10T02:07:18.232+0000] {processor.py:743} INFO - Processing file /home/airflow/.local/lib/python3.7/site-packages/airflow/example_dags/example_task_group_decorator.py for tasks to queue
[2023-02-10T02:07:18.236+0000] {logging_mixin.py:137} INFO - [2023-02-10T02:07:18.235+0000] {dagbag.py:538} INFO - Filling up the DagBag from /home/airflow/.local/lib/python3.7/site-packages/airflow/example_dags/example_task_group_decorator.py
[2023-02-10T02:07:18.308+0000] {processor.py:753} INFO - DAG(s) dict_keys(['example_task_group_decorator']) retrieved from /home/airflow/.local/lib/python3.7/site-packages/airflow/example_dags/example_task_group_decorator.py
[2023-02-10T02:07:18.413+0000] {logging_mixin.py:137} INFO - [2023-02-10T02:07:18.413+0000] {dag.py:2690} INFO - Sync 1 DAGs
[2023-02-10T02:07:18.532+0000] {logging_mixin.py:137} INFO - [2023-02-10T02:07:18.532+0000] {dag.py:3441} INFO - Setting next_dagrun for example_task_group_decorator to 2023-02-09T02:07:18.531846+00:00, run_after=2023-02-10T02:07:18.531846+00:00
[2023-02-10T02:07:18.585+0000] {processor.py:175} INFO - Processing /home/airflow/.local/lib/python3.7/site-packages/airflow/example_dags/example_task_group_decorator.py took 0.368 seconds
[2023-02-10T02:07:48.729+0000] {processor.py:153} INFO - Started process (PID=1925) to work on /home/airflow/.local/lib/python3.7/site-packages/airflow/example_dags/example_task_group_decorator.py
[2023-02-10T02:07:48.747+0000] {processor.py:743} INFO - Processing file /home/airflow/.local/lib/python3.7/site-packages/airflow/example_dags/example_task_group_decorator.py for tasks to queue
[2023-02-10T02:07:48.754+0000] {logging_mixin.py:137} INFO - [2023-02-10T02:07:48.753+0000] {dagbag.py:538} INFO - Filling up the DagBag from /home/airflow/.local/lib/python3.7/site-packages/airflow/example_dags/example_task_group_decorator.py
[2023-02-10T02:07:49.542+0000] {processor.py:753} INFO - DAG(s) dict_keys(['example_task_group_decorator']) retrieved from /home/airflow/.local/lib/python3.7/site-packages/airflow/example_dags/example_task_group_decorator.py
[2023-02-10T02:07:49.969+0000] {logging_mixin.py:137} INFO - [2023-02-10T02:07:49.969+0000] {dag.py:2690} INFO - Sync 1 DAGs
[2023-02-10T02:07:51.142+0000] {logging_mixin.py:137} INFO - [2023-02-10T02:07:51.141+0000] {dag.py:3441} INFO - Setting next_dagrun for example_task_group_decorator to 2023-02-09T02:07:51.141183+00:00, run_after=2023-02-10T02:07:51.141183+00:00
[2023-02-10T02:07:51.448+0000] {processor.py:175} INFO - Processing /home/airflow/.local/lib/python3.7/site-packages/airflow/example_dags/example_task_group_decorator.py took 2.749 seconds
[2023-02-10T02:08:23.238+0000] {processor.py:153} INFO - Started process (PID=1979) to work on /home/airflow/.local/lib/python3.7/site-packages/airflow/example_dags/example_task_group_decorator.py
[2023-02-10T02:08:23.249+0000] {processor.py:743} INFO - Processing file /home/airflow/.local/lib/python3.7/site-packages/airflow/example_dags/example_task_group_decorator.py for tasks to queue
[2023-02-10T02:08:23.262+0000] {logging_mixin.py:137} INFO - [2023-02-10T02:08:23.259+0000] {dagbag.py:538} INFO - Filling up the DagBag from /home/airflow/.local/lib/python3.7/site-packages/airflow/example_dags/example_task_group_decorator.py
[2023-02-10T02:08:23.665+0000] {processor.py:753} INFO - DAG(s) dict_keys(['example_task_group_decorator']) retrieved from /home/airflow/.local/lib/python3.7/site-packages/airflow/example_dags/example_task_group_decorator.py
[2023-02-10T02:08:23.894+0000] {logging_mixin.py:137} INFO - [2023-02-10T02:08:23.893+0000] {dag.py:2690} INFO - Sync 1 DAGs
[2023-02-10T02:08:24.161+0000] {logging_mixin.py:137} INFO - [2023-02-10T02:08:24.160+0000] {dag.py:3441} INFO - Setting next_dagrun for example_task_group_decorator to 2023-02-09T02:08:24.154121+00:00, run_after=2023-02-10T02:08:24.154121+00:00
[2023-02-10T02:08:24.390+0000] {processor.py:175} INFO - Processing /home/airflow/.local/lib/python3.7/site-packages/airflow/example_dags/example_task_group_decorator.py took 1.221 seconds
[2023-02-10T02:08:54.993+0000] {processor.py:153} INFO - Started process (PID=2038) to work on /home/airflow/.local/lib/python3.7/site-packages/airflow/example_dags/example_task_group_decorator.py
[2023-02-10T02:08:55.007+0000] {processor.py:743} INFO - Processing file /home/airflow/.local/lib/python3.7/site-packages/airflow/example_dags/example_task_group_decorator.py for tasks to queue
[2023-02-10T02:08:55.021+0000] {logging_mixin.py:137} INFO - [2023-02-10T02:08:55.020+0000] {dagbag.py:538} INFO - Filling up the DagBag from /home/airflow/.local/lib/python3.7/site-packages/airflow/example_dags/example_task_group_decorator.py
[2023-02-10T02:08:55.437+0000] {processor.py:753} INFO - DAG(s) dict_keys(['example_task_group_decorator']) retrieved from /home/airflow/.local/lib/python3.7/site-packages/airflow/example_dags/example_task_group_decorator.py
[2023-02-10T02:08:55.621+0000] {logging_mixin.py:137} INFO - [2023-02-10T02:08:55.621+0000] {dag.py:2690} INFO - Sync 1 DAGs
[2023-02-10T02:08:55.789+0000] {logging_mixin.py:137} INFO - [2023-02-10T02:08:55.788+0000] {dag.py:3441} INFO - Setting next_dagrun for example_task_group_decorator to 2023-02-09T02:08:55.788459+00:00, run_after=2023-02-10T02:08:55.788459+00:00
[2023-02-10T02:08:55.885+0000] {processor.py:175} INFO - Processing /home/airflow/.local/lib/python3.7/site-packages/airflow/example_dags/example_task_group_decorator.py took 0.907 seconds
[2023-02-10T02:09:27.972+0000] {processor.py:153} INFO - Started process (PID=2086) to work on /home/airflow/.local/lib/python3.7/site-packages/airflow/example_dags/example_task_group_decorator.py
[2023-02-10T02:09:27.976+0000] {processor.py:743} INFO - Processing file /home/airflow/.local/lib/python3.7/site-packages/airflow/example_dags/example_task_group_decorator.py for tasks to queue
[2023-02-10T02:09:27.983+0000] {logging_mixin.py:137} INFO - [2023-02-10T02:09:27.981+0000] {dagbag.py:538} INFO - Filling up the DagBag from /home/airflow/.local/lib/python3.7/site-packages/airflow/example_dags/example_task_group_decorator.py
[2023-02-10T02:09:28.090+0000] {processor.py:753} INFO - DAG(s) dict_keys(['example_task_group_decorator']) retrieved from /home/airflow/.local/lib/python3.7/site-packages/airflow/example_dags/example_task_group_decorator.py
[2023-02-10T02:09:28.290+0000] {logging_mixin.py:137} INFO - [2023-02-10T02:09:28.289+0000] {dag.py:2690} INFO - Sync 1 DAGs
[2023-02-10T02:09:28.399+0000] {logging_mixin.py:137} INFO - [2023-02-10T02:09:28.399+0000] {dag.py:3441} INFO - Setting next_dagrun for example_task_group_decorator to 2023-02-09T02:09:28.398601+00:00, run_after=2023-02-10T02:09:28.398601+00:00
[2023-02-10T02:09:28.535+0000] {processor.py:175} INFO - Processing /home/airflow/.local/lib/python3.7/site-packages/airflow/example_dags/example_task_group_decorator.py took 0.583 seconds
[2023-02-10T02:10:02.183+0000] {processor.py:153} INFO - Started process (PID=2145) to work on /home/airflow/.local/lib/python3.7/site-packages/airflow/example_dags/example_task_group_decorator.py
[2023-02-10T02:10:02.198+0000] {processor.py:743} INFO - Processing file /home/airflow/.local/lib/python3.7/site-packages/airflow/example_dags/example_task_group_decorator.py for tasks to queue
[2023-02-10T02:10:02.214+0000] {logging_mixin.py:137} INFO - [2023-02-10T02:10:02.214+0000] {dagbag.py:538} INFO - Filling up the DagBag from /home/airflow/.local/lib/python3.7/site-packages/airflow/example_dags/example_task_group_decorator.py
[2023-02-10T02:10:02.538+0000] {processor.py:753} INFO - DAG(s) dict_keys(['example_task_group_decorator']) retrieved from /home/airflow/.local/lib/python3.7/site-packages/airflow/example_dags/example_task_group_decorator.py
[2023-02-10T02:10:02.768+0000] {logging_mixin.py:137} INFO - [2023-02-10T02:10:02.768+0000] {dag.py:2690} INFO - Sync 1 DAGs
[2023-02-10T02:10:03.034+0000] {logging_mixin.py:137} INFO - [2023-02-10T02:10:03.034+0000] {dag.py:3441} INFO - Setting next_dagrun for example_task_group_decorator to 2023-02-09T02:10:03.033513+00:00, run_after=2023-02-10T02:10:03.033513+00:00
[2023-02-10T02:10:03.295+0000] {processor.py:175} INFO - Processing /home/airflow/.local/lib/python3.7/site-packages/airflow/example_dags/example_task_group_decorator.py took 1.130 seconds
[2023-02-10T02:10:43.942+0000] {processor.py:153} INFO - Started process (PID=2204) to work on /home/airflow/.local/lib/python3.7/site-packages/airflow/example_dags/example_task_group_decorator.py
[2023-02-10T02:10:43.957+0000] {processor.py:743} INFO - Processing file /home/airflow/.local/lib/python3.7/site-packages/airflow/example_dags/example_task_group_decorator.py for tasks to queue
[2023-02-10T02:10:43.969+0000] {logging_mixin.py:137} INFO - [2023-02-10T02:10:43.968+0000] {dagbag.py:538} INFO - Filling up the DagBag from /home/airflow/.local/lib/python3.7/site-packages/airflow/example_dags/example_task_group_decorator.py
[2023-02-10T02:10:44.265+0000] {processor.py:753} INFO - DAG(s) dict_keys(['example_task_group_decorator']) retrieved from /home/airflow/.local/lib/python3.7/site-packages/airflow/example_dags/example_task_group_decorator.py
[2023-02-10T02:10:44.475+0000] {logging_mixin.py:137} INFO - [2023-02-10T02:10:44.474+0000] {dag.py:2690} INFO - Sync 1 DAGs
[2023-02-10T02:10:44.656+0000] {logging_mixin.py:137} INFO - [2023-02-10T02:10:44.656+0000] {dag.py:3441} INFO - Setting next_dagrun for example_task_group_decorator to 2023-02-09T02:10:44.655730+00:00, run_after=2023-02-10T02:10:44.655730+00:00
[2023-02-10T02:10:44.781+0000] {processor.py:175} INFO - Processing /home/airflow/.local/lib/python3.7/site-packages/airflow/example_dags/example_task_group_decorator.py took 0.859 seconds
[2023-02-10T02:11:15.082+0000] {processor.py:153} INFO - Started process (PID=2262) to work on /home/airflow/.local/lib/python3.7/site-packages/airflow/example_dags/example_task_group_decorator.py
[2023-02-10T02:11:15.087+0000] {processor.py:743} INFO - Processing file /home/airflow/.local/lib/python3.7/site-packages/airflow/example_dags/example_task_group_decorator.py for tasks to queue
[2023-02-10T02:11:15.092+0000] {logging_mixin.py:137} INFO - [2023-02-10T02:11:15.092+0000] {dagbag.py:538} INFO - Filling up the DagBag from /home/airflow/.local/lib/python3.7/site-packages/airflow/example_dags/example_task_group_decorator.py
[2023-02-10T02:11:15.209+0000] {processor.py:753} INFO - DAG(s) dict_keys(['example_task_group_decorator']) retrieved from /home/airflow/.local/lib/python3.7/site-packages/airflow/example_dags/example_task_group_decorator.py
[2023-02-10T02:11:15.292+0000] {logging_mixin.py:137} INFO - [2023-02-10T02:11:15.291+0000] {dag.py:2690} INFO - Sync 1 DAGs
[2023-02-10T02:11:15.386+0000] {logging_mixin.py:137} INFO - [2023-02-10T02:11:15.385+0000] {dag.py:3441} INFO - Setting next_dagrun for example_task_group_decorator to 2023-02-09T02:11:15.385476+00:00, run_after=2023-02-10T02:11:15.385476+00:00
[2023-02-10T02:11:15.436+0000] {processor.py:175} INFO - Processing /home/airflow/.local/lib/python3.7/site-packages/airflow/example_dags/example_task_group_decorator.py took 0.364 seconds
[2023-02-10T02:11:46.620+0000] {processor.py:153} INFO - Started process (PID=2321) to work on /home/airflow/.local/lib/python3.7/site-packages/airflow/example_dags/example_task_group_decorator.py
[2023-02-10T02:11:46.625+0000] {processor.py:743} INFO - Processing file /home/airflow/.local/lib/python3.7/site-packages/airflow/example_dags/example_task_group_decorator.py for tasks to queue
[2023-02-10T02:11:46.634+0000] {logging_mixin.py:137} INFO - [2023-02-10T02:11:46.634+0000] {dagbag.py:538} INFO - Filling up the DagBag from /home/airflow/.local/lib/python3.7/site-packages/airflow/example_dags/example_task_group_decorator.py
[2023-02-10T02:11:46.744+0000] {processor.py:753} INFO - DAG(s) dict_keys(['example_task_group_decorator']) retrieved from /home/airflow/.local/lib/python3.7/site-packages/airflow/example_dags/example_task_group_decorator.py
[2023-02-10T02:11:46.869+0000] {logging_mixin.py:137} INFO - [2023-02-10T02:11:46.869+0000] {dag.py:2690} INFO - Sync 1 DAGs
[2023-02-10T02:11:46.991+0000] {logging_mixin.py:137} INFO - [2023-02-10T02:11:46.991+0000] {dag.py:3441} INFO - Setting next_dagrun for example_task_group_decorator to 2023-02-09T02:11:46.990800+00:00, run_after=2023-02-10T02:11:46.990800+00:00
[2023-02-10T02:11:47.084+0000] {processor.py:175} INFO - Processing /home/airflow/.local/lib/python3.7/site-packages/airflow/example_dags/example_task_group_decorator.py took 0.477 seconds
[2023-02-10T02:12:17.187+0000] {processor.py:153} INFO - Started process (PID=2379) to work on /home/airflow/.local/lib/python3.7/site-packages/airflow/example_dags/example_task_group_decorator.py
[2023-02-10T02:12:17.192+0000] {processor.py:743} INFO - Processing file /home/airflow/.local/lib/python3.7/site-packages/airflow/example_dags/example_task_group_decorator.py for tasks to queue
[2023-02-10T02:12:17.197+0000] {logging_mixin.py:137} INFO - [2023-02-10T02:12:17.196+0000] {dagbag.py:538} INFO - Filling up the DagBag from /home/airflow/.local/lib/python3.7/site-packages/airflow/example_dags/example_task_group_decorator.py
[2023-02-10T02:12:17.341+0000] {processor.py:753} INFO - DAG(s) dict_keys(['example_task_group_decorator']) retrieved from /home/airflow/.local/lib/python3.7/site-packages/airflow/example_dags/example_task_group_decorator.py
[2023-02-10T02:12:17.533+0000] {logging_mixin.py:137} INFO - [2023-02-10T02:12:17.533+0000] {dag.py:2690} INFO - Sync 1 DAGs
[2023-02-10T02:12:17.667+0000] {logging_mixin.py:137} INFO - [2023-02-10T02:12:17.667+0000] {dag.py:3441} INFO - Setting next_dagrun for example_task_group_decorator to 2023-02-09T02:12:17.667000+00:00, run_after=2023-02-10T02:12:17.667000+00:00
[2023-02-10T02:12:17.790+0000] {processor.py:175} INFO - Processing /home/airflow/.local/lib/python3.7/site-packages/airflow/example_dags/example_task_group_decorator.py took 0.614 seconds
[2023-02-10T02:12:47.970+0000] {processor.py:153} INFO - Started process (PID=2438) to work on /home/airflow/.local/lib/python3.7/site-packages/airflow/example_dags/example_task_group_decorator.py
[2023-02-10T02:12:47.978+0000] {processor.py:743} INFO - Processing file /home/airflow/.local/lib/python3.7/site-packages/airflow/example_dags/example_task_group_decorator.py for tasks to queue
[2023-02-10T02:12:47.988+0000] {logging_mixin.py:137} INFO - [2023-02-10T02:12:47.988+0000] {dagbag.py:538} INFO - Filling up the DagBag from /home/airflow/.local/lib/python3.7/site-packages/airflow/example_dags/example_task_group_decorator.py
[2023-02-10T02:12:48.246+0000] {processor.py:753} INFO - DAG(s) dict_keys(['example_task_group_decorator']) retrieved from /home/airflow/.local/lib/python3.7/site-packages/airflow/example_dags/example_task_group_decorator.py
[2023-02-10T02:12:48.368+0000] {logging_mixin.py:137} INFO - [2023-02-10T02:12:48.368+0000] {dag.py:2690} INFO - Sync 1 DAGs
[2023-02-10T02:12:48.608+0000] {logging_mixin.py:137} INFO - [2023-02-10T02:12:48.607+0000] {dag.py:3441} INFO - Setting next_dagrun for example_task_group_decorator to 2023-02-09T02:12:48.603598+00:00, run_after=2023-02-10T02:12:48.603598+00:00
[2023-02-10T02:12:48.687+0000] {processor.py:175} INFO - Processing /home/airflow/.local/lib/python3.7/site-packages/airflow/example_dags/example_task_group_decorator.py took 0.744 seconds
[2023-02-10T02:13:25.361+0000] {processor.py:153} INFO - Started process (PID=2496) to work on /home/airflow/.local/lib/python3.7/site-packages/airflow/example_dags/example_task_group_decorator.py
[2023-02-10T02:13:25.384+0000] {processor.py:743} INFO - Processing file /home/airflow/.local/lib/python3.7/site-packages/airflow/example_dags/example_task_group_decorator.py for tasks to queue
[2023-02-10T02:13:25.388+0000] {logging_mixin.py:137} INFO - [2023-02-10T02:13:25.388+0000] {dagbag.py:538} INFO - Filling up the DagBag from /home/airflow/.local/lib/python3.7/site-packages/airflow/example_dags/example_task_group_decorator.py
[2023-02-10T02:13:25.554+0000] {processor.py:753} INFO - DAG(s) dict_keys(['example_task_group_decorator']) retrieved from /home/airflow/.local/lib/python3.7/site-packages/airflow/example_dags/example_task_group_decorator.py
[2023-02-10T02:13:25.645+0000] {logging_mixin.py:137} INFO - [2023-02-10T02:13:25.644+0000] {dag.py:2690} INFO - Sync 1 DAGs
[2023-02-10T02:13:25.711+0000] {logging_mixin.py:137} INFO - [2023-02-10T02:13:25.710+0000] {dag.py:3441} INFO - Setting next_dagrun for example_task_group_decorator to 2023-02-09T02:13:25.710267+00:00, run_after=2023-02-10T02:13:25.710267+00:00
[2023-02-10T02:13:25.776+0000] {processor.py:175} INFO - Processing /home/airflow/.local/lib/python3.7/site-packages/airflow/example_dags/example_task_group_decorator.py took 0.431 seconds
[2023-02-10T02:14:01.579+0000] {processor.py:153} INFO - Started process (PID=2545) to work on /home/airflow/.local/lib/python3.7/site-packages/airflow/example_dags/example_task_group_decorator.py
[2023-02-10T02:14:01.584+0000] {processor.py:743} INFO - Processing file /home/airflow/.local/lib/python3.7/site-packages/airflow/example_dags/example_task_group_decorator.py for tasks to queue
[2023-02-10T02:14:01.590+0000] {logging_mixin.py:137} INFO - [2023-02-10T02:14:01.590+0000] {dagbag.py:538} INFO - Filling up the DagBag from /home/airflow/.local/lib/python3.7/site-packages/airflow/example_dags/example_task_group_decorator.py
[2023-02-10T02:14:01.684+0000] {processor.py:753} INFO - DAG(s) dict_keys(['example_task_group_decorator']) retrieved from /home/airflow/.local/lib/python3.7/site-packages/airflow/example_dags/example_task_group_decorator.py
[2023-02-10T02:14:01.830+0000] {logging_mixin.py:137} INFO - [2023-02-10T02:14:01.829+0000] {dag.py:2690} INFO - Sync 1 DAGs
[2023-02-10T02:14:01.934+0000] {logging_mixin.py:137} INFO - [2023-02-10T02:14:01.933+0000] {dag.py:3441} INFO - Setting next_dagrun for example_task_group_decorator to 2023-02-09T02:14:01.933129+00:00, run_after=2023-02-10T02:14:01.933129+00:00
[2023-02-10T02:14:02.020+0000] {processor.py:175} INFO - Processing /home/airflow/.local/lib/python3.7/site-packages/airflow/example_dags/example_task_group_decorator.py took 0.453 seconds
[2023-02-10T02:14:36.678+0000] {processor.py:153} INFO - Started process (PID=2603) to work on /home/airflow/.local/lib/python3.7/site-packages/airflow/example_dags/example_task_group_decorator.py
[2023-02-10T02:14:36.696+0000] {processor.py:743} INFO - Processing file /home/airflow/.local/lib/python3.7/site-packages/airflow/example_dags/example_task_group_decorator.py for tasks to queue
[2023-02-10T02:14:36.700+0000] {logging_mixin.py:137} INFO - [2023-02-10T02:14:36.700+0000] {dagbag.py:538} INFO - Filling up the DagBag from /home/airflow/.local/lib/python3.7/site-packages/airflow/example_dags/example_task_group_decorator.py
[2023-02-10T02:14:37.101+0000] {processor.py:753} INFO - DAG(s) dict_keys(['example_task_group_decorator']) retrieved from /home/airflow/.local/lib/python3.7/site-packages/airflow/example_dags/example_task_group_decorator.py
[2023-02-10T02:14:37.509+0000] {logging_mixin.py:137} INFO - [2023-02-10T02:14:37.509+0000] {dag.py:2690} INFO - Sync 1 DAGs
[2023-02-10T02:14:37.886+0000] {logging_mixin.py:137} INFO - [2023-02-10T02:14:37.885+0000] {dag.py:3441} INFO - Setting next_dagrun for example_task_group_decorator to 2023-02-09T02:14:37.885410+00:00, run_after=2023-02-10T02:14:37.885410+00:00
[2023-02-10T02:14:38.154+0000] {processor.py:175} INFO - Processing /home/airflow/.local/lib/python3.7/site-packages/airflow/example_dags/example_task_group_decorator.py took 1.515 seconds
[2023-02-10T02:15:08.619+0000] {processor.py:153} INFO - Started process (PID=2653) to work on /home/airflow/.local/lib/python3.7/site-packages/airflow/example_dags/example_task_group_decorator.py
[2023-02-10T02:15:08.634+0000] {processor.py:743} INFO - Processing file /home/airflow/.local/lib/python3.7/site-packages/airflow/example_dags/example_task_group_decorator.py for tasks to queue
[2023-02-10T02:15:08.641+0000] {logging_mixin.py:137} INFO - [2023-02-10T02:15:08.638+0000] {dagbag.py:538} INFO - Filling up the DagBag from /home/airflow/.local/lib/python3.7/site-packages/airflow/example_dags/example_task_group_decorator.py
[2023-02-10T02:15:08.930+0000] {processor.py:753} INFO - DAG(s) dict_keys(['example_task_group_decorator']) retrieved from /home/airflow/.local/lib/python3.7/site-packages/airflow/example_dags/example_task_group_decorator.py
[2023-02-10T02:15:09.289+0000] {logging_mixin.py:137} INFO - [2023-02-10T02:15:09.289+0000] {dag.py:2690} INFO - Sync 1 DAGs
[2023-02-10T02:15:09.514+0000] {logging_mixin.py:137} INFO - [2023-02-10T02:15:09.514+0000] {dag.py:3441} INFO - Setting next_dagrun for example_task_group_decorator to 2023-02-09T02:15:09.512828+00:00, run_after=2023-02-10T02:15:09.512828+00:00
[2023-02-10T02:15:09.666+0000] {processor.py:175} INFO - Processing /home/airflow/.local/lib/python3.7/site-packages/airflow/example_dags/example_task_group_decorator.py took 1.073 seconds
[2023-02-10T02:15:40.730+0000] {processor.py:153} INFO - Started process (PID=2712) to work on /home/airflow/.local/lib/python3.7/site-packages/airflow/example_dags/example_task_group_decorator.py
[2023-02-10T02:15:40.740+0000] {processor.py:743} INFO - Processing file /home/airflow/.local/lib/python3.7/site-packages/airflow/example_dags/example_task_group_decorator.py for tasks to queue
[2023-02-10T02:15:40.751+0000] {logging_mixin.py:137} INFO - [2023-02-10T02:15:40.750+0000] {dagbag.py:538} INFO - Filling up the DagBag from /home/airflow/.local/lib/python3.7/site-packages/airflow/example_dags/example_task_group_decorator.py
[2023-02-10T02:15:41.157+0000] {processor.py:753} INFO - DAG(s) dict_keys(['example_task_group_decorator']) retrieved from /home/airflow/.local/lib/python3.7/site-packages/airflow/example_dags/example_task_group_decorator.py
[2023-02-10T02:15:41.440+0000] {logging_mixin.py:137} INFO - [2023-02-10T02:15:41.440+0000] {dag.py:2690} INFO - Sync 1 DAGs
[2023-02-10T02:15:41.856+0000] {logging_mixin.py:137} INFO - [2023-02-10T02:15:41.855+0000] {dag.py:3441} INFO - Setting next_dagrun for example_task_group_decorator to 2023-02-09T02:15:41.842328+00:00, run_after=2023-02-10T02:15:41.842328+00:00
[2023-02-10T02:15:42.270+0000] {processor.py:175} INFO - Processing /home/airflow/.local/lib/python3.7/site-packages/airflow/example_dags/example_task_group_decorator.py took 1.580 seconds
[2023-02-10T02:16:12.828+0000] {processor.py:153} INFO - Started process (PID=2772) to work on /home/airflow/.local/lib/python3.7/site-packages/airflow/example_dags/example_task_group_decorator.py
[2023-02-10T02:16:12.836+0000] {processor.py:743} INFO - Processing file /home/airflow/.local/lib/python3.7/site-packages/airflow/example_dags/example_task_group_decorator.py for tasks to queue
[2023-02-10T02:16:12.846+0000] {logging_mixin.py:137} INFO - [2023-02-10T02:16:12.844+0000] {dagbag.py:538} INFO - Filling up the DagBag from /home/airflow/.local/lib/python3.7/site-packages/airflow/example_dags/example_task_group_decorator.py
[2023-02-10T02:16:12.942+0000] {processor.py:753} INFO - DAG(s) dict_keys(['example_task_group_decorator']) retrieved from /home/airflow/.local/lib/python3.7/site-packages/airflow/example_dags/example_task_group_decorator.py
[2023-02-10T02:16:13.004+0000] {logging_mixin.py:137} INFO - [2023-02-10T02:16:13.003+0000] {dag.py:2690} INFO - Sync 1 DAGs
[2023-02-10T02:16:13.057+0000] {logging_mixin.py:137} INFO - [2023-02-10T02:16:13.057+0000] {dag.py:3441} INFO - Setting next_dagrun for example_task_group_decorator to 2023-02-09T02:16:13.056571+00:00, run_after=2023-02-10T02:16:13.056571+00:00
[2023-02-10T02:16:13.108+0000] {processor.py:175} INFO - Processing /home/airflow/.local/lib/python3.7/site-packages/airflow/example_dags/example_task_group_decorator.py took 0.294 seconds
[2023-02-10T02:16:43.771+0000] {processor.py:153} INFO - Started process (PID=2830) to work on /home/airflow/.local/lib/python3.7/site-packages/airflow/example_dags/example_task_group_decorator.py
[2023-02-10T02:16:43.788+0000] {processor.py:743} INFO - Processing file /home/airflow/.local/lib/python3.7/site-packages/airflow/example_dags/example_task_group_decorator.py for tasks to queue
[2023-02-10T02:16:43.792+0000] {logging_mixin.py:137} INFO - [2023-02-10T02:16:43.792+0000] {dagbag.py:538} INFO - Filling up the DagBag from /home/airflow/.local/lib/python3.7/site-packages/airflow/example_dags/example_task_group_decorator.py
[2023-02-10T02:16:43.891+0000] {processor.py:753} INFO - DAG(s) dict_keys(['example_task_group_decorator']) retrieved from /home/airflow/.local/lib/python3.7/site-packages/airflow/example_dags/example_task_group_decorator.py
[2023-02-10T02:16:44.007+0000] {logging_mixin.py:137} INFO - [2023-02-10T02:16:44.007+0000] {dag.py:2690} INFO - Sync 1 DAGs
[2023-02-10T02:16:44.240+0000] {logging_mixin.py:137} INFO - [2023-02-10T02:16:44.240+0000] {dag.py:3441} INFO - Setting next_dagrun for example_task_group_decorator to 2023-02-09T02:16:44.239803+00:00, run_after=2023-02-10T02:16:44.239803+00:00
[2023-02-10T02:16:44.328+0000] {processor.py:175} INFO - Processing /home/airflow/.local/lib/python3.7/site-packages/airflow/example_dags/example_task_group_decorator.py took 0.578 seconds
[2023-02-10T02:17:15.265+0000] {processor.py:153} INFO - Started process (PID=2880) to work on /home/airflow/.local/lib/python3.7/site-packages/airflow/example_dags/example_task_group_decorator.py
[2023-02-10T02:17:15.278+0000] {processor.py:743} INFO - Processing file /home/airflow/.local/lib/python3.7/site-packages/airflow/example_dags/example_task_group_decorator.py for tasks to queue
[2023-02-10T02:17:15.291+0000] {logging_mixin.py:137} INFO - [2023-02-10T02:17:15.290+0000] {dagbag.py:538} INFO - Filling up the DagBag from /home/airflow/.local/lib/python3.7/site-packages/airflow/example_dags/example_task_group_decorator.py
[2023-02-10T02:17:15.685+0000] {processor.py:753} INFO - DAG(s) dict_keys(['example_task_group_decorator']) retrieved from /home/airflow/.local/lib/python3.7/site-packages/airflow/example_dags/example_task_group_decorator.py
[2023-02-10T02:17:15.917+0000] {logging_mixin.py:137} INFO - [2023-02-10T02:17:15.916+0000] {dag.py:2690} INFO - Sync 1 DAGs
[2023-02-10T02:17:16.112+0000] {logging_mixin.py:137} INFO - [2023-02-10T02:17:16.111+0000] {dag.py:3441} INFO - Setting next_dagrun for example_task_group_decorator to 2023-02-09T02:17:16.111406+00:00, run_after=2023-02-10T02:17:16.111406+00:00
[2023-02-10T02:17:16.223+0000] {processor.py:175} INFO - Processing /home/airflow/.local/lib/python3.7/site-packages/airflow/example_dags/example_task_group_decorator.py took 0.992 seconds
[2023-02-10T02:18:03.773+0000] {processor.py:153} INFO - Started process (PID=2954) to work on /home/airflow/.local/lib/python3.7/site-packages/airflow/example_dags/example_task_group_decorator.py
[2023-02-10T02:18:03.782+0000] {processor.py:743} INFO - Processing file /home/airflow/.local/lib/python3.7/site-packages/airflow/example_dags/example_task_group_decorator.py for tasks to queue
[2023-02-10T02:18:03.792+0000] {logging_mixin.py:137} INFO - [2023-02-10T02:18:03.791+0000] {dagbag.py:538} INFO - Filling up the DagBag from /home/airflow/.local/lib/python3.7/site-packages/airflow/example_dags/example_task_group_decorator.py
[2023-02-10T02:18:04.033+0000] {processor.py:753} INFO - DAG(s) dict_keys(['example_task_group_decorator']) retrieved from /home/airflow/.local/lib/python3.7/site-packages/airflow/example_dags/example_task_group_decorator.py
[2023-02-10T02:18:04.208+0000] {logging_mixin.py:137} INFO - [2023-02-10T02:18:04.208+0000] {dag.py:2690} INFO - Sync 1 DAGs
[2023-02-10T02:18:04.376+0000] {logging_mixin.py:137} INFO - [2023-02-10T02:18:04.376+0000] {dag.py:3441} INFO - Setting next_dagrun for example_task_group_decorator to 2023-02-09T02:18:04.375639+00:00, run_after=2023-02-10T02:18:04.375639+00:00
[2023-02-10T02:18:04.471+0000] {processor.py:175} INFO - Processing /home/airflow/.local/lib/python3.7/site-packages/airflow/example_dags/example_task_group_decorator.py took 0.703 seconds
[2023-02-10T02:18:35.033+0000] {processor.py:153} INFO - Started process (PID=3010) to work on /home/airflow/.local/lib/python3.7/site-packages/airflow/example_dags/example_task_group_decorator.py
[2023-02-10T02:18:35.045+0000] {processor.py:743} INFO - Processing file /home/airflow/.local/lib/python3.7/site-packages/airflow/example_dags/example_task_group_decorator.py for tasks to queue
[2023-02-10T02:18:35.054+0000] {logging_mixin.py:137} INFO - [2023-02-10T02:18:35.053+0000] {dagbag.py:538} INFO - Filling up the DagBag from /home/airflow/.local/lib/python3.7/site-packages/airflow/example_dags/example_task_group_decorator.py
[2023-02-10T02:18:35.478+0000] {processor.py:753} INFO - DAG(s) dict_keys(['example_task_group_decorator']) retrieved from /home/airflow/.local/lib/python3.7/site-packages/airflow/example_dags/example_task_group_decorator.py
[2023-02-10T02:18:35.715+0000] {logging_mixin.py:137} INFO - [2023-02-10T02:18:35.715+0000] {dag.py:2690} INFO - Sync 1 DAGs
[2023-02-10T02:18:35.808+0000] {logging_mixin.py:137} INFO - [2023-02-10T02:18:35.808+0000] {dag.py:3441} INFO - Setting next_dagrun for example_task_group_decorator to 2023-02-09T02:18:35.807823+00:00, run_after=2023-02-10T02:18:35.807823+00:00
[2023-02-10T02:18:35.899+0000] {processor.py:175} INFO - Processing /home/airflow/.local/lib/python3.7/site-packages/airflow/example_dags/example_task_group_decorator.py took 0.882 seconds
[2023-02-10T02:19:35.773+0000] {processor.py:153} INFO - Started process (PID=76) to work on /home/airflow/.local/lib/python3.7/site-packages/airflow/example_dags/example_task_group_decorator.py
[2023-02-10T02:19:35.778+0000] {processor.py:743} INFO - Processing file /home/airflow/.local/lib/python3.7/site-packages/airflow/example_dags/example_task_group_decorator.py for tasks to queue
[2023-02-10T02:19:35.784+0000] {logging_mixin.py:137} INFO - [2023-02-10T02:19:35.783+0000] {dagbag.py:538} INFO - Filling up the DagBag from /home/airflow/.local/lib/python3.7/site-packages/airflow/example_dags/example_task_group_decorator.py
[2023-02-10T02:19:35.874+0000] {processor.py:753} INFO - DAG(s) dict_keys(['example_task_group_decorator']) retrieved from /home/airflow/.local/lib/python3.7/site-packages/airflow/example_dags/example_task_group_decorator.py
[2023-02-10T02:19:35.980+0000] {logging_mixin.py:137} INFO - [2023-02-10T02:19:35.980+0000] {dag.py:2690} INFO - Sync 1 DAGs
[2023-02-10T02:19:36.100+0000] {logging_mixin.py:137} INFO - [2023-02-10T02:19:36.100+0000] {dag.py:3441} INFO - Setting next_dagrun for example_task_group_decorator to 2023-02-09T02:19:36.099704+00:00, run_after=2023-02-10T02:19:36.099704+00:00
[2023-02-10T02:19:36.166+0000] {processor.py:175} INFO - Processing /home/airflow/.local/lib/python3.7/site-packages/airflow/example_dags/example_task_group_decorator.py took 0.404 seconds
[2023-02-10T02:20:09.784+0000] {processor.py:153} INFO - Started process (PID=134) to work on /home/airflow/.local/lib/python3.7/site-packages/airflow/example_dags/example_task_group_decorator.py
[2023-02-10T02:20:09.792+0000] {processor.py:743} INFO - Processing file /home/airflow/.local/lib/python3.7/site-packages/airflow/example_dags/example_task_group_decorator.py for tasks to queue
[2023-02-10T02:20:09.801+0000] {logging_mixin.py:137} INFO - [2023-02-10T02:20:09.799+0000] {dagbag.py:538} INFO - Filling up the DagBag from /home/airflow/.local/lib/python3.7/site-packages/airflow/example_dags/example_task_group_decorator.py
[2023-02-10T02:20:10.039+0000] {processor.py:753} INFO - DAG(s) dict_keys(['example_task_group_decorator']) retrieved from /home/airflow/.local/lib/python3.7/site-packages/airflow/example_dags/example_task_group_decorator.py
[2023-02-10T02:20:10.402+0000] {logging_mixin.py:137} INFO - [2023-02-10T02:20:10.401+0000] {dag.py:2690} INFO - Sync 1 DAGs
[2023-02-10T02:20:10.677+0000] {logging_mixin.py:137} INFO - [2023-02-10T02:20:10.676+0000] {dag.py:3441} INFO - Setting next_dagrun for example_task_group_decorator to 2023-02-09T02:20:10.676128+00:00, run_after=2023-02-10T02:20:10.676128+00:00
[2023-02-10T02:20:10.892+0000] {processor.py:175} INFO - Processing /home/airflow/.local/lib/python3.7/site-packages/airflow/example_dags/example_task_group_decorator.py took 1.140 seconds
[2023-02-10T02:21:18.852+0000] {processor.py:153} INFO - Started process (PID=200) to work on /home/airflow/.local/lib/python3.7/site-packages/airflow/example_dags/example_task_group_decorator.py
[2023-02-10T02:21:18.868+0000] {processor.py:743} INFO - Processing file /home/airflow/.local/lib/python3.7/site-packages/airflow/example_dags/example_task_group_decorator.py for tasks to queue
[2023-02-10T02:21:18.886+0000] {logging_mixin.py:137} INFO - [2023-02-10T02:21:18.886+0000] {dagbag.py:538} INFO - Filling up the DagBag from /home/airflow/.local/lib/python3.7/site-packages/airflow/example_dags/example_task_group_decorator.py
[2023-02-10T02:21:20.164+0000] {processor.py:753} INFO - DAG(s) dict_keys(['example_task_group_decorator']) retrieved from /home/airflow/.local/lib/python3.7/site-packages/airflow/example_dags/example_task_group_decorator.py
[2023-02-10T02:21:21.202+0000] {logging_mixin.py:137} INFO - [2023-02-10T02:21:21.194+0000] {dag.py:2690} INFO - Sync 1 DAGs
[2023-02-10T02:21:22.978+0000] {logging_mixin.py:137} INFO - [2023-02-10T02:21:22.978+0000] {dag.py:3441} INFO - Setting next_dagrun for example_task_group_decorator to 2023-02-09T02:21:22.971409+00:00, run_after=2023-02-10T02:21:22.971409+00:00
[2023-02-10T02:21:23.571+0000] {processor.py:175} INFO - Processing /home/airflow/.local/lib/python3.7/site-packages/airflow/example_dags/example_task_group_decorator.py took 4.772 seconds
[2023-02-10T02:21:56.800+0000] {processor.py:153} INFO - Started process (PID=258) to work on /home/airflow/.local/lib/python3.7/site-packages/airflow/example_dags/example_task_group_decorator.py
[2023-02-10T02:21:56.811+0000] {processor.py:743} INFO - Processing file /home/airflow/.local/lib/python3.7/site-packages/airflow/example_dags/example_task_group_decorator.py for tasks to queue
[2023-02-10T02:21:56.819+0000] {logging_mixin.py:137} INFO - [2023-02-10T02:21:56.818+0000] {dagbag.py:538} INFO - Filling up the DagBag from /home/airflow/.local/lib/python3.7/site-packages/airflow/example_dags/example_task_group_decorator.py
[2023-02-10T02:21:57.295+0000] {processor.py:753} INFO - DAG(s) dict_keys(['example_task_group_decorator']) retrieved from /home/airflow/.local/lib/python3.7/site-packages/airflow/example_dags/example_task_group_decorator.py
[2023-02-10T02:21:57.868+0000] {logging_mixin.py:137} INFO - [2023-02-10T02:21:57.867+0000] {dag.py:2690} INFO - Sync 1 DAGs
[2023-02-10T02:21:58.309+0000] {logging_mixin.py:137} INFO - [2023-02-10T02:21:58.309+0000] {dag.py:3441} INFO - Setting next_dagrun for example_task_group_decorator to 2023-02-09T02:21:58.308808+00:00, run_after=2023-02-10T02:21:58.308808+00:00
[2023-02-10T02:21:58.639+0000] {processor.py:175} INFO - Processing /home/airflow/.local/lib/python3.7/site-packages/airflow/example_dags/example_task_group_decorator.py took 1.876 seconds
[2023-02-10T02:22:32.679+0000] {processor.py:153} INFO - Started process (PID=315) to work on /home/airflow/.local/lib/python3.7/site-packages/airflow/example_dags/example_task_group_decorator.py
[2023-02-10T02:22:32.694+0000] {processor.py:743} INFO - Processing file /home/airflow/.local/lib/python3.7/site-packages/airflow/example_dags/example_task_group_decorator.py for tasks to queue
[2023-02-10T02:22:32.702+0000] {logging_mixin.py:137} INFO - [2023-02-10T02:22:32.702+0000] {dagbag.py:538} INFO - Filling up the DagBag from /home/airflow/.local/lib/python3.7/site-packages/airflow/example_dags/example_task_group_decorator.py
[2023-02-10T02:22:33.036+0000] {processor.py:753} INFO - DAG(s) dict_keys(['example_task_group_decorator']) retrieved from /home/airflow/.local/lib/python3.7/site-packages/airflow/example_dags/example_task_group_decorator.py
[2023-02-10T02:22:33.107+0000] {logging_mixin.py:137} INFO - [2023-02-10T02:22:33.107+0000] {dag.py:2690} INFO - Sync 1 DAGs
[2023-02-10T02:22:33.291+0000] {logging_mixin.py:137} INFO - [2023-02-10T02:22:33.291+0000] {dag.py:3441} INFO - Setting next_dagrun for example_task_group_decorator to 2023-02-09T02:22:33.290569+00:00, run_after=2023-02-10T02:22:33.290569+00:00
[2023-02-10T02:22:33.396+0000] {processor.py:175} INFO - Processing /home/airflow/.local/lib/python3.7/site-packages/airflow/example_dags/example_task_group_decorator.py took 0.731 seconds
[2023-02-10T02:23:17.685+0000] {processor.py:153} INFO - Started process (PID=367) to work on /home/airflow/.local/lib/python3.7/site-packages/airflow/example_dags/example_task_group_decorator.py
[2023-02-10T02:23:17.707+0000] {processor.py:743} INFO - Processing file /home/airflow/.local/lib/python3.7/site-packages/airflow/example_dags/example_task_group_decorator.py for tasks to queue
[2023-02-10T02:23:17.720+0000] {logging_mixin.py:137} INFO - [2023-02-10T02:23:17.719+0000] {dagbag.py:538} INFO - Filling up the DagBag from /home/airflow/.local/lib/python3.7/site-packages/airflow/example_dags/example_task_group_decorator.py
[2023-02-10T02:23:18.030+0000] {processor.py:753} INFO - DAG(s) dict_keys(['example_task_group_decorator']) retrieved from /home/airflow/.local/lib/python3.7/site-packages/airflow/example_dags/example_task_group_decorator.py
[2023-02-10T02:23:18.238+0000] {logging_mixin.py:137} INFO - [2023-02-10T02:23:18.238+0000] {dag.py:2690} INFO - Sync 1 DAGs
[2023-02-10T02:23:18.404+0000] {logging_mixin.py:137} INFO - [2023-02-10T02:23:18.404+0000] {dag.py:3441} INFO - Setting next_dagrun for example_task_group_decorator to 2023-02-09T02:23:18.403664+00:00, run_after=2023-02-10T02:23:18.403664+00:00
[2023-02-10T02:23:18.545+0000] {processor.py:175} INFO - Processing /home/airflow/.local/lib/python3.7/site-packages/airflow/example_dags/example_task_group_decorator.py took 0.876 seconds
[2023-02-10T02:23:48.851+0000] {processor.py:153} INFO - Started process (PID=424) to work on /home/airflow/.local/lib/python3.7/site-packages/airflow/example_dags/example_task_group_decorator.py
[2023-02-10T02:23:48.857+0000] {processor.py:743} INFO - Processing file /home/airflow/.local/lib/python3.7/site-packages/airflow/example_dags/example_task_group_decorator.py for tasks to queue
[2023-02-10T02:23:48.863+0000] {logging_mixin.py:137} INFO - [2023-02-10T02:23:48.862+0000] {dagbag.py:538} INFO - Filling up the DagBag from /home/airflow/.local/lib/python3.7/site-packages/airflow/example_dags/example_task_group_decorator.py
[2023-02-10T02:23:48.944+0000] {processor.py:753} INFO - DAG(s) dict_keys(['example_task_group_decorator']) retrieved from /home/airflow/.local/lib/python3.7/site-packages/airflow/example_dags/example_task_group_decorator.py
[2023-02-10T02:23:49.015+0000] {logging_mixin.py:137} INFO - [2023-02-10T02:23:49.015+0000] {dag.py:2690} INFO - Sync 1 DAGs
[2023-02-10T02:23:49.074+0000] {logging_mixin.py:137} INFO - [2023-02-10T02:23:49.073+0000] {dag.py:3441} INFO - Setting next_dagrun for example_task_group_decorator to 2023-02-09T02:23:49.073454+00:00, run_after=2023-02-10T02:23:49.073454+00:00
[2023-02-10T02:23:49.121+0000] {processor.py:175} INFO - Processing /home/airflow/.local/lib/python3.7/site-packages/airflow/example_dags/example_task_group_decorator.py took 0.283 seconds
[2023-02-10T02:24:21.259+0000] {processor.py:153} INFO - Started process (PID=480) to work on /home/airflow/.local/lib/python3.7/site-packages/airflow/example_dags/example_task_group_decorator.py
[2023-02-10T02:24:21.265+0000] {processor.py:743} INFO - Processing file /home/airflow/.local/lib/python3.7/site-packages/airflow/example_dags/example_task_group_decorator.py for tasks to queue
[2023-02-10T02:24:21.278+0000] {logging_mixin.py:137} INFO - [2023-02-10T02:24:21.277+0000] {dagbag.py:538} INFO - Filling up the DagBag from /home/airflow/.local/lib/python3.7/site-packages/airflow/example_dags/example_task_group_decorator.py
[2023-02-10T02:24:21.559+0000] {processor.py:753} INFO - DAG(s) dict_keys(['example_task_group_decorator']) retrieved from /home/airflow/.local/lib/python3.7/site-packages/airflow/example_dags/example_task_group_decorator.py
[2023-02-10T02:24:21.779+0000] {logging_mixin.py:137} INFO - [2023-02-10T02:24:21.778+0000] {dag.py:2690} INFO - Sync 1 DAGs
[2023-02-10T02:24:21.952+0000] {logging_mixin.py:137} INFO - [2023-02-10T02:24:21.952+0000] {dag.py:3441} INFO - Setting next_dagrun for example_task_group_decorator to 2023-02-09T02:24:21.951672+00:00, run_after=2023-02-10T02:24:21.951672+00:00
[2023-02-10T02:24:22.090+0000] {processor.py:175} INFO - Processing /home/airflow/.local/lib/python3.7/site-packages/airflow/example_dags/example_task_group_decorator.py took 0.873 seconds
[2023-02-10T02:24:55.292+0000] {processor.py:153} INFO - Started process (PID=532) to work on /home/airflow/.local/lib/python3.7/site-packages/airflow/example_dags/example_task_group_decorator.py
[2023-02-10T02:24:55.308+0000] {processor.py:743} INFO - Processing file /home/airflow/.local/lib/python3.7/site-packages/airflow/example_dags/example_task_group_decorator.py for tasks to queue
[2023-02-10T02:24:55.346+0000] {logging_mixin.py:137} INFO - [2023-02-10T02:24:55.346+0000] {dagbag.py:538} INFO - Filling up the DagBag from /home/airflow/.local/lib/python3.7/site-packages/airflow/example_dags/example_task_group_decorator.py
[2023-02-10T02:24:55.935+0000] {processor.py:753} INFO - DAG(s) dict_keys(['example_task_group_decorator']) retrieved from /home/airflow/.local/lib/python3.7/site-packages/airflow/example_dags/example_task_group_decorator.py
[2023-02-10T02:24:56.750+0000] {logging_mixin.py:137} INFO - [2023-02-10T02:24:56.743+0000] {dag.py:2690} INFO - Sync 1 DAGs
[2023-02-10T02:24:57.019+0000] {logging_mixin.py:137} INFO - [2023-02-10T02:24:57.019+0000] {dag.py:3441} INFO - Setting next_dagrun for example_task_group_decorator to 2023-02-09T02:24:57.018623+00:00, run_after=2023-02-10T02:24:57.018623+00:00
[2023-02-10T02:24:57.398+0000] {processor.py:175} INFO - Processing /home/airflow/.local/lib/python3.7/site-packages/airflow/example_dags/example_task_group_decorator.py took 2.131 seconds
[2023-02-10T02:25:29.568+0000] {processor.py:153} INFO - Started process (PID=590) to work on /home/airflow/.local/lib/python3.7/site-packages/airflow/example_dags/example_task_group_decorator.py
[2023-02-10T02:25:29.605+0000] {processor.py:743} INFO - Processing file /home/airflow/.local/lib/python3.7/site-packages/airflow/example_dags/example_task_group_decorator.py for tasks to queue
[2023-02-10T02:25:29.689+0000] {logging_mixin.py:137} INFO - [2023-02-10T02:25:29.689+0000] {dagbag.py:538} INFO - Filling up the DagBag from /home/airflow/.local/lib/python3.7/site-packages/airflow/example_dags/example_task_group_decorator.py
[2023-02-10T02:25:30.089+0000] {processor.py:753} INFO - DAG(s) dict_keys(['example_task_group_decorator']) retrieved from /home/airflow/.local/lib/python3.7/site-packages/airflow/example_dags/example_task_group_decorator.py
[2023-02-10T02:25:30.592+0000] {logging_mixin.py:137} INFO - [2023-02-10T02:25:30.591+0000] {dag.py:2690} INFO - Sync 1 DAGs
[2023-02-10T02:25:30.824+0000] {logging_mixin.py:137} INFO - [2023-02-10T02:25:30.824+0000] {dag.py:3441} INFO - Setting next_dagrun for example_task_group_decorator to 2023-02-09T02:25:30.823879+00:00, run_after=2023-02-10T02:25:30.823879+00:00
[2023-02-10T02:25:31.110+0000] {processor.py:175} INFO - Processing /home/airflow/.local/lib/python3.7/site-packages/airflow/example_dags/example_task_group_decorator.py took 1.650 seconds
[2023-02-10T02:26:01.582+0000] {processor.py:153} INFO - Started process (PID=649) to work on /home/airflow/.local/lib/python3.7/site-packages/airflow/example_dags/example_task_group_decorator.py
[2023-02-10T02:26:01.590+0000] {processor.py:743} INFO - Processing file /home/airflow/.local/lib/python3.7/site-packages/airflow/example_dags/example_task_group_decorator.py for tasks to queue
[2023-02-10T02:26:01.606+0000] {logging_mixin.py:137} INFO - [2023-02-10T02:26:01.605+0000] {dagbag.py:538} INFO - Filling up the DagBag from /home/airflow/.local/lib/python3.7/site-packages/airflow/example_dags/example_task_group_decorator.py
[2023-02-10T02:26:01.706+0000] {processor.py:753} INFO - DAG(s) dict_keys(['example_task_group_decorator']) retrieved from /home/airflow/.local/lib/python3.7/site-packages/airflow/example_dags/example_task_group_decorator.py
[2023-02-10T02:26:01.798+0000] {logging_mixin.py:137} INFO - [2023-02-10T02:26:01.798+0000] {dag.py:2690} INFO - Sync 1 DAGs
[2023-02-10T02:26:01.889+0000] {logging_mixin.py:137} INFO - [2023-02-10T02:26:01.889+0000] {dag.py:3441} INFO - Setting next_dagrun for example_task_group_decorator to 2023-02-09T02:26:01.888887+00:00, run_after=2023-02-10T02:26:01.888887+00:00
[2023-02-10T02:26:02.023+0000] {processor.py:175} INFO - Processing /home/airflow/.local/lib/python3.7/site-packages/airflow/example_dags/example_task_group_decorator.py took 0.455 seconds
[2023-02-10T02:26:32.248+0000] {processor.py:153} INFO - Started process (PID=699) to work on /home/airflow/.local/lib/python3.7/site-packages/airflow/example_dags/example_task_group_decorator.py
[2023-02-10T02:26:32.253+0000] {processor.py:743} INFO - Processing file /home/airflow/.local/lib/python3.7/site-packages/airflow/example_dags/example_task_group_decorator.py for tasks to queue
[2023-02-10T02:26:32.263+0000] {logging_mixin.py:137} INFO - [2023-02-10T02:26:32.262+0000] {dagbag.py:538} INFO - Filling up the DagBag from /home/airflow/.local/lib/python3.7/site-packages/airflow/example_dags/example_task_group_decorator.py
[2023-02-10T02:26:32.423+0000] {processor.py:753} INFO - DAG(s) dict_keys(['example_task_group_decorator']) retrieved from /home/airflow/.local/lib/python3.7/site-packages/airflow/example_dags/example_task_group_decorator.py
[2023-02-10T02:26:32.662+0000] {logging_mixin.py:137} INFO - [2023-02-10T02:26:32.662+0000] {dag.py:2690} INFO - Sync 1 DAGs
[2023-02-10T02:26:32.999+0000] {logging_mixin.py:137} INFO - [2023-02-10T02:26:32.999+0000] {dag.py:3441} INFO - Setting next_dagrun for example_task_group_decorator to 2023-02-09T02:26:32.999037+00:00, run_after=2023-02-10T02:26:32.999037+00:00
[2023-02-10T02:26:33.168+0000] {processor.py:175} INFO - Processing /home/airflow/.local/lib/python3.7/site-packages/airflow/example_dags/example_task_group_decorator.py took 0.947 seconds
[2023-02-10T02:27:03.477+0000] {processor.py:153} INFO - Started process (PID=755) to work on /home/airflow/.local/lib/python3.7/site-packages/airflow/example_dags/example_task_group_decorator.py
[2023-02-10T02:27:03.484+0000] {processor.py:743} INFO - Processing file /home/airflow/.local/lib/python3.7/site-packages/airflow/example_dags/example_task_group_decorator.py for tasks to queue
[2023-02-10T02:27:03.488+0000] {logging_mixin.py:137} INFO - [2023-02-10T02:27:03.488+0000] {dagbag.py:538} INFO - Filling up the DagBag from /home/airflow/.local/lib/python3.7/site-packages/airflow/example_dags/example_task_group_decorator.py
[2023-02-10T02:27:03.572+0000] {processor.py:753} INFO - DAG(s) dict_keys(['example_task_group_decorator']) retrieved from /home/airflow/.local/lib/python3.7/site-packages/airflow/example_dags/example_task_group_decorator.py
[2023-02-10T02:27:03.668+0000] {logging_mixin.py:137} INFO - [2023-02-10T02:27:03.668+0000] {dag.py:2690} INFO - Sync 1 DAGs
[2023-02-10T02:27:03.768+0000] {logging_mixin.py:137} INFO - [2023-02-10T02:27:03.768+0000] {dag.py:3441} INFO - Setting next_dagrun for example_task_group_decorator to 2023-02-09T02:27:03.767743+00:00, run_after=2023-02-10T02:27:03.767743+00:00
[2023-02-10T02:27:03.872+0000] {processor.py:175} INFO - Processing /home/airflow/.local/lib/python3.7/site-packages/airflow/example_dags/example_task_group_decorator.py took 0.401 seconds
[2023-02-10T02:27:35.048+0000] {processor.py:153} INFO - Started process (PID=805) to work on /home/airflow/.local/lib/python3.7/site-packages/airflow/example_dags/example_task_group_decorator.py
[2023-02-10T02:27:35.056+0000] {processor.py:743} INFO - Processing file /home/airflow/.local/lib/python3.7/site-packages/airflow/example_dags/example_task_group_decorator.py for tasks to queue
[2023-02-10T02:27:35.063+0000] {logging_mixin.py:137} INFO - [2023-02-10T02:27:35.062+0000] {dagbag.py:538} INFO - Filling up the DagBag from /home/airflow/.local/lib/python3.7/site-packages/airflow/example_dags/example_task_group_decorator.py
[2023-02-10T02:27:35.401+0000] {processor.py:753} INFO - DAG(s) dict_keys(['example_task_group_decorator']) retrieved from /home/airflow/.local/lib/python3.7/site-packages/airflow/example_dags/example_task_group_decorator.py
[2023-02-10T02:27:35.651+0000] {logging_mixin.py:137} INFO - [2023-02-10T02:27:35.650+0000] {dag.py:2690} INFO - Sync 1 DAGs
[2023-02-10T02:27:35.816+0000] {logging_mixin.py:137} INFO - [2023-02-10T02:27:35.816+0000] {dag.py:3441} INFO - Setting next_dagrun for example_task_group_decorator to 2023-02-09T02:27:35.815382+00:00, run_after=2023-02-10T02:27:35.815382+00:00
[2023-02-10T02:27:35.945+0000] {processor.py:175} INFO - Processing /home/airflow/.local/lib/python3.7/site-packages/airflow/example_dags/example_task_group_decorator.py took 0.922 seconds
[2023-02-10T02:28:09.643+0000] {processor.py:153} INFO - Started process (PID=865) to work on /home/airflow/.local/lib/python3.7/site-packages/airflow/example_dags/example_task_group_decorator.py
[2023-02-10T02:28:09.654+0000] {processor.py:743} INFO - Processing file /home/airflow/.local/lib/python3.7/site-packages/airflow/example_dags/example_task_group_decorator.py for tasks to queue
[2023-02-10T02:28:09.658+0000] {logging_mixin.py:137} INFO - [2023-02-10T02:28:09.657+0000] {dagbag.py:538} INFO - Filling up the DagBag from /home/airflow/.local/lib/python3.7/site-packages/airflow/example_dags/example_task_group_decorator.py
[2023-02-10T02:28:10.173+0000] {processor.py:753} INFO - DAG(s) dict_keys(['example_task_group_decorator']) retrieved from /home/airflow/.local/lib/python3.7/site-packages/airflow/example_dags/example_task_group_decorator.py
[2023-02-10T02:28:11.674+0000] {logging_mixin.py:137} INFO - [2023-02-10T02:28:11.674+0000] {dag.py:2690} INFO - Sync 1 DAGs
[2023-02-10T02:28:12.196+0000] {logging_mixin.py:137} INFO - [2023-02-10T02:28:12.195+0000] {dag.py:3441} INFO - Setting next_dagrun for example_task_group_decorator to 2023-02-09T02:28:12.195106+00:00, run_after=2023-02-10T02:28:12.195106+00:00
[2023-02-10T02:28:12.601+0000] {processor.py:175} INFO - Processing /home/airflow/.local/lib/python3.7/site-packages/airflow/example_dags/example_task_group_decorator.py took 2.990 seconds
[2023-02-10T02:28:49.679+0000] {processor.py:153} INFO - Started process (PID=925) to work on /home/airflow/.local/lib/python3.7/site-packages/airflow/example_dags/example_task_group_decorator.py
[2023-02-10T02:28:49.720+0000] {processor.py:743} INFO - Processing file /home/airflow/.local/lib/python3.7/site-packages/airflow/example_dags/example_task_group_decorator.py for tasks to queue
[2023-02-10T02:28:49.730+0000] {logging_mixin.py:137} INFO - [2023-02-10T02:28:49.729+0000] {dagbag.py:538} INFO - Filling up the DagBag from /home/airflow/.local/lib/python3.7/site-packages/airflow/example_dags/example_task_group_decorator.py
[2023-02-10T02:28:50.470+0000] {processor.py:753} INFO - DAG(s) dict_keys(['example_task_group_decorator']) retrieved from /home/airflow/.local/lib/python3.7/site-packages/airflow/example_dags/example_task_group_decorator.py
[2023-02-10T02:28:50.771+0000] {logging_mixin.py:137} INFO - [2023-02-10T02:28:50.771+0000] {dag.py:2690} INFO - Sync 1 DAGs
[2023-02-10T02:28:51.230+0000] {logging_mixin.py:137} INFO - [2023-02-10T02:28:51.221+0000] {dag.py:3441} INFO - Setting next_dagrun for example_task_group_decorator to 2023-02-09T02:28:51.220552+00:00, run_after=2023-02-10T02:28:51.220552+00:00
[2023-02-10T02:28:51.724+0000] {processor.py:175} INFO - Processing /home/airflow/.local/lib/python3.7/site-packages/airflow/example_dags/example_task_group_decorator.py took 2.084 seconds
