[2023-02-10T01:52:17.253+0000] {processor.py:153} INFO - Started process (PID=339) to work on /home/airflow/.local/lib/python3.7/site-packages/airflow/example_dags/example_dynamic_task_mapping.py
[2023-02-10T01:52:17.272+0000] {processor.py:743} INFO - Processing file /home/airflow/.local/lib/python3.7/site-packages/airflow/example_dags/example_dynamic_task_mapping.py for tasks to queue
[2023-02-10T01:52:17.284+0000] {logging_mixin.py:137} INFO - [2023-02-10T01:52:17.282+0000] {dagbag.py:538} INFO - Filling up the DagBag from /home/airflow/.local/lib/python3.7/site-packages/airflow/example_dags/example_dynamic_task_mapping.py
[2023-02-10T01:52:17.477+0000] {processor.py:753} INFO - DAG(s) dict_keys(['example_dynamic_task_mapping']) retrieved from /home/airflow/.local/lib/python3.7/site-packages/airflow/example_dags/example_dynamic_task_mapping.py
[2023-02-10T01:52:17.751+0000] {logging_mixin.py:137} INFO - [2023-02-10T01:52:17.751+0000] {dag.py:2690} INFO - Sync 1 DAGs
[2023-02-10T01:52:18.058+0000] {logging_mixin.py:137} INFO - [2023-02-10T01:52:18.058+0000] {dag.py:3441} INFO - Setting next_dagrun for example_dynamic_task_mapping to 2022-03-04T00:00:00+00:00, run_after=2022-03-05T00:00:00+00:00
[2023-02-10T01:52:18.185+0000] {processor.py:175} INFO - Processing /home/airflow/.local/lib/python3.7/site-packages/airflow/example_dags/example_dynamic_task_mapping.py took 0.969 seconds
[2023-02-10T01:52:48.587+0000] {processor.py:153} INFO - Started process (PID=397) to work on /home/airflow/.local/lib/python3.7/site-packages/airflow/example_dags/example_dynamic_task_mapping.py
[2023-02-10T01:52:48.601+0000] {processor.py:743} INFO - Processing file /home/airflow/.local/lib/python3.7/site-packages/airflow/example_dags/example_dynamic_task_mapping.py for tasks to queue
[2023-02-10T01:52:48.620+0000] {logging_mixin.py:137} INFO - [2023-02-10T01:52:48.617+0000] {dagbag.py:538} INFO - Filling up the DagBag from /home/airflow/.local/lib/python3.7/site-packages/airflow/example_dags/example_dynamic_task_mapping.py
[2023-02-10T01:52:48.951+0000] {processor.py:753} INFO - DAG(s) dict_keys(['example_dynamic_task_mapping']) retrieved from /home/airflow/.local/lib/python3.7/site-packages/airflow/example_dags/example_dynamic_task_mapping.py
[2023-02-10T01:52:49.218+0000] {logging_mixin.py:137} INFO - [2023-02-10T01:52:49.218+0000] {dag.py:2690} INFO - Sync 1 DAGs
[2023-02-10T01:52:49.507+0000] {logging_mixin.py:137} INFO - [2023-02-10T01:52:49.507+0000] {dag.py:3441} INFO - Setting next_dagrun for example_dynamic_task_mapping to 2022-03-04T00:00:00+00:00, run_after=2022-03-05T00:00:00+00:00
[2023-02-10T01:52:49.691+0000] {processor.py:175} INFO - Processing /home/airflow/.local/lib/python3.7/site-packages/airflow/example_dags/example_dynamic_task_mapping.py took 1.168 seconds
[2023-02-10T01:53:20.205+0000] {processor.py:153} INFO - Started process (PID=446) to work on /home/airflow/.local/lib/python3.7/site-packages/airflow/example_dags/example_dynamic_task_mapping.py
[2023-02-10T01:53:20.212+0000] {processor.py:743} INFO - Processing file /home/airflow/.local/lib/python3.7/site-packages/airflow/example_dags/example_dynamic_task_mapping.py for tasks to queue
[2023-02-10T01:53:20.223+0000] {logging_mixin.py:137} INFO - [2023-02-10T01:53:20.223+0000] {dagbag.py:538} INFO - Filling up the DagBag from /home/airflow/.local/lib/python3.7/site-packages/airflow/example_dags/example_dynamic_task_mapping.py
[2023-02-10T01:53:20.280+0000] {processor.py:753} INFO - DAG(s) dict_keys(['example_dynamic_task_mapping']) retrieved from /home/airflow/.local/lib/python3.7/site-packages/airflow/example_dags/example_dynamic_task_mapping.py
[2023-02-10T01:53:20.353+0000] {logging_mixin.py:137} INFO - [2023-02-10T01:53:20.352+0000] {dag.py:2690} INFO - Sync 1 DAGs
[2023-02-10T01:53:20.420+0000] {logging_mixin.py:137} INFO - [2023-02-10T01:53:20.420+0000] {dag.py:3441} INFO - Setting next_dagrun for example_dynamic_task_mapping to 2022-03-04T00:00:00+00:00, run_after=2022-03-05T00:00:00+00:00
[2023-02-10T01:53:20.464+0000] {processor.py:175} INFO - Processing /home/airflow/.local/lib/python3.7/site-packages/airflow/example_dags/example_dynamic_task_mapping.py took 0.297 seconds
[2023-02-10T01:53:52.417+0000] {processor.py:153} INFO - Started process (PID=505) to work on /home/airflow/.local/lib/python3.7/site-packages/airflow/example_dags/example_dynamic_task_mapping.py
[2023-02-10T01:53:52.442+0000] {processor.py:743} INFO - Processing file /home/airflow/.local/lib/python3.7/site-packages/airflow/example_dags/example_dynamic_task_mapping.py for tasks to queue
[2023-02-10T01:53:52.455+0000] {logging_mixin.py:137} INFO - [2023-02-10T01:53:52.454+0000] {dagbag.py:538} INFO - Filling up the DagBag from /home/airflow/.local/lib/python3.7/site-packages/airflow/example_dags/example_dynamic_task_mapping.py
[2023-02-10T01:53:52.717+0000] {processor.py:753} INFO - DAG(s) dict_keys(['example_dynamic_task_mapping']) retrieved from /home/airflow/.local/lib/python3.7/site-packages/airflow/example_dags/example_dynamic_task_mapping.py
[2023-02-10T01:53:52.866+0000] {logging_mixin.py:137} INFO - [2023-02-10T01:53:52.866+0000] {dag.py:2690} INFO - Sync 1 DAGs
[2023-02-10T01:53:53.062+0000] {logging_mixin.py:137} INFO - [2023-02-10T01:53:53.062+0000] {dag.py:3441} INFO - Setting next_dagrun for example_dynamic_task_mapping to 2022-03-04T00:00:00+00:00, run_after=2022-03-05T00:00:00+00:00
[2023-02-10T01:53:53.167+0000] {processor.py:175} INFO - Processing /home/airflow/.local/lib/python3.7/site-packages/airflow/example_dags/example_dynamic_task_mapping.py took 0.786 seconds
[2023-02-10T01:54:23.726+0000] {processor.py:153} INFO - Started process (PID=564) to work on /home/airflow/.local/lib/python3.7/site-packages/airflow/example_dags/example_dynamic_task_mapping.py
[2023-02-10T01:54:23.738+0000] {processor.py:743} INFO - Processing file /home/airflow/.local/lib/python3.7/site-packages/airflow/example_dags/example_dynamic_task_mapping.py for tasks to queue
[2023-02-10T01:54:23.746+0000] {logging_mixin.py:137} INFO - [2023-02-10T01:54:23.745+0000] {dagbag.py:538} INFO - Filling up the DagBag from /home/airflow/.local/lib/python3.7/site-packages/airflow/example_dags/example_dynamic_task_mapping.py
[2023-02-10T01:54:23.865+0000] {processor.py:753} INFO - DAG(s) dict_keys(['example_dynamic_task_mapping']) retrieved from /home/airflow/.local/lib/python3.7/site-packages/airflow/example_dags/example_dynamic_task_mapping.py
[2023-02-10T01:54:24.035+0000] {logging_mixin.py:137} INFO - [2023-02-10T01:54:24.032+0000] {dag.py:2690} INFO - Sync 1 DAGs
[2023-02-10T01:54:24.286+0000] {logging_mixin.py:137} INFO - [2023-02-10T01:54:24.276+0000] {dag.py:3441} INFO - Setting next_dagrun for example_dynamic_task_mapping to 2022-03-04T00:00:00+00:00, run_after=2022-03-05T00:00:00+00:00
[2023-02-10T01:54:24.450+0000] {processor.py:175} INFO - Processing /home/airflow/.local/lib/python3.7/site-packages/airflow/example_dags/example_dynamic_task_mapping.py took 0.732 seconds
[2023-02-10T01:54:54.584+0000] {processor.py:153} INFO - Started process (PID=614) to work on /home/airflow/.local/lib/python3.7/site-packages/airflow/example_dags/example_dynamic_task_mapping.py
[2023-02-10T01:54:54.589+0000] {processor.py:743} INFO - Processing file /home/airflow/.local/lib/python3.7/site-packages/airflow/example_dags/example_dynamic_task_mapping.py for tasks to queue
[2023-02-10T01:54:54.594+0000] {logging_mixin.py:137} INFO - [2023-02-10T01:54:54.594+0000] {dagbag.py:538} INFO - Filling up the DagBag from /home/airflow/.local/lib/python3.7/site-packages/airflow/example_dags/example_dynamic_task_mapping.py
[2023-02-10T01:54:54.658+0000] {processor.py:753} INFO - DAG(s) dict_keys(['example_dynamic_task_mapping']) retrieved from /home/airflow/.local/lib/python3.7/site-packages/airflow/example_dags/example_dynamic_task_mapping.py
[2023-02-10T01:54:54.716+0000] {logging_mixin.py:137} INFO - [2023-02-10T01:54:54.715+0000] {dag.py:2690} INFO - Sync 1 DAGs
[2023-02-10T01:54:54.780+0000] {logging_mixin.py:137} INFO - [2023-02-10T01:54:54.779+0000] {dag.py:3441} INFO - Setting next_dagrun for example_dynamic_task_mapping to 2022-03-04T00:00:00+00:00, run_after=2022-03-05T00:00:00+00:00
[2023-02-10T01:54:54.875+0000] {processor.py:175} INFO - Processing /home/airflow/.local/lib/python3.7/site-packages/airflow/example_dags/example_dynamic_task_mapping.py took 0.302 seconds
[2023-02-10T01:55:26.068+0000] {processor.py:153} INFO - Started process (PID=672) to work on /home/airflow/.local/lib/python3.7/site-packages/airflow/example_dags/example_dynamic_task_mapping.py
[2023-02-10T01:55:26.077+0000] {processor.py:743} INFO - Processing file /home/airflow/.local/lib/python3.7/site-packages/airflow/example_dags/example_dynamic_task_mapping.py for tasks to queue
[2023-02-10T01:55:26.083+0000] {logging_mixin.py:137} INFO - [2023-02-10T01:55:26.082+0000] {dagbag.py:538} INFO - Filling up the DagBag from /home/airflow/.local/lib/python3.7/site-packages/airflow/example_dags/example_dynamic_task_mapping.py
[2023-02-10T01:55:26.316+0000] {processor.py:753} INFO - DAG(s) dict_keys(['example_dynamic_task_mapping']) retrieved from /home/airflow/.local/lib/python3.7/site-packages/airflow/example_dags/example_dynamic_task_mapping.py
[2023-02-10T01:55:26.449+0000] {logging_mixin.py:137} INFO - [2023-02-10T01:55:26.446+0000] {dag.py:2690} INFO - Sync 1 DAGs
[2023-02-10T01:55:26.572+0000] {logging_mixin.py:137} INFO - [2023-02-10T01:55:26.572+0000] {dag.py:3441} INFO - Setting next_dagrun for example_dynamic_task_mapping to 2022-03-04T00:00:00+00:00, run_after=2022-03-05T00:00:00+00:00
[2023-02-10T01:55:26.648+0000] {processor.py:175} INFO - Processing /home/airflow/.local/lib/python3.7/site-packages/airflow/example_dags/example_dynamic_task_mapping.py took 0.590 seconds
[2023-02-10T01:55:56.970+0000] {processor.py:153} INFO - Started process (PID=730) to work on /home/airflow/.local/lib/python3.7/site-packages/airflow/example_dags/example_dynamic_task_mapping.py
[2023-02-10T01:55:56.975+0000] {processor.py:743} INFO - Processing file /home/airflow/.local/lib/python3.7/site-packages/airflow/example_dags/example_dynamic_task_mapping.py for tasks to queue
[2023-02-10T01:55:56.983+0000] {logging_mixin.py:137} INFO - [2023-02-10T01:55:56.981+0000] {dagbag.py:538} INFO - Filling up the DagBag from /home/airflow/.local/lib/python3.7/site-packages/airflow/example_dags/example_dynamic_task_mapping.py
[2023-02-10T01:55:57.148+0000] {processor.py:753} INFO - DAG(s) dict_keys(['example_dynamic_task_mapping']) retrieved from /home/airflow/.local/lib/python3.7/site-packages/airflow/example_dags/example_dynamic_task_mapping.py
[2023-02-10T01:55:57.264+0000] {logging_mixin.py:137} INFO - [2023-02-10T01:55:57.263+0000] {dag.py:2690} INFO - Sync 1 DAGs
[2023-02-10T01:55:57.387+0000] {logging_mixin.py:137} INFO - [2023-02-10T01:55:57.387+0000] {dag.py:3441} INFO - Setting next_dagrun for example_dynamic_task_mapping to 2022-03-04T00:00:00+00:00, run_after=2022-03-05T00:00:00+00:00
[2023-02-10T01:55:57.491+0000] {processor.py:175} INFO - Processing /home/airflow/.local/lib/python3.7/site-packages/airflow/example_dags/example_dynamic_task_mapping.py took 0.559 seconds
[2023-02-10T01:56:27.977+0000] {processor.py:153} INFO - Started process (PID=788) to work on /home/airflow/.local/lib/python3.7/site-packages/airflow/example_dags/example_dynamic_task_mapping.py
[2023-02-10T01:56:27.982+0000] {processor.py:743} INFO - Processing file /home/airflow/.local/lib/python3.7/site-packages/airflow/example_dags/example_dynamic_task_mapping.py for tasks to queue
[2023-02-10T01:56:27.987+0000] {logging_mixin.py:137} INFO - [2023-02-10T01:56:27.987+0000] {dagbag.py:538} INFO - Filling up the DagBag from /home/airflow/.local/lib/python3.7/site-packages/airflow/example_dags/example_dynamic_task_mapping.py
[2023-02-10T01:56:28.152+0000] {processor.py:753} INFO - DAG(s) dict_keys(['example_dynamic_task_mapping']) retrieved from /home/airflow/.local/lib/python3.7/site-packages/airflow/example_dags/example_dynamic_task_mapping.py
[2023-02-10T01:56:28.280+0000] {logging_mixin.py:137} INFO - [2023-02-10T01:56:28.280+0000] {dag.py:2690} INFO - Sync 1 DAGs
[2023-02-10T01:56:28.453+0000] {logging_mixin.py:137} INFO - [2023-02-10T01:56:28.452+0000] {dag.py:3441} INFO - Setting next_dagrun for example_dynamic_task_mapping to 2022-03-04T00:00:00+00:00, run_after=2022-03-05T00:00:00+00:00
[2023-02-10T01:56:28.597+0000] {processor.py:175} INFO - Processing /home/airflow/.local/lib/python3.7/site-packages/airflow/example_dags/example_dynamic_task_mapping.py took 0.642 seconds
[2023-02-10T01:57:00.046+0000] {processor.py:153} INFO - Started process (PID=839) to work on /home/airflow/.local/lib/python3.7/site-packages/airflow/example_dags/example_dynamic_task_mapping.py
[2023-02-10T01:57:00.058+0000] {processor.py:743} INFO - Processing file /home/airflow/.local/lib/python3.7/site-packages/airflow/example_dags/example_dynamic_task_mapping.py for tasks to queue
[2023-02-10T01:57:00.072+0000] {logging_mixin.py:137} INFO - [2023-02-10T01:57:00.070+0000] {dagbag.py:538} INFO - Filling up the DagBag from /home/airflow/.local/lib/python3.7/site-packages/airflow/example_dags/example_dynamic_task_mapping.py
[2023-02-10T01:57:00.314+0000] {processor.py:753} INFO - DAG(s) dict_keys(['example_dynamic_task_mapping']) retrieved from /home/airflow/.local/lib/python3.7/site-packages/airflow/example_dags/example_dynamic_task_mapping.py
[2023-02-10T01:57:00.451+0000] {logging_mixin.py:137} INFO - [2023-02-10T01:57:00.450+0000] {dag.py:2690} INFO - Sync 1 DAGs
[2023-02-10T01:57:00.585+0000] {logging_mixin.py:137} INFO - [2023-02-10T01:57:00.585+0000] {dag.py:3441} INFO - Setting next_dagrun for example_dynamic_task_mapping to 2022-03-04T00:00:00+00:00, run_after=2022-03-05T00:00:00+00:00
[2023-02-10T01:57:00.639+0000] {processor.py:175} INFO - Processing /home/airflow/.local/lib/python3.7/site-packages/airflow/example_dags/example_dynamic_task_mapping.py took 0.609 seconds
[2023-02-10T01:57:58.986+0000] {processor.py:153} INFO - Started process (PID=912) to work on /home/airflow/.local/lib/python3.7/site-packages/airflow/example_dags/example_dynamic_task_mapping.py
[2023-02-10T01:57:59.033+0000] {processor.py:743} INFO - Processing file /home/airflow/.local/lib/python3.7/site-packages/airflow/example_dags/example_dynamic_task_mapping.py for tasks to queue
[2023-02-10T01:57:59.073+0000] {logging_mixin.py:137} INFO - [2023-02-10T01:57:59.066+0000] {dagbag.py:538} INFO - Filling up the DagBag from /home/airflow/.local/lib/python3.7/site-packages/airflow/example_dags/example_dynamic_task_mapping.py
[2023-02-10T01:57:59.394+0000] {processor.py:753} INFO - DAG(s) dict_keys(['example_dynamic_task_mapping']) retrieved from /home/airflow/.local/lib/python3.7/site-packages/airflow/example_dags/example_dynamic_task_mapping.py
[2023-02-10T01:57:59.817+0000] {logging_mixin.py:137} INFO - [2023-02-10T01:57:59.817+0000] {dag.py:2690} INFO - Sync 1 DAGs
[2023-02-10T01:57:59.987+0000] {logging_mixin.py:137} INFO - [2023-02-10T01:57:59.986+0000] {dag.py:3441} INFO - Setting next_dagrun for example_dynamic_task_mapping to 2022-03-04T00:00:00+00:00, run_after=2022-03-05T00:00:00+00:00
[2023-02-10T01:58:00.152+0000] {processor.py:175} INFO - Processing /home/airflow/.local/lib/python3.7/site-packages/airflow/example_dags/example_dynamic_task_mapping.py took 1.223 seconds
[2023-02-10T01:58:30.665+0000] {processor.py:153} INFO - Started process (PID=970) to work on /home/airflow/.local/lib/python3.7/site-packages/airflow/example_dags/example_dynamic_task_mapping.py
[2023-02-10T01:58:30.685+0000] {processor.py:743} INFO - Processing file /home/airflow/.local/lib/python3.7/site-packages/airflow/example_dags/example_dynamic_task_mapping.py for tasks to queue
[2023-02-10T01:58:30.692+0000] {logging_mixin.py:137} INFO - [2023-02-10T01:58:30.692+0000] {dagbag.py:538} INFO - Filling up the DagBag from /home/airflow/.local/lib/python3.7/site-packages/airflow/example_dags/example_dynamic_task_mapping.py
[2023-02-10T01:58:31.410+0000] {processor.py:753} INFO - DAG(s) dict_keys(['example_dynamic_task_mapping']) retrieved from /home/airflow/.local/lib/python3.7/site-packages/airflow/example_dags/example_dynamic_task_mapping.py
[2023-02-10T01:58:31.908+0000] {logging_mixin.py:137} INFO - [2023-02-10T01:58:31.907+0000] {dag.py:2690} INFO - Sync 1 DAGs
[2023-02-10T01:58:32.377+0000] {logging_mixin.py:137} INFO - [2023-02-10T01:58:32.377+0000] {dag.py:3441} INFO - Setting next_dagrun for example_dynamic_task_mapping to 2022-03-04T00:00:00+00:00, run_after=2022-03-05T00:00:00+00:00
[2023-02-10T01:58:34.038+0000] {processor.py:175} INFO - Processing /home/airflow/.local/lib/python3.7/site-packages/airflow/example_dags/example_dynamic_task_mapping.py took 3.421 seconds
[2023-02-10T01:59:05.380+0000] {processor.py:153} INFO - Started process (PID=1026) to work on /home/airflow/.local/lib/python3.7/site-packages/airflow/example_dags/example_dynamic_task_mapping.py
[2023-02-10T01:59:05.385+0000] {processor.py:743} INFO - Processing file /home/airflow/.local/lib/python3.7/site-packages/airflow/example_dags/example_dynamic_task_mapping.py for tasks to queue
[2023-02-10T01:59:05.396+0000] {logging_mixin.py:137} INFO - [2023-02-10T01:59:05.396+0000] {dagbag.py:538} INFO - Filling up the DagBag from /home/airflow/.local/lib/python3.7/site-packages/airflow/example_dags/example_dynamic_task_mapping.py
[2023-02-10T01:59:05.582+0000] {processor.py:753} INFO - DAG(s) dict_keys(['example_dynamic_task_mapping']) retrieved from /home/airflow/.local/lib/python3.7/site-packages/airflow/example_dags/example_dynamic_task_mapping.py
[2023-02-10T01:59:05.802+0000] {logging_mixin.py:137} INFO - [2023-02-10T01:59:05.801+0000] {dag.py:2690} INFO - Sync 1 DAGs
[2023-02-10T01:59:06.037+0000] {logging_mixin.py:137} INFO - [2023-02-10T01:59:06.036+0000] {dag.py:3441} INFO - Setting next_dagrun for example_dynamic_task_mapping to 2022-03-04T00:00:00+00:00, run_after=2022-03-05T00:00:00+00:00
[2023-02-10T01:59:06.235+0000] {processor.py:175} INFO - Processing /home/airflow/.local/lib/python3.7/site-packages/airflow/example_dags/example_dynamic_task_mapping.py took 0.865 seconds
[2023-02-10T01:59:59.154+0000] {processor.py:153} INFO - Started process (PID=1089) to work on /home/airflow/.local/lib/python3.7/site-packages/airflow/example_dags/example_dynamic_task_mapping.py
[2023-02-10T01:59:59.159+0000] {processor.py:743} INFO - Processing file /home/airflow/.local/lib/python3.7/site-packages/airflow/example_dags/example_dynamic_task_mapping.py for tasks to queue
[2023-02-10T01:59:59.170+0000] {logging_mixin.py:137} INFO - [2023-02-10T01:59:59.168+0000] {dagbag.py:538} INFO - Filling up the DagBag from /home/airflow/.local/lib/python3.7/site-packages/airflow/example_dags/example_dynamic_task_mapping.py
[2023-02-10T01:59:59.400+0000] {processor.py:753} INFO - DAG(s) dict_keys(['example_dynamic_task_mapping']) retrieved from /home/airflow/.local/lib/python3.7/site-packages/airflow/example_dags/example_dynamic_task_mapping.py
[2023-02-10T01:59:59.633+0000] {logging_mixin.py:137} INFO - [2023-02-10T01:59:59.633+0000] {dag.py:2690} INFO - Sync 1 DAGs
[2023-02-10T01:59:59.865+0000] {logging_mixin.py:137} INFO - [2023-02-10T01:59:59.864+0000] {dag.py:3441} INFO - Setting next_dagrun for example_dynamic_task_mapping to 2022-03-04T00:00:00+00:00, run_after=2022-03-05T00:00:00+00:00
[2023-02-10T02:00:00.456+0000] {processor.py:175} INFO - Processing /home/airflow/.local/lib/python3.7/site-packages/airflow/example_dags/example_dynamic_task_mapping.py took 1.333 seconds
[2023-02-10T02:00:31.684+0000] {processor.py:153} INFO - Started process (PID=1146) to work on /home/airflow/.local/lib/python3.7/site-packages/airflow/example_dags/example_dynamic_task_mapping.py
[2023-02-10T02:00:31.688+0000] {processor.py:743} INFO - Processing file /home/airflow/.local/lib/python3.7/site-packages/airflow/example_dags/example_dynamic_task_mapping.py for tasks to queue
[2023-02-10T02:00:31.692+0000] {logging_mixin.py:137} INFO - [2023-02-10T02:00:31.692+0000] {dagbag.py:538} INFO - Filling up the DagBag from /home/airflow/.local/lib/python3.7/site-packages/airflow/example_dags/example_dynamic_task_mapping.py
[2023-02-10T02:00:31.775+0000] {processor.py:753} INFO - DAG(s) dict_keys(['example_dynamic_task_mapping']) retrieved from /home/airflow/.local/lib/python3.7/site-packages/airflow/example_dags/example_dynamic_task_mapping.py
[2023-02-10T02:00:31.869+0000] {logging_mixin.py:137} INFO - [2023-02-10T02:00:31.868+0000] {dag.py:2690} INFO - Sync 1 DAGs
[2023-02-10T02:00:31.993+0000] {logging_mixin.py:137} INFO - [2023-02-10T02:00:31.992+0000] {dag.py:3441} INFO - Setting next_dagrun for example_dynamic_task_mapping to 2022-03-04T00:00:00+00:00, run_after=2022-03-05T00:00:00+00:00
[2023-02-10T02:00:32.177+0000] {processor.py:175} INFO - Processing /home/airflow/.local/lib/python3.7/site-packages/airflow/example_dags/example_dynamic_task_mapping.py took 0.504 seconds
[2023-02-10T02:01:15.337+0000] {processor.py:153} INFO - Started process (PID=1207) to work on /home/airflow/.local/lib/python3.7/site-packages/airflow/example_dags/example_dynamic_task_mapping.py
[2023-02-10T02:01:15.346+0000] {processor.py:743} INFO - Processing file /home/airflow/.local/lib/python3.7/site-packages/airflow/example_dags/example_dynamic_task_mapping.py for tasks to queue
[2023-02-10T02:01:15.352+0000] {logging_mixin.py:137} INFO - [2023-02-10T02:01:15.351+0000] {dagbag.py:538} INFO - Filling up the DagBag from /home/airflow/.local/lib/python3.7/site-packages/airflow/example_dags/example_dynamic_task_mapping.py
[2023-02-10T02:01:15.515+0000] {processor.py:753} INFO - DAG(s) dict_keys(['example_dynamic_task_mapping']) retrieved from /home/airflow/.local/lib/python3.7/site-packages/airflow/example_dags/example_dynamic_task_mapping.py
[2023-02-10T02:01:15.654+0000] {logging_mixin.py:137} INFO - [2023-02-10T02:01:15.654+0000] {dag.py:2690} INFO - Sync 1 DAGs
[2023-02-10T02:01:15.841+0000] {logging_mixin.py:137} INFO - [2023-02-10T02:01:15.837+0000] {dag.py:3441} INFO - Setting next_dagrun for example_dynamic_task_mapping to 2022-03-04T00:00:00+00:00, run_after=2022-03-05T00:00:00+00:00
[2023-02-10T02:01:15.917+0000] {processor.py:175} INFO - Processing /home/airflow/.local/lib/python3.7/site-packages/airflow/example_dags/example_dynamic_task_mapping.py took 0.601 seconds
[2023-02-10T02:01:57.623+0000] {processor.py:153} INFO - Started process (PID=1270) to work on /home/airflow/.local/lib/python3.7/site-packages/airflow/example_dags/example_dynamic_task_mapping.py
[2023-02-10T02:01:57.629+0000] {processor.py:743} INFO - Processing file /home/airflow/.local/lib/python3.7/site-packages/airflow/example_dags/example_dynamic_task_mapping.py for tasks to queue
[2023-02-10T02:01:57.645+0000] {logging_mixin.py:137} INFO - [2023-02-10T02:01:57.643+0000] {dagbag.py:538} INFO - Filling up the DagBag from /home/airflow/.local/lib/python3.7/site-packages/airflow/example_dags/example_dynamic_task_mapping.py
[2023-02-10T02:01:57.797+0000] {processor.py:753} INFO - DAG(s) dict_keys(['example_dynamic_task_mapping']) retrieved from /home/airflow/.local/lib/python3.7/site-packages/airflow/example_dags/example_dynamic_task_mapping.py
[2023-02-10T02:01:57.917+0000] {logging_mixin.py:137} INFO - [2023-02-10T02:01:57.917+0000] {dag.py:2690} INFO - Sync 1 DAGs
[2023-02-10T02:01:58.163+0000] {logging_mixin.py:137} INFO - [2023-02-10T02:01:58.163+0000] {dag.py:3441} INFO - Setting next_dagrun for example_dynamic_task_mapping to 2022-03-04T00:00:00+00:00, run_after=2022-03-05T00:00:00+00:00
[2023-02-10T02:01:58.394+0000] {processor.py:175} INFO - Processing /home/airflow/.local/lib/python3.7/site-packages/airflow/example_dags/example_dynamic_task_mapping.py took 0.797 seconds
[2023-02-10T02:02:28.694+0000] {processor.py:153} INFO - Started process (PID=1328) to work on /home/airflow/.local/lib/python3.7/site-packages/airflow/example_dags/example_dynamic_task_mapping.py
[2023-02-10T02:02:28.701+0000] {processor.py:743} INFO - Processing file /home/airflow/.local/lib/python3.7/site-packages/airflow/example_dags/example_dynamic_task_mapping.py for tasks to queue
[2023-02-10T02:02:28.708+0000] {logging_mixin.py:137} INFO - [2023-02-10T02:02:28.708+0000] {dagbag.py:538} INFO - Filling up the DagBag from /home/airflow/.local/lib/python3.7/site-packages/airflow/example_dags/example_dynamic_task_mapping.py
[2023-02-10T02:02:28.790+0000] {processor.py:753} INFO - DAG(s) dict_keys(['example_dynamic_task_mapping']) retrieved from /home/airflow/.local/lib/python3.7/site-packages/airflow/example_dags/example_dynamic_task_mapping.py
[2023-02-10T02:02:28.848+0000] {logging_mixin.py:137} INFO - [2023-02-10T02:02:28.847+0000] {dag.py:2690} INFO - Sync 1 DAGs
[2023-02-10T02:02:28.933+0000] {logging_mixin.py:137} INFO - [2023-02-10T02:02:28.933+0000] {dag.py:3441} INFO - Setting next_dagrun for example_dynamic_task_mapping to 2022-03-04T00:00:00+00:00, run_after=2022-03-05T00:00:00+00:00
[2023-02-10T02:02:28.995+0000] {processor.py:175} INFO - Processing /home/airflow/.local/lib/python3.7/site-packages/airflow/example_dags/example_dynamic_task_mapping.py took 0.316 seconds
[2023-02-10T02:02:59.518+0000] {processor.py:153} INFO - Started process (PID=1387) to work on /home/airflow/.local/lib/python3.7/site-packages/airflow/example_dags/example_dynamic_task_mapping.py
[2023-02-10T02:02:59.533+0000] {processor.py:743} INFO - Processing file /home/airflow/.local/lib/python3.7/site-packages/airflow/example_dags/example_dynamic_task_mapping.py for tasks to queue
[2023-02-10T02:02:59.561+0000] {logging_mixin.py:137} INFO - [2023-02-10T02:02:59.561+0000] {dagbag.py:538} INFO - Filling up the DagBag from /home/airflow/.local/lib/python3.7/site-packages/airflow/example_dags/example_dynamic_task_mapping.py
[2023-02-10T02:02:59.682+0000] {processor.py:753} INFO - DAG(s) dict_keys(['example_dynamic_task_mapping']) retrieved from /home/airflow/.local/lib/python3.7/site-packages/airflow/example_dags/example_dynamic_task_mapping.py
[2023-02-10T02:02:59.824+0000] {logging_mixin.py:137} INFO - [2023-02-10T02:02:59.822+0000] {dag.py:2690} INFO - Sync 1 DAGs
[2023-02-10T02:02:59.921+0000] {logging_mixin.py:137} INFO - [2023-02-10T02:02:59.921+0000] {dag.py:3441} INFO - Setting next_dagrun for example_dynamic_task_mapping to 2022-03-04T00:00:00+00:00, run_after=2022-03-05T00:00:00+00:00
[2023-02-10T02:03:00.011+0000] {processor.py:175} INFO - Processing /home/airflow/.local/lib/python3.7/site-packages/airflow/example_dags/example_dynamic_task_mapping.py took 0.508 seconds
[2023-02-10T02:03:30.514+0000] {processor.py:153} INFO - Started process (PID=1448) to work on /home/airflow/.local/lib/python3.7/site-packages/airflow/example_dags/example_dynamic_task_mapping.py
[2023-02-10T02:03:30.522+0000] {processor.py:743} INFO - Processing file /home/airflow/.local/lib/python3.7/site-packages/airflow/example_dags/example_dynamic_task_mapping.py for tasks to queue
[2023-02-10T02:03:30.533+0000] {logging_mixin.py:137} INFO - [2023-02-10T02:03:30.530+0000] {dagbag.py:538} INFO - Filling up the DagBag from /home/airflow/.local/lib/python3.7/site-packages/airflow/example_dags/example_dynamic_task_mapping.py
[2023-02-10T02:03:30.651+0000] {processor.py:753} INFO - DAG(s) dict_keys(['example_dynamic_task_mapping']) retrieved from /home/airflow/.local/lib/python3.7/site-packages/airflow/example_dags/example_dynamic_task_mapping.py
[2023-02-10T02:03:30.728+0000] {logging_mixin.py:137} INFO - [2023-02-10T02:03:30.728+0000] {dag.py:2690} INFO - Sync 1 DAGs
[2023-02-10T02:03:30.792+0000] {logging_mixin.py:137} INFO - [2023-02-10T02:03:30.792+0000] {dag.py:3441} INFO - Setting next_dagrun for example_dynamic_task_mapping to 2022-03-04T00:00:00+00:00, run_after=2022-03-05T00:00:00+00:00
[2023-02-10T02:03:30.873+0000] {processor.py:175} INFO - Processing /home/airflow/.local/lib/python3.7/site-packages/airflow/example_dags/example_dynamic_task_mapping.py took 0.375 seconds
[2023-02-10T02:04:01.746+0000] {processor.py:153} INFO - Started process (PID=1505) to work on /home/airflow/.local/lib/python3.7/site-packages/airflow/example_dags/example_dynamic_task_mapping.py
[2023-02-10T02:04:01.752+0000] {processor.py:743} INFO - Processing file /home/airflow/.local/lib/python3.7/site-packages/airflow/example_dags/example_dynamic_task_mapping.py for tasks to queue
[2023-02-10T02:04:01.768+0000] {logging_mixin.py:137} INFO - [2023-02-10T02:04:01.767+0000] {dagbag.py:538} INFO - Filling up the DagBag from /home/airflow/.local/lib/python3.7/site-packages/airflow/example_dags/example_dynamic_task_mapping.py
[2023-02-10T02:04:01.894+0000] {processor.py:753} INFO - DAG(s) dict_keys(['example_dynamic_task_mapping']) retrieved from /home/airflow/.local/lib/python3.7/site-packages/airflow/example_dags/example_dynamic_task_mapping.py
[2023-02-10T02:04:02.020+0000] {logging_mixin.py:137} INFO - [2023-02-10T02:04:02.019+0000] {dag.py:2690} INFO - Sync 1 DAGs
[2023-02-10T02:04:02.207+0000] {logging_mixin.py:137} INFO - [2023-02-10T02:04:02.206+0000] {dag.py:3441} INFO - Setting next_dagrun for example_dynamic_task_mapping to 2022-03-04T00:00:00+00:00, run_after=2022-03-05T00:00:00+00:00
[2023-02-10T02:04:02.305+0000] {processor.py:175} INFO - Processing /home/airflow/.local/lib/python3.7/site-packages/airflow/example_dags/example_dynamic_task_mapping.py took 0.571 seconds
[2023-02-10T02:04:33.233+0000] {processor.py:153} INFO - Started process (PID=1562) to work on /home/airflow/.local/lib/python3.7/site-packages/airflow/example_dags/example_dynamic_task_mapping.py
[2023-02-10T02:04:33.242+0000] {processor.py:743} INFO - Processing file /home/airflow/.local/lib/python3.7/site-packages/airflow/example_dags/example_dynamic_task_mapping.py for tasks to queue
[2023-02-10T02:04:33.251+0000] {logging_mixin.py:137} INFO - [2023-02-10T02:04:33.250+0000] {dagbag.py:538} INFO - Filling up the DagBag from /home/airflow/.local/lib/python3.7/site-packages/airflow/example_dags/example_dynamic_task_mapping.py
[2023-02-10T02:04:33.373+0000] {processor.py:753} INFO - DAG(s) dict_keys(['example_dynamic_task_mapping']) retrieved from /home/airflow/.local/lib/python3.7/site-packages/airflow/example_dags/example_dynamic_task_mapping.py
[2023-02-10T02:04:33.474+0000] {logging_mixin.py:137} INFO - [2023-02-10T02:04:33.474+0000] {dag.py:2690} INFO - Sync 1 DAGs
[2023-02-10T02:04:33.562+0000] {logging_mixin.py:137} INFO - [2023-02-10T02:04:33.562+0000] {dag.py:3441} INFO - Setting next_dagrun for example_dynamic_task_mapping to 2022-03-04T00:00:00+00:00, run_after=2022-03-05T00:00:00+00:00
[2023-02-10T02:04:33.663+0000] {processor.py:175} INFO - Processing /home/airflow/.local/lib/python3.7/site-packages/airflow/example_dags/example_dynamic_task_mapping.py took 0.439 seconds
[2023-02-10T02:05:04.890+0000] {processor.py:153} INFO - Started process (PID=1621) to work on /home/airflow/.local/lib/python3.7/site-packages/airflow/example_dags/example_dynamic_task_mapping.py
[2023-02-10T02:05:04.894+0000] {processor.py:743} INFO - Processing file /home/airflow/.local/lib/python3.7/site-packages/airflow/example_dags/example_dynamic_task_mapping.py for tasks to queue
[2023-02-10T02:05:04.897+0000] {logging_mixin.py:137} INFO - [2023-02-10T02:05:04.897+0000] {dagbag.py:538} INFO - Filling up the DagBag from /home/airflow/.local/lib/python3.7/site-packages/airflow/example_dags/example_dynamic_task_mapping.py
[2023-02-10T02:05:04.993+0000] {processor.py:753} INFO - DAG(s) dict_keys(['example_dynamic_task_mapping']) retrieved from /home/airflow/.local/lib/python3.7/site-packages/airflow/example_dags/example_dynamic_task_mapping.py
[2023-02-10T02:05:05.126+0000] {logging_mixin.py:137} INFO - [2023-02-10T02:05:05.125+0000] {dag.py:2690} INFO - Sync 1 DAGs
[2023-02-10T02:05:05.269+0000] {logging_mixin.py:137} INFO - [2023-02-10T02:05:05.269+0000] {dag.py:3441} INFO - Setting next_dagrun for example_dynamic_task_mapping to 2022-03-04T00:00:00+00:00, run_after=2022-03-05T00:00:00+00:00
[2023-02-10T02:05:05.352+0000] {processor.py:175} INFO - Processing /home/airflow/.local/lib/python3.7/site-packages/airflow/example_dags/example_dynamic_task_mapping.py took 0.480 seconds
[2023-02-10T02:05:35.539+0000] {processor.py:153} INFO - Started process (PID=1671) to work on /home/airflow/.local/lib/python3.7/site-packages/airflow/example_dags/example_dynamic_task_mapping.py
[2023-02-10T02:05:35.545+0000] {processor.py:743} INFO - Processing file /home/airflow/.local/lib/python3.7/site-packages/airflow/example_dags/example_dynamic_task_mapping.py for tasks to queue
[2023-02-10T02:05:35.552+0000] {logging_mixin.py:137} INFO - [2023-02-10T02:05:35.551+0000] {dagbag.py:538} INFO - Filling up the DagBag from /home/airflow/.local/lib/python3.7/site-packages/airflow/example_dags/example_dynamic_task_mapping.py
[2023-02-10T02:05:35.611+0000] {processor.py:753} INFO - DAG(s) dict_keys(['example_dynamic_task_mapping']) retrieved from /home/airflow/.local/lib/python3.7/site-packages/airflow/example_dags/example_dynamic_task_mapping.py
[2023-02-10T02:05:35.691+0000] {logging_mixin.py:137} INFO - [2023-02-10T02:05:35.691+0000] {dag.py:2690} INFO - Sync 1 DAGs
[2023-02-10T02:05:35.784+0000] {logging_mixin.py:137} INFO - [2023-02-10T02:05:35.784+0000] {dag.py:3441} INFO - Setting next_dagrun for example_dynamic_task_mapping to 2022-03-04T00:00:00+00:00, run_after=2022-03-05T00:00:00+00:00
[2023-02-10T02:05:35.853+0000] {processor.py:175} INFO - Processing /home/airflow/.local/lib/python3.7/site-packages/airflow/example_dags/example_dynamic_task_mapping.py took 0.337 seconds
[2023-02-10T02:06:06.940+0000] {processor.py:153} INFO - Started process (PID=1729) to work on /home/airflow/.local/lib/python3.7/site-packages/airflow/example_dags/example_dynamic_task_mapping.py
[2023-02-10T02:06:06.947+0000] {processor.py:743} INFO - Processing file /home/airflow/.local/lib/python3.7/site-packages/airflow/example_dags/example_dynamic_task_mapping.py for tasks to queue
[2023-02-10T02:06:06.959+0000] {logging_mixin.py:137} INFO - [2023-02-10T02:06:06.958+0000] {dagbag.py:538} INFO - Filling up the DagBag from /home/airflow/.local/lib/python3.7/site-packages/airflow/example_dags/example_dynamic_task_mapping.py
[2023-02-10T02:06:07.053+0000] {processor.py:753} INFO - DAG(s) dict_keys(['example_dynamic_task_mapping']) retrieved from /home/airflow/.local/lib/python3.7/site-packages/airflow/example_dags/example_dynamic_task_mapping.py
[2023-02-10T02:06:07.216+0000] {logging_mixin.py:137} INFO - [2023-02-10T02:06:07.216+0000] {dag.py:2690} INFO - Sync 1 DAGs
[2023-02-10T02:06:07.330+0000] {logging_mixin.py:137} INFO - [2023-02-10T02:06:07.329+0000] {dag.py:3441} INFO - Setting next_dagrun for example_dynamic_task_mapping to 2022-03-04T00:00:00+00:00, run_after=2022-03-05T00:00:00+00:00
[2023-02-10T02:06:07.413+0000] {processor.py:175} INFO - Processing /home/airflow/.local/lib/python3.7/site-packages/airflow/example_dags/example_dynamic_task_mapping.py took 0.485 seconds
[2023-02-10T02:06:39.273+0000] {processor.py:153} INFO - Started process (PID=1788) to work on /home/airflow/.local/lib/python3.7/site-packages/airflow/example_dags/example_dynamic_task_mapping.py
[2023-02-10T02:06:39.277+0000] {processor.py:743} INFO - Processing file /home/airflow/.local/lib/python3.7/site-packages/airflow/example_dags/example_dynamic_task_mapping.py for tasks to queue
[2023-02-10T02:06:39.285+0000] {logging_mixin.py:137} INFO - [2023-02-10T02:06:39.283+0000] {dagbag.py:538} INFO - Filling up the DagBag from /home/airflow/.local/lib/python3.7/site-packages/airflow/example_dags/example_dynamic_task_mapping.py
[2023-02-10T02:06:39.397+0000] {processor.py:753} INFO - DAG(s) dict_keys(['example_dynamic_task_mapping']) retrieved from /home/airflow/.local/lib/python3.7/site-packages/airflow/example_dags/example_dynamic_task_mapping.py
[2023-02-10T02:06:39.668+0000] {logging_mixin.py:137} INFO - [2023-02-10T02:06:39.667+0000] {dag.py:2690} INFO - Sync 1 DAGs
[2023-02-10T02:06:39.845+0000] {logging_mixin.py:137} INFO - [2023-02-10T02:06:39.845+0000] {dag.py:3441} INFO - Setting next_dagrun for example_dynamic_task_mapping to 2022-03-04T00:00:00+00:00, run_after=2022-03-05T00:00:00+00:00
[2023-02-10T02:06:39.919+0000] {processor.py:175} INFO - Processing /home/airflow/.local/lib/python3.7/site-packages/airflow/example_dags/example_dynamic_task_mapping.py took 0.670 seconds
[2023-02-10T02:07:10.549+0000] {processor.py:153} INFO - Started process (PID=1847) to work on /home/airflow/.local/lib/python3.7/site-packages/airflow/example_dags/example_dynamic_task_mapping.py
[2023-02-10T02:07:10.573+0000] {processor.py:743} INFO - Processing file /home/airflow/.local/lib/python3.7/site-packages/airflow/example_dags/example_dynamic_task_mapping.py for tasks to queue
[2023-02-10T02:07:10.581+0000] {logging_mixin.py:137} INFO - [2023-02-10T02:07:10.580+0000] {dagbag.py:538} INFO - Filling up the DagBag from /home/airflow/.local/lib/python3.7/site-packages/airflow/example_dags/example_dynamic_task_mapping.py
[2023-02-10T02:07:10.740+0000] {processor.py:753} INFO - DAG(s) dict_keys(['example_dynamic_task_mapping']) retrieved from /home/airflow/.local/lib/python3.7/site-packages/airflow/example_dags/example_dynamic_task_mapping.py
[2023-02-10T02:07:10.891+0000] {logging_mixin.py:137} INFO - [2023-02-10T02:07:10.891+0000] {dag.py:2690} INFO - Sync 1 DAGs
[2023-02-10T02:07:11.097+0000] {logging_mixin.py:137} INFO - [2023-02-10T02:07:11.097+0000] {dag.py:3441} INFO - Setting next_dagrun for example_dynamic_task_mapping to 2022-03-04T00:00:00+00:00, run_after=2022-03-05T00:00:00+00:00
[2023-02-10T02:07:11.233+0000] {processor.py:175} INFO - Processing /home/airflow/.local/lib/python3.7/site-packages/airflow/example_dags/example_dynamic_task_mapping.py took 0.707 seconds
[2023-02-10T02:07:41.659+0000] {processor.py:153} INFO - Started process (PID=1907) to work on /home/airflow/.local/lib/python3.7/site-packages/airflow/example_dags/example_dynamic_task_mapping.py
[2023-02-10T02:07:41.664+0000] {processor.py:743} INFO - Processing file /home/airflow/.local/lib/python3.7/site-packages/airflow/example_dags/example_dynamic_task_mapping.py for tasks to queue
[2023-02-10T02:07:41.668+0000] {logging_mixin.py:137} INFO - [2023-02-10T02:07:41.667+0000] {dagbag.py:538} INFO - Filling up the DagBag from /home/airflow/.local/lib/python3.7/site-packages/airflow/example_dags/example_dynamic_task_mapping.py
[2023-02-10T02:07:41.724+0000] {processor.py:753} INFO - DAG(s) dict_keys(['example_dynamic_task_mapping']) retrieved from /home/airflow/.local/lib/python3.7/site-packages/airflow/example_dags/example_dynamic_task_mapping.py
[2023-02-10T02:07:41.823+0000] {logging_mixin.py:137} INFO - [2023-02-10T02:07:41.822+0000] {dag.py:2690} INFO - Sync 1 DAGs
[2023-02-10T02:07:41.875+0000] {logging_mixin.py:137} INFO - [2023-02-10T02:07:41.874+0000] {dag.py:3441} INFO - Setting next_dagrun for example_dynamic_task_mapping to 2022-03-04T00:00:00+00:00, run_after=2022-03-05T00:00:00+00:00
[2023-02-10T02:07:41.921+0000] {processor.py:175} INFO - Processing /home/airflow/.local/lib/python3.7/site-packages/airflow/example_dags/example_dynamic_task_mapping.py took 0.272 seconds
[2023-02-10T02:08:16.520+0000] {processor.py:153} INFO - Started process (PID=1966) to work on /home/airflow/.local/lib/python3.7/site-packages/airflow/example_dags/example_dynamic_task_mapping.py
[2023-02-10T02:08:16.532+0000] {processor.py:743} INFO - Processing file /home/airflow/.local/lib/python3.7/site-packages/airflow/example_dags/example_dynamic_task_mapping.py for tasks to queue
[2023-02-10T02:08:16.538+0000] {logging_mixin.py:137} INFO - [2023-02-10T02:08:16.537+0000] {dagbag.py:538} INFO - Filling up the DagBag from /home/airflow/.local/lib/python3.7/site-packages/airflow/example_dags/example_dynamic_task_mapping.py
[2023-02-10T02:08:16.887+0000] {processor.py:753} INFO - DAG(s) dict_keys(['example_dynamic_task_mapping']) retrieved from /home/airflow/.local/lib/python3.7/site-packages/airflow/example_dags/example_dynamic_task_mapping.py
[2023-02-10T02:08:17.057+0000] {logging_mixin.py:137} INFO - [2023-02-10T02:08:17.056+0000] {dag.py:2690} INFO - Sync 1 DAGs
[2023-02-10T02:08:17.415+0000] {logging_mixin.py:137} INFO - [2023-02-10T02:08:17.414+0000] {dag.py:3441} INFO - Setting next_dagrun for example_dynamic_task_mapping to 2022-03-04T00:00:00+00:00, run_after=2022-03-05T00:00:00+00:00
[2023-02-10T02:08:17.595+0000] {processor.py:175} INFO - Processing /home/airflow/.local/lib/python3.7/site-packages/airflow/example_dags/example_dynamic_task_mapping.py took 1.129 seconds
[2023-02-10T02:08:47.776+0000] {processor.py:153} INFO - Started process (PID=2023) to work on /home/airflow/.local/lib/python3.7/site-packages/airflow/example_dags/example_dynamic_task_mapping.py
[2023-02-10T02:08:47.788+0000] {processor.py:743} INFO - Processing file /home/airflow/.local/lib/python3.7/site-packages/airflow/example_dags/example_dynamic_task_mapping.py for tasks to queue
[2023-02-10T02:08:47.809+0000] {logging_mixin.py:137} INFO - [2023-02-10T02:08:47.798+0000] {dagbag.py:538} INFO - Filling up the DagBag from /home/airflow/.local/lib/python3.7/site-packages/airflow/example_dags/example_dynamic_task_mapping.py
[2023-02-10T02:08:48.072+0000] {processor.py:753} INFO - DAG(s) dict_keys(['example_dynamic_task_mapping']) retrieved from /home/airflow/.local/lib/python3.7/site-packages/airflow/example_dags/example_dynamic_task_mapping.py
[2023-02-10T02:08:48.249+0000] {logging_mixin.py:137} INFO - [2023-02-10T02:08:48.249+0000] {dag.py:2690} INFO - Sync 1 DAGs
[2023-02-10T02:08:48.798+0000] {logging_mixin.py:137} INFO - [2023-02-10T02:08:48.798+0000] {dag.py:3441} INFO - Setting next_dagrun for example_dynamic_task_mapping to 2022-03-04T00:00:00+00:00, run_after=2022-03-05T00:00:00+00:00
[2023-02-10T02:08:48.917+0000] {processor.py:175} INFO - Processing /home/airflow/.local/lib/python3.7/site-packages/airflow/example_dags/example_dynamic_task_mapping.py took 1.153 seconds
[2023-02-10T02:09:22.022+0000] {processor.py:153} INFO - Started process (PID=2076) to work on /home/airflow/.local/lib/python3.7/site-packages/airflow/example_dags/example_dynamic_task_mapping.py
[2023-02-10T02:09:22.034+0000] {processor.py:743} INFO - Processing file /home/airflow/.local/lib/python3.7/site-packages/airflow/example_dags/example_dynamic_task_mapping.py for tasks to queue
[2023-02-10T02:09:22.044+0000] {logging_mixin.py:137} INFO - [2023-02-10T02:09:22.043+0000] {dagbag.py:538} INFO - Filling up the DagBag from /home/airflow/.local/lib/python3.7/site-packages/airflow/example_dags/example_dynamic_task_mapping.py
[2023-02-10T02:09:22.200+0000] {processor.py:753} INFO - DAG(s) dict_keys(['example_dynamic_task_mapping']) retrieved from /home/airflow/.local/lib/python3.7/site-packages/airflow/example_dags/example_dynamic_task_mapping.py
[2023-02-10T02:09:22.437+0000] {logging_mixin.py:137} INFO - [2023-02-10T02:09:22.437+0000] {dag.py:2690} INFO - Sync 1 DAGs
[2023-02-10T02:09:22.576+0000] {logging_mixin.py:137} INFO - [2023-02-10T02:09:22.576+0000] {dag.py:3441} INFO - Setting next_dagrun for example_dynamic_task_mapping to 2022-03-04T00:00:00+00:00, run_after=2022-03-05T00:00:00+00:00
[2023-02-10T02:09:22.869+0000] {processor.py:175} INFO - Processing /home/airflow/.local/lib/python3.7/site-packages/airflow/example_dags/example_dynamic_task_mapping.py took 0.894 seconds
[2023-02-10T02:09:54.320+0000] {processor.py:153} INFO - Started process (PID=2134) to work on /home/airflow/.local/lib/python3.7/site-packages/airflow/example_dags/example_dynamic_task_mapping.py
[2023-02-10T02:09:54.336+0000] {processor.py:743} INFO - Processing file /home/airflow/.local/lib/python3.7/site-packages/airflow/example_dags/example_dynamic_task_mapping.py for tasks to queue
[2023-02-10T02:09:54.340+0000] {logging_mixin.py:137} INFO - [2023-02-10T02:09:54.339+0000] {dagbag.py:538} INFO - Filling up the DagBag from /home/airflow/.local/lib/python3.7/site-packages/airflow/example_dags/example_dynamic_task_mapping.py
[2023-02-10T02:09:54.581+0000] {processor.py:753} INFO - DAG(s) dict_keys(['example_dynamic_task_mapping']) retrieved from /home/airflow/.local/lib/python3.7/site-packages/airflow/example_dags/example_dynamic_task_mapping.py
[2023-02-10T02:09:54.886+0000] {logging_mixin.py:137} INFO - [2023-02-10T02:09:54.885+0000] {dag.py:2690} INFO - Sync 1 DAGs
[2023-02-10T02:09:56.532+0000] {logging_mixin.py:137} INFO - [2023-02-10T02:09:56.504+0000] {dag.py:3441} INFO - Setting next_dagrun for example_dynamic_task_mapping to 2022-03-04T00:00:00+00:00, run_after=2022-03-05T00:00:00+00:00
[2023-02-10T02:09:56.904+0000] {processor.py:175} INFO - Processing /home/airflow/.local/lib/python3.7/site-packages/airflow/example_dags/example_dynamic_task_mapping.py took 2.624 seconds
[2023-02-10T02:10:36.499+0000] {processor.py:153} INFO - Started process (PID=2192) to work on /home/airflow/.local/lib/python3.7/site-packages/airflow/example_dags/example_dynamic_task_mapping.py
[2023-02-10T02:10:36.508+0000] {processor.py:743} INFO - Processing file /home/airflow/.local/lib/python3.7/site-packages/airflow/example_dags/example_dynamic_task_mapping.py for tasks to queue
[2023-02-10T02:10:36.511+0000] {logging_mixin.py:137} INFO - [2023-02-10T02:10:36.511+0000] {dagbag.py:538} INFO - Filling up the DagBag from /home/airflow/.local/lib/python3.7/site-packages/airflow/example_dags/example_dynamic_task_mapping.py
[2023-02-10T02:10:36.729+0000] {processor.py:753} INFO - DAG(s) dict_keys(['example_dynamic_task_mapping']) retrieved from /home/airflow/.local/lib/python3.7/site-packages/airflow/example_dags/example_dynamic_task_mapping.py
[2023-02-10T02:10:37.056+0000] {logging_mixin.py:137} INFO - [2023-02-10T02:10:37.055+0000] {dag.py:2690} INFO - Sync 1 DAGs
[2023-02-10T02:10:37.332+0000] {logging_mixin.py:137} INFO - [2023-02-10T02:10:37.331+0000] {dag.py:3441} INFO - Setting next_dagrun for example_dynamic_task_mapping to 2022-03-04T00:00:00+00:00, run_after=2022-03-05T00:00:00+00:00
[2023-02-10T02:10:37.531+0000] {processor.py:175} INFO - Processing /home/airflow/.local/lib/python3.7/site-packages/airflow/example_dags/example_dynamic_task_mapping.py took 1.055 seconds
[2023-02-10T02:11:08.106+0000] {processor.py:153} INFO - Started process (PID=2250) to work on /home/airflow/.local/lib/python3.7/site-packages/airflow/example_dags/example_dynamic_task_mapping.py
[2023-02-10T02:11:08.116+0000] {processor.py:743} INFO - Processing file /home/airflow/.local/lib/python3.7/site-packages/airflow/example_dags/example_dynamic_task_mapping.py for tasks to queue
[2023-02-10T02:11:08.120+0000] {logging_mixin.py:137} INFO - [2023-02-10T02:11:08.120+0000] {dagbag.py:538} INFO - Filling up the DagBag from /home/airflow/.local/lib/python3.7/site-packages/airflow/example_dags/example_dynamic_task_mapping.py
[2023-02-10T02:11:08.307+0000] {processor.py:753} INFO - DAG(s) dict_keys(['example_dynamic_task_mapping']) retrieved from /home/airflow/.local/lib/python3.7/site-packages/airflow/example_dags/example_dynamic_task_mapping.py
[2023-02-10T02:11:08.471+0000] {logging_mixin.py:137} INFO - [2023-02-10T02:11:08.468+0000] {dag.py:2690} INFO - Sync 1 DAGs
[2023-02-10T02:11:08.670+0000] {logging_mixin.py:137} INFO - [2023-02-10T02:11:08.669+0000] {dag.py:3441} INFO - Setting next_dagrun for example_dynamic_task_mapping to 2022-03-04T00:00:00+00:00, run_after=2022-03-05T00:00:00+00:00
[2023-02-10T02:11:08.807+0000] {processor.py:175} INFO - Processing /home/airflow/.local/lib/python3.7/site-packages/airflow/example_dags/example_dynamic_task_mapping.py took 0.726 seconds
[2023-02-10T02:11:39.155+0000] {processor.py:153} INFO - Started process (PID=2300) to work on /home/airflow/.local/lib/python3.7/site-packages/airflow/example_dags/example_dynamic_task_mapping.py
[2023-02-10T02:11:39.193+0000] {processor.py:743} INFO - Processing file /home/airflow/.local/lib/python3.7/site-packages/airflow/example_dags/example_dynamic_task_mapping.py for tasks to queue
[2023-02-10T02:11:39.248+0000] {logging_mixin.py:137} INFO - [2023-02-10T02:11:39.219+0000] {dagbag.py:538} INFO - Filling up the DagBag from /home/airflow/.local/lib/python3.7/site-packages/airflow/example_dags/example_dynamic_task_mapping.py
[2023-02-10T02:11:39.326+0000] {processor.py:753} INFO - DAG(s) dict_keys(['example_dynamic_task_mapping']) retrieved from /home/airflow/.local/lib/python3.7/site-packages/airflow/example_dags/example_dynamic_task_mapping.py
[2023-02-10T02:11:39.432+0000] {logging_mixin.py:137} INFO - [2023-02-10T02:11:39.432+0000] {dag.py:2690} INFO - Sync 1 DAGs
[2023-02-10T02:11:39.599+0000] {logging_mixin.py:137} INFO - [2023-02-10T02:11:39.599+0000] {dag.py:3441} INFO - Setting next_dagrun for example_dynamic_task_mapping to 2022-03-04T00:00:00+00:00, run_after=2022-03-05T00:00:00+00:00
[2023-02-10T02:11:39.697+0000] {processor.py:175} INFO - Processing /home/airflow/.local/lib/python3.7/site-packages/airflow/example_dags/example_dynamic_task_mapping.py took 0.579 seconds
[2023-02-10T02:12:09.954+0000] {processor.py:153} INFO - Started process (PID=2359) to work on /home/airflow/.local/lib/python3.7/site-packages/airflow/example_dags/example_dynamic_task_mapping.py
[2023-02-10T02:12:09.958+0000] {processor.py:743} INFO - Processing file /home/airflow/.local/lib/python3.7/site-packages/airflow/example_dags/example_dynamic_task_mapping.py for tasks to queue
[2023-02-10T02:12:09.963+0000] {logging_mixin.py:137} INFO - [2023-02-10T02:12:09.963+0000] {dagbag.py:538} INFO - Filling up the DagBag from /home/airflow/.local/lib/python3.7/site-packages/airflow/example_dags/example_dynamic_task_mapping.py
[2023-02-10T02:12:10.026+0000] {processor.py:753} INFO - DAG(s) dict_keys(['example_dynamic_task_mapping']) retrieved from /home/airflow/.local/lib/python3.7/site-packages/airflow/example_dags/example_dynamic_task_mapping.py
[2023-02-10T02:12:10.091+0000] {logging_mixin.py:137} INFO - [2023-02-10T02:12:10.090+0000] {dag.py:2690} INFO - Sync 1 DAGs
[2023-02-10T02:12:10.176+0000] {logging_mixin.py:137} INFO - [2023-02-10T02:12:10.176+0000] {dag.py:3441} INFO - Setting next_dagrun for example_dynamic_task_mapping to 2022-03-04T00:00:00+00:00, run_after=2022-03-05T00:00:00+00:00
[2023-02-10T02:12:10.246+0000] {processor.py:175} INFO - Processing /home/airflow/.local/lib/python3.7/site-packages/airflow/example_dags/example_dynamic_task_mapping.py took 0.303 seconds
[2023-02-10T02:12:42.790+0000] {processor.py:153} INFO - Started process (PID=2418) to work on /home/airflow/.local/lib/python3.7/site-packages/airflow/example_dags/example_dynamic_task_mapping.py
[2023-02-10T02:12:42.799+0000] {processor.py:743} INFO - Processing file /home/airflow/.local/lib/python3.7/site-packages/airflow/example_dags/example_dynamic_task_mapping.py for tasks to queue
[2023-02-10T02:12:42.805+0000] {logging_mixin.py:137} INFO - [2023-02-10T02:12:42.804+0000] {dagbag.py:538} INFO - Filling up the DagBag from /home/airflow/.local/lib/python3.7/site-packages/airflow/example_dags/example_dynamic_task_mapping.py
[2023-02-10T02:12:42.953+0000] {processor.py:753} INFO - DAG(s) dict_keys(['example_dynamic_task_mapping']) retrieved from /home/airflow/.local/lib/python3.7/site-packages/airflow/example_dags/example_dynamic_task_mapping.py
[2023-02-10T02:12:43.043+0000] {logging_mixin.py:137} INFO - [2023-02-10T02:12:43.042+0000] {dag.py:2690} INFO - Sync 1 DAGs
[2023-02-10T02:12:43.166+0000] {logging_mixin.py:137} INFO - [2023-02-10T02:12:43.165+0000] {dag.py:3441} INFO - Setting next_dagrun for example_dynamic_task_mapping to 2022-03-04T00:00:00+00:00, run_after=2022-03-05T00:00:00+00:00
[2023-02-10T02:12:43.221+0000] {processor.py:175} INFO - Processing /home/airflow/.local/lib/python3.7/site-packages/airflow/example_dags/example_dynamic_task_mapping.py took 0.449 seconds
[2023-02-10T02:13:22.951+0000] {processor.py:153} INFO - Started process (PID=2484) to work on /home/airflow/.local/lib/python3.7/site-packages/airflow/example_dags/example_dynamic_task_mapping.py
[2023-02-10T02:13:22.962+0000] {processor.py:743} INFO - Processing file /home/airflow/.local/lib/python3.7/site-packages/airflow/example_dags/example_dynamic_task_mapping.py for tasks to queue
[2023-02-10T02:13:22.995+0000] {logging_mixin.py:137} INFO - [2023-02-10T02:13:22.982+0000] {dagbag.py:538} INFO - Filling up the DagBag from /home/airflow/.local/lib/python3.7/site-packages/airflow/example_dags/example_dynamic_task_mapping.py
[2023-02-10T02:13:23.399+0000] {processor.py:753} INFO - DAG(s) dict_keys(['example_dynamic_task_mapping']) retrieved from /home/airflow/.local/lib/python3.7/site-packages/airflow/example_dags/example_dynamic_task_mapping.py
[2023-02-10T02:13:24.033+0000] {logging_mixin.py:137} INFO - [2023-02-10T02:13:24.033+0000] {dag.py:2690} INFO - Sync 1 DAGs
[2023-02-10T02:13:24.207+0000] {logging_mixin.py:137} INFO - [2023-02-10T02:13:24.206+0000] {dag.py:3441} INFO - Setting next_dagrun for example_dynamic_task_mapping to 2022-03-04T00:00:00+00:00, run_after=2022-03-05T00:00:00+00:00
[2023-02-10T02:13:24.361+0000] {processor.py:175} INFO - Processing /home/airflow/.local/lib/python3.7/site-packages/airflow/example_dags/example_dynamic_task_mapping.py took 1.506 seconds
[2023-02-10T02:14:03.163+0000] {processor.py:153} INFO - Started process (PID=2551) to work on /home/airflow/.local/lib/python3.7/site-packages/airflow/example_dags/example_dynamic_task_mapping.py
[2023-02-10T02:14:03.170+0000] {processor.py:743} INFO - Processing file /home/airflow/.local/lib/python3.7/site-packages/airflow/example_dags/example_dynamic_task_mapping.py for tasks to queue
[2023-02-10T02:14:03.176+0000] {logging_mixin.py:137} INFO - [2023-02-10T02:14:03.175+0000] {dagbag.py:538} INFO - Filling up the DagBag from /home/airflow/.local/lib/python3.7/site-packages/airflow/example_dags/example_dynamic_task_mapping.py
[2023-02-10T02:14:03.246+0000] {processor.py:753} INFO - DAG(s) dict_keys(['example_dynamic_task_mapping']) retrieved from /home/airflow/.local/lib/python3.7/site-packages/airflow/example_dags/example_dynamic_task_mapping.py
[2023-02-10T02:14:03.338+0000] {logging_mixin.py:137} INFO - [2023-02-10T02:14:03.338+0000] {dag.py:2690} INFO - Sync 1 DAGs
[2023-02-10T02:14:03.420+0000] {logging_mixin.py:137} INFO - [2023-02-10T02:14:03.419+0000] {dag.py:3441} INFO - Setting next_dagrun for example_dynamic_task_mapping to 2022-03-04T00:00:00+00:00, run_after=2022-03-05T00:00:00+00:00
[2023-02-10T02:14:03.513+0000] {processor.py:175} INFO - Processing /home/airflow/.local/lib/python3.7/site-packages/airflow/example_dags/example_dynamic_task_mapping.py took 0.359 seconds
[2023-02-10T02:14:42.010+0000] {processor.py:153} INFO - Started process (PID=2615) to work on /home/airflow/.local/lib/python3.7/site-packages/airflow/example_dags/example_dynamic_task_mapping.py
[2023-02-10T02:14:42.028+0000] {processor.py:743} INFO - Processing file /home/airflow/.local/lib/python3.7/site-packages/airflow/example_dags/example_dynamic_task_mapping.py for tasks to queue
[2023-02-10T02:14:42.039+0000] {logging_mixin.py:137} INFO - [2023-02-10T02:14:42.038+0000] {dagbag.py:538} INFO - Filling up the DagBag from /home/airflow/.local/lib/python3.7/site-packages/airflow/example_dags/example_dynamic_task_mapping.py
[2023-02-10T02:14:42.123+0000] {processor.py:753} INFO - DAG(s) dict_keys(['example_dynamic_task_mapping']) retrieved from /home/airflow/.local/lib/python3.7/site-packages/airflow/example_dags/example_dynamic_task_mapping.py
[2023-02-10T02:14:42.188+0000] {logging_mixin.py:137} INFO - [2023-02-10T02:14:42.188+0000] {dag.py:2690} INFO - Sync 1 DAGs
[2023-02-10T02:14:42.301+0000] {logging_mixin.py:137} INFO - [2023-02-10T02:14:42.301+0000] {dag.py:3441} INFO - Setting next_dagrun for example_dynamic_task_mapping to 2022-03-04T00:00:00+00:00, run_after=2022-03-05T00:00:00+00:00
[2023-02-10T02:14:42.422+0000] {processor.py:175} INFO - Processing /home/airflow/.local/lib/python3.7/site-packages/airflow/example_dags/example_dynamic_task_mapping.py took 0.428 seconds
[2023-02-10T02:15:15.253+0000] {processor.py:153} INFO - Started process (PID=2675) to work on /home/airflow/.local/lib/python3.7/site-packages/airflow/example_dags/example_dynamic_task_mapping.py
[2023-02-10T02:15:15.261+0000] {processor.py:743} INFO - Processing file /home/airflow/.local/lib/python3.7/site-packages/airflow/example_dags/example_dynamic_task_mapping.py for tasks to queue
[2023-02-10T02:15:15.266+0000] {logging_mixin.py:137} INFO - [2023-02-10T02:15:15.265+0000] {dagbag.py:538} INFO - Filling up the DagBag from /home/airflow/.local/lib/python3.7/site-packages/airflow/example_dags/example_dynamic_task_mapping.py
[2023-02-10T02:15:15.383+0000] {processor.py:753} INFO - DAG(s) dict_keys(['example_dynamic_task_mapping']) retrieved from /home/airflow/.local/lib/python3.7/site-packages/airflow/example_dags/example_dynamic_task_mapping.py
[2023-02-10T02:15:15.494+0000] {logging_mixin.py:137} INFO - [2023-02-10T02:15:15.494+0000] {dag.py:2690} INFO - Sync 1 DAGs
[2023-02-10T02:15:15.600+0000] {logging_mixin.py:137} INFO - [2023-02-10T02:15:15.600+0000] {dag.py:3441} INFO - Setting next_dagrun for example_dynamic_task_mapping to 2022-03-04T00:00:00+00:00, run_after=2022-03-05T00:00:00+00:00
[2023-02-10T02:15:15.695+0000] {processor.py:175} INFO - Processing /home/airflow/.local/lib/python3.7/site-packages/airflow/example_dags/example_dynamic_task_mapping.py took 0.478 seconds
[2023-02-10T02:15:50.451+0000] {processor.py:153} INFO - Started process (PID=2738) to work on /home/airflow/.local/lib/python3.7/site-packages/airflow/example_dags/example_dynamic_task_mapping.py
[2023-02-10T02:15:50.457+0000] {processor.py:743} INFO - Processing file /home/airflow/.local/lib/python3.7/site-packages/airflow/example_dags/example_dynamic_task_mapping.py for tasks to queue
[2023-02-10T02:15:50.465+0000] {logging_mixin.py:137} INFO - [2023-02-10T02:15:50.465+0000] {dagbag.py:538} INFO - Filling up the DagBag from /home/airflow/.local/lib/python3.7/site-packages/airflow/example_dags/example_dynamic_task_mapping.py
[2023-02-10T02:15:50.628+0000] {processor.py:753} INFO - DAG(s) dict_keys(['example_dynamic_task_mapping']) retrieved from /home/airflow/.local/lib/python3.7/site-packages/airflow/example_dags/example_dynamic_task_mapping.py
[2023-02-10T02:15:50.753+0000] {logging_mixin.py:137} INFO - [2023-02-10T02:15:50.752+0000] {dag.py:2690} INFO - Sync 1 DAGs
[2023-02-10T02:15:50.866+0000] {logging_mixin.py:137} INFO - [2023-02-10T02:15:50.866+0000] {dag.py:3441} INFO - Setting next_dagrun for example_dynamic_task_mapping to 2022-03-04T00:00:00+00:00, run_after=2022-03-05T00:00:00+00:00
[2023-02-10T02:15:50.978+0000] {processor.py:175} INFO - Processing /home/airflow/.local/lib/python3.7/site-packages/airflow/example_dags/example_dynamic_task_mapping.py took 0.567 seconds
[2023-02-10T02:16:21.746+0000] {processor.py:153} INFO - Started process (PID=2789) to work on /home/airflow/.local/lib/python3.7/site-packages/airflow/example_dags/example_dynamic_task_mapping.py
[2023-02-10T02:16:21.752+0000] {processor.py:743} INFO - Processing file /home/airflow/.local/lib/python3.7/site-packages/airflow/example_dags/example_dynamic_task_mapping.py for tasks to queue
[2023-02-10T02:16:21.775+0000] {logging_mixin.py:137} INFO - [2023-02-10T02:16:21.774+0000] {dagbag.py:538} INFO - Filling up the DagBag from /home/airflow/.local/lib/python3.7/site-packages/airflow/example_dags/example_dynamic_task_mapping.py
[2023-02-10T02:16:22.034+0000] {processor.py:753} INFO - DAG(s) dict_keys(['example_dynamic_task_mapping']) retrieved from /home/airflow/.local/lib/python3.7/site-packages/airflow/example_dags/example_dynamic_task_mapping.py
[2023-02-10T02:16:22.365+0000] {logging_mixin.py:137} INFO - [2023-02-10T02:16:22.364+0000] {dag.py:2690} INFO - Sync 1 DAGs
[2023-02-10T02:16:22.459+0000] {logging_mixin.py:137} INFO - [2023-02-10T02:16:22.458+0000] {dag.py:3441} INFO - Setting next_dagrun for example_dynamic_task_mapping to 2022-03-04T00:00:00+00:00, run_after=2022-03-05T00:00:00+00:00
[2023-02-10T02:16:22.529+0000] {processor.py:175} INFO - Processing /home/airflow/.local/lib/python3.7/site-packages/airflow/example_dags/example_dynamic_task_mapping.py took 0.855 seconds
[2023-02-10T02:16:53.254+0000] {processor.py:153} INFO - Started process (PID=2847) to work on /home/airflow/.local/lib/python3.7/site-packages/airflow/example_dags/example_dynamic_task_mapping.py
[2023-02-10T02:16:53.263+0000] {processor.py:743} INFO - Processing file /home/airflow/.local/lib/python3.7/site-packages/airflow/example_dags/example_dynamic_task_mapping.py for tasks to queue
[2023-02-10T02:16:53.274+0000] {logging_mixin.py:137} INFO - [2023-02-10T02:16:53.273+0000] {dagbag.py:538} INFO - Filling up the DagBag from /home/airflow/.local/lib/python3.7/site-packages/airflow/example_dags/example_dynamic_task_mapping.py
[2023-02-10T02:16:53.421+0000] {processor.py:753} INFO - DAG(s) dict_keys(['example_dynamic_task_mapping']) retrieved from /home/airflow/.local/lib/python3.7/site-packages/airflow/example_dags/example_dynamic_task_mapping.py
[2023-02-10T02:16:53.575+0000] {logging_mixin.py:137} INFO - [2023-02-10T02:16:53.575+0000] {dag.py:2690} INFO - Sync 1 DAGs
[2023-02-10T02:16:53.776+0000] {logging_mixin.py:137} INFO - [2023-02-10T02:16:53.776+0000] {dag.py:3441} INFO - Setting next_dagrun for example_dynamic_task_mapping to 2022-03-04T00:00:00+00:00, run_after=2022-03-05T00:00:00+00:00
[2023-02-10T02:16:53.932+0000] {processor.py:175} INFO - Processing /home/airflow/.local/lib/python3.7/site-packages/airflow/example_dags/example_dynamic_task_mapping.py took 0.709 seconds
[2023-02-10T02:17:24.789+0000] {processor.py:153} INFO - Started process (PID=2906) to work on /home/airflow/.local/lib/python3.7/site-packages/airflow/example_dags/example_dynamic_task_mapping.py
[2023-02-10T02:17:24.843+0000] {processor.py:743} INFO - Processing file /home/airflow/.local/lib/python3.7/site-packages/airflow/example_dags/example_dynamic_task_mapping.py for tasks to queue
[2023-02-10T02:17:24.882+0000] {logging_mixin.py:137} INFO - [2023-02-10T02:17:24.882+0000] {dagbag.py:538} INFO - Filling up the DagBag from /home/airflow/.local/lib/python3.7/site-packages/airflow/example_dags/example_dynamic_task_mapping.py
[2023-02-10T02:17:25.211+0000] {processor.py:753} INFO - DAG(s) dict_keys(['example_dynamic_task_mapping']) retrieved from /home/airflow/.local/lib/python3.7/site-packages/airflow/example_dags/example_dynamic_task_mapping.py
[2023-02-10T02:17:25.650+0000] {logging_mixin.py:137} INFO - [2023-02-10T02:17:25.650+0000] {dag.py:2690} INFO - Sync 1 DAGs
[2023-02-10T02:17:25.922+0000] {logging_mixin.py:137} INFO - [2023-02-10T02:17:25.907+0000] {dag.py:3441} INFO - Setting next_dagrun for example_dynamic_task_mapping to 2022-03-04T00:00:00+00:00, run_after=2022-03-05T00:00:00+00:00
[2023-02-10T02:17:26.351+0000] {processor.py:175} INFO - Processing /home/airflow/.local/lib/python3.7/site-packages/airflow/example_dags/example_dynamic_task_mapping.py took 1.610 seconds
[2023-02-10T02:18:08.454+0000] {processor.py:153} INFO - Started process (PID=2963) to work on /home/airflow/.local/lib/python3.7/site-packages/airflow/example_dags/example_dynamic_task_mapping.py
[2023-02-10T02:18:08.472+0000] {processor.py:743} INFO - Processing file /home/airflow/.local/lib/python3.7/site-packages/airflow/example_dags/example_dynamic_task_mapping.py for tasks to queue
[2023-02-10T02:18:08.504+0000] {logging_mixin.py:137} INFO - [2023-02-10T02:18:08.504+0000] {dagbag.py:538} INFO - Filling up the DagBag from /home/airflow/.local/lib/python3.7/site-packages/airflow/example_dags/example_dynamic_task_mapping.py
[2023-02-10T02:18:08.907+0000] {processor.py:753} INFO - DAG(s) dict_keys(['example_dynamic_task_mapping']) retrieved from /home/airflow/.local/lib/python3.7/site-packages/airflow/example_dags/example_dynamic_task_mapping.py
[2023-02-10T02:18:09.339+0000] {logging_mixin.py:137} INFO - [2023-02-10T02:18:09.339+0000] {dag.py:2690} INFO - Sync 1 DAGs
[2023-02-10T02:18:09.614+0000] {logging_mixin.py:137} INFO - [2023-02-10T02:18:09.614+0000] {dag.py:3441} INFO - Setting next_dagrun for example_dynamic_task_mapping to 2022-03-04T00:00:00+00:00, run_after=2022-03-05T00:00:00+00:00
[2023-02-10T02:18:09.819+0000] {processor.py:175} INFO - Processing /home/airflow/.local/lib/python3.7/site-packages/airflow/example_dags/example_dynamic_task_mapping.py took 1.388 seconds
[2023-02-10T02:18:40.358+0000] {processor.py:153} INFO - Started process (PID=3022) to work on /home/airflow/.local/lib/python3.7/site-packages/airflow/example_dags/example_dynamic_task_mapping.py
[2023-02-10T02:18:40.376+0000] {processor.py:743} INFO - Processing file /home/airflow/.local/lib/python3.7/site-packages/airflow/example_dags/example_dynamic_task_mapping.py for tasks to queue
[2023-02-10T02:18:40.386+0000] {logging_mixin.py:137} INFO - [2023-02-10T02:18:40.383+0000] {dagbag.py:538} INFO - Filling up the DagBag from /home/airflow/.local/lib/python3.7/site-packages/airflow/example_dags/example_dynamic_task_mapping.py
[2023-02-10T02:18:40.666+0000] {processor.py:753} INFO - DAG(s) dict_keys(['example_dynamic_task_mapping']) retrieved from /home/airflow/.local/lib/python3.7/site-packages/airflow/example_dags/example_dynamic_task_mapping.py
[2023-02-10T02:18:40.987+0000] {logging_mixin.py:137} INFO - [2023-02-10T02:18:40.986+0000] {dag.py:2690} INFO - Sync 1 DAGs
[2023-02-10T02:18:41.166+0000] {logging_mixin.py:137} INFO - [2023-02-10T02:18:41.165+0000] {dag.py:3441} INFO - Setting next_dagrun for example_dynamic_task_mapping to 2022-03-04T00:00:00+00:00, run_after=2022-03-05T00:00:00+00:00
[2023-02-10T02:18:41.250+0000] {processor.py:175} INFO - Processing /home/airflow/.local/lib/python3.7/site-packages/airflow/example_dags/example_dynamic_task_mapping.py took 0.908 seconds
[2023-02-10T02:19:41.889+0000] {processor.py:153} INFO - Started process (PID=87) to work on /home/airflow/.local/lib/python3.7/site-packages/airflow/example_dags/example_dynamic_task_mapping.py
[2023-02-10T02:19:41.919+0000] {processor.py:743} INFO - Processing file /home/airflow/.local/lib/python3.7/site-packages/airflow/example_dags/example_dynamic_task_mapping.py for tasks to queue
[2023-02-10T02:19:41.931+0000] {logging_mixin.py:137} INFO - [2023-02-10T02:19:41.931+0000] {dagbag.py:538} INFO - Filling up the DagBag from /home/airflow/.local/lib/python3.7/site-packages/airflow/example_dags/example_dynamic_task_mapping.py
[2023-02-10T02:19:42.230+0000] {processor.py:753} INFO - DAG(s) dict_keys(['example_dynamic_task_mapping']) retrieved from /home/airflow/.local/lib/python3.7/site-packages/airflow/example_dags/example_dynamic_task_mapping.py
[2023-02-10T02:19:42.618+0000] {logging_mixin.py:137} INFO - [2023-02-10T02:19:42.618+0000] {dag.py:2690} INFO - Sync 1 DAGs
[2023-02-10T02:19:43.350+0000] {logging_mixin.py:137} INFO - [2023-02-10T02:19:43.336+0000] {dag.py:3441} INFO - Setting next_dagrun for example_dynamic_task_mapping to 2022-03-04T00:00:00+00:00, run_after=2022-03-05T00:00:00+00:00
[2023-02-10T02:19:43.585+0000] {processor.py:175} INFO - Processing /home/airflow/.local/lib/python3.7/site-packages/airflow/example_dags/example_dynamic_task_mapping.py took 1.726 seconds
[2023-02-10T02:20:20.834+0000] {processor.py:153} INFO - Started process (PID=146) to work on /home/airflow/.local/lib/python3.7/site-packages/airflow/example_dags/example_dynamic_task_mapping.py
[2023-02-10T02:20:20.905+0000] {processor.py:743} INFO - Processing file /home/airflow/.local/lib/python3.7/site-packages/airflow/example_dags/example_dynamic_task_mapping.py for tasks to queue
[2023-02-10T02:20:20.991+0000] {logging_mixin.py:137} INFO - [2023-02-10T02:20:20.991+0000] {dagbag.py:538} INFO - Filling up the DagBag from /home/airflow/.local/lib/python3.7/site-packages/airflow/example_dags/example_dynamic_task_mapping.py
[2023-02-10T02:20:22.065+0000] {processor.py:753} INFO - DAG(s) dict_keys(['example_dynamic_task_mapping']) retrieved from /home/airflow/.local/lib/python3.7/site-packages/airflow/example_dags/example_dynamic_task_mapping.py
[2023-02-10T02:20:22.851+0000] {logging_mixin.py:137} INFO - [2023-02-10T02:20:22.851+0000] {dag.py:2690} INFO - Sync 1 DAGs
[2023-02-10T02:20:24.609+0000] {logging_mixin.py:137} INFO - [2023-02-10T02:20:24.354+0000] {dag.py:3441} INFO - Setting next_dagrun for example_dynamic_task_mapping to 2022-03-04T00:00:00+00:00, run_after=2022-03-05T00:00:00+00:00
[2023-02-10T02:20:27.482+0000] {processor.py:175} INFO - Processing /home/airflow/.local/lib/python3.7/site-packages/airflow/example_dags/example_dynamic_task_mapping.py took 6.715 seconds
[2023-02-10T02:21:47.893+0000] {processor.py:153} INFO - Started process (PID=244) to work on /home/airflow/.local/lib/python3.7/site-packages/airflow/example_dags/example_dynamic_task_mapping.py
[2023-02-10T02:21:47.927+0000] {processor.py:743} INFO - Processing file /home/airflow/.local/lib/python3.7/site-packages/airflow/example_dags/example_dynamic_task_mapping.py for tasks to queue
[2023-02-10T02:21:47.949+0000] {logging_mixin.py:137} INFO - [2023-02-10T02:21:47.946+0000] {dagbag.py:538} INFO - Filling up the DagBag from /home/airflow/.local/lib/python3.7/site-packages/airflow/example_dags/example_dynamic_task_mapping.py
[2023-02-10T02:21:48.397+0000] {processor.py:753} INFO - DAG(s) dict_keys(['example_dynamic_task_mapping']) retrieved from /home/airflow/.local/lib/python3.7/site-packages/airflow/example_dags/example_dynamic_task_mapping.py
[2023-02-10T02:21:48.711+0000] {logging_mixin.py:137} INFO - [2023-02-10T02:21:48.708+0000] {dag.py:2690} INFO - Sync 1 DAGs
[2023-02-10T02:21:49.113+0000] {logging_mixin.py:137} INFO - [2023-02-10T02:21:49.113+0000] {dag.py:3441} INFO - Setting next_dagrun for example_dynamic_task_mapping to 2022-03-04T00:00:00+00:00, run_after=2022-03-05T00:00:00+00:00
[2023-02-10T02:21:49.517+0000] {processor.py:175} INFO - Processing /home/airflow/.local/lib/python3.7/site-packages/airflow/example_dags/example_dynamic_task_mapping.py took 1.656 seconds
[2023-02-10T02:22:23.375+0000] {processor.py:153} INFO - Started process (PID=300) to work on /home/airflow/.local/lib/python3.7/site-packages/airflow/example_dags/example_dynamic_task_mapping.py
[2023-02-10T02:22:23.391+0000] {processor.py:743} INFO - Processing file /home/airflow/.local/lib/python3.7/site-packages/airflow/example_dags/example_dynamic_task_mapping.py for tasks to queue
[2023-02-10T02:22:23.396+0000] {logging_mixin.py:137} INFO - [2023-02-10T02:22:23.396+0000] {dagbag.py:538} INFO - Filling up the DagBag from /home/airflow/.local/lib/python3.7/site-packages/airflow/example_dags/example_dynamic_task_mapping.py
[2023-02-10T02:22:24.095+0000] {processor.py:753} INFO - DAG(s) dict_keys(['example_dynamic_task_mapping']) retrieved from /home/airflow/.local/lib/python3.7/site-packages/airflow/example_dags/example_dynamic_task_mapping.py
[2023-02-10T02:22:24.531+0000] {logging_mixin.py:137} INFO - [2023-02-10T02:22:24.531+0000] {dag.py:2690} INFO - Sync 1 DAGs
[2023-02-10T02:22:25.180+0000] {logging_mixin.py:137} INFO - [2023-02-10T02:22:25.143+0000] {dag.py:3441} INFO - Setting next_dagrun for example_dynamic_task_mapping to 2022-03-04T00:00:00+00:00, run_after=2022-03-05T00:00:00+00:00
[2023-02-10T02:22:25.909+0000] {processor.py:175} INFO - Processing /home/airflow/.local/lib/python3.7/site-packages/airflow/example_dags/example_dynamic_task_mapping.py took 2.616 seconds
[2023-02-10T02:23:24.480+0000] {processor.py:153} INFO - Started process (PID=380) to work on /home/airflow/.local/lib/python3.7/site-packages/airflow/example_dags/example_dynamic_task_mapping.py
[2023-02-10T02:23:24.524+0000] {processor.py:743} INFO - Processing file /home/airflow/.local/lib/python3.7/site-packages/airflow/example_dags/example_dynamic_task_mapping.py for tasks to queue
[2023-02-10T02:23:24.587+0000] {logging_mixin.py:137} INFO - [2023-02-10T02:23:24.587+0000] {dagbag.py:538} INFO - Filling up the DagBag from /home/airflow/.local/lib/python3.7/site-packages/airflow/example_dags/example_dynamic_task_mapping.py
[2023-02-10T02:23:25.058+0000] {processor.py:753} INFO - DAG(s) dict_keys(['example_dynamic_task_mapping']) retrieved from /home/airflow/.local/lib/python3.7/site-packages/airflow/example_dags/example_dynamic_task_mapping.py
[2023-02-10T02:23:25.654+0000] {logging_mixin.py:137} INFO - [2023-02-10T02:23:25.654+0000] {dag.py:2690} INFO - Sync 1 DAGs
[2023-02-10T02:23:25.819+0000] {logging_mixin.py:137} INFO - [2023-02-10T02:23:25.819+0000] {dag.py:3441} INFO - Setting next_dagrun for example_dynamic_task_mapping to 2022-03-04T00:00:00+00:00, run_after=2022-03-05T00:00:00+00:00
[2023-02-10T02:23:26.022+0000] {processor.py:175} INFO - Processing /home/airflow/.local/lib/python3.7/site-packages/airflow/example_dags/example_dynamic_task_mapping.py took 1.670 seconds
[2023-02-10T02:23:56.221+0000] {processor.py:153} INFO - Started process (PID=433) to work on /home/airflow/.local/lib/python3.7/site-packages/airflow/example_dags/example_dynamic_task_mapping.py
[2023-02-10T02:23:56.229+0000] {processor.py:743} INFO - Processing file /home/airflow/.local/lib/python3.7/site-packages/airflow/example_dags/example_dynamic_task_mapping.py for tasks to queue
[2023-02-10T02:23:56.239+0000] {logging_mixin.py:137} INFO - [2023-02-10T02:23:56.236+0000] {dagbag.py:538} INFO - Filling up the DagBag from /home/airflow/.local/lib/python3.7/site-packages/airflow/example_dags/example_dynamic_task_mapping.py
[2023-02-10T02:23:56.358+0000] {processor.py:753} INFO - DAG(s) dict_keys(['example_dynamic_task_mapping']) retrieved from /home/airflow/.local/lib/python3.7/site-packages/airflow/example_dags/example_dynamic_task_mapping.py
[2023-02-10T02:23:56.475+0000] {logging_mixin.py:137} INFO - [2023-02-10T02:23:56.474+0000] {dag.py:2690} INFO - Sync 1 DAGs
[2023-02-10T02:23:56.884+0000] {logging_mixin.py:137} INFO - [2023-02-10T02:23:56.883+0000] {dag.py:3441} INFO - Setting next_dagrun for example_dynamic_task_mapping to 2022-03-04T00:00:00+00:00, run_after=2022-03-05T00:00:00+00:00
[2023-02-10T02:23:57.111+0000] {processor.py:175} INFO - Processing /home/airflow/.local/lib/python3.7/site-packages/airflow/example_dags/example_dynamic_task_mapping.py took 0.914 seconds
[2023-02-10T02:24:27.979+0000] {processor.py:153} INFO - Started process (PID=491) to work on /home/airflow/.local/lib/python3.7/site-packages/airflow/example_dags/example_dynamic_task_mapping.py
[2023-02-10T02:24:27.986+0000] {processor.py:743} INFO - Processing file /home/airflow/.local/lib/python3.7/site-packages/airflow/example_dags/example_dynamic_task_mapping.py for tasks to queue
[2023-02-10T02:24:27.995+0000] {logging_mixin.py:137} INFO - [2023-02-10T02:24:27.994+0000] {dagbag.py:538} INFO - Filling up the DagBag from /home/airflow/.local/lib/python3.7/site-packages/airflow/example_dags/example_dynamic_task_mapping.py
[2023-02-10T02:24:28.198+0000] {processor.py:753} INFO - DAG(s) dict_keys(['example_dynamic_task_mapping']) retrieved from /home/airflow/.local/lib/python3.7/site-packages/airflow/example_dags/example_dynamic_task_mapping.py
[2023-02-10T02:24:28.434+0000] {logging_mixin.py:137} INFO - [2023-02-10T02:24:28.433+0000] {dag.py:2690} INFO - Sync 1 DAGs
[2023-02-10T02:24:28.776+0000] {logging_mixin.py:137} INFO - [2023-02-10T02:24:28.775+0000] {dag.py:3441} INFO - Setting next_dagrun for example_dynamic_task_mapping to 2022-03-04T00:00:00+00:00, run_after=2022-03-05T00:00:00+00:00
[2023-02-10T02:24:28.974+0000] {processor.py:175} INFO - Processing /home/airflow/.local/lib/python3.7/site-packages/airflow/example_dags/example_dynamic_task_mapping.py took 1.029 seconds
[2023-02-10T02:25:00.776+0000] {processor.py:153} INFO - Started process (PID=547) to work on /home/airflow/.local/lib/python3.7/site-packages/airflow/example_dags/example_dynamic_task_mapping.py
[2023-02-10T02:25:00.785+0000] {processor.py:743} INFO - Processing file /home/airflow/.local/lib/python3.7/site-packages/airflow/example_dags/example_dynamic_task_mapping.py for tasks to queue
[2023-02-10T02:25:00.788+0000] {logging_mixin.py:137} INFO - [2023-02-10T02:25:00.788+0000] {dagbag.py:538} INFO - Filling up the DagBag from /home/airflow/.local/lib/python3.7/site-packages/airflow/example_dags/example_dynamic_task_mapping.py
[2023-02-10T02:25:01.045+0000] {processor.py:753} INFO - DAG(s) dict_keys(['example_dynamic_task_mapping']) retrieved from /home/airflow/.local/lib/python3.7/site-packages/airflow/example_dags/example_dynamic_task_mapping.py
[2023-02-10T02:25:01.257+0000] {logging_mixin.py:137} INFO - [2023-02-10T02:25:01.256+0000] {dag.py:2690} INFO - Sync 1 DAGs
[2023-02-10T02:25:01.403+0000] {logging_mixin.py:137} INFO - [2023-02-10T02:25:01.403+0000] {dag.py:3441} INFO - Setting next_dagrun for example_dynamic_task_mapping to 2022-03-04T00:00:00+00:00, run_after=2022-03-05T00:00:00+00:00
[2023-02-10T02:25:01.581+0000] {processor.py:175} INFO - Processing /home/airflow/.local/lib/python3.7/site-packages/airflow/example_dags/example_dynamic_task_mapping.py took 0.853 seconds
[2023-02-10T02:25:35.850+0000] {processor.py:153} INFO - Started process (PID=598) to work on /home/airflow/.local/lib/python3.7/site-packages/airflow/example_dags/example_dynamic_task_mapping.py
[2023-02-10T02:25:35.863+0000] {processor.py:743} INFO - Processing file /home/airflow/.local/lib/python3.7/site-packages/airflow/example_dags/example_dynamic_task_mapping.py for tasks to queue
[2023-02-10T02:25:35.875+0000] {logging_mixin.py:137} INFO - [2023-02-10T02:25:35.873+0000] {dagbag.py:538} INFO - Filling up the DagBag from /home/airflow/.local/lib/python3.7/site-packages/airflow/example_dags/example_dynamic_task_mapping.py
[2023-02-10T02:25:36.032+0000] {processor.py:753} INFO - DAG(s) dict_keys(['example_dynamic_task_mapping']) retrieved from /home/airflow/.local/lib/python3.7/site-packages/airflow/example_dags/example_dynamic_task_mapping.py
[2023-02-10T02:25:36.118+0000] {logging_mixin.py:137} INFO - [2023-02-10T02:25:36.118+0000] {dag.py:2690} INFO - Sync 1 DAGs
[2023-02-10T02:25:36.295+0000] {logging_mixin.py:137} INFO - [2023-02-10T02:25:36.295+0000] {dag.py:3441} INFO - Setting next_dagrun for example_dynamic_task_mapping to 2022-03-04T00:00:00+00:00, run_after=2022-03-05T00:00:00+00:00
[2023-02-10T02:25:36.529+0000] {processor.py:175} INFO - Processing /home/airflow/.local/lib/python3.7/site-packages/airflow/example_dags/example_dynamic_task_mapping.py took 0.702 seconds
[2023-02-10T02:26:07.483+0000] {processor.py:153} INFO - Started process (PID=658) to work on /home/airflow/.local/lib/python3.7/site-packages/airflow/example_dags/example_dynamic_task_mapping.py
[2023-02-10T02:26:07.507+0000] {processor.py:743} INFO - Processing file /home/airflow/.local/lib/python3.7/site-packages/airflow/example_dags/example_dynamic_task_mapping.py for tasks to queue
[2023-02-10T02:26:07.520+0000] {logging_mixin.py:137} INFO - [2023-02-10T02:26:07.519+0000] {dagbag.py:538} INFO - Filling up the DagBag from /home/airflow/.local/lib/python3.7/site-packages/airflow/example_dags/example_dynamic_task_mapping.py
[2023-02-10T02:26:07.794+0000] {processor.py:753} INFO - DAG(s) dict_keys(['example_dynamic_task_mapping']) retrieved from /home/airflow/.local/lib/python3.7/site-packages/airflow/example_dags/example_dynamic_task_mapping.py
[2023-02-10T02:26:07.970+0000] {logging_mixin.py:137} INFO - [2023-02-10T02:26:07.970+0000] {dag.py:2690} INFO - Sync 1 DAGs
[2023-02-10T02:26:08.089+0000] {logging_mixin.py:137} INFO - [2023-02-10T02:26:08.088+0000] {dag.py:3441} INFO - Setting next_dagrun for example_dynamic_task_mapping to 2022-03-04T00:00:00+00:00, run_after=2022-03-05T00:00:00+00:00
[2023-02-10T02:26:08.281+0000] {processor.py:175} INFO - Processing /home/airflow/.local/lib/python3.7/site-packages/airflow/example_dags/example_dynamic_task_mapping.py took 0.865 seconds
[2023-02-10T02:26:38.867+0000] {processor.py:153} INFO - Started process (PID=707) to work on /home/airflow/.local/lib/python3.7/site-packages/airflow/example_dags/example_dynamic_task_mapping.py
[2023-02-10T02:26:38.876+0000] {processor.py:743} INFO - Processing file /home/airflow/.local/lib/python3.7/site-packages/airflow/example_dags/example_dynamic_task_mapping.py for tasks to queue
[2023-02-10T02:26:38.881+0000] {logging_mixin.py:137} INFO - [2023-02-10T02:26:38.881+0000] {dagbag.py:538} INFO - Filling up the DagBag from /home/airflow/.local/lib/python3.7/site-packages/airflow/example_dags/example_dynamic_task_mapping.py
[2023-02-10T02:26:39.076+0000] {processor.py:753} INFO - DAG(s) dict_keys(['example_dynamic_task_mapping']) retrieved from /home/airflow/.local/lib/python3.7/site-packages/airflow/example_dags/example_dynamic_task_mapping.py
[2023-02-10T02:26:39.535+0000] {logging_mixin.py:137} INFO - [2023-02-10T02:26:39.525+0000] {dag.py:2690} INFO - Sync 1 DAGs
[2023-02-10T02:26:39.681+0000] {logging_mixin.py:137} INFO - [2023-02-10T02:26:39.681+0000] {dag.py:3441} INFO - Setting next_dagrun for example_dynamic_task_mapping to 2022-03-04T00:00:00+00:00, run_after=2022-03-05T00:00:00+00:00
[2023-02-10T02:26:39.844+0000] {processor.py:175} INFO - Processing /home/airflow/.local/lib/python3.7/site-packages/airflow/example_dags/example_dynamic_task_mapping.py took 0.990 seconds
[2023-02-10T02:27:10.979+0000] {processor.py:153} INFO - Started process (PID=766) to work on /home/airflow/.local/lib/python3.7/site-packages/airflow/example_dags/example_dynamic_task_mapping.py
[2023-02-10T02:27:10.996+0000] {processor.py:743} INFO - Processing file /home/airflow/.local/lib/python3.7/site-packages/airflow/example_dags/example_dynamic_task_mapping.py for tasks to queue
[2023-02-10T02:27:11.007+0000] {logging_mixin.py:137} INFO - [2023-02-10T02:27:11.006+0000] {dagbag.py:538} INFO - Filling up the DagBag from /home/airflow/.local/lib/python3.7/site-packages/airflow/example_dags/example_dynamic_task_mapping.py
[2023-02-10T02:27:11.320+0000] {processor.py:753} INFO - DAG(s) dict_keys(['example_dynamic_task_mapping']) retrieved from /home/airflow/.local/lib/python3.7/site-packages/airflow/example_dags/example_dynamic_task_mapping.py
[2023-02-10T02:27:11.533+0000] {logging_mixin.py:137} INFO - [2023-02-10T02:27:11.530+0000] {dag.py:2690} INFO - Sync 1 DAGs
[2023-02-10T02:27:11.951+0000] {logging_mixin.py:137} INFO - [2023-02-10T02:27:11.950+0000] {dag.py:3441} INFO - Setting next_dagrun for example_dynamic_task_mapping to 2022-03-04T00:00:00+00:00, run_after=2022-03-05T00:00:00+00:00
[2023-02-10T02:27:12.156+0000] {processor.py:175} INFO - Processing /home/airflow/.local/lib/python3.7/site-packages/airflow/example_dags/example_dynamic_task_mapping.py took 1.218 seconds
[2023-02-10T02:27:42.452+0000] {processor.py:153} INFO - Started process (PID=825) to work on /home/airflow/.local/lib/python3.7/site-packages/airflow/example_dags/example_dynamic_task_mapping.py
[2023-02-10T02:27:42.460+0000] {processor.py:743} INFO - Processing file /home/airflow/.local/lib/python3.7/site-packages/airflow/example_dags/example_dynamic_task_mapping.py for tasks to queue
[2023-02-10T02:27:42.467+0000] {logging_mixin.py:137} INFO - [2023-02-10T02:27:42.466+0000] {dagbag.py:538} INFO - Filling up the DagBag from /home/airflow/.local/lib/python3.7/site-packages/airflow/example_dags/example_dynamic_task_mapping.py
[2023-02-10T02:27:42.552+0000] {processor.py:753} INFO - DAG(s) dict_keys(['example_dynamic_task_mapping']) retrieved from /home/airflow/.local/lib/python3.7/site-packages/airflow/example_dags/example_dynamic_task_mapping.py
[2023-02-10T02:27:42.607+0000] {logging_mixin.py:137} INFO - [2023-02-10T02:27:42.606+0000] {dag.py:2690} INFO - Sync 1 DAGs
[2023-02-10T02:27:42.693+0000] {logging_mixin.py:137} INFO - [2023-02-10T02:27:42.692+0000] {dag.py:3441} INFO - Setting next_dagrun for example_dynamic_task_mapping to 2022-03-04T00:00:00+00:00, run_after=2022-03-05T00:00:00+00:00
[2023-02-10T02:27:42.747+0000] {processor.py:175} INFO - Processing /home/airflow/.local/lib/python3.7/site-packages/airflow/example_dags/example_dynamic_task_mapping.py took 0.309 seconds
[2023-02-10T02:28:22.936+0000] {processor.py:153} INFO - Started process (PID=885) to work on /home/airflow/.local/lib/python3.7/site-packages/airflow/example_dags/example_dynamic_task_mapping.py
[2023-02-10T02:28:22.954+0000] {processor.py:743} INFO - Processing file /home/airflow/.local/lib/python3.7/site-packages/airflow/example_dags/example_dynamic_task_mapping.py for tasks to queue
[2023-02-10T02:28:22.962+0000] {logging_mixin.py:137} INFO - [2023-02-10T02:28:22.962+0000] {dagbag.py:538} INFO - Filling up the DagBag from /home/airflow/.local/lib/python3.7/site-packages/airflow/example_dags/example_dynamic_task_mapping.py
[2023-02-10T02:28:23.215+0000] {processor.py:753} INFO - DAG(s) dict_keys(['example_dynamic_task_mapping']) retrieved from /home/airflow/.local/lib/python3.7/site-packages/airflow/example_dags/example_dynamic_task_mapping.py
[2023-02-10T02:28:23.568+0000] {logging_mixin.py:137} INFO - [2023-02-10T02:28:23.566+0000] {dag.py:2690} INFO - Sync 1 DAGs
[2023-02-10T02:28:23.995+0000] {logging_mixin.py:137} INFO - [2023-02-10T02:28:23.995+0000] {dag.py:3441} INFO - Setting next_dagrun for example_dynamic_task_mapping to 2022-03-04T00:00:00+00:00, run_after=2022-03-05T00:00:00+00:00
[2023-02-10T02:28:24.244+0000] {processor.py:175} INFO - Processing /home/airflow/.local/lib/python3.7/site-packages/airflow/example_dags/example_dynamic_task_mapping.py took 1.320 seconds
[2023-02-10T02:28:59.843+0000] {processor.py:153} INFO - Started process (PID=936) to work on /home/airflow/.local/lib/python3.7/site-packages/airflow/example_dags/example_dynamic_task_mapping.py
[2023-02-10T02:28:59.868+0000] {processor.py:743} INFO - Processing file /home/airflow/.local/lib/python3.7/site-packages/airflow/example_dags/example_dynamic_task_mapping.py for tasks to queue
[2023-02-10T02:28:59.893+0000] {logging_mixin.py:137} INFO - [2023-02-10T02:28:59.893+0000] {dagbag.py:538} INFO - Filling up the DagBag from /home/airflow/.local/lib/python3.7/site-packages/airflow/example_dags/example_dynamic_task_mapping.py
[2023-02-10T02:29:00.074+0000] {processor.py:753} INFO - DAG(s) dict_keys(['example_dynamic_task_mapping']) retrieved from /home/airflow/.local/lib/python3.7/site-packages/airflow/example_dags/example_dynamic_task_mapping.py
[2023-02-10T02:29:00.448+0000] {logging_mixin.py:137} INFO - [2023-02-10T02:29:00.447+0000] {dag.py:2690} INFO - Sync 1 DAGs
[2023-02-10T02:29:00.707+0000] {logging_mixin.py:137} INFO - [2023-02-10T02:29:00.706+0000] {dag.py:3441} INFO - Setting next_dagrun for example_dynamic_task_mapping to 2022-03-04T00:00:00+00:00, run_after=2022-03-05T00:00:00+00:00
[2023-02-10T02:29:00.920+0000] {processor.py:175} INFO - Processing /home/airflow/.local/lib/python3.7/site-packages/airflow/example_dags/example_dynamic_task_mapping.py took 1.140 seconds
