[2023-02-10T01:51:49.383+0000] {processor.py:153} INFO - Started process (PID=313) to work on /home/airflow/.local/lib/python3.7/site-packages/airflow/example_dags/example_sla_dag.py
[2023-02-10T01:51:49.434+0000] {processor.py:743} INFO - Processing file /home/airflow/.local/lib/python3.7/site-packages/airflow/example_dags/example_sla_dag.py for tasks to queue
[2023-02-10T01:51:49.451+0000] {logging_mixin.py:137} INFO - [2023-02-10T01:51:49.451+0000] {dagbag.py:538} INFO - Filling up the DagBag from /home/airflow/.local/lib/python3.7/site-packages/airflow/example_dags/example_sla_dag.py
[2023-02-10T01:51:50.829+0000] {processor.py:753} INFO - DAG(s) dict_keys(['example_sla_dag']) retrieved from /home/airflow/.local/lib/python3.7/site-packages/airflow/example_dags/example_sla_dag.py
[2023-02-10T01:51:51.980+0000] {logging_mixin.py:137} INFO - [2023-02-10T01:51:51.979+0000] {dag.py:2690} INFO - Sync 1 DAGs
[2023-02-10T01:51:53.474+0000] {logging_mixin.py:137} INFO - [2023-02-10T01:51:53.440+0000] {dag.py:3441} INFO - Setting next_dagrun for example_sla_dag to 2023-02-10T01:48:00+00:00, run_after=2023-02-10T01:50:00+00:00
[2023-02-10T01:51:54.277+0000] {processor.py:175} INFO - Processing /home/airflow/.local/lib/python3.7/site-packages/airflow/example_dags/example_sla_dag.py took 5.016 seconds
[2023-02-10T01:52:33.322+0000] {processor.py:153} INFO - Started process (PID=372) to work on /home/airflow/.local/lib/python3.7/site-packages/airflow/example_dags/example_sla_dag.py
[2023-02-10T01:52:33.334+0000] {processor.py:743} INFO - Processing file /home/airflow/.local/lib/python3.7/site-packages/airflow/example_dags/example_sla_dag.py for tasks to queue
[2023-02-10T01:52:33.349+0000] {logging_mixin.py:137} INFO - [2023-02-10T01:52:33.348+0000] {dagbag.py:538} INFO - Filling up the DagBag from /home/airflow/.local/lib/python3.7/site-packages/airflow/example_dags/example_sla_dag.py
[2023-02-10T01:52:33.619+0000] {processor.py:753} INFO - DAG(s) dict_keys(['example_sla_dag']) retrieved from /home/airflow/.local/lib/python3.7/site-packages/airflow/example_dags/example_sla_dag.py
[2023-02-10T01:52:34.218+0000] {logging_mixin.py:137} INFO - [2023-02-10T01:52:34.216+0000] {dag.py:2690} INFO - Sync 1 DAGs
[2023-02-10T01:52:34.629+0000] {logging_mixin.py:137} INFO - [2023-02-10T01:52:34.629+0000] {dag.py:3441} INFO - Setting next_dagrun for example_sla_dag to 2023-02-10T01:50:00+00:00, run_after=2023-02-10T01:52:00+00:00
[2023-02-10T01:52:34.863+0000] {processor.py:175} INFO - Processing /home/airflow/.local/lib/python3.7/site-packages/airflow/example_dags/example_sla_dag.py took 1.589 seconds
[2023-02-10T01:53:05.815+0000] {processor.py:153} INFO - Started process (PID=431) to work on /home/airflow/.local/lib/python3.7/site-packages/airflow/example_dags/example_sla_dag.py
[2023-02-10T01:53:05.840+0000] {processor.py:743} INFO - Processing file /home/airflow/.local/lib/python3.7/site-packages/airflow/example_dags/example_sla_dag.py for tasks to queue
[2023-02-10T01:53:05.856+0000] {logging_mixin.py:137} INFO - [2023-02-10T01:53:05.856+0000] {dagbag.py:538} INFO - Filling up the DagBag from /home/airflow/.local/lib/python3.7/site-packages/airflow/example_dags/example_sla_dag.py
[2023-02-10T01:53:06.241+0000] {processor.py:753} INFO - DAG(s) dict_keys(['example_sla_dag']) retrieved from /home/airflow/.local/lib/python3.7/site-packages/airflow/example_dags/example_sla_dag.py
[2023-02-10T01:53:06.740+0000] {logging_mixin.py:137} INFO - [2023-02-10T01:53:06.740+0000] {dag.py:2690} INFO - Sync 1 DAGs
[2023-02-10T01:53:07.001+0000] {logging_mixin.py:137} INFO - [2023-02-10T01:53:07.001+0000] {dag.py:3441} INFO - Setting next_dagrun for example_sla_dag to 2023-02-10T01:50:00+00:00, run_after=2023-02-10T01:52:00+00:00
[2023-02-10T01:53:07.542+0000] {processor.py:175} INFO - Processing /home/airflow/.local/lib/python3.7/site-packages/airflow/example_dags/example_sla_dag.py took 1.765 seconds
[2023-02-10T01:53:38.176+0000] {processor.py:153} INFO - Started process (PID=481) to work on /home/airflow/.local/lib/python3.7/site-packages/airflow/example_dags/example_sla_dag.py
[2023-02-10T01:53:38.182+0000] {processor.py:743} INFO - Processing file /home/airflow/.local/lib/python3.7/site-packages/airflow/example_dags/example_sla_dag.py for tasks to queue
[2023-02-10T01:53:38.187+0000] {logging_mixin.py:137} INFO - [2023-02-10T01:53:38.186+0000] {dagbag.py:538} INFO - Filling up the DagBag from /home/airflow/.local/lib/python3.7/site-packages/airflow/example_dags/example_sla_dag.py
[2023-02-10T01:53:38.243+0000] {processor.py:753} INFO - DAG(s) dict_keys(['example_sla_dag']) retrieved from /home/airflow/.local/lib/python3.7/site-packages/airflow/example_dags/example_sla_dag.py
[2023-02-10T01:53:38.304+0000] {logging_mixin.py:137} INFO - [2023-02-10T01:53:38.303+0000] {dag.py:2690} INFO - Sync 1 DAGs
[2023-02-10T01:53:38.385+0000] {logging_mixin.py:137} INFO - [2023-02-10T01:53:38.384+0000] {dag.py:3441} INFO - Setting next_dagrun for example_sla_dag to 2023-02-10T01:50:00+00:00, run_after=2023-02-10T01:52:00+00:00
[2023-02-10T01:53:38.430+0000] {processor.py:175} INFO - Processing /home/airflow/.local/lib/python3.7/site-packages/airflow/example_dags/example_sla_dag.py took 0.265 seconds
[2023-02-10T01:54:10.593+0000] {processor.py:153} INFO - Started process (PID=539) to work on /home/airflow/.local/lib/python3.7/site-packages/airflow/example_dags/example_sla_dag.py
[2023-02-10T01:54:10.615+0000] {processor.py:743} INFO - Processing file /home/airflow/.local/lib/python3.7/site-packages/airflow/example_dags/example_sla_dag.py for tasks to queue
[2023-02-10T01:54:10.620+0000] {logging_mixin.py:137} INFO - [2023-02-10T01:54:10.620+0000] {dagbag.py:538} INFO - Filling up the DagBag from /home/airflow/.local/lib/python3.7/site-packages/airflow/example_dags/example_sla_dag.py
[2023-02-10T01:54:10.883+0000] {processor.py:753} INFO - DAG(s) dict_keys(['example_sla_dag']) retrieved from /home/airflow/.local/lib/python3.7/site-packages/airflow/example_dags/example_sla_dag.py
[2023-02-10T01:54:11.180+0000] {logging_mixin.py:137} INFO - [2023-02-10T01:54:11.180+0000] {dag.py:2690} INFO - Sync 1 DAGs
[2023-02-10T01:54:11.467+0000] {logging_mixin.py:137} INFO - [2023-02-10T01:54:11.467+0000] {dag.py:3441} INFO - Setting next_dagrun for example_sla_dag to 2023-02-10T01:52:00+00:00, run_after=2023-02-10T01:54:00+00:00
[2023-02-10T01:54:11.667+0000] {processor.py:175} INFO - Processing /home/airflow/.local/lib/python3.7/site-packages/airflow/example_dags/example_sla_dag.py took 1.087 seconds
[2023-02-10T01:54:41.906+0000] {processor.py:153} INFO - Started process (PID=596) to work on /home/airflow/.local/lib/python3.7/site-packages/airflow/example_dags/example_sla_dag.py
[2023-02-10T01:54:41.947+0000] {processor.py:743} INFO - Processing file /home/airflow/.local/lib/python3.7/site-packages/airflow/example_dags/example_sla_dag.py for tasks to queue
[2023-02-10T01:54:41.960+0000] {logging_mixin.py:137} INFO - [2023-02-10T01:54:41.954+0000] {dagbag.py:538} INFO - Filling up the DagBag from /home/airflow/.local/lib/python3.7/site-packages/airflow/example_dags/example_sla_dag.py
[2023-02-10T01:54:42.144+0000] {processor.py:753} INFO - DAG(s) dict_keys(['example_sla_dag']) retrieved from /home/airflow/.local/lib/python3.7/site-packages/airflow/example_dags/example_sla_dag.py
[2023-02-10T01:54:42.251+0000] {logging_mixin.py:137} INFO - [2023-02-10T01:54:42.249+0000] {dag.py:2690} INFO - Sync 1 DAGs
[2023-02-10T01:54:42.420+0000] {logging_mixin.py:137} INFO - [2023-02-10T01:54:42.420+0000] {dag.py:3441} INFO - Setting next_dagrun for example_sla_dag to 2023-02-10T01:52:00+00:00, run_after=2023-02-10T01:54:00+00:00
[2023-02-10T01:54:42.646+0000] {processor.py:175} INFO - Processing /home/airflow/.local/lib/python3.7/site-packages/airflow/example_dags/example_sla_dag.py took 0.767 seconds
[2023-02-10T01:55:12.832+0000] {processor.py:153} INFO - Started process (PID=645) to work on /home/airflow/.local/lib/python3.7/site-packages/airflow/example_dags/example_sla_dag.py
[2023-02-10T01:55:12.837+0000] {processor.py:743} INFO - Processing file /home/airflow/.local/lib/python3.7/site-packages/airflow/example_dags/example_sla_dag.py for tasks to queue
[2023-02-10T01:55:12.842+0000] {logging_mixin.py:137} INFO - [2023-02-10T01:55:12.842+0000] {dagbag.py:538} INFO - Filling up the DagBag from /home/airflow/.local/lib/python3.7/site-packages/airflow/example_dags/example_sla_dag.py
[2023-02-10T01:55:12.897+0000] {processor.py:753} INFO - DAG(s) dict_keys(['example_sla_dag']) retrieved from /home/airflow/.local/lib/python3.7/site-packages/airflow/example_dags/example_sla_dag.py
[2023-02-10T01:55:12.966+0000] {logging_mixin.py:137} INFO - [2023-02-10T01:55:12.965+0000] {dag.py:2690} INFO - Sync 1 DAGs
[2023-02-10T01:55:13.054+0000] {logging_mixin.py:137} INFO - [2023-02-10T01:55:13.053+0000] {dag.py:3441} INFO - Setting next_dagrun for example_sla_dag to 2023-02-10T01:52:00+00:00, run_after=2023-02-10T01:54:00+00:00
[2023-02-10T01:55:13.149+0000] {processor.py:175} INFO - Processing /home/airflow/.local/lib/python3.7/site-packages/airflow/example_dags/example_sla_dag.py took 0.328 seconds
[2023-02-10T01:55:43.649+0000] {processor.py:153} INFO - Started process (PID=703) to work on /home/airflow/.local/lib/python3.7/site-packages/airflow/example_dags/example_sla_dag.py
[2023-02-10T01:55:43.662+0000] {processor.py:743} INFO - Processing file /home/airflow/.local/lib/python3.7/site-packages/airflow/example_dags/example_sla_dag.py for tasks to queue
[2023-02-10T01:55:43.668+0000] {logging_mixin.py:137} INFO - [2023-02-10T01:55:43.667+0000] {dagbag.py:538} INFO - Filling up the DagBag from /home/airflow/.local/lib/python3.7/site-packages/airflow/example_dags/example_sla_dag.py
[2023-02-10T01:55:43.764+0000] {processor.py:753} INFO - DAG(s) dict_keys(['example_sla_dag']) retrieved from /home/airflow/.local/lib/python3.7/site-packages/airflow/example_dags/example_sla_dag.py
[2023-02-10T01:55:43.932+0000] {logging_mixin.py:137} INFO - [2023-02-10T01:55:43.931+0000] {dag.py:2690} INFO - Sync 1 DAGs
[2023-02-10T01:55:44.125+0000] {logging_mixin.py:137} INFO - [2023-02-10T01:55:44.125+0000] {dag.py:3441} INFO - Setting next_dagrun for example_sla_dag to 2023-02-10T01:52:00+00:00, run_after=2023-02-10T01:54:00+00:00
[2023-02-10T01:55:44.199+0000] {processor.py:175} INFO - Processing /home/airflow/.local/lib/python3.7/site-packages/airflow/example_dags/example_sla_dag.py took 0.567 seconds
[2023-02-10T01:56:14.479+0000] {processor.py:153} INFO - Started process (PID=762) to work on /home/airflow/.local/lib/python3.7/site-packages/airflow/example_dags/example_sla_dag.py
[2023-02-10T01:56:14.494+0000] {processor.py:743} INFO - Processing file /home/airflow/.local/lib/python3.7/site-packages/airflow/example_dags/example_sla_dag.py for tasks to queue
[2023-02-10T01:56:14.508+0000] {logging_mixin.py:137} INFO - [2023-02-10T01:56:14.504+0000] {dagbag.py:538} INFO - Filling up the DagBag from /home/airflow/.local/lib/python3.7/site-packages/airflow/example_dags/example_sla_dag.py
[2023-02-10T01:56:14.693+0000] {processor.py:753} INFO - DAG(s) dict_keys(['example_sla_dag']) retrieved from /home/airflow/.local/lib/python3.7/site-packages/airflow/example_dags/example_sla_dag.py
[2023-02-10T01:56:14.812+0000] {logging_mixin.py:137} INFO - [2023-02-10T01:56:14.811+0000] {dag.py:2690} INFO - Sync 1 DAGs
[2023-02-10T01:56:14.997+0000] {logging_mixin.py:137} INFO - [2023-02-10T01:56:14.997+0000] {dag.py:3441} INFO - Setting next_dagrun for example_sla_dag to 2023-02-10T01:54:00+00:00, run_after=2023-02-10T01:56:00+00:00
[2023-02-10T01:56:15.427+0000] {processor.py:175} INFO - Processing /home/airflow/.local/lib/python3.7/site-packages/airflow/example_dags/example_sla_dag.py took 1.019 seconds
[2023-02-10T01:56:45.907+0000] {processor.py:153} INFO - Started process (PID=821) to work on /home/airflow/.local/lib/python3.7/site-packages/airflow/example_dags/example_sla_dag.py
[2023-02-10T01:56:45.917+0000] {processor.py:743} INFO - Processing file /home/airflow/.local/lib/python3.7/site-packages/airflow/example_dags/example_sla_dag.py for tasks to queue
[2023-02-10T01:56:45.930+0000] {logging_mixin.py:137} INFO - [2023-02-10T01:56:45.929+0000] {dagbag.py:538} INFO - Filling up the DagBag from /home/airflow/.local/lib/python3.7/site-packages/airflow/example_dags/example_sla_dag.py
[2023-02-10T01:56:46.180+0000] {processor.py:753} INFO - DAG(s) dict_keys(['example_sla_dag']) retrieved from /home/airflow/.local/lib/python3.7/site-packages/airflow/example_dags/example_sla_dag.py
[2023-02-10T01:56:46.485+0000] {logging_mixin.py:137} INFO - [2023-02-10T01:56:46.484+0000] {dag.py:2690} INFO - Sync 1 DAGs
[2023-02-10T01:56:46.717+0000] {logging_mixin.py:137} INFO - [2023-02-10T01:56:46.717+0000] {dag.py:3441} INFO - Setting next_dagrun for example_sla_dag to 2023-02-10T01:54:00+00:00, run_after=2023-02-10T01:56:00+00:00
[2023-02-10T01:56:46.831+0000] {processor.py:175} INFO - Processing /home/airflow/.local/lib/python3.7/site-packages/airflow/example_dags/example_sla_dag.py took 0.946 seconds
[2023-02-10T01:57:27.912+0000] {processor.py:153} INFO - Started process (PID=876) to work on /home/airflow/.local/lib/python3.7/site-packages/airflow/example_dags/example_sla_dag.py
[2023-02-10T01:57:27.934+0000] {processor.py:743} INFO - Processing file /home/airflow/.local/lib/python3.7/site-packages/airflow/example_dags/example_sla_dag.py for tasks to queue
[2023-02-10T01:57:27.955+0000] {logging_mixin.py:137} INFO - [2023-02-10T01:57:27.943+0000] {dagbag.py:538} INFO - Filling up the DagBag from /home/airflow/.local/lib/python3.7/site-packages/airflow/example_dags/example_sla_dag.py
[2023-02-10T01:57:28.429+0000] {processor.py:753} INFO - DAG(s) dict_keys(['example_sla_dag']) retrieved from /home/airflow/.local/lib/python3.7/site-packages/airflow/example_dags/example_sla_dag.py
[2023-02-10T01:57:29.002+0000] {logging_mixin.py:137} INFO - [2023-02-10T01:57:28.995+0000] {dag.py:2690} INFO - Sync 1 DAGs
[2023-02-10T01:57:29.805+0000] {logging_mixin.py:137} INFO - [2023-02-10T01:57:29.804+0000] {dag.py:3441} INFO - Setting next_dagrun for example_sla_dag to 2023-02-10T01:54:00+00:00, run_after=2023-02-10T01:56:00+00:00
[2023-02-10T01:57:30.695+0000] {processor.py:175} INFO - Processing /home/airflow/.local/lib/python3.7/site-packages/airflow/example_dags/example_sla_dag.py took 2.828 seconds
[2023-02-10T01:58:07.298+0000] {processor.py:153} INFO - Started process (PID=936) to work on /home/airflow/.local/lib/python3.7/site-packages/airflow/example_dags/example_sla_dag.py
[2023-02-10T01:58:07.318+0000] {processor.py:743} INFO - Processing file /home/airflow/.local/lib/python3.7/site-packages/airflow/example_dags/example_sla_dag.py for tasks to queue
[2023-02-10T01:58:07.322+0000] {logging_mixin.py:137} INFO - [2023-02-10T01:58:07.322+0000] {dagbag.py:538} INFO - Filling up the DagBag from /home/airflow/.local/lib/python3.7/site-packages/airflow/example_dags/example_sla_dag.py
[2023-02-10T01:58:07.658+0000] {processor.py:753} INFO - DAG(s) dict_keys(['example_sla_dag']) retrieved from /home/airflow/.local/lib/python3.7/site-packages/airflow/example_dags/example_sla_dag.py
[2023-02-10T01:58:08.079+0000] {logging_mixin.py:137} INFO - [2023-02-10T01:58:08.078+0000] {dag.py:2690} INFO - Sync 1 DAGs
[2023-02-10T01:58:08.483+0000] {logging_mixin.py:137} INFO - [2023-02-10T01:58:08.483+0000] {dag.py:3441} INFO - Setting next_dagrun for example_sla_dag to 2023-02-10T01:56:00+00:00, run_after=2023-02-10T01:58:00+00:00
[2023-02-10T01:58:08.645+0000] {processor.py:175} INFO - Processing /home/airflow/.local/lib/python3.7/site-packages/airflow/example_dags/example_sla_dag.py took 1.400 seconds
[2023-02-10T01:58:55.563+0000] {processor.py:153} INFO - Started process (PID=1001) to work on /home/airflow/.local/lib/python3.7/site-packages/airflow/example_dags/example_sla_dag.py
[2023-02-10T01:58:55.588+0000] {processor.py:743} INFO - Processing file /home/airflow/.local/lib/python3.7/site-packages/airflow/example_dags/example_sla_dag.py for tasks to queue
[2023-02-10T01:58:55.610+0000] {logging_mixin.py:137} INFO - [2023-02-10T01:58:55.610+0000] {dagbag.py:538} INFO - Filling up the DagBag from /home/airflow/.local/lib/python3.7/site-packages/airflow/example_dags/example_sla_dag.py
[2023-02-10T01:58:55.784+0000] {processor.py:753} INFO - DAG(s) dict_keys(['example_sla_dag']) retrieved from /home/airflow/.local/lib/python3.7/site-packages/airflow/example_dags/example_sla_dag.py
[2023-02-10T01:58:55.902+0000] {logging_mixin.py:137} INFO - [2023-02-10T01:58:55.901+0000] {dag.py:2690} INFO - Sync 1 DAGs
[2023-02-10T01:58:56.050+0000] {logging_mixin.py:137} INFO - [2023-02-10T01:58:56.048+0000] {dag.py:3441} INFO - Setting next_dagrun for example_sla_dag to 2023-02-10T01:56:00+00:00, run_after=2023-02-10T01:58:00+00:00
[2023-02-10T01:58:56.125+0000] {processor.py:175} INFO - Processing /home/airflow/.local/lib/python3.7/site-packages/airflow/example_dags/example_sla_dag.py took 0.579 seconds
[2023-02-10T01:59:29.346+0000] {processor.py:153} INFO - Started process (PID=1057) to work on /home/airflow/.local/lib/python3.7/site-packages/airflow/example_dags/example_sla_dag.py
[2023-02-10T01:59:29.365+0000] {processor.py:743} INFO - Processing file /home/airflow/.local/lib/python3.7/site-packages/airflow/example_dags/example_sla_dag.py for tasks to queue
[2023-02-10T01:59:29.377+0000] {logging_mixin.py:137} INFO - [2023-02-10T01:59:29.371+0000] {dagbag.py:538} INFO - Filling up the DagBag from /home/airflow/.local/lib/python3.7/site-packages/airflow/example_dags/example_sla_dag.py
[2023-02-10T01:59:29.795+0000] {processor.py:753} INFO - DAG(s) dict_keys(['example_sla_dag']) retrieved from /home/airflow/.local/lib/python3.7/site-packages/airflow/example_dags/example_sla_dag.py
[2023-02-10T01:59:29.996+0000] {logging_mixin.py:137} INFO - [2023-02-10T01:59:29.996+0000] {dag.py:2690} INFO - Sync 1 DAGs
[2023-02-10T01:59:30.370+0000] {logging_mixin.py:137} INFO - [2023-02-10T01:59:30.369+0000] {dag.py:3441} INFO - Setting next_dagrun for example_sla_dag to 2023-02-10T01:56:00+00:00, run_after=2023-02-10T01:58:00+00:00
[2023-02-10T01:59:30.617+0000] {processor.py:175} INFO - Processing /home/airflow/.local/lib/python3.7/site-packages/airflow/example_dags/example_sla_dag.py took 1.282 seconds
[2023-02-10T02:00:17.124+0000] {processor.py:153} INFO - Started process (PID=1116) to work on /home/airflow/.local/lib/python3.7/site-packages/airflow/example_dags/example_sla_dag.py
[2023-02-10T02:00:17.129+0000] {processor.py:743} INFO - Processing file /home/airflow/.local/lib/python3.7/site-packages/airflow/example_dags/example_sla_dag.py for tasks to queue
[2023-02-10T02:00:17.140+0000] {logging_mixin.py:137} INFO - [2023-02-10T02:00:17.139+0000] {dagbag.py:538} INFO - Filling up the DagBag from /home/airflow/.local/lib/python3.7/site-packages/airflow/example_dags/example_sla_dag.py
[2023-02-10T02:00:17.248+0000] {processor.py:753} INFO - DAG(s) dict_keys(['example_sla_dag']) retrieved from /home/airflow/.local/lib/python3.7/site-packages/airflow/example_dags/example_sla_dag.py
[2023-02-10T02:00:17.329+0000] {logging_mixin.py:137} INFO - [2023-02-10T02:00:17.329+0000] {dag.py:2690} INFO - Sync 1 DAGs
[2023-02-10T02:00:17.419+0000] {logging_mixin.py:137} INFO - [2023-02-10T02:00:17.419+0000] {dag.py:3441} INFO - Setting next_dagrun for example_sla_dag to 2023-02-10T01:58:00+00:00, run_after=2023-02-10T02:00:00+00:00
[2023-02-10T02:00:17.563+0000] {processor.py:175} INFO - Processing /home/airflow/.local/lib/python3.7/site-packages/airflow/example_dags/example_sla_dag.py took 0.454 seconds
[2023-02-10T02:00:49.715+0000] {processor.py:153} INFO - Started process (PID=1173) to work on /home/airflow/.local/lib/python3.7/site-packages/airflow/example_dags/example_sla_dag.py
[2023-02-10T02:00:49.722+0000] {processor.py:743} INFO - Processing file /home/airflow/.local/lib/python3.7/site-packages/airflow/example_dags/example_sla_dag.py for tasks to queue
[2023-02-10T02:00:49.743+0000] {logging_mixin.py:137} INFO - [2023-02-10T02:00:49.742+0000] {dagbag.py:538} INFO - Filling up the DagBag from /home/airflow/.local/lib/python3.7/site-packages/airflow/example_dags/example_sla_dag.py
[2023-02-10T02:00:49.959+0000] {processor.py:753} INFO - DAG(s) dict_keys(['example_sla_dag']) retrieved from /home/airflow/.local/lib/python3.7/site-packages/airflow/example_dags/example_sla_dag.py
[2023-02-10T02:00:50.271+0000] {logging_mixin.py:137} INFO - [2023-02-10T02:00:50.271+0000] {dag.py:2690} INFO - Sync 1 DAGs
[2023-02-10T02:00:50.694+0000] {logging_mixin.py:137} INFO - [2023-02-10T02:00:50.694+0000] {dag.py:3441} INFO - Setting next_dagrun for example_sla_dag to 2023-02-10T01:58:00+00:00, run_after=2023-02-10T02:00:00+00:00
[2023-02-10T02:00:50.877+0000] {processor.py:175} INFO - Processing /home/airflow/.local/lib/python3.7/site-packages/airflow/example_dags/example_sla_dag.py took 1.180 seconds
[2023-02-10T02:01:27.419+0000] {processor.py:153} INFO - Started process (PID=1230) to work on /home/airflow/.local/lib/python3.7/site-packages/airflow/example_dags/example_sla_dag.py
[2023-02-10T02:01:27.438+0000] {processor.py:743} INFO - Processing file /home/airflow/.local/lib/python3.7/site-packages/airflow/example_dags/example_sla_dag.py for tasks to queue
[2023-02-10T02:01:27.442+0000] {logging_mixin.py:137} INFO - [2023-02-10T02:01:27.442+0000] {dagbag.py:538} INFO - Filling up the DagBag from /home/airflow/.local/lib/python3.7/site-packages/airflow/example_dags/example_sla_dag.py
[2023-02-10T02:01:27.862+0000] {processor.py:753} INFO - DAG(s) dict_keys(['example_sla_dag']) retrieved from /home/airflow/.local/lib/python3.7/site-packages/airflow/example_dags/example_sla_dag.py
[2023-02-10T02:01:28.080+0000] {logging_mixin.py:137} INFO - [2023-02-10T02:01:28.072+0000] {dag.py:2690} INFO - Sync 1 DAGs
[2023-02-10T02:01:28.507+0000] {logging_mixin.py:137} INFO - [2023-02-10T02:01:28.506+0000] {dag.py:3441} INFO - Setting next_dagrun for example_sla_dag to 2023-02-10T01:58:00+00:00, run_after=2023-02-10T02:00:00+00:00
[2023-02-10T02:01:28.686+0000] {processor.py:175} INFO - Processing /home/airflow/.local/lib/python3.7/site-packages/airflow/example_dags/example_sla_dag.py took 1.366 seconds
[2023-02-10T02:02:04.572+0000] {processor.py:153} INFO - Started process (PID=1281) to work on /home/airflow/.local/lib/python3.7/site-packages/airflow/example_dags/example_sla_dag.py
[2023-02-10T02:02:04.576+0000] {processor.py:743} INFO - Processing file /home/airflow/.local/lib/python3.7/site-packages/airflow/example_dags/example_sla_dag.py for tasks to queue
[2023-02-10T02:02:04.586+0000] {logging_mixin.py:137} INFO - [2023-02-10T02:02:04.586+0000] {dagbag.py:538} INFO - Filling up the DagBag from /home/airflow/.local/lib/python3.7/site-packages/airflow/example_dags/example_sla_dag.py
[2023-02-10T02:02:05.021+0000] {processor.py:753} INFO - DAG(s) dict_keys(['example_sla_dag']) retrieved from /home/airflow/.local/lib/python3.7/site-packages/airflow/example_dags/example_sla_dag.py
[2023-02-10T02:02:05.441+0000] {logging_mixin.py:137} INFO - [2023-02-10T02:02:05.415+0000] {dag.py:2690} INFO - Sync 1 DAGs
[2023-02-10T02:02:06.117+0000] {logging_mixin.py:137} INFO - [2023-02-10T02:02:06.117+0000] {dag.py:3441} INFO - Setting next_dagrun for example_sla_dag to 2023-02-10T02:00:00+00:00, run_after=2023-02-10T02:02:00+00:00
[2023-02-10T02:02:06.486+0000] {processor.py:175} INFO - Processing /home/airflow/.local/lib/python3.7/site-packages/airflow/example_dags/example_sla_dag.py took 1.969 seconds
[2023-02-10T02:02:37.130+0000] {processor.py:153} INFO - Started process (PID=1339) to work on /home/airflow/.local/lib/python3.7/site-packages/airflow/example_dags/example_sla_dag.py
[2023-02-10T02:02:37.140+0000] {processor.py:743} INFO - Processing file /home/airflow/.local/lib/python3.7/site-packages/airflow/example_dags/example_sla_dag.py for tasks to queue
[2023-02-10T02:02:37.144+0000] {logging_mixin.py:137} INFO - [2023-02-10T02:02:37.143+0000] {dagbag.py:538} INFO - Filling up the DagBag from /home/airflow/.local/lib/python3.7/site-packages/airflow/example_dags/example_sla_dag.py
[2023-02-10T02:02:37.280+0000] {processor.py:753} INFO - DAG(s) dict_keys(['example_sla_dag']) retrieved from /home/airflow/.local/lib/python3.7/site-packages/airflow/example_dags/example_sla_dag.py
[2023-02-10T02:02:37.383+0000] {logging_mixin.py:137} INFO - [2023-02-10T02:02:37.383+0000] {dag.py:2690} INFO - Sync 1 DAGs
[2023-02-10T02:02:37.511+0000] {logging_mixin.py:137} INFO - [2023-02-10T02:02:37.511+0000] {dag.py:3441} INFO - Setting next_dagrun for example_sla_dag to 2023-02-10T02:00:00+00:00, run_after=2023-02-10T02:02:00+00:00
[2023-02-10T02:02:37.643+0000] {processor.py:175} INFO - Processing /home/airflow/.local/lib/python3.7/site-packages/airflow/example_dags/example_sla_dag.py took 0.526 seconds
[2023-02-10T02:03:07.842+0000] {processor.py:153} INFO - Started process (PID=1398) to work on /home/airflow/.local/lib/python3.7/site-packages/airflow/example_dags/example_sla_dag.py
[2023-02-10T02:03:07.853+0000] {processor.py:743} INFO - Processing file /home/airflow/.local/lib/python3.7/site-packages/airflow/example_dags/example_sla_dag.py for tasks to queue
[2023-02-10T02:03:07.858+0000] {logging_mixin.py:137} INFO - [2023-02-10T02:03:07.858+0000] {dagbag.py:538} INFO - Filling up the DagBag from /home/airflow/.local/lib/python3.7/site-packages/airflow/example_dags/example_sla_dag.py
[2023-02-10T02:03:07.949+0000] {processor.py:753} INFO - DAG(s) dict_keys(['example_sla_dag']) retrieved from /home/airflow/.local/lib/python3.7/site-packages/airflow/example_dags/example_sla_dag.py
[2023-02-10T02:03:08.068+0000] {logging_mixin.py:137} INFO - [2023-02-10T02:03:08.068+0000] {dag.py:2690} INFO - Sync 1 DAGs
[2023-02-10T02:03:08.225+0000] {logging_mixin.py:137} INFO - [2023-02-10T02:03:08.225+0000] {dag.py:3441} INFO - Setting next_dagrun for example_sla_dag to 2023-02-10T02:00:00+00:00, run_after=2023-02-10T02:02:00+00:00
[2023-02-10T02:03:08.326+0000] {processor.py:175} INFO - Processing /home/airflow/.local/lib/python3.7/site-packages/airflow/example_dags/example_sla_dag.py took 0.501 seconds
[2023-02-10T02:03:38.713+0000] {processor.py:153} INFO - Started process (PID=1458) to work on /home/airflow/.local/lib/python3.7/site-packages/airflow/example_dags/example_sla_dag.py
[2023-02-10T02:03:38.725+0000] {processor.py:743} INFO - Processing file /home/airflow/.local/lib/python3.7/site-packages/airflow/example_dags/example_sla_dag.py for tasks to queue
[2023-02-10T02:03:38.733+0000] {logging_mixin.py:137} INFO - [2023-02-10T02:03:38.731+0000] {dagbag.py:538} INFO - Filling up the DagBag from /home/airflow/.local/lib/python3.7/site-packages/airflow/example_dags/example_sla_dag.py
[2023-02-10T02:03:38.861+0000] {processor.py:753} INFO - DAG(s) dict_keys(['example_sla_dag']) retrieved from /home/airflow/.local/lib/python3.7/site-packages/airflow/example_dags/example_sla_dag.py
[2023-02-10T02:03:39.025+0000] {logging_mixin.py:137} INFO - [2023-02-10T02:03:39.025+0000] {dag.py:2690} INFO - Sync 1 DAGs
[2023-02-10T02:03:39.287+0000] {logging_mixin.py:137} INFO - [2023-02-10T02:03:39.287+0000] {dag.py:3441} INFO - Setting next_dagrun for example_sla_dag to 2023-02-10T02:00:00+00:00, run_after=2023-02-10T02:02:00+00:00
[2023-02-10T02:03:39.457+0000] {processor.py:175} INFO - Processing /home/airflow/.local/lib/python3.7/site-packages/airflow/example_dags/example_sla_dag.py took 0.768 seconds
[2023-02-10T02:04:09.938+0000] {processor.py:153} INFO - Started process (PID=1517) to work on /home/airflow/.local/lib/python3.7/site-packages/airflow/example_dags/example_sla_dag.py
[2023-02-10T02:04:09.946+0000] {processor.py:743} INFO - Processing file /home/airflow/.local/lib/python3.7/site-packages/airflow/example_dags/example_sla_dag.py for tasks to queue
[2023-02-10T02:04:09.954+0000] {logging_mixin.py:137} INFO - [2023-02-10T02:04:09.953+0000] {dagbag.py:538} INFO - Filling up the DagBag from /home/airflow/.local/lib/python3.7/site-packages/airflow/example_dags/example_sla_dag.py
[2023-02-10T02:04:10.014+0000] {processor.py:753} INFO - DAG(s) dict_keys(['example_sla_dag']) retrieved from /home/airflow/.local/lib/python3.7/site-packages/airflow/example_dags/example_sla_dag.py
[2023-02-10T02:04:10.070+0000] {logging_mixin.py:137} INFO - [2023-02-10T02:04:10.070+0000] {dag.py:2690} INFO - Sync 1 DAGs
[2023-02-10T02:04:10.142+0000] {logging_mixin.py:137} INFO - [2023-02-10T02:04:10.141+0000] {dag.py:3441} INFO - Setting next_dagrun for example_sla_dag to 2023-02-10T02:02:00+00:00, run_after=2023-02-10T02:04:00+00:00
[2023-02-10T02:04:10.218+0000] {processor.py:175} INFO - Processing /home/airflow/.local/lib/python3.7/site-packages/airflow/example_dags/example_sla_dag.py took 0.300 seconds
[2023-02-10T02:04:40.478+0000] {processor.py:153} INFO - Started process (PID=1574) to work on /home/airflow/.local/lib/python3.7/site-packages/airflow/example_dags/example_sla_dag.py
[2023-02-10T02:04:40.482+0000] {processor.py:743} INFO - Processing file /home/airflow/.local/lib/python3.7/site-packages/airflow/example_dags/example_sla_dag.py for tasks to queue
[2023-02-10T02:04:40.485+0000] {logging_mixin.py:137} INFO - [2023-02-10T02:04:40.485+0000] {dagbag.py:538} INFO - Filling up the DagBag from /home/airflow/.local/lib/python3.7/site-packages/airflow/example_dags/example_sla_dag.py
[2023-02-10T02:04:40.542+0000] {processor.py:753} INFO - DAG(s) dict_keys(['example_sla_dag']) retrieved from /home/airflow/.local/lib/python3.7/site-packages/airflow/example_dags/example_sla_dag.py
[2023-02-10T02:04:40.607+0000] {logging_mixin.py:137} INFO - [2023-02-10T02:04:40.607+0000] {dag.py:2690} INFO - Sync 1 DAGs
[2023-02-10T02:04:40.684+0000] {logging_mixin.py:137} INFO - [2023-02-10T02:04:40.684+0000] {dag.py:3441} INFO - Setting next_dagrun for example_sla_dag to 2023-02-10T02:02:00+00:00, run_after=2023-02-10T02:04:00+00:00
[2023-02-10T02:04:40.744+0000] {processor.py:175} INFO - Processing /home/airflow/.local/lib/python3.7/site-packages/airflow/example_dags/example_sla_dag.py took 0.279 seconds
[2023-02-10T02:05:11.226+0000] {processor.py:153} INFO - Started process (PID=1633) to work on /home/airflow/.local/lib/python3.7/site-packages/airflow/example_dags/example_sla_dag.py
[2023-02-10T02:05:11.238+0000] {processor.py:743} INFO - Processing file /home/airflow/.local/lib/python3.7/site-packages/airflow/example_dags/example_sla_dag.py for tasks to queue
[2023-02-10T02:05:11.252+0000] {logging_mixin.py:137} INFO - [2023-02-10T02:05:11.249+0000] {dagbag.py:538} INFO - Filling up the DagBag from /home/airflow/.local/lib/python3.7/site-packages/airflow/example_dags/example_sla_dag.py
[2023-02-10T02:05:11.415+0000] {processor.py:753} INFO - DAG(s) dict_keys(['example_sla_dag']) retrieved from /home/airflow/.local/lib/python3.7/site-packages/airflow/example_dags/example_sla_dag.py
[2023-02-10T02:05:11.593+0000] {logging_mixin.py:137} INFO - [2023-02-10T02:05:11.592+0000] {dag.py:2690} INFO - Sync 1 DAGs
[2023-02-10T02:05:11.824+0000] {logging_mixin.py:137} INFO - [2023-02-10T02:05:11.824+0000] {dag.py:3441} INFO - Setting next_dagrun for example_sla_dag to 2023-02-10T02:02:00+00:00, run_after=2023-02-10T02:04:00+00:00
[2023-02-10T02:05:11.937+0000] {processor.py:175} INFO - Processing /home/airflow/.local/lib/python3.7/site-packages/airflow/example_dags/example_sla_dag.py took 0.736 seconds
[2023-02-10T02:05:42.547+0000] {processor.py:153} INFO - Started process (PID=1691) to work on /home/airflow/.local/lib/python3.7/site-packages/airflow/example_dags/example_sla_dag.py
[2023-02-10T02:05:42.555+0000] {processor.py:743} INFO - Processing file /home/airflow/.local/lib/python3.7/site-packages/airflow/example_dags/example_sla_dag.py for tasks to queue
[2023-02-10T02:05:42.562+0000] {logging_mixin.py:137} INFO - [2023-02-10T02:05:42.562+0000] {dagbag.py:538} INFO - Filling up the DagBag from /home/airflow/.local/lib/python3.7/site-packages/airflow/example_dags/example_sla_dag.py
[2023-02-10T02:05:42.695+0000] {processor.py:753} INFO - DAG(s) dict_keys(['example_sla_dag']) retrieved from /home/airflow/.local/lib/python3.7/site-packages/airflow/example_dags/example_sla_dag.py
[2023-02-10T02:05:42.787+0000] {logging_mixin.py:137} INFO - [2023-02-10T02:05:42.786+0000] {dag.py:2690} INFO - Sync 1 DAGs
[2023-02-10T02:05:42.925+0000] {logging_mixin.py:137} INFO - [2023-02-10T02:05:42.925+0000] {dag.py:3441} INFO - Setting next_dagrun for example_sla_dag to 2023-02-10T02:02:00+00:00, run_after=2023-02-10T02:04:00+00:00
[2023-02-10T02:05:43.046+0000] {processor.py:175} INFO - Processing /home/airflow/.local/lib/python3.7/site-packages/airflow/example_dags/example_sla_dag.py took 0.535 seconds
[2023-02-10T02:06:13.700+0000] {processor.py:153} INFO - Started process (PID=1748) to work on /home/airflow/.local/lib/python3.7/site-packages/airflow/example_dags/example_sla_dag.py
[2023-02-10T02:06:13.708+0000] {processor.py:743} INFO - Processing file /home/airflow/.local/lib/python3.7/site-packages/airflow/example_dags/example_sla_dag.py for tasks to queue
[2023-02-10T02:06:13.732+0000] {logging_mixin.py:137} INFO - [2023-02-10T02:06:13.732+0000] {dagbag.py:538} INFO - Filling up the DagBag from /home/airflow/.local/lib/python3.7/site-packages/airflow/example_dags/example_sla_dag.py
[2023-02-10T02:06:13.834+0000] {processor.py:753} INFO - DAG(s) dict_keys(['example_sla_dag']) retrieved from /home/airflow/.local/lib/python3.7/site-packages/airflow/example_dags/example_sla_dag.py
[2023-02-10T02:06:13.969+0000] {logging_mixin.py:137} INFO - [2023-02-10T02:06:13.968+0000] {dag.py:2690} INFO - Sync 1 DAGs
[2023-02-10T02:06:14.161+0000] {logging_mixin.py:137} INFO - [2023-02-10T02:06:14.161+0000] {dag.py:3441} INFO - Setting next_dagrun for example_sla_dag to 2023-02-10T02:04:00+00:00, run_after=2023-02-10T02:06:00+00:00
[2023-02-10T02:06:14.308+0000] {processor.py:175} INFO - Processing /home/airflow/.local/lib/python3.7/site-packages/airflow/example_dags/example_sla_dag.py took 0.618 seconds
[2023-02-10T02:06:44.464+0000] {processor.py:153} INFO - Started process (PID=1797) to work on /home/airflow/.local/lib/python3.7/site-packages/airflow/example_dags/example_sla_dag.py
[2023-02-10T02:06:44.467+0000] {processor.py:743} INFO - Processing file /home/airflow/.local/lib/python3.7/site-packages/airflow/example_dags/example_sla_dag.py for tasks to queue
[2023-02-10T02:06:44.471+0000] {logging_mixin.py:137} INFO - [2023-02-10T02:06:44.471+0000] {dagbag.py:538} INFO - Filling up the DagBag from /home/airflow/.local/lib/python3.7/site-packages/airflow/example_dags/example_sla_dag.py
[2023-02-10T02:06:44.524+0000] {processor.py:753} INFO - DAG(s) dict_keys(['example_sla_dag']) retrieved from /home/airflow/.local/lib/python3.7/site-packages/airflow/example_dags/example_sla_dag.py
[2023-02-10T02:06:44.577+0000] {logging_mixin.py:137} INFO - [2023-02-10T02:06:44.577+0000] {dag.py:2690} INFO - Sync 1 DAGs
[2023-02-10T02:06:44.634+0000] {logging_mixin.py:137} INFO - [2023-02-10T02:06:44.633+0000] {dag.py:3441} INFO - Setting next_dagrun for example_sla_dag to 2023-02-10T02:04:00+00:00, run_after=2023-02-10T02:06:00+00:00
[2023-02-10T02:06:44.673+0000] {processor.py:175} INFO - Processing /home/airflow/.local/lib/python3.7/site-packages/airflow/example_dags/example_sla_dag.py took 0.219 seconds
[2023-02-10T02:07:14.964+0000] {processor.py:153} INFO - Started process (PID=1856) to work on /home/airflow/.local/lib/python3.7/site-packages/airflow/example_dags/example_sla_dag.py
[2023-02-10T02:07:14.973+0000] {processor.py:743} INFO - Processing file /home/airflow/.local/lib/python3.7/site-packages/airflow/example_dags/example_sla_dag.py for tasks to queue
[2023-02-10T02:07:14.987+0000] {logging_mixin.py:137} INFO - [2023-02-10T02:07:14.987+0000] {dagbag.py:538} INFO - Filling up the DagBag from /home/airflow/.local/lib/python3.7/site-packages/airflow/example_dags/example_sla_dag.py
[2023-02-10T02:07:15.083+0000] {processor.py:753} INFO - DAG(s) dict_keys(['example_sla_dag']) retrieved from /home/airflow/.local/lib/python3.7/site-packages/airflow/example_dags/example_sla_dag.py
[2023-02-10T02:07:15.276+0000] {logging_mixin.py:137} INFO - [2023-02-10T02:07:15.276+0000] {dag.py:2690} INFO - Sync 1 DAGs
[2023-02-10T02:07:15.681+0000] {logging_mixin.py:137} INFO - [2023-02-10T02:07:15.681+0000] {dag.py:3441} INFO - Setting next_dagrun for example_sla_dag to 2023-02-10T02:04:00+00:00, run_after=2023-02-10T02:06:00+00:00
[2023-02-10T02:07:15.826+0000] {processor.py:175} INFO - Processing /home/airflow/.local/lib/python3.7/site-packages/airflow/example_dags/example_sla_dag.py took 0.888 seconds
[2023-02-10T02:07:46.455+0000] {processor.py:153} INFO - Started process (PID=1915) to work on /home/airflow/.local/lib/python3.7/site-packages/airflow/example_dags/example_sla_dag.py
[2023-02-10T02:07:46.467+0000] {processor.py:743} INFO - Processing file /home/airflow/.local/lib/python3.7/site-packages/airflow/example_dags/example_sla_dag.py for tasks to queue
[2023-02-10T02:07:46.471+0000] {logging_mixin.py:137} INFO - [2023-02-10T02:07:46.470+0000] {dagbag.py:538} INFO - Filling up the DagBag from /home/airflow/.local/lib/python3.7/site-packages/airflow/example_dags/example_sla_dag.py
[2023-02-10T02:07:46.632+0000] {processor.py:753} INFO - DAG(s) dict_keys(['example_sla_dag']) retrieved from /home/airflow/.local/lib/python3.7/site-packages/airflow/example_dags/example_sla_dag.py
[2023-02-10T02:07:46.751+0000] {logging_mixin.py:137} INFO - [2023-02-10T02:07:46.750+0000] {dag.py:2690} INFO - Sync 1 DAGs
[2023-02-10T02:07:46.894+0000] {logging_mixin.py:137} INFO - [2023-02-10T02:07:46.893+0000] {dag.py:3441} INFO - Setting next_dagrun for example_sla_dag to 2023-02-10T02:04:00+00:00, run_after=2023-02-10T02:06:00+00:00
[2023-02-10T02:07:46.975+0000] {processor.py:175} INFO - Processing /home/airflow/.local/lib/python3.7/site-packages/airflow/example_dags/example_sla_dag.py took 0.554 seconds
[2023-02-10T02:08:19.911+0000] {processor.py:153} INFO - Started process (PID=1975) to work on /home/airflow/.local/lib/python3.7/site-packages/airflow/example_dags/example_sla_dag.py
[2023-02-10T02:08:19.917+0000] {processor.py:743} INFO - Processing file /home/airflow/.local/lib/python3.7/site-packages/airflow/example_dags/example_sla_dag.py for tasks to queue
[2023-02-10T02:08:19.923+0000] {logging_mixin.py:137} INFO - [2023-02-10T02:08:19.922+0000] {dagbag.py:538} INFO - Filling up the DagBag from /home/airflow/.local/lib/python3.7/site-packages/airflow/example_dags/example_sla_dag.py
[2023-02-10T02:08:19.988+0000] {processor.py:753} INFO - DAG(s) dict_keys(['example_sla_dag']) retrieved from /home/airflow/.local/lib/python3.7/site-packages/airflow/example_dags/example_sla_dag.py
[2023-02-10T02:08:20.057+0000] {logging_mixin.py:137} INFO - [2023-02-10T02:08:20.056+0000] {dag.py:2690} INFO - Sync 1 DAGs
[2023-02-10T02:08:20.262+0000] {logging_mixin.py:137} INFO - [2023-02-10T02:08:20.262+0000] {dag.py:3441} INFO - Setting next_dagrun for example_sla_dag to 2023-02-10T02:06:00+00:00, run_after=2023-02-10T02:08:00+00:00
[2023-02-10T02:08:20.349+0000] {processor.py:175} INFO - Processing /home/airflow/.local/lib/python3.7/site-packages/airflow/example_dags/example_sla_dag.py took 0.460 seconds
[2023-02-10T02:08:51.629+0000] {processor.py:153} INFO - Started process (PID=2033) to work on /home/airflow/.local/lib/python3.7/site-packages/airflow/example_dags/example_sla_dag.py
[2023-02-10T02:08:51.642+0000] {processor.py:743} INFO - Processing file /home/airflow/.local/lib/python3.7/site-packages/airflow/example_dags/example_sla_dag.py for tasks to queue
[2023-02-10T02:08:51.652+0000] {logging_mixin.py:137} INFO - [2023-02-10T02:08:51.649+0000] {dagbag.py:538} INFO - Filling up the DagBag from /home/airflow/.local/lib/python3.7/site-packages/airflow/example_dags/example_sla_dag.py
[2023-02-10T02:08:51.792+0000] {processor.py:753} INFO - DAG(s) dict_keys(['example_sla_dag']) retrieved from /home/airflow/.local/lib/python3.7/site-packages/airflow/example_dags/example_sla_dag.py
[2023-02-10T02:08:51.881+0000] {logging_mixin.py:137} INFO - [2023-02-10T02:08:51.881+0000] {dag.py:2690} INFO - Sync 1 DAGs
[2023-02-10T02:08:52.147+0000] {logging_mixin.py:137} INFO - [2023-02-10T02:08:52.146+0000] {dag.py:3441} INFO - Setting next_dagrun for example_sla_dag to 2023-02-10T02:06:00+00:00, run_after=2023-02-10T02:08:00+00:00
[2023-02-10T02:08:52.259+0000] {processor.py:175} INFO - Processing /home/airflow/.local/lib/python3.7/site-packages/airflow/example_dags/example_sla_dag.py took 0.642 seconds
[2023-02-10T02:09:26.081+0000] {processor.py:153} INFO - Started process (PID=2082) to work on /home/airflow/.local/lib/python3.7/site-packages/airflow/example_dags/example_sla_dag.py
[2023-02-10T02:09:26.095+0000] {processor.py:743} INFO - Processing file /home/airflow/.local/lib/python3.7/site-packages/airflow/example_dags/example_sla_dag.py for tasks to queue
[2023-02-10T02:09:26.104+0000] {logging_mixin.py:137} INFO - [2023-02-10T02:09:26.103+0000] {dagbag.py:538} INFO - Filling up the DagBag from /home/airflow/.local/lib/python3.7/site-packages/airflow/example_dags/example_sla_dag.py
[2023-02-10T02:09:26.315+0000] {processor.py:753} INFO - DAG(s) dict_keys(['example_sla_dag']) retrieved from /home/airflow/.local/lib/python3.7/site-packages/airflow/example_dags/example_sla_dag.py
[2023-02-10T02:09:26.485+0000] {logging_mixin.py:137} INFO - [2023-02-10T02:09:26.485+0000] {dag.py:2690} INFO - Sync 1 DAGs
[2023-02-10T02:09:26.724+0000] {logging_mixin.py:137} INFO - [2023-02-10T02:09:26.724+0000] {dag.py:3441} INFO - Setting next_dagrun for example_sla_dag to 2023-02-10T02:06:00+00:00, run_after=2023-02-10T02:08:00+00:00
[2023-02-10T02:09:26.854+0000] {processor.py:175} INFO - Processing /home/airflow/.local/lib/python3.7/site-packages/airflow/example_dags/example_sla_dag.py took 0.803 seconds
[2023-02-10T02:09:59.069+0000] {processor.py:153} INFO - Started process (PID=2140) to work on /home/airflow/.local/lib/python3.7/site-packages/airflow/example_dags/example_sla_dag.py
[2023-02-10T02:09:59.083+0000] {processor.py:743} INFO - Processing file /home/airflow/.local/lib/python3.7/site-packages/airflow/example_dags/example_sla_dag.py for tasks to queue
[2023-02-10T02:09:59.089+0000] {logging_mixin.py:137} INFO - [2023-02-10T02:09:59.088+0000] {dagbag.py:538} INFO - Filling up the DagBag from /home/airflow/.local/lib/python3.7/site-packages/airflow/example_dags/example_sla_dag.py
[2023-02-10T02:09:59.219+0000] {processor.py:753} INFO - DAG(s) dict_keys(['example_sla_dag']) retrieved from /home/airflow/.local/lib/python3.7/site-packages/airflow/example_dags/example_sla_dag.py
[2023-02-10T02:09:59.331+0000] {logging_mixin.py:137} INFO - [2023-02-10T02:09:59.331+0000] {dag.py:2690} INFO - Sync 1 DAGs
[2023-02-10T02:09:59.517+0000] {logging_mixin.py:137} INFO - [2023-02-10T02:09:59.517+0000] {dag.py:3441} INFO - Setting next_dagrun for example_sla_dag to 2023-02-10T02:06:00+00:00, run_after=2023-02-10T02:08:00+00:00
[2023-02-10T02:09:59.674+0000] {processor.py:175} INFO - Processing /home/airflow/.local/lib/python3.7/site-packages/airflow/example_dags/example_sla_dag.py took 0.621 seconds
[2023-02-10T02:10:40.446+0000] {processor.py:153} INFO - Started process (PID=2200) to work on /home/airflow/.local/lib/python3.7/site-packages/airflow/example_dags/example_sla_dag.py
[2023-02-10T02:10:40.453+0000] {processor.py:743} INFO - Processing file /home/airflow/.local/lib/python3.7/site-packages/airflow/example_dags/example_sla_dag.py for tasks to queue
[2023-02-10T02:10:40.464+0000] {logging_mixin.py:137} INFO - [2023-02-10T02:10:40.461+0000] {dagbag.py:538} INFO - Filling up the DagBag from /home/airflow/.local/lib/python3.7/site-packages/airflow/example_dags/example_sla_dag.py
[2023-02-10T02:10:40.888+0000] {processor.py:753} INFO - DAG(s) dict_keys(['example_sla_dag']) retrieved from /home/airflow/.local/lib/python3.7/site-packages/airflow/example_dags/example_sla_dag.py
[2023-02-10T02:10:41.297+0000] {logging_mixin.py:137} INFO - [2023-02-10T02:10:41.297+0000] {dag.py:2690} INFO - Sync 1 DAGs
[2023-02-10T02:10:41.975+0000] {logging_mixin.py:137} INFO - [2023-02-10T02:10:41.975+0000] {dag.py:3441} INFO - Setting next_dagrun for example_sla_dag to 2023-02-10T02:08:00+00:00, run_after=2023-02-10T02:10:00+00:00
[2023-02-10T02:10:42.249+0000] {processor.py:175} INFO - Processing /home/airflow/.local/lib/python3.7/site-packages/airflow/example_dags/example_sla_dag.py took 1.834 seconds
[2023-02-10T02:11:12.554+0000] {processor.py:153} INFO - Started process (PID=2258) to work on /home/airflow/.local/lib/python3.7/site-packages/airflow/example_dags/example_sla_dag.py
[2023-02-10T02:11:12.565+0000] {processor.py:743} INFO - Processing file /home/airflow/.local/lib/python3.7/site-packages/airflow/example_dags/example_sla_dag.py for tasks to queue
[2023-02-10T02:11:12.573+0000] {logging_mixin.py:137} INFO - [2023-02-10T02:11:12.572+0000] {dagbag.py:538} INFO - Filling up the DagBag from /home/airflow/.local/lib/python3.7/site-packages/airflow/example_dags/example_sla_dag.py
[2023-02-10T02:11:12.688+0000] {processor.py:753} INFO - DAG(s) dict_keys(['example_sla_dag']) retrieved from /home/airflow/.local/lib/python3.7/site-packages/airflow/example_dags/example_sla_dag.py
[2023-02-10T02:11:12.779+0000] {logging_mixin.py:137} INFO - [2023-02-10T02:11:12.779+0000] {dag.py:2690} INFO - Sync 1 DAGs
[2023-02-10T02:11:12.875+0000] {logging_mixin.py:137} INFO - [2023-02-10T02:11:12.874+0000] {dag.py:3441} INFO - Setting next_dagrun for example_sla_dag to 2023-02-10T02:08:00+00:00, run_after=2023-02-10T02:10:00+00:00
[2023-02-10T02:11:12.925+0000] {processor.py:175} INFO - Processing /home/airflow/.local/lib/python3.7/site-packages/airflow/example_dags/example_sla_dag.py took 0.385 seconds
[2023-02-10T02:11:43.071+0000] {processor.py:153} INFO - Started process (PID=2317) to work on /home/airflow/.local/lib/python3.7/site-packages/airflow/example_dags/example_sla_dag.py
[2023-02-10T02:11:43.075+0000] {processor.py:743} INFO - Processing file /home/airflow/.local/lib/python3.7/site-packages/airflow/example_dags/example_sla_dag.py for tasks to queue
[2023-02-10T02:11:43.078+0000] {logging_mixin.py:137} INFO - [2023-02-10T02:11:43.078+0000] {dagbag.py:538} INFO - Filling up the DagBag from /home/airflow/.local/lib/python3.7/site-packages/airflow/example_dags/example_sla_dag.py
[2023-02-10T02:11:43.177+0000] {processor.py:753} INFO - DAG(s) dict_keys(['example_sla_dag']) retrieved from /home/airflow/.local/lib/python3.7/site-packages/airflow/example_dags/example_sla_dag.py
[2023-02-10T02:11:43.249+0000] {logging_mixin.py:137} INFO - [2023-02-10T02:11:43.249+0000] {dag.py:2690} INFO - Sync 1 DAGs
[2023-02-10T02:11:43.315+0000] {logging_mixin.py:137} INFO - [2023-02-10T02:11:43.315+0000] {dag.py:3441} INFO - Setting next_dagrun for example_sla_dag to 2023-02-10T02:08:00+00:00, run_after=2023-02-10T02:10:00+00:00
[2023-02-10T02:11:43.387+0000] {processor.py:175} INFO - Processing /home/airflow/.local/lib/python3.7/site-packages/airflow/example_dags/example_sla_dag.py took 0.332 seconds
[2023-02-10T02:12:14.105+0000] {processor.py:153} INFO - Started process (PID=2375) to work on /home/airflow/.local/lib/python3.7/site-packages/airflow/example_dags/example_sla_dag.py
[2023-02-10T02:12:14.117+0000] {processor.py:743} INFO - Processing file /home/airflow/.local/lib/python3.7/site-packages/airflow/example_dags/example_sla_dag.py for tasks to queue
[2023-02-10T02:12:14.122+0000] {logging_mixin.py:137} INFO - [2023-02-10T02:12:14.122+0000] {dagbag.py:538} INFO - Filling up the DagBag from /home/airflow/.local/lib/python3.7/site-packages/airflow/example_dags/example_sla_dag.py
[2023-02-10T02:12:14.245+0000] {processor.py:753} INFO - DAG(s) dict_keys(['example_sla_dag']) retrieved from /home/airflow/.local/lib/python3.7/site-packages/airflow/example_dags/example_sla_dag.py
[2023-02-10T02:12:14.352+0000] {logging_mixin.py:137} INFO - [2023-02-10T02:12:14.352+0000] {dag.py:2690} INFO - Sync 1 DAGs
[2023-02-10T02:12:14.459+0000] {logging_mixin.py:137} INFO - [2023-02-10T02:12:14.459+0000] {dag.py:3441} INFO - Setting next_dagrun for example_sla_dag to 2023-02-10T02:10:00+00:00, run_after=2023-02-10T02:12:00+00:00
[2023-02-10T02:12:14.528+0000] {processor.py:175} INFO - Processing /home/airflow/.local/lib/python3.7/site-packages/airflow/example_dags/example_sla_dag.py took 0.436 seconds
[2023-02-10T02:12:45.121+0000] {processor.py:153} INFO - Started process (PID=2424) to work on /home/airflow/.local/lib/python3.7/site-packages/airflow/example_dags/example_sla_dag.py
[2023-02-10T02:12:45.125+0000] {processor.py:743} INFO - Processing file /home/airflow/.local/lib/python3.7/site-packages/airflow/example_dags/example_sla_dag.py for tasks to queue
[2023-02-10T02:12:45.134+0000] {logging_mixin.py:137} INFO - [2023-02-10T02:12:45.131+0000] {dagbag.py:538} INFO - Filling up the DagBag from /home/airflow/.local/lib/python3.7/site-packages/airflow/example_dags/example_sla_dag.py
[2023-02-10T02:12:45.545+0000] {processor.py:753} INFO - DAG(s) dict_keys(['example_sla_dag']) retrieved from /home/airflow/.local/lib/python3.7/site-packages/airflow/example_dags/example_sla_dag.py
[2023-02-10T02:12:45.793+0000] {logging_mixin.py:137} INFO - [2023-02-10T02:12:45.793+0000] {dag.py:2690} INFO - Sync 1 DAGs
[2023-02-10T02:12:45.988+0000] {logging_mixin.py:137} INFO - [2023-02-10T02:12:45.988+0000] {dag.py:3441} INFO - Setting next_dagrun for example_sla_dag to 2023-02-10T02:10:00+00:00, run_after=2023-02-10T02:12:00+00:00
[2023-02-10T02:12:46.050+0000] {processor.py:175} INFO - Processing /home/airflow/.local/lib/python3.7/site-packages/airflow/example_dags/example_sla_dag.py took 0.948 seconds
[2023-02-10T02:13:21.232+0000] {processor.py:153} INFO - Started process (PID=2478) to work on /home/airflow/.local/lib/python3.7/site-packages/airflow/example_dags/example_sla_dag.py
[2023-02-10T02:13:21.240+0000] {processor.py:743} INFO - Processing file /home/airflow/.local/lib/python3.7/site-packages/airflow/example_dags/example_sla_dag.py for tasks to queue
[2023-02-10T02:13:21.245+0000] {logging_mixin.py:137} INFO - [2023-02-10T02:13:21.244+0000] {dagbag.py:538} INFO - Filling up the DagBag from /home/airflow/.local/lib/python3.7/site-packages/airflow/example_dags/example_sla_dag.py
[2023-02-10T02:13:21.325+0000] {processor.py:753} INFO - DAG(s) dict_keys(['example_sla_dag']) retrieved from /home/airflow/.local/lib/python3.7/site-packages/airflow/example_dags/example_sla_dag.py
[2023-02-10T02:13:21.462+0000] {logging_mixin.py:137} INFO - [2023-02-10T02:13:21.462+0000] {dag.py:2690} INFO - Sync 1 DAGs
[2023-02-10T02:13:21.588+0000] {logging_mixin.py:137} INFO - [2023-02-10T02:13:21.588+0000] {dag.py:3441} INFO - Setting next_dagrun for example_sla_dag to 2023-02-10T02:10:00+00:00, run_after=2023-02-10T02:12:00+00:00
[2023-02-10T02:13:21.686+0000] {processor.py:175} INFO - Processing /home/airflow/.local/lib/python3.7/site-packages/airflow/example_dags/example_sla_dag.py took 0.470 seconds
[2023-02-10T02:13:53.231+0000] {processor.py:153} INFO - Started process (PID=2536) to work on /home/airflow/.local/lib/python3.7/site-packages/airflow/example_dags/example_sla_dag.py
[2023-02-10T02:13:53.254+0000] {processor.py:743} INFO - Processing file /home/airflow/.local/lib/python3.7/site-packages/airflow/example_dags/example_sla_dag.py for tasks to queue
[2023-02-10T02:13:53.291+0000] {logging_mixin.py:137} INFO - [2023-02-10T02:13:53.290+0000] {dagbag.py:538} INFO - Filling up the DagBag from /home/airflow/.local/lib/python3.7/site-packages/airflow/example_dags/example_sla_dag.py
[2023-02-10T02:13:53.685+0000] {processor.py:753} INFO - DAG(s) dict_keys(['example_sla_dag']) retrieved from /home/airflow/.local/lib/python3.7/site-packages/airflow/example_dags/example_sla_dag.py
[2023-02-10T02:13:53.939+0000] {logging_mixin.py:137} INFO - [2023-02-10T02:13:53.939+0000] {dag.py:2690} INFO - Sync 1 DAGs
[2023-02-10T02:13:55.898+0000] {logging_mixin.py:137} INFO - [2023-02-10T02:13:55.897+0000] {dag.py:3441} INFO - Setting next_dagrun for example_sla_dag to 2023-02-10T02:10:00+00:00, run_after=2023-02-10T02:12:00+00:00
[2023-02-10T02:13:56.527+0000] {processor.py:175} INFO - Processing /home/airflow/.local/lib/python3.7/site-packages/airflow/example_dags/example_sla_dag.py took 3.332 seconds
[2023-02-10T02:14:27.712+0000] {processor.py:153} INFO - Started process (PID=2585) to work on /home/airflow/.local/lib/python3.7/site-packages/airflow/example_dags/example_sla_dag.py
[2023-02-10T02:14:27.742+0000] {processor.py:743} INFO - Processing file /home/airflow/.local/lib/python3.7/site-packages/airflow/example_dags/example_sla_dag.py for tasks to queue
[2023-02-10T02:14:27.749+0000] {logging_mixin.py:137} INFO - [2023-02-10T02:14:27.749+0000] {dagbag.py:538} INFO - Filling up the DagBag from /home/airflow/.local/lib/python3.7/site-packages/airflow/example_dags/example_sla_dag.py
[2023-02-10T02:14:27.814+0000] {processor.py:753} INFO - DAG(s) dict_keys(['example_sla_dag']) retrieved from /home/airflow/.local/lib/python3.7/site-packages/airflow/example_dags/example_sla_dag.py
[2023-02-10T02:14:27.924+0000] {logging_mixin.py:137} INFO - [2023-02-10T02:14:27.924+0000] {dag.py:2690} INFO - Sync 1 DAGs
[2023-02-10T02:14:28.012+0000] {logging_mixin.py:137} INFO - [2023-02-10T02:14:28.012+0000] {dag.py:3441} INFO - Setting next_dagrun for example_sla_dag to 2023-02-10T02:12:00+00:00, run_after=2023-02-10T02:14:00+00:00
[2023-02-10T02:14:28.172+0000] {processor.py:175} INFO - Processing /home/airflow/.local/lib/python3.7/site-packages/airflow/example_dags/example_sla_dag.py took 0.521 seconds
[2023-02-10T02:14:58.429+0000] {processor.py:153} INFO - Started process (PID=2644) to work on /home/airflow/.local/lib/python3.7/site-packages/airflow/example_dags/example_sla_dag.py
[2023-02-10T02:14:58.432+0000] {processor.py:743} INFO - Processing file /home/airflow/.local/lib/python3.7/site-packages/airflow/example_dags/example_sla_dag.py for tasks to queue
[2023-02-10T02:14:58.437+0000] {logging_mixin.py:137} INFO - [2023-02-10T02:14:58.436+0000] {dagbag.py:538} INFO - Filling up the DagBag from /home/airflow/.local/lib/python3.7/site-packages/airflow/example_dags/example_sla_dag.py
[2023-02-10T02:14:58.576+0000] {processor.py:753} INFO - DAG(s) dict_keys(['example_sla_dag']) retrieved from /home/airflow/.local/lib/python3.7/site-packages/airflow/example_dags/example_sla_dag.py
[2023-02-10T02:14:58.745+0000] {logging_mixin.py:137} INFO - [2023-02-10T02:14:58.744+0000] {dag.py:2690} INFO - Sync 1 DAGs
[2023-02-10T02:14:58.864+0000] {logging_mixin.py:137} INFO - [2023-02-10T02:14:58.864+0000] {dag.py:3441} INFO - Setting next_dagrun for example_sla_dag to 2023-02-10T02:12:00+00:00, run_after=2023-02-10T02:14:00+00:00
[2023-02-10T02:14:58.916+0000] {processor.py:175} INFO - Processing /home/airflow/.local/lib/python3.7/site-packages/airflow/example_dags/example_sla_dag.py took 0.546 seconds
[2023-02-10T02:15:29.147+0000] {processor.py:153} INFO - Started process (PID=2693) to work on /home/airflow/.local/lib/python3.7/site-packages/airflow/example_dags/example_sla_dag.py
[2023-02-10T02:15:29.151+0000] {processor.py:743} INFO - Processing file /home/airflow/.local/lib/python3.7/site-packages/airflow/example_dags/example_sla_dag.py for tasks to queue
[2023-02-10T02:15:29.161+0000] {logging_mixin.py:137} INFO - [2023-02-10T02:15:29.160+0000] {dagbag.py:538} INFO - Filling up the DagBag from /home/airflow/.local/lib/python3.7/site-packages/airflow/example_dags/example_sla_dag.py
[2023-02-10T02:15:29.263+0000] {processor.py:753} INFO - DAG(s) dict_keys(['example_sla_dag']) retrieved from /home/airflow/.local/lib/python3.7/site-packages/airflow/example_dags/example_sla_dag.py
[2023-02-10T02:15:29.444+0000] {logging_mixin.py:137} INFO - [2023-02-10T02:15:29.444+0000] {dag.py:2690} INFO - Sync 1 DAGs
[2023-02-10T02:15:29.557+0000] {logging_mixin.py:137} INFO - [2023-02-10T02:15:29.557+0000] {dag.py:3441} INFO - Setting next_dagrun for example_sla_dag to 2023-02-10T02:12:00+00:00, run_after=2023-02-10T02:14:00+00:00
[2023-02-10T02:15:29.599+0000] {processor.py:175} INFO - Processing /home/airflow/.local/lib/python3.7/site-packages/airflow/example_dags/example_sla_dag.py took 0.464 seconds
[2023-02-10T02:15:59.875+0000] {processor.py:153} INFO - Started process (PID=2752) to work on /home/airflow/.local/lib/python3.7/site-packages/airflow/example_dags/example_sla_dag.py
[2023-02-10T02:15:59.880+0000] {processor.py:743} INFO - Processing file /home/airflow/.local/lib/python3.7/site-packages/airflow/example_dags/example_sla_dag.py for tasks to queue
[2023-02-10T02:15:59.886+0000] {logging_mixin.py:137} INFO - [2023-02-10T02:15:59.885+0000] {dagbag.py:538} INFO - Filling up the DagBag from /home/airflow/.local/lib/python3.7/site-packages/airflow/example_dags/example_sla_dag.py
[2023-02-10T02:16:00.003+0000] {processor.py:753} INFO - DAG(s) dict_keys(['example_sla_dag']) retrieved from /home/airflow/.local/lib/python3.7/site-packages/airflow/example_dags/example_sla_dag.py
[2023-02-10T02:16:00.164+0000] {logging_mixin.py:137} INFO - [2023-02-10T02:16:00.164+0000] {dag.py:2690} INFO - Sync 1 DAGs
[2023-02-10T02:16:00.353+0000] {logging_mixin.py:137} INFO - [2023-02-10T02:16:00.353+0000] {dag.py:3441} INFO - Setting next_dagrun for example_sla_dag to 2023-02-10T02:14:00+00:00, run_after=2023-02-10T02:16:00+00:00
[2023-02-10T02:16:00.462+0000] {processor.py:175} INFO - Processing /home/airflow/.local/lib/python3.7/site-packages/airflow/example_dags/example_sla_dag.py took 0.605 seconds
[2023-02-10T02:16:31.013+0000] {processor.py:153} INFO - Started process (PID=2811) to work on /home/airflow/.local/lib/python3.7/site-packages/airflow/example_dags/example_sla_dag.py
[2023-02-10T02:16:31.019+0000] {processor.py:743} INFO - Processing file /home/airflow/.local/lib/python3.7/site-packages/airflow/example_dags/example_sla_dag.py for tasks to queue
[2023-02-10T02:16:31.024+0000] {logging_mixin.py:137} INFO - [2023-02-10T02:16:31.024+0000] {dagbag.py:538} INFO - Filling up the DagBag from /home/airflow/.local/lib/python3.7/site-packages/airflow/example_dags/example_sla_dag.py
[2023-02-10T02:16:31.130+0000] {processor.py:753} INFO - DAG(s) dict_keys(['example_sla_dag']) retrieved from /home/airflow/.local/lib/python3.7/site-packages/airflow/example_dags/example_sla_dag.py
[2023-02-10T02:16:31.209+0000] {logging_mixin.py:137} INFO - [2023-02-10T02:16:31.208+0000] {dag.py:2690} INFO - Sync 1 DAGs
[2023-02-10T02:16:31.336+0000] {logging_mixin.py:137} INFO - [2023-02-10T02:16:31.336+0000] {dag.py:3441} INFO - Setting next_dagrun for example_sla_dag to 2023-02-10T02:14:00+00:00, run_after=2023-02-10T02:16:00+00:00
[2023-02-10T02:16:31.380+0000] {processor.py:175} INFO - Processing /home/airflow/.local/lib/python3.7/site-packages/airflow/example_dags/example_sla_dag.py took 0.377 seconds
[2023-02-10T02:17:01.725+0000] {processor.py:153} INFO - Started process (PID=2867) to work on /home/airflow/.local/lib/python3.7/site-packages/airflow/example_dags/example_sla_dag.py
[2023-02-10T02:17:01.766+0000] {processor.py:743} INFO - Processing file /home/airflow/.local/lib/python3.7/site-packages/airflow/example_dags/example_sla_dag.py for tasks to queue
[2023-02-10T02:17:01.990+0000] {logging_mixin.py:137} INFO - [2023-02-10T02:17:01.985+0000] {dagbag.py:538} INFO - Filling up the DagBag from /home/airflow/.local/lib/python3.7/site-packages/airflow/example_dags/example_sla_dag.py
[2023-02-10T02:17:02.355+0000] {processor.py:753} INFO - DAG(s) dict_keys(['example_sla_dag']) retrieved from /home/airflow/.local/lib/python3.7/site-packages/airflow/example_dags/example_sla_dag.py
[2023-02-10T02:17:02.425+0000] {logging_mixin.py:137} INFO - [2023-02-10T02:17:02.425+0000] {dag.py:2690} INFO - Sync 1 DAGs
[2023-02-10T02:17:02.528+0000] {logging_mixin.py:137} INFO - [2023-02-10T02:17:02.528+0000] {dag.py:3441} INFO - Setting next_dagrun for example_sla_dag to 2023-02-10T02:14:00+00:00, run_after=2023-02-10T02:16:00+00:00
[2023-02-10T02:17:02.576+0000] {processor.py:175} INFO - Processing /home/airflow/.local/lib/python3.7/site-packages/airflow/example_dags/example_sla_dag.py took 0.902 seconds
[2023-02-10T02:17:54.748+0000] {processor.py:153} INFO - Started process (PID=2930) to work on /home/airflow/.local/lib/python3.7/site-packages/airflow/example_dags/example_sla_dag.py
[2023-02-10T02:17:54.760+0000] {processor.py:743} INFO - Processing file /home/airflow/.local/lib/python3.7/site-packages/airflow/example_dags/example_sla_dag.py for tasks to queue
[2023-02-10T02:17:54.763+0000] {logging_mixin.py:137} INFO - [2023-02-10T02:17:54.762+0000] {dagbag.py:538} INFO - Filling up the DagBag from /home/airflow/.local/lib/python3.7/site-packages/airflow/example_dags/example_sla_dag.py
[2023-02-10T02:17:54.969+0000] {processor.py:753} INFO - DAG(s) dict_keys(['example_sla_dag']) retrieved from /home/airflow/.local/lib/python3.7/site-packages/airflow/example_dags/example_sla_dag.py
[2023-02-10T02:17:55.340+0000] {logging_mixin.py:137} INFO - [2023-02-10T02:17:55.339+0000] {dag.py:2690} INFO - Sync 1 DAGs
[2023-02-10T02:17:55.696+0000] {logging_mixin.py:137} INFO - [2023-02-10T02:17:55.696+0000] {dag.py:3441} INFO - Setting next_dagrun for example_sla_dag to 2023-02-10T02:14:00+00:00, run_after=2023-02-10T02:16:00+00:00
[2023-02-10T02:17:55.933+0000] {processor.py:175} INFO - Processing /home/airflow/.local/lib/python3.7/site-packages/airflow/example_dags/example_sla_dag.py took 1.214 seconds
[2023-02-10T02:18:26.536+0000] {processor.py:153} INFO - Started process (PID=2989) to work on /home/airflow/.local/lib/python3.7/site-packages/airflow/example_dags/example_sla_dag.py
[2023-02-10T02:18:26.543+0000] {processor.py:743} INFO - Processing file /home/airflow/.local/lib/python3.7/site-packages/airflow/example_dags/example_sla_dag.py for tasks to queue
[2023-02-10T02:18:26.547+0000] {logging_mixin.py:137} INFO - [2023-02-10T02:18:26.546+0000] {dagbag.py:538} INFO - Filling up the DagBag from /home/airflow/.local/lib/python3.7/site-packages/airflow/example_dags/example_sla_dag.py
[2023-02-10T02:18:26.694+0000] {processor.py:753} INFO - DAG(s) dict_keys(['example_sla_dag']) retrieved from /home/airflow/.local/lib/python3.7/site-packages/airflow/example_dags/example_sla_dag.py
[2023-02-10T02:18:26.837+0000] {logging_mixin.py:137} INFO - [2023-02-10T02:18:26.837+0000] {dag.py:2690} INFO - Sync 1 DAGs
[2023-02-10T02:18:26.990+0000] {logging_mixin.py:137} INFO - [2023-02-10T02:18:26.988+0000] {dag.py:3441} INFO - Setting next_dagrun for example_sla_dag to 2023-02-10T02:16:00+00:00, run_after=2023-02-10T02:18:00+00:00
[2023-02-10T02:18:27.102+0000] {processor.py:175} INFO - Processing /home/airflow/.local/lib/python3.7/site-packages/airflow/example_dags/example_sla_dag.py took 0.592 seconds
[2023-02-10T02:19:34.081+0000] {processor.py:153} INFO - Started process (PID=71) to work on /home/airflow/.local/lib/python3.7/site-packages/airflow/example_dags/example_sla_dag.py
[2023-02-10T02:19:34.087+0000] {processor.py:743} INFO - Processing file /home/airflow/.local/lib/python3.7/site-packages/airflow/example_dags/example_sla_dag.py for tasks to queue
[2023-02-10T02:19:34.091+0000] {logging_mixin.py:137} INFO - [2023-02-10T02:19:34.091+0000] {dagbag.py:538} INFO - Filling up the DagBag from /home/airflow/.local/lib/python3.7/site-packages/airflow/example_dags/example_sla_dag.py
[2023-02-10T02:19:34.315+0000] {processor.py:753} INFO - DAG(s) dict_keys(['example_sla_dag']) retrieved from /home/airflow/.local/lib/python3.7/site-packages/airflow/example_dags/example_sla_dag.py
[2023-02-10T02:19:34.610+0000] {logging_mixin.py:137} INFO - [2023-02-10T02:19:34.609+0000] {dag.py:2690} INFO - Sync 1 DAGs
[2023-02-10T02:19:34.844+0000] {logging_mixin.py:137} INFO - [2023-02-10T02:19:34.844+0000] {dag.py:3441} INFO - Setting next_dagrun for example_sla_dag to 2023-02-10T02:16:00+00:00, run_after=2023-02-10T02:18:00+00:00
[2023-02-10T02:19:34.972+0000] {processor.py:175} INFO - Processing /home/airflow/.local/lib/python3.7/site-packages/airflow/example_dags/example_sla_dag.py took 0.911 seconds
[2023-02-10T02:20:07.484+0000] {processor.py:153} INFO - Started process (PID=130) to work on /home/airflow/.local/lib/python3.7/site-packages/airflow/example_dags/example_sla_dag.py
[2023-02-10T02:20:07.500+0000] {processor.py:743} INFO - Processing file /home/airflow/.local/lib/python3.7/site-packages/airflow/example_dags/example_sla_dag.py for tasks to queue
[2023-02-10T02:20:07.515+0000] {logging_mixin.py:137} INFO - [2023-02-10T02:20:07.514+0000] {dagbag.py:538} INFO - Filling up the DagBag from /home/airflow/.local/lib/python3.7/site-packages/airflow/example_dags/example_sla_dag.py
[2023-02-10T02:20:07.706+0000] {processor.py:753} INFO - DAG(s) dict_keys(['example_sla_dag']) retrieved from /home/airflow/.local/lib/python3.7/site-packages/airflow/example_dags/example_sla_dag.py
[2023-02-10T02:20:07.904+0000] {logging_mixin.py:137} INFO - [2023-02-10T02:20:07.904+0000] {dag.py:2690} INFO - Sync 1 DAGs
[2023-02-10T02:20:08.140+0000] {logging_mixin.py:137} INFO - [2023-02-10T02:20:08.140+0000] {dag.py:3441} INFO - Setting next_dagrun for example_sla_dag to 2023-02-10T02:18:00+00:00, run_after=2023-02-10T02:20:00+00:00
[2023-02-10T02:20:08.355+0000] {processor.py:175} INFO - Processing /home/airflow/.local/lib/python3.7/site-packages/airflow/example_dags/example_sla_dag.py took 0.907 seconds
[2023-02-10T02:21:13.157+0000] {processor.py:153} INFO - Started process (PID=194) to work on /home/airflow/.local/lib/python3.7/site-packages/airflow/example_dags/example_sla_dag.py
[2023-02-10T02:21:13.164+0000] {processor.py:743} INFO - Processing file /home/airflow/.local/lib/python3.7/site-packages/airflow/example_dags/example_sla_dag.py for tasks to queue
[2023-02-10T02:21:13.175+0000] {logging_mixin.py:137} INFO - [2023-02-10T02:21:13.174+0000] {dagbag.py:538} INFO - Filling up the DagBag from /home/airflow/.local/lib/python3.7/site-packages/airflow/example_dags/example_sla_dag.py
[2023-02-10T02:21:13.404+0000] {processor.py:753} INFO - DAG(s) dict_keys(['example_sla_dag']) retrieved from /home/airflow/.local/lib/python3.7/site-packages/airflow/example_dags/example_sla_dag.py
[2023-02-10T02:21:13.612+0000] {logging_mixin.py:137} INFO - [2023-02-10T02:21:13.612+0000] {dag.py:2690} INFO - Sync 1 DAGs
[2023-02-10T02:21:14.472+0000] {logging_mixin.py:137} INFO - [2023-02-10T02:21:14.472+0000] {dag.py:3441} INFO - Setting next_dagrun for example_sla_dag to 2023-02-10T02:18:00+00:00, run_after=2023-02-10T02:20:00+00:00
[2023-02-10T02:21:14.863+0000] {processor.py:175} INFO - Processing /home/airflow/.local/lib/python3.7/site-packages/airflow/example_dags/example_sla_dag.py took 1.762 seconds
[2023-02-10T02:21:53.794+0000] {processor.py:153} INFO - Started process (PID=253) to work on /home/airflow/.local/lib/python3.7/site-packages/airflow/example_dags/example_sla_dag.py
[2023-02-10T02:21:53.800+0000] {processor.py:743} INFO - Processing file /home/airflow/.local/lib/python3.7/site-packages/airflow/example_dags/example_sla_dag.py for tasks to queue
[2023-02-10T02:21:53.805+0000] {logging_mixin.py:137} INFO - [2023-02-10T02:21:53.805+0000] {dagbag.py:538} INFO - Filling up the DagBag from /home/airflow/.local/lib/python3.7/site-packages/airflow/example_dags/example_sla_dag.py
[2023-02-10T02:21:54.005+0000] {processor.py:753} INFO - DAG(s) dict_keys(['example_sla_dag']) retrieved from /home/airflow/.local/lib/python3.7/site-packages/airflow/example_dags/example_sla_dag.py
[2023-02-10T02:21:54.182+0000] {logging_mixin.py:137} INFO - [2023-02-10T02:21:54.182+0000] {dag.py:2690} INFO - Sync 1 DAGs
[2023-02-10T02:21:54.332+0000] {logging_mixin.py:137} INFO - [2023-02-10T02:21:54.328+0000] {dag.py:3441} INFO - Setting next_dagrun for example_sla_dag to 2023-02-10T02:18:00+00:00, run_after=2023-02-10T02:20:00+00:00
[2023-02-10T02:21:54.505+0000] {processor.py:175} INFO - Processing /home/airflow/.local/lib/python3.7/site-packages/airflow/example_dags/example_sla_dag.py took 0.746 seconds
[2023-02-10T02:22:30.843+0000] {processor.py:153} INFO - Started process (PID=311) to work on /home/airflow/.local/lib/python3.7/site-packages/airflow/example_dags/example_sla_dag.py
[2023-02-10T02:22:30.857+0000] {processor.py:743} INFO - Processing file /home/airflow/.local/lib/python3.7/site-packages/airflow/example_dags/example_sla_dag.py for tasks to queue
[2023-02-10T02:22:30.863+0000] {logging_mixin.py:137} INFO - [2023-02-10T02:22:30.862+0000] {dagbag.py:538} INFO - Filling up the DagBag from /home/airflow/.local/lib/python3.7/site-packages/airflow/example_dags/example_sla_dag.py
[2023-02-10T02:22:31.027+0000] {processor.py:753} INFO - DAG(s) dict_keys(['example_sla_dag']) retrieved from /home/airflow/.local/lib/python3.7/site-packages/airflow/example_dags/example_sla_dag.py
[2023-02-10T02:22:31.380+0000] {logging_mixin.py:137} INFO - [2023-02-10T02:22:31.379+0000] {dag.py:2690} INFO - Sync 1 DAGs
[2023-02-10T02:22:31.497+0000] {logging_mixin.py:137} INFO - [2023-02-10T02:22:31.497+0000] {dag.py:3441} INFO - Setting next_dagrun for example_sla_dag to 2023-02-10T02:20:00+00:00, run_after=2023-02-10T02:22:00+00:00
[2023-02-10T02:22:31.643+0000] {processor.py:175} INFO - Processing /home/airflow/.local/lib/python3.7/site-packages/airflow/example_dags/example_sla_dag.py took 0.836 seconds
[2023-02-10T02:23:15.853+0000] {processor.py:153} INFO - Started process (PID=362) to work on /home/airflow/.local/lib/python3.7/site-packages/airflow/example_dags/example_sla_dag.py
[2023-02-10T02:23:15.858+0000] {processor.py:743} INFO - Processing file /home/airflow/.local/lib/python3.7/site-packages/airflow/example_dags/example_sla_dag.py for tasks to queue
[2023-02-10T02:23:15.866+0000] {logging_mixin.py:137} INFO - [2023-02-10T02:23:15.864+0000] {dagbag.py:538} INFO - Filling up the DagBag from /home/airflow/.local/lib/python3.7/site-packages/airflow/example_dags/example_sla_dag.py
[2023-02-10T02:23:15.996+0000] {processor.py:753} INFO - DAG(s) dict_keys(['example_sla_dag']) retrieved from /home/airflow/.local/lib/python3.7/site-packages/airflow/example_dags/example_sla_dag.py
[2023-02-10T02:23:16.135+0000] {logging_mixin.py:137} INFO - [2023-02-10T02:23:16.134+0000] {dag.py:2690} INFO - Sync 1 DAGs
[2023-02-10T02:23:16.270+0000] {logging_mixin.py:137} INFO - [2023-02-10T02:23:16.270+0000] {dag.py:3441} INFO - Setting next_dagrun for example_sla_dag to 2023-02-10T02:20:00+00:00, run_after=2023-02-10T02:22:00+00:00
[2023-02-10T02:23:16.334+0000] {processor.py:175} INFO - Processing /home/airflow/.local/lib/python3.7/site-packages/airflow/example_dags/example_sla_dag.py took 0.495 seconds
[2023-02-10T02:23:47.161+0000] {processor.py:153} INFO - Started process (PID=420) to work on /home/airflow/.local/lib/python3.7/site-packages/airflow/example_dags/example_sla_dag.py
[2023-02-10T02:23:47.168+0000] {processor.py:743} INFO - Processing file /home/airflow/.local/lib/python3.7/site-packages/airflow/example_dags/example_sla_dag.py for tasks to queue
[2023-02-10T02:23:47.179+0000] {logging_mixin.py:137} INFO - [2023-02-10T02:23:47.178+0000] {dagbag.py:538} INFO - Filling up the DagBag from /home/airflow/.local/lib/python3.7/site-packages/airflow/example_dags/example_sla_dag.py
[2023-02-10T02:23:47.413+0000] {processor.py:753} INFO - DAG(s) dict_keys(['example_sla_dag']) retrieved from /home/airflow/.local/lib/python3.7/site-packages/airflow/example_dags/example_sla_dag.py
[2023-02-10T02:23:47.563+0000] {logging_mixin.py:137} INFO - [2023-02-10T02:23:47.562+0000] {dag.py:2690} INFO - Sync 1 DAGs
[2023-02-10T02:23:47.794+0000] {logging_mixin.py:137} INFO - [2023-02-10T02:23:47.793+0000] {dag.py:3441} INFO - Setting next_dagrun for example_sla_dag to 2023-02-10T02:20:00+00:00, run_after=2023-02-10T02:22:00+00:00
[2023-02-10T02:23:47.889+0000] {processor.py:175} INFO - Processing /home/airflow/.local/lib/python3.7/site-packages/airflow/example_dags/example_sla_dag.py took 0.735 seconds
[2023-02-10T02:24:18.870+0000] {processor.py:153} INFO - Started process (PID=469) to work on /home/airflow/.local/lib/python3.7/site-packages/airflow/example_dags/example_sla_dag.py
[2023-02-10T02:24:18.913+0000] {processor.py:743} INFO - Processing file /home/airflow/.local/lib/python3.7/site-packages/airflow/example_dags/example_sla_dag.py for tasks to queue
[2023-02-10T02:24:18.918+0000] {logging_mixin.py:137} INFO - [2023-02-10T02:24:18.917+0000] {dagbag.py:538} INFO - Filling up the DagBag from /home/airflow/.local/lib/python3.7/site-packages/airflow/example_dags/example_sla_dag.py
[2023-02-10T02:24:19.278+0000] {processor.py:753} INFO - DAG(s) dict_keys(['example_sla_dag']) retrieved from /home/airflow/.local/lib/python3.7/site-packages/airflow/example_dags/example_sla_dag.py
[2023-02-10T02:24:19.443+0000] {logging_mixin.py:137} INFO - [2023-02-10T02:24:19.443+0000] {dag.py:2690} INFO - Sync 1 DAGs
[2023-02-10T02:24:19.662+0000] {logging_mixin.py:137} INFO - [2023-02-10T02:24:19.658+0000] {dag.py:3441} INFO - Setting next_dagrun for example_sla_dag to 2023-02-10T02:22:00+00:00, run_after=2023-02-10T02:24:00+00:00
[2023-02-10T02:24:19.830+0000] {processor.py:175} INFO - Processing /home/airflow/.local/lib/python3.7/site-packages/airflow/example_dags/example_sla_dag.py took 1.005 seconds
[2023-02-10T02:24:51.946+0000] {processor.py:153} INFO - Started process (PID=528) to work on /home/airflow/.local/lib/python3.7/site-packages/airflow/example_dags/example_sla_dag.py
[2023-02-10T02:24:51.961+0000] {processor.py:743} INFO - Processing file /home/airflow/.local/lib/python3.7/site-packages/airflow/example_dags/example_sla_dag.py for tasks to queue
[2023-02-10T02:24:51.967+0000] {logging_mixin.py:137} INFO - [2023-02-10T02:24:51.966+0000] {dagbag.py:538} INFO - Filling up the DagBag from /home/airflow/.local/lib/python3.7/site-packages/airflow/example_dags/example_sla_dag.py
[2023-02-10T02:24:52.138+0000] {processor.py:753} INFO - DAG(s) dict_keys(['example_sla_dag']) retrieved from /home/airflow/.local/lib/python3.7/site-packages/airflow/example_dags/example_sla_dag.py
[2023-02-10T02:24:52.381+0000] {logging_mixin.py:137} INFO - [2023-02-10T02:24:52.381+0000] {dag.py:2690} INFO - Sync 1 DAGs
[2023-02-10T02:24:52.643+0000] {logging_mixin.py:137} INFO - [2023-02-10T02:24:52.641+0000] {dag.py:3441} INFO - Setting next_dagrun for example_sla_dag to 2023-02-10T02:22:00+00:00, run_after=2023-02-10T02:24:00+00:00
[2023-02-10T02:24:52.791+0000] {processor.py:175} INFO - Processing /home/airflow/.local/lib/python3.7/site-packages/airflow/example_dags/example_sla_dag.py took 0.875 seconds
[2023-02-10T02:25:25.994+0000] {processor.py:153} INFO - Started process (PID=586) to work on /home/airflow/.local/lib/python3.7/site-packages/airflow/example_dags/example_sla_dag.py
[2023-02-10T02:25:26.008+0000] {processor.py:743} INFO - Processing file /home/airflow/.local/lib/python3.7/site-packages/airflow/example_dags/example_sla_dag.py for tasks to queue
[2023-02-10T02:25:26.028+0000] {logging_mixin.py:137} INFO - [2023-02-10T02:25:26.027+0000] {dagbag.py:538} INFO - Filling up the DagBag from /home/airflow/.local/lib/python3.7/site-packages/airflow/example_dags/example_sla_dag.py
[2023-02-10T02:25:26.155+0000] {processor.py:753} INFO - DAG(s) dict_keys(['example_sla_dag']) retrieved from /home/airflow/.local/lib/python3.7/site-packages/airflow/example_dags/example_sla_dag.py
[2023-02-10T02:25:26.541+0000] {logging_mixin.py:137} INFO - [2023-02-10T02:25:26.541+0000] {dag.py:2690} INFO - Sync 1 DAGs
[2023-02-10T02:25:27.129+0000] {logging_mixin.py:137} INFO - [2023-02-10T02:25:27.129+0000] {dag.py:3441} INFO - Setting next_dagrun for example_sla_dag to 2023-02-10T02:22:00+00:00, run_after=2023-02-10T02:24:00+00:00
[2023-02-10T02:25:27.319+0000] {processor.py:175} INFO - Processing /home/airflow/.local/lib/python3.7/site-packages/airflow/example_dags/example_sla_dag.py took 1.356 seconds
[2023-02-10T02:25:57.744+0000] {processor.py:153} INFO - Started process (PID=635) to work on /home/airflow/.local/lib/python3.7/site-packages/airflow/example_dags/example_sla_dag.py
[2023-02-10T02:25:57.757+0000] {processor.py:743} INFO - Processing file /home/airflow/.local/lib/python3.7/site-packages/airflow/example_dags/example_sla_dag.py for tasks to queue
[2023-02-10T02:25:57.764+0000] {logging_mixin.py:137} INFO - [2023-02-10T02:25:57.763+0000] {dagbag.py:538} INFO - Filling up the DagBag from /home/airflow/.local/lib/python3.7/site-packages/airflow/example_dags/example_sla_dag.py
[2023-02-10T02:25:57.912+0000] {processor.py:753} INFO - DAG(s) dict_keys(['example_sla_dag']) retrieved from /home/airflow/.local/lib/python3.7/site-packages/airflow/example_dags/example_sla_dag.py
[2023-02-10T02:25:58.058+0000] {logging_mixin.py:137} INFO - [2023-02-10T02:25:58.058+0000] {dag.py:2690} INFO - Sync 1 DAGs
[2023-02-10T02:25:58.152+0000] {logging_mixin.py:137} INFO - [2023-02-10T02:25:58.152+0000] {dag.py:3441} INFO - Setting next_dagrun for example_sla_dag to 2023-02-10T02:22:00+00:00, run_after=2023-02-10T02:24:00+00:00
[2023-02-10T02:25:58.202+0000] {processor.py:175} INFO - Processing /home/airflow/.local/lib/python3.7/site-packages/airflow/example_dags/example_sla_dag.py took 0.483 seconds
[2023-02-10T02:26:28.494+0000] {processor.py:153} INFO - Started process (PID=695) to work on /home/airflow/.local/lib/python3.7/site-packages/airflow/example_dags/example_sla_dag.py
[2023-02-10T02:26:28.519+0000] {processor.py:743} INFO - Processing file /home/airflow/.local/lib/python3.7/site-packages/airflow/example_dags/example_sla_dag.py for tasks to queue
[2023-02-10T02:26:28.553+0000] {logging_mixin.py:137} INFO - [2023-02-10T02:26:28.553+0000] {dagbag.py:538} INFO - Filling up the DagBag from /home/airflow/.local/lib/python3.7/site-packages/airflow/example_dags/example_sla_dag.py
[2023-02-10T02:26:28.706+0000] {processor.py:753} INFO - DAG(s) dict_keys(['example_sla_dag']) retrieved from /home/airflow/.local/lib/python3.7/site-packages/airflow/example_dags/example_sla_dag.py
[2023-02-10T02:26:28.858+0000] {logging_mixin.py:137} INFO - [2023-02-10T02:26:28.858+0000] {dag.py:2690} INFO - Sync 1 DAGs
[2023-02-10T02:26:29.064+0000] {logging_mixin.py:137} INFO - [2023-02-10T02:26:29.064+0000] {dag.py:3441} INFO - Setting next_dagrun for example_sla_dag to 2023-02-10T02:24:00+00:00, run_after=2023-02-10T02:26:00+00:00
[2023-02-10T02:26:29.160+0000] {processor.py:175} INFO - Processing /home/airflow/.local/lib/python3.7/site-packages/airflow/example_dags/example_sla_dag.py took 0.693 seconds
[2023-02-10T02:26:59.398+0000] {processor.py:153} INFO - Started process (PID=744) to work on /home/airflow/.local/lib/python3.7/site-packages/airflow/example_dags/example_sla_dag.py
[2023-02-10T02:26:59.403+0000] {processor.py:743} INFO - Processing file /home/airflow/.local/lib/python3.7/site-packages/airflow/example_dags/example_sla_dag.py for tasks to queue
[2023-02-10T02:26:59.411+0000] {logging_mixin.py:137} INFO - [2023-02-10T02:26:59.410+0000] {dagbag.py:538} INFO - Filling up the DagBag from /home/airflow/.local/lib/python3.7/site-packages/airflow/example_dags/example_sla_dag.py
[2023-02-10T02:26:59.470+0000] {processor.py:753} INFO - DAG(s) dict_keys(['example_sla_dag']) retrieved from /home/airflow/.local/lib/python3.7/site-packages/airflow/example_dags/example_sla_dag.py
[2023-02-10T02:26:59.542+0000] {logging_mixin.py:137} INFO - [2023-02-10T02:26:59.541+0000] {dag.py:2690} INFO - Sync 1 DAGs
[2023-02-10T02:26:59.619+0000] {logging_mixin.py:137} INFO - [2023-02-10T02:26:59.619+0000] {dag.py:3441} INFO - Setting next_dagrun for example_sla_dag to 2023-02-10T02:24:00+00:00, run_after=2023-02-10T02:26:00+00:00
[2023-02-10T02:26:59.667+0000] {processor.py:175} INFO - Processing /home/airflow/.local/lib/python3.7/site-packages/airflow/example_dags/example_sla_dag.py took 0.277 seconds
[2023-02-10T02:27:31.117+0000] {processor.py:153} INFO - Started process (PID=802) to work on /home/airflow/.local/lib/python3.7/site-packages/airflow/example_dags/example_sla_dag.py
[2023-02-10T02:27:31.132+0000] {processor.py:743} INFO - Processing file /home/airflow/.local/lib/python3.7/site-packages/airflow/example_dags/example_sla_dag.py for tasks to queue
[2023-02-10T02:27:31.139+0000] {logging_mixin.py:137} INFO - [2023-02-10T02:27:31.139+0000] {dagbag.py:538} INFO - Filling up the DagBag from /home/airflow/.local/lib/python3.7/site-packages/airflow/example_dags/example_sla_dag.py
[2023-02-10T02:27:31.327+0000] {processor.py:753} INFO - DAG(s) dict_keys(['example_sla_dag']) retrieved from /home/airflow/.local/lib/python3.7/site-packages/airflow/example_dags/example_sla_dag.py
[2023-02-10T02:27:31.617+0000] {logging_mixin.py:137} INFO - [2023-02-10T02:27:31.617+0000] {dag.py:2690} INFO - Sync 1 DAGs
[2023-02-10T02:27:31.842+0000] {logging_mixin.py:137} INFO - [2023-02-10T02:27:31.842+0000] {dag.py:3441} INFO - Setting next_dagrun for example_sla_dag to 2023-02-10T02:24:00+00:00, run_after=2023-02-10T02:26:00+00:00
[2023-02-10T02:27:32.026+0000] {processor.py:175} INFO - Processing /home/airflow/.local/lib/python3.7/site-packages/airflow/example_dags/example_sla_dag.py took 0.996 seconds
[2023-02-10T02:28:04.946+0000] {processor.py:153} INFO - Started process (PID=861) to work on /home/airflow/.local/lib/python3.7/site-packages/airflow/example_dags/example_sla_dag.py
[2023-02-10T02:28:04.961+0000] {processor.py:743} INFO - Processing file /home/airflow/.local/lib/python3.7/site-packages/airflow/example_dags/example_sla_dag.py for tasks to queue
[2023-02-10T02:28:04.967+0000] {logging_mixin.py:137} INFO - [2023-02-10T02:28:04.967+0000] {dagbag.py:538} INFO - Filling up the DagBag from /home/airflow/.local/lib/python3.7/site-packages/airflow/example_dags/example_sla_dag.py
[2023-02-10T02:28:06.396+0000] {processor.py:753} INFO - DAG(s) dict_keys(['example_sla_dag']) retrieved from /home/airflow/.local/lib/python3.7/site-packages/airflow/example_dags/example_sla_dag.py
[2023-02-10T02:28:07.045+0000] {logging_mixin.py:137} INFO - [2023-02-10T02:28:07.044+0000] {dag.py:2690} INFO - Sync 1 DAGs
[2023-02-10T02:28:07.363+0000] {logging_mixin.py:137} INFO - [2023-02-10T02:28:07.363+0000] {dag.py:3441} INFO - Setting next_dagrun for example_sla_dag to 2023-02-10T02:26:00+00:00, run_after=2023-02-10T02:28:00+00:00
[2023-02-10T02:28:07.557+0000] {processor.py:175} INFO - Processing /home/airflow/.local/lib/python3.7/site-packages/airflow/example_dags/example_sla_dag.py took 2.754 seconds
[2023-02-10T02:28:44.639+0000] {processor.py:153} INFO - Started process (PID=919) to work on /home/airflow/.local/lib/python3.7/site-packages/airflow/example_dags/example_sla_dag.py
[2023-02-10T02:28:44.662+0000] {processor.py:743} INFO - Processing file /home/airflow/.local/lib/python3.7/site-packages/airflow/example_dags/example_sla_dag.py for tasks to queue
[2023-02-10T02:28:44.689+0000] {logging_mixin.py:137} INFO - [2023-02-10T02:28:44.689+0000] {dagbag.py:538} INFO - Filling up the DagBag from /home/airflow/.local/lib/python3.7/site-packages/airflow/example_dags/example_sla_dag.py
[2023-02-10T02:28:45.140+0000] {processor.py:753} INFO - DAG(s) dict_keys(['example_sla_dag']) retrieved from /home/airflow/.local/lib/python3.7/site-packages/airflow/example_dags/example_sla_dag.py
[2023-02-10T02:28:46.372+0000] {logging_mixin.py:137} INFO - [2023-02-10T02:28:46.330+0000] {dag.py:2690} INFO - Sync 1 DAGs
[2023-02-10T02:28:46.695+0000] {logging_mixin.py:137} INFO - [2023-02-10T02:28:46.694+0000] {dag.py:3441} INFO - Setting next_dagrun for example_sla_dag to 2023-02-10T02:26:00+00:00, run_after=2023-02-10T02:28:00+00:00
[2023-02-10T02:28:46.877+0000] {processor.py:175} INFO - Processing /home/airflow/.local/lib/python3.7/site-packages/airflow/example_dags/example_sla_dag.py took 2.315 seconds
