[2023-02-10T01:50:54.746+0000] {processor.py:153} INFO - Started process (PID=279) to work on /home/airflow/.local/lib/python3.7/site-packages/airflow/example_dags/example_short_circuit_operator.py
[2023-02-10T01:50:54.806+0000] {processor.py:743} INFO - Processing file /home/airflow/.local/lib/python3.7/site-packages/airflow/example_dags/example_short_circuit_operator.py for tasks to queue
[2023-02-10T01:50:54.813+0000] {logging_mixin.py:137} INFO - [2023-02-10T01:50:54.813+0000] {dagbag.py:538} INFO - Filling up the DagBag from /home/airflow/.local/lib/python3.7/site-packages/airflow/example_dags/example_short_circuit_operator.py
[2023-02-10T01:51:08.977+0000] {processor.py:753} INFO - DAG(s) dict_keys(['example_short_circuit_operator']) retrieved from /home/airflow/.local/lib/python3.7/site-packages/airflow/example_dags/example_short_circuit_operator.py
[2023-02-10T01:51:13.386+0000] {logging_mixin.py:137} INFO - [2023-02-10T01:51:13.386+0000] {dag.py:2690} INFO - Sync 1 DAGs
[2023-02-10T01:51:23.169+0000] {logging_mixin.py:137} INFO - [2023-02-10T01:51:23.140+0000] {dag.py:3441} INFO - Setting next_dagrun for example_short_circuit_operator to 2023-02-09T01:51:23.129159+00:00, run_after=2023-02-10T01:51:23.129159+00:00
[2023-02-10T01:51:27.656+0000] {processor.py:175} INFO - Processing /home/airflow/.local/lib/python3.7/site-packages/airflow/example_dags/example_short_circuit_operator.py took 33.225 seconds
[2023-02-10T01:52:27.284+0000] {processor.py:153} INFO - Started process (PID=365) to work on /home/airflow/.local/lib/python3.7/site-packages/airflow/example_dags/example_short_circuit_operator.py
[2023-02-10T01:52:27.304+0000] {processor.py:743} INFO - Processing file /home/airflow/.local/lib/python3.7/site-packages/airflow/example_dags/example_short_circuit_operator.py for tasks to queue
[2023-02-10T01:52:27.310+0000] {logging_mixin.py:137} INFO - [2023-02-10T01:52:27.308+0000] {dagbag.py:538} INFO - Filling up the DagBag from /home/airflow/.local/lib/python3.7/site-packages/airflow/example_dags/example_short_circuit_operator.py
[2023-02-10T01:52:27.545+0000] {processor.py:753} INFO - DAG(s) dict_keys(['example_short_circuit_operator']) retrieved from /home/airflow/.local/lib/python3.7/site-packages/airflow/example_dags/example_short_circuit_operator.py
[2023-02-10T01:52:27.845+0000] {logging_mixin.py:137} INFO - [2023-02-10T01:52:27.845+0000] {dag.py:2690} INFO - Sync 1 DAGs
[2023-02-10T01:52:28.303+0000] {logging_mixin.py:137} INFO - [2023-02-10T01:52:28.303+0000] {dag.py:3441} INFO - Setting next_dagrun for example_short_circuit_operator to 2023-02-09T01:52:28.287291+00:00, run_after=2023-02-10T01:52:28.287291+00:00
[2023-02-10T01:52:28.616+0000] {processor.py:175} INFO - Processing /home/airflow/.local/lib/python3.7/site-packages/airflow/example_dags/example_short_circuit_operator.py took 1.359 seconds
[2023-02-10T01:52:59.919+0000] {processor.py:153} INFO - Started process (PID=415) to work on /home/airflow/.local/lib/python3.7/site-packages/airflow/example_dags/example_short_circuit_operator.py
[2023-02-10T01:52:59.931+0000] {processor.py:743} INFO - Processing file /home/airflow/.local/lib/python3.7/site-packages/airflow/example_dags/example_short_circuit_operator.py for tasks to queue
[2023-02-10T01:52:59.948+0000] {logging_mixin.py:137} INFO - [2023-02-10T01:52:59.948+0000] {dagbag.py:538} INFO - Filling up the DagBag from /home/airflow/.local/lib/python3.7/site-packages/airflow/example_dags/example_short_circuit_operator.py
[2023-02-10T01:53:00.200+0000] {processor.py:753} INFO - DAG(s) dict_keys(['example_short_circuit_operator']) retrieved from /home/airflow/.local/lib/python3.7/site-packages/airflow/example_dags/example_short_circuit_operator.py
[2023-02-10T01:53:00.544+0000] {logging_mixin.py:137} INFO - [2023-02-10T01:53:00.544+0000] {dag.py:2690} INFO - Sync 1 DAGs
[2023-02-10T01:53:00.696+0000] {logging_mixin.py:137} INFO - [2023-02-10T01:53:00.696+0000] {dag.py:3441} INFO - Setting next_dagrun for example_short_circuit_operator to 2023-02-09T01:53:00.695528+00:00, run_after=2023-02-10T01:53:00.695528+00:00
[2023-02-10T01:53:00.783+0000] {processor.py:175} INFO - Processing /home/airflow/.local/lib/python3.7/site-packages/airflow/example_dags/example_short_circuit_operator.py took 0.895 seconds
[2023-02-10T01:53:34.277+0000] {processor.py:153} INFO - Started process (PID=474) to work on /home/airflow/.local/lib/python3.7/site-packages/airflow/example_dags/example_short_circuit_operator.py
[2023-02-10T01:53:34.303+0000] {processor.py:743} INFO - Processing file /home/airflow/.local/lib/python3.7/site-packages/airflow/example_dags/example_short_circuit_operator.py for tasks to queue
[2023-02-10T01:53:34.323+0000] {logging_mixin.py:137} INFO - [2023-02-10T01:53:34.322+0000] {dagbag.py:538} INFO - Filling up the DagBag from /home/airflow/.local/lib/python3.7/site-packages/airflow/example_dags/example_short_circuit_operator.py
[2023-02-10T01:53:34.476+0000] {processor.py:753} INFO - DAG(s) dict_keys(['example_short_circuit_operator']) retrieved from /home/airflow/.local/lib/python3.7/site-packages/airflow/example_dags/example_short_circuit_operator.py
[2023-02-10T01:53:34.619+0000] {logging_mixin.py:137} INFO - [2023-02-10T01:53:34.619+0000] {dag.py:2690} INFO - Sync 1 DAGs
[2023-02-10T01:53:34.838+0000] {logging_mixin.py:137} INFO - [2023-02-10T01:53:34.838+0000] {dag.py:3441} INFO - Setting next_dagrun for example_short_circuit_operator to 2023-02-09T01:53:34.835063+00:00, run_after=2023-02-10T01:53:34.835063+00:00
[2023-02-10T01:53:35.000+0000] {processor.py:175} INFO - Processing /home/airflow/.local/lib/python3.7/site-packages/airflow/example_dags/example_short_circuit_operator.py took 0.769 seconds
[2023-02-10T01:54:06.200+0000] {processor.py:153} INFO - Started process (PID=531) to work on /home/airflow/.local/lib/python3.7/site-packages/airflow/example_dags/example_short_circuit_operator.py
[2023-02-10T01:54:06.217+0000] {processor.py:743} INFO - Processing file /home/airflow/.local/lib/python3.7/site-packages/airflow/example_dags/example_short_circuit_operator.py for tasks to queue
[2023-02-10T01:54:06.230+0000] {logging_mixin.py:137} INFO - [2023-02-10T01:54:06.228+0000] {dagbag.py:538} INFO - Filling up the DagBag from /home/airflow/.local/lib/python3.7/site-packages/airflow/example_dags/example_short_circuit_operator.py
[2023-02-10T01:54:06.442+0000] {processor.py:753} INFO - DAG(s) dict_keys(['example_short_circuit_operator']) retrieved from /home/airflow/.local/lib/python3.7/site-packages/airflow/example_dags/example_short_circuit_operator.py
[2023-02-10T01:54:06.778+0000] {logging_mixin.py:137} INFO - [2023-02-10T01:54:06.778+0000] {dag.py:2690} INFO - Sync 1 DAGs
[2023-02-10T01:54:07.017+0000] {logging_mixin.py:137} INFO - [2023-02-10T01:54:07.017+0000] {dag.py:3441} INFO - Setting next_dagrun for example_short_circuit_operator to 2023-02-09T01:54:07.017161+00:00, run_after=2023-02-10T01:54:07.017161+00:00
[2023-02-10T01:54:07.201+0000] {processor.py:175} INFO - Processing /home/airflow/.local/lib/python3.7/site-packages/airflow/example_dags/example_short_circuit_operator.py took 1.027 seconds
[2023-02-10T01:54:37.595+0000] {processor.py:153} INFO - Started process (PID=579) to work on /home/airflow/.local/lib/python3.7/site-packages/airflow/example_dags/example_short_circuit_operator.py
[2023-02-10T01:54:37.598+0000] {processor.py:743} INFO - Processing file /home/airflow/.local/lib/python3.7/site-packages/airflow/example_dags/example_short_circuit_operator.py for tasks to queue
[2023-02-10T01:54:37.602+0000] {logging_mixin.py:137} INFO - [2023-02-10T01:54:37.602+0000] {dagbag.py:538} INFO - Filling up the DagBag from /home/airflow/.local/lib/python3.7/site-packages/airflow/example_dags/example_short_circuit_operator.py
[2023-02-10T01:54:37.638+0000] {processor.py:753} INFO - DAG(s) dict_keys(['example_short_circuit_operator']) retrieved from /home/airflow/.local/lib/python3.7/site-packages/airflow/example_dags/example_short_circuit_operator.py
[2023-02-10T01:54:37.692+0000] {logging_mixin.py:137} INFO - [2023-02-10T01:54:37.691+0000] {dag.py:2690} INFO - Sync 1 DAGs
[2023-02-10T01:54:37.739+0000] {logging_mixin.py:137} INFO - [2023-02-10T01:54:37.739+0000] {dag.py:3441} INFO - Setting next_dagrun for example_short_circuit_operator to 2023-02-09T01:54:37.738982+00:00, run_after=2023-02-10T01:54:37.738982+00:00
[2023-02-10T01:54:37.783+0000] {processor.py:175} INFO - Processing /home/airflow/.local/lib/python3.7/site-packages/airflow/example_dags/example_short_circuit_operator.py took 0.196 seconds
[2023-02-10T01:55:08.055+0000] {processor.py:153} INFO - Started process (PID=637) to work on /home/airflow/.local/lib/python3.7/site-packages/airflow/example_dags/example_short_circuit_operator.py
[2023-02-10T01:55:08.059+0000] {processor.py:743} INFO - Processing file /home/airflow/.local/lib/python3.7/site-packages/airflow/example_dags/example_short_circuit_operator.py for tasks to queue
[2023-02-10T01:55:08.062+0000] {logging_mixin.py:137} INFO - [2023-02-10T01:55:08.062+0000] {dagbag.py:538} INFO - Filling up the DagBag from /home/airflow/.local/lib/python3.7/site-packages/airflow/example_dags/example_short_circuit_operator.py
[2023-02-10T01:55:08.099+0000] {processor.py:753} INFO - DAG(s) dict_keys(['example_short_circuit_operator']) retrieved from /home/airflow/.local/lib/python3.7/site-packages/airflow/example_dags/example_short_circuit_operator.py
[2023-02-10T01:55:08.153+0000] {logging_mixin.py:137} INFO - [2023-02-10T01:55:08.153+0000] {dag.py:2690} INFO - Sync 1 DAGs
[2023-02-10T01:55:08.201+0000] {logging_mixin.py:137} INFO - [2023-02-10T01:55:08.201+0000] {dag.py:3441} INFO - Setting next_dagrun for example_short_circuit_operator to 2023-02-09T01:55:08.200984+00:00, run_after=2023-02-10T01:55:08.200984+00:00
[2023-02-10T01:55:08.244+0000] {processor.py:175} INFO - Processing /home/airflow/.local/lib/python3.7/site-packages/airflow/example_dags/example_short_circuit_operator.py took 0.198 seconds
[2023-02-10T01:55:38.457+0000] {processor.py:153} INFO - Started process (PID=695) to work on /home/airflow/.local/lib/python3.7/site-packages/airflow/example_dags/example_short_circuit_operator.py
[2023-02-10T01:55:38.461+0000] {processor.py:743} INFO - Processing file /home/airflow/.local/lib/python3.7/site-packages/airflow/example_dags/example_short_circuit_operator.py for tasks to queue
[2023-02-10T01:55:38.479+0000] {logging_mixin.py:137} INFO - [2023-02-10T01:55:38.479+0000] {dagbag.py:538} INFO - Filling up the DagBag from /home/airflow/.local/lib/python3.7/site-packages/airflow/example_dags/example_short_circuit_operator.py
[2023-02-10T01:55:38.520+0000] {processor.py:753} INFO - DAG(s) dict_keys(['example_short_circuit_operator']) retrieved from /home/airflow/.local/lib/python3.7/site-packages/airflow/example_dags/example_short_circuit_operator.py
[2023-02-10T01:55:38.592+0000] {logging_mixin.py:137} INFO - [2023-02-10T01:55:38.592+0000] {dag.py:2690} INFO - Sync 1 DAGs
[2023-02-10T01:55:38.653+0000] {logging_mixin.py:137} INFO - [2023-02-10T01:55:38.653+0000] {dag.py:3441} INFO - Setting next_dagrun for example_short_circuit_operator to 2023-02-09T01:55:38.653039+00:00, run_after=2023-02-10T01:55:38.653039+00:00
[2023-02-10T01:55:38.740+0000] {processor.py:175} INFO - Processing /home/airflow/.local/lib/python3.7/site-packages/airflow/example_dags/example_short_circuit_operator.py took 0.302 seconds
[2023-02-10T01:56:10.152+0000] {processor.py:153} INFO - Started process (PID=754) to work on /home/airflow/.local/lib/python3.7/site-packages/airflow/example_dags/example_short_circuit_operator.py
[2023-02-10T01:56:10.197+0000] {processor.py:743} INFO - Processing file /home/airflow/.local/lib/python3.7/site-packages/airflow/example_dags/example_short_circuit_operator.py for tasks to queue
[2023-02-10T01:56:10.203+0000] {logging_mixin.py:137} INFO - [2023-02-10T01:56:10.202+0000] {dagbag.py:538} INFO - Filling up the DagBag from /home/airflow/.local/lib/python3.7/site-packages/airflow/example_dags/example_short_circuit_operator.py
[2023-02-10T01:56:10.247+0000] {processor.py:753} INFO - DAG(s) dict_keys(['example_short_circuit_operator']) retrieved from /home/airflow/.local/lib/python3.7/site-packages/airflow/example_dags/example_short_circuit_operator.py
[2023-02-10T01:56:10.374+0000] {logging_mixin.py:137} INFO - [2023-02-10T01:56:10.373+0000] {dag.py:2690} INFO - Sync 1 DAGs
[2023-02-10T01:56:10.546+0000] {logging_mixin.py:137} INFO - [2023-02-10T01:56:10.545+0000] {dag.py:3441} INFO - Setting next_dagrun for example_short_circuit_operator to 2023-02-09T01:56:10.545225+00:00, run_after=2023-02-10T01:56:10.545225+00:00
[2023-02-10T01:56:10.592+0000] {processor.py:175} INFO - Processing /home/airflow/.local/lib/python3.7/site-packages/airflow/example_dags/example_short_circuit_operator.py took 0.480 seconds
[2023-02-10T01:56:40.758+0000] {processor.py:153} INFO - Started process (PID=804) to work on /home/airflow/.local/lib/python3.7/site-packages/airflow/example_dags/example_short_circuit_operator.py
[2023-02-10T01:56:40.763+0000] {processor.py:743} INFO - Processing file /home/airflow/.local/lib/python3.7/site-packages/airflow/example_dags/example_short_circuit_operator.py for tasks to queue
[2023-02-10T01:56:40.781+0000] {logging_mixin.py:137} INFO - [2023-02-10T01:56:40.778+0000] {dagbag.py:538} INFO - Filling up the DagBag from /home/airflow/.local/lib/python3.7/site-packages/airflow/example_dags/example_short_circuit_operator.py
[2023-02-10T01:56:40.834+0000] {processor.py:753} INFO - DAG(s) dict_keys(['example_short_circuit_operator']) retrieved from /home/airflow/.local/lib/python3.7/site-packages/airflow/example_dags/example_short_circuit_operator.py
[2023-02-10T01:56:40.906+0000] {logging_mixin.py:137} INFO - [2023-02-10T01:56:40.905+0000] {dag.py:2690} INFO - Sync 1 DAGs
[2023-02-10T01:56:41.040+0000] {logging_mixin.py:137} INFO - [2023-02-10T01:56:41.040+0000] {dag.py:3441} INFO - Setting next_dagrun for example_short_circuit_operator to 2023-02-09T01:56:41.039984+00:00, run_after=2023-02-10T01:56:41.039984+00:00
[2023-02-10T01:56:41.155+0000] {processor.py:175} INFO - Processing /home/airflow/.local/lib/python3.7/site-packages/airflow/example_dags/example_short_circuit_operator.py took 0.413 seconds
[2023-02-10T01:57:17.868+0000] {processor.py:153} INFO - Started process (PID=862) to work on /home/airflow/.local/lib/python3.7/site-packages/airflow/example_dags/example_short_circuit_operator.py
[2023-02-10T01:57:17.920+0000] {processor.py:743} INFO - Processing file /home/airflow/.local/lib/python3.7/site-packages/airflow/example_dags/example_short_circuit_operator.py for tasks to queue
[2023-02-10T01:57:17.977+0000] {logging_mixin.py:137} INFO - [2023-02-10T01:57:17.940+0000] {dagbag.py:538} INFO - Filling up the DagBag from /home/airflow/.local/lib/python3.7/site-packages/airflow/example_dags/example_short_circuit_operator.py
[2023-02-10T01:57:18.564+0000] {processor.py:753} INFO - DAG(s) dict_keys(['example_short_circuit_operator']) retrieved from /home/airflow/.local/lib/python3.7/site-packages/airflow/example_dags/example_short_circuit_operator.py
[2023-02-10T01:57:19.086+0000] {logging_mixin.py:137} INFO - [2023-02-10T01:57:19.084+0000] {dag.py:2690} INFO - Sync 1 DAGs
[2023-02-10T01:57:19.440+0000] {logging_mixin.py:137} INFO - [2023-02-10T01:57:19.440+0000] {dag.py:3441} INFO - Setting next_dagrun for example_short_circuit_operator to 2023-02-09T01:57:19.439658+00:00, run_after=2023-02-10T01:57:19.439658+00:00
[2023-02-10T01:57:19.642+0000] {processor.py:175} INFO - Processing /home/airflow/.local/lib/python3.7/site-packages/airflow/example_dags/example_short_circuit_operator.py took 1.893 seconds
[2023-02-10T01:58:02.128+0000] {processor.py:153} INFO - Started process (PID=920) to work on /home/airflow/.local/lib/python3.7/site-packages/airflow/example_dags/example_short_circuit_operator.py
[2023-02-10T01:58:02.132+0000] {processor.py:743} INFO - Processing file /home/airflow/.local/lib/python3.7/site-packages/airflow/example_dags/example_short_circuit_operator.py for tasks to queue
[2023-02-10T01:58:02.146+0000] {logging_mixin.py:137} INFO - [2023-02-10T01:58:02.143+0000] {dagbag.py:538} INFO - Filling up the DagBag from /home/airflow/.local/lib/python3.7/site-packages/airflow/example_dags/example_short_circuit_operator.py
[2023-02-10T01:58:02.248+0000] {processor.py:753} INFO - DAG(s) dict_keys(['example_short_circuit_operator']) retrieved from /home/airflow/.local/lib/python3.7/site-packages/airflow/example_dags/example_short_circuit_operator.py
[2023-02-10T01:58:02.379+0000] {logging_mixin.py:137} INFO - [2023-02-10T01:58:02.378+0000] {dag.py:2690} INFO - Sync 1 DAGs
[2023-02-10T01:58:02.589+0000] {logging_mixin.py:137} INFO - [2023-02-10T01:58:02.589+0000] {dag.py:3441} INFO - Setting next_dagrun for example_short_circuit_operator to 2023-02-09T01:58:02.588267+00:00, run_after=2023-02-10T01:58:02.588267+00:00
[2023-02-10T01:58:02.769+0000] {processor.py:175} INFO - Processing /home/airflow/.local/lib/python3.7/site-packages/airflow/example_dags/example_short_circuit_operator.py took 0.660 seconds
[2023-02-10T01:58:40.796+0000] {processor.py:153} INFO - Started process (PID=978) to work on /home/airflow/.local/lib/python3.7/site-packages/airflow/example_dags/example_short_circuit_operator.py
[2023-02-10T01:58:40.807+0000] {processor.py:743} INFO - Processing file /home/airflow/.local/lib/python3.7/site-packages/airflow/example_dags/example_short_circuit_operator.py for tasks to queue
[2023-02-10T01:58:40.822+0000] {logging_mixin.py:137} INFO - [2023-02-10T01:58:40.822+0000] {dagbag.py:538} INFO - Filling up the DagBag from /home/airflow/.local/lib/python3.7/site-packages/airflow/example_dags/example_short_circuit_operator.py
[2023-02-10T01:58:41.012+0000] {processor.py:753} INFO - DAG(s) dict_keys(['example_short_circuit_operator']) retrieved from /home/airflow/.local/lib/python3.7/site-packages/airflow/example_dags/example_short_circuit_operator.py
[2023-02-10T01:58:41.586+0000] {logging_mixin.py:137} INFO - [2023-02-10T01:58:41.584+0000] {dag.py:2690} INFO - Sync 1 DAGs
[2023-02-10T01:58:42.074+0000] {logging_mixin.py:137} INFO - [2023-02-10T01:58:42.074+0000] {dag.py:3441} INFO - Setting next_dagrun for example_short_circuit_operator to 2023-02-09T01:58:42.074138+00:00, run_after=2023-02-10T01:58:42.074138+00:00
[2023-02-10T01:58:42.330+0000] {processor.py:175} INFO - Processing /home/airflow/.local/lib/python3.7/site-packages/airflow/example_dags/example_short_circuit_operator.py took 1.611 seconds
[2023-02-10T01:59:12.724+0000] {processor.py:153} INFO - Started process (PID=1035) to work on /home/airflow/.local/lib/python3.7/site-packages/airflow/example_dags/example_short_circuit_operator.py
[2023-02-10T01:59:12.741+0000] {processor.py:743} INFO - Processing file /home/airflow/.local/lib/python3.7/site-packages/airflow/example_dags/example_short_circuit_operator.py for tasks to queue
[2023-02-10T01:59:12.757+0000] {logging_mixin.py:137} INFO - [2023-02-10T01:59:12.756+0000] {dagbag.py:538} INFO - Filling up the DagBag from /home/airflow/.local/lib/python3.7/site-packages/airflow/example_dags/example_short_circuit_operator.py
[2023-02-10T01:59:12.831+0000] {processor.py:753} INFO - DAG(s) dict_keys(['example_short_circuit_operator']) retrieved from /home/airflow/.local/lib/python3.7/site-packages/airflow/example_dags/example_short_circuit_operator.py
[2023-02-10T01:59:13.010+0000] {logging_mixin.py:137} INFO - [2023-02-10T01:59:13.010+0000] {dag.py:2690} INFO - Sync 1 DAGs
[2023-02-10T01:59:13.082+0000] {logging_mixin.py:137} INFO - [2023-02-10T01:59:13.082+0000] {dag.py:3441} INFO - Setting next_dagrun for example_short_circuit_operator to 2023-02-09T01:59:13.081354+00:00, run_after=2023-02-10T01:59:13.081354+00:00
[2023-02-10T01:59:13.142+0000] {processor.py:175} INFO - Processing /home/airflow/.local/lib/python3.7/site-packages/airflow/example_dags/example_short_circuit_operator.py took 0.466 seconds
[2023-02-10T01:59:54.844+0000] {processor.py:153} INFO - Started process (PID=1086) to work on /home/airflow/.local/lib/python3.7/site-packages/airflow/example_dags/example_short_circuit_operator.py
[2023-02-10T01:59:54.871+0000] {processor.py:743} INFO - Processing file /home/airflow/.local/lib/python3.7/site-packages/airflow/example_dags/example_short_circuit_operator.py for tasks to queue
[2023-02-10T01:59:54.891+0000] {logging_mixin.py:137} INFO - [2023-02-10T01:59:54.890+0000] {dagbag.py:538} INFO - Filling up the DagBag from /home/airflow/.local/lib/python3.7/site-packages/airflow/example_dags/example_short_circuit_operator.py
[2023-02-10T01:59:55.328+0000] {processor.py:753} INFO - DAG(s) dict_keys(['example_short_circuit_operator']) retrieved from /home/airflow/.local/lib/python3.7/site-packages/airflow/example_dags/example_short_circuit_operator.py
[2023-02-10T01:59:55.955+0000] {logging_mixin.py:137} INFO - [2023-02-10T01:59:55.955+0000] {dag.py:2690} INFO - Sync 1 DAGs
[2023-02-10T01:59:56.516+0000] {logging_mixin.py:137} INFO - [2023-02-10T01:59:56.516+0000] {dag.py:3441} INFO - Setting next_dagrun for example_short_circuit_operator to 2023-02-09T01:59:56.515761+00:00, run_after=2023-02-10T01:59:56.515761+00:00
[2023-02-10T01:59:56.824+0000] {processor.py:175} INFO - Processing /home/airflow/.local/lib/python3.7/site-packages/airflow/example_dags/example_short_circuit_operator.py took 2.064 seconds
[2023-02-10T02:00:29.931+0000] {processor.py:153} INFO - Started process (PID=1143) to work on /home/airflow/.local/lib/python3.7/site-packages/airflow/example_dags/example_short_circuit_operator.py
[2023-02-10T02:00:29.972+0000] {processor.py:743} INFO - Processing file /home/airflow/.local/lib/python3.7/site-packages/airflow/example_dags/example_short_circuit_operator.py for tasks to queue
[2023-02-10T02:00:29.975+0000] {logging_mixin.py:137} INFO - [2023-02-10T02:00:29.975+0000] {dagbag.py:538} INFO - Filling up the DagBag from /home/airflow/.local/lib/python3.7/site-packages/airflow/example_dags/example_short_circuit_operator.py
[2023-02-10T02:00:30.107+0000] {processor.py:753} INFO - DAG(s) dict_keys(['example_short_circuit_operator']) retrieved from /home/airflow/.local/lib/python3.7/site-packages/airflow/example_dags/example_short_circuit_operator.py
[2023-02-10T02:00:30.552+0000] {logging_mixin.py:137} INFO - [2023-02-10T02:00:30.551+0000] {dag.py:2690} INFO - Sync 1 DAGs
[2023-02-10T02:00:30.882+0000] {logging_mixin.py:137} INFO - [2023-02-10T02:00:30.877+0000] {dag.py:3441} INFO - Setting next_dagrun for example_short_circuit_operator to 2023-02-09T02:00:30.847771+00:00, run_after=2023-02-10T02:00:30.847771+00:00
[2023-02-10T02:00:31.131+0000] {processor.py:175} INFO - Processing /home/airflow/.local/lib/python3.7/site-packages/airflow/example_dags/example_short_circuit_operator.py took 1.220 seconds
[2023-02-10T02:01:12.247+0000] {processor.py:153} INFO - Started process (PID=1204) to work on /home/airflow/.local/lib/python3.7/site-packages/airflow/example_dags/example_short_circuit_operator.py
[2023-02-10T02:01:12.252+0000] {processor.py:743} INFO - Processing file /home/airflow/.local/lib/python3.7/site-packages/airflow/example_dags/example_short_circuit_operator.py for tasks to queue
[2023-02-10T02:01:12.271+0000] {logging_mixin.py:137} INFO - [2023-02-10T02:01:12.271+0000] {dagbag.py:538} INFO - Filling up the DagBag from /home/airflow/.local/lib/python3.7/site-packages/airflow/example_dags/example_short_circuit_operator.py
[2023-02-10T02:01:12.501+0000] {processor.py:753} INFO - DAG(s) dict_keys(['example_short_circuit_operator']) retrieved from /home/airflow/.local/lib/python3.7/site-packages/airflow/example_dags/example_short_circuit_operator.py
[2023-02-10T02:01:13.765+0000] {logging_mixin.py:137} INFO - [2023-02-10T02:01:13.760+0000] {dag.py:2690} INFO - Sync 1 DAGs
[2023-02-10T02:01:14.151+0000] {logging_mixin.py:137} INFO - [2023-02-10T02:01:14.151+0000] {dag.py:3441} INFO - Setting next_dagrun for example_short_circuit_operator to 2023-02-09T02:01:14.151007+00:00, run_after=2023-02-10T02:01:14.151007+00:00
[2023-02-10T02:01:14.268+0000] {processor.py:175} INFO - Processing /home/airflow/.local/lib/python3.7/site-packages/airflow/example_dags/example_short_circuit_operator.py took 2.038 seconds
[2023-02-10T02:01:55.988+0000] {processor.py:153} INFO - Started process (PID=1266) to work on /home/airflow/.local/lib/python3.7/site-packages/airflow/example_dags/example_short_circuit_operator.py
[2023-02-10T02:01:56.028+0000] {processor.py:743} INFO - Processing file /home/airflow/.local/lib/python3.7/site-packages/airflow/example_dags/example_short_circuit_operator.py for tasks to queue
[2023-02-10T02:01:56.044+0000] {logging_mixin.py:137} INFO - [2023-02-10T02:01:56.043+0000] {dagbag.py:538} INFO - Filling up the DagBag from /home/airflow/.local/lib/python3.7/site-packages/airflow/example_dags/example_short_circuit_operator.py
[2023-02-10T02:01:56.271+0000] {processor.py:753} INFO - DAG(s) dict_keys(['example_short_circuit_operator']) retrieved from /home/airflow/.local/lib/python3.7/site-packages/airflow/example_dags/example_short_circuit_operator.py
[2023-02-10T02:01:56.494+0000] {logging_mixin.py:137} INFO - [2023-02-10T02:01:56.494+0000] {dag.py:2690} INFO - Sync 1 DAGs
[2023-02-10T02:01:56.699+0000] {logging_mixin.py:137} INFO - [2023-02-10T02:01:56.698+0000] {dag.py:3441} INFO - Setting next_dagrun for example_short_circuit_operator to 2023-02-09T02:01:56.690774+00:00, run_after=2023-02-10T02:01:56.690774+00:00
[2023-02-10T02:01:56.861+0000] {processor.py:175} INFO - Processing /home/airflow/.local/lib/python3.7/site-packages/airflow/example_dags/example_short_circuit_operator.py took 0.895 seconds
[2023-02-10T02:02:27.217+0000] {processor.py:153} INFO - Started process (PID=1324) to work on /home/airflow/.local/lib/python3.7/site-packages/airflow/example_dags/example_short_circuit_operator.py
[2023-02-10T02:02:27.228+0000] {processor.py:743} INFO - Processing file /home/airflow/.local/lib/python3.7/site-packages/airflow/example_dags/example_short_circuit_operator.py for tasks to queue
[2023-02-10T02:02:27.239+0000] {logging_mixin.py:137} INFO - [2023-02-10T02:02:27.239+0000] {dagbag.py:538} INFO - Filling up the DagBag from /home/airflow/.local/lib/python3.7/site-packages/airflow/example_dags/example_short_circuit_operator.py
[2023-02-10T02:02:27.285+0000] {processor.py:753} INFO - DAG(s) dict_keys(['example_short_circuit_operator']) retrieved from /home/airflow/.local/lib/python3.7/site-packages/airflow/example_dags/example_short_circuit_operator.py
[2023-02-10T02:02:27.341+0000] {logging_mixin.py:137} INFO - [2023-02-10T02:02:27.341+0000] {dag.py:2690} INFO - Sync 1 DAGs
[2023-02-10T02:02:27.397+0000] {logging_mixin.py:137} INFO - [2023-02-10T02:02:27.396+0000] {dag.py:3441} INFO - Setting next_dagrun for example_short_circuit_operator to 2023-02-09T02:02:27.396417+00:00, run_after=2023-02-10T02:02:27.396417+00:00
[2023-02-10T02:02:27.441+0000] {processor.py:175} INFO - Processing /home/airflow/.local/lib/python3.7/site-packages/airflow/example_dags/example_short_circuit_operator.py took 0.237 seconds
[2023-02-10T02:02:57.970+0000] {processor.py:153} INFO - Started process (PID=1383) to work on /home/airflow/.local/lib/python3.7/site-packages/airflow/example_dags/example_short_circuit_operator.py
[2023-02-10T02:02:57.975+0000] {processor.py:743} INFO - Processing file /home/airflow/.local/lib/python3.7/site-packages/airflow/example_dags/example_short_circuit_operator.py for tasks to queue
[2023-02-10T02:02:57.984+0000] {logging_mixin.py:137} INFO - [2023-02-10T02:02:57.982+0000] {dagbag.py:538} INFO - Filling up the DagBag from /home/airflow/.local/lib/python3.7/site-packages/airflow/example_dags/example_short_circuit_operator.py
[2023-02-10T02:02:58.041+0000] {processor.py:753} INFO - DAG(s) dict_keys(['example_short_circuit_operator']) retrieved from /home/airflow/.local/lib/python3.7/site-packages/airflow/example_dags/example_short_circuit_operator.py
[2023-02-10T02:02:58.132+0000] {logging_mixin.py:137} INFO - [2023-02-10T02:02:58.132+0000] {dag.py:2690} INFO - Sync 1 DAGs
[2023-02-10T02:02:58.195+0000] {logging_mixin.py:137} INFO - [2023-02-10T02:02:58.194+0000] {dag.py:3441} INFO - Setting next_dagrun for example_short_circuit_operator to 2023-02-09T02:02:58.194144+00:00, run_after=2023-02-10T02:02:58.194144+00:00
[2023-02-10T02:02:58.257+0000] {processor.py:175} INFO - Processing /home/airflow/.local/lib/python3.7/site-packages/airflow/example_dags/example_short_circuit_operator.py took 0.308 seconds
[2023-02-10T02:03:28.596+0000] {processor.py:153} INFO - Started process (PID=1443) to work on /home/airflow/.local/lib/python3.7/site-packages/airflow/example_dags/example_short_circuit_operator.py
[2023-02-10T02:03:28.603+0000] {processor.py:743} INFO - Processing file /home/airflow/.local/lib/python3.7/site-packages/airflow/example_dags/example_short_circuit_operator.py for tasks to queue
[2023-02-10T02:03:28.617+0000] {logging_mixin.py:137} INFO - [2023-02-10T02:03:28.617+0000] {dagbag.py:538} INFO - Filling up the DagBag from /home/airflow/.local/lib/python3.7/site-packages/airflow/example_dags/example_short_circuit_operator.py
[2023-02-10T02:03:28.703+0000] {processor.py:753} INFO - DAG(s) dict_keys(['example_short_circuit_operator']) retrieved from /home/airflow/.local/lib/python3.7/site-packages/airflow/example_dags/example_short_circuit_operator.py
[2023-02-10T02:03:28.835+0000] {logging_mixin.py:137} INFO - [2023-02-10T02:03:28.835+0000] {dag.py:2690} INFO - Sync 1 DAGs
[2023-02-10T02:03:28.903+0000] {logging_mixin.py:137} INFO - [2023-02-10T02:03:28.902+0000] {dag.py:3441} INFO - Setting next_dagrun for example_short_circuit_operator to 2023-02-09T02:03:28.902089+00:00, run_after=2023-02-10T02:03:28.902089+00:00
[2023-02-10T02:03:28.951+0000] {processor.py:175} INFO - Processing /home/airflow/.local/lib/python3.7/site-packages/airflow/example_dags/example_short_circuit_operator.py took 0.366 seconds
[2023-02-10T02:04:00.289+0000] {processor.py:153} INFO - Started process (PID=1502) to work on /home/airflow/.local/lib/python3.7/site-packages/airflow/example_dags/example_short_circuit_operator.py
[2023-02-10T02:04:00.309+0000] {processor.py:743} INFO - Processing file /home/airflow/.local/lib/python3.7/site-packages/airflow/example_dags/example_short_circuit_operator.py for tasks to queue
[2023-02-10T02:04:00.313+0000] {logging_mixin.py:137} INFO - [2023-02-10T02:04:00.312+0000] {dagbag.py:538} INFO - Filling up the DagBag from /home/airflow/.local/lib/python3.7/site-packages/airflow/example_dags/example_short_circuit_operator.py
[2023-02-10T02:04:00.443+0000] {processor.py:753} INFO - DAG(s) dict_keys(['example_short_circuit_operator']) retrieved from /home/airflow/.local/lib/python3.7/site-packages/airflow/example_dags/example_short_circuit_operator.py
[2023-02-10T02:04:00.700+0000] {logging_mixin.py:137} INFO - [2023-02-10T02:04:00.699+0000] {dag.py:2690} INFO - Sync 1 DAGs
[2023-02-10T02:04:00.841+0000] {logging_mixin.py:137} INFO - [2023-02-10T02:04:00.840+0000] {dag.py:3441} INFO - Setting next_dagrun for example_short_circuit_operator to 2023-02-09T02:04:00.840396+00:00, run_after=2023-02-10T02:04:00.840396+00:00
[2023-02-10T02:04:00.923+0000] {processor.py:175} INFO - Processing /home/airflow/.local/lib/python3.7/site-packages/airflow/example_dags/example_short_circuit_operator.py took 0.657 seconds
[2023-02-10T02:04:31.683+0000] {processor.py:153} INFO - Started process (PID=1556) to work on /home/airflow/.local/lib/python3.7/site-packages/airflow/example_dags/example_short_circuit_operator.py
[2023-02-10T02:04:31.687+0000] {processor.py:743} INFO - Processing file /home/airflow/.local/lib/python3.7/site-packages/airflow/example_dags/example_short_circuit_operator.py for tasks to queue
[2023-02-10T02:04:31.690+0000] {logging_mixin.py:137} INFO - [2023-02-10T02:04:31.690+0000] {dagbag.py:538} INFO - Filling up the DagBag from /home/airflow/.local/lib/python3.7/site-packages/airflow/example_dags/example_short_circuit_operator.py
[2023-02-10T02:04:31.803+0000] {processor.py:753} INFO - DAG(s) dict_keys(['example_short_circuit_operator']) retrieved from /home/airflow/.local/lib/python3.7/site-packages/airflow/example_dags/example_short_circuit_operator.py
[2023-02-10T02:04:31.910+0000] {logging_mixin.py:137} INFO - [2023-02-10T02:04:31.909+0000] {dag.py:2690} INFO - Sync 1 DAGs
[2023-02-10T02:04:32.012+0000] {logging_mixin.py:137} INFO - [2023-02-10T02:04:32.011+0000] {dag.py:3441} INFO - Setting next_dagrun for example_short_circuit_operator to 2023-02-09T02:04:32.011427+00:00, run_after=2023-02-10T02:04:32.011427+00:00
[2023-02-10T02:04:32.371+0000] {processor.py:175} INFO - Processing /home/airflow/.local/lib/python3.7/site-packages/airflow/example_dags/example_short_circuit_operator.py took 0.696 seconds
[2023-02-10T02:05:02.612+0000] {processor.py:153} INFO - Started process (PID=1608) to work on /home/airflow/.local/lib/python3.7/site-packages/airflow/example_dags/example_short_circuit_operator.py
[2023-02-10T02:05:02.622+0000] {processor.py:743} INFO - Processing file /home/airflow/.local/lib/python3.7/site-packages/airflow/example_dags/example_short_circuit_operator.py for tasks to queue
[2023-02-10T02:05:02.640+0000] {logging_mixin.py:137} INFO - [2023-02-10T02:05:02.633+0000] {dagbag.py:538} INFO - Filling up the DagBag from /home/airflow/.local/lib/python3.7/site-packages/airflow/example_dags/example_short_circuit_operator.py
[2023-02-10T02:05:02.745+0000] {processor.py:753} INFO - DAG(s) dict_keys(['example_short_circuit_operator']) retrieved from /home/airflow/.local/lib/python3.7/site-packages/airflow/example_dags/example_short_circuit_operator.py
[2023-02-10T02:05:02.820+0000] {logging_mixin.py:137} INFO - [2023-02-10T02:05:02.820+0000] {dag.py:2690} INFO - Sync 1 DAGs
[2023-02-10T02:05:02.889+0000] {logging_mixin.py:137} INFO - [2023-02-10T02:05:02.889+0000] {dag.py:3441} INFO - Setting next_dagrun for example_short_circuit_operator to 2023-02-09T02:05:02.888661+00:00, run_after=2023-02-10T02:05:02.888661+00:00
[2023-02-10T02:05:02.983+0000] {processor.py:175} INFO - Processing /home/airflow/.local/lib/python3.7/site-packages/airflow/example_dags/example_short_circuit_operator.py took 0.397 seconds
[2023-02-10T02:05:33.476+0000] {processor.py:153} INFO - Started process (PID=1667) to work on /home/airflow/.local/lib/python3.7/site-packages/airflow/example_dags/example_short_circuit_operator.py
[2023-02-10T02:05:33.479+0000] {processor.py:743} INFO - Processing file /home/airflow/.local/lib/python3.7/site-packages/airflow/example_dags/example_short_circuit_operator.py for tasks to queue
[2023-02-10T02:05:33.483+0000] {logging_mixin.py:137} INFO - [2023-02-10T02:05:33.483+0000] {dagbag.py:538} INFO - Filling up the DagBag from /home/airflow/.local/lib/python3.7/site-packages/airflow/example_dags/example_short_circuit_operator.py
[2023-02-10T02:05:33.517+0000] {processor.py:753} INFO - DAG(s) dict_keys(['example_short_circuit_operator']) retrieved from /home/airflow/.local/lib/python3.7/site-packages/airflow/example_dags/example_short_circuit_operator.py
[2023-02-10T02:05:33.586+0000] {logging_mixin.py:137} INFO - [2023-02-10T02:05:33.586+0000] {dag.py:2690} INFO - Sync 1 DAGs
[2023-02-10T02:05:33.644+0000] {logging_mixin.py:137} INFO - [2023-02-10T02:05:33.643+0000] {dag.py:3441} INFO - Setting next_dagrun for example_short_circuit_operator to 2023-02-09T02:05:33.643348+00:00, run_after=2023-02-10T02:05:33.643348+00:00
[2023-02-10T02:05:33.701+0000] {processor.py:175} INFO - Processing /home/airflow/.local/lib/python3.7/site-packages/airflow/example_dags/example_short_circuit_operator.py took 0.234 seconds
[2023-02-10T02:06:04.393+0000] {processor.py:153} INFO - Started process (PID=1724) to work on /home/airflow/.local/lib/python3.7/site-packages/airflow/example_dags/example_short_circuit_operator.py
[2023-02-10T02:06:04.398+0000] {processor.py:743} INFO - Processing file /home/airflow/.local/lib/python3.7/site-packages/airflow/example_dags/example_short_circuit_operator.py for tasks to queue
[2023-02-10T02:06:04.404+0000] {logging_mixin.py:137} INFO - [2023-02-10T02:06:04.404+0000] {dagbag.py:538} INFO - Filling up the DagBag from /home/airflow/.local/lib/python3.7/site-packages/airflow/example_dags/example_short_circuit_operator.py
[2023-02-10T02:06:04.463+0000] {processor.py:753} INFO - DAG(s) dict_keys(['example_short_circuit_operator']) retrieved from /home/airflow/.local/lib/python3.7/site-packages/airflow/example_dags/example_short_circuit_operator.py
[2023-02-10T02:06:04.534+0000] {logging_mixin.py:137} INFO - [2023-02-10T02:06:04.534+0000] {dag.py:2690} INFO - Sync 1 DAGs
[2023-02-10T02:06:04.586+0000] {logging_mixin.py:137} INFO - [2023-02-10T02:06:04.586+0000] {dag.py:3441} INFO - Setting next_dagrun for example_short_circuit_operator to 2023-02-09T02:06:04.585718+00:00, run_after=2023-02-10T02:06:04.585718+00:00
[2023-02-10T02:06:04.635+0000] {processor.py:175} INFO - Processing /home/airflow/.local/lib/python3.7/site-packages/airflow/example_dags/example_short_circuit_operator.py took 0.261 seconds
[2023-02-10T02:06:36.030+0000] {processor.py:153} INFO - Started process (PID=1782) to work on /home/airflow/.local/lib/python3.7/site-packages/airflow/example_dags/example_short_circuit_operator.py
[2023-02-10T02:06:36.040+0000] {processor.py:743} INFO - Processing file /home/airflow/.local/lib/python3.7/site-packages/airflow/example_dags/example_short_circuit_operator.py for tasks to queue
[2023-02-10T02:06:36.071+0000] {logging_mixin.py:137} INFO - [2023-02-10T02:06:36.070+0000] {dagbag.py:538} INFO - Filling up the DagBag from /home/airflow/.local/lib/python3.7/site-packages/airflow/example_dags/example_short_circuit_operator.py
[2023-02-10T02:06:36.168+0000] {processor.py:753} INFO - DAG(s) dict_keys(['example_short_circuit_operator']) retrieved from /home/airflow/.local/lib/python3.7/site-packages/airflow/example_dags/example_short_circuit_operator.py
[2023-02-10T02:06:36.334+0000] {logging_mixin.py:137} INFO - [2023-02-10T02:06:36.333+0000] {dag.py:2690} INFO - Sync 1 DAGs
[2023-02-10T02:06:36.519+0000] {logging_mixin.py:137} INFO - [2023-02-10T02:06:36.519+0000] {dag.py:3441} INFO - Setting next_dagrun for example_short_circuit_operator to 2023-02-09T02:06:36.518559+00:00, run_after=2023-02-10T02:06:36.518559+00:00
[2023-02-10T02:06:36.665+0000] {processor.py:175} INFO - Processing /home/airflow/.local/lib/python3.7/site-packages/airflow/example_dags/example_short_circuit_operator.py took 0.668 seconds
[2023-02-10T02:07:07.032+0000] {processor.py:153} INFO - Started process (PID=1841) to work on /home/airflow/.local/lib/python3.7/site-packages/airflow/example_dags/example_short_circuit_operator.py
[2023-02-10T02:07:07.044+0000] {processor.py:743} INFO - Processing file /home/airflow/.local/lib/python3.7/site-packages/airflow/example_dags/example_short_circuit_operator.py for tasks to queue
[2023-02-10T02:07:07.051+0000] {logging_mixin.py:137} INFO - [2023-02-10T02:07:07.050+0000] {dagbag.py:538} INFO - Filling up the DagBag from /home/airflow/.local/lib/python3.7/site-packages/airflow/example_dags/example_short_circuit_operator.py
[2023-02-10T02:07:07.168+0000] {processor.py:753} INFO - DAG(s) dict_keys(['example_short_circuit_operator']) retrieved from /home/airflow/.local/lib/python3.7/site-packages/airflow/example_dags/example_short_circuit_operator.py
[2023-02-10T02:07:07.278+0000] {logging_mixin.py:137} INFO - [2023-02-10T02:07:07.277+0000] {dag.py:2690} INFO - Sync 1 DAGs
[2023-02-10T02:07:07.487+0000] {logging_mixin.py:137} INFO - [2023-02-10T02:07:07.486+0000] {dag.py:3441} INFO - Setting next_dagrun for example_short_circuit_operator to 2023-02-09T02:07:07.486379+00:00, run_after=2023-02-10T02:07:07.486379+00:00
[2023-02-10T02:07:07.650+0000] {processor.py:175} INFO - Processing /home/airflow/.local/lib/python3.7/site-packages/airflow/example_dags/example_short_circuit_operator.py took 0.647 seconds
[2023-02-10T02:07:37.854+0000] {processor.py:153} INFO - Started process (PID=1900) to work on /home/airflow/.local/lib/python3.7/site-packages/airflow/example_dags/example_short_circuit_operator.py
[2023-02-10T02:07:37.860+0000] {processor.py:743} INFO - Processing file /home/airflow/.local/lib/python3.7/site-packages/airflow/example_dags/example_short_circuit_operator.py for tasks to queue
[2023-02-10T02:07:37.865+0000] {logging_mixin.py:137} INFO - [2023-02-10T02:07:37.864+0000] {dagbag.py:538} INFO - Filling up the DagBag from /home/airflow/.local/lib/python3.7/site-packages/airflow/example_dags/example_short_circuit_operator.py
[2023-02-10T02:07:37.905+0000] {processor.py:753} INFO - DAG(s) dict_keys(['example_short_circuit_operator']) retrieved from /home/airflow/.local/lib/python3.7/site-packages/airflow/example_dags/example_short_circuit_operator.py
[2023-02-10T02:07:37.970+0000] {logging_mixin.py:137} INFO - [2023-02-10T02:07:37.970+0000] {dag.py:2690} INFO - Sync 1 DAGs
[2023-02-10T02:07:38.043+0000] {logging_mixin.py:137} INFO - [2023-02-10T02:07:38.039+0000] {dag.py:3441} INFO - Setting next_dagrun for example_short_circuit_operator to 2023-02-09T02:07:38.038587+00:00, run_after=2023-02-10T02:07:38.038587+00:00
[2023-02-10T02:07:38.090+0000] {processor.py:175} INFO - Processing /home/airflow/.local/lib/python3.7/site-packages/airflow/example_dags/example_short_circuit_operator.py took 0.248 seconds
[2023-02-10T02:08:12.747+0000] {processor.py:153} INFO - Started process (PID=1959) to work on /home/airflow/.local/lib/python3.7/site-packages/airflow/example_dags/example_short_circuit_operator.py
[2023-02-10T02:08:12.757+0000] {processor.py:743} INFO - Processing file /home/airflow/.local/lib/python3.7/site-packages/airflow/example_dags/example_short_circuit_operator.py for tasks to queue
[2023-02-10T02:08:12.766+0000] {logging_mixin.py:137} INFO - [2023-02-10T02:08:12.764+0000] {dagbag.py:538} INFO - Filling up the DagBag from /home/airflow/.local/lib/python3.7/site-packages/airflow/example_dags/example_short_circuit_operator.py
[2023-02-10T02:08:12.863+0000] {processor.py:753} INFO - DAG(s) dict_keys(['example_short_circuit_operator']) retrieved from /home/airflow/.local/lib/python3.7/site-packages/airflow/example_dags/example_short_circuit_operator.py
[2023-02-10T02:08:13.061+0000] {logging_mixin.py:137} INFO - [2023-02-10T02:08:13.060+0000] {dag.py:2690} INFO - Sync 1 DAGs
[2023-02-10T02:08:13.244+0000] {logging_mixin.py:137} INFO - [2023-02-10T02:08:13.242+0000] {dag.py:3441} INFO - Setting next_dagrun for example_short_circuit_operator to 2023-02-09T02:08:13.238378+00:00, run_after=2023-02-10T02:08:13.238378+00:00
[2023-02-10T02:08:13.334+0000] {processor.py:175} INFO - Processing /home/airflow/.local/lib/python3.7/site-packages/airflow/example_dags/example_short_circuit_operator.py took 0.605 seconds
[2023-02-10T02:08:44.008+0000] {processor.py:153} INFO - Started process (PID=2009) to work on /home/airflow/.local/lib/python3.7/site-packages/airflow/example_dags/example_short_circuit_operator.py
[2023-02-10T02:08:44.050+0000] {processor.py:743} INFO - Processing file /home/airflow/.local/lib/python3.7/site-packages/airflow/example_dags/example_short_circuit_operator.py for tasks to queue
[2023-02-10T02:08:44.071+0000] {logging_mixin.py:137} INFO - [2023-02-10T02:08:44.071+0000] {dagbag.py:538} INFO - Filling up the DagBag from /home/airflow/.local/lib/python3.7/site-packages/airflow/example_dags/example_short_circuit_operator.py
[2023-02-10T02:08:44.242+0000] {processor.py:753} INFO - DAG(s) dict_keys(['example_short_circuit_operator']) retrieved from /home/airflow/.local/lib/python3.7/site-packages/airflow/example_dags/example_short_circuit_operator.py
[2023-02-10T02:08:44.795+0000] {logging_mixin.py:137} INFO - [2023-02-10T02:08:44.795+0000] {dag.py:2690} INFO - Sync 1 DAGs
[2023-02-10T02:08:45.037+0000] {logging_mixin.py:137} INFO - [2023-02-10T02:08:45.037+0000] {dag.py:3441} INFO - Setting next_dagrun for example_short_circuit_operator to 2023-02-09T02:08:45.029927+00:00, run_after=2023-02-10T02:08:45.029927+00:00
[2023-02-10T02:08:45.190+0000] {processor.py:175} INFO - Processing /home/airflow/.local/lib/python3.7/site-packages/airflow/example_dags/example_short_circuit_operator.py took 1.271 seconds
[2023-02-10T02:09:15.705+0000] {processor.py:153} INFO - Started process (PID=2067) to work on /home/airflow/.local/lib/python3.7/site-packages/airflow/example_dags/example_short_circuit_operator.py
[2023-02-10T02:09:15.728+0000] {processor.py:743} INFO - Processing file /home/airflow/.local/lib/python3.7/site-packages/airflow/example_dags/example_short_circuit_operator.py for tasks to queue
[2023-02-10T02:09:15.731+0000] {logging_mixin.py:137} INFO - [2023-02-10T02:09:15.731+0000] {dagbag.py:538} INFO - Filling up the DagBag from /home/airflow/.local/lib/python3.7/site-packages/airflow/example_dags/example_short_circuit_operator.py
[2023-02-10T02:09:16.141+0000] {processor.py:753} INFO - DAG(s) dict_keys(['example_short_circuit_operator']) retrieved from /home/airflow/.local/lib/python3.7/site-packages/airflow/example_dags/example_short_circuit_operator.py
[2023-02-10T02:09:16.445+0000] {logging_mixin.py:137} INFO - [2023-02-10T02:09:16.444+0000] {dag.py:2690} INFO - Sync 1 DAGs
[2023-02-10T02:09:16.572+0000] {logging_mixin.py:137} INFO - [2023-02-10T02:09:16.572+0000] {dag.py:3441} INFO - Setting next_dagrun for example_short_circuit_operator to 2023-02-09T02:09:16.572125+00:00, run_after=2023-02-10T02:09:16.572125+00:00
[2023-02-10T02:09:16.750+0000] {processor.py:175} INFO - Processing /home/airflow/.local/lib/python3.7/site-packages/airflow/example_dags/example_short_circuit_operator.py took 1.074 seconds
[2023-02-10T02:09:47.718+0000] {processor.py:153} INFO - Started process (PID=2117) to work on /home/airflow/.local/lib/python3.7/site-packages/airflow/example_dags/example_short_circuit_operator.py
[2023-02-10T02:09:47.733+0000] {processor.py:743} INFO - Processing file /home/airflow/.local/lib/python3.7/site-packages/airflow/example_dags/example_short_circuit_operator.py for tasks to queue
[2023-02-10T02:09:47.749+0000] {logging_mixin.py:137} INFO - [2023-02-10T02:09:47.749+0000] {dagbag.py:538} INFO - Filling up the DagBag from /home/airflow/.local/lib/python3.7/site-packages/airflow/example_dags/example_short_circuit_operator.py
[2023-02-10T02:09:47.836+0000] {processor.py:753} INFO - DAG(s) dict_keys(['example_short_circuit_operator']) retrieved from /home/airflow/.local/lib/python3.7/site-packages/airflow/example_dags/example_short_circuit_operator.py
[2023-02-10T02:09:48.089+0000] {logging_mixin.py:137} INFO - [2023-02-10T02:09:48.088+0000] {dag.py:2690} INFO - Sync 1 DAGs
[2023-02-10T02:09:48.282+0000] {logging_mixin.py:137} INFO - [2023-02-10T02:09:48.282+0000] {dag.py:3441} INFO - Setting next_dagrun for example_short_circuit_operator to 2023-02-09T02:09:48.281881+00:00, run_after=2023-02-10T02:09:48.281881+00:00
[2023-02-10T02:09:48.507+0000] {processor.py:175} INFO - Processing /home/airflow/.local/lib/python3.7/site-packages/airflow/example_dags/example_short_circuit_operator.py took 0.864 seconds
[2023-02-10T02:10:32.829+0000] {processor.py:153} INFO - Started process (PID=2185) to work on /home/airflow/.local/lib/python3.7/site-packages/airflow/example_dags/example_short_circuit_operator.py
[2023-02-10T02:10:32.837+0000] {processor.py:743} INFO - Processing file /home/airflow/.local/lib/python3.7/site-packages/airflow/example_dags/example_short_circuit_operator.py for tasks to queue
[2023-02-10T02:10:32.840+0000] {logging_mixin.py:137} INFO - [2023-02-10T02:10:32.840+0000] {dagbag.py:538} INFO - Filling up the DagBag from /home/airflow/.local/lib/python3.7/site-packages/airflow/example_dags/example_short_circuit_operator.py
[2023-02-10T02:10:32.922+0000] {processor.py:753} INFO - DAG(s) dict_keys(['example_short_circuit_operator']) retrieved from /home/airflow/.local/lib/python3.7/site-packages/airflow/example_dags/example_short_circuit_operator.py
[2023-02-10T02:10:33.122+0000] {logging_mixin.py:137} INFO - [2023-02-10T02:10:33.121+0000] {dag.py:2690} INFO - Sync 1 DAGs
[2023-02-10T02:10:33.222+0000] {logging_mixin.py:137} INFO - [2023-02-10T02:10:33.222+0000] {dag.py:3441} INFO - Setting next_dagrun for example_short_circuit_operator to 2023-02-09T02:10:33.221954+00:00, run_after=2023-02-10T02:10:33.221954+00:00
[2023-02-10T02:10:33.318+0000] {processor.py:175} INFO - Processing /home/airflow/.local/lib/python3.7/site-packages/airflow/example_dags/example_short_circuit_operator.py took 0.502 seconds
[2023-02-10T02:11:04.071+0000] {processor.py:153} INFO - Started process (PID=2235) to work on /home/airflow/.local/lib/python3.7/site-packages/airflow/example_dags/example_short_circuit_operator.py
[2023-02-10T02:11:04.076+0000] {processor.py:743} INFO - Processing file /home/airflow/.local/lib/python3.7/site-packages/airflow/example_dags/example_short_circuit_operator.py for tasks to queue
[2023-02-10T02:11:04.081+0000] {logging_mixin.py:137} INFO - [2023-02-10T02:11:04.081+0000] {dagbag.py:538} INFO - Filling up the DagBag from /home/airflow/.local/lib/python3.7/site-packages/airflow/example_dags/example_short_circuit_operator.py
[2023-02-10T02:11:04.134+0000] {processor.py:753} INFO - DAG(s) dict_keys(['example_short_circuit_operator']) retrieved from /home/airflow/.local/lib/python3.7/site-packages/airflow/example_dags/example_short_circuit_operator.py
[2023-02-10T02:11:04.227+0000] {logging_mixin.py:137} INFO - [2023-02-10T02:11:04.226+0000] {dag.py:2690} INFO - Sync 1 DAGs
[2023-02-10T02:11:04.299+0000] {logging_mixin.py:137} INFO - [2023-02-10T02:11:04.299+0000] {dag.py:3441} INFO - Setting next_dagrun for example_short_circuit_operator to 2023-02-09T02:11:04.299126+00:00, run_after=2023-02-10T02:11:04.299126+00:00
[2023-02-10T02:11:04.363+0000] {processor.py:175} INFO - Processing /home/airflow/.local/lib/python3.7/site-packages/airflow/example_dags/example_short_circuit_operator.py took 0.302 seconds
[2023-02-10T02:11:34.618+0000] {processor.py:153} INFO - Started process (PID=2293) to work on /home/airflow/.local/lib/python3.7/site-packages/airflow/example_dags/example_short_circuit_operator.py
[2023-02-10T02:11:34.623+0000] {processor.py:743} INFO - Processing file /home/airflow/.local/lib/python3.7/site-packages/airflow/example_dags/example_short_circuit_operator.py for tasks to queue
[2023-02-10T02:11:34.629+0000] {logging_mixin.py:137} INFO - [2023-02-10T02:11:34.628+0000] {dagbag.py:538} INFO - Filling up the DagBag from /home/airflow/.local/lib/python3.7/site-packages/airflow/example_dags/example_short_circuit_operator.py
[2023-02-10T02:11:34.681+0000] {processor.py:753} INFO - DAG(s) dict_keys(['example_short_circuit_operator']) retrieved from /home/airflow/.local/lib/python3.7/site-packages/airflow/example_dags/example_short_circuit_operator.py
[2023-02-10T02:11:34.741+0000] {logging_mixin.py:137} INFO - [2023-02-10T02:11:34.741+0000] {dag.py:2690} INFO - Sync 1 DAGs
[2023-02-10T02:11:34.812+0000] {logging_mixin.py:137} INFO - [2023-02-10T02:11:34.812+0000] {dag.py:3441} INFO - Setting next_dagrun for example_short_circuit_operator to 2023-02-09T02:11:34.812185+00:00, run_after=2023-02-10T02:11:34.812185+00:00
[2023-02-10T02:11:34.855+0000] {processor.py:175} INFO - Processing /home/airflow/.local/lib/python3.7/site-packages/airflow/example_dags/example_short_circuit_operator.py took 0.252 seconds
[2023-02-10T02:12:05.995+0000] {processor.py:153} INFO - Started process (PID=2352) to work on /home/airflow/.local/lib/python3.7/site-packages/airflow/example_dags/example_short_circuit_operator.py
[2023-02-10T02:12:06.002+0000] {processor.py:743} INFO - Processing file /home/airflow/.local/lib/python3.7/site-packages/airflow/example_dags/example_short_circuit_operator.py for tasks to queue
[2023-02-10T02:12:06.017+0000] {logging_mixin.py:137} INFO - [2023-02-10T02:12:06.016+0000] {dagbag.py:538} INFO - Filling up the DagBag from /home/airflow/.local/lib/python3.7/site-packages/airflow/example_dags/example_short_circuit_operator.py
[2023-02-10T02:12:06.073+0000] {processor.py:753} INFO - DAG(s) dict_keys(['example_short_circuit_operator']) retrieved from /home/airflow/.local/lib/python3.7/site-packages/airflow/example_dags/example_short_circuit_operator.py
[2023-02-10T02:12:06.157+0000] {logging_mixin.py:137} INFO - [2023-02-10T02:12:06.156+0000] {dag.py:2690} INFO - Sync 1 DAGs
[2023-02-10T02:12:06.215+0000] {logging_mixin.py:137} INFO - [2023-02-10T02:12:06.214+0000] {dag.py:3441} INFO - Setting next_dagrun for example_short_circuit_operator to 2023-02-09T02:12:06.214570+00:00, run_after=2023-02-10T02:12:06.214570+00:00
[2023-02-10T02:12:06.260+0000] {processor.py:175} INFO - Processing /home/airflow/.local/lib/python3.7/site-packages/airflow/example_dags/example_short_circuit_operator.py took 0.276 seconds
[2023-02-10T02:12:38.692+0000] {processor.py:153} INFO - Started process (PID=2410) to work on /home/airflow/.local/lib/python3.7/site-packages/airflow/example_dags/example_short_circuit_operator.py
[2023-02-10T02:12:38.698+0000] {processor.py:743} INFO - Processing file /home/airflow/.local/lib/python3.7/site-packages/airflow/example_dags/example_short_circuit_operator.py for tasks to queue
[2023-02-10T02:12:38.708+0000] {logging_mixin.py:137} INFO - [2023-02-10T02:12:38.707+0000] {dagbag.py:538} INFO - Filling up the DagBag from /home/airflow/.local/lib/python3.7/site-packages/airflow/example_dags/example_short_circuit_operator.py
[2023-02-10T02:12:38.913+0000] {processor.py:753} INFO - DAG(s) dict_keys(['example_short_circuit_operator']) retrieved from /home/airflow/.local/lib/python3.7/site-packages/airflow/example_dags/example_short_circuit_operator.py
[2023-02-10T02:12:39.115+0000] {logging_mixin.py:137} INFO - [2023-02-10T02:12:39.115+0000] {dag.py:2690} INFO - Sync 1 DAGs
[2023-02-10T02:12:39.372+0000] {logging_mixin.py:137} INFO - [2023-02-10T02:12:39.372+0000] {dag.py:3441} INFO - Setting next_dagrun for example_short_circuit_operator to 2023-02-09T02:12:39.372083+00:00, run_after=2023-02-10T02:12:39.372083+00:00
[2023-02-10T02:12:39.582+0000] {processor.py:175} INFO - Processing /home/airflow/.local/lib/python3.7/site-packages/airflow/example_dags/example_short_circuit_operator.py took 0.914 seconds
[2023-02-10T02:13:11.862+0000] {processor.py:153} INFO - Started process (PID=2470) to work on /home/airflow/.local/lib/python3.7/site-packages/airflow/example_dags/example_short_circuit_operator.py
[2023-02-10T02:13:11.942+0000] {processor.py:743} INFO - Processing file /home/airflow/.local/lib/python3.7/site-packages/airflow/example_dags/example_short_circuit_operator.py for tasks to queue
[2023-02-10T02:13:11.989+0000] {logging_mixin.py:137} INFO - [2023-02-10T02:13:11.989+0000] {dagbag.py:538} INFO - Filling up the DagBag from /home/airflow/.local/lib/python3.7/site-packages/airflow/example_dags/example_short_circuit_operator.py
[2023-02-10T02:13:12.326+0000] {processor.py:753} INFO - DAG(s) dict_keys(['example_short_circuit_operator']) retrieved from /home/airflow/.local/lib/python3.7/site-packages/airflow/example_dags/example_short_circuit_operator.py
[2023-02-10T02:13:12.699+0000] {logging_mixin.py:137} INFO - [2023-02-10T02:13:12.699+0000] {dag.py:2690} INFO - Sync 1 DAGs
[2023-02-10T02:13:13.145+0000] {logging_mixin.py:137} INFO - [2023-02-10T02:13:13.145+0000] {dag.py:3441} INFO - Setting next_dagrun for example_short_circuit_operator to 2023-02-09T02:13:13.144799+00:00, run_after=2023-02-10T02:13:13.144799+00:00
[2023-02-10T02:13:13.895+0000] {processor.py:175} INFO - Processing /home/airflow/.local/lib/python3.7/site-packages/airflow/example_dags/example_short_circuit_operator.py took 2.092 seconds
[2023-02-10T02:13:45.343+0000] {processor.py:153} INFO - Started process (PID=2519) to work on /home/airflow/.local/lib/python3.7/site-packages/airflow/example_dags/example_short_circuit_operator.py
[2023-02-10T02:13:45.448+0000] {processor.py:743} INFO - Processing file /home/airflow/.local/lib/python3.7/site-packages/airflow/example_dags/example_short_circuit_operator.py for tasks to queue
[2023-02-10T02:13:45.595+0000] {logging_mixin.py:137} INFO - [2023-02-10T02:13:45.594+0000] {dagbag.py:538} INFO - Filling up the DagBag from /home/airflow/.local/lib/python3.7/site-packages/airflow/example_dags/example_short_circuit_operator.py
[2023-02-10T02:13:45.881+0000] {processor.py:753} INFO - DAG(s) dict_keys(['example_short_circuit_operator']) retrieved from /home/airflow/.local/lib/python3.7/site-packages/airflow/example_dags/example_short_circuit_operator.py
[2023-02-10T02:13:46.202+0000] {logging_mixin.py:137} INFO - [2023-02-10T02:13:46.202+0000] {dag.py:2690} INFO - Sync 1 DAGs
[2023-02-10T02:13:46.550+0000] {logging_mixin.py:137} INFO - [2023-02-10T02:13:46.550+0000] {dag.py:3441} INFO - Setting next_dagrun for example_short_circuit_operator to 2023-02-09T02:13:46.549571+00:00, run_after=2023-02-10T02:13:46.549571+00:00
[2023-02-10T02:13:46.730+0000] {processor.py:175} INFO - Processing /home/airflow/.local/lib/python3.7/site-packages/airflow/example_dags/example_short_circuit_operator.py took 1.445 seconds
[2023-02-10T02:14:17.418+0000] {processor.py:153} INFO - Started process (PID=2577) to work on /home/airflow/.local/lib/python3.7/site-packages/airflow/example_dags/example_short_circuit_operator.py
[2023-02-10T02:14:17.445+0000] {processor.py:743} INFO - Processing file /home/airflow/.local/lib/python3.7/site-packages/airflow/example_dags/example_short_circuit_operator.py for tasks to queue
[2023-02-10T02:14:17.467+0000] {logging_mixin.py:137} INFO - [2023-02-10T02:14:17.466+0000] {dagbag.py:538} INFO - Filling up the DagBag from /home/airflow/.local/lib/python3.7/site-packages/airflow/example_dags/example_short_circuit_operator.py
[2023-02-10T02:14:17.585+0000] {processor.py:753} INFO - DAG(s) dict_keys(['example_short_circuit_operator']) retrieved from /home/airflow/.local/lib/python3.7/site-packages/airflow/example_dags/example_short_circuit_operator.py
[2023-02-10T02:14:17.716+0000] {logging_mixin.py:137} INFO - [2023-02-10T02:14:17.716+0000] {dag.py:2690} INFO - Sync 1 DAGs
[2023-02-10T02:14:17.857+0000] {logging_mixin.py:137} INFO - [2023-02-10T02:14:17.857+0000] {dag.py:3441} INFO - Setting next_dagrun for example_short_circuit_operator to 2023-02-09T02:14:17.856999+00:00, run_after=2023-02-10T02:14:17.856999+00:00
[2023-02-10T02:14:17.911+0000] {processor.py:175} INFO - Processing /home/airflow/.local/lib/python3.7/site-packages/airflow/example_dags/example_short_circuit_operator.py took 0.535 seconds
[2023-02-10T02:14:48.779+0000] {processor.py:153} INFO - Started process (PID=2626) to work on /home/airflow/.local/lib/python3.7/site-packages/airflow/example_dags/example_short_circuit_operator.py
[2023-02-10T02:14:48.785+0000] {processor.py:743} INFO - Processing file /home/airflow/.local/lib/python3.7/site-packages/airflow/example_dags/example_short_circuit_operator.py for tasks to queue
[2023-02-10T02:14:48.791+0000] {logging_mixin.py:137} INFO - [2023-02-10T02:14:48.790+0000] {dagbag.py:538} INFO - Filling up the DagBag from /home/airflow/.local/lib/python3.7/site-packages/airflow/example_dags/example_short_circuit_operator.py
[2023-02-10T02:14:48.831+0000] {processor.py:753} INFO - DAG(s) dict_keys(['example_short_circuit_operator']) retrieved from /home/airflow/.local/lib/python3.7/site-packages/airflow/example_dags/example_short_circuit_operator.py
[2023-02-10T02:14:48.950+0000] {logging_mixin.py:137} INFO - [2023-02-10T02:14:48.950+0000] {dag.py:2690} INFO - Sync 1 DAGs
[2023-02-10T02:14:49.179+0000] {logging_mixin.py:137} INFO - [2023-02-10T02:14:49.179+0000] {dag.py:3441} INFO - Setting next_dagrun for example_short_circuit_operator to 2023-02-09T02:14:49.178925+00:00, run_after=2023-02-10T02:14:49.178925+00:00
[2023-02-10T02:14:49.311+0000] {processor.py:175} INFO - Processing /home/airflow/.local/lib/python3.7/site-packages/airflow/example_dags/example_short_circuit_operator.py took 0.552 seconds
[2023-02-10T02:15:19.462+0000] {processor.py:153} INFO - Started process (PID=2685) to work on /home/airflow/.local/lib/python3.7/site-packages/airflow/example_dags/example_short_circuit_operator.py
[2023-02-10T02:15:19.466+0000] {processor.py:743} INFO - Processing file /home/airflow/.local/lib/python3.7/site-packages/airflow/example_dags/example_short_circuit_operator.py for tasks to queue
[2023-02-10T02:15:19.472+0000] {logging_mixin.py:137} INFO - [2023-02-10T02:15:19.471+0000] {dagbag.py:538} INFO - Filling up the DagBag from /home/airflow/.local/lib/python3.7/site-packages/airflow/example_dags/example_short_circuit_operator.py
[2023-02-10T02:15:19.515+0000] {processor.py:753} INFO - DAG(s) dict_keys(['example_short_circuit_operator']) retrieved from /home/airflow/.local/lib/python3.7/site-packages/airflow/example_dags/example_short_circuit_operator.py
[2023-02-10T02:15:19.599+0000] {logging_mixin.py:137} INFO - [2023-02-10T02:15:19.598+0000] {dag.py:2690} INFO - Sync 1 DAGs
[2023-02-10T02:15:19.778+0000] {logging_mixin.py:137} INFO - [2023-02-10T02:15:19.777+0000] {dag.py:3441} INFO - Setting next_dagrun for example_short_circuit_operator to 2023-02-09T02:15:19.777327+00:00, run_after=2023-02-10T02:15:19.777327+00:00
[2023-02-10T02:15:19.836+0000] {processor.py:175} INFO - Processing /home/airflow/.local/lib/python3.7/site-packages/airflow/example_dags/example_short_circuit_operator.py took 0.387 seconds
[2023-02-10T02:15:51.700+0000] {processor.py:153} INFO - Started process (PID=2744) to work on /home/airflow/.local/lib/python3.7/site-packages/airflow/example_dags/example_short_circuit_operator.py
[2023-02-10T02:15:51.719+0000] {processor.py:743} INFO - Processing file /home/airflow/.local/lib/python3.7/site-packages/airflow/example_dags/example_short_circuit_operator.py for tasks to queue
[2023-02-10T02:15:51.729+0000] {logging_mixin.py:137} INFO - [2023-02-10T02:15:51.727+0000] {dagbag.py:538} INFO - Filling up the DagBag from /home/airflow/.local/lib/python3.7/site-packages/airflow/example_dags/example_short_circuit_operator.py
[2023-02-10T02:15:51.787+0000] {processor.py:753} INFO - DAG(s) dict_keys(['example_short_circuit_operator']) retrieved from /home/airflow/.local/lib/python3.7/site-packages/airflow/example_dags/example_short_circuit_operator.py
[2023-02-10T02:15:51.895+0000] {logging_mixin.py:137} INFO - [2023-02-10T02:15:51.895+0000] {dag.py:2690} INFO - Sync 1 DAGs
[2023-02-10T02:15:52.011+0000] {logging_mixin.py:137} INFO - [2023-02-10T02:15:52.010+0000] {dag.py:3441} INFO - Setting next_dagrun for example_short_circuit_operator to 2023-02-09T02:15:52.010286+00:00, run_after=2023-02-10T02:15:52.010286+00:00
[2023-02-10T02:15:52.068+0000] {processor.py:175} INFO - Processing /home/airflow/.local/lib/python3.7/site-packages/airflow/example_dags/example_short_circuit_operator.py took 0.380 seconds
[2023-02-10T02:16:23.132+0000] {processor.py:153} INFO - Started process (PID=2800) to work on /home/airflow/.local/lib/python3.7/site-packages/airflow/example_dags/example_short_circuit_operator.py
[2023-02-10T02:16:23.145+0000] {processor.py:743} INFO - Processing file /home/airflow/.local/lib/python3.7/site-packages/airflow/example_dags/example_short_circuit_operator.py for tasks to queue
[2023-02-10T02:16:23.161+0000] {logging_mixin.py:137} INFO - [2023-02-10T02:16:23.160+0000] {dagbag.py:538} INFO - Filling up the DagBag from /home/airflow/.local/lib/python3.7/site-packages/airflow/example_dags/example_short_circuit_operator.py
[2023-02-10T02:16:23.245+0000] {processor.py:753} INFO - DAG(s) dict_keys(['example_short_circuit_operator']) retrieved from /home/airflow/.local/lib/python3.7/site-packages/airflow/example_dags/example_short_circuit_operator.py
[2023-02-10T02:16:23.332+0000] {logging_mixin.py:137} INFO - [2023-02-10T02:16:23.331+0000] {dag.py:2690} INFO - Sync 1 DAGs
[2023-02-10T02:16:23.441+0000] {logging_mixin.py:137} INFO - [2023-02-10T02:16:23.438+0000] {dag.py:3441} INFO - Setting next_dagrun for example_short_circuit_operator to 2023-02-09T02:16:23.436758+00:00, run_after=2023-02-10T02:16:23.436758+00:00
[2023-02-10T02:16:23.550+0000] {processor.py:175} INFO - Processing /home/airflow/.local/lib/python3.7/site-packages/airflow/example_dags/example_short_circuit_operator.py took 0.424 seconds
[2023-02-10T02:16:55.891+0000] {processor.py:153} INFO - Started process (PID=2852) to work on /home/airflow/.local/lib/python3.7/site-packages/airflow/example_dags/example_short_circuit_operator.py
[2023-02-10T02:16:55.927+0000] {processor.py:743} INFO - Processing file /home/airflow/.local/lib/python3.7/site-packages/airflow/example_dags/example_short_circuit_operator.py for tasks to queue
[2023-02-10T02:16:55.956+0000] {logging_mixin.py:137} INFO - [2023-02-10T02:16:55.955+0000] {dagbag.py:538} INFO - Filling up the DagBag from /home/airflow/.local/lib/python3.7/site-packages/airflow/example_dags/example_short_circuit_operator.py
[2023-02-10T02:16:56.128+0000] {processor.py:753} INFO - DAG(s) dict_keys(['example_short_circuit_operator']) retrieved from /home/airflow/.local/lib/python3.7/site-packages/airflow/example_dags/example_short_circuit_operator.py
[2023-02-10T02:16:56.379+0000] {logging_mixin.py:137} INFO - [2023-02-10T02:16:56.378+0000] {dag.py:2690} INFO - Sync 1 DAGs
[2023-02-10T02:16:56.587+0000] {logging_mixin.py:137} INFO - [2023-02-10T02:16:56.587+0000] {dag.py:3441} INFO - Setting next_dagrun for example_short_circuit_operator to 2023-02-09T02:16:56.585272+00:00, run_after=2023-02-10T02:16:56.585272+00:00
[2023-02-10T02:16:56.637+0000] {processor.py:175} INFO - Processing /home/airflow/.local/lib/python3.7/site-packages/airflow/example_dags/example_short_circuit_operator.py took 0.767 seconds
[2023-02-10T02:17:41.324+0000] {processor.py:153} INFO - Started process (PID=2917) to work on /home/airflow/.local/lib/python3.7/site-packages/airflow/example_dags/example_short_circuit_operator.py
[2023-02-10T02:17:41.428+0000] {processor.py:743} INFO - Processing file /home/airflow/.local/lib/python3.7/site-packages/airflow/example_dags/example_short_circuit_operator.py for tasks to queue
[2023-02-10T02:17:41.588+0000] {logging_mixin.py:137} INFO - [2023-02-10T02:17:41.587+0000] {dagbag.py:538} INFO - Filling up the DagBag from /home/airflow/.local/lib/python3.7/site-packages/airflow/example_dags/example_short_circuit_operator.py
[2023-02-10T02:17:42.315+0000] {processor.py:753} INFO - DAG(s) dict_keys(['example_short_circuit_operator']) retrieved from /home/airflow/.local/lib/python3.7/site-packages/airflow/example_dags/example_short_circuit_operator.py
[2023-02-10T02:17:43.671+0000] {logging_mixin.py:137} INFO - [2023-02-10T02:17:43.671+0000] {dag.py:2690} INFO - Sync 1 DAGs
[2023-02-10T02:17:45.555+0000] {logging_mixin.py:137} INFO - [2023-02-10T02:17:45.555+0000] {dag.py:3441} INFO - Setting next_dagrun for example_short_circuit_operator to 2023-02-09T02:17:45.554503+00:00, run_after=2023-02-10T02:17:45.554503+00:00
[2023-02-10T02:17:46.457+0000] {processor.py:175} INFO - Processing /home/airflow/.local/lib/python3.7/site-packages/airflow/example_dags/example_short_circuit_operator.py took 5.353 seconds
[2023-02-10T02:18:17.280+0000] {processor.py:153} INFO - Started process (PID=2969) to work on /home/airflow/.local/lib/python3.7/site-packages/airflow/example_dags/example_short_circuit_operator.py
[2023-02-10T02:18:17.285+0000] {processor.py:743} INFO - Processing file /home/airflow/.local/lib/python3.7/site-packages/airflow/example_dags/example_short_circuit_operator.py for tasks to queue
[2023-02-10T02:18:17.289+0000] {logging_mixin.py:137} INFO - [2023-02-10T02:18:17.288+0000] {dagbag.py:538} INFO - Filling up the DagBag from /home/airflow/.local/lib/python3.7/site-packages/airflow/example_dags/example_short_circuit_operator.py
[2023-02-10T02:18:17.330+0000] {processor.py:753} INFO - DAG(s) dict_keys(['example_short_circuit_operator']) retrieved from /home/airflow/.local/lib/python3.7/site-packages/airflow/example_dags/example_short_circuit_operator.py
[2023-02-10T02:18:17.402+0000] {logging_mixin.py:137} INFO - [2023-02-10T02:18:17.402+0000] {dag.py:2690} INFO - Sync 1 DAGs
[2023-02-10T02:18:17.470+0000] {logging_mixin.py:137} INFO - [2023-02-10T02:18:17.470+0000] {dag.py:3441} INFO - Setting next_dagrun for example_short_circuit_operator to 2023-02-09T02:18:17.469338+00:00, run_after=2023-02-10T02:18:17.469338+00:00
[2023-02-10T02:18:17.518+0000] {processor.py:175} INFO - Processing /home/airflow/.local/lib/python3.7/site-packages/airflow/example_dags/example_short_circuit_operator.py took 0.250 seconds
[2023-02-10T02:19:28.885+0000] {processor.py:153} INFO - Started process (PID=62) to work on /home/airflow/.local/lib/python3.7/site-packages/airflow/example_dags/example_short_circuit_operator.py
[2023-02-10T02:19:28.940+0000] {processor.py:743} INFO - Processing file /home/airflow/.local/lib/python3.7/site-packages/airflow/example_dags/example_short_circuit_operator.py for tasks to queue
[2023-02-10T02:19:28.961+0000] {logging_mixin.py:137} INFO - [2023-02-10T02:19:28.960+0000] {dagbag.py:538} INFO - Filling up the DagBag from /home/airflow/.local/lib/python3.7/site-packages/airflow/example_dags/example_short_circuit_operator.py
[2023-02-10T02:19:29.270+0000] {processor.py:753} INFO - DAG(s) dict_keys(['example_short_circuit_operator']) retrieved from /home/airflow/.local/lib/python3.7/site-packages/airflow/example_dags/example_short_circuit_operator.py
[2023-02-10T02:19:29.604+0000] {logging_mixin.py:137} INFO - [2023-02-10T02:19:29.603+0000] {dag.py:2690} INFO - Sync 1 DAGs
[2023-02-10T02:19:29.934+0000] {logging_mixin.py:137} INFO - [2023-02-10T02:19:29.926+0000] {dag.py:3441} INFO - Setting next_dagrun for example_short_circuit_operator to 2023-02-09T02:19:29.925896+00:00, run_after=2023-02-10T02:19:29.925896+00:00
[2023-02-10T02:19:30.112+0000] {processor.py:175} INFO - Processing /home/airflow/.local/lib/python3.7/site-packages/airflow/example_dags/example_short_circuit_operator.py took 1.331 seconds
[2023-02-10T02:20:00.658+0000] {processor.py:153} INFO - Started process (PID=113) to work on /home/airflow/.local/lib/python3.7/site-packages/airflow/example_dags/example_short_circuit_operator.py
[2023-02-10T02:20:00.669+0000] {processor.py:743} INFO - Processing file /home/airflow/.local/lib/python3.7/site-packages/airflow/example_dags/example_short_circuit_operator.py for tasks to queue
[2023-02-10T02:20:00.675+0000] {logging_mixin.py:137} INFO - [2023-02-10T02:20:00.674+0000] {dagbag.py:538} INFO - Filling up the DagBag from /home/airflow/.local/lib/python3.7/site-packages/airflow/example_dags/example_short_circuit_operator.py
[2023-02-10T02:20:00.770+0000] {processor.py:753} INFO - DAG(s) dict_keys(['example_short_circuit_operator']) retrieved from /home/airflow/.local/lib/python3.7/site-packages/airflow/example_dags/example_short_circuit_operator.py
[2023-02-10T02:20:01.040+0000] {logging_mixin.py:137} INFO - [2023-02-10T02:20:01.036+0000] {dag.py:2690} INFO - Sync 1 DAGs
[2023-02-10T02:20:01.531+0000] {logging_mixin.py:137} INFO - [2023-02-10T02:20:01.530+0000] {dag.py:3441} INFO - Setting next_dagrun for example_short_circuit_operator to 2023-02-09T02:20:01.530143+00:00, run_after=2023-02-10T02:20:01.530143+00:00
[2023-02-10T02:20:01.977+0000] {processor.py:175} INFO - Processing /home/airflow/.local/lib/python3.7/site-packages/airflow/example_dags/example_short_circuit_operator.py took 1.334 seconds
[2023-02-10T02:20:56.837+0000] {processor.py:153} INFO - Started process (PID=181) to work on /home/airflow/.local/lib/python3.7/site-packages/airflow/example_dags/example_short_circuit_operator.py
[2023-02-10T02:20:56.857+0000] {processor.py:743} INFO - Processing file /home/airflow/.local/lib/python3.7/site-packages/airflow/example_dags/example_short_circuit_operator.py for tasks to queue
[2023-02-10T02:20:56.895+0000] {logging_mixin.py:137} INFO - [2023-02-10T02:20:56.895+0000] {dagbag.py:538} INFO - Filling up the DagBag from /home/airflow/.local/lib/python3.7/site-packages/airflow/example_dags/example_short_circuit_operator.py
[2023-02-10T02:20:57.564+0000] {processor.py:753} INFO - DAG(s) dict_keys(['example_short_circuit_operator']) retrieved from /home/airflow/.local/lib/python3.7/site-packages/airflow/example_dags/example_short_circuit_operator.py
[2023-02-10T02:20:57.978+0000] {logging_mixin.py:137} INFO - [2023-02-10T02:20:57.978+0000] {dag.py:2690} INFO - Sync 1 DAGs
[2023-02-10T02:20:58.436+0000] {logging_mixin.py:137} INFO - [2023-02-10T02:20:58.421+0000] {dag.py:3441} INFO - Setting next_dagrun for example_short_circuit_operator to 2023-02-09T02:20:58.349664+00:00, run_after=2023-02-10T02:20:58.349664+00:00
[2023-02-10T02:20:59.139+0000] {processor.py:175} INFO - Processing /home/airflow/.local/lib/python3.7/site-packages/airflow/example_dags/example_short_circuit_operator.py took 2.430 seconds
[2023-02-10T02:21:41.633+0000] {processor.py:153} INFO - Started process (PID=230) to work on /home/airflow/.local/lib/python3.7/site-packages/airflow/example_dags/example_short_circuit_operator.py
[2023-02-10T02:21:41.649+0000] {processor.py:743} INFO - Processing file /home/airflow/.local/lib/python3.7/site-packages/airflow/example_dags/example_short_circuit_operator.py for tasks to queue
[2023-02-10T02:21:41.660+0000] {logging_mixin.py:137} INFO - [2023-02-10T02:21:41.657+0000] {dagbag.py:538} INFO - Filling up the DagBag from /home/airflow/.local/lib/python3.7/site-packages/airflow/example_dags/example_short_circuit_operator.py
[2023-02-10T02:21:41.891+0000] {processor.py:753} INFO - DAG(s) dict_keys(['example_short_circuit_operator']) retrieved from /home/airflow/.local/lib/python3.7/site-packages/airflow/example_dags/example_short_circuit_operator.py
[2023-02-10T02:21:42.266+0000] {logging_mixin.py:137} INFO - [2023-02-10T02:21:42.266+0000] {dag.py:2690} INFO - Sync 1 DAGs
[2023-02-10T02:21:42.717+0000] {logging_mixin.py:137} INFO - [2023-02-10T02:21:42.712+0000] {dag.py:3441} INFO - Setting next_dagrun for example_short_circuit_operator to 2023-02-09T02:21:42.711947+00:00, run_after=2023-02-10T02:21:42.711947+00:00
[2023-02-10T02:21:42.957+0000] {processor.py:175} INFO - Processing /home/airflow/.local/lib/python3.7/site-packages/airflow/example_dags/example_short_circuit_operator.py took 1.349 seconds
[2023-02-10T02:22:16.649+0000] {processor.py:153} INFO - Started process (PID=288) to work on /home/airflow/.local/lib/python3.7/site-packages/airflow/example_dags/example_short_circuit_operator.py
[2023-02-10T02:22:16.684+0000] {processor.py:743} INFO - Processing file /home/airflow/.local/lib/python3.7/site-packages/airflow/example_dags/example_short_circuit_operator.py for tasks to queue
[2023-02-10T02:22:16.701+0000] {logging_mixin.py:137} INFO - [2023-02-10T02:22:16.695+0000] {dagbag.py:538} INFO - Filling up the DagBag from /home/airflow/.local/lib/python3.7/site-packages/airflow/example_dags/example_short_circuit_operator.py
[2023-02-10T02:22:16.888+0000] {processor.py:753} INFO - DAG(s) dict_keys(['example_short_circuit_operator']) retrieved from /home/airflow/.local/lib/python3.7/site-packages/airflow/example_dags/example_short_circuit_operator.py
[2023-02-10T02:22:17.112+0000] {logging_mixin.py:137} INFO - [2023-02-10T02:22:17.112+0000] {dag.py:2690} INFO - Sync 1 DAGs
[2023-02-10T02:22:17.405+0000] {logging_mixin.py:137} INFO - [2023-02-10T02:22:17.405+0000] {dag.py:3441} INFO - Setting next_dagrun for example_short_circuit_operator to 2023-02-09T02:22:17.404646+00:00, run_after=2023-02-10T02:22:17.404646+00:00
[2023-02-10T02:22:17.773+0000] {processor.py:175} INFO - Processing /home/airflow/.local/lib/python3.7/site-packages/airflow/example_dags/example_short_circuit_operator.py took 1.142 seconds
[2023-02-10T02:23:11.630+0000] {processor.py:153} INFO - Started process (PID=355) to work on /home/airflow/.local/lib/python3.7/site-packages/airflow/example_dags/example_short_circuit_operator.py
[2023-02-10T02:23:11.661+0000] {processor.py:743} INFO - Processing file /home/airflow/.local/lib/python3.7/site-packages/airflow/example_dags/example_short_circuit_operator.py for tasks to queue
[2023-02-10T02:23:11.682+0000] {logging_mixin.py:137} INFO - [2023-02-10T02:23:11.682+0000] {dagbag.py:538} INFO - Filling up the DagBag from /home/airflow/.local/lib/python3.7/site-packages/airflow/example_dags/example_short_circuit_operator.py
[2023-02-10T02:23:12.026+0000] {processor.py:753} INFO - DAG(s) dict_keys(['example_short_circuit_operator']) retrieved from /home/airflow/.local/lib/python3.7/site-packages/airflow/example_dags/example_short_circuit_operator.py
[2023-02-10T02:23:12.299+0000] {logging_mixin.py:137} INFO - [2023-02-10T02:23:12.298+0000] {dag.py:2690} INFO - Sync 1 DAGs
[2023-02-10T02:23:12.655+0000] {logging_mixin.py:137} INFO - [2023-02-10T02:23:12.655+0000] {dag.py:3441} INFO - Setting next_dagrun for example_short_circuit_operator to 2023-02-09T02:23:12.654674+00:00, run_after=2023-02-10T02:23:12.654674+00:00
[2023-02-10T02:23:12.897+0000] {processor.py:175} INFO - Processing /home/airflow/.local/lib/python3.7/site-packages/airflow/example_dags/example_short_circuit_operator.py took 1.309 seconds
[2023-02-10T02:23:43.391+0000] {processor.py:153} INFO - Started process (PID=404) to work on /home/airflow/.local/lib/python3.7/site-packages/airflow/example_dags/example_short_circuit_operator.py
[2023-02-10T02:23:43.401+0000] {processor.py:743} INFO - Processing file /home/airflow/.local/lib/python3.7/site-packages/airflow/example_dags/example_short_circuit_operator.py for tasks to queue
[2023-02-10T02:23:43.415+0000] {logging_mixin.py:137} INFO - [2023-02-10T02:23:43.415+0000] {dagbag.py:538} INFO - Filling up the DagBag from /home/airflow/.local/lib/python3.7/site-packages/airflow/example_dags/example_short_circuit_operator.py
[2023-02-10T02:23:43.525+0000] {processor.py:753} INFO - DAG(s) dict_keys(['example_short_circuit_operator']) retrieved from /home/airflow/.local/lib/python3.7/site-packages/airflow/example_dags/example_short_circuit_operator.py
[2023-02-10T02:23:43.675+0000] {logging_mixin.py:137} INFO - [2023-02-10T02:23:43.674+0000] {dag.py:2690} INFO - Sync 1 DAGs
[2023-02-10T02:23:43.793+0000] {logging_mixin.py:137} INFO - [2023-02-10T02:23:43.793+0000] {dag.py:3441} INFO - Setting next_dagrun for example_short_circuit_operator to 2023-02-09T02:23:43.792990+00:00, run_after=2023-02-10T02:23:43.792990+00:00
[2023-02-10T02:23:43.875+0000] {processor.py:175} INFO - Processing /home/airflow/.local/lib/python3.7/site-packages/airflow/example_dags/example_short_circuit_operator.py took 0.532 seconds
[2023-02-10T02:24:14.522+0000] {processor.py:153} INFO - Started process (PID=462) to work on /home/airflow/.local/lib/python3.7/site-packages/airflow/example_dags/example_short_circuit_operator.py
[2023-02-10T02:24:14.532+0000] {processor.py:743} INFO - Processing file /home/airflow/.local/lib/python3.7/site-packages/airflow/example_dags/example_short_circuit_operator.py for tasks to queue
[2023-02-10T02:24:14.542+0000] {logging_mixin.py:137} INFO - [2023-02-10T02:24:14.542+0000] {dagbag.py:538} INFO - Filling up the DagBag from /home/airflow/.local/lib/python3.7/site-packages/airflow/example_dags/example_short_circuit_operator.py
[2023-02-10T02:24:14.721+0000] {processor.py:753} INFO - DAG(s) dict_keys(['example_short_circuit_operator']) retrieved from /home/airflow/.local/lib/python3.7/site-packages/airflow/example_dags/example_short_circuit_operator.py
[2023-02-10T02:24:15.101+0000] {logging_mixin.py:137} INFO - [2023-02-10T02:24:15.101+0000] {dag.py:2690} INFO - Sync 1 DAGs
[2023-02-10T02:24:15.920+0000] {logging_mixin.py:137} INFO - [2023-02-10T02:24:15.920+0000] {dag.py:3441} INFO - Setting next_dagrun for example_short_circuit_operator to 2023-02-09T02:24:15.920214+00:00, run_after=2023-02-10T02:24:15.920214+00:00
[2023-02-10T02:24:16.233+0000] {processor.py:175} INFO - Processing /home/airflow/.local/lib/python3.7/site-packages/airflow/example_dags/example_short_circuit_operator.py took 1.743 seconds
[2023-02-10T02:24:46.918+0000] {processor.py:153} INFO - Started process (PID=521) to work on /home/airflow/.local/lib/python3.7/site-packages/airflow/example_dags/example_short_circuit_operator.py
[2023-02-10T02:24:46.946+0000] {processor.py:743} INFO - Processing file /home/airflow/.local/lib/python3.7/site-packages/airflow/example_dags/example_short_circuit_operator.py for tasks to queue
[2023-02-10T02:24:46.952+0000] {logging_mixin.py:137} INFO - [2023-02-10T02:24:46.951+0000] {dagbag.py:538} INFO - Filling up the DagBag from /home/airflow/.local/lib/python3.7/site-packages/airflow/example_dags/example_short_circuit_operator.py
[2023-02-10T02:24:47.255+0000] {processor.py:753} INFO - DAG(s) dict_keys(['example_short_circuit_operator']) retrieved from /home/airflow/.local/lib/python3.7/site-packages/airflow/example_dags/example_short_circuit_operator.py
[2023-02-10T02:24:47.531+0000] {logging_mixin.py:137} INFO - [2023-02-10T02:24:47.531+0000] {dag.py:2690} INFO - Sync 1 DAGs
[2023-02-10T02:24:47.756+0000] {logging_mixin.py:137} INFO - [2023-02-10T02:24:47.756+0000] {dag.py:3441} INFO - Setting next_dagrun for example_short_circuit_operator to 2023-02-09T02:24:47.755700+00:00, run_after=2023-02-10T02:24:47.755700+00:00
[2023-02-10T02:24:47.926+0000] {processor.py:175} INFO - Processing /home/airflow/.local/lib/python3.7/site-packages/airflow/example_dags/example_short_circuit_operator.py took 1.046 seconds
[2023-02-10T02:25:18.370+0000] {processor.py:153} INFO - Started process (PID=569) to work on /home/airflow/.local/lib/python3.7/site-packages/airflow/example_dags/example_short_circuit_operator.py
[2023-02-10T02:25:18.421+0000] {processor.py:743} INFO - Processing file /home/airflow/.local/lib/python3.7/site-packages/airflow/example_dags/example_short_circuit_operator.py for tasks to queue
[2023-02-10T02:25:18.455+0000] {logging_mixin.py:137} INFO - [2023-02-10T02:25:18.455+0000] {dagbag.py:538} INFO - Filling up the DagBag from /home/airflow/.local/lib/python3.7/site-packages/airflow/example_dags/example_short_circuit_operator.py
[2023-02-10T02:25:18.817+0000] {processor.py:753} INFO - DAG(s) dict_keys(['example_short_circuit_operator']) retrieved from /home/airflow/.local/lib/python3.7/site-packages/airflow/example_dags/example_short_circuit_operator.py
[2023-02-10T02:25:19.224+0000] {logging_mixin.py:137} INFO - [2023-02-10T02:25:19.223+0000] {dag.py:2690} INFO - Sync 1 DAGs
[2023-02-10T02:25:19.704+0000] {logging_mixin.py:137} INFO - [2023-02-10T02:25:19.704+0000] {dag.py:3441} INFO - Setting next_dagrun for example_short_circuit_operator to 2023-02-09T02:25:19.703638+00:00, run_after=2023-02-10T02:25:19.703638+00:00
[2023-02-10T02:25:20.050+0000] {processor.py:175} INFO - Processing /home/airflow/.local/lib/python3.7/site-packages/airflow/example_dags/example_short_circuit_operator.py took 1.758 seconds
[2023-02-10T02:25:50.503+0000] {processor.py:153} INFO - Started process (PID=627) to work on /home/airflow/.local/lib/python3.7/site-packages/airflow/example_dags/example_short_circuit_operator.py
[2023-02-10T02:25:50.519+0000] {processor.py:743} INFO - Processing file /home/airflow/.local/lib/python3.7/site-packages/airflow/example_dags/example_short_circuit_operator.py for tasks to queue
[2023-02-10T02:25:50.536+0000] {logging_mixin.py:137} INFO - [2023-02-10T02:25:50.531+0000] {dagbag.py:538} INFO - Filling up the DagBag from /home/airflow/.local/lib/python3.7/site-packages/airflow/example_dags/example_short_circuit_operator.py
[2023-02-10T02:25:50.659+0000] {processor.py:753} INFO - DAG(s) dict_keys(['example_short_circuit_operator']) retrieved from /home/airflow/.local/lib/python3.7/site-packages/airflow/example_dags/example_short_circuit_operator.py
[2023-02-10T02:25:50.965+0000] {logging_mixin.py:137} INFO - [2023-02-10T02:25:50.965+0000] {dag.py:2690} INFO - Sync 1 DAGs
[2023-02-10T02:25:51.185+0000] {logging_mixin.py:137} INFO - [2023-02-10T02:25:51.185+0000] {dag.py:3441} INFO - Setting next_dagrun for example_short_circuit_operator to 2023-02-09T02:25:51.184955+00:00, run_after=2023-02-10T02:25:51.184955+00:00
[2023-02-10T02:25:51.343+0000] {processor.py:175} INFO - Processing /home/airflow/.local/lib/python3.7/site-packages/airflow/example_dags/example_short_circuit_operator.py took 0.936 seconds
[2023-02-10T02:26:21.848+0000] {processor.py:153} INFO - Started process (PID=686) to work on /home/airflow/.local/lib/python3.7/site-packages/airflow/example_dags/example_short_circuit_operator.py
[2023-02-10T02:26:21.864+0000] {processor.py:743} INFO - Processing file /home/airflow/.local/lib/python3.7/site-packages/airflow/example_dags/example_short_circuit_operator.py for tasks to queue
[2023-02-10T02:26:21.868+0000] {logging_mixin.py:137} INFO - [2023-02-10T02:26:21.867+0000] {dagbag.py:538} INFO - Filling up the DagBag from /home/airflow/.local/lib/python3.7/site-packages/airflow/example_dags/example_short_circuit_operator.py
[2023-02-10T02:26:22.136+0000] {processor.py:753} INFO - DAG(s) dict_keys(['example_short_circuit_operator']) retrieved from /home/airflow/.local/lib/python3.7/site-packages/airflow/example_dags/example_short_circuit_operator.py
[2023-02-10T02:26:22.381+0000] {logging_mixin.py:137} INFO - [2023-02-10T02:26:22.381+0000] {dag.py:2690} INFO - Sync 1 DAGs
[2023-02-10T02:26:22.563+0000] {logging_mixin.py:137} INFO - [2023-02-10T02:26:22.561+0000] {dag.py:3441} INFO - Setting next_dagrun for example_short_circuit_operator to 2023-02-09T02:26:22.557381+00:00, run_after=2023-02-10T02:26:22.557381+00:00
[2023-02-10T02:26:22.783+0000] {processor.py:175} INFO - Processing /home/airflow/.local/lib/python3.7/site-packages/airflow/example_dags/example_short_circuit_operator.py took 0.969 seconds
[2023-02-10T02:26:53.529+0000] {processor.py:153} INFO - Started process (PID=736) to work on /home/airflow/.local/lib/python3.7/site-packages/airflow/example_dags/example_short_circuit_operator.py
[2023-02-10T02:26:53.536+0000] {processor.py:743} INFO - Processing file /home/airflow/.local/lib/python3.7/site-packages/airflow/example_dags/example_short_circuit_operator.py for tasks to queue
[2023-02-10T02:26:53.541+0000] {logging_mixin.py:137} INFO - [2023-02-10T02:26:53.540+0000] {dagbag.py:538} INFO - Filling up the DagBag from /home/airflow/.local/lib/python3.7/site-packages/airflow/example_dags/example_short_circuit_operator.py
[2023-02-10T02:26:53.632+0000] {processor.py:753} INFO - DAG(s) dict_keys(['example_short_circuit_operator']) retrieved from /home/airflow/.local/lib/python3.7/site-packages/airflow/example_dags/example_short_circuit_operator.py
[2023-02-10T02:26:53.764+0000] {logging_mixin.py:137} INFO - [2023-02-10T02:26:53.764+0000] {dag.py:2690} INFO - Sync 1 DAGs
[2023-02-10T02:26:53.993+0000] {logging_mixin.py:137} INFO - [2023-02-10T02:26:53.993+0000] {dag.py:3441} INFO - Setting next_dagrun for example_short_circuit_operator to 2023-02-09T02:26:53.992727+00:00, run_after=2023-02-10T02:26:53.992727+00:00
[2023-02-10T02:26:54.065+0000] {processor.py:175} INFO - Processing /home/airflow/.local/lib/python3.7/site-packages/airflow/example_dags/example_short_circuit_operator.py took 0.557 seconds
[2023-02-10T02:27:24.699+0000] {processor.py:153} INFO - Started process (PID=793) to work on /home/airflow/.local/lib/python3.7/site-packages/airflow/example_dags/example_short_circuit_operator.py
[2023-02-10T02:27:24.708+0000] {processor.py:743} INFO - Processing file /home/airflow/.local/lib/python3.7/site-packages/airflow/example_dags/example_short_circuit_operator.py for tasks to queue
[2023-02-10T02:27:24.718+0000] {logging_mixin.py:137} INFO - [2023-02-10T02:27:24.718+0000] {dagbag.py:538} INFO - Filling up the DagBag from /home/airflow/.local/lib/python3.7/site-packages/airflow/example_dags/example_short_circuit_operator.py
[2023-02-10T02:27:24.914+0000] {processor.py:753} INFO - DAG(s) dict_keys(['example_short_circuit_operator']) retrieved from /home/airflow/.local/lib/python3.7/site-packages/airflow/example_dags/example_short_circuit_operator.py
[2023-02-10T02:27:25.171+0000] {logging_mixin.py:137} INFO - [2023-02-10T02:27:25.170+0000] {dag.py:2690} INFO - Sync 1 DAGs
[2023-02-10T02:27:25.969+0000] {logging_mixin.py:137} INFO - [2023-02-10T02:27:25.969+0000] {dag.py:3441} INFO - Setting next_dagrun for example_short_circuit_operator to 2023-02-09T02:27:25.968489+00:00, run_after=2023-02-10T02:27:25.968489+00:00
[2023-02-10T02:27:26.171+0000] {processor.py:175} INFO - Processing /home/airflow/.local/lib/python3.7/site-packages/airflow/example_dags/example_short_circuit_operator.py took 1.525 seconds
[2023-02-10T02:27:59.223+0000] {processor.py:153} INFO - Started process (PID=843) to work on /home/airflow/.local/lib/python3.7/site-packages/airflow/example_dags/example_short_circuit_operator.py
[2023-02-10T02:27:59.241+0000] {processor.py:743} INFO - Processing file /home/airflow/.local/lib/python3.7/site-packages/airflow/example_dags/example_short_circuit_operator.py for tasks to queue
[2023-02-10T02:27:59.257+0000] {logging_mixin.py:137} INFO - [2023-02-10T02:27:59.257+0000] {dagbag.py:538} INFO - Filling up the DagBag from /home/airflow/.local/lib/python3.7/site-packages/airflow/example_dags/example_short_circuit_operator.py
[2023-02-10T02:27:59.522+0000] {processor.py:753} INFO - DAG(s) dict_keys(['example_short_circuit_operator']) retrieved from /home/airflow/.local/lib/python3.7/site-packages/airflow/example_dags/example_short_circuit_operator.py
[2023-02-10T02:27:59.704+0000] {logging_mixin.py:137} INFO - [2023-02-10T02:27:59.703+0000] {dag.py:2690} INFO - Sync 1 DAGs
[2023-02-10T02:27:59.912+0000] {logging_mixin.py:137} INFO - [2023-02-10T02:27:59.912+0000] {dag.py:3441} INFO - Setting next_dagrun for example_short_circuit_operator to 2023-02-09T02:27:59.906602+00:00, run_after=2023-02-10T02:27:59.906602+00:00
[2023-02-10T02:28:00.042+0000] {processor.py:175} INFO - Processing /home/airflow/.local/lib/python3.7/site-packages/airflow/example_dags/example_short_circuit_operator.py took 0.858 seconds
[2023-02-10T02:28:40.608+0000] {processor.py:153} INFO - Started process (PID=902) to work on /home/airflow/.local/lib/python3.7/site-packages/airflow/example_dags/example_short_circuit_operator.py
[2023-02-10T02:28:40.627+0000] {processor.py:743} INFO - Processing file /home/airflow/.local/lib/python3.7/site-packages/airflow/example_dags/example_short_circuit_operator.py for tasks to queue
[2023-02-10T02:28:40.652+0000] {logging_mixin.py:137} INFO - [2023-02-10T02:28:40.651+0000] {dagbag.py:538} INFO - Filling up the DagBag from /home/airflow/.local/lib/python3.7/site-packages/airflow/example_dags/example_short_circuit_operator.py
[2023-02-10T02:28:40.840+0000] {processor.py:753} INFO - DAG(s) dict_keys(['example_short_circuit_operator']) retrieved from /home/airflow/.local/lib/python3.7/site-packages/airflow/example_dags/example_short_circuit_operator.py
[2023-02-10T02:28:41.045+0000] {logging_mixin.py:137} INFO - [2023-02-10T02:28:41.044+0000] {dag.py:2690} INFO - Sync 1 DAGs
[2023-02-10T02:28:41.209+0000] {logging_mixin.py:137} INFO - [2023-02-10T02:28:41.209+0000] {dag.py:3441} INFO - Setting next_dagrun for example_short_circuit_operator to 2023-02-09T02:28:41.208647+00:00, run_after=2023-02-10T02:28:41.208647+00:00
[2023-02-10T02:28:41.310+0000] {processor.py:175} INFO - Processing /home/airflow/.local/lib/python3.7/site-packages/airflow/example_dags/example_short_circuit_operator.py took 0.765 seconds
