[2023-02-10T01:49:37.536+0000] {processor.py:153} INFO - Started process (PID=232) to work on /home/airflow/.local/lib/python3.7/site-packages/airflow/example_dags/example_sensors.py
[2023-02-10T01:49:37.618+0000] {processor.py:743} INFO - Processing file /home/airflow/.local/lib/python3.7/site-packages/airflow/example_dags/example_sensors.py for tasks to queue
[2023-02-10T01:49:37.640+0000] {logging_mixin.py:137} INFO - [2023-02-10T01:49:37.640+0000] {dagbag.py:538} INFO - Filling up the DagBag from /home/airflow/.local/lib/python3.7/site-packages/airflow/example_dags/example_sensors.py
[2023-02-10T01:49:42.680+0000] {processor.py:753} INFO - DAG(s) dict_keys(['example_sensors']) retrieved from /home/airflow/.local/lib/python3.7/site-packages/airflow/example_dags/example_sensors.py
[2023-02-10T01:49:46.653+0000] {logging_mixin.py:137} INFO - [2023-02-10T01:49:46.653+0000] {dag.py:2690} INFO - Sync 1 DAGs
[2023-02-10T01:49:49.595+0000] {logging_mixin.py:137} INFO - [2023-02-10T01:49:49.595+0000] {dag.py:3441} INFO - Setting next_dagrun for example_sensors to None, run_after=None
[2023-02-10T01:49:52.937+0000] {processor.py:175} INFO - Processing /home/airflow/.local/lib/python3.7/site-packages/airflow/example_dags/example_sensors.py took 15.439 seconds
[2023-02-10T01:52:20.793+0000] {processor.py:153} INFO - Started process (PID=346) to work on /home/airflow/.local/lib/python3.7/site-packages/airflow/example_dags/example_sensors.py
[2023-02-10T01:52:20.804+0000] {processor.py:743} INFO - Processing file /home/airflow/.local/lib/python3.7/site-packages/airflow/example_dags/example_sensors.py for tasks to queue
[2023-02-10T01:52:20.811+0000] {logging_mixin.py:137} INFO - [2023-02-10T01:52:20.810+0000] {dagbag.py:538} INFO - Filling up the DagBag from /home/airflow/.local/lib/python3.7/site-packages/airflow/example_dags/example_sensors.py
[2023-02-10T01:52:20.901+0000] {processor.py:753} INFO - DAG(s) dict_keys(['example_sensors']) retrieved from /home/airflow/.local/lib/python3.7/site-packages/airflow/example_dags/example_sensors.py
[2023-02-10T01:52:21.023+0000] {logging_mixin.py:137} INFO - [2023-02-10T01:52:21.022+0000] {dag.py:2690} INFO - Sync 1 DAGs
[2023-02-10T01:52:21.227+0000] {logging_mixin.py:137} INFO - [2023-02-10T01:52:21.227+0000] {dag.py:3441} INFO - Setting next_dagrun for example_sensors to None, run_after=None
[2023-02-10T01:52:21.464+0000] {processor.py:175} INFO - Processing /home/airflow/.local/lib/python3.7/site-packages/airflow/example_dags/example_sensors.py took 0.693 seconds
[2023-02-10T01:52:53.520+0000] {processor.py:153} INFO - Started process (PID=405) to work on /home/airflow/.local/lib/python3.7/site-packages/airflow/example_dags/example_sensors.py
[2023-02-10T01:52:53.541+0000] {processor.py:743} INFO - Processing file /home/airflow/.local/lib/python3.7/site-packages/airflow/example_dags/example_sensors.py for tasks to queue
[2023-02-10T01:52:53.554+0000] {logging_mixin.py:137} INFO - [2023-02-10T01:52:53.554+0000] {dagbag.py:538} INFO - Filling up the DagBag from /home/airflow/.local/lib/python3.7/site-packages/airflow/example_dags/example_sensors.py
[2023-02-10T01:52:53.851+0000] {processor.py:753} INFO - DAG(s) dict_keys(['example_sensors']) retrieved from /home/airflow/.local/lib/python3.7/site-packages/airflow/example_dags/example_sensors.py
[2023-02-10T01:52:54.158+0000] {logging_mixin.py:137} INFO - [2023-02-10T01:52:54.157+0000] {dag.py:2690} INFO - Sync 1 DAGs
[2023-02-10T01:52:54.425+0000] {logging_mixin.py:137} INFO - [2023-02-10T01:52:54.425+0000] {dag.py:3441} INFO - Setting next_dagrun for example_sensors to None, run_after=None
[2023-02-10T01:52:54.665+0000] {processor.py:175} INFO - Processing /home/airflow/.local/lib/python3.7/site-packages/airflow/example_dags/example_sensors.py took 1.194 seconds
[2023-02-10T01:53:25.219+0000] {processor.py:153} INFO - Started process (PID=463) to work on /home/airflow/.local/lib/python3.7/site-packages/airflow/example_dags/example_sensors.py
[2023-02-10T01:53:25.242+0000] {processor.py:743} INFO - Processing file /home/airflow/.local/lib/python3.7/site-packages/airflow/example_dags/example_sensors.py for tasks to queue
[2023-02-10T01:53:25.249+0000] {logging_mixin.py:137} INFO - [2023-02-10T01:53:25.249+0000] {dagbag.py:538} INFO - Filling up the DagBag from /home/airflow/.local/lib/python3.7/site-packages/airflow/example_dags/example_sensors.py
[2023-02-10T01:53:25.565+0000] {processor.py:753} INFO - DAG(s) dict_keys(['example_sensors']) retrieved from /home/airflow/.local/lib/python3.7/site-packages/airflow/example_dags/example_sensors.py
[2023-02-10T01:53:25.894+0000] {logging_mixin.py:137} INFO - [2023-02-10T01:53:25.891+0000] {dag.py:2690} INFO - Sync 1 DAGs
[2023-02-10T01:53:26.072+0000] {logging_mixin.py:137} INFO - [2023-02-10T01:53:26.071+0000] {dag.py:3441} INFO - Setting next_dagrun for example_sensors to None, run_after=None
[2023-02-10T01:53:26.195+0000] {processor.py:175} INFO - Processing /home/airflow/.local/lib/python3.7/site-packages/airflow/example_dags/example_sensors.py took 1.059 seconds
[2023-02-10T01:53:56.585+0000] {processor.py:153} INFO - Started process (PID=512) to work on /home/airflow/.local/lib/python3.7/site-packages/airflow/example_dags/example_sensors.py
[2023-02-10T01:53:56.589+0000] {processor.py:743} INFO - Processing file /home/airflow/.local/lib/python3.7/site-packages/airflow/example_dags/example_sensors.py for tasks to queue
[2023-02-10T01:53:56.596+0000] {logging_mixin.py:137} INFO - [2023-02-10T01:53:56.595+0000] {dagbag.py:538} INFO - Filling up the DagBag from /home/airflow/.local/lib/python3.7/site-packages/airflow/example_dags/example_sensors.py
[2023-02-10T01:53:56.649+0000] {processor.py:753} INFO - DAG(s) dict_keys(['example_sensors']) retrieved from /home/airflow/.local/lib/python3.7/site-packages/airflow/example_dags/example_sensors.py
[2023-02-10T01:53:56.721+0000] {logging_mixin.py:137} INFO - [2023-02-10T01:53:56.721+0000] {dag.py:2690} INFO - Sync 1 DAGs
[2023-02-10T01:53:56.795+0000] {logging_mixin.py:137} INFO - [2023-02-10T01:53:56.795+0000] {dag.py:3441} INFO - Setting next_dagrun for example_sensors to None, run_after=None
[2023-02-10T01:53:56.841+0000] {processor.py:175} INFO - Processing /home/airflow/.local/lib/python3.7/site-packages/airflow/example_dags/example_sensors.py took 0.268 seconds
[2023-02-10T01:54:27.261+0000] {processor.py:153} INFO - Started process (PID=570) to work on /home/airflow/.local/lib/python3.7/site-packages/airflow/example_dags/example_sensors.py
[2023-02-10T01:54:27.265+0000] {processor.py:743} INFO - Processing file /home/airflow/.local/lib/python3.7/site-packages/airflow/example_dags/example_sensors.py for tasks to queue
[2023-02-10T01:54:27.269+0000] {logging_mixin.py:137} INFO - [2023-02-10T01:54:27.269+0000] {dagbag.py:538} INFO - Filling up the DagBag from /home/airflow/.local/lib/python3.7/site-packages/airflow/example_dags/example_sensors.py
[2023-02-10T01:54:27.391+0000] {processor.py:753} INFO - DAG(s) dict_keys(['example_sensors']) retrieved from /home/airflow/.local/lib/python3.7/site-packages/airflow/example_dags/example_sensors.py
[2023-02-10T01:54:27.555+0000] {logging_mixin.py:137} INFO - [2023-02-10T01:54:27.555+0000] {dag.py:2690} INFO - Sync 1 DAGs
[2023-02-10T01:54:27.802+0000] {logging_mixin.py:137} INFO - [2023-02-10T01:54:27.801+0000] {dag.py:3441} INFO - Setting next_dagrun for example_sensors to None, run_after=None
[2023-02-10T01:54:27.958+0000] {processor.py:175} INFO - Processing /home/airflow/.local/lib/python3.7/site-packages/airflow/example_dags/example_sensors.py took 0.727 seconds
[2023-02-10T01:54:58.816+0000] {processor.py:153} INFO - Started process (PID=627) to work on /home/airflow/.local/lib/python3.7/site-packages/airflow/example_dags/example_sensors.py
[2023-02-10T01:54:58.820+0000] {processor.py:743} INFO - Processing file /home/airflow/.local/lib/python3.7/site-packages/airflow/example_dags/example_sensors.py for tasks to queue
[2023-02-10T01:54:58.825+0000] {logging_mixin.py:137} INFO - [2023-02-10T01:54:58.824+0000] {dagbag.py:538} INFO - Filling up the DagBag from /home/airflow/.local/lib/python3.7/site-packages/airflow/example_dags/example_sensors.py
[2023-02-10T01:54:58.936+0000] {processor.py:753} INFO - DAG(s) dict_keys(['example_sensors']) retrieved from /home/airflow/.local/lib/python3.7/site-packages/airflow/example_dags/example_sensors.py
[2023-02-10T01:54:59.064+0000] {logging_mixin.py:137} INFO - [2023-02-10T01:54:59.063+0000] {dag.py:2690} INFO - Sync 1 DAGs
[2023-02-10T01:54:59.190+0000] {logging_mixin.py:137} INFO - [2023-02-10T01:54:59.190+0000] {dag.py:3441} INFO - Setting next_dagrun for example_sensors to None, run_after=None
[2023-02-10T01:54:59.295+0000] {processor.py:175} INFO - Processing /home/airflow/.local/lib/python3.7/site-packages/airflow/example_dags/example_sensors.py took 0.512 seconds
[2023-02-10T01:55:29.680+0000] {processor.py:153} INFO - Started process (PID=677) to work on /home/airflow/.local/lib/python3.7/site-packages/airflow/example_dags/example_sensors.py
[2023-02-10T01:55:29.688+0000] {processor.py:743} INFO - Processing file /home/airflow/.local/lib/python3.7/site-packages/airflow/example_dags/example_sensors.py for tasks to queue
[2023-02-10T01:55:29.699+0000] {logging_mixin.py:137} INFO - [2023-02-10T01:55:29.698+0000] {dagbag.py:538} INFO - Filling up the DagBag from /home/airflow/.local/lib/python3.7/site-packages/airflow/example_dags/example_sensors.py
[2023-02-10T01:55:29.939+0000] {processor.py:753} INFO - DAG(s) dict_keys(['example_sensors']) retrieved from /home/airflow/.local/lib/python3.7/site-packages/airflow/example_dags/example_sensors.py
[2023-02-10T01:55:30.076+0000] {logging_mixin.py:137} INFO - [2023-02-10T01:55:30.076+0000] {dag.py:2690} INFO - Sync 1 DAGs
[2023-02-10T01:55:30.220+0000] {logging_mixin.py:137} INFO - [2023-02-10T01:55:30.219+0000] {dag.py:3441} INFO - Setting next_dagrun for example_sensors to None, run_after=None
[2023-02-10T01:55:30.295+0000] {processor.py:175} INFO - Processing /home/airflow/.local/lib/python3.7/site-packages/airflow/example_dags/example_sensors.py took 0.663 seconds
[2023-02-10T01:56:00.989+0000] {processor.py:153} INFO - Started process (PID=735) to work on /home/airflow/.local/lib/python3.7/site-packages/airflow/example_dags/example_sensors.py
[2023-02-10T01:56:01.002+0000] {processor.py:743} INFO - Processing file /home/airflow/.local/lib/python3.7/site-packages/airflow/example_dags/example_sensors.py for tasks to queue
[2023-02-10T01:56:01.012+0000] {logging_mixin.py:137} INFO - [2023-02-10T01:56:01.011+0000] {dagbag.py:538} INFO - Filling up the DagBag from /home/airflow/.local/lib/python3.7/site-packages/airflow/example_dags/example_sensors.py
[2023-02-10T01:56:01.156+0000] {processor.py:753} INFO - DAG(s) dict_keys(['example_sensors']) retrieved from /home/airflow/.local/lib/python3.7/site-packages/airflow/example_dags/example_sensors.py
[2023-02-10T01:56:01.286+0000] {logging_mixin.py:137} INFO - [2023-02-10T01:56:01.285+0000] {dag.py:2690} INFO - Sync 1 DAGs
[2023-02-10T01:56:01.467+0000] {logging_mixin.py:137} INFO - [2023-02-10T01:56:01.466+0000] {dag.py:3441} INFO - Setting next_dagrun for example_sensors to None, run_after=None
[2023-02-10T01:56:01.582+0000] {processor.py:175} INFO - Processing /home/airflow/.local/lib/python3.7/site-packages/airflow/example_dags/example_sensors.py took 0.627 seconds
[2023-02-10T01:56:32.176+0000] {processor.py:153} INFO - Started process (PID=794) to work on /home/airflow/.local/lib/python3.7/site-packages/airflow/example_dags/example_sensors.py
[2023-02-10T01:56:32.186+0000] {processor.py:743} INFO - Processing file /home/airflow/.local/lib/python3.7/site-packages/airflow/example_dags/example_sensors.py for tasks to queue
[2023-02-10T01:56:32.196+0000] {logging_mixin.py:137} INFO - [2023-02-10T01:56:32.194+0000] {dagbag.py:538} INFO - Filling up the DagBag from /home/airflow/.local/lib/python3.7/site-packages/airflow/example_dags/example_sensors.py
[2023-02-10T01:56:32.286+0000] {processor.py:753} INFO - DAG(s) dict_keys(['example_sensors']) retrieved from /home/airflow/.local/lib/python3.7/site-packages/airflow/example_dags/example_sensors.py
[2023-02-10T01:56:32.434+0000] {logging_mixin.py:137} INFO - [2023-02-10T01:56:32.434+0000] {dag.py:2690} INFO - Sync 1 DAGs
[2023-02-10T01:56:32.622+0000] {logging_mixin.py:137} INFO - [2023-02-10T01:56:32.621+0000] {dag.py:3441} INFO - Setting next_dagrun for example_sensors to None, run_after=None
[2023-02-10T01:56:32.749+0000] {processor.py:175} INFO - Processing /home/airflow/.local/lib/python3.7/site-packages/airflow/example_dags/example_sensors.py took 0.622 seconds
[2023-02-10T01:57:03.051+0000] {processor.py:153} INFO - Started process (PID=851) to work on /home/airflow/.local/lib/python3.7/site-packages/airflow/example_dags/example_sensors.py
[2023-02-10T01:57:03.065+0000] {processor.py:743} INFO - Processing file /home/airflow/.local/lib/python3.7/site-packages/airflow/example_dags/example_sensors.py for tasks to queue
[2023-02-10T01:57:03.072+0000] {logging_mixin.py:137} INFO - [2023-02-10T01:57:03.070+0000] {dagbag.py:538} INFO - Filling up the DagBag from /home/airflow/.local/lib/python3.7/site-packages/airflow/example_dags/example_sensors.py
[2023-02-10T01:57:03.261+0000] {processor.py:753} INFO - DAG(s) dict_keys(['example_sensors']) retrieved from /home/airflow/.local/lib/python3.7/site-packages/airflow/example_dags/example_sensors.py
[2023-02-10T01:57:03.447+0000] {logging_mixin.py:137} INFO - [2023-02-10T01:57:03.446+0000] {dag.py:2690} INFO - Sync 1 DAGs
[2023-02-10T01:57:03.589+0000] {logging_mixin.py:137} INFO - [2023-02-10T01:57:03.589+0000] {dag.py:3441} INFO - Setting next_dagrun for example_sensors to None, run_after=None
[2023-02-10T01:57:03.738+0000] {processor.py:175} INFO - Processing /home/airflow/.local/lib/python3.7/site-packages/airflow/example_dags/example_sensors.py took 0.723 seconds
[2023-02-10T01:57:41.335+0000] {processor.py:153} INFO - Started process (PID=887) to work on /home/airflow/.local/lib/python3.7/site-packages/airflow/example_dags/example_sensors.py
[2023-02-10T01:57:41.343+0000] {processor.py:743} INFO - Processing file /home/airflow/.local/lib/python3.7/site-packages/airflow/example_dags/example_sensors.py for tasks to queue
[2023-02-10T01:57:41.358+0000] {logging_mixin.py:137} INFO - [2023-02-10T01:57:41.358+0000] {dagbag.py:538} INFO - Filling up the DagBag from /home/airflow/.local/lib/python3.7/site-packages/airflow/example_dags/example_sensors.py
[2023-02-10T01:57:41.581+0000] {processor.py:753} INFO - DAG(s) dict_keys(['example_sensors']) retrieved from /home/airflow/.local/lib/python3.7/site-packages/airflow/example_dags/example_sensors.py
[2023-02-10T01:57:41.731+0000] {logging_mixin.py:137} INFO - [2023-02-10T01:57:41.730+0000] {dag.py:2690} INFO - Sync 1 DAGs
[2023-02-10T01:57:41.831+0000] {logging_mixin.py:137} INFO - [2023-02-10T01:57:41.830+0000] {dag.py:3441} INFO - Setting next_dagrun for example_sensors to None, run_after=None
[2023-02-10T01:57:41.911+0000] {processor.py:175} INFO - Processing /home/airflow/.local/lib/python3.7/site-packages/airflow/example_dags/example_sensors.py took 0.642 seconds
[2023-02-10T01:58:14.830+0000] {processor.py:153} INFO - Started process (PID=945) to work on /home/airflow/.local/lib/python3.7/site-packages/airflow/example_dags/example_sensors.py
[2023-02-10T01:58:14.836+0000] {processor.py:743} INFO - Processing file /home/airflow/.local/lib/python3.7/site-packages/airflow/example_dags/example_sensors.py for tasks to queue
[2023-02-10T01:58:14.844+0000] {logging_mixin.py:137} INFO - [2023-02-10T01:58:14.844+0000] {dagbag.py:538} INFO - Filling up the DagBag from /home/airflow/.local/lib/python3.7/site-packages/airflow/example_dags/example_sensors.py
[2023-02-10T01:58:14.991+0000] {processor.py:753} INFO - DAG(s) dict_keys(['example_sensors']) retrieved from /home/airflow/.local/lib/python3.7/site-packages/airflow/example_dags/example_sensors.py
[2023-02-10T01:58:15.174+0000] {logging_mixin.py:137} INFO - [2023-02-10T01:58:15.174+0000] {dag.py:2690} INFO - Sync 1 DAGs
[2023-02-10T01:58:15.317+0000] {logging_mixin.py:137} INFO - [2023-02-10T01:58:15.316+0000] {dag.py:3441} INFO - Setting next_dagrun for example_sensors to None, run_after=None
[2023-02-10T01:58:15.421+0000] {processor.py:175} INFO - Processing /home/airflow/.local/lib/python3.7/site-packages/airflow/example_dags/example_sensors.py took 0.609 seconds
[2023-02-10T01:58:53.158+0000] {processor.py:153} INFO - Started process (PID=997) to work on /home/airflow/.local/lib/python3.7/site-packages/airflow/example_dags/example_sensors.py
[2023-02-10T01:58:53.170+0000] {processor.py:743} INFO - Processing file /home/airflow/.local/lib/python3.7/site-packages/airflow/example_dags/example_sensors.py for tasks to queue
[2023-02-10T01:58:53.185+0000] {logging_mixin.py:137} INFO - [2023-02-10T01:58:53.184+0000] {dagbag.py:538} INFO - Filling up the DagBag from /home/airflow/.local/lib/python3.7/site-packages/airflow/example_dags/example_sensors.py
[2023-02-10T01:58:53.362+0000] {processor.py:753} INFO - DAG(s) dict_keys(['example_sensors']) retrieved from /home/airflow/.local/lib/python3.7/site-packages/airflow/example_dags/example_sensors.py
[2023-02-10T01:58:53.692+0000] {logging_mixin.py:137} INFO - [2023-02-10T01:58:53.687+0000] {dag.py:2690} INFO - Sync 1 DAGs
[2023-02-10T01:58:54.327+0000] {logging_mixin.py:137} INFO - [2023-02-10T01:58:54.327+0000] {dag.py:3441} INFO - Setting next_dagrun for example_sensors to None, run_after=None
[2023-02-10T01:58:54.569+0000] {processor.py:175} INFO - Processing /home/airflow/.local/lib/python3.7/site-packages/airflow/example_dags/example_sensors.py took 1.487 seconds
[2023-02-10T01:59:25.809+0000] {processor.py:153} INFO - Started process (PID=1051) to work on /home/airflow/.local/lib/python3.7/site-packages/airflow/example_dags/example_sensors.py
[2023-02-10T01:59:25.823+0000] {processor.py:743} INFO - Processing file /home/airflow/.local/lib/python3.7/site-packages/airflow/example_dags/example_sensors.py for tasks to queue
[2023-02-10T01:59:25.912+0000] {logging_mixin.py:137} INFO - [2023-02-10T01:59:25.912+0000] {dagbag.py:538} INFO - Filling up the DagBag from /home/airflow/.local/lib/python3.7/site-packages/airflow/example_dags/example_sensors.py
[2023-02-10T01:59:26.343+0000] {processor.py:753} INFO - DAG(s) dict_keys(['example_sensors']) retrieved from /home/airflow/.local/lib/python3.7/site-packages/airflow/example_dags/example_sensors.py
[2023-02-10T01:59:26.798+0000] {logging_mixin.py:137} INFO - [2023-02-10T01:59:26.798+0000] {dag.py:2690} INFO - Sync 1 DAGs
[2023-02-10T01:59:27.270+0000] {logging_mixin.py:137} INFO - [2023-02-10T01:59:27.270+0000] {dag.py:3441} INFO - Setting next_dagrun for example_sensors to None, run_after=None
[2023-02-10T01:59:27.674+0000] {processor.py:175} INFO - Processing /home/airflow/.local/lib/python3.7/site-packages/airflow/example_dags/example_sensors.py took 1.897 seconds
[2023-02-10T02:00:04.195+0000] {processor.py:153} INFO - Started process (PID=1103) to work on /home/airflow/.local/lib/python3.7/site-packages/airflow/example_dags/example_sensors.py
[2023-02-10T02:00:04.212+0000] {processor.py:743} INFO - Processing file /home/airflow/.local/lib/python3.7/site-packages/airflow/example_dags/example_sensors.py for tasks to queue
[2023-02-10T02:00:04.220+0000] {logging_mixin.py:137} INFO - [2023-02-10T02:00:04.220+0000] {dagbag.py:538} INFO - Filling up the DagBag from /home/airflow/.local/lib/python3.7/site-packages/airflow/example_dags/example_sensors.py
[2023-02-10T02:00:04.572+0000] {processor.py:753} INFO - DAG(s) dict_keys(['example_sensors']) retrieved from /home/airflow/.local/lib/python3.7/site-packages/airflow/example_dags/example_sensors.py
[2023-02-10T02:00:05.071+0000] {logging_mixin.py:137} INFO - [2023-02-10T02:00:05.071+0000] {dag.py:2690} INFO - Sync 1 DAGs
[2023-02-10T02:00:05.782+0000] {logging_mixin.py:137} INFO - [2023-02-10T02:00:05.782+0000] {dag.py:3441} INFO - Setting next_dagrun for example_sensors to None, run_after=None
[2023-02-10T02:00:06.397+0000] {processor.py:175} INFO - Processing /home/airflow/.local/lib/python3.7/site-packages/airflow/example_dags/example_sensors.py took 2.251 seconds
[2023-02-10T02:00:36.944+0000] {processor.py:153} INFO - Started process (PID=1154) to work on /home/airflow/.local/lib/python3.7/site-packages/airflow/example_dags/example_sensors.py
[2023-02-10T02:00:36.949+0000] {processor.py:743} INFO - Processing file /home/airflow/.local/lib/python3.7/site-packages/airflow/example_dags/example_sensors.py for tasks to queue
[2023-02-10T02:00:36.955+0000] {logging_mixin.py:137} INFO - [2023-02-10T02:00:36.955+0000] {dagbag.py:538} INFO - Filling up the DagBag from /home/airflow/.local/lib/python3.7/site-packages/airflow/example_dags/example_sensors.py
[2023-02-10T02:00:37.002+0000] {processor.py:753} INFO - DAG(s) dict_keys(['example_sensors']) retrieved from /home/airflow/.local/lib/python3.7/site-packages/airflow/example_dags/example_sensors.py
[2023-02-10T02:00:37.064+0000] {logging_mixin.py:137} INFO - [2023-02-10T02:00:37.064+0000] {dag.py:2690} INFO - Sync 1 DAGs
[2023-02-10T02:00:37.121+0000] {logging_mixin.py:137} INFO - [2023-02-10T02:00:37.121+0000] {dag.py:3441} INFO - Setting next_dagrun for example_sensors to None, run_after=None
[2023-02-10T02:00:37.164+0000] {processor.py:175} INFO - Processing /home/airflow/.local/lib/python3.7/site-packages/airflow/example_dags/example_sensors.py took 0.228 seconds
[2023-02-10T02:01:16.423+0000] {processor.py:153} INFO - Started process (PID=1211) to work on /home/airflow/.local/lib/python3.7/site-packages/airflow/example_dags/example_sensors.py
[2023-02-10T02:01:16.434+0000] {processor.py:743} INFO - Processing file /home/airflow/.local/lib/python3.7/site-packages/airflow/example_dags/example_sensors.py for tasks to queue
[2023-02-10T02:01:16.469+0000] {logging_mixin.py:137} INFO - [2023-02-10T02:01:16.469+0000] {dagbag.py:538} INFO - Filling up the DagBag from /home/airflow/.local/lib/python3.7/site-packages/airflow/example_dags/example_sensors.py
[2023-02-10T02:01:16.772+0000] {processor.py:753} INFO - DAG(s) dict_keys(['example_sensors']) retrieved from /home/airflow/.local/lib/python3.7/site-packages/airflow/example_dags/example_sensors.py
[2023-02-10T02:01:17.056+0000] {logging_mixin.py:137} INFO - [2023-02-10T02:01:17.055+0000] {dag.py:2690} INFO - Sync 1 DAGs
[2023-02-10T02:01:17.354+0000] {logging_mixin.py:137} INFO - [2023-02-10T02:01:17.354+0000] {dag.py:3441} INFO - Setting next_dagrun for example_sensors to None, run_after=None
[2023-02-10T02:01:17.478+0000] {processor.py:175} INFO - Processing /home/airflow/.local/lib/python3.7/site-packages/airflow/example_dags/example_sensors.py took 1.100 seconds
[2023-02-10T02:01:53.897+0000] {processor.py:153} INFO - Started process (PID=1262) to work on /home/airflow/.local/lib/python3.7/site-packages/airflow/example_dags/example_sensors.py
[2023-02-10T02:01:53.901+0000] {processor.py:743} INFO - Processing file /home/airflow/.local/lib/python3.7/site-packages/airflow/example_dags/example_sensors.py for tasks to queue
[2023-02-10T02:01:53.905+0000] {logging_mixin.py:137} INFO - [2023-02-10T02:01:53.904+0000] {dagbag.py:538} INFO - Filling up the DagBag from /home/airflow/.local/lib/python3.7/site-packages/airflow/example_dags/example_sensors.py
[2023-02-10T02:01:54.021+0000] {processor.py:753} INFO - DAG(s) dict_keys(['example_sensors']) retrieved from /home/airflow/.local/lib/python3.7/site-packages/airflow/example_dags/example_sensors.py
[2023-02-10T02:01:54.349+0000] {logging_mixin.py:137} INFO - [2023-02-10T02:01:54.349+0000] {dag.py:2690} INFO - Sync 1 DAGs
[2023-02-10T02:01:54.620+0000] {logging_mixin.py:137} INFO - [2023-02-10T02:01:54.620+0000] {dag.py:3441} INFO - Setting next_dagrun for example_sensors to None, run_after=None
[2023-02-10T02:01:54.787+0000] {processor.py:175} INFO - Processing /home/airflow/.local/lib/python3.7/site-packages/airflow/example_dags/example_sensors.py took 0.905 seconds
[2023-02-10T02:02:25.506+0000] {processor.py:153} INFO - Started process (PID=1318) to work on /home/airflow/.local/lib/python3.7/site-packages/airflow/example_dags/example_sensors.py
[2023-02-10T02:02:25.509+0000] {processor.py:743} INFO - Processing file /home/airflow/.local/lib/python3.7/site-packages/airflow/example_dags/example_sensors.py for tasks to queue
[2023-02-10T02:02:25.514+0000] {logging_mixin.py:137} INFO - [2023-02-10T02:02:25.513+0000] {dagbag.py:538} INFO - Filling up the DagBag from /home/airflow/.local/lib/python3.7/site-packages/airflow/example_dags/example_sensors.py
[2023-02-10T02:02:25.605+0000] {processor.py:753} INFO - DAG(s) dict_keys(['example_sensors']) retrieved from /home/airflow/.local/lib/python3.7/site-packages/airflow/example_dags/example_sensors.py
[2023-02-10T02:02:25.705+0000] {logging_mixin.py:137} INFO - [2023-02-10T02:02:25.705+0000] {dag.py:2690} INFO - Sync 1 DAGs
[2023-02-10T02:02:25.791+0000] {logging_mixin.py:137} INFO - [2023-02-10T02:02:25.791+0000] {dag.py:3441} INFO - Setting next_dagrun for example_sensors to None, run_after=None
[2023-02-10T02:02:25.887+0000] {processor.py:175} INFO - Processing /home/airflow/.local/lib/python3.7/site-packages/airflow/example_dags/example_sensors.py took 0.403 seconds
[2023-02-10T02:02:55.962+0000] {processor.py:153} INFO - Started process (PID=1369) to work on /home/airflow/.local/lib/python3.7/site-packages/airflow/example_dags/example_sensors.py
[2023-02-10T02:02:55.965+0000] {processor.py:743} INFO - Processing file /home/airflow/.local/lib/python3.7/site-packages/airflow/example_dags/example_sensors.py for tasks to queue
[2023-02-10T02:02:55.969+0000] {logging_mixin.py:137} INFO - [2023-02-10T02:02:55.969+0000] {dagbag.py:538} INFO - Filling up the DagBag from /home/airflow/.local/lib/python3.7/site-packages/airflow/example_dags/example_sensors.py
[2023-02-10T02:02:56.017+0000] {processor.py:753} INFO - DAG(s) dict_keys(['example_sensors']) retrieved from /home/airflow/.local/lib/python3.7/site-packages/airflow/example_dags/example_sensors.py
[2023-02-10T02:02:56.074+0000] {logging_mixin.py:137} INFO - [2023-02-10T02:02:56.074+0000] {dag.py:2690} INFO - Sync 1 DAGs
[2023-02-10T02:02:56.124+0000] {logging_mixin.py:137} INFO - [2023-02-10T02:02:56.124+0000] {dag.py:3441} INFO - Setting next_dagrun for example_sensors to None, run_after=None
[2023-02-10T02:02:56.168+0000] {processor.py:175} INFO - Processing /home/airflow/.local/lib/python3.7/site-packages/airflow/example_dags/example_sensors.py took 0.216 seconds
[2023-02-10T02:03:26.947+0000] {processor.py:153} INFO - Started process (PID=1437) to work on /home/airflow/.local/lib/python3.7/site-packages/airflow/example_dags/example_sensors.py
[2023-02-10T02:03:26.961+0000] {processor.py:743} INFO - Processing file /home/airflow/.local/lib/python3.7/site-packages/airflow/example_dags/example_sensors.py for tasks to queue
[2023-02-10T02:03:26.966+0000] {logging_mixin.py:137} INFO - [2023-02-10T02:03:26.966+0000] {dagbag.py:538} INFO - Filling up the DagBag from /home/airflow/.local/lib/python3.7/site-packages/airflow/example_dags/example_sensors.py
[2023-02-10T02:03:27.034+0000] {processor.py:753} INFO - DAG(s) dict_keys(['example_sensors']) retrieved from /home/airflow/.local/lib/python3.7/site-packages/airflow/example_dags/example_sensors.py
[2023-02-10T02:03:27.143+0000] {logging_mixin.py:137} INFO - [2023-02-10T02:03:27.142+0000] {dag.py:2690} INFO - Sync 1 DAGs
[2023-02-10T02:03:27.262+0000] {logging_mixin.py:137} INFO - [2023-02-10T02:03:27.262+0000] {dag.py:3441} INFO - Setting next_dagrun for example_sensors to None, run_after=None
[2023-02-10T02:03:27.411+0000] {processor.py:175} INFO - Processing /home/airflow/.local/lib/python3.7/site-packages/airflow/example_dags/example_sensors.py took 0.476 seconds
[2023-02-10T02:03:58.434+0000] {processor.py:153} INFO - Started process (PID=1495) to work on /home/airflow/.local/lib/python3.7/site-packages/airflow/example_dags/example_sensors.py
[2023-02-10T02:03:58.440+0000] {processor.py:743} INFO - Processing file /home/airflow/.local/lib/python3.7/site-packages/airflow/example_dags/example_sensors.py for tasks to queue
[2023-02-10T02:03:58.460+0000] {logging_mixin.py:137} INFO - [2023-02-10T02:03:58.460+0000] {dagbag.py:538} INFO - Filling up the DagBag from /home/airflow/.local/lib/python3.7/site-packages/airflow/example_dags/example_sensors.py
[2023-02-10T02:03:58.606+0000] {processor.py:753} INFO - DAG(s) dict_keys(['example_sensors']) retrieved from /home/airflow/.local/lib/python3.7/site-packages/airflow/example_dags/example_sensors.py
[2023-02-10T02:03:58.786+0000] {logging_mixin.py:137} INFO - [2023-02-10T02:03:58.786+0000] {dag.py:2690} INFO - Sync 1 DAGs
[2023-02-10T02:03:58.946+0000] {logging_mixin.py:137} INFO - [2023-02-10T02:03:58.946+0000] {dag.py:3441} INFO - Setting next_dagrun for example_sensors to None, run_after=None
[2023-02-10T02:03:59.060+0000] {processor.py:175} INFO - Processing /home/airflow/.local/lib/python3.7/site-packages/airflow/example_dags/example_sensors.py took 0.661 seconds
[2023-02-10T02:04:29.477+0000] {processor.py:153} INFO - Started process (PID=1547) to work on /home/airflow/.local/lib/python3.7/site-packages/airflow/example_dags/example_sensors.py
[2023-02-10T02:04:29.490+0000] {processor.py:743} INFO - Processing file /home/airflow/.local/lib/python3.7/site-packages/airflow/example_dags/example_sensors.py for tasks to queue
[2023-02-10T02:04:29.500+0000] {logging_mixin.py:137} INFO - [2023-02-10T02:04:29.498+0000] {dagbag.py:538} INFO - Filling up the DagBag from /home/airflow/.local/lib/python3.7/site-packages/airflow/example_dags/example_sensors.py
[2023-02-10T02:04:29.632+0000] {processor.py:753} INFO - DAG(s) dict_keys(['example_sensors']) retrieved from /home/airflow/.local/lib/python3.7/site-packages/airflow/example_dags/example_sensors.py
[2023-02-10T02:04:29.811+0000] {logging_mixin.py:137} INFO - [2023-02-10T02:04:29.810+0000] {dag.py:2690} INFO - Sync 1 DAGs
[2023-02-10T02:04:29.882+0000] {logging_mixin.py:137} INFO - [2023-02-10T02:04:29.882+0000] {dag.py:3441} INFO - Setting next_dagrun for example_sensors to None, run_after=None
[2023-02-10T02:04:29.932+0000] {processor.py:175} INFO - Processing /home/airflow/.local/lib/python3.7/site-packages/airflow/example_dags/example_sensors.py took 0.461 seconds
[2023-02-10T02:05:00.164+0000] {processor.py:153} INFO - Started process (PID=1604) to work on /home/airflow/.local/lib/python3.7/site-packages/airflow/example_dags/example_sensors.py
[2023-02-10T02:05:00.168+0000] {processor.py:743} INFO - Processing file /home/airflow/.local/lib/python3.7/site-packages/airflow/example_dags/example_sensors.py for tasks to queue
[2023-02-10T02:05:00.176+0000] {logging_mixin.py:137} INFO - [2023-02-10T02:05:00.175+0000] {dagbag.py:538} INFO - Filling up the DagBag from /home/airflow/.local/lib/python3.7/site-packages/airflow/example_dags/example_sensors.py
[2023-02-10T02:05:00.401+0000] {processor.py:753} INFO - DAG(s) dict_keys(['example_sensors']) retrieved from /home/airflow/.local/lib/python3.7/site-packages/airflow/example_dags/example_sensors.py
[2023-02-10T02:05:00.488+0000] {logging_mixin.py:137} INFO - [2023-02-10T02:05:00.488+0000] {dag.py:2690} INFO - Sync 1 DAGs
[2023-02-10T02:05:00.717+0000] {logging_mixin.py:137} INFO - [2023-02-10T02:05:00.717+0000] {dag.py:3441} INFO - Setting next_dagrun for example_sensors to None, run_after=None
[2023-02-10T02:05:00.809+0000] {processor.py:175} INFO - Processing /home/airflow/.local/lib/python3.7/site-packages/airflow/example_dags/example_sensors.py took 0.674 seconds
[2023-02-10T02:05:31.287+0000] {processor.py:153} INFO - Started process (PID=1663) to work on /home/airflow/.local/lib/python3.7/site-packages/airflow/example_dags/example_sensors.py
[2023-02-10T02:05:31.307+0000] {processor.py:743} INFO - Processing file /home/airflow/.local/lib/python3.7/site-packages/airflow/example_dags/example_sensors.py for tasks to queue
[2023-02-10T02:05:31.316+0000] {logging_mixin.py:137} INFO - [2023-02-10T02:05:31.314+0000] {dagbag.py:538} INFO - Filling up the DagBag from /home/airflow/.local/lib/python3.7/site-packages/airflow/example_dags/example_sensors.py
[2023-02-10T02:05:31.411+0000] {processor.py:753} INFO - DAG(s) dict_keys(['example_sensors']) retrieved from /home/airflow/.local/lib/python3.7/site-packages/airflow/example_dags/example_sensors.py
[2023-02-10T02:05:31.573+0000] {logging_mixin.py:137} INFO - [2023-02-10T02:05:31.573+0000] {dag.py:2690} INFO - Sync 1 DAGs
[2023-02-10T02:05:31.792+0000] {logging_mixin.py:137} INFO - [2023-02-10T02:05:31.792+0000] {dag.py:3441} INFO - Setting next_dagrun for example_sensors to None, run_after=None
[2023-02-10T02:05:31.852+0000] {processor.py:175} INFO - Processing /home/airflow/.local/lib/python3.7/site-packages/airflow/example_dags/example_sensors.py took 0.574 seconds
[2023-02-10T02:06:02.388+0000] {processor.py:153} INFO - Started process (PID=1720) to work on /home/airflow/.local/lib/python3.7/site-packages/airflow/example_dags/example_sensors.py
[2023-02-10T02:06:02.398+0000] {processor.py:743} INFO - Processing file /home/airflow/.local/lib/python3.7/site-packages/airflow/example_dags/example_sensors.py for tasks to queue
[2023-02-10T02:06:02.410+0000] {logging_mixin.py:137} INFO - [2023-02-10T02:06:02.410+0000] {dagbag.py:538} INFO - Filling up the DagBag from /home/airflow/.local/lib/python3.7/site-packages/airflow/example_dags/example_sensors.py
[2023-02-10T02:06:02.566+0000] {processor.py:753} INFO - DAG(s) dict_keys(['example_sensors']) retrieved from /home/airflow/.local/lib/python3.7/site-packages/airflow/example_dags/example_sensors.py
[2023-02-10T02:06:02.682+0000] {logging_mixin.py:137} INFO - [2023-02-10T02:06:02.682+0000] {dag.py:2690} INFO - Sync 1 DAGs
[2023-02-10T02:06:02.800+0000] {logging_mixin.py:137} INFO - [2023-02-10T02:06:02.799+0000] {dag.py:3441} INFO - Setting next_dagrun for example_sensors to None, run_after=None
[2023-02-10T02:06:02.910+0000] {processor.py:175} INFO - Processing /home/airflow/.local/lib/python3.7/site-packages/airflow/example_dags/example_sensors.py took 0.583 seconds
[2023-02-10T02:06:33.499+0000] {processor.py:153} INFO - Started process (PID=1778) to work on /home/airflow/.local/lib/python3.7/site-packages/airflow/example_dags/example_sensors.py
[2023-02-10T02:06:33.511+0000] {processor.py:743} INFO - Processing file /home/airflow/.local/lib/python3.7/site-packages/airflow/example_dags/example_sensors.py for tasks to queue
[2023-02-10T02:06:33.528+0000] {logging_mixin.py:137} INFO - [2023-02-10T02:06:33.527+0000] {dagbag.py:538} INFO - Filling up the DagBag from /home/airflow/.local/lib/python3.7/site-packages/airflow/example_dags/example_sensors.py
[2023-02-10T02:06:33.710+0000] {processor.py:753} INFO - DAG(s) dict_keys(['example_sensors']) retrieved from /home/airflow/.local/lib/python3.7/site-packages/airflow/example_dags/example_sensors.py
[2023-02-10T02:06:33.851+0000] {logging_mixin.py:137} INFO - [2023-02-10T02:06:33.850+0000] {dag.py:2690} INFO - Sync 1 DAGs
[2023-02-10T02:06:34.097+0000] {logging_mixin.py:137} INFO - [2023-02-10T02:06:34.096+0000] {dag.py:3441} INFO - Setting next_dagrun for example_sensors to None, run_after=None
[2023-02-10T02:06:34.268+0000] {processor.py:175} INFO - Processing /home/airflow/.local/lib/python3.7/site-packages/airflow/example_dags/example_sensors.py took 0.795 seconds
[2023-02-10T02:07:04.867+0000] {processor.py:153} INFO - Started process (PID=1837) to work on /home/airflow/.local/lib/python3.7/site-packages/airflow/example_dags/example_sensors.py
[2023-02-10T02:07:04.871+0000] {processor.py:743} INFO - Processing file /home/airflow/.local/lib/python3.7/site-packages/airflow/example_dags/example_sensors.py for tasks to queue
[2023-02-10T02:07:04.880+0000] {logging_mixin.py:137} INFO - [2023-02-10T02:07:04.880+0000] {dagbag.py:538} INFO - Filling up the DagBag from /home/airflow/.local/lib/python3.7/site-packages/airflow/example_dags/example_sensors.py
[2023-02-10T02:07:04.946+0000] {processor.py:753} INFO - DAG(s) dict_keys(['example_sensors']) retrieved from /home/airflow/.local/lib/python3.7/site-packages/airflow/example_dags/example_sensors.py
[2023-02-10T02:07:05.023+0000] {logging_mixin.py:137} INFO - [2023-02-10T02:07:05.023+0000] {dag.py:2690} INFO - Sync 1 DAGs
[2023-02-10T02:07:05.137+0000] {logging_mixin.py:137} INFO - [2023-02-10T02:07:05.137+0000] {dag.py:3441} INFO - Setting next_dagrun for example_sensors to None, run_after=None
[2023-02-10T02:07:05.270+0000] {processor.py:175} INFO - Processing /home/airflow/.local/lib/python3.7/site-packages/airflow/example_dags/example_sensors.py took 0.413 seconds
[2023-02-10T02:07:35.736+0000] {processor.py:153} INFO - Started process (PID=1896) to work on /home/airflow/.local/lib/python3.7/site-packages/airflow/example_dags/example_sensors.py
[2023-02-10T02:07:35.742+0000] {processor.py:743} INFO - Processing file /home/airflow/.local/lib/python3.7/site-packages/airflow/example_dags/example_sensors.py for tasks to queue
[2023-02-10T02:07:35.745+0000] {logging_mixin.py:137} INFO - [2023-02-10T02:07:35.745+0000] {dagbag.py:538} INFO - Filling up the DagBag from /home/airflow/.local/lib/python3.7/site-packages/airflow/example_dags/example_sensors.py
[2023-02-10T02:07:35.877+0000] {processor.py:753} INFO - DAG(s) dict_keys(['example_sensors']) retrieved from /home/airflow/.local/lib/python3.7/site-packages/airflow/example_dags/example_sensors.py
[2023-02-10T02:07:35.999+0000] {logging_mixin.py:137} INFO - [2023-02-10T02:07:35.999+0000] {dag.py:2690} INFO - Sync 1 DAGs
[2023-02-10T02:07:36.149+0000] {logging_mixin.py:137} INFO - [2023-02-10T02:07:36.148+0000] {dag.py:3441} INFO - Setting next_dagrun for example_sensors to None, run_after=None
[2023-02-10T02:07:36.234+0000] {processor.py:175} INFO - Processing /home/airflow/.local/lib/python3.7/site-packages/airflow/example_dags/example_sensors.py took 0.519 seconds
[2023-02-10T02:08:07.223+0000] {processor.py:153} INFO - Started process (PID=1945) to work on /home/airflow/.local/lib/python3.7/site-packages/airflow/example_dags/example_sensors.py
[2023-02-10T02:08:07.235+0000] {processor.py:743} INFO - Processing file /home/airflow/.local/lib/python3.7/site-packages/airflow/example_dags/example_sensors.py for tasks to queue
[2023-02-10T02:08:07.241+0000] {logging_mixin.py:137} INFO - [2023-02-10T02:08:07.241+0000] {dagbag.py:538} INFO - Filling up the DagBag from /home/airflow/.local/lib/python3.7/site-packages/airflow/example_dags/example_sensors.py
[2023-02-10T02:08:07.811+0000] {processor.py:753} INFO - DAG(s) dict_keys(['example_sensors']) retrieved from /home/airflow/.local/lib/python3.7/site-packages/airflow/example_dags/example_sensors.py
[2023-02-10T02:08:08.992+0000] {logging_mixin.py:137} INFO - [2023-02-10T02:08:08.991+0000] {dag.py:2690} INFO - Sync 1 DAGs
[2023-02-10T02:08:10.476+0000] {logging_mixin.py:137} INFO - [2023-02-10T02:08:10.476+0000] {dag.py:3441} INFO - Setting next_dagrun for example_sensors to None, run_after=None
[2023-02-10T02:08:11.163+0000] {processor.py:175} INFO - Processing /home/airflow/.local/lib/python3.7/site-packages/airflow/example_dags/example_sensors.py took 3.959 seconds
[2023-02-10T02:08:41.620+0000] {processor.py:153} INFO - Started process (PID=2005) to work on /home/airflow/.local/lib/python3.7/site-packages/airflow/example_dags/example_sensors.py
[2023-02-10T02:08:41.626+0000] {processor.py:743} INFO - Processing file /home/airflow/.local/lib/python3.7/site-packages/airflow/example_dags/example_sensors.py for tasks to queue
[2023-02-10T02:08:41.633+0000] {logging_mixin.py:137} INFO - [2023-02-10T02:08:41.632+0000] {dagbag.py:538} INFO - Filling up the DagBag from /home/airflow/.local/lib/python3.7/site-packages/airflow/example_dags/example_sensors.py
[2023-02-10T02:08:41.690+0000] {processor.py:753} INFO - DAG(s) dict_keys(['example_sensors']) retrieved from /home/airflow/.local/lib/python3.7/site-packages/airflow/example_dags/example_sensors.py
[2023-02-10T02:08:41.778+0000] {logging_mixin.py:137} INFO - [2023-02-10T02:08:41.777+0000] {dag.py:2690} INFO - Sync 1 DAGs
[2023-02-10T02:08:41.845+0000] {logging_mixin.py:137} INFO - [2023-02-10T02:08:41.845+0000] {dag.py:3441} INFO - Setting next_dagrun for example_sensors to None, run_after=None
[2023-02-10T02:08:41.895+0000] {processor.py:175} INFO - Processing /home/airflow/.local/lib/python3.7/site-packages/airflow/example_dags/example_sensors.py took 0.288 seconds
[2023-02-10T02:09:12.760+0000] {processor.py:153} INFO - Started process (PID=2062) to work on /home/airflow/.local/lib/python3.7/site-packages/airflow/example_dags/example_sensors.py
[2023-02-10T02:09:12.773+0000] {processor.py:743} INFO - Processing file /home/airflow/.local/lib/python3.7/site-packages/airflow/example_dags/example_sensors.py for tasks to queue
[2023-02-10T02:09:12.784+0000] {logging_mixin.py:137} INFO - [2023-02-10T02:09:12.782+0000] {dagbag.py:538} INFO - Filling up the DagBag from /home/airflow/.local/lib/python3.7/site-packages/airflow/example_dags/example_sensors.py
[2023-02-10T02:09:12.872+0000] {processor.py:753} INFO - DAG(s) dict_keys(['example_sensors']) retrieved from /home/airflow/.local/lib/python3.7/site-packages/airflow/example_dags/example_sensors.py
[2023-02-10T02:09:13.032+0000] {logging_mixin.py:137} INFO - [2023-02-10T02:09:13.031+0000] {dag.py:2690} INFO - Sync 1 DAGs
[2023-02-10T02:09:13.335+0000] {logging_mixin.py:137} INFO - [2023-02-10T02:09:13.335+0000] {dag.py:3441} INFO - Setting next_dagrun for example_sensors to None, run_after=None
[2023-02-10T02:09:13.495+0000] {processor.py:175} INFO - Processing /home/airflow/.local/lib/python3.7/site-packages/airflow/example_dags/example_sensors.py took 0.750 seconds
[2023-02-10T02:09:44.051+0000] {processor.py:153} INFO - Started process (PID=2112) to work on /home/airflow/.local/lib/python3.7/site-packages/airflow/example_dags/example_sensors.py
[2023-02-10T02:09:44.059+0000] {processor.py:743} INFO - Processing file /home/airflow/.local/lib/python3.7/site-packages/airflow/example_dags/example_sensors.py for tasks to queue
[2023-02-10T02:09:44.067+0000] {logging_mixin.py:137} INFO - [2023-02-10T02:09:44.066+0000] {dagbag.py:538} INFO - Filling up the DagBag from /home/airflow/.local/lib/python3.7/site-packages/airflow/example_dags/example_sensors.py
[2023-02-10T02:09:44.155+0000] {processor.py:753} INFO - DAG(s) dict_keys(['example_sensors']) retrieved from /home/airflow/.local/lib/python3.7/site-packages/airflow/example_dags/example_sensors.py
[2023-02-10T02:09:44.395+0000] {logging_mixin.py:137} INFO - [2023-02-10T02:09:44.395+0000] {dag.py:2690} INFO - Sync 1 DAGs
[2023-02-10T02:09:44.634+0000] {logging_mixin.py:137} INFO - [2023-02-10T02:09:44.634+0000] {dag.py:3441} INFO - Setting next_dagrun for example_sensors to None, run_after=None
[2023-02-10T02:09:44.787+0000] {processor.py:175} INFO - Processing /home/airflow/.local/lib/python3.7/site-packages/airflow/example_dags/example_sensors.py took 0.749 seconds
[2023-02-10T02:10:29.005+0000] {processor.py:153} INFO - Started process (PID=2170) to work on /home/airflow/.local/lib/python3.7/site-packages/airflow/example_dags/example_sensors.py
[2023-02-10T02:10:29.046+0000] {processor.py:743} INFO - Processing file /home/airflow/.local/lib/python3.7/site-packages/airflow/example_dags/example_sensors.py for tasks to queue
[2023-02-10T02:10:29.073+0000] {logging_mixin.py:137} INFO - [2023-02-10T02:10:29.064+0000] {dagbag.py:538} INFO - Filling up the DagBag from /home/airflow/.local/lib/python3.7/site-packages/airflow/example_dags/example_sensors.py
[2023-02-10T02:10:29.387+0000] {processor.py:753} INFO - DAG(s) dict_keys(['example_sensors']) retrieved from /home/airflow/.local/lib/python3.7/site-packages/airflow/example_dags/example_sensors.py
[2023-02-10T02:10:29.528+0000] {logging_mixin.py:137} INFO - [2023-02-10T02:10:29.525+0000] {dag.py:2690} INFO - Sync 1 DAGs
[2023-02-10T02:10:29.912+0000] {logging_mixin.py:137} INFO - [2023-02-10T02:10:29.912+0000] {dag.py:3441} INFO - Setting next_dagrun for example_sensors to None, run_after=None
[2023-02-10T02:10:30.160+0000] {processor.py:175} INFO - Processing /home/airflow/.local/lib/python3.7/site-packages/airflow/example_dags/example_sensors.py took 1.202 seconds
[2023-02-10T02:11:00.791+0000] {processor.py:153} INFO - Started process (PID=2229) to work on /home/airflow/.local/lib/python3.7/site-packages/airflow/example_dags/example_sensors.py
[2023-02-10T02:11:00.796+0000] {processor.py:743} INFO - Processing file /home/airflow/.local/lib/python3.7/site-packages/airflow/example_dags/example_sensors.py for tasks to queue
[2023-02-10T02:11:00.801+0000] {logging_mixin.py:137} INFO - [2023-02-10T02:11:00.801+0000] {dagbag.py:538} INFO - Filling up the DagBag from /home/airflow/.local/lib/python3.7/site-packages/airflow/example_dags/example_sensors.py
[2023-02-10T02:11:00.855+0000] {processor.py:753} INFO - DAG(s) dict_keys(['example_sensors']) retrieved from /home/airflow/.local/lib/python3.7/site-packages/airflow/example_dags/example_sensors.py
[2023-02-10T02:11:00.920+0000] {logging_mixin.py:137} INFO - [2023-02-10T02:11:00.920+0000] {dag.py:2690} INFO - Sync 1 DAGs
[2023-02-10T02:11:00.987+0000] {logging_mixin.py:137} INFO - [2023-02-10T02:11:00.987+0000] {dag.py:3441} INFO - Setting next_dagrun for example_sensors to None, run_after=None
[2023-02-10T02:11:01.049+0000] {processor.py:175} INFO - Processing /home/airflow/.local/lib/python3.7/site-packages/airflow/example_dags/example_sensors.py took 0.269 seconds
[2023-02-10T02:11:31.311+0000] {processor.py:153} INFO - Started process (PID=2287) to work on /home/airflow/.local/lib/python3.7/site-packages/airflow/example_dags/example_sensors.py
[2023-02-10T02:11:31.316+0000] {processor.py:743} INFO - Processing file /home/airflow/.local/lib/python3.7/site-packages/airflow/example_dags/example_sensors.py for tasks to queue
[2023-02-10T02:11:31.322+0000] {logging_mixin.py:137} INFO - [2023-02-10T02:11:31.321+0000] {dagbag.py:538} INFO - Filling up the DagBag from /home/airflow/.local/lib/python3.7/site-packages/airflow/example_dags/example_sensors.py
[2023-02-10T02:11:31.377+0000] {processor.py:753} INFO - DAG(s) dict_keys(['example_sensors']) retrieved from /home/airflow/.local/lib/python3.7/site-packages/airflow/example_dags/example_sensors.py
[2023-02-10T02:11:31.450+0000] {logging_mixin.py:137} INFO - [2023-02-10T02:11:31.450+0000] {dag.py:2690} INFO - Sync 1 DAGs
[2023-02-10T02:11:31.507+0000] {logging_mixin.py:137} INFO - [2023-02-10T02:11:31.506+0000] {dag.py:3441} INFO - Setting next_dagrun for example_sensors to None, run_after=None
[2023-02-10T02:11:31.547+0000] {processor.py:175} INFO - Processing /home/airflow/.local/lib/python3.7/site-packages/airflow/example_dags/example_sensors.py took 0.249 seconds
[2023-02-10T02:12:01.761+0000] {processor.py:153} INFO - Started process (PID=2345) to work on /home/airflow/.local/lib/python3.7/site-packages/airflow/example_dags/example_sensors.py
[2023-02-10T02:12:01.769+0000] {processor.py:743} INFO - Processing file /home/airflow/.local/lib/python3.7/site-packages/airflow/example_dags/example_sensors.py for tasks to queue
[2023-02-10T02:12:01.781+0000] {logging_mixin.py:137} INFO - [2023-02-10T02:12:01.780+0000] {dagbag.py:538} INFO - Filling up the DagBag from /home/airflow/.local/lib/python3.7/site-packages/airflow/example_dags/example_sensors.py
[2023-02-10T02:12:01.963+0000] {processor.py:753} INFO - DAG(s) dict_keys(['example_sensors']) retrieved from /home/airflow/.local/lib/python3.7/site-packages/airflow/example_dags/example_sensors.py
[2023-02-10T02:12:02.220+0000] {logging_mixin.py:137} INFO - [2023-02-10T02:12:02.220+0000] {dag.py:2690} INFO - Sync 1 DAGs
[2023-02-10T02:12:02.328+0000] {logging_mixin.py:137} INFO - [2023-02-10T02:12:02.328+0000] {dag.py:3441} INFO - Setting next_dagrun for example_sensors to None, run_after=None
[2023-02-10T02:12:02.370+0000] {processor.py:175} INFO - Processing /home/airflow/.local/lib/python3.7/site-packages/airflow/example_dags/example_sensors.py took 0.626 seconds
[2023-02-10T02:12:33.102+0000] {processor.py:153} INFO - Started process (PID=2403) to work on /home/airflow/.local/lib/python3.7/site-packages/airflow/example_dags/example_sensors.py
[2023-02-10T02:12:33.121+0000] {processor.py:743} INFO - Processing file /home/airflow/.local/lib/python3.7/site-packages/airflow/example_dags/example_sensors.py for tasks to queue
[2023-02-10T02:12:33.145+0000] {logging_mixin.py:137} INFO - [2023-02-10T02:12:33.145+0000] {dagbag.py:538} INFO - Filling up the DagBag from /home/airflow/.local/lib/python3.7/site-packages/airflow/example_dags/example_sensors.py
[2023-02-10T02:12:33.456+0000] {processor.py:753} INFO - DAG(s) dict_keys(['example_sensors']) retrieved from /home/airflow/.local/lib/python3.7/site-packages/airflow/example_dags/example_sensors.py
[2023-02-10T02:12:34.163+0000] {logging_mixin.py:137} INFO - [2023-02-10T02:12:34.163+0000] {dag.py:2690} INFO - Sync 1 DAGs
[2023-02-10T02:12:34.924+0000] {logging_mixin.py:137} INFO - [2023-02-10T02:12:34.924+0000] {dag.py:3441} INFO - Setting next_dagrun for example_sensors to None, run_after=None
[2023-02-10T02:12:35.131+0000] {processor.py:175} INFO - Processing /home/airflow/.local/lib/python3.7/site-packages/airflow/example_dags/example_sensors.py took 2.056 seconds
[2023-02-10T02:13:05.505+0000] {processor.py:153} INFO - Started process (PID=2461) to work on /home/airflow/.local/lib/python3.7/site-packages/airflow/example_dags/example_sensors.py
[2023-02-10T02:13:05.510+0000] {processor.py:743} INFO - Processing file /home/airflow/.local/lib/python3.7/site-packages/airflow/example_dags/example_sensors.py for tasks to queue
[2023-02-10T02:13:05.518+0000] {logging_mixin.py:137} INFO - [2023-02-10T02:13:05.515+0000] {dagbag.py:538} INFO - Filling up the DagBag from /home/airflow/.local/lib/python3.7/site-packages/airflow/example_dags/example_sensors.py
[2023-02-10T02:13:05.650+0000] {processor.py:753} INFO - DAG(s) dict_keys(['example_sensors']) retrieved from /home/airflow/.local/lib/python3.7/site-packages/airflow/example_dags/example_sensors.py
[2023-02-10T02:13:05.820+0000] {logging_mixin.py:137} INFO - [2023-02-10T02:13:05.820+0000] {dag.py:2690} INFO - Sync 1 DAGs
[2023-02-10T02:13:05.927+0000] {logging_mixin.py:137} INFO - [2023-02-10T02:13:05.925+0000] {dag.py:3441} INFO - Setting next_dagrun for example_sensors to None, run_after=None
[2023-02-10T02:13:06.071+0000] {processor.py:175} INFO - Processing /home/airflow/.local/lib/python3.7/site-packages/airflow/example_dags/example_sensors.py took 0.590 seconds
[2023-02-10T02:13:37.131+0000] {processor.py:153} INFO - Started process (PID=2511) to work on /home/airflow/.local/lib/python3.7/site-packages/airflow/example_dags/example_sensors.py
[2023-02-10T02:13:37.204+0000] {processor.py:743} INFO - Processing file /home/airflow/.local/lib/python3.7/site-packages/airflow/example_dags/example_sensors.py for tasks to queue
[2023-02-10T02:13:37.210+0000] {logging_mixin.py:137} INFO - [2023-02-10T02:13:37.210+0000] {dagbag.py:538} INFO - Filling up the DagBag from /home/airflow/.local/lib/python3.7/site-packages/airflow/example_dags/example_sensors.py
[2023-02-10T02:13:37.463+0000] {processor.py:753} INFO - DAG(s) dict_keys(['example_sensors']) retrieved from /home/airflow/.local/lib/python3.7/site-packages/airflow/example_dags/example_sensors.py
[2023-02-10T02:13:37.990+0000] {logging_mixin.py:137} INFO - [2023-02-10T02:13:37.990+0000] {dag.py:2690} INFO - Sync 1 DAGs
[2023-02-10T02:13:38.205+0000] {logging_mixin.py:137} INFO - [2023-02-10T02:13:38.205+0000] {dag.py:3441} INFO - Setting next_dagrun for example_sensors to None, run_after=None
[2023-02-10T02:13:38.390+0000] {processor.py:175} INFO - Processing /home/airflow/.local/lib/python3.7/site-packages/airflow/example_dags/example_sensors.py took 1.411 seconds
[2023-02-10T02:14:08.975+0000] {processor.py:153} INFO - Started process (PID=2568) to work on /home/airflow/.local/lib/python3.7/site-packages/airflow/example_dags/example_sensors.py
[2023-02-10T02:14:08.985+0000] {processor.py:743} INFO - Processing file /home/airflow/.local/lib/python3.7/site-packages/airflow/example_dags/example_sensors.py for tasks to queue
[2023-02-10T02:14:09.006+0000] {logging_mixin.py:137} INFO - [2023-02-10T02:14:09.005+0000] {dagbag.py:538} INFO - Filling up the DagBag from /home/airflow/.local/lib/python3.7/site-packages/airflow/example_dags/example_sensors.py
[2023-02-10T02:14:09.464+0000] {processor.py:753} INFO - DAG(s) dict_keys(['example_sensors']) retrieved from /home/airflow/.local/lib/python3.7/site-packages/airflow/example_dags/example_sensors.py
[2023-02-10T02:14:09.807+0000] {logging_mixin.py:137} INFO - [2023-02-10T02:14:09.807+0000] {dag.py:2690} INFO - Sync 1 DAGs
[2023-02-10T02:14:10.520+0000] {logging_mixin.py:137} INFO - [2023-02-10T02:14:10.520+0000] {dag.py:3441} INFO - Setting next_dagrun for example_sensors to None, run_after=None
[2023-02-10T02:14:10.766+0000] {processor.py:175} INFO - Processing /home/airflow/.local/lib/python3.7/site-packages/airflow/example_dags/example_sensors.py took 1.856 seconds
[2023-02-10T02:14:43.026+0000] {processor.py:153} INFO - Started process (PID=2618) to work on /home/airflow/.local/lib/python3.7/site-packages/airflow/example_dags/example_sensors.py
[2023-02-10T02:14:43.032+0000] {processor.py:743} INFO - Processing file /home/airflow/.local/lib/python3.7/site-packages/airflow/example_dags/example_sensors.py for tasks to queue
[2023-02-10T02:14:43.036+0000] {logging_mixin.py:137} INFO - [2023-02-10T02:14:43.036+0000] {dagbag.py:538} INFO - Filling up the DagBag from /home/airflow/.local/lib/python3.7/site-packages/airflow/example_dags/example_sensors.py
[2023-02-10T02:14:43.154+0000] {processor.py:753} INFO - DAG(s) dict_keys(['example_sensors']) retrieved from /home/airflow/.local/lib/python3.7/site-packages/airflow/example_dags/example_sensors.py
[2023-02-10T02:14:43.286+0000] {logging_mixin.py:137} INFO - [2023-02-10T02:14:43.286+0000] {dag.py:2690} INFO - Sync 1 DAGs
[2023-02-10T02:14:43.391+0000] {logging_mixin.py:137} INFO - [2023-02-10T02:14:43.391+0000] {dag.py:3441} INFO - Setting next_dagrun for example_sensors to None, run_after=None
[2023-02-10T02:14:43.503+0000] {processor.py:175} INFO - Processing /home/airflow/.local/lib/python3.7/site-packages/airflow/example_dags/example_sensors.py took 0.512 seconds
[2023-02-10T02:15:13.716+0000] {processor.py:153} INFO - Started process (PID=2671) to work on /home/airflow/.local/lib/python3.7/site-packages/airflow/example_dags/example_sensors.py
[2023-02-10T02:15:13.721+0000] {processor.py:743} INFO - Processing file /home/airflow/.local/lib/python3.7/site-packages/airflow/example_dags/example_sensors.py for tasks to queue
[2023-02-10T02:15:13.735+0000] {logging_mixin.py:137} INFO - [2023-02-10T02:15:13.735+0000] {dagbag.py:538} INFO - Filling up the DagBag from /home/airflow/.local/lib/python3.7/site-packages/airflow/example_dags/example_sensors.py
[2023-02-10T02:15:13.877+0000] {processor.py:753} INFO - DAG(s) dict_keys(['example_sensors']) retrieved from /home/airflow/.local/lib/python3.7/site-packages/airflow/example_dags/example_sensors.py
[2023-02-10T02:15:14.219+0000] {logging_mixin.py:137} INFO - [2023-02-10T02:15:14.218+0000] {dag.py:2690} INFO - Sync 1 DAGs
[2023-02-10T02:15:14.387+0000] {logging_mixin.py:137} INFO - [2023-02-10T02:15:14.386+0000] {dag.py:3441} INFO - Setting next_dagrun for example_sensors to None, run_after=None
[2023-02-10T02:15:14.511+0000] {processor.py:175} INFO - Processing /home/airflow/.local/lib/python3.7/site-packages/airflow/example_dags/example_sensors.py took 0.814 seconds
[2023-02-10T02:15:46.032+0000] {processor.py:153} INFO - Started process (PID=2727) to work on /home/airflow/.local/lib/python3.7/site-packages/airflow/example_dags/example_sensors.py
[2023-02-10T02:15:46.042+0000] {processor.py:743} INFO - Processing file /home/airflow/.local/lib/python3.7/site-packages/airflow/example_dags/example_sensors.py for tasks to queue
[2023-02-10T02:15:46.047+0000] {logging_mixin.py:137} INFO - [2023-02-10T02:15:46.046+0000] {dagbag.py:538} INFO - Filling up the DagBag from /home/airflow/.local/lib/python3.7/site-packages/airflow/example_dags/example_sensors.py
[2023-02-10T02:15:46.200+0000] {processor.py:753} INFO - DAG(s) dict_keys(['example_sensors']) retrieved from /home/airflow/.local/lib/python3.7/site-packages/airflow/example_dags/example_sensors.py
[2023-02-10T02:15:46.445+0000] {logging_mixin.py:137} INFO - [2023-02-10T02:15:46.445+0000] {dag.py:2690} INFO - Sync 1 DAGs
[2023-02-10T02:15:46.565+0000] {logging_mixin.py:137} INFO - [2023-02-10T02:15:46.565+0000] {dag.py:3441} INFO - Setting next_dagrun for example_sensors to None, run_after=None
[2023-02-10T02:15:46.636+0000] {processor.py:175} INFO - Processing /home/airflow/.local/lib/python3.7/site-packages/airflow/example_dags/example_sensors.py took 0.621 seconds
[2023-02-10T02:16:17.281+0000] {processor.py:153} INFO - Started process (PID=2779) to work on /home/airflow/.local/lib/python3.7/site-packages/airflow/example_dags/example_sensors.py
[2023-02-10T02:16:17.288+0000] {processor.py:743} INFO - Processing file /home/airflow/.local/lib/python3.7/site-packages/airflow/example_dags/example_sensors.py for tasks to queue
[2023-02-10T02:16:17.296+0000] {logging_mixin.py:137} INFO - [2023-02-10T02:16:17.292+0000] {dagbag.py:538} INFO - Filling up the DagBag from /home/airflow/.local/lib/python3.7/site-packages/airflow/example_dags/example_sensors.py
[2023-02-10T02:16:17.377+0000] {processor.py:753} INFO - DAG(s) dict_keys(['example_sensors']) retrieved from /home/airflow/.local/lib/python3.7/site-packages/airflow/example_dags/example_sensors.py
[2023-02-10T02:16:17.439+0000] {logging_mixin.py:137} INFO - [2023-02-10T02:16:17.439+0000] {dag.py:2690} INFO - Sync 1 DAGs
[2023-02-10T02:16:17.507+0000] {logging_mixin.py:137} INFO - [2023-02-10T02:16:17.507+0000] {dag.py:3441} INFO - Setting next_dagrun for example_sensors to None, run_after=None
[2023-02-10T02:16:17.565+0000] {processor.py:175} INFO - Processing /home/airflow/.local/lib/python3.7/site-packages/airflow/example_dags/example_sensors.py took 0.301 seconds
[2023-02-10T02:16:48.196+0000] {processor.py:153} INFO - Started process (PID=2838) to work on /home/airflow/.local/lib/python3.7/site-packages/airflow/example_dags/example_sensors.py
[2023-02-10T02:16:48.206+0000] {processor.py:743} INFO - Processing file /home/airflow/.local/lib/python3.7/site-packages/airflow/example_dags/example_sensors.py for tasks to queue
[2023-02-10T02:16:48.217+0000] {logging_mixin.py:137} INFO - [2023-02-10T02:16:48.216+0000] {dagbag.py:538} INFO - Filling up the DagBag from /home/airflow/.local/lib/python3.7/site-packages/airflow/example_dags/example_sensors.py
[2023-02-10T02:16:48.428+0000] {processor.py:753} INFO - DAG(s) dict_keys(['example_sensors']) retrieved from /home/airflow/.local/lib/python3.7/site-packages/airflow/example_dags/example_sensors.py
[2023-02-10T02:16:48.814+0000] {logging_mixin.py:137} INFO - [2023-02-10T02:16:48.814+0000] {dag.py:2690} INFO - Sync 1 DAGs
[2023-02-10T02:16:49.086+0000] {logging_mixin.py:137} INFO - [2023-02-10T02:16:49.085+0000] {dag.py:3441} INFO - Setting next_dagrun for example_sensors to None, run_after=None
[2023-02-10T02:16:49.224+0000] {processor.py:175} INFO - Processing /home/airflow/.local/lib/python3.7/site-packages/airflow/example_dags/example_sensors.py took 1.098 seconds
[2023-02-10T02:17:19.507+0000] {processor.py:153} INFO - Started process (PID=2896) to work on /home/airflow/.local/lib/python3.7/site-packages/airflow/example_dags/example_sensors.py
[2023-02-10T02:17:19.520+0000] {processor.py:743} INFO - Processing file /home/airflow/.local/lib/python3.7/site-packages/airflow/example_dags/example_sensors.py for tasks to queue
[2023-02-10T02:17:19.534+0000] {logging_mixin.py:137} INFO - [2023-02-10T02:17:19.534+0000] {dagbag.py:538} INFO - Filling up the DagBag from /home/airflow/.local/lib/python3.7/site-packages/airflow/example_dags/example_sensors.py
[2023-02-10T02:17:19.632+0000] {processor.py:753} INFO - DAG(s) dict_keys(['example_sensors']) retrieved from /home/airflow/.local/lib/python3.7/site-packages/airflow/example_dags/example_sensors.py
[2023-02-10T02:17:19.708+0000] {logging_mixin.py:137} INFO - [2023-02-10T02:17:19.708+0000] {dag.py:2690} INFO - Sync 1 DAGs
[2023-02-10T02:17:19.773+0000] {logging_mixin.py:137} INFO - [2023-02-10T02:17:19.773+0000] {dag.py:3441} INFO - Setting next_dagrun for example_sensors to None, run_after=None
[2023-02-10T02:17:19.854+0000] {processor.py:175} INFO - Processing /home/airflow/.local/lib/python3.7/site-packages/airflow/example_dags/example_sensors.py took 0.371 seconds
[2023-02-10T02:18:01.626+0000] {processor.py:153} INFO - Started process (PID=2949) to work on /home/airflow/.local/lib/python3.7/site-packages/airflow/example_dags/example_sensors.py
[2023-02-10T02:18:01.635+0000] {processor.py:743} INFO - Processing file /home/airflow/.local/lib/python3.7/site-packages/airflow/example_dags/example_sensors.py for tasks to queue
[2023-02-10T02:18:01.646+0000] {logging_mixin.py:137} INFO - [2023-02-10T02:18:01.643+0000] {dagbag.py:538} INFO - Filling up the DagBag from /home/airflow/.local/lib/python3.7/site-packages/airflow/example_dags/example_sensors.py
[2023-02-10T02:18:01.762+0000] {processor.py:753} INFO - DAG(s) dict_keys(['example_sensors']) retrieved from /home/airflow/.local/lib/python3.7/site-packages/airflow/example_dags/example_sensors.py
[2023-02-10T02:18:01.876+0000] {logging_mixin.py:137} INFO - [2023-02-10T02:18:01.875+0000] {dag.py:2690} INFO - Sync 1 DAGs
[2023-02-10T02:18:01.987+0000] {logging_mixin.py:137} INFO - [2023-02-10T02:18:01.987+0000] {dag.py:3441} INFO - Setting next_dagrun for example_sensors to None, run_after=None
[2023-02-10T02:18:02.123+0000] {processor.py:175} INFO - Processing /home/airflow/.local/lib/python3.7/site-packages/airflow/example_dags/example_sensors.py took 0.532 seconds
[2023-02-10T02:18:32.413+0000] {processor.py:153} INFO - Started process (PID=2999) to work on /home/airflow/.local/lib/python3.7/site-packages/airflow/example_dags/example_sensors.py
[2023-02-10T02:18:32.418+0000] {processor.py:743} INFO - Processing file /home/airflow/.local/lib/python3.7/site-packages/airflow/example_dags/example_sensors.py for tasks to queue
[2023-02-10T02:18:32.423+0000] {logging_mixin.py:137} INFO - [2023-02-10T02:18:32.423+0000] {dagbag.py:538} INFO - Filling up the DagBag from /home/airflow/.local/lib/python3.7/site-packages/airflow/example_dags/example_sensors.py
[2023-02-10T02:18:32.473+0000] {processor.py:753} INFO - DAG(s) dict_keys(['example_sensors']) retrieved from /home/airflow/.local/lib/python3.7/site-packages/airflow/example_dags/example_sensors.py
[2023-02-10T02:18:32.549+0000] {logging_mixin.py:137} INFO - [2023-02-10T02:18:32.549+0000] {dag.py:2690} INFO - Sync 1 DAGs
[2023-02-10T02:18:32.610+0000] {logging_mixin.py:137} INFO - [2023-02-10T02:18:32.609+0000] {dag.py:3441} INFO - Setting next_dagrun for example_sensors to None, run_after=None
[2023-02-10T02:18:32.657+0000] {processor.py:175} INFO - Processing /home/airflow/.local/lib/python3.7/site-packages/airflow/example_dags/example_sensors.py took 0.253 seconds
[2023-02-10T02:19:19.339+0000] {processor.py:153} INFO - Started process (PID=45) to work on /home/airflow/.local/lib/python3.7/site-packages/airflow/example_dags/example_sensors.py
[2023-02-10T02:19:19.344+0000] {processor.py:743} INFO - Processing file /home/airflow/.local/lib/python3.7/site-packages/airflow/example_dags/example_sensors.py for tasks to queue
[2023-02-10T02:19:19.361+0000] {logging_mixin.py:137} INFO - [2023-02-10T02:19:19.361+0000] {dagbag.py:538} INFO - Filling up the DagBag from /home/airflow/.local/lib/python3.7/site-packages/airflow/example_dags/example_sensors.py
[2023-02-10T02:19:19.854+0000] {processor.py:753} INFO - DAG(s) dict_keys(['example_sensors']) retrieved from /home/airflow/.local/lib/python3.7/site-packages/airflow/example_dags/example_sensors.py
[2023-02-10T02:19:20.391+0000] {logging_mixin.py:137} INFO - [2023-02-10T02:19:20.391+0000] {dag.py:2690} INFO - Sync 1 DAGs
[2023-02-10T02:19:20.622+0000] {logging_mixin.py:137} INFO - [2023-02-10T02:19:20.622+0000] {dag.py:3441} INFO - Setting next_dagrun for example_sensors to None, run_after=None
[2023-02-10T02:19:20.849+0000] {processor.py:175} INFO - Processing /home/airflow/.local/lib/python3.7/site-packages/airflow/example_dags/example_sensors.py took 1.574 seconds
[2023-02-10T02:19:51.087+0000] {processor.py:153} INFO - Started process (PID=104) to work on /home/airflow/.local/lib/python3.7/site-packages/airflow/example_dags/example_sensors.py
[2023-02-10T02:19:51.096+0000] {processor.py:743} INFO - Processing file /home/airflow/.local/lib/python3.7/site-packages/airflow/example_dags/example_sensors.py for tasks to queue
[2023-02-10T02:19:51.124+0000] {logging_mixin.py:137} INFO - [2023-02-10T02:19:51.099+0000] {dagbag.py:538} INFO - Filling up the DagBag from /home/airflow/.local/lib/python3.7/site-packages/airflow/example_dags/example_sensors.py
[2023-02-10T02:19:51.204+0000] {processor.py:753} INFO - DAG(s) dict_keys(['example_sensors']) retrieved from /home/airflow/.local/lib/python3.7/site-packages/airflow/example_dags/example_sensors.py
[2023-02-10T02:19:51.313+0000] {logging_mixin.py:137} INFO - [2023-02-10T02:19:51.313+0000] {dag.py:2690} INFO - Sync 1 DAGs
[2023-02-10T02:19:51.375+0000] {logging_mixin.py:137} INFO - [2023-02-10T02:19:51.375+0000] {dag.py:3441} INFO - Setting next_dagrun for example_sensors to None, run_after=None
[2023-02-10T02:19:51.419+0000] {processor.py:175} INFO - Processing /home/airflow/.local/lib/python3.7/site-packages/airflow/example_dags/example_sensors.py took 0.360 seconds
[2023-02-10T02:20:40.590+0000] {processor.py:153} INFO - Started process (PID=162) to work on /home/airflow/.local/lib/python3.7/site-packages/airflow/example_dags/example_sensors.py
[2023-02-10T02:20:40.610+0000] {processor.py:743} INFO - Processing file /home/airflow/.local/lib/python3.7/site-packages/airflow/example_dags/example_sensors.py for tasks to queue
[2023-02-10T02:20:40.655+0000] {logging_mixin.py:137} INFO - [2023-02-10T02:20:40.650+0000] {dagbag.py:538} INFO - Filling up the DagBag from /home/airflow/.local/lib/python3.7/site-packages/airflow/example_dags/example_sensors.py
[2023-02-10T02:20:41.199+0000] {processor.py:753} INFO - DAG(s) dict_keys(['example_sensors']) retrieved from /home/airflow/.local/lib/python3.7/site-packages/airflow/example_dags/example_sensors.py
[2023-02-10T02:20:42.125+0000] {logging_mixin.py:137} INFO - [2023-02-10T02:20:42.125+0000] {dag.py:2690} INFO - Sync 1 DAGs
[2023-02-10T02:20:43.085+0000] {logging_mixin.py:137} INFO - [2023-02-10T02:20:43.073+0000] {dag.py:3441} INFO - Setting next_dagrun for example_sensors to None, run_after=None
[2023-02-10T02:20:43.833+0000] {processor.py:175} INFO - Processing /home/airflow/.local/lib/python3.7/site-packages/airflow/example_dags/example_sensors.py took 3.340 seconds
[2023-02-10T02:21:34.709+0000] {processor.py:153} INFO - Started process (PID=220) to work on /home/airflow/.local/lib/python3.7/site-packages/airflow/example_dags/example_sensors.py
[2023-02-10T02:21:34.720+0000] {processor.py:743} INFO - Processing file /home/airflow/.local/lib/python3.7/site-packages/airflow/example_dags/example_sensors.py for tasks to queue
[2023-02-10T02:21:34.728+0000] {logging_mixin.py:137} INFO - [2023-02-10T02:21:34.726+0000] {dagbag.py:538} INFO - Filling up the DagBag from /home/airflow/.local/lib/python3.7/site-packages/airflow/example_dags/example_sensors.py
[2023-02-10T02:21:34.864+0000] {processor.py:753} INFO - DAG(s) dict_keys(['example_sensors']) retrieved from /home/airflow/.local/lib/python3.7/site-packages/airflow/example_dags/example_sensors.py
[2023-02-10T02:21:35.109+0000] {logging_mixin.py:137} INFO - [2023-02-10T02:21:35.109+0000] {dag.py:2690} INFO - Sync 1 DAGs
[2023-02-10T02:21:35.422+0000] {logging_mixin.py:137} INFO - [2023-02-10T02:21:35.422+0000] {dag.py:3441} INFO - Setting next_dagrun for example_sensors to None, run_after=None
[2023-02-10T02:21:35.530+0000] {processor.py:175} INFO - Processing /home/airflow/.local/lib/python3.7/site-packages/airflow/example_dags/example_sensors.py took 0.843 seconds
[2023-02-10T02:22:09.653+0000] {processor.py:153} INFO - Started process (PID=277) to work on /home/airflow/.local/lib/python3.7/site-packages/airflow/example_dags/example_sensors.py
[2023-02-10T02:22:09.678+0000] {processor.py:743} INFO - Processing file /home/airflow/.local/lib/python3.7/site-packages/airflow/example_dags/example_sensors.py for tasks to queue
[2023-02-10T02:22:09.683+0000] {logging_mixin.py:137} INFO - [2023-02-10T02:22:09.682+0000] {dagbag.py:538} INFO - Filling up the DagBag from /home/airflow/.local/lib/python3.7/site-packages/airflow/example_dags/example_sensors.py
[2023-02-10T02:22:09.893+0000] {processor.py:753} INFO - DAG(s) dict_keys(['example_sensors']) retrieved from /home/airflow/.local/lib/python3.7/site-packages/airflow/example_dags/example_sensors.py
[2023-02-10T02:22:10.433+0000] {logging_mixin.py:137} INFO - [2023-02-10T02:22:10.432+0000] {dag.py:2690} INFO - Sync 1 DAGs
[2023-02-10T02:22:10.758+0000] {logging_mixin.py:137} INFO - [2023-02-10T02:22:10.758+0000] {dag.py:3441} INFO - Setting next_dagrun for example_sensors to None, run_after=None
[2023-02-10T02:22:10.856+0000] {processor.py:175} INFO - Processing /home/airflow/.local/lib/python3.7/site-packages/airflow/example_dags/example_sensors.py took 1.210 seconds
[2023-02-10T02:22:46.581+0000] {processor.py:153} INFO - Started process (PID=334) to work on /home/airflow/.local/lib/python3.7/site-packages/airflow/example_dags/example_sensors.py
[2023-02-10T02:22:46.727+0000] {processor.py:743} INFO - Processing file /home/airflow/.local/lib/python3.7/site-packages/airflow/example_dags/example_sensors.py for tasks to queue
[2023-02-10T02:22:46.879+0000] {logging_mixin.py:137} INFO - [2023-02-10T02:22:46.878+0000] {dagbag.py:538} INFO - Filling up the DagBag from /home/airflow/.local/lib/python3.7/site-packages/airflow/example_dags/example_sensors.py
[2023-02-10T02:22:48.552+0000] {processor.py:753} INFO - DAG(s) dict_keys(['example_sensors']) retrieved from /home/airflow/.local/lib/python3.7/site-packages/airflow/example_dags/example_sensors.py
[2023-02-10T02:22:51.354+0000] {logging_mixin.py:137} INFO - [2023-02-10T02:22:51.354+0000] {dag.py:2690} INFO - Sync 1 DAGs
[2023-02-10T02:22:54.862+0000] {logging_mixin.py:137} INFO - [2023-02-10T02:22:54.862+0000] {dag.py:3441} INFO - Setting next_dagrun for example_sensors to None, run_after=None
[2023-02-10T02:22:56.814+0000] {processor.py:175} INFO - Processing /home/airflow/.local/lib/python3.7/site-packages/airflow/example_dags/example_sensors.py took 10.545 seconds
[2023-02-10T02:23:31.071+0000] {processor.py:153} INFO - Started process (PID=393) to work on /home/airflow/.local/lib/python3.7/site-packages/airflow/example_dags/example_sensors.py
[2023-02-10T02:23:31.100+0000] {processor.py:743} INFO - Processing file /home/airflow/.local/lib/python3.7/site-packages/airflow/example_dags/example_sensors.py for tasks to queue
[2023-02-10T02:23:31.112+0000] {logging_mixin.py:137} INFO - [2023-02-10T02:23:31.112+0000] {dagbag.py:538} INFO - Filling up the DagBag from /home/airflow/.local/lib/python3.7/site-packages/airflow/example_dags/example_sensors.py
[2023-02-10T02:23:31.293+0000] {processor.py:753} INFO - DAG(s) dict_keys(['example_sensors']) retrieved from /home/airflow/.local/lib/python3.7/site-packages/airflow/example_dags/example_sensors.py
[2023-02-10T02:23:31.451+0000] {logging_mixin.py:137} INFO - [2023-02-10T02:23:31.451+0000] {dag.py:2690} INFO - Sync 1 DAGs
[2023-02-10T02:23:31.568+0000] {logging_mixin.py:137} INFO - [2023-02-10T02:23:31.567+0000] {dag.py:3441} INFO - Setting next_dagrun for example_sensors to None, run_after=None
[2023-02-10T02:23:31.649+0000] {processor.py:175} INFO - Processing /home/airflow/.local/lib/python3.7/site-packages/airflow/example_dags/example_sensors.py took 0.605 seconds
[2023-02-10T02:24:01.972+0000] {processor.py:153} INFO - Started process (PID=442) to work on /home/airflow/.local/lib/python3.7/site-packages/airflow/example_dags/example_sensors.py
[2023-02-10T02:24:01.977+0000] {processor.py:743} INFO - Processing file /home/airflow/.local/lib/python3.7/site-packages/airflow/example_dags/example_sensors.py for tasks to queue
[2023-02-10T02:24:01.983+0000] {logging_mixin.py:137} INFO - [2023-02-10T02:24:01.982+0000] {dagbag.py:538} INFO - Filling up the DagBag from /home/airflow/.local/lib/python3.7/site-packages/airflow/example_dags/example_sensors.py
[2023-02-10T02:24:02.087+0000] {processor.py:753} INFO - DAG(s) dict_keys(['example_sensors']) retrieved from /home/airflow/.local/lib/python3.7/site-packages/airflow/example_dags/example_sensors.py
[2023-02-10T02:24:02.330+0000] {logging_mixin.py:137} INFO - [2023-02-10T02:24:02.330+0000] {dag.py:2690} INFO - Sync 1 DAGs
[2023-02-10T02:24:02.468+0000] {logging_mixin.py:137} INFO - [2023-02-10T02:24:02.468+0000] {dag.py:3441} INFO - Setting next_dagrun for example_sensors to None, run_after=None
[2023-02-10T02:24:02.757+0000] {processor.py:175} INFO - Processing /home/airflow/.local/lib/python3.7/site-packages/airflow/example_dags/example_sensors.py took 0.807 seconds
[2023-02-10T02:24:33.318+0000] {processor.py:153} INFO - Started process (PID=500) to work on /home/airflow/.local/lib/python3.7/site-packages/airflow/example_dags/example_sensors.py
[2023-02-10T02:24:33.328+0000] {processor.py:743} INFO - Processing file /home/airflow/.local/lib/python3.7/site-packages/airflow/example_dags/example_sensors.py for tasks to queue
[2023-02-10T02:24:33.340+0000] {logging_mixin.py:137} INFO - [2023-02-10T02:24:33.339+0000] {dagbag.py:538} INFO - Filling up the DagBag from /home/airflow/.local/lib/python3.7/site-packages/airflow/example_dags/example_sensors.py
[2023-02-10T02:24:33.544+0000] {processor.py:753} INFO - DAG(s) dict_keys(['example_sensors']) retrieved from /home/airflow/.local/lib/python3.7/site-packages/airflow/example_dags/example_sensors.py
[2023-02-10T02:24:34.154+0000] {logging_mixin.py:137} INFO - [2023-02-10T02:24:34.153+0000] {dag.py:2690} INFO - Sync 1 DAGs
[2023-02-10T02:24:34.740+0000] {logging_mixin.py:137} INFO - [2023-02-10T02:24:34.599+0000] {dag.py:3441} INFO - Setting next_dagrun for example_sensors to None, run_after=None
[2023-02-10T02:24:35.379+0000] {processor.py:175} INFO - Processing /home/airflow/.local/lib/python3.7/site-packages/airflow/example_dags/example_sensors.py took 2.094 seconds
[2023-02-10T02:25:06.890+0000] {processor.py:153} INFO - Started process (PID=558) to work on /home/airflow/.local/lib/python3.7/site-packages/airflow/example_dags/example_sensors.py
[2023-02-10T02:25:06.907+0000] {processor.py:743} INFO - Processing file /home/airflow/.local/lib/python3.7/site-packages/airflow/example_dags/example_sensors.py for tasks to queue
[2023-02-10T02:25:06.912+0000] {logging_mixin.py:137} INFO - [2023-02-10T02:25:06.911+0000] {dagbag.py:538} INFO - Filling up the DagBag from /home/airflow/.local/lib/python3.7/site-packages/airflow/example_dags/example_sensors.py
[2023-02-10T02:25:07.027+0000] {processor.py:753} INFO - DAG(s) dict_keys(['example_sensors']) retrieved from /home/airflow/.local/lib/python3.7/site-packages/airflow/example_dags/example_sensors.py
[2023-02-10T02:25:07.318+0000] {logging_mixin.py:137} INFO - [2023-02-10T02:25:07.317+0000] {dag.py:2690} INFO - Sync 1 DAGs
[2023-02-10T02:25:07.778+0000] {logging_mixin.py:137} INFO - [2023-02-10T02:25:07.777+0000] {dag.py:3441} INFO - Setting next_dagrun for example_sensors to None, run_after=None
[2023-02-10T02:25:08.040+0000] {processor.py:175} INFO - Processing /home/airflow/.local/lib/python3.7/site-packages/airflow/example_dags/example_sensors.py took 1.369 seconds
[2023-02-10T02:25:41.040+0000] {processor.py:153} INFO - Started process (PID=614) to work on /home/airflow/.local/lib/python3.7/site-packages/airflow/example_dags/example_sensors.py
[2023-02-10T02:25:41.053+0000] {processor.py:743} INFO - Processing file /home/airflow/.local/lib/python3.7/site-packages/airflow/example_dags/example_sensors.py for tasks to queue
[2023-02-10T02:25:41.057+0000] {logging_mixin.py:137} INFO - [2023-02-10T02:25:41.057+0000] {dagbag.py:538} INFO - Filling up the DagBag from /home/airflow/.local/lib/python3.7/site-packages/airflow/example_dags/example_sensors.py
[2023-02-10T02:25:41.388+0000] {processor.py:753} INFO - DAG(s) dict_keys(['example_sensors']) retrieved from /home/airflow/.local/lib/python3.7/site-packages/airflow/example_dags/example_sensors.py
[2023-02-10T02:25:41.497+0000] {logging_mixin.py:137} INFO - [2023-02-10T02:25:41.496+0000] {dag.py:2690} INFO - Sync 1 DAGs
[2023-02-10T02:25:41.561+0000] {logging_mixin.py:137} INFO - [2023-02-10T02:25:41.561+0000] {dag.py:3441} INFO - Setting next_dagrun for example_sensors to None, run_after=None
[2023-02-10T02:25:41.742+0000] {processor.py:175} INFO - Processing /home/airflow/.local/lib/python3.7/site-packages/airflow/example_dags/example_sensors.py took 0.748 seconds
[2023-02-10T02:26:12.652+0000] {processor.py:153} INFO - Started process (PID=667) to work on /home/airflow/.local/lib/python3.7/site-packages/airflow/example_dags/example_sensors.py
[2023-02-10T02:26:12.666+0000] {processor.py:743} INFO - Processing file /home/airflow/.local/lib/python3.7/site-packages/airflow/example_dags/example_sensors.py for tasks to queue
[2023-02-10T02:26:12.674+0000] {logging_mixin.py:137} INFO - [2023-02-10T02:26:12.674+0000] {dagbag.py:538} INFO - Filling up the DagBag from /home/airflow/.local/lib/python3.7/site-packages/airflow/example_dags/example_sensors.py
[2023-02-10T02:26:12.844+0000] {processor.py:753} INFO - DAG(s) dict_keys(['example_sensors']) retrieved from /home/airflow/.local/lib/python3.7/site-packages/airflow/example_dags/example_sensors.py
[2023-02-10T02:26:13.200+0000] {logging_mixin.py:137} INFO - [2023-02-10T02:26:13.200+0000] {dag.py:2690} INFO - Sync 1 DAGs
[2023-02-10T02:26:13.501+0000] {logging_mixin.py:137} INFO - [2023-02-10T02:26:13.499+0000] {dag.py:3441} INFO - Setting next_dagrun for example_sensors to None, run_after=None
[2023-02-10T02:26:13.698+0000] {processor.py:175} INFO - Processing /home/airflow/.local/lib/python3.7/site-packages/airflow/example_dags/example_sensors.py took 1.065 seconds
[2023-02-10T02:26:44.251+0000] {processor.py:153} INFO - Started process (PID=725) to work on /home/airflow/.local/lib/python3.7/site-packages/airflow/example_dags/example_sensors.py
[2023-02-10T02:26:44.267+0000] {processor.py:743} INFO - Processing file /home/airflow/.local/lib/python3.7/site-packages/airflow/example_dags/example_sensors.py for tasks to queue
[2023-02-10T02:26:44.281+0000] {logging_mixin.py:137} INFO - [2023-02-10T02:26:44.278+0000] {dagbag.py:538} INFO - Filling up the DagBag from /home/airflow/.local/lib/python3.7/site-packages/airflow/example_dags/example_sensors.py
[2023-02-10T02:26:44.409+0000] {processor.py:753} INFO - DAG(s) dict_keys(['example_sensors']) retrieved from /home/airflow/.local/lib/python3.7/site-packages/airflow/example_dags/example_sensors.py
[2023-02-10T02:26:44.625+0000] {logging_mixin.py:137} INFO - [2023-02-10T02:26:44.625+0000] {dag.py:2690} INFO - Sync 1 DAGs
[2023-02-10T02:26:44.761+0000] {logging_mixin.py:137} INFO - [2023-02-10T02:26:44.761+0000] {dag.py:3441} INFO - Setting next_dagrun for example_sensors to None, run_after=None
[2023-02-10T02:26:44.889+0000] {processor.py:175} INFO - Processing /home/airflow/.local/lib/python3.7/site-packages/airflow/example_dags/example_sensors.py took 0.645 seconds
[2023-02-10T02:27:15.499+0000] {processor.py:153} INFO - Started process (PID=772) to work on /home/airflow/.local/lib/python3.7/site-packages/airflow/example_dags/example_sensors.py
[2023-02-10T02:27:15.512+0000] {processor.py:743} INFO - Processing file /home/airflow/.local/lib/python3.7/site-packages/airflow/example_dags/example_sensors.py for tasks to queue
[2023-02-10T02:27:15.532+0000] {logging_mixin.py:137} INFO - [2023-02-10T02:27:15.532+0000] {dagbag.py:538} INFO - Filling up the DagBag from /home/airflow/.local/lib/python3.7/site-packages/airflow/example_dags/example_sensors.py
[2023-02-10T02:27:15.806+0000] {processor.py:753} INFO - DAG(s) dict_keys(['example_sensors']) retrieved from /home/airflow/.local/lib/python3.7/site-packages/airflow/example_dags/example_sensors.py
[2023-02-10T02:27:16.045+0000] {logging_mixin.py:137} INFO - [2023-02-10T02:27:16.044+0000] {dag.py:2690} INFO - Sync 1 DAGs
[2023-02-10T02:27:16.394+0000] {logging_mixin.py:137} INFO - [2023-02-10T02:27:16.394+0000] {dag.py:3441} INFO - Setting next_dagrun for example_sensors to None, run_after=None
[2023-02-10T02:27:16.512+0000] {processor.py:175} INFO - Processing /home/airflow/.local/lib/python3.7/site-packages/airflow/example_dags/example_sensors.py took 1.049 seconds
[2023-02-10T02:27:46.956+0000] {processor.py:153} INFO - Started process (PID=831) to work on /home/airflow/.local/lib/python3.7/site-packages/airflow/example_dags/example_sensors.py
[2023-02-10T02:27:46.987+0000] {processor.py:743} INFO - Processing file /home/airflow/.local/lib/python3.7/site-packages/airflow/example_dags/example_sensors.py for tasks to queue
[2023-02-10T02:27:47.002+0000] {logging_mixin.py:137} INFO - [2023-02-10T02:27:47.001+0000] {dagbag.py:538} INFO - Filling up the DagBag from /home/airflow/.local/lib/python3.7/site-packages/airflow/example_dags/example_sensors.py
[2023-02-10T02:27:47.154+0000] {processor.py:753} INFO - DAG(s) dict_keys(['example_sensors']) retrieved from /home/airflow/.local/lib/python3.7/site-packages/airflow/example_dags/example_sensors.py
[2023-02-10T02:27:47.431+0000] {logging_mixin.py:137} INFO - [2023-02-10T02:27:47.430+0000] {dag.py:2690} INFO - Sync 1 DAGs
[2023-02-10T02:27:47.675+0000] {logging_mixin.py:137} INFO - [2023-02-10T02:27:47.674+0000] {dag.py:3441} INFO - Setting next_dagrun for example_sensors to None, run_after=None
[2023-02-10T02:27:47.873+0000] {processor.py:175} INFO - Processing /home/airflow/.local/lib/python3.7/site-packages/airflow/example_dags/example_sensors.py took 0.981 seconds
[2023-02-10T02:28:26.589+0000] {processor.py:153} INFO - Started process (PID=890) to work on /home/airflow/.local/lib/python3.7/site-packages/airflow/example_dags/example_sensors.py
[2023-02-10T02:28:26.612+0000] {processor.py:743} INFO - Processing file /home/airflow/.local/lib/python3.7/site-packages/airflow/example_dags/example_sensors.py for tasks to queue
[2023-02-10T02:28:26.768+0000] {logging_mixin.py:137} INFO - [2023-02-10T02:28:26.767+0000] {dagbag.py:538} INFO - Filling up the DagBag from /home/airflow/.local/lib/python3.7/site-packages/airflow/example_dags/example_sensors.py
[2023-02-10T02:28:27.373+0000] {processor.py:753} INFO - DAG(s) dict_keys(['example_sensors']) retrieved from /home/airflow/.local/lib/python3.7/site-packages/airflow/example_dags/example_sensors.py
[2023-02-10T02:28:28.373+0000] {logging_mixin.py:137} INFO - [2023-02-10T02:28:28.372+0000] {dag.py:2690} INFO - Sync 1 DAGs
[2023-02-10T02:28:28.611+0000] {logging_mixin.py:137} INFO - [2023-02-10T02:28:28.610+0000] {dag.py:3441} INFO - Setting next_dagrun for example_sensors to None, run_after=None
[2023-02-10T02:28:28.816+0000] {processor.py:175} INFO - Processing /home/airflow/.local/lib/python3.7/site-packages/airflow/example_dags/example_sensors.py took 2.282 seconds
[2023-02-10T02:29:01.196+0000] {processor.py:153} INFO - Started process (PID=946) to work on /home/airflow/.local/lib/python3.7/site-packages/airflow/example_dags/example_sensors.py
[2023-02-10T02:29:01.210+0000] {processor.py:743} INFO - Processing file /home/airflow/.local/lib/python3.7/site-packages/airflow/example_dags/example_sensors.py for tasks to queue
[2023-02-10T02:29:01.215+0000] {logging_mixin.py:137} INFO - [2023-02-10T02:29:01.214+0000] {dagbag.py:538} INFO - Filling up the DagBag from /home/airflow/.local/lib/python3.7/site-packages/airflow/example_dags/example_sensors.py
[2023-02-10T02:29:01.292+0000] {processor.py:753} INFO - DAG(s) dict_keys(['example_sensors']) retrieved from /home/airflow/.local/lib/python3.7/site-packages/airflow/example_dags/example_sensors.py
[2023-02-10T02:29:01.747+0000] {logging_mixin.py:137} INFO - [2023-02-10T02:29:01.747+0000] {dag.py:2690} INFO - Sync 1 DAGs
[2023-02-10T02:29:01.872+0000] {logging_mixin.py:137} INFO - [2023-02-10T02:29:01.872+0000] {dag.py:3441} INFO - Setting next_dagrun for example_sensors to None, run_after=None
[2023-02-10T02:29:02.036+0000] {processor.py:175} INFO - Processing /home/airflow/.local/lib/python3.7/site-packages/airflow/example_dags/example_sensors.py took 0.855 seconds
