[2023-02-10T01:50:00.685+0000] {processor.py:153} INFO - Started process (PID=246) to work on /home/airflow/.local/lib/python3.7/site-packages/airflow/example_dags/example_branch_day_of_week_operator.py
[2023-02-10T01:50:01.341+0000] {processor.py:743} INFO - Processing file /home/airflow/.local/lib/python3.7/site-packages/airflow/example_dags/example_branch_day_of_week_operator.py for tasks to queue
[2023-02-10T01:50:01.500+0000] {logging_mixin.py:137} INFO - [2023-02-10T01:50:01.495+0000] {dagbag.py:538} INFO - Filling up the DagBag from /home/airflow/.local/lib/python3.7/site-packages/airflow/example_dags/example_branch_day_of_week_operator.py
[2023-02-10T01:50:03.399+0000] {processor.py:753} INFO - DAG(s) dict_keys(['example_weekday_branch_operator']) retrieved from /home/airflow/.local/lib/python3.7/site-packages/airflow/example_dags/example_branch_day_of_week_operator.py
[2023-02-10T01:50:06.172+0000] {logging_mixin.py:137} INFO - [2023-02-10T01:50:06.171+0000] {dag.py:2690} INFO - Sync 1 DAGs
[2023-02-10T01:50:10.236+0000] {logging_mixin.py:137} INFO - [2023-02-10T01:50:10.235+0000] {dag.py:3441} INFO - Setting next_dagrun for example_weekday_branch_operator to 2023-02-09T00:00:00+00:00, run_after=2023-02-10T00:00:00+00:00
[2023-02-10T01:50:11.512+0000] {processor.py:175} INFO - Processing /home/airflow/.local/lib/python3.7/site-packages/airflow/example_dags/example_branch_day_of_week_operator.py took 11.406 seconds
[2023-02-10T01:52:22.374+0000] {processor.py:153} INFO - Started process (PID=356) to work on /home/airflow/.local/lib/python3.7/site-packages/airflow/example_dags/example_branch_day_of_week_operator.py
[2023-02-10T01:52:22.380+0000] {processor.py:743} INFO - Processing file /home/airflow/.local/lib/python3.7/site-packages/airflow/example_dags/example_branch_day_of_week_operator.py for tasks to queue
[2023-02-10T01:52:22.389+0000] {logging_mixin.py:137} INFO - [2023-02-10T01:52:22.389+0000] {dagbag.py:538} INFO - Filling up the DagBag from /home/airflow/.local/lib/python3.7/site-packages/airflow/example_dags/example_branch_day_of_week_operator.py
[2023-02-10T01:52:22.624+0000] {processor.py:753} INFO - DAG(s) dict_keys(['example_weekday_branch_operator']) retrieved from /home/airflow/.local/lib/python3.7/site-packages/airflow/example_dags/example_branch_day_of_week_operator.py
[2023-02-10T01:52:22.862+0000] {logging_mixin.py:137} INFO - [2023-02-10T01:52:22.861+0000] {dag.py:2690} INFO - Sync 1 DAGs
[2023-02-10T01:52:23.116+0000] {logging_mixin.py:137} INFO - [2023-02-10T01:52:23.116+0000] {dag.py:3441} INFO - Setting next_dagrun for example_weekday_branch_operator to 2023-02-09T00:00:00+00:00, run_after=2023-02-10T00:00:00+00:00
[2023-02-10T01:52:23.206+0000] {processor.py:175} INFO - Processing /home/airflow/.local/lib/python3.7/site-packages/airflow/example_dags/example_branch_day_of_week_operator.py took 0.859 seconds
[2023-02-10T01:52:56.217+0000] {processor.py:153} INFO - Started process (PID=408) to work on /home/airflow/.local/lib/python3.7/site-packages/airflow/example_dags/example_branch_day_of_week_operator.py
[2023-02-10T01:52:56.227+0000] {processor.py:743} INFO - Processing file /home/airflow/.local/lib/python3.7/site-packages/airflow/example_dags/example_branch_day_of_week_operator.py for tasks to queue
[2023-02-10T01:52:56.249+0000] {logging_mixin.py:137} INFO - [2023-02-10T01:52:56.248+0000] {dagbag.py:538} INFO - Filling up the DagBag from /home/airflow/.local/lib/python3.7/site-packages/airflow/example_dags/example_branch_day_of_week_operator.py
[2023-02-10T01:52:56.583+0000] {processor.py:753} INFO - DAG(s) dict_keys(['example_weekday_branch_operator']) retrieved from /home/airflow/.local/lib/python3.7/site-packages/airflow/example_dags/example_branch_day_of_week_operator.py
[2023-02-10T01:52:56.795+0000] {logging_mixin.py:137} INFO - [2023-02-10T01:52:56.794+0000] {dag.py:2690} INFO - Sync 1 DAGs
[2023-02-10T01:52:56.978+0000] {logging_mixin.py:137} INFO - [2023-02-10T01:52:56.978+0000] {dag.py:3441} INFO - Setting next_dagrun for example_weekday_branch_operator to 2023-02-09T00:00:00+00:00, run_after=2023-02-10T00:00:00+00:00
[2023-02-10T01:52:57.149+0000] {processor.py:175} INFO - Processing /home/airflow/.local/lib/python3.7/site-packages/airflow/example_dags/example_branch_day_of_week_operator.py took 0.959 seconds
[2023-02-10T01:53:27.775+0000] {processor.py:153} INFO - Started process (PID=467) to work on /home/airflow/.local/lib/python3.7/site-packages/airflow/example_dags/example_branch_day_of_week_operator.py
[2023-02-10T01:53:27.785+0000] {processor.py:743} INFO - Processing file /home/airflow/.local/lib/python3.7/site-packages/airflow/example_dags/example_branch_day_of_week_operator.py for tasks to queue
[2023-02-10T01:53:27.799+0000] {logging_mixin.py:137} INFO - [2023-02-10T01:53:27.796+0000] {dagbag.py:538} INFO - Filling up the DagBag from /home/airflow/.local/lib/python3.7/site-packages/airflow/example_dags/example_branch_day_of_week_operator.py
[2023-02-10T01:53:28.020+0000] {processor.py:753} INFO - DAG(s) dict_keys(['example_weekday_branch_operator']) retrieved from /home/airflow/.local/lib/python3.7/site-packages/airflow/example_dags/example_branch_day_of_week_operator.py
[2023-02-10T01:53:28.333+0000] {logging_mixin.py:137} INFO - [2023-02-10T01:53:28.333+0000] {dag.py:2690} INFO - Sync 1 DAGs
[2023-02-10T01:53:28.667+0000] {logging_mixin.py:137} INFO - [2023-02-10T01:53:28.667+0000] {dag.py:3441} INFO - Setting next_dagrun for example_weekday_branch_operator to 2023-02-09T00:00:00+00:00, run_after=2023-02-10T00:00:00+00:00
[2023-02-10T01:53:28.954+0000] {processor.py:175} INFO - Processing /home/airflow/.local/lib/python3.7/site-packages/airflow/example_dags/example_branch_day_of_week_operator.py took 1.229 seconds
[2023-02-10T01:53:59.312+0000] {processor.py:153} INFO - Started process (PID=515) to work on /home/airflow/.local/lib/python3.7/site-packages/airflow/example_dags/example_branch_day_of_week_operator.py
[2023-02-10T01:53:59.321+0000] {processor.py:743} INFO - Processing file /home/airflow/.local/lib/python3.7/site-packages/airflow/example_dags/example_branch_day_of_week_operator.py for tasks to queue
[2023-02-10T01:53:59.330+0000] {logging_mixin.py:137} INFO - [2023-02-10T01:53:59.330+0000] {dagbag.py:538} INFO - Filling up the DagBag from /home/airflow/.local/lib/python3.7/site-packages/airflow/example_dags/example_branch_day_of_week_operator.py
[2023-02-10T01:53:59.394+0000] {processor.py:753} INFO - DAG(s) dict_keys(['example_weekday_branch_operator']) retrieved from /home/airflow/.local/lib/python3.7/site-packages/airflow/example_dags/example_branch_day_of_week_operator.py
[2023-02-10T01:53:59.455+0000] {logging_mixin.py:137} INFO - [2023-02-10T01:53:59.455+0000] {dag.py:2690} INFO - Sync 1 DAGs
[2023-02-10T01:53:59.524+0000] {logging_mixin.py:137} INFO - [2023-02-10T01:53:59.523+0000] {dag.py:3441} INFO - Setting next_dagrun for example_weekday_branch_operator to 2023-02-09T00:00:00+00:00, run_after=2023-02-10T00:00:00+00:00
[2023-02-10T01:53:59.569+0000] {processor.py:175} INFO - Processing /home/airflow/.local/lib/python3.7/site-packages/airflow/example_dags/example_branch_day_of_week_operator.py took 0.269 seconds
[2023-02-10T01:54:29.678+0000] {processor.py:153} INFO - Started process (PID=573) to work on /home/airflow/.local/lib/python3.7/site-packages/airflow/example_dags/example_branch_day_of_week_operator.py
[2023-02-10T01:54:29.683+0000] {processor.py:743} INFO - Processing file /home/airflow/.local/lib/python3.7/site-packages/airflow/example_dags/example_branch_day_of_week_operator.py for tasks to queue
[2023-02-10T01:54:29.689+0000] {logging_mixin.py:137} INFO - [2023-02-10T01:54:29.688+0000] {dagbag.py:538} INFO - Filling up the DagBag from /home/airflow/.local/lib/python3.7/site-packages/airflow/example_dags/example_branch_day_of_week_operator.py
[2023-02-10T01:54:29.729+0000] {processor.py:753} INFO - DAG(s) dict_keys(['example_weekday_branch_operator']) retrieved from /home/airflow/.local/lib/python3.7/site-packages/airflow/example_dags/example_branch_day_of_week_operator.py
[2023-02-10T01:54:29.791+0000] {logging_mixin.py:137} INFO - [2023-02-10T01:54:29.791+0000] {dag.py:2690} INFO - Sync 1 DAGs
[2023-02-10T01:54:29.851+0000] {logging_mixin.py:137} INFO - [2023-02-10T01:54:29.851+0000] {dag.py:3441} INFO - Setting next_dagrun for example_weekday_branch_operator to 2023-02-09T00:00:00+00:00, run_after=2023-02-10T00:00:00+00:00
[2023-02-10T01:54:29.898+0000] {processor.py:175} INFO - Processing /home/airflow/.local/lib/python3.7/site-packages/airflow/example_dags/example_branch_day_of_week_operator.py took 0.227 seconds
[2023-02-10T01:55:01.344+0000] {processor.py:153} INFO - Started process (PID=631) to work on /home/airflow/.local/lib/python3.7/site-packages/airflow/example_dags/example_branch_day_of_week_operator.py
[2023-02-10T01:55:01.360+0000] {processor.py:743} INFO - Processing file /home/airflow/.local/lib/python3.7/site-packages/airflow/example_dags/example_branch_day_of_week_operator.py for tasks to queue
[2023-02-10T01:55:01.378+0000] {logging_mixin.py:137} INFO - [2023-02-10T01:55:01.378+0000] {dagbag.py:538} INFO - Filling up the DagBag from /home/airflow/.local/lib/python3.7/site-packages/airflow/example_dags/example_branch_day_of_week_operator.py
[2023-02-10T01:55:01.512+0000] {processor.py:753} INFO - DAG(s) dict_keys(['example_weekday_branch_operator']) retrieved from /home/airflow/.local/lib/python3.7/site-packages/airflow/example_dags/example_branch_day_of_week_operator.py
[2023-02-10T01:55:01.636+0000] {logging_mixin.py:137} INFO - [2023-02-10T01:55:01.636+0000] {dag.py:2690} INFO - Sync 1 DAGs
[2023-02-10T01:55:01.843+0000] {logging_mixin.py:137} INFO - [2023-02-10T01:55:01.835+0000] {dag.py:3441} INFO - Setting next_dagrun for example_weekday_branch_operator to 2023-02-09T00:00:00+00:00, run_after=2023-02-10T00:00:00+00:00
[2023-02-10T01:55:02.071+0000] {processor.py:175} INFO - Processing /home/airflow/.local/lib/python3.7/site-packages/airflow/example_dags/example_branch_day_of_week_operator.py took 0.759 seconds
[2023-02-10T01:55:33.099+0000] {processor.py:153} INFO - Started process (PID=688) to work on /home/airflow/.local/lib/python3.7/site-packages/airflow/example_dags/example_branch_day_of_week_operator.py
[2023-02-10T01:55:33.129+0000] {processor.py:743} INFO - Processing file /home/airflow/.local/lib/python3.7/site-packages/airflow/example_dags/example_branch_day_of_week_operator.py for tasks to queue
[2023-02-10T01:55:33.192+0000] {logging_mixin.py:137} INFO - [2023-02-10T01:55:33.143+0000] {dagbag.py:538} INFO - Filling up the DagBag from /home/airflow/.local/lib/python3.7/site-packages/airflow/example_dags/example_branch_day_of_week_operator.py
[2023-02-10T01:55:33.315+0000] {processor.py:753} INFO - DAG(s) dict_keys(['example_weekday_branch_operator']) retrieved from /home/airflow/.local/lib/python3.7/site-packages/airflow/example_dags/example_branch_day_of_week_operator.py
[2023-02-10T01:55:33.518+0000] {logging_mixin.py:137} INFO - [2023-02-10T01:55:33.517+0000] {dag.py:2690} INFO - Sync 1 DAGs
[2023-02-10T01:55:33.657+0000] {logging_mixin.py:137} INFO - [2023-02-10T01:55:33.657+0000] {dag.py:3441} INFO - Setting next_dagrun for example_weekday_branch_operator to 2023-02-09T00:00:00+00:00, run_after=2023-02-10T00:00:00+00:00
[2023-02-10T01:55:33.722+0000] {processor.py:175} INFO - Processing /home/airflow/.local/lib/python3.7/site-packages/airflow/example_dags/example_branch_day_of_week_operator.py took 0.656 seconds
[2023-02-10T01:56:04.044+0000] {processor.py:153} INFO - Started process (PID=738) to work on /home/airflow/.local/lib/python3.7/site-packages/airflow/example_dags/example_branch_day_of_week_operator.py
[2023-02-10T01:56:04.048+0000] {processor.py:743} INFO - Processing file /home/airflow/.local/lib/python3.7/site-packages/airflow/example_dags/example_branch_day_of_week_operator.py for tasks to queue
[2023-02-10T01:56:04.053+0000] {logging_mixin.py:137} INFO - [2023-02-10T01:56:04.053+0000] {dagbag.py:538} INFO - Filling up the DagBag from /home/airflow/.local/lib/python3.7/site-packages/airflow/example_dags/example_branch_day_of_week_operator.py
[2023-02-10T01:56:04.106+0000] {processor.py:753} INFO - DAG(s) dict_keys(['example_weekday_branch_operator']) retrieved from /home/airflow/.local/lib/python3.7/site-packages/airflow/example_dags/example_branch_day_of_week_operator.py
[2023-02-10T01:56:04.203+0000] {logging_mixin.py:137} INFO - [2023-02-10T01:56:04.203+0000] {dag.py:2690} INFO - Sync 1 DAGs
[2023-02-10T01:56:04.288+0000] {logging_mixin.py:137} INFO - [2023-02-10T01:56:04.287+0000] {dag.py:3441} INFO - Setting next_dagrun for example_weekday_branch_operator to 2023-02-09T00:00:00+00:00, run_after=2023-02-10T00:00:00+00:00
[2023-02-10T01:56:04.361+0000] {processor.py:175} INFO - Processing /home/airflow/.local/lib/python3.7/site-packages/airflow/example_dags/example_branch_day_of_week_operator.py took 0.334 seconds
[2023-02-10T01:56:34.515+0000] {processor.py:153} INFO - Started process (PID=797) to work on /home/airflow/.local/lib/python3.7/site-packages/airflow/example_dags/example_branch_day_of_week_operator.py
[2023-02-10T01:56:34.520+0000] {processor.py:743} INFO - Processing file /home/airflow/.local/lib/python3.7/site-packages/airflow/example_dags/example_branch_day_of_week_operator.py for tasks to queue
[2023-02-10T01:56:34.528+0000] {logging_mixin.py:137} INFO - [2023-02-10T01:56:34.527+0000] {dagbag.py:538} INFO - Filling up the DagBag from /home/airflow/.local/lib/python3.7/site-packages/airflow/example_dags/example_branch_day_of_week_operator.py
[2023-02-10T01:56:34.680+0000] {processor.py:753} INFO - DAG(s) dict_keys(['example_weekday_branch_operator']) retrieved from /home/airflow/.local/lib/python3.7/site-packages/airflow/example_dags/example_branch_day_of_week_operator.py
[2023-02-10T01:56:34.809+0000] {logging_mixin.py:137} INFO - [2023-02-10T01:56:34.809+0000] {dag.py:2690} INFO - Sync 1 DAGs
[2023-02-10T01:56:34.998+0000] {logging_mixin.py:137} INFO - [2023-02-10T01:56:34.993+0000] {dag.py:3441} INFO - Setting next_dagrun for example_weekday_branch_operator to 2023-02-09T00:00:00+00:00, run_after=2023-02-10T00:00:00+00:00
[2023-02-10T01:56:35.100+0000] {processor.py:175} INFO - Processing /home/airflow/.local/lib/python3.7/site-packages/airflow/example_dags/example_branch_day_of_week_operator.py took 0.605 seconds
[2023-02-10T01:57:06.305+0000] {processor.py:153} INFO - Started process (PID=854) to work on /home/airflow/.local/lib/python3.7/site-packages/airflow/example_dags/example_branch_day_of_week_operator.py
[2023-02-10T01:57:06.317+0000] {processor.py:743} INFO - Processing file /home/airflow/.local/lib/python3.7/site-packages/airflow/example_dags/example_branch_day_of_week_operator.py for tasks to queue
[2023-02-10T01:57:06.328+0000] {logging_mixin.py:137} INFO - [2023-02-10T01:57:06.326+0000] {dagbag.py:538} INFO - Filling up the DagBag from /home/airflow/.local/lib/python3.7/site-packages/airflow/example_dags/example_branch_day_of_week_operator.py
[2023-02-10T01:57:06.505+0000] {processor.py:753} INFO - DAG(s) dict_keys(['example_weekday_branch_operator']) retrieved from /home/airflow/.local/lib/python3.7/site-packages/airflow/example_dags/example_branch_day_of_week_operator.py
[2023-02-10T01:57:06.708+0000] {logging_mixin.py:137} INFO - [2023-02-10T01:57:06.708+0000] {dag.py:2690} INFO - Sync 1 DAGs
[2023-02-10T01:57:07.122+0000] {logging_mixin.py:137} INFO - [2023-02-10T01:57:07.116+0000] {dag.py:3441} INFO - Setting next_dagrun for example_weekday_branch_operator to 2023-02-09T00:00:00+00:00, run_after=2023-02-10T00:00:00+00:00
[2023-02-10T01:57:07.340+0000] {processor.py:175} INFO - Processing /home/airflow/.local/lib/python3.7/site-packages/airflow/example_dags/example_branch_day_of_week_operator.py took 1.090 seconds
[2023-02-10T01:57:44.093+0000] {processor.py:153} INFO - Started process (PID=898) to work on /home/airflow/.local/lib/python3.7/site-packages/airflow/example_dags/example_branch_day_of_week_operator.py
[2023-02-10T01:57:44.124+0000] {processor.py:743} INFO - Processing file /home/airflow/.local/lib/python3.7/site-packages/airflow/example_dags/example_branch_day_of_week_operator.py for tasks to queue
[2023-02-10T01:57:44.131+0000] {logging_mixin.py:137} INFO - [2023-02-10T01:57:44.130+0000] {dagbag.py:538} INFO - Filling up the DagBag from /home/airflow/.local/lib/python3.7/site-packages/airflow/example_dags/example_branch_day_of_week_operator.py
[2023-02-10T01:57:44.660+0000] {processor.py:753} INFO - DAG(s) dict_keys(['example_weekday_branch_operator']) retrieved from /home/airflow/.local/lib/python3.7/site-packages/airflow/example_dags/example_branch_day_of_week_operator.py
[2023-02-10T01:57:45.803+0000] {logging_mixin.py:137} INFO - [2023-02-10T01:57:45.802+0000] {dag.py:2690} INFO - Sync 1 DAGs
[2023-02-10T01:57:46.827+0000] {logging_mixin.py:137} INFO - [2023-02-10T01:57:46.827+0000] {dag.py:3441} INFO - Setting next_dagrun for example_weekday_branch_operator to 2023-02-09T00:00:00+00:00, run_after=2023-02-10T00:00:00+00:00
[2023-02-10T01:57:47.370+0000] {processor.py:175} INFO - Processing /home/airflow/.local/lib/python3.7/site-packages/airflow/example_dags/example_branch_day_of_week_operator.py took 3.303 seconds
[2023-02-10T01:58:17.728+0000] {processor.py:153} INFO - Started process (PID=949) to work on /home/airflow/.local/lib/python3.7/site-packages/airflow/example_dags/example_branch_day_of_week_operator.py
[2023-02-10T01:58:17.733+0000] {processor.py:743} INFO - Processing file /home/airflow/.local/lib/python3.7/site-packages/airflow/example_dags/example_branch_day_of_week_operator.py for tasks to queue
[2023-02-10T01:58:17.739+0000] {logging_mixin.py:137} INFO - [2023-02-10T01:58:17.738+0000] {dagbag.py:538} INFO - Filling up the DagBag from /home/airflow/.local/lib/python3.7/site-packages/airflow/example_dags/example_branch_day_of_week_operator.py
[2023-02-10T01:58:17.806+0000] {processor.py:753} INFO - DAG(s) dict_keys(['example_weekday_branch_operator']) retrieved from /home/airflow/.local/lib/python3.7/site-packages/airflow/example_dags/example_branch_day_of_week_operator.py
[2023-02-10T01:58:17.884+0000] {logging_mixin.py:137} INFO - [2023-02-10T01:58:17.884+0000] {dag.py:2690} INFO - Sync 1 DAGs
[2023-02-10T01:58:17.955+0000] {logging_mixin.py:137} INFO - [2023-02-10T01:58:17.955+0000] {dag.py:3441} INFO - Setting next_dagrun for example_weekday_branch_operator to 2023-02-09T00:00:00+00:00, run_after=2023-02-10T00:00:00+00:00
[2023-02-10T01:58:18.012+0000] {processor.py:175} INFO - Processing /home/airflow/.local/lib/python3.7/site-packages/airflow/example_dags/example_branch_day_of_week_operator.py took 0.294 seconds
[2023-02-10T01:58:57.090+0000] {processor.py:153} INFO - Started process (PID=1006) to work on /home/airflow/.local/lib/python3.7/site-packages/airflow/example_dags/example_branch_day_of_week_operator.py
[2023-02-10T01:58:57.096+0000] {processor.py:743} INFO - Processing file /home/airflow/.local/lib/python3.7/site-packages/airflow/example_dags/example_branch_day_of_week_operator.py for tasks to queue
[2023-02-10T01:58:57.109+0000] {logging_mixin.py:137} INFO - [2023-02-10T01:58:57.108+0000] {dagbag.py:538} INFO - Filling up the DagBag from /home/airflow/.local/lib/python3.7/site-packages/airflow/example_dags/example_branch_day_of_week_operator.py
[2023-02-10T01:58:57.195+0000] {processor.py:753} INFO - DAG(s) dict_keys(['example_weekday_branch_operator']) retrieved from /home/airflow/.local/lib/python3.7/site-packages/airflow/example_dags/example_branch_day_of_week_operator.py
[2023-02-10T01:58:57.277+0000] {logging_mixin.py:137} INFO - [2023-02-10T01:58:57.277+0000] {dag.py:2690} INFO - Sync 1 DAGs
[2023-02-10T01:58:57.377+0000] {logging_mixin.py:137} INFO - [2023-02-10T01:58:57.377+0000] {dag.py:3441} INFO - Setting next_dagrun for example_weekday_branch_operator to 2023-02-09T00:00:00+00:00, run_after=2023-02-10T00:00:00+00:00
[2023-02-10T01:58:57.441+0000] {processor.py:175} INFO - Processing /home/airflow/.local/lib/python3.7/site-packages/airflow/example_dags/example_branch_day_of_week_operator.py took 0.363 seconds
[2023-02-10T01:59:31.455+0000] {processor.py:153} INFO - Started process (PID=1060) to work on /home/airflow/.local/lib/python3.7/site-packages/airflow/example_dags/example_branch_day_of_week_operator.py
[2023-02-10T01:59:31.476+0000] {processor.py:743} INFO - Processing file /home/airflow/.local/lib/python3.7/site-packages/airflow/example_dags/example_branch_day_of_week_operator.py for tasks to queue
[2023-02-10T01:59:31.491+0000] {logging_mixin.py:137} INFO - [2023-02-10T01:59:31.490+0000] {dagbag.py:538} INFO - Filling up the DagBag from /home/airflow/.local/lib/python3.7/site-packages/airflow/example_dags/example_branch_day_of_week_operator.py
[2023-02-10T01:59:31.777+0000] {processor.py:753} INFO - DAG(s) dict_keys(['example_weekday_branch_operator']) retrieved from /home/airflow/.local/lib/python3.7/site-packages/airflow/example_dags/example_branch_day_of_week_operator.py
[2023-02-10T01:59:32.438+0000] {logging_mixin.py:137} INFO - [2023-02-10T01:59:32.438+0000] {dag.py:2690} INFO - Sync 1 DAGs
[2023-02-10T01:59:33.143+0000] {logging_mixin.py:137} INFO - [2023-02-10T01:59:33.143+0000] {dag.py:3441} INFO - Setting next_dagrun for example_weekday_branch_operator to 2023-02-09T00:00:00+00:00, run_after=2023-02-10T00:00:00+00:00
[2023-02-10T01:59:33.521+0000] {processor.py:175} INFO - Processing /home/airflow/.local/lib/python3.7/site-packages/airflow/example_dags/example_branch_day_of_week_operator.py took 2.129 seconds
[2023-02-10T02:00:16.455+0000] {processor.py:153} INFO - Started process (PID=1114) to work on /home/airflow/.local/lib/python3.7/site-packages/airflow/example_dags/example_branch_day_of_week_operator.py
[2023-02-10T02:00:16.460+0000] {processor.py:743} INFO - Processing file /home/airflow/.local/lib/python3.7/site-packages/airflow/example_dags/example_branch_day_of_week_operator.py for tasks to queue
[2023-02-10T02:00:16.464+0000] {logging_mixin.py:137} INFO - [2023-02-10T02:00:16.464+0000] {dagbag.py:538} INFO - Filling up the DagBag from /home/airflow/.local/lib/python3.7/site-packages/airflow/example_dags/example_branch_day_of_week_operator.py
[2023-02-10T02:00:16.546+0000] {processor.py:753} INFO - DAG(s) dict_keys(['example_weekday_branch_operator']) retrieved from /home/airflow/.local/lib/python3.7/site-packages/airflow/example_dags/example_branch_day_of_week_operator.py
[2023-02-10T02:00:16.674+0000] {logging_mixin.py:137} INFO - [2023-02-10T02:00:16.671+0000] {dag.py:2690} INFO - Sync 1 DAGs
[2023-02-10T02:00:16.826+0000] {logging_mixin.py:137} INFO - [2023-02-10T02:00:16.825+0000] {dag.py:3441} INFO - Setting next_dagrun for example_weekday_branch_operator to 2023-02-09T00:00:00+00:00, run_after=2023-02-10T00:00:00+00:00
[2023-02-10T02:00:16.957+0000] {processor.py:175} INFO - Processing /home/airflow/.local/lib/python3.7/site-packages/airflow/example_dags/example_branch_day_of_week_operator.py took 0.514 seconds
[2023-02-10T02:00:48.090+0000] {processor.py:153} INFO - Started process (PID=1170) to work on /home/airflow/.local/lib/python3.7/site-packages/airflow/example_dags/example_branch_day_of_week_operator.py
[2023-02-10T02:00:48.098+0000] {processor.py:743} INFO - Processing file /home/airflow/.local/lib/python3.7/site-packages/airflow/example_dags/example_branch_day_of_week_operator.py for tasks to queue
[2023-02-10T02:00:48.127+0000] {logging_mixin.py:137} INFO - [2023-02-10T02:00:48.126+0000] {dagbag.py:538} INFO - Filling up the DagBag from /home/airflow/.local/lib/python3.7/site-packages/airflow/example_dags/example_branch_day_of_week_operator.py
[2023-02-10T02:00:48.356+0000] {processor.py:753} INFO - DAG(s) dict_keys(['example_weekday_branch_operator']) retrieved from /home/airflow/.local/lib/python3.7/site-packages/airflow/example_dags/example_branch_day_of_week_operator.py
[2023-02-10T02:00:48.649+0000] {logging_mixin.py:137} INFO - [2023-02-10T02:00:48.648+0000] {dag.py:2690} INFO - Sync 1 DAGs
[2023-02-10T02:00:49.228+0000] {logging_mixin.py:137} INFO - [2023-02-10T02:00:49.228+0000] {dag.py:3441} INFO - Setting next_dagrun for example_weekday_branch_operator to 2023-02-09T00:00:00+00:00, run_after=2023-02-10T00:00:00+00:00
[2023-02-10T02:00:49.476+0000] {processor.py:175} INFO - Processing /home/airflow/.local/lib/python3.7/site-packages/airflow/example_dags/example_branch_day_of_week_operator.py took 1.421 seconds
[2023-02-10T02:01:20.500+0000] {processor.py:153} INFO - Started process (PID=1217) to work on /home/airflow/.local/lib/python3.7/site-packages/airflow/example_dags/example_branch_day_of_week_operator.py
[2023-02-10T02:01:20.532+0000] {processor.py:743} INFO - Processing file /home/airflow/.local/lib/python3.7/site-packages/airflow/example_dags/example_branch_day_of_week_operator.py for tasks to queue
[2023-02-10T02:01:20.553+0000] {logging_mixin.py:137} INFO - [2023-02-10T02:01:20.552+0000] {dagbag.py:538} INFO - Filling up the DagBag from /home/airflow/.local/lib/python3.7/site-packages/airflow/example_dags/example_branch_day_of_week_operator.py
[2023-02-10T02:01:20.920+0000] {processor.py:753} INFO - DAG(s) dict_keys(['example_weekday_branch_operator']) retrieved from /home/airflow/.local/lib/python3.7/site-packages/airflow/example_dags/example_branch_day_of_week_operator.py
[2023-02-10T02:01:21.241+0000] {logging_mixin.py:137} INFO - [2023-02-10T02:01:21.241+0000] {dag.py:2690} INFO - Sync 1 DAGs
[2023-02-10T02:01:21.720+0000] {logging_mixin.py:137} INFO - [2023-02-10T02:01:21.720+0000] {dag.py:3441} INFO - Setting next_dagrun for example_weekday_branch_operator to 2023-02-09T00:00:00+00:00, run_after=2023-02-10T00:00:00+00:00
[2023-02-10T02:01:22.049+0000] {processor.py:175} INFO - Processing /home/airflow/.local/lib/python3.7/site-packages/airflow/example_dags/example_branch_day_of_week_operator.py took 1.636 seconds
[2023-02-10T02:01:58.825+0000] {processor.py:153} INFO - Started process (PID=1273) to work on /home/airflow/.local/lib/python3.7/site-packages/airflow/example_dags/example_branch_day_of_week_operator.py
[2023-02-10T02:01:58.835+0000] {processor.py:743} INFO - Processing file /home/airflow/.local/lib/python3.7/site-packages/airflow/example_dags/example_branch_day_of_week_operator.py for tasks to queue
[2023-02-10T02:01:58.845+0000] {logging_mixin.py:137} INFO - [2023-02-10T02:01:58.844+0000] {dagbag.py:538} INFO - Filling up the DagBag from /home/airflow/.local/lib/python3.7/site-packages/airflow/example_dags/example_branch_day_of_week_operator.py
[2023-02-10T02:01:58.939+0000] {processor.py:753} INFO - DAG(s) dict_keys(['example_weekday_branch_operator']) retrieved from /home/airflow/.local/lib/python3.7/site-packages/airflow/example_dags/example_branch_day_of_week_operator.py
[2023-02-10T02:01:59.053+0000] {logging_mixin.py:137} INFO - [2023-02-10T02:01:59.053+0000] {dag.py:2690} INFO - Sync 1 DAGs
[2023-02-10T02:01:59.190+0000] {logging_mixin.py:137} INFO - [2023-02-10T02:01:59.190+0000] {dag.py:3441} INFO - Setting next_dagrun for example_weekday_branch_operator to 2023-02-09T00:00:00+00:00, run_after=2023-02-10T00:00:00+00:00
[2023-02-10T02:01:59.359+0000] {processor.py:175} INFO - Processing /home/airflow/.local/lib/python3.7/site-packages/airflow/example_dags/example_branch_day_of_week_operator.py took 0.560 seconds
[2023-02-10T02:02:30.306+0000] {processor.py:153} INFO - Started process (PID=1331) to work on /home/airflow/.local/lib/python3.7/site-packages/airflow/example_dags/example_branch_day_of_week_operator.py
[2023-02-10T02:02:30.331+0000] {processor.py:743} INFO - Processing file /home/airflow/.local/lib/python3.7/site-packages/airflow/example_dags/example_branch_day_of_week_operator.py for tasks to queue
[2023-02-10T02:02:30.336+0000] {logging_mixin.py:137} INFO - [2023-02-10T02:02:30.336+0000] {dagbag.py:538} INFO - Filling up the DagBag from /home/airflow/.local/lib/python3.7/site-packages/airflow/example_dags/example_branch_day_of_week_operator.py
[2023-02-10T02:02:30.593+0000] {processor.py:753} INFO - DAG(s) dict_keys(['example_weekday_branch_operator']) retrieved from /home/airflow/.local/lib/python3.7/site-packages/airflow/example_dags/example_branch_day_of_week_operator.py
[2023-02-10T02:02:30.854+0000] {logging_mixin.py:137} INFO - [2023-02-10T02:02:30.854+0000] {dag.py:2690} INFO - Sync 1 DAGs
[2023-02-10T02:02:31.003+0000] {logging_mixin.py:137} INFO - [2023-02-10T02:02:31.002+0000] {dag.py:3441} INFO - Setting next_dagrun for example_weekday_branch_operator to 2023-02-09T00:00:00+00:00, run_after=2023-02-10T00:00:00+00:00
[2023-02-10T02:02:31.134+0000] {processor.py:175} INFO - Processing /home/airflow/.local/lib/python3.7/site-packages/airflow/example_dags/example_branch_day_of_week_operator.py took 0.855 seconds
[2023-02-10T02:03:02.132+0000] {processor.py:153} INFO - Started process (PID=1390) to work on /home/airflow/.local/lib/python3.7/site-packages/airflow/example_dags/example_branch_day_of_week_operator.py
[2023-02-10T02:03:02.136+0000] {processor.py:743} INFO - Processing file /home/airflow/.local/lib/python3.7/site-packages/airflow/example_dags/example_branch_day_of_week_operator.py for tasks to queue
[2023-02-10T02:03:02.145+0000] {logging_mixin.py:137} INFO - [2023-02-10T02:03:02.144+0000] {dagbag.py:538} INFO - Filling up the DagBag from /home/airflow/.local/lib/python3.7/site-packages/airflow/example_dags/example_branch_day_of_week_operator.py
[2023-02-10T02:03:02.191+0000] {processor.py:753} INFO - DAG(s) dict_keys(['example_weekday_branch_operator']) retrieved from /home/airflow/.local/lib/python3.7/site-packages/airflow/example_dags/example_branch_day_of_week_operator.py
[2023-02-10T02:03:02.296+0000] {logging_mixin.py:137} INFO - [2023-02-10T02:03:02.295+0000] {dag.py:2690} INFO - Sync 1 DAGs
[2023-02-10T02:03:02.437+0000] {logging_mixin.py:137} INFO - [2023-02-10T02:03:02.437+0000] {dag.py:3441} INFO - Setting next_dagrun for example_weekday_branch_operator to 2023-02-09T00:00:00+00:00, run_after=2023-02-10T00:00:00+00:00
[2023-02-10T02:03:02.541+0000] {processor.py:175} INFO - Processing /home/airflow/.local/lib/python3.7/site-packages/airflow/example_dags/example_branch_day_of_week_operator.py took 0.418 seconds
[2023-02-10T02:03:32.993+0000] {processor.py:153} INFO - Started process (PID=1450) to work on /home/airflow/.local/lib/python3.7/site-packages/airflow/example_dags/example_branch_day_of_week_operator.py
[2023-02-10T02:03:32.998+0000] {processor.py:743} INFO - Processing file /home/airflow/.local/lib/python3.7/site-packages/airflow/example_dags/example_branch_day_of_week_operator.py for tasks to queue
[2023-02-10T02:03:33.004+0000] {logging_mixin.py:137} INFO - [2023-02-10T02:03:33.004+0000] {dagbag.py:538} INFO - Filling up the DagBag from /home/airflow/.local/lib/python3.7/site-packages/airflow/example_dags/example_branch_day_of_week_operator.py
[2023-02-10T02:03:33.053+0000] {processor.py:753} INFO - DAG(s) dict_keys(['example_weekday_branch_operator']) retrieved from /home/airflow/.local/lib/python3.7/site-packages/airflow/example_dags/example_branch_day_of_week_operator.py
[2023-02-10T02:03:33.115+0000] {logging_mixin.py:137} INFO - [2023-02-10T02:03:33.115+0000] {dag.py:2690} INFO - Sync 1 DAGs
[2023-02-10T02:03:33.180+0000] {logging_mixin.py:137} INFO - [2023-02-10T02:03:33.180+0000] {dag.py:3441} INFO - Setting next_dagrun for example_weekday_branch_operator to 2023-02-09T00:00:00+00:00, run_after=2023-02-10T00:00:00+00:00
[2023-02-10T02:03:33.230+0000] {processor.py:175} INFO - Processing /home/airflow/.local/lib/python3.7/site-packages/airflow/example_dags/example_branch_day_of_week_operator.py took 0.254 seconds
[2023-02-10T02:04:03.425+0000] {processor.py:153} INFO - Started process (PID=1509) to work on /home/airflow/.local/lib/python3.7/site-packages/airflow/example_dags/example_branch_day_of_week_operator.py
[2023-02-10T02:04:03.432+0000] {processor.py:743} INFO - Processing file /home/airflow/.local/lib/python3.7/site-packages/airflow/example_dags/example_branch_day_of_week_operator.py for tasks to queue
[2023-02-10T02:04:03.439+0000] {logging_mixin.py:137} INFO - [2023-02-10T02:04:03.438+0000] {dagbag.py:538} INFO - Filling up the DagBag from /home/airflow/.local/lib/python3.7/site-packages/airflow/example_dags/example_branch_day_of_week_operator.py
[2023-02-10T02:04:03.480+0000] {processor.py:753} INFO - DAG(s) dict_keys(['example_weekday_branch_operator']) retrieved from /home/airflow/.local/lib/python3.7/site-packages/airflow/example_dags/example_branch_day_of_week_operator.py
[2023-02-10T02:04:03.625+0000] {logging_mixin.py:137} INFO - [2023-02-10T02:04:03.625+0000] {dag.py:2690} INFO - Sync 1 DAGs
[2023-02-10T02:04:03.771+0000] {logging_mixin.py:137} INFO - [2023-02-10T02:04:03.771+0000] {dag.py:3441} INFO - Setting next_dagrun for example_weekday_branch_operator to 2023-02-09T00:00:00+00:00, run_after=2023-02-10T00:00:00+00:00
[2023-02-10T02:04:03.876+0000] {processor.py:175} INFO - Processing /home/airflow/.local/lib/python3.7/site-packages/airflow/example_dags/example_branch_day_of_week_operator.py took 0.480 seconds
[2023-02-10T02:04:34.096+0000] {processor.py:153} INFO - Started process (PID=1566) to work on /home/airflow/.local/lib/python3.7/site-packages/airflow/example_dags/example_branch_day_of_week_operator.py
[2023-02-10T02:04:34.100+0000] {processor.py:743} INFO - Processing file /home/airflow/.local/lib/python3.7/site-packages/airflow/example_dags/example_branch_day_of_week_operator.py for tasks to queue
[2023-02-10T02:04:34.104+0000] {logging_mixin.py:137} INFO - [2023-02-10T02:04:34.104+0000] {dagbag.py:538} INFO - Filling up the DagBag from /home/airflow/.local/lib/python3.7/site-packages/airflow/example_dags/example_branch_day_of_week_operator.py
[2023-02-10T02:04:34.236+0000] {processor.py:753} INFO - DAG(s) dict_keys(['example_weekday_branch_operator']) retrieved from /home/airflow/.local/lib/python3.7/site-packages/airflow/example_dags/example_branch_day_of_week_operator.py
[2023-02-10T02:04:34.354+0000] {logging_mixin.py:137} INFO - [2023-02-10T02:04:34.353+0000] {dag.py:2690} INFO - Sync 1 DAGs
[2023-02-10T02:04:34.473+0000] {logging_mixin.py:137} INFO - [2023-02-10T02:04:34.472+0000] {dag.py:3441} INFO - Setting next_dagrun for example_weekday_branch_operator to 2023-02-09T00:00:00+00:00, run_after=2023-02-10T00:00:00+00:00
[2023-02-10T02:04:34.519+0000] {processor.py:175} INFO - Processing /home/airflow/.local/lib/python3.7/site-packages/airflow/example_dags/example_branch_day_of_week_operator.py took 0.436 seconds
[2023-02-10T02:05:05.260+0000] {processor.py:153} INFO - Started process (PID=1622) to work on /home/airflow/.local/lib/python3.7/site-packages/airflow/example_dags/example_branch_day_of_week_operator.py
[2023-02-10T02:05:05.270+0000] {processor.py:743} INFO - Processing file /home/airflow/.local/lib/python3.7/site-packages/airflow/example_dags/example_branch_day_of_week_operator.py for tasks to queue
[2023-02-10T02:05:05.282+0000] {logging_mixin.py:137} INFO - [2023-02-10T02:05:05.280+0000] {dagbag.py:538} INFO - Filling up the DagBag from /home/airflow/.local/lib/python3.7/site-packages/airflow/example_dags/example_branch_day_of_week_operator.py
[2023-02-10T02:05:05.332+0000] {processor.py:753} INFO - DAG(s) dict_keys(['example_weekday_branch_operator']) retrieved from /home/airflow/.local/lib/python3.7/site-packages/airflow/example_dags/example_branch_day_of_week_operator.py
[2023-02-10T02:05:05.425+0000] {logging_mixin.py:137} INFO - [2023-02-10T02:05:05.425+0000] {dag.py:2690} INFO - Sync 1 DAGs
[2023-02-10T02:05:05.528+0000] {logging_mixin.py:137} INFO - [2023-02-10T02:05:05.528+0000] {dag.py:3441} INFO - Setting next_dagrun for example_weekday_branch_operator to 2023-02-09T00:00:00+00:00, run_after=2023-02-10T00:00:00+00:00
[2023-02-10T02:05:05.641+0000] {processor.py:175} INFO - Processing /home/airflow/.local/lib/python3.7/site-packages/airflow/example_dags/example_branch_day_of_week_operator.py took 0.410 seconds
[2023-02-10T02:05:35.983+0000] {processor.py:153} INFO - Started process (PID=1672) to work on /home/airflow/.local/lib/python3.7/site-packages/airflow/example_dags/example_branch_day_of_week_operator.py
[2023-02-10T02:05:35.992+0000] {processor.py:743} INFO - Processing file /home/airflow/.local/lib/python3.7/site-packages/airflow/example_dags/example_branch_day_of_week_operator.py for tasks to queue
[2023-02-10T02:05:35.996+0000] {logging_mixin.py:137} INFO - [2023-02-10T02:05:35.995+0000] {dagbag.py:538} INFO - Filling up the DagBag from /home/airflow/.local/lib/python3.7/site-packages/airflow/example_dags/example_branch_day_of_week_operator.py
[2023-02-10T02:05:36.080+0000] {processor.py:753} INFO - DAG(s) dict_keys(['example_weekday_branch_operator']) retrieved from /home/airflow/.local/lib/python3.7/site-packages/airflow/example_dags/example_branch_day_of_week_operator.py
[2023-02-10T02:05:36.135+0000] {logging_mixin.py:137} INFO - [2023-02-10T02:05:36.135+0000] {dag.py:2690} INFO - Sync 1 DAGs
[2023-02-10T02:05:36.188+0000] {logging_mixin.py:137} INFO - [2023-02-10T02:05:36.188+0000] {dag.py:3441} INFO - Setting next_dagrun for example_weekday_branch_operator to 2023-02-09T00:00:00+00:00, run_after=2023-02-10T00:00:00+00:00
[2023-02-10T02:05:36.233+0000] {processor.py:175} INFO - Processing /home/airflow/.local/lib/python3.7/site-packages/airflow/example_dags/example_branch_day_of_week_operator.py took 0.266 seconds
[2023-02-10T02:06:06.342+0000] {processor.py:153} INFO - Started process (PID=1727) to work on /home/airflow/.local/lib/python3.7/site-packages/airflow/example_dags/example_branch_day_of_week_operator.py
[2023-02-10T02:06:06.349+0000] {processor.py:743} INFO - Processing file /home/airflow/.local/lib/python3.7/site-packages/airflow/example_dags/example_branch_day_of_week_operator.py for tasks to queue
[2023-02-10T02:06:06.357+0000] {logging_mixin.py:137} INFO - [2023-02-10T02:06:06.356+0000] {dagbag.py:538} INFO - Filling up the DagBag from /home/airflow/.local/lib/python3.7/site-packages/airflow/example_dags/example_branch_day_of_week_operator.py
[2023-02-10T02:06:06.449+0000] {processor.py:753} INFO - DAG(s) dict_keys(['example_weekday_branch_operator']) retrieved from /home/airflow/.local/lib/python3.7/site-packages/airflow/example_dags/example_branch_day_of_week_operator.py
[2023-02-10T02:06:06.562+0000] {logging_mixin.py:137} INFO - [2023-02-10T02:06:06.561+0000] {dag.py:2690} INFO - Sync 1 DAGs
[2023-02-10T02:06:06.701+0000] {logging_mixin.py:137} INFO - [2023-02-10T02:06:06.701+0000] {dag.py:3441} INFO - Setting next_dagrun for example_weekday_branch_operator to 2023-02-09T00:00:00+00:00, run_after=2023-02-10T00:00:00+00:00
[2023-02-10T02:06:06.822+0000] {processor.py:175} INFO - Processing /home/airflow/.local/lib/python3.7/site-packages/airflow/example_dags/example_branch_day_of_week_operator.py took 0.496 seconds
[2023-02-10T02:06:37.160+0000] {processor.py:153} INFO - Started process (PID=1785) to work on /home/airflow/.local/lib/python3.7/site-packages/airflow/example_dags/example_branch_day_of_week_operator.py
[2023-02-10T02:06:37.176+0000] {processor.py:743} INFO - Processing file /home/airflow/.local/lib/python3.7/site-packages/airflow/example_dags/example_branch_day_of_week_operator.py for tasks to queue
[2023-02-10T02:06:37.186+0000] {logging_mixin.py:137} INFO - [2023-02-10T02:06:37.184+0000] {dagbag.py:538} INFO - Filling up the DagBag from /home/airflow/.local/lib/python3.7/site-packages/airflow/example_dags/example_branch_day_of_week_operator.py
[2023-02-10T02:06:37.329+0000] {processor.py:753} INFO - DAG(s) dict_keys(['example_weekday_branch_operator']) retrieved from /home/airflow/.local/lib/python3.7/site-packages/airflow/example_dags/example_branch_day_of_week_operator.py
[2023-02-10T02:06:37.497+0000] {logging_mixin.py:137} INFO - [2023-02-10T02:06:37.497+0000] {dag.py:2690} INFO - Sync 1 DAGs
[2023-02-10T02:06:37.660+0000] {logging_mixin.py:137} INFO - [2023-02-10T02:06:37.660+0000] {dag.py:3441} INFO - Setting next_dagrun for example_weekday_branch_operator to 2023-02-09T00:00:00+00:00, run_after=2023-02-10T00:00:00+00:00
[2023-02-10T02:06:37.774+0000] {processor.py:175} INFO - Processing /home/airflow/.local/lib/python3.7/site-packages/airflow/example_dags/example_branch_day_of_week_operator.py took 0.642 seconds
[2023-02-10T02:07:08.042+0000] {processor.py:153} INFO - Started process (PID=1843) to work on /home/airflow/.local/lib/python3.7/site-packages/airflow/example_dags/example_branch_day_of_week_operator.py
[2023-02-10T02:07:08.048+0000] {processor.py:743} INFO - Processing file /home/airflow/.local/lib/python3.7/site-packages/airflow/example_dags/example_branch_day_of_week_operator.py for tasks to queue
[2023-02-10T02:07:08.052+0000] {logging_mixin.py:137} INFO - [2023-02-10T02:07:08.052+0000] {dagbag.py:538} INFO - Filling up the DagBag from /home/airflow/.local/lib/python3.7/site-packages/airflow/example_dags/example_branch_day_of_week_operator.py
[2023-02-10T02:07:08.135+0000] {processor.py:753} INFO - DAG(s) dict_keys(['example_weekday_branch_operator']) retrieved from /home/airflow/.local/lib/python3.7/site-packages/airflow/example_dags/example_branch_day_of_week_operator.py
[2023-02-10T02:07:08.259+0000] {logging_mixin.py:137} INFO - [2023-02-10T02:07:08.259+0000] {dag.py:2690} INFO - Sync 1 DAGs
[2023-02-10T02:07:08.396+0000] {logging_mixin.py:137} INFO - [2023-02-10T02:07:08.396+0000] {dag.py:3441} INFO - Setting next_dagrun for example_weekday_branch_operator to 2023-02-09T00:00:00+00:00, run_after=2023-02-10T00:00:00+00:00
[2023-02-10T02:07:08.485+0000] {processor.py:175} INFO - Processing /home/airflow/.local/lib/python3.7/site-packages/airflow/example_dags/example_branch_day_of_week_operator.py took 0.456 seconds
[2023-02-10T02:07:38.667+0000] {processor.py:153} INFO - Started process (PID=1902) to work on /home/airflow/.local/lib/python3.7/site-packages/airflow/example_dags/example_branch_day_of_week_operator.py
[2023-02-10T02:07:38.674+0000] {processor.py:743} INFO - Processing file /home/airflow/.local/lib/python3.7/site-packages/airflow/example_dags/example_branch_day_of_week_operator.py for tasks to queue
[2023-02-10T02:07:38.677+0000] {logging_mixin.py:137} INFO - [2023-02-10T02:07:38.677+0000] {dagbag.py:538} INFO - Filling up the DagBag from /home/airflow/.local/lib/python3.7/site-packages/airflow/example_dags/example_branch_day_of_week_operator.py
[2023-02-10T02:07:38.766+0000] {processor.py:753} INFO - DAG(s) dict_keys(['example_weekday_branch_operator']) retrieved from /home/airflow/.local/lib/python3.7/site-packages/airflow/example_dags/example_branch_day_of_week_operator.py
[2023-02-10T02:07:38.890+0000] {logging_mixin.py:137} INFO - [2023-02-10T02:07:38.890+0000] {dag.py:2690} INFO - Sync 1 DAGs
[2023-02-10T02:07:38.955+0000] {logging_mixin.py:137} INFO - [2023-02-10T02:07:38.954+0000] {dag.py:3441} INFO - Setting next_dagrun for example_weekday_branch_operator to 2023-02-09T00:00:00+00:00, run_after=2023-02-10T00:00:00+00:00
[2023-02-10T02:07:39.003+0000] {processor.py:175} INFO - Processing /home/airflow/.local/lib/python3.7/site-packages/airflow/example_dags/example_branch_day_of_week_operator.py took 0.348 seconds
[2023-02-10T02:08:13.228+0000] {processor.py:153} INFO - Started process (PID=1960) to work on /home/airflow/.local/lib/python3.7/site-packages/airflow/example_dags/example_branch_day_of_week_operator.py
[2023-02-10T02:08:13.235+0000] {processor.py:743} INFO - Processing file /home/airflow/.local/lib/python3.7/site-packages/airflow/example_dags/example_branch_day_of_week_operator.py for tasks to queue
[2023-02-10T02:08:13.245+0000] {logging_mixin.py:137} INFO - [2023-02-10T02:08:13.243+0000] {dagbag.py:538} INFO - Filling up the DagBag from /home/airflow/.local/lib/python3.7/site-packages/airflow/example_dags/example_branch_day_of_week_operator.py
[2023-02-10T02:08:13.355+0000] {processor.py:753} INFO - DAG(s) dict_keys(['example_weekday_branch_operator']) retrieved from /home/airflow/.local/lib/python3.7/site-packages/airflow/example_dags/example_branch_day_of_week_operator.py
[2023-02-10T02:08:13.542+0000] {logging_mixin.py:137} INFO - [2023-02-10T02:08:13.538+0000] {dag.py:2690} INFO - Sync 1 DAGs
[2023-02-10T02:08:13.766+0000] {logging_mixin.py:137} INFO - [2023-02-10T02:08:13.766+0000] {dag.py:3441} INFO - Setting next_dagrun for example_weekday_branch_operator to 2023-02-09T00:00:00+00:00, run_after=2023-02-10T00:00:00+00:00
[2023-02-10T02:08:13.886+0000] {processor.py:175} INFO - Processing /home/airflow/.local/lib/python3.7/site-packages/airflow/example_dags/example_branch_day_of_week_operator.py took 0.673 seconds
[2023-02-10T02:08:44.904+0000] {processor.py:153} INFO - Started process (PID=2010) to work on /home/airflow/.local/lib/python3.7/site-packages/airflow/example_dags/example_branch_day_of_week_operator.py
[2023-02-10T02:08:44.926+0000] {processor.py:743} INFO - Processing file /home/airflow/.local/lib/python3.7/site-packages/airflow/example_dags/example_branch_day_of_week_operator.py for tasks to queue
[2023-02-10T02:08:44.939+0000] {logging_mixin.py:137} INFO - [2023-02-10T02:08:44.931+0000] {dagbag.py:538} INFO - Filling up the DagBag from /home/airflow/.local/lib/python3.7/site-packages/airflow/example_dags/example_branch_day_of_week_operator.py
[2023-02-10T02:08:45.079+0000] {processor.py:753} INFO - DAG(s) dict_keys(['example_weekday_branch_operator']) retrieved from /home/airflow/.local/lib/python3.7/site-packages/airflow/example_dags/example_branch_day_of_week_operator.py
[2023-02-10T02:08:45.399+0000] {logging_mixin.py:137} INFO - [2023-02-10T02:08:45.399+0000] {dag.py:2690} INFO - Sync 1 DAGs
[2023-02-10T02:08:45.572+0000] {logging_mixin.py:137} INFO - [2023-02-10T02:08:45.569+0000] {dag.py:3441} INFO - Setting next_dagrun for example_weekday_branch_operator to 2023-02-09T00:00:00+00:00, run_after=2023-02-10T00:00:00+00:00
[2023-02-10T02:08:45.643+0000] {processor.py:175} INFO - Processing /home/airflow/.local/lib/python3.7/site-packages/airflow/example_dags/example_branch_day_of_week_operator.py took 0.749 seconds
[2023-02-10T02:09:15.798+0000] {processor.py:153} INFO - Started process (PID=2068) to work on /home/airflow/.local/lib/python3.7/site-packages/airflow/example_dags/example_branch_day_of_week_operator.py
[2023-02-10T02:09:15.805+0000] {processor.py:743} INFO - Processing file /home/airflow/.local/lib/python3.7/site-packages/airflow/example_dags/example_branch_day_of_week_operator.py for tasks to queue
[2023-02-10T02:09:15.813+0000] {logging_mixin.py:137} INFO - [2023-02-10T02:09:15.812+0000] {dagbag.py:538} INFO - Filling up the DagBag from /home/airflow/.local/lib/python3.7/site-packages/airflow/example_dags/example_branch_day_of_week_operator.py
[2023-02-10T02:09:15.940+0000] {processor.py:753} INFO - DAG(s) dict_keys(['example_weekday_branch_operator']) retrieved from /home/airflow/.local/lib/python3.7/site-packages/airflow/example_dags/example_branch_day_of_week_operator.py
[2023-02-10T02:09:16.343+0000] {logging_mixin.py:137} INFO - [2023-02-10T02:09:16.337+0000] {dag.py:2690} INFO - Sync 1 DAGs
[2023-02-10T02:09:16.534+0000] {logging_mixin.py:137} INFO - [2023-02-10T02:09:16.533+0000] {dag.py:3441} INFO - Setting next_dagrun for example_weekday_branch_operator to 2023-02-09T00:00:00+00:00, run_after=2023-02-10T00:00:00+00:00
[2023-02-10T02:09:16.685+0000] {processor.py:175} INFO - Processing /home/airflow/.local/lib/python3.7/site-packages/airflow/example_dags/example_branch_day_of_week_operator.py took 0.896 seconds
[2023-02-10T02:09:47.652+0000] {processor.py:153} INFO - Started process (PID=2116) to work on /home/airflow/.local/lib/python3.7/site-packages/airflow/example_dags/example_branch_day_of_week_operator.py
[2023-02-10T02:09:47.680+0000] {processor.py:743} INFO - Processing file /home/airflow/.local/lib/python3.7/site-packages/airflow/example_dags/example_branch_day_of_week_operator.py for tasks to queue
[2023-02-10T02:09:47.691+0000] {logging_mixin.py:137} INFO - [2023-02-10T02:09:47.690+0000] {dagbag.py:538} INFO - Filling up the DagBag from /home/airflow/.local/lib/python3.7/site-packages/airflow/example_dags/example_branch_day_of_week_operator.py
[2023-02-10T02:09:47.819+0000] {processor.py:753} INFO - DAG(s) dict_keys(['example_weekday_branch_operator']) retrieved from /home/airflow/.local/lib/python3.7/site-packages/airflow/example_dags/example_branch_day_of_week_operator.py
[2023-02-10T02:09:47.922+0000] {logging_mixin.py:137} INFO - [2023-02-10T02:09:47.922+0000] {dag.py:2690} INFO - Sync 1 DAGs
[2023-02-10T02:09:48.224+0000] {logging_mixin.py:137} INFO - [2023-02-10T02:09:48.224+0000] {dag.py:3441} INFO - Setting next_dagrun for example_weekday_branch_operator to 2023-02-09T00:00:00+00:00, run_after=2023-02-10T00:00:00+00:00
[2023-02-10T02:09:48.336+0000] {processor.py:175} INFO - Processing /home/airflow/.local/lib/python3.7/site-packages/airflow/example_dags/example_branch_day_of_week_operator.py took 0.715 seconds
[2023-02-10T02:10:31.281+0000] {processor.py:153} INFO - Started process (PID=2180) to work on /home/airflow/.local/lib/python3.7/site-packages/airflow/example_dags/example_branch_day_of_week_operator.py
[2023-02-10T02:10:31.291+0000] {processor.py:743} INFO - Processing file /home/airflow/.local/lib/python3.7/site-packages/airflow/example_dags/example_branch_day_of_week_operator.py for tasks to queue
[2023-02-10T02:10:31.308+0000] {logging_mixin.py:137} INFO - [2023-02-10T02:10:31.307+0000] {dagbag.py:538} INFO - Filling up the DagBag from /home/airflow/.local/lib/python3.7/site-packages/airflow/example_dags/example_branch_day_of_week_operator.py
[2023-02-10T02:10:31.523+0000] {processor.py:753} INFO - DAG(s) dict_keys(['example_weekday_branch_operator']) retrieved from /home/airflow/.local/lib/python3.7/site-packages/airflow/example_dags/example_branch_day_of_week_operator.py
[2023-02-10T02:10:31.750+0000] {logging_mixin.py:137} INFO - [2023-02-10T02:10:31.749+0000] {dag.py:2690} INFO - Sync 1 DAGs
[2023-02-10T02:10:31.930+0000] {logging_mixin.py:137} INFO - [2023-02-10T02:10:31.930+0000] {dag.py:3441} INFO - Setting next_dagrun for example_weekday_branch_operator to 2023-02-09T00:00:00+00:00, run_after=2023-02-10T00:00:00+00:00
[2023-02-10T02:10:32.079+0000] {processor.py:175} INFO - Processing /home/airflow/.local/lib/python3.7/site-packages/airflow/example_dags/example_branch_day_of_week_operator.py took 0.828 seconds
[2023-02-10T02:11:02.347+0000] {processor.py:153} INFO - Started process (PID=2232) to work on /home/airflow/.local/lib/python3.7/site-packages/airflow/example_dags/example_branch_day_of_week_operator.py
[2023-02-10T02:11:02.358+0000] {processor.py:743} INFO - Processing file /home/airflow/.local/lib/python3.7/site-packages/airflow/example_dags/example_branch_day_of_week_operator.py for tasks to queue
[2023-02-10T02:11:02.372+0000] {logging_mixin.py:137} INFO - [2023-02-10T02:11:02.366+0000] {dagbag.py:538} INFO - Filling up the DagBag from /home/airflow/.local/lib/python3.7/site-packages/airflow/example_dags/example_branch_day_of_week_operator.py
[2023-02-10T02:11:02.433+0000] {processor.py:753} INFO - DAG(s) dict_keys(['example_weekday_branch_operator']) retrieved from /home/airflow/.local/lib/python3.7/site-packages/airflow/example_dags/example_branch_day_of_week_operator.py
[2023-02-10T02:11:02.521+0000] {logging_mixin.py:137} INFO - [2023-02-10T02:11:02.520+0000] {dag.py:2690} INFO - Sync 1 DAGs
[2023-02-10T02:11:02.583+0000] {logging_mixin.py:137} INFO - [2023-02-10T02:11:02.583+0000] {dag.py:3441} INFO - Setting next_dagrun for example_weekday_branch_operator to 2023-02-09T00:00:00+00:00, run_after=2023-02-10T00:00:00+00:00
[2023-02-10T02:11:02.640+0000] {processor.py:175} INFO - Processing /home/airflow/.local/lib/python3.7/site-packages/airflow/example_dags/example_branch_day_of_week_operator.py took 0.310 seconds
[2023-02-10T02:11:32.946+0000] {processor.py:153} INFO - Started process (PID=2290) to work on /home/airflow/.local/lib/python3.7/site-packages/airflow/example_dags/example_branch_day_of_week_operator.py
[2023-02-10T02:11:32.950+0000] {processor.py:743} INFO - Processing file /home/airflow/.local/lib/python3.7/site-packages/airflow/example_dags/example_branch_day_of_week_operator.py for tasks to queue
[2023-02-10T02:11:32.956+0000] {logging_mixin.py:137} INFO - [2023-02-10T02:11:32.955+0000] {dagbag.py:538} INFO - Filling up the DagBag from /home/airflow/.local/lib/python3.7/site-packages/airflow/example_dags/example_branch_day_of_week_operator.py
[2023-02-10T02:11:33.032+0000] {processor.py:753} INFO - DAG(s) dict_keys(['example_weekday_branch_operator']) retrieved from /home/airflow/.local/lib/python3.7/site-packages/airflow/example_dags/example_branch_day_of_week_operator.py
[2023-02-10T02:11:33.122+0000] {logging_mixin.py:137} INFO - [2023-02-10T02:11:33.122+0000] {dag.py:2690} INFO - Sync 1 DAGs
[2023-02-10T02:11:33.235+0000] {logging_mixin.py:137} INFO - [2023-02-10T02:11:33.235+0000] {dag.py:3441} INFO - Setting next_dagrun for example_weekday_branch_operator to 2023-02-09T00:00:00+00:00, run_after=2023-02-10T00:00:00+00:00
[2023-02-10T02:11:33.282+0000] {processor.py:175} INFO - Processing /home/airflow/.local/lib/python3.7/site-packages/airflow/example_dags/example_branch_day_of_week_operator.py took 0.364 seconds
[2023-02-10T02:12:04.026+0000] {processor.py:153} INFO - Started process (PID=2349) to work on /home/airflow/.local/lib/python3.7/site-packages/airflow/example_dags/example_branch_day_of_week_operator.py
[2023-02-10T02:12:04.031+0000] {processor.py:743} INFO - Processing file /home/airflow/.local/lib/python3.7/site-packages/airflow/example_dags/example_branch_day_of_week_operator.py for tasks to queue
[2023-02-10T02:12:04.045+0000] {logging_mixin.py:137} INFO - [2023-02-10T02:12:04.045+0000] {dagbag.py:538} INFO - Filling up the DagBag from /home/airflow/.local/lib/python3.7/site-packages/airflow/example_dags/example_branch_day_of_week_operator.py
[2023-02-10T02:12:04.140+0000] {processor.py:753} INFO - DAG(s) dict_keys(['example_weekday_branch_operator']) retrieved from /home/airflow/.local/lib/python3.7/site-packages/airflow/example_dags/example_branch_day_of_week_operator.py
[2023-02-10T02:12:04.203+0000] {logging_mixin.py:137} INFO - [2023-02-10T02:12:04.203+0000] {dag.py:2690} INFO - Sync 1 DAGs
[2023-02-10T02:12:04.266+0000] {logging_mixin.py:137} INFO - [2023-02-10T02:12:04.265+0000] {dag.py:3441} INFO - Setting next_dagrun for example_weekday_branch_operator to 2023-02-09T00:00:00+00:00, run_after=2023-02-10T00:00:00+00:00
[2023-02-10T02:12:04.344+0000] {processor.py:175} INFO - Processing /home/airflow/.local/lib/python3.7/site-packages/airflow/example_dags/example_branch_day_of_week_operator.py took 0.344 seconds
[2023-02-10T02:12:37.058+0000] {processor.py:153} INFO - Started process (PID=2407) to work on /home/airflow/.local/lib/python3.7/site-packages/airflow/example_dags/example_branch_day_of_week_operator.py
[2023-02-10T02:12:37.082+0000] {processor.py:743} INFO - Processing file /home/airflow/.local/lib/python3.7/site-packages/airflow/example_dags/example_branch_day_of_week_operator.py for tasks to queue
[2023-02-10T02:12:37.087+0000] {logging_mixin.py:137} INFO - [2023-02-10T02:12:37.086+0000] {dagbag.py:538} INFO - Filling up the DagBag from /home/airflow/.local/lib/python3.7/site-packages/airflow/example_dags/example_branch_day_of_week_operator.py
[2023-02-10T02:12:37.159+0000] {processor.py:753} INFO - DAG(s) dict_keys(['example_weekday_branch_operator']) retrieved from /home/airflow/.local/lib/python3.7/site-packages/airflow/example_dags/example_branch_day_of_week_operator.py
[2023-02-10T02:12:37.316+0000] {logging_mixin.py:137} INFO - [2023-02-10T02:12:37.316+0000] {dag.py:2690} INFO - Sync 1 DAGs
[2023-02-10T02:12:37.504+0000] {logging_mixin.py:137} INFO - [2023-02-10T02:12:37.504+0000] {dag.py:3441} INFO - Setting next_dagrun for example_weekday_branch_operator to 2023-02-09T00:00:00+00:00, run_after=2023-02-10T00:00:00+00:00
[2023-02-10T02:12:37.706+0000] {processor.py:175} INFO - Processing /home/airflow/.local/lib/python3.7/site-packages/airflow/example_dags/example_branch_day_of_week_operator.py took 0.688 seconds
[2023-02-10T02:13:08.312+0000] {processor.py:153} INFO - Started process (PID=2467) to work on /home/airflow/.local/lib/python3.7/site-packages/airflow/example_dags/example_branch_day_of_week_operator.py
[2023-02-10T02:13:08.330+0000] {processor.py:743} INFO - Processing file /home/airflow/.local/lib/python3.7/site-packages/airflow/example_dags/example_branch_day_of_week_operator.py for tasks to queue
[2023-02-10T02:13:08.355+0000] {logging_mixin.py:137} INFO - [2023-02-10T02:13:08.355+0000] {dagbag.py:538} INFO - Filling up the DagBag from /home/airflow/.local/lib/python3.7/site-packages/airflow/example_dags/example_branch_day_of_week_operator.py
[2023-02-10T02:13:08.419+0000] {processor.py:753} INFO - DAG(s) dict_keys(['example_weekday_branch_operator']) retrieved from /home/airflow/.local/lib/python3.7/site-packages/airflow/example_dags/example_branch_day_of_week_operator.py
[2023-02-10T02:13:08.605+0000] {logging_mixin.py:137} INFO - [2023-02-10T02:13:08.604+0000] {dag.py:2690} INFO - Sync 1 DAGs
[2023-02-10T02:13:08.813+0000] {logging_mixin.py:137} INFO - [2023-02-10T02:13:08.812+0000] {dag.py:3441} INFO - Setting next_dagrun for example_weekday_branch_operator to 2023-02-09T00:00:00+00:00, run_after=2023-02-10T00:00:00+00:00
[2023-02-10T02:13:08.910+0000] {processor.py:175} INFO - Processing /home/airflow/.local/lib/python3.7/site-packages/airflow/example_dags/example_branch_day_of_week_operator.py took 0.635 seconds
[2023-02-10T02:13:39.542+0000] {processor.py:153} INFO - Started process (PID=2516) to work on /home/airflow/.local/lib/python3.7/site-packages/airflow/example_dags/example_branch_day_of_week_operator.py
[2023-02-10T02:13:39.547+0000] {processor.py:743} INFO - Processing file /home/airflow/.local/lib/python3.7/site-packages/airflow/example_dags/example_branch_day_of_week_operator.py for tasks to queue
[2023-02-10T02:13:39.554+0000] {logging_mixin.py:137} INFO - [2023-02-10T02:13:39.553+0000] {dagbag.py:538} INFO - Filling up the DagBag from /home/airflow/.local/lib/python3.7/site-packages/airflow/example_dags/example_branch_day_of_week_operator.py
[2023-02-10T02:13:39.619+0000] {processor.py:753} INFO - DAG(s) dict_keys(['example_weekday_branch_operator']) retrieved from /home/airflow/.local/lib/python3.7/site-packages/airflow/example_dags/example_branch_day_of_week_operator.py
[2023-02-10T02:13:39.756+0000] {logging_mixin.py:137} INFO - [2023-02-10T02:13:39.756+0000] {dag.py:2690} INFO - Sync 1 DAGs
[2023-02-10T02:13:39.855+0000] {logging_mixin.py:137} INFO - [2023-02-10T02:13:39.855+0000] {dag.py:3441} INFO - Setting next_dagrun for example_weekday_branch_operator to 2023-02-09T00:00:00+00:00, run_after=2023-02-10T00:00:00+00:00
[2023-02-10T02:13:39.971+0000] {processor.py:175} INFO - Processing /home/airflow/.local/lib/python3.7/site-packages/airflow/example_dags/example_branch_day_of_week_operator.py took 0.456 seconds
[2023-02-10T02:14:12.961+0000] {processor.py:153} INFO - Started process (PID=2573) to work on /home/airflow/.local/lib/python3.7/site-packages/airflow/example_dags/example_branch_day_of_week_operator.py
[2023-02-10T02:14:12.988+0000] {processor.py:743} INFO - Processing file /home/airflow/.local/lib/python3.7/site-packages/airflow/example_dags/example_branch_day_of_week_operator.py for tasks to queue
[2023-02-10T02:14:13.008+0000] {logging_mixin.py:137} INFO - [2023-02-10T02:14:13.007+0000] {dagbag.py:538} INFO - Filling up the DagBag from /home/airflow/.local/lib/python3.7/site-packages/airflow/example_dags/example_branch_day_of_week_operator.py
[2023-02-10T02:14:13.504+0000] {processor.py:753} INFO - DAG(s) dict_keys(['example_weekday_branch_operator']) retrieved from /home/airflow/.local/lib/python3.7/site-packages/airflow/example_dags/example_branch_day_of_week_operator.py
[2023-02-10T02:14:13.696+0000] {logging_mixin.py:137} INFO - [2023-02-10T02:14:13.696+0000] {dag.py:2690} INFO - Sync 1 DAGs
[2023-02-10T02:14:13.951+0000] {logging_mixin.py:137} INFO - [2023-02-10T02:14:13.950+0000] {dag.py:3441} INFO - Setting next_dagrun for example_weekday_branch_operator to 2023-02-09T00:00:00+00:00, run_after=2023-02-10T00:00:00+00:00
[2023-02-10T02:14:14.332+0000] {processor.py:175} INFO - Processing /home/airflow/.local/lib/python3.7/site-packages/airflow/example_dags/example_branch_day_of_week_operator.py took 1.412 seconds
[2023-02-10T02:14:44.692+0000] {processor.py:153} INFO - Started process (PID=2622) to work on /home/airflow/.local/lib/python3.7/site-packages/airflow/example_dags/example_branch_day_of_week_operator.py
[2023-02-10T02:14:44.697+0000] {processor.py:743} INFO - Processing file /home/airflow/.local/lib/python3.7/site-packages/airflow/example_dags/example_branch_day_of_week_operator.py for tasks to queue
[2023-02-10T02:14:44.702+0000] {logging_mixin.py:137} INFO - [2023-02-10T02:14:44.701+0000] {dagbag.py:538} INFO - Filling up the DagBag from /home/airflow/.local/lib/python3.7/site-packages/airflow/example_dags/example_branch_day_of_week_operator.py
[2023-02-10T02:14:44.746+0000] {processor.py:753} INFO - DAG(s) dict_keys(['example_weekday_branch_operator']) retrieved from /home/airflow/.local/lib/python3.7/site-packages/airflow/example_dags/example_branch_day_of_week_operator.py
[2023-02-10T02:14:44.847+0000] {logging_mixin.py:137} INFO - [2023-02-10T02:14:44.847+0000] {dag.py:2690} INFO - Sync 1 DAGs
[2023-02-10T02:14:44.930+0000] {logging_mixin.py:137} INFO - [2023-02-10T02:14:44.930+0000] {dag.py:3441} INFO - Setting next_dagrun for example_weekday_branch_operator to 2023-02-09T00:00:00+00:00, run_after=2023-02-10T00:00:00+00:00
[2023-02-10T02:14:44.976+0000] {processor.py:175} INFO - Processing /home/airflow/.local/lib/python3.7/site-packages/airflow/example_dags/example_branch_day_of_week_operator.py took 0.291 seconds
[2023-02-10T02:15:16.118+0000] {processor.py:153} INFO - Started process (PID=2679) to work on /home/airflow/.local/lib/python3.7/site-packages/airflow/example_dags/example_branch_day_of_week_operator.py
[2023-02-10T02:15:16.130+0000] {processor.py:743} INFO - Processing file /home/airflow/.local/lib/python3.7/site-packages/airflow/example_dags/example_branch_day_of_week_operator.py for tasks to queue
[2023-02-10T02:15:16.141+0000] {logging_mixin.py:137} INFO - [2023-02-10T02:15:16.139+0000] {dagbag.py:538} INFO - Filling up the DagBag from /home/airflow/.local/lib/python3.7/site-packages/airflow/example_dags/example_branch_day_of_week_operator.py
[2023-02-10T02:15:16.231+0000] {processor.py:753} INFO - DAG(s) dict_keys(['example_weekday_branch_operator']) retrieved from /home/airflow/.local/lib/python3.7/site-packages/airflow/example_dags/example_branch_day_of_week_operator.py
[2023-02-10T02:15:16.396+0000] {logging_mixin.py:137} INFO - [2023-02-10T02:15:16.395+0000] {dag.py:2690} INFO - Sync 1 DAGs
[2023-02-10T02:15:16.587+0000] {logging_mixin.py:137} INFO - [2023-02-10T02:15:16.586+0000] {dag.py:3441} INFO - Setting next_dagrun for example_weekday_branch_operator to 2023-02-09T00:00:00+00:00, run_after=2023-02-10T00:00:00+00:00
[2023-02-10T02:15:16.719+0000] {processor.py:175} INFO - Processing /home/airflow/.local/lib/python3.7/site-packages/airflow/example_dags/example_branch_day_of_week_operator.py took 0.616 seconds
[2023-02-10T02:15:48.245+0000] {processor.py:153} INFO - Started process (PID=2734) to work on /home/airflow/.local/lib/python3.7/site-packages/airflow/example_dags/example_branch_day_of_week_operator.py
[2023-02-10T02:15:48.258+0000] {processor.py:743} INFO - Processing file /home/airflow/.local/lib/python3.7/site-packages/airflow/example_dags/example_branch_day_of_week_operator.py for tasks to queue
[2023-02-10T02:15:48.264+0000] {logging_mixin.py:137} INFO - [2023-02-10T02:15:48.263+0000] {dagbag.py:538} INFO - Filling up the DagBag from /home/airflow/.local/lib/python3.7/site-packages/airflow/example_dags/example_branch_day_of_week_operator.py
[2023-02-10T02:15:48.343+0000] {processor.py:753} INFO - DAG(s) dict_keys(['example_weekday_branch_operator']) retrieved from /home/airflow/.local/lib/python3.7/site-packages/airflow/example_dags/example_branch_day_of_week_operator.py
[2023-02-10T02:15:48.480+0000] {logging_mixin.py:137} INFO - [2023-02-10T02:15:48.480+0000] {dag.py:2690} INFO - Sync 1 DAGs
[2023-02-10T02:15:48.723+0000] {logging_mixin.py:137} INFO - [2023-02-10T02:15:48.723+0000] {dag.py:3441} INFO - Setting next_dagrun for example_weekday_branch_operator to 2023-02-09T00:00:00+00:00, run_after=2023-02-10T00:00:00+00:00
[2023-02-10T02:15:48.997+0000] {processor.py:175} INFO - Processing /home/airflow/.local/lib/python3.7/site-packages/airflow/example_dags/example_branch_day_of_week_operator.py took 0.771 seconds
[2023-02-10T02:16:19.213+0000] {processor.py:153} INFO - Started process (PID=2784) to work on /home/airflow/.local/lib/python3.7/site-packages/airflow/example_dags/example_branch_day_of_week_operator.py
[2023-02-10T02:16:19.219+0000] {processor.py:743} INFO - Processing file /home/airflow/.local/lib/python3.7/site-packages/airflow/example_dags/example_branch_day_of_week_operator.py for tasks to queue
[2023-02-10T02:16:19.227+0000] {logging_mixin.py:137} INFO - [2023-02-10T02:16:19.226+0000] {dagbag.py:538} INFO - Filling up the DagBag from /home/airflow/.local/lib/python3.7/site-packages/airflow/example_dags/example_branch_day_of_week_operator.py
[2023-02-10T02:16:19.275+0000] {processor.py:753} INFO - DAG(s) dict_keys(['example_weekday_branch_operator']) retrieved from /home/airflow/.local/lib/python3.7/site-packages/airflow/example_dags/example_branch_day_of_week_operator.py
[2023-02-10T02:16:19.342+0000] {logging_mixin.py:137} INFO - [2023-02-10T02:16:19.342+0000] {dag.py:2690} INFO - Sync 1 DAGs
[2023-02-10T02:16:19.477+0000] {logging_mixin.py:137} INFO - [2023-02-10T02:16:19.476+0000] {dag.py:3441} INFO - Setting next_dagrun for example_weekday_branch_operator to 2023-02-09T00:00:00+00:00, run_after=2023-02-10T00:00:00+00:00
[2023-02-10T02:16:19.556+0000] {processor.py:175} INFO - Processing /home/airflow/.local/lib/python3.7/site-packages/airflow/example_dags/example_branch_day_of_week_operator.py took 0.356 seconds
[2023-02-10T02:16:50.591+0000] {processor.py:153} INFO - Started process (PID=2843) to work on /home/airflow/.local/lib/python3.7/site-packages/airflow/example_dags/example_branch_day_of_week_operator.py
[2023-02-10T02:16:50.599+0000] {processor.py:743} INFO - Processing file /home/airflow/.local/lib/python3.7/site-packages/airflow/example_dags/example_branch_day_of_week_operator.py for tasks to queue
[2023-02-10T02:16:50.606+0000] {logging_mixin.py:137} INFO - [2023-02-10T02:16:50.606+0000] {dagbag.py:538} INFO - Filling up the DagBag from /home/airflow/.local/lib/python3.7/site-packages/airflow/example_dags/example_branch_day_of_week_operator.py
[2023-02-10T02:16:50.767+0000] {processor.py:753} INFO - DAG(s) dict_keys(['example_weekday_branch_operator']) retrieved from /home/airflow/.local/lib/python3.7/site-packages/airflow/example_dags/example_branch_day_of_week_operator.py
[2023-02-10T02:16:51.021+0000] {logging_mixin.py:137} INFO - [2023-02-10T02:16:51.021+0000] {dag.py:2690} INFO - Sync 1 DAGs
[2023-02-10T02:16:51.403+0000] {logging_mixin.py:137} INFO - [2023-02-10T02:16:51.402+0000] {dag.py:3441} INFO - Setting next_dagrun for example_weekday_branch_operator to 2023-02-09T00:00:00+00:00, run_after=2023-02-10T00:00:00+00:00
[2023-02-10T02:16:51.717+0000] {processor.py:175} INFO - Processing /home/airflow/.local/lib/python3.7/site-packages/airflow/example_dags/example_branch_day_of_week_operator.py took 1.145 seconds
[2023-02-10T02:17:22.386+0000] {processor.py:153} INFO - Started process (PID=2901) to work on /home/airflow/.local/lib/python3.7/site-packages/airflow/example_dags/example_branch_day_of_week_operator.py
[2023-02-10T02:17:22.396+0000] {processor.py:743} INFO - Processing file /home/airflow/.local/lib/python3.7/site-packages/airflow/example_dags/example_branch_day_of_week_operator.py for tasks to queue
[2023-02-10T02:17:22.400+0000] {logging_mixin.py:137} INFO - [2023-02-10T02:17:22.400+0000] {dagbag.py:538} INFO - Filling up the DagBag from /home/airflow/.local/lib/python3.7/site-packages/airflow/example_dags/example_branch_day_of_week_operator.py
[2023-02-10T02:17:22.529+0000] {processor.py:753} INFO - DAG(s) dict_keys(['example_weekday_branch_operator']) retrieved from /home/airflow/.local/lib/python3.7/site-packages/airflow/example_dags/example_branch_day_of_week_operator.py
[2023-02-10T02:17:22.701+0000] {logging_mixin.py:137} INFO - [2023-02-10T02:17:22.700+0000] {dag.py:2690} INFO - Sync 1 DAGs
[2023-02-10T02:17:22.964+0000] {logging_mixin.py:137} INFO - [2023-02-10T02:17:22.964+0000] {dag.py:3441} INFO - Setting next_dagrun for example_weekday_branch_operator to 2023-02-09T00:00:00+00:00, run_after=2023-02-10T00:00:00+00:00
[2023-02-10T02:17:23.050+0000] {processor.py:175} INFO - Processing /home/airflow/.local/lib/python3.7/site-packages/airflow/example_dags/example_branch_day_of_week_operator.py took 0.683 seconds
[2023-02-10T02:18:02.783+0000] {processor.py:153} INFO - Started process (PID=2952) to work on /home/airflow/.local/lib/python3.7/site-packages/airflow/example_dags/example_branch_day_of_week_operator.py
[2023-02-10T02:18:02.791+0000] {processor.py:743} INFO - Processing file /home/airflow/.local/lib/python3.7/site-packages/airflow/example_dags/example_branch_day_of_week_operator.py for tasks to queue
[2023-02-10T02:18:02.797+0000] {logging_mixin.py:137} INFO - [2023-02-10T02:18:02.796+0000] {dagbag.py:538} INFO - Filling up the DagBag from /home/airflow/.local/lib/python3.7/site-packages/airflow/example_dags/example_branch_day_of_week_operator.py
[2023-02-10T02:18:02.875+0000] {processor.py:753} INFO - DAG(s) dict_keys(['example_weekday_branch_operator']) retrieved from /home/airflow/.local/lib/python3.7/site-packages/airflow/example_dags/example_branch_day_of_week_operator.py
[2023-02-10T02:18:03.072+0000] {logging_mixin.py:137} INFO - [2023-02-10T02:18:03.072+0000] {dag.py:2690} INFO - Sync 1 DAGs
[2023-02-10T02:18:03.272+0000] {logging_mixin.py:137} INFO - [2023-02-10T02:18:03.271+0000] {dag.py:3441} INFO - Setting next_dagrun for example_weekday_branch_operator to 2023-02-09T00:00:00+00:00, run_after=2023-02-10T00:00:00+00:00
[2023-02-10T02:18:03.597+0000] {processor.py:175} INFO - Processing /home/airflow/.local/lib/python3.7/site-packages/airflow/example_dags/example_branch_day_of_week_operator.py took 0.828 seconds
[2023-02-10T02:18:34.159+0000] {processor.py:153} INFO - Started process (PID=3002) to work on /home/airflow/.local/lib/python3.7/site-packages/airflow/example_dags/example_branch_day_of_week_operator.py
[2023-02-10T02:18:34.170+0000] {processor.py:743} INFO - Processing file /home/airflow/.local/lib/python3.7/site-packages/airflow/example_dags/example_branch_day_of_week_operator.py for tasks to queue
[2023-02-10T02:18:34.177+0000] {logging_mixin.py:137} INFO - [2023-02-10T02:18:34.176+0000] {dagbag.py:538} INFO - Filling up the DagBag from /home/airflow/.local/lib/python3.7/site-packages/airflow/example_dags/example_branch_day_of_week_operator.py
[2023-02-10T02:18:34.310+0000] {processor.py:753} INFO - DAG(s) dict_keys(['example_weekday_branch_operator']) retrieved from /home/airflow/.local/lib/python3.7/site-packages/airflow/example_dags/example_branch_day_of_week_operator.py
[2023-02-10T02:18:34.490+0000] {logging_mixin.py:137} INFO - [2023-02-10T02:18:34.489+0000] {dag.py:2690} INFO - Sync 1 DAGs
[2023-02-10T02:18:34.660+0000] {logging_mixin.py:137} INFO - [2023-02-10T02:18:34.660+0000] {dag.py:3441} INFO - Setting next_dagrun for example_weekday_branch_operator to 2023-02-09T00:00:00+00:00, run_after=2023-02-10T00:00:00+00:00
[2023-02-10T02:18:34.893+0000] {processor.py:175} INFO - Processing /home/airflow/.local/lib/python3.7/site-packages/airflow/example_dags/example_branch_day_of_week_operator.py took 0.763 seconds
[2023-02-10T02:19:21.460+0000] {processor.py:153} INFO - Started process (PID=48) to work on /home/airflow/.local/lib/python3.7/site-packages/airflow/example_dags/example_branch_day_of_week_operator.py
[2023-02-10T02:19:21.466+0000] {processor.py:743} INFO - Processing file /home/airflow/.local/lib/python3.7/site-packages/airflow/example_dags/example_branch_day_of_week_operator.py for tasks to queue
[2023-02-10T02:19:21.481+0000] {logging_mixin.py:137} INFO - [2023-02-10T02:19:21.481+0000] {dagbag.py:538} INFO - Filling up the DagBag from /home/airflow/.local/lib/python3.7/site-packages/airflow/example_dags/example_branch_day_of_week_operator.py
[2023-02-10T02:19:21.732+0000] {processor.py:753} INFO - DAG(s) dict_keys(['example_weekday_branch_operator']) retrieved from /home/airflow/.local/lib/python3.7/site-packages/airflow/example_dags/example_branch_day_of_week_operator.py
[2023-02-10T02:19:22.110+0000] {logging_mixin.py:137} INFO - [2023-02-10T02:19:22.110+0000] {dag.py:2690} INFO - Sync 1 DAGs
[2023-02-10T02:19:22.357+0000] {logging_mixin.py:137} INFO - [2023-02-10T02:19:22.341+0000] {dag.py:3441} INFO - Setting next_dagrun for example_weekday_branch_operator to 2023-02-09T00:00:00+00:00, run_after=2023-02-10T00:00:00+00:00
[2023-02-10T02:19:22.722+0000] {processor.py:175} INFO - Processing /home/airflow/.local/lib/python3.7/site-packages/airflow/example_dags/example_branch_day_of_week_operator.py took 1.301 seconds
[2023-02-10T02:19:53.092+0000] {processor.py:153} INFO - Started process (PID=107) to work on /home/airflow/.local/lib/python3.7/site-packages/airflow/example_dags/example_branch_day_of_week_operator.py
[2023-02-10T02:19:53.098+0000] {processor.py:743} INFO - Processing file /home/airflow/.local/lib/python3.7/site-packages/airflow/example_dags/example_branch_day_of_week_operator.py for tasks to queue
[2023-02-10T02:19:53.115+0000] {logging_mixin.py:137} INFO - [2023-02-10T02:19:53.115+0000] {dagbag.py:538} INFO - Filling up the DagBag from /home/airflow/.local/lib/python3.7/site-packages/airflow/example_dags/example_branch_day_of_week_operator.py
[2023-02-10T02:19:53.202+0000] {processor.py:753} INFO - DAG(s) dict_keys(['example_weekday_branch_operator']) retrieved from /home/airflow/.local/lib/python3.7/site-packages/airflow/example_dags/example_branch_day_of_week_operator.py
[2023-02-10T02:19:53.269+0000] {logging_mixin.py:137} INFO - [2023-02-10T02:19:53.269+0000] {dag.py:2690} INFO - Sync 1 DAGs
[2023-02-10T02:19:53.343+0000] {logging_mixin.py:137} INFO - [2023-02-10T02:19:53.343+0000] {dag.py:3441} INFO - Setting next_dagrun for example_weekday_branch_operator to 2023-02-09T00:00:00+00:00, run_after=2023-02-10T00:00:00+00:00
[2023-02-10T02:19:53.413+0000] {processor.py:175} INFO - Processing /home/airflow/.local/lib/python3.7/site-packages/airflow/example_dags/example_branch_day_of_week_operator.py took 0.387 seconds
[2023-02-10T02:20:46.494+0000] {processor.py:153} INFO - Started process (PID=172) to work on /home/airflow/.local/lib/python3.7/site-packages/airflow/example_dags/example_branch_day_of_week_operator.py
[2023-02-10T02:20:46.513+0000] {processor.py:743} INFO - Processing file /home/airflow/.local/lib/python3.7/site-packages/airflow/example_dags/example_branch_day_of_week_operator.py for tasks to queue
[2023-02-10T02:20:46.526+0000] {logging_mixin.py:137} INFO - [2023-02-10T02:20:46.525+0000] {dagbag.py:538} INFO - Filling up the DagBag from /home/airflow/.local/lib/python3.7/site-packages/airflow/example_dags/example_branch_day_of_week_operator.py
[2023-02-10T02:20:46.921+0000] {processor.py:753} INFO - DAG(s) dict_keys(['example_weekday_branch_operator']) retrieved from /home/airflow/.local/lib/python3.7/site-packages/airflow/example_dags/example_branch_day_of_week_operator.py
[2023-02-10T02:20:47.543+0000] {logging_mixin.py:137} INFO - [2023-02-10T02:20:47.543+0000] {dag.py:2690} INFO - Sync 1 DAGs
[2023-02-10T02:20:48.297+0000] {logging_mixin.py:137} INFO - [2023-02-10T02:20:48.276+0000] {dag.py:3441} INFO - Setting next_dagrun for example_weekday_branch_operator to 2023-02-09T00:00:00+00:00, run_after=2023-02-10T00:00:00+00:00
[2023-02-10T02:20:49.009+0000] {processor.py:175} INFO - Processing /home/airflow/.local/lib/python3.7/site-packages/airflow/example_dags/example_branch_day_of_week_operator.py took 2.572 seconds
[2023-02-10T02:21:36.310+0000] {processor.py:153} INFO - Started process (PID=223) to work on /home/airflow/.local/lib/python3.7/site-packages/airflow/example_dags/example_branch_day_of_week_operator.py
[2023-02-10T02:21:36.316+0000] {processor.py:743} INFO - Processing file /home/airflow/.local/lib/python3.7/site-packages/airflow/example_dags/example_branch_day_of_week_operator.py for tasks to queue
[2023-02-10T02:21:36.344+0000] {logging_mixin.py:137} INFO - [2023-02-10T02:21:36.343+0000] {dagbag.py:538} INFO - Filling up the DagBag from /home/airflow/.local/lib/python3.7/site-packages/airflow/example_dags/example_branch_day_of_week_operator.py
[2023-02-10T02:21:36.588+0000] {processor.py:753} INFO - DAG(s) dict_keys(['example_weekday_branch_operator']) retrieved from /home/airflow/.local/lib/python3.7/site-packages/airflow/example_dags/example_branch_day_of_week_operator.py
[2023-02-10T02:21:36.921+0000] {logging_mixin.py:137} INFO - [2023-02-10T02:21:36.921+0000] {dag.py:2690} INFO - Sync 1 DAGs
[2023-02-10T02:21:37.200+0000] {logging_mixin.py:137} INFO - [2023-02-10T02:21:37.200+0000] {dag.py:3441} INFO - Setting next_dagrun for example_weekday_branch_operator to 2023-02-09T00:00:00+00:00, run_after=2023-02-10T00:00:00+00:00
[2023-02-10T02:21:37.461+0000] {processor.py:175} INFO - Processing /home/airflow/.local/lib/python3.7/site-packages/airflow/example_dags/example_branch_day_of_week_operator.py took 1.148 seconds
[2023-02-10T02:22:12.715+0000] {processor.py:153} INFO - Started process (PID=280) to work on /home/airflow/.local/lib/python3.7/site-packages/airflow/example_dags/example_branch_day_of_week_operator.py
[2023-02-10T02:22:12.720+0000] {processor.py:743} INFO - Processing file /home/airflow/.local/lib/python3.7/site-packages/airflow/example_dags/example_branch_day_of_week_operator.py for tasks to queue
[2023-02-10T02:22:12.723+0000] {logging_mixin.py:137} INFO - [2023-02-10T02:22:12.723+0000] {dagbag.py:538} INFO - Filling up the DagBag from /home/airflow/.local/lib/python3.7/site-packages/airflow/example_dags/example_branch_day_of_week_operator.py
[2023-02-10T02:22:12.834+0000] {processor.py:753} INFO - DAG(s) dict_keys(['example_weekday_branch_operator']) retrieved from /home/airflow/.local/lib/python3.7/site-packages/airflow/example_dags/example_branch_day_of_week_operator.py
[2023-02-10T02:22:12.953+0000] {logging_mixin.py:137} INFO - [2023-02-10T02:22:12.953+0000] {dag.py:2690} INFO - Sync 1 DAGs
[2023-02-10T02:22:13.146+0000] {logging_mixin.py:137} INFO - [2023-02-10T02:22:13.144+0000] {dag.py:3441} INFO - Setting next_dagrun for example_weekday_branch_operator to 2023-02-09T00:00:00+00:00, run_after=2023-02-10T00:00:00+00:00
[2023-02-10T02:22:13.326+0000] {processor.py:175} INFO - Processing /home/airflow/.local/lib/python3.7/site-packages/airflow/example_dags/example_branch_day_of_week_operator.py took 0.627 seconds
[2023-02-10T02:22:59.763+0000] {processor.py:153} INFO - Started process (PID=339) to work on /home/airflow/.local/lib/python3.7/site-packages/airflow/example_dags/example_branch_day_of_week_operator.py
[2023-02-10T02:22:59.797+0000] {processor.py:743} INFO - Processing file /home/airflow/.local/lib/python3.7/site-packages/airflow/example_dags/example_branch_day_of_week_operator.py for tasks to queue
[2023-02-10T02:22:59.829+0000] {logging_mixin.py:137} INFO - [2023-02-10T02:22:59.818+0000] {dagbag.py:538} INFO - Filling up the DagBag from /home/airflow/.local/lib/python3.7/site-packages/airflow/example_dags/example_branch_day_of_week_operator.py
[2023-02-10T02:23:00.929+0000] {processor.py:753} INFO - DAG(s) dict_keys(['example_weekday_branch_operator']) retrieved from /home/airflow/.local/lib/python3.7/site-packages/airflow/example_dags/example_branch_day_of_week_operator.py
[2023-02-10T02:23:01.748+0000] {logging_mixin.py:137} INFO - [2023-02-10T02:23:01.747+0000] {dag.py:2690} INFO - Sync 1 DAGs
[2023-02-10T02:23:03.385+0000] {logging_mixin.py:137} INFO - [2023-02-10T02:23:03.371+0000] {dag.py:3441} INFO - Setting next_dagrun for example_weekday_branch_operator to 2023-02-09T00:00:00+00:00, run_after=2023-02-10T00:00:00+00:00
[2023-02-10T02:23:04.045+0000] {processor.py:175} INFO - Processing /home/airflow/.local/lib/python3.7/site-packages/airflow/example_dags/example_branch_day_of_week_operator.py took 4.330 seconds
[2023-02-10T02:23:34.668+0000] {processor.py:153} INFO - Started process (PID=397) to work on /home/airflow/.local/lib/python3.7/site-packages/airflow/example_dags/example_branch_day_of_week_operator.py
[2023-02-10T02:23:34.675+0000] {processor.py:743} INFO - Processing file /home/airflow/.local/lib/python3.7/site-packages/airflow/example_dags/example_branch_day_of_week_operator.py for tasks to queue
[2023-02-10T02:23:34.681+0000] {logging_mixin.py:137} INFO - [2023-02-10T02:23:34.680+0000] {dagbag.py:538} INFO - Filling up the DagBag from /home/airflow/.local/lib/python3.7/site-packages/airflow/example_dags/example_branch_day_of_week_operator.py
[2023-02-10T02:23:34.719+0000] {processor.py:753} INFO - DAG(s) dict_keys(['example_weekday_branch_operator']) retrieved from /home/airflow/.local/lib/python3.7/site-packages/airflow/example_dags/example_branch_day_of_week_operator.py
[2023-02-10T02:23:34.799+0000] {logging_mixin.py:137} INFO - [2023-02-10T02:23:34.799+0000] {dag.py:2690} INFO - Sync 1 DAGs
[2023-02-10T02:23:34.926+0000] {logging_mixin.py:137} INFO - [2023-02-10T02:23:34.926+0000] {dag.py:3441} INFO - Setting next_dagrun for example_weekday_branch_operator to 2023-02-09T00:00:00+00:00, run_after=2023-02-10T00:00:00+00:00
[2023-02-10T02:23:34.992+0000] {processor.py:175} INFO - Processing /home/airflow/.local/lib/python3.7/site-packages/airflow/example_dags/example_branch_day_of_week_operator.py took 0.335 seconds
[2023-02-10T02:24:05.466+0000] {processor.py:153} INFO - Started process (PID=454) to work on /home/airflow/.local/lib/python3.7/site-packages/airflow/example_dags/example_branch_day_of_week_operator.py
[2023-02-10T02:24:05.476+0000] {processor.py:743} INFO - Processing file /home/airflow/.local/lib/python3.7/site-packages/airflow/example_dags/example_branch_day_of_week_operator.py for tasks to queue
[2023-02-10T02:24:05.503+0000] {logging_mixin.py:137} INFO - [2023-02-10T02:24:05.503+0000] {dagbag.py:538} INFO - Filling up the DagBag from /home/airflow/.local/lib/python3.7/site-packages/airflow/example_dags/example_branch_day_of_week_operator.py
[2023-02-10T02:24:05.602+0000] {processor.py:753} INFO - DAG(s) dict_keys(['example_weekday_branch_operator']) retrieved from /home/airflow/.local/lib/python3.7/site-packages/airflow/example_dags/example_branch_day_of_week_operator.py
[2023-02-10T02:24:05.671+0000] {logging_mixin.py:137} INFO - [2023-02-10T02:24:05.670+0000] {dag.py:2690} INFO - Sync 1 DAGs
[2023-02-10T02:24:05.744+0000] {logging_mixin.py:137} INFO - [2023-02-10T02:24:05.744+0000] {dag.py:3441} INFO - Setting next_dagrun for example_weekday_branch_operator to 2023-02-09T00:00:00+00:00, run_after=2023-02-10T00:00:00+00:00
[2023-02-10T02:24:05.790+0000] {processor.py:175} INFO - Processing /home/airflow/.local/lib/python3.7/site-packages/airflow/example_dags/example_branch_day_of_week_operator.py took 0.463 seconds
[2023-02-10T02:24:38.229+0000] {processor.py:153} INFO - Started process (PID=504) to work on /home/airflow/.local/lib/python3.7/site-packages/airflow/example_dags/example_branch_day_of_week_operator.py
[2023-02-10T02:24:38.249+0000] {processor.py:743} INFO - Processing file /home/airflow/.local/lib/python3.7/site-packages/airflow/example_dags/example_branch_day_of_week_operator.py for tasks to queue
[2023-02-10T02:24:38.255+0000] {logging_mixin.py:137} INFO - [2023-02-10T02:24:38.255+0000] {dagbag.py:538} INFO - Filling up the DagBag from /home/airflow/.local/lib/python3.7/site-packages/airflow/example_dags/example_branch_day_of_week_operator.py
[2023-02-10T02:24:38.387+0000] {processor.py:753} INFO - DAG(s) dict_keys(['example_weekday_branch_operator']) retrieved from /home/airflow/.local/lib/python3.7/site-packages/airflow/example_dags/example_branch_day_of_week_operator.py
[2023-02-10T02:24:38.567+0000] {logging_mixin.py:137} INFO - [2023-02-10T02:24:38.567+0000] {dag.py:2690} INFO - Sync 1 DAGs
[2023-02-10T02:24:38.755+0000] {logging_mixin.py:137} INFO - [2023-02-10T02:24:38.754+0000] {dag.py:3441} INFO - Setting next_dagrun for example_weekday_branch_operator to 2023-02-09T00:00:00+00:00, run_after=2023-02-10T00:00:00+00:00
[2023-02-10T02:24:38.947+0000] {processor.py:175} INFO - Processing /home/airflow/.local/lib/python3.7/site-packages/airflow/example_dags/example_branch_day_of_week_operator.py took 0.768 seconds
[2023-02-10T02:25:10.092+0000] {processor.py:153} INFO - Started process (PID=562) to work on /home/airflow/.local/lib/python3.7/site-packages/airflow/example_dags/example_branch_day_of_week_operator.py
[2023-02-10T02:25:10.106+0000] {processor.py:743} INFO - Processing file /home/airflow/.local/lib/python3.7/site-packages/airflow/example_dags/example_branch_day_of_week_operator.py for tasks to queue
[2023-02-10T02:25:10.112+0000] {logging_mixin.py:137} INFO - [2023-02-10T02:25:10.112+0000] {dagbag.py:538} INFO - Filling up the DagBag from /home/airflow/.local/lib/python3.7/site-packages/airflow/example_dags/example_branch_day_of_week_operator.py
[2023-02-10T02:25:10.445+0000] {processor.py:753} INFO - DAG(s) dict_keys(['example_weekday_branch_operator']) retrieved from /home/airflow/.local/lib/python3.7/site-packages/airflow/example_dags/example_branch_day_of_week_operator.py
[2023-02-10T02:25:10.811+0000] {logging_mixin.py:137} INFO - [2023-02-10T02:25:10.811+0000] {dag.py:2690} INFO - Sync 1 DAGs
[2023-02-10T02:25:12.108+0000] {logging_mixin.py:137} INFO - [2023-02-10T02:25:12.107+0000] {dag.py:3441} INFO - Setting next_dagrun for example_weekday_branch_operator to 2023-02-09T00:00:00+00:00, run_after=2023-02-10T00:00:00+00:00
[2023-02-10T02:25:13.838+0000] {processor.py:175} INFO - Processing /home/airflow/.local/lib/python3.7/site-packages/airflow/example_dags/example_branch_day_of_week_operator.py took 3.797 seconds
[2023-02-10T02:25:44.394+0000] {processor.py:153} INFO - Started process (PID=620) to work on /home/airflow/.local/lib/python3.7/site-packages/airflow/example_dags/example_branch_day_of_week_operator.py
[2023-02-10T02:25:44.406+0000] {processor.py:743} INFO - Processing file /home/airflow/.local/lib/python3.7/site-packages/airflow/example_dags/example_branch_day_of_week_operator.py for tasks to queue
[2023-02-10T02:25:44.415+0000] {logging_mixin.py:137} INFO - [2023-02-10T02:25:44.413+0000] {dagbag.py:538} INFO - Filling up the DagBag from /home/airflow/.local/lib/python3.7/site-packages/airflow/example_dags/example_branch_day_of_week_operator.py
[2023-02-10T02:25:44.463+0000] {processor.py:753} INFO - DAG(s) dict_keys(['example_weekday_branch_operator']) retrieved from /home/airflow/.local/lib/python3.7/site-packages/airflow/example_dags/example_branch_day_of_week_operator.py
[2023-02-10T02:25:44.754+0000] {logging_mixin.py:137} INFO - [2023-02-10T02:25:44.753+0000] {dag.py:2690} INFO - Sync 1 DAGs
[2023-02-10T02:25:45.055+0000] {logging_mixin.py:137} INFO - [2023-02-10T02:25:45.054+0000] {dag.py:3441} INFO - Setting next_dagrun for example_weekday_branch_operator to 2023-02-09T00:00:00+00:00, run_after=2023-02-10T00:00:00+00:00
[2023-02-10T02:25:45.153+0000] {processor.py:175} INFO - Processing /home/airflow/.local/lib/python3.7/site-packages/airflow/example_dags/example_branch_day_of_week_operator.py took 0.785 seconds
[2023-02-10T02:26:15.734+0000] {processor.py:153} INFO - Started process (PID=671) to work on /home/airflow/.local/lib/python3.7/site-packages/airflow/example_dags/example_branch_day_of_week_operator.py
[2023-02-10T02:26:15.747+0000] {processor.py:743} INFO - Processing file /home/airflow/.local/lib/python3.7/site-packages/airflow/example_dags/example_branch_day_of_week_operator.py for tasks to queue
[2023-02-10T02:26:15.750+0000] {logging_mixin.py:137} INFO - [2023-02-10T02:26:15.750+0000] {dagbag.py:538} INFO - Filling up the DagBag from /home/airflow/.local/lib/python3.7/site-packages/airflow/example_dags/example_branch_day_of_week_operator.py
[2023-02-10T02:26:15.816+0000] {processor.py:753} INFO - DAG(s) dict_keys(['example_weekday_branch_operator']) retrieved from /home/airflow/.local/lib/python3.7/site-packages/airflow/example_dags/example_branch_day_of_week_operator.py
[2023-02-10T02:26:15.888+0000] {logging_mixin.py:137} INFO - [2023-02-10T02:26:15.888+0000] {dag.py:2690} INFO - Sync 1 DAGs
[2023-02-10T02:26:15.965+0000] {logging_mixin.py:137} INFO - [2023-02-10T02:26:15.965+0000] {dag.py:3441} INFO - Setting next_dagrun for example_weekday_branch_operator to 2023-02-09T00:00:00+00:00, run_after=2023-02-10T00:00:00+00:00
[2023-02-10T02:26:16.082+0000] {processor.py:175} INFO - Processing /home/airflow/.local/lib/python3.7/site-packages/airflow/example_dags/example_branch_day_of_week_operator.py took 0.367 seconds
[2023-02-10T02:26:46.404+0000] {processor.py:153} INFO - Started process (PID=729) to work on /home/airflow/.local/lib/python3.7/site-packages/airflow/example_dags/example_branch_day_of_week_operator.py
[2023-02-10T02:26:46.411+0000] {processor.py:743} INFO - Processing file /home/airflow/.local/lib/python3.7/site-packages/airflow/example_dags/example_branch_day_of_week_operator.py for tasks to queue
[2023-02-10T02:26:46.416+0000] {logging_mixin.py:137} INFO - [2023-02-10T02:26:46.415+0000] {dagbag.py:538} INFO - Filling up the DagBag from /home/airflow/.local/lib/python3.7/site-packages/airflow/example_dags/example_branch_day_of_week_operator.py
[2023-02-10T02:26:46.497+0000] {processor.py:753} INFO - DAG(s) dict_keys(['example_weekday_branch_operator']) retrieved from /home/airflow/.local/lib/python3.7/site-packages/airflow/example_dags/example_branch_day_of_week_operator.py
[2023-02-10T02:26:46.577+0000] {logging_mixin.py:137} INFO - [2023-02-10T02:26:46.577+0000] {dag.py:2690} INFO - Sync 1 DAGs
[2023-02-10T02:26:46.653+0000] {logging_mixin.py:137} INFO - [2023-02-10T02:26:46.653+0000] {dag.py:3441} INFO - Setting next_dagrun for example_weekday_branch_operator to 2023-02-09T00:00:00+00:00, run_after=2023-02-10T00:00:00+00:00
[2023-02-10T02:26:46.719+0000] {processor.py:175} INFO - Processing /home/airflow/.local/lib/python3.7/site-packages/airflow/example_dags/example_branch_day_of_week_operator.py took 0.329 seconds
[2023-02-10T02:27:18.605+0000] {processor.py:153} INFO - Started process (PID=777) to work on /home/airflow/.local/lib/python3.7/site-packages/airflow/example_dags/example_branch_day_of_week_operator.py
[2023-02-10T02:27:18.612+0000] {processor.py:743} INFO - Processing file /home/airflow/.local/lib/python3.7/site-packages/airflow/example_dags/example_branch_day_of_week_operator.py for tasks to queue
[2023-02-10T02:27:18.619+0000] {logging_mixin.py:137} INFO - [2023-02-10T02:27:18.618+0000] {dagbag.py:538} INFO - Filling up the DagBag from /home/airflow/.local/lib/python3.7/site-packages/airflow/example_dags/example_branch_day_of_week_operator.py
[2023-02-10T02:27:18.685+0000] {processor.py:753} INFO - DAG(s) dict_keys(['example_weekday_branch_operator']) retrieved from /home/airflow/.local/lib/python3.7/site-packages/airflow/example_dags/example_branch_day_of_week_operator.py
[2023-02-10T02:27:18.805+0000] {logging_mixin.py:137} INFO - [2023-02-10T02:27:18.805+0000] {dag.py:2690} INFO - Sync 1 DAGs
[2023-02-10T02:27:18.942+0000] {logging_mixin.py:137} INFO - [2023-02-10T02:27:18.941+0000] {dag.py:3441} INFO - Setting next_dagrun for example_weekday_branch_operator to 2023-02-09T00:00:00+00:00, run_after=2023-02-10T00:00:00+00:00
[2023-02-10T02:27:19.045+0000] {processor.py:175} INFO - Processing /home/airflow/.local/lib/python3.7/site-packages/airflow/example_dags/example_branch_day_of_week_operator.py took 0.459 seconds
[2023-02-10T02:27:52.372+0000] {processor.py:153} INFO - Started process (PID=836) to work on /home/airflow/.local/lib/python3.7/site-packages/airflow/example_dags/example_branch_day_of_week_operator.py
[2023-02-10T02:27:52.388+0000] {processor.py:743} INFO - Processing file /home/airflow/.local/lib/python3.7/site-packages/airflow/example_dags/example_branch_day_of_week_operator.py for tasks to queue
[2023-02-10T02:27:52.411+0000] {logging_mixin.py:137} INFO - [2023-02-10T02:27:52.410+0000] {dagbag.py:538} INFO - Filling up the DagBag from /home/airflow/.local/lib/python3.7/site-packages/airflow/example_dags/example_branch_day_of_week_operator.py
[2023-02-10T02:27:53.293+0000] {processor.py:753} INFO - DAG(s) dict_keys(['example_weekday_branch_operator']) retrieved from /home/airflow/.local/lib/python3.7/site-packages/airflow/example_dags/example_branch_day_of_week_operator.py
[2023-02-10T02:27:54.787+0000] {logging_mixin.py:137} INFO - [2023-02-10T02:27:54.787+0000] {dag.py:2690} INFO - Sync 1 DAGs
[2023-02-10T02:27:55.281+0000] {logging_mixin.py:137} INFO - [2023-02-10T02:27:55.281+0000] {dag.py:3441} INFO - Setting next_dagrun for example_weekday_branch_operator to 2023-02-09T00:00:00+00:00, run_after=2023-02-10T00:00:00+00:00
[2023-02-10T02:27:55.566+0000] {processor.py:175} INFO - Processing /home/airflow/.local/lib/python3.7/site-packages/airflow/example_dags/example_branch_day_of_week_operator.py took 3.276 seconds
[2023-02-10T02:28:30.160+0000] {processor.py:153} INFO - Started process (PID=893) to work on /home/airflow/.local/lib/python3.7/site-packages/airflow/example_dags/example_branch_day_of_week_operator.py
[2023-02-10T02:28:30.178+0000] {processor.py:743} INFO - Processing file /home/airflow/.local/lib/python3.7/site-packages/airflow/example_dags/example_branch_day_of_week_operator.py for tasks to queue
[2023-02-10T02:28:30.224+0000] {logging_mixin.py:137} INFO - [2023-02-10T02:28:30.221+0000] {dagbag.py:538} INFO - Filling up the DagBag from /home/airflow/.local/lib/python3.7/site-packages/airflow/example_dags/example_branch_day_of_week_operator.py
[2023-02-10T02:28:30.515+0000] {processor.py:753} INFO - DAG(s) dict_keys(['example_weekday_branch_operator']) retrieved from /home/airflow/.local/lib/python3.7/site-packages/airflow/example_dags/example_branch_day_of_week_operator.py
[2023-02-10T02:28:30.890+0000] {logging_mixin.py:137} INFO - [2023-02-10T02:28:30.884+0000] {dag.py:2690} INFO - Sync 1 DAGs
[2023-02-10T02:28:31.700+0000] {logging_mixin.py:137} INFO - [2023-02-10T02:28:31.695+0000] {dag.py:3441} INFO - Setting next_dagrun for example_weekday_branch_operator to 2023-02-09T00:00:00+00:00, run_after=2023-02-10T00:00:00+00:00
[2023-02-10T02:28:31.932+0000] {processor.py:175} INFO - Processing /home/airflow/.local/lib/python3.7/site-packages/airflow/example_dags/example_branch_day_of_week_operator.py took 1.835 seconds
[2023-02-10T02:29:02.647+0000] {processor.py:153} INFO - Started process (PID=949) to work on /home/airflow/.local/lib/python3.7/site-packages/airflow/example_dags/example_branch_day_of_week_operator.py
[2023-02-10T02:29:02.660+0000] {processor.py:743} INFO - Processing file /home/airflow/.local/lib/python3.7/site-packages/airflow/example_dags/example_branch_day_of_week_operator.py for tasks to queue
[2023-02-10T02:29:02.664+0000] {logging_mixin.py:137} INFO - [2023-02-10T02:29:02.664+0000] {dagbag.py:538} INFO - Filling up the DagBag from /home/airflow/.local/lib/python3.7/site-packages/airflow/example_dags/example_branch_day_of_week_operator.py
[2023-02-10T02:29:02.742+0000] {processor.py:753} INFO - DAG(s) dict_keys(['example_weekday_branch_operator']) retrieved from /home/airflow/.local/lib/python3.7/site-packages/airflow/example_dags/example_branch_day_of_week_operator.py
[2023-02-10T02:29:02.896+0000] {logging_mixin.py:137} INFO - [2023-02-10T02:29:02.896+0000] {dag.py:2690} INFO - Sync 1 DAGs
[2023-02-10T02:29:03.063+0000] {logging_mixin.py:137} INFO - [2023-02-10T02:29:03.063+0000] {dag.py:3441} INFO - Setting next_dagrun for example_weekday_branch_operator to 2023-02-09T00:00:00+00:00, run_after=2023-02-10T00:00:00+00:00
[2023-02-10T02:29:03.224+0000] {processor.py:175} INFO - Processing /home/airflow/.local/lib/python3.7/site-packages/airflow/example_dags/example_branch_day_of_week_operator.py took 0.617 seconds
