[2023-02-10T01:51:59.604+0000] {processor.py:153} INFO - Started process (PID=318) to work on /home/airflow/.local/lib/python3.7/site-packages/airflow/example_dags/example_latest_only.py
[2023-02-10T01:51:59.642+0000] {processor.py:743} INFO - Processing file /home/airflow/.local/lib/python3.7/site-packages/airflow/example_dags/example_latest_only.py for tasks to queue
[2023-02-10T01:51:59.685+0000] {logging_mixin.py:137} INFO - [2023-02-10T01:51:59.684+0000] {dagbag.py:538} INFO - Filling up the DagBag from /home/airflow/.local/lib/python3.7/site-packages/airflow/example_dags/example_latest_only.py
[2023-02-10T01:52:00.328+0000] {processor.py:753} INFO - DAG(s) dict_keys(['latest_only']) retrieved from /home/airflow/.local/lib/python3.7/site-packages/airflow/example_dags/example_latest_only.py
[2023-02-10T01:52:01.520+0000] {logging_mixin.py:137} INFO - [2023-02-10T01:52:01.520+0000] {dag.py:2690} INFO - Sync 1 DAGs
[2023-02-10T01:52:02.510+0000] {logging_mixin.py:137} INFO - [2023-02-10T01:52:02.510+0000] {dag.py:3441} INFO - Setting next_dagrun for latest_only to 2023-02-09T21:52:02.509863+00:00, run_after=2023-02-10T01:52:02.509863+00:00
[2023-02-10T01:52:03.187+0000] {processor.py:175} INFO - Processing /home/airflow/.local/lib/python3.7/site-packages/airflow/example_dags/example_latest_only.py took 3.653 seconds
[2023-02-10T01:52:36.136+0000] {processor.py:153} INFO - Started process (PID=376) to work on /home/airflow/.local/lib/python3.7/site-packages/airflow/example_dags/example_latest_only.py
[2023-02-10T01:52:36.156+0000] {processor.py:743} INFO - Processing file /home/airflow/.local/lib/python3.7/site-packages/airflow/example_dags/example_latest_only.py for tasks to queue
[2023-02-10T01:52:36.161+0000] {logging_mixin.py:137} INFO - [2023-02-10T01:52:36.161+0000] {dagbag.py:538} INFO - Filling up the DagBag from /home/airflow/.local/lib/python3.7/site-packages/airflow/example_dags/example_latest_only.py
[2023-02-10T01:52:36.369+0000] {processor.py:753} INFO - DAG(s) dict_keys(['latest_only']) retrieved from /home/airflow/.local/lib/python3.7/site-packages/airflow/example_dags/example_latest_only.py
[2023-02-10T01:52:36.748+0000] {logging_mixin.py:137} INFO - [2023-02-10T01:52:36.738+0000] {dag.py:2690} INFO - Sync 1 DAGs
[2023-02-10T01:52:37.023+0000] {logging_mixin.py:137} INFO - [2023-02-10T01:52:37.023+0000] {dag.py:3441} INFO - Setting next_dagrun for latest_only to 2023-02-09T21:52:37.022242+00:00, run_after=2023-02-10T01:52:37.022242+00:00
[2023-02-10T01:52:37.255+0000] {processor.py:175} INFO - Processing /home/airflow/.local/lib/python3.7/site-packages/airflow/example_dags/example_latest_only.py took 1.139 seconds
[2023-02-10T01:53:09.101+0000] {processor.py:153} INFO - Started process (PID=434) to work on /home/airflow/.local/lib/python3.7/site-packages/airflow/example_dags/example_latest_only.py
[2023-02-10T01:53:09.218+0000] {processor.py:743} INFO - Processing file /home/airflow/.local/lib/python3.7/site-packages/airflow/example_dags/example_latest_only.py for tasks to queue
[2023-02-10T01:53:09.237+0000] {logging_mixin.py:137} INFO - [2023-02-10T01:53:09.236+0000] {dagbag.py:538} INFO - Filling up the DagBag from /home/airflow/.local/lib/python3.7/site-packages/airflow/example_dags/example_latest_only.py
[2023-02-10T01:53:09.540+0000] {processor.py:753} INFO - DAG(s) dict_keys(['latest_only']) retrieved from /home/airflow/.local/lib/python3.7/site-packages/airflow/example_dags/example_latest_only.py
[2023-02-10T01:53:09.957+0000] {logging_mixin.py:137} INFO - [2023-02-10T01:53:09.956+0000] {dag.py:2690} INFO - Sync 1 DAGs
[2023-02-10T01:53:10.551+0000] {logging_mixin.py:137} INFO - [2023-02-10T01:53:10.551+0000] {dag.py:3441} INFO - Setting next_dagrun for latest_only to 2023-02-09T21:53:10.538570+00:00, run_after=2023-02-10T01:53:10.538570+00:00
[2023-02-10T01:53:10.872+0000] {processor.py:175} INFO - Processing /home/airflow/.local/lib/python3.7/site-packages/airflow/example_dags/example_latest_only.py took 1.782 seconds
[2023-02-10T01:53:41.604+0000] {processor.py:153} INFO - Started process (PID=490) to work on /home/airflow/.local/lib/python3.7/site-packages/airflow/example_dags/example_latest_only.py
[2023-02-10T01:53:41.611+0000] {processor.py:743} INFO - Processing file /home/airflow/.local/lib/python3.7/site-packages/airflow/example_dags/example_latest_only.py for tasks to queue
[2023-02-10T01:53:41.617+0000] {logging_mixin.py:137} INFO - [2023-02-10T01:53:41.616+0000] {dagbag.py:538} INFO - Filling up the DagBag from /home/airflow/.local/lib/python3.7/site-packages/airflow/example_dags/example_latest_only.py
[2023-02-10T01:53:41.653+0000] {processor.py:753} INFO - DAG(s) dict_keys(['latest_only']) retrieved from /home/airflow/.local/lib/python3.7/site-packages/airflow/example_dags/example_latest_only.py
[2023-02-10T01:53:41.715+0000] {logging_mixin.py:137} INFO - [2023-02-10T01:53:41.714+0000] {dag.py:2690} INFO - Sync 1 DAGs
[2023-02-10T01:53:41.771+0000] {logging_mixin.py:137} INFO - [2023-02-10T01:53:41.770+0000] {dag.py:3441} INFO - Setting next_dagrun for latest_only to 2023-02-09T21:53:41.769987+00:00, run_after=2023-02-10T01:53:41.769987+00:00
[2023-02-10T01:53:41.815+0000] {processor.py:175} INFO - Processing /home/airflow/.local/lib/python3.7/site-packages/airflow/example_dags/example_latest_only.py took 0.220 seconds
[2023-02-10T01:54:12.343+0000] {processor.py:153} INFO - Started process (PID=542) to work on /home/airflow/.local/lib/python3.7/site-packages/airflow/example_dags/example_latest_only.py
[2023-02-10T01:54:12.348+0000] {processor.py:743} INFO - Processing file /home/airflow/.local/lib/python3.7/site-packages/airflow/example_dags/example_latest_only.py for tasks to queue
[2023-02-10T01:54:12.356+0000] {logging_mixin.py:137} INFO - [2023-02-10T01:54:12.355+0000] {dagbag.py:538} INFO - Filling up the DagBag from /home/airflow/.local/lib/python3.7/site-packages/airflow/example_dags/example_latest_only.py
[2023-02-10T01:54:12.390+0000] {processor.py:753} INFO - DAG(s) dict_keys(['latest_only']) retrieved from /home/airflow/.local/lib/python3.7/site-packages/airflow/example_dags/example_latest_only.py
[2023-02-10T01:54:12.447+0000] {logging_mixin.py:137} INFO - [2023-02-10T01:54:12.447+0000] {dag.py:2690} INFO - Sync 1 DAGs
[2023-02-10T01:54:12.502+0000] {logging_mixin.py:137} INFO - [2023-02-10T01:54:12.502+0000] {dag.py:3441} INFO - Setting next_dagrun for latest_only to 2023-02-09T21:54:12.501896+00:00, run_after=2023-02-10T01:54:12.501896+00:00
[2023-02-10T01:54:12.549+0000] {processor.py:175} INFO - Processing /home/airflow/.local/lib/python3.7/site-packages/airflow/example_dags/example_latest_only.py took 0.216 seconds
[2023-02-10T01:54:43.264+0000] {processor.py:153} INFO - Started process (PID=599) to work on /home/airflow/.local/lib/python3.7/site-packages/airflow/example_dags/example_latest_only.py
[2023-02-10T01:54:43.274+0000] {processor.py:743} INFO - Processing file /home/airflow/.local/lib/python3.7/site-packages/airflow/example_dags/example_latest_only.py for tasks to queue
[2023-02-10T01:54:43.283+0000] {logging_mixin.py:137} INFO - [2023-02-10T01:54:43.283+0000] {dagbag.py:538} INFO - Filling up the DagBag from /home/airflow/.local/lib/python3.7/site-packages/airflow/example_dags/example_latest_only.py
[2023-02-10T01:54:43.397+0000] {processor.py:753} INFO - DAG(s) dict_keys(['latest_only']) retrieved from /home/airflow/.local/lib/python3.7/site-packages/airflow/example_dags/example_latest_only.py
[2023-02-10T01:54:43.512+0000] {logging_mixin.py:137} INFO - [2023-02-10T01:54:43.512+0000] {dag.py:2690} INFO - Sync 1 DAGs
[2023-02-10T01:54:43.693+0000] {logging_mixin.py:137} INFO - [2023-02-10T01:54:43.690+0000] {dag.py:3441} INFO - Setting next_dagrun for latest_only to 2023-02-09T21:54:43.689798+00:00, run_after=2023-02-10T01:54:43.689798+00:00
[2023-02-10T01:54:43.798+0000] {processor.py:175} INFO - Processing /home/airflow/.local/lib/python3.7/site-packages/airflow/example_dags/example_latest_only.py took 0.555 seconds
[2023-02-10T01:55:14.323+0000] {processor.py:153} INFO - Started process (PID=648) to work on /home/airflow/.local/lib/python3.7/site-packages/airflow/example_dags/example_latest_only.py
[2023-02-10T01:55:14.330+0000] {processor.py:743} INFO - Processing file /home/airflow/.local/lib/python3.7/site-packages/airflow/example_dags/example_latest_only.py for tasks to queue
[2023-02-10T01:55:14.339+0000] {logging_mixin.py:137} INFO - [2023-02-10T01:55:14.337+0000] {dagbag.py:538} INFO - Filling up the DagBag from /home/airflow/.local/lib/python3.7/site-packages/airflow/example_dags/example_latest_only.py
[2023-02-10T01:55:14.417+0000] {processor.py:753} INFO - DAG(s) dict_keys(['latest_only']) retrieved from /home/airflow/.local/lib/python3.7/site-packages/airflow/example_dags/example_latest_only.py
[2023-02-10T01:55:14.535+0000] {logging_mixin.py:137} INFO - [2023-02-10T01:55:14.535+0000] {dag.py:2690} INFO - Sync 1 DAGs
[2023-02-10T01:55:14.607+0000] {logging_mixin.py:137} INFO - [2023-02-10T01:55:14.607+0000] {dag.py:3441} INFO - Setting next_dagrun for latest_only to 2023-02-09T21:55:14.606713+00:00, run_after=2023-02-10T01:55:14.606713+00:00
[2023-02-10T01:55:14.659+0000] {processor.py:175} INFO - Processing /home/airflow/.local/lib/python3.7/site-packages/airflow/example_dags/example_latest_only.py took 0.348 seconds
[2023-02-10T01:55:45.375+0000] {processor.py:153} INFO - Started process (PID=706) to work on /home/airflow/.local/lib/python3.7/site-packages/airflow/example_dags/example_latest_only.py
[2023-02-10T01:55:45.383+0000] {processor.py:743} INFO - Processing file /home/airflow/.local/lib/python3.7/site-packages/airflow/example_dags/example_latest_only.py for tasks to queue
[2023-02-10T01:55:45.390+0000] {logging_mixin.py:137} INFO - [2023-02-10T01:55:45.390+0000] {dagbag.py:538} INFO - Filling up the DagBag from /home/airflow/.local/lib/python3.7/site-packages/airflow/example_dags/example_latest_only.py
[2023-02-10T01:55:45.547+0000] {processor.py:753} INFO - DAG(s) dict_keys(['latest_only']) retrieved from /home/airflow/.local/lib/python3.7/site-packages/airflow/example_dags/example_latest_only.py
[2023-02-10T01:55:45.681+0000] {logging_mixin.py:137} INFO - [2023-02-10T01:55:45.681+0000] {dag.py:2690} INFO - Sync 1 DAGs
[2023-02-10T01:55:45.859+0000] {logging_mixin.py:137} INFO - [2023-02-10T01:55:45.859+0000] {dag.py:3441} INFO - Setting next_dagrun for latest_only to 2023-02-09T21:55:45.858853+00:00, run_after=2023-02-10T01:55:45.858853+00:00
[2023-02-10T01:55:45.991+0000] {processor.py:175} INFO - Processing /home/airflow/.local/lib/python3.7/site-packages/airflow/example_dags/example_latest_only.py took 0.650 seconds
[2023-02-10T01:56:16.115+0000] {processor.py:153} INFO - Started process (PID=764) to work on /home/airflow/.local/lib/python3.7/site-packages/airflow/example_dags/example_latest_only.py
[2023-02-10T01:56:16.122+0000] {processor.py:743} INFO - Processing file /home/airflow/.local/lib/python3.7/site-packages/airflow/example_dags/example_latest_only.py for tasks to queue
[2023-02-10T01:56:16.130+0000] {logging_mixin.py:137} INFO - [2023-02-10T01:56:16.128+0000] {dagbag.py:538} INFO - Filling up the DagBag from /home/airflow/.local/lib/python3.7/site-packages/airflow/example_dags/example_latest_only.py
[2023-02-10T01:56:16.186+0000] {processor.py:753} INFO - DAG(s) dict_keys(['latest_only']) retrieved from /home/airflow/.local/lib/python3.7/site-packages/airflow/example_dags/example_latest_only.py
[2023-02-10T01:56:16.308+0000] {logging_mixin.py:137} INFO - [2023-02-10T01:56:16.308+0000] {dag.py:2690} INFO - Sync 1 DAGs
[2023-02-10T01:56:16.387+0000] {logging_mixin.py:137} INFO - [2023-02-10T01:56:16.386+0000] {dag.py:3441} INFO - Setting next_dagrun for latest_only to 2023-02-09T21:56:16.386354+00:00, run_after=2023-02-10T01:56:16.386354+00:00
[2023-02-10T01:56:16.432+0000] {processor.py:175} INFO - Processing /home/airflow/.local/lib/python3.7/site-packages/airflow/example_dags/example_latest_only.py took 0.339 seconds
[2023-02-10T01:56:46.987+0000] {processor.py:153} INFO - Started process (PID=823) to work on /home/airflow/.local/lib/python3.7/site-packages/airflow/example_dags/example_latest_only.py
[2023-02-10T01:56:46.996+0000] {processor.py:743} INFO - Processing file /home/airflow/.local/lib/python3.7/site-packages/airflow/example_dags/example_latest_only.py for tasks to queue
[2023-02-10T01:56:47.025+0000] {logging_mixin.py:137} INFO - [2023-02-10T01:56:47.024+0000] {dagbag.py:538} INFO - Filling up the DagBag from /home/airflow/.local/lib/python3.7/site-packages/airflow/example_dags/example_latest_only.py
[2023-02-10T01:56:47.155+0000] {processor.py:753} INFO - DAG(s) dict_keys(['latest_only']) retrieved from /home/airflow/.local/lib/python3.7/site-packages/airflow/example_dags/example_latest_only.py
[2023-02-10T01:56:47.284+0000] {logging_mixin.py:137} INFO - [2023-02-10T01:56:47.284+0000] {dag.py:2690} INFO - Sync 1 DAGs
[2023-02-10T01:56:47.425+0000] {logging_mixin.py:137} INFO - [2023-02-10T01:56:47.425+0000] {dag.py:3441} INFO - Setting next_dagrun for latest_only to 2023-02-09T21:56:47.422401+00:00, run_after=2023-02-10T01:56:47.422401+00:00
[2023-02-10T01:56:47.584+0000] {processor.py:175} INFO - Processing /home/airflow/.local/lib/python3.7/site-packages/airflow/example_dags/example_latest_only.py took 0.619 seconds
[2023-02-10T01:57:34.929+0000] {processor.py:153} INFO - Started process (PID=881) to work on /home/airflow/.local/lib/python3.7/site-packages/airflow/example_dags/example_latest_only.py
[2023-02-10T01:57:35.010+0000] {processor.py:743} INFO - Processing file /home/airflow/.local/lib/python3.7/site-packages/airflow/example_dags/example_latest_only.py for tasks to queue
[2023-02-10T01:57:35.014+0000] {logging_mixin.py:137} INFO - [2023-02-10T01:57:35.014+0000] {dagbag.py:538} INFO - Filling up the DagBag from /home/airflow/.local/lib/python3.7/site-packages/airflow/example_dags/example_latest_only.py
[2023-02-10T01:57:36.095+0000] {processor.py:753} INFO - DAG(s) dict_keys(['latest_only']) retrieved from /home/airflow/.local/lib/python3.7/site-packages/airflow/example_dags/example_latest_only.py
[2023-02-10T01:57:37.567+0000] {logging_mixin.py:137} INFO - [2023-02-10T01:57:37.567+0000] {dag.py:2690} INFO - Sync 1 DAGs
[2023-02-10T01:57:38.566+0000] {logging_mixin.py:137} INFO - [2023-02-10T01:57:38.565+0000] {dag.py:3441} INFO - Setting next_dagrun for latest_only to 2023-02-09T21:57:38.558661+00:00, run_after=2023-02-10T01:57:38.558661+00:00
[2023-02-10T01:57:38.739+0000] {processor.py:175} INFO - Processing /home/airflow/.local/lib/python3.7/site-packages/airflow/example_dags/example_latest_only.py took 4.113 seconds
[2023-02-10T01:58:11.107+0000] {processor.py:153} INFO - Started process (PID=939) to work on /home/airflow/.local/lib/python3.7/site-packages/airflow/example_dags/example_latest_only.py
[2023-02-10T01:58:11.121+0000] {processor.py:743} INFO - Processing file /home/airflow/.local/lib/python3.7/site-packages/airflow/example_dags/example_latest_only.py for tasks to queue
[2023-02-10T01:58:11.132+0000] {logging_mixin.py:137} INFO - [2023-02-10T01:58:11.132+0000] {dagbag.py:538} INFO - Filling up the DagBag from /home/airflow/.local/lib/python3.7/site-packages/airflow/example_dags/example_latest_only.py
[2023-02-10T01:58:11.280+0000] {processor.py:753} INFO - DAG(s) dict_keys(['latest_only']) retrieved from /home/airflow/.local/lib/python3.7/site-packages/airflow/example_dags/example_latest_only.py
[2023-02-10T01:58:11.990+0000] {logging_mixin.py:137} INFO - [2023-02-10T01:58:11.989+0000] {dag.py:2690} INFO - Sync 1 DAGs
[2023-02-10T01:58:12.392+0000] {logging_mixin.py:137} INFO - [2023-02-10T01:58:12.392+0000] {dag.py:3441} INFO - Setting next_dagrun for latest_only to 2023-02-09T21:58:12.392044+00:00, run_after=2023-02-10T01:58:12.392044+00:00
[2023-02-10T01:58:12.688+0000] {processor.py:175} INFO - Processing /home/airflow/.local/lib/python3.7/site-packages/airflow/example_dags/example_latest_only.py took 1.644 seconds
[2023-02-10T01:58:56.563+0000] {processor.py:153} INFO - Started process (PID=1004) to work on /home/airflow/.local/lib/python3.7/site-packages/airflow/example_dags/example_latest_only.py
[2023-02-10T01:58:56.568+0000] {processor.py:743} INFO - Processing file /home/airflow/.local/lib/python3.7/site-packages/airflow/example_dags/example_latest_only.py for tasks to queue
[2023-02-10T01:58:56.575+0000] {logging_mixin.py:137} INFO - [2023-02-10T01:58:56.574+0000] {dagbag.py:538} INFO - Filling up the DagBag from /home/airflow/.local/lib/python3.7/site-packages/airflow/example_dags/example_latest_only.py
[2023-02-10T01:58:56.636+0000] {processor.py:753} INFO - DAG(s) dict_keys(['latest_only']) retrieved from /home/airflow/.local/lib/python3.7/site-packages/airflow/example_dags/example_latest_only.py
[2023-02-10T01:58:56.787+0000] {logging_mixin.py:137} INFO - [2023-02-10T01:58:56.786+0000] {dag.py:2690} INFO - Sync 1 DAGs
[2023-02-10T01:58:56.865+0000] {logging_mixin.py:137} INFO - [2023-02-10T01:58:56.865+0000] {dag.py:3441} INFO - Setting next_dagrun for latest_only to 2023-02-09T21:58:56.864832+00:00, run_after=2023-02-10T01:58:56.864832+00:00
[2023-02-10T01:58:56.926+0000] {processor.py:175} INFO - Processing /home/airflow/.local/lib/python3.7/site-packages/airflow/example_dags/example_latest_only.py took 0.381 seconds
[2023-02-10T01:59:34.869+0000] {processor.py:153} INFO - Started process (PID=1062) to work on /home/airflow/.local/lib/python3.7/site-packages/airflow/example_dags/example_latest_only.py
[2023-02-10T01:59:34.989+0000] {processor.py:743} INFO - Processing file /home/airflow/.local/lib/python3.7/site-packages/airflow/example_dags/example_latest_only.py for tasks to queue
[2023-02-10T01:59:35.015+0000] {logging_mixin.py:137} INFO - [2023-02-10T01:59:34.993+0000] {dagbag.py:538} INFO - Filling up the DagBag from /home/airflow/.local/lib/python3.7/site-packages/airflow/example_dags/example_latest_only.py
[2023-02-10T01:59:35.378+0000] {processor.py:753} INFO - DAG(s) dict_keys(['latest_only']) retrieved from /home/airflow/.local/lib/python3.7/site-packages/airflow/example_dags/example_latest_only.py
[2023-02-10T01:59:35.807+0000] {logging_mixin.py:137} INFO - [2023-02-10T01:59:35.807+0000] {dag.py:2690} INFO - Sync 1 DAGs
[2023-02-10T01:59:36.354+0000] {logging_mixin.py:137} INFO - [2023-02-10T01:59:36.351+0000] {dag.py:3441} INFO - Setting next_dagrun for latest_only to 2023-02-09T21:59:36.350227+00:00, run_after=2023-02-10T01:59:36.350227+00:00
[2023-02-10T01:59:36.940+0000] {processor.py:175} INFO - Processing /home/airflow/.local/lib/python3.7/site-packages/airflow/example_dags/example_latest_only.py took 2.121 seconds
[2023-02-10T02:00:18.861+0000] {processor.py:153} INFO - Started process (PID=1119) to work on /home/airflow/.local/lib/python3.7/site-packages/airflow/example_dags/example_latest_only.py
[2023-02-10T02:00:18.866+0000] {processor.py:743} INFO - Processing file /home/airflow/.local/lib/python3.7/site-packages/airflow/example_dags/example_latest_only.py for tasks to queue
[2023-02-10T02:00:18.873+0000] {logging_mixin.py:137} INFO - [2023-02-10T02:00:18.872+0000] {dagbag.py:538} INFO - Filling up the DagBag from /home/airflow/.local/lib/python3.7/site-packages/airflow/example_dags/example_latest_only.py
[2023-02-10T02:00:18.925+0000] {processor.py:753} INFO - DAG(s) dict_keys(['latest_only']) retrieved from /home/airflow/.local/lib/python3.7/site-packages/airflow/example_dags/example_latest_only.py
[2023-02-10T02:00:19.052+0000] {logging_mixin.py:137} INFO - [2023-02-10T02:00:19.052+0000] {dag.py:2690} INFO - Sync 1 DAGs
[2023-02-10T02:00:19.164+0000] {logging_mixin.py:137} INFO - [2023-02-10T02:00:19.163+0000] {dag.py:3441} INFO - Setting next_dagrun for latest_only to 2023-02-09T22:00:19.162858+00:00, run_after=2023-02-10T02:00:19.162858+00:00
[2023-02-10T02:00:19.312+0000] {processor.py:175} INFO - Processing /home/airflow/.local/lib/python3.7/site-packages/airflow/example_dags/example_latest_only.py took 0.490 seconds
[2023-02-10T02:00:53.118+0000] {processor.py:153} INFO - Started process (PID=1177) to work on /home/airflow/.local/lib/python3.7/site-packages/airflow/example_dags/example_latest_only.py
[2023-02-10T02:00:53.167+0000] {processor.py:743} INFO - Processing file /home/airflow/.local/lib/python3.7/site-packages/airflow/example_dags/example_latest_only.py for tasks to queue
[2023-02-10T02:00:53.179+0000] {logging_mixin.py:137} INFO - [2023-02-10T02:00:53.179+0000] {dagbag.py:538} INFO - Filling up the DagBag from /home/airflow/.local/lib/python3.7/site-packages/airflow/example_dags/example_latest_only.py
[2023-02-10T02:00:53.522+0000] {processor.py:753} INFO - DAG(s) dict_keys(['latest_only']) retrieved from /home/airflow/.local/lib/python3.7/site-packages/airflow/example_dags/example_latest_only.py
[2023-02-10T02:00:54.207+0000] {logging_mixin.py:137} INFO - [2023-02-10T02:00:54.207+0000] {dag.py:2690} INFO - Sync 1 DAGs
[2023-02-10T02:00:54.491+0000] {logging_mixin.py:137} INFO - [2023-02-10T02:00:54.490+0000] {dag.py:3441} INFO - Setting next_dagrun for latest_only to 2023-02-09T22:00:54.486209+00:00, run_after=2023-02-10T02:00:54.486209+00:00
[2023-02-10T02:00:54.644+0000] {processor.py:175} INFO - Processing /home/airflow/.local/lib/python3.7/site-packages/airflow/example_dags/example_latest_only.py took 1.556 seconds
[2023-02-10T02:01:29.571+0000] {processor.py:153} INFO - Started process (PID=1233) to work on /home/airflow/.local/lib/python3.7/site-packages/airflow/example_dags/example_latest_only.py
[2023-02-10T02:01:29.583+0000] {processor.py:743} INFO - Processing file /home/airflow/.local/lib/python3.7/site-packages/airflow/example_dags/example_latest_only.py for tasks to queue
[2023-02-10T02:01:29.591+0000] {logging_mixin.py:137} INFO - [2023-02-10T02:01:29.590+0000] {dagbag.py:538} INFO - Filling up the DagBag from /home/airflow/.local/lib/python3.7/site-packages/airflow/example_dags/example_latest_only.py
[2023-02-10T02:01:29.855+0000] {processor.py:753} INFO - DAG(s) dict_keys(['latest_only']) retrieved from /home/airflow/.local/lib/python3.7/site-packages/airflow/example_dags/example_latest_only.py
[2023-02-10T02:01:30.126+0000] {logging_mixin.py:137} INFO - [2023-02-10T02:01:30.126+0000] {dag.py:2690} INFO - Sync 1 DAGs
[2023-02-10T02:01:30.715+0000] {logging_mixin.py:137} INFO - [2023-02-10T02:01:30.715+0000] {dag.py:3441} INFO - Setting next_dagrun for latest_only to 2023-02-09T22:01:30.714677+00:00, run_after=2023-02-10T02:01:30.714677+00:00
[2023-02-10T02:01:30.994+0000] {processor.py:175} INFO - Processing /home/airflow/.local/lib/python3.7/site-packages/airflow/example_dags/example_latest_only.py took 1.718 seconds
[2023-02-10T02:02:07.540+0000] {processor.py:153} INFO - Started process (PID=1291) to work on /home/airflow/.local/lib/python3.7/site-packages/airflow/example_dags/example_latest_only.py
[2023-02-10T02:02:07.561+0000] {processor.py:743} INFO - Processing file /home/airflow/.local/lib/python3.7/site-packages/airflow/example_dags/example_latest_only.py for tasks to queue
[2023-02-10T02:02:07.583+0000] {logging_mixin.py:137} INFO - [2023-02-10T02:02:07.583+0000] {dagbag.py:538} INFO - Filling up the DagBag from /home/airflow/.local/lib/python3.7/site-packages/airflow/example_dags/example_latest_only.py
[2023-02-10T02:02:07.721+0000] {processor.py:753} INFO - DAG(s) dict_keys(['latest_only']) retrieved from /home/airflow/.local/lib/python3.7/site-packages/airflow/example_dags/example_latest_only.py
[2023-02-10T02:02:07.908+0000] {logging_mixin.py:137} INFO - [2023-02-10T02:02:07.907+0000] {dag.py:2690} INFO - Sync 1 DAGs
[2023-02-10T02:02:08.018+0000] {logging_mixin.py:137} INFO - [2023-02-10T02:02:08.018+0000] {dag.py:3441} INFO - Setting next_dagrun for latest_only to 2023-02-09T22:02:08.018200+00:00, run_after=2023-02-10T02:02:08.018200+00:00
[2023-02-10T02:02:08.184+0000] {processor.py:175} INFO - Processing /home/airflow/.local/lib/python3.7/site-packages/airflow/example_dags/example_latest_only.py took 0.690 seconds
[2023-02-10T02:02:38.497+0000] {processor.py:153} INFO - Started process (PID=1342) to work on /home/airflow/.local/lib/python3.7/site-packages/airflow/example_dags/example_latest_only.py
[2023-02-10T02:02:38.505+0000] {processor.py:743} INFO - Processing file /home/airflow/.local/lib/python3.7/site-packages/airflow/example_dags/example_latest_only.py for tasks to queue
[2023-02-10T02:02:38.512+0000] {logging_mixin.py:137} INFO - [2023-02-10T02:02:38.511+0000] {dagbag.py:538} INFO - Filling up the DagBag from /home/airflow/.local/lib/python3.7/site-packages/airflow/example_dags/example_latest_only.py
[2023-02-10T02:02:38.583+0000] {processor.py:753} INFO - DAG(s) dict_keys(['latest_only']) retrieved from /home/airflow/.local/lib/python3.7/site-packages/airflow/example_dags/example_latest_only.py
[2023-02-10T02:02:38.668+0000] {logging_mixin.py:137} INFO - [2023-02-10T02:02:38.666+0000] {dag.py:2690} INFO - Sync 1 DAGs
[2023-02-10T02:02:38.754+0000] {logging_mixin.py:137} INFO - [2023-02-10T02:02:38.754+0000] {dag.py:3441} INFO - Setting next_dagrun for latest_only to 2023-02-09T22:02:38.753676+00:00, run_after=2023-02-10T02:02:38.753676+00:00
[2023-02-10T02:02:38.844+0000] {processor.py:175} INFO - Processing /home/airflow/.local/lib/python3.7/site-packages/airflow/example_dags/example_latest_only.py took 0.360 seconds
[2023-02-10T02:03:08.982+0000] {processor.py:153} INFO - Started process (PID=1400) to work on /home/airflow/.local/lib/python3.7/site-packages/airflow/example_dags/example_latest_only.py
[2023-02-10T02:03:08.993+0000] {processor.py:743} INFO - Processing file /home/airflow/.local/lib/python3.7/site-packages/airflow/example_dags/example_latest_only.py for tasks to queue
[2023-02-10T02:03:09.002+0000] {logging_mixin.py:137} INFO - [2023-02-10T02:03:09.001+0000] {dagbag.py:538} INFO - Filling up the DagBag from /home/airflow/.local/lib/python3.7/site-packages/airflow/example_dags/example_latest_only.py
[2023-02-10T02:03:09.040+0000] {processor.py:753} INFO - DAG(s) dict_keys(['latest_only']) retrieved from /home/airflow/.local/lib/python3.7/site-packages/airflow/example_dags/example_latest_only.py
[2023-02-10T02:03:09.139+0000] {logging_mixin.py:137} INFO - [2023-02-10T02:03:09.130+0000] {dag.py:2690} INFO - Sync 1 DAGs
[2023-02-10T02:03:09.332+0000] {logging_mixin.py:137} INFO - [2023-02-10T02:03:09.332+0000] {dag.py:3441} INFO - Setting next_dagrun for latest_only to 2023-02-09T22:03:09.330838+00:00, run_after=2023-02-10T02:03:09.330838+00:00
[2023-02-10T02:03:09.551+0000] {processor.py:175} INFO - Processing /home/airflow/.local/lib/python3.7/site-packages/airflow/example_dags/example_latest_only.py took 0.593 seconds
[2023-02-10T02:03:40.019+0000] {processor.py:153} INFO - Started process (PID=1460) to work on /home/airflow/.local/lib/python3.7/site-packages/airflow/example_dags/example_latest_only.py
[2023-02-10T02:03:40.024+0000] {processor.py:743} INFO - Processing file /home/airflow/.local/lib/python3.7/site-packages/airflow/example_dags/example_latest_only.py for tasks to queue
[2023-02-10T02:03:40.030+0000] {logging_mixin.py:137} INFO - [2023-02-10T02:03:40.029+0000] {dagbag.py:538} INFO - Filling up the DagBag from /home/airflow/.local/lib/python3.7/site-packages/airflow/example_dags/example_latest_only.py
[2023-02-10T02:03:40.061+0000] {processor.py:753} INFO - DAG(s) dict_keys(['latest_only']) retrieved from /home/airflow/.local/lib/python3.7/site-packages/airflow/example_dags/example_latest_only.py
[2023-02-10T02:03:40.217+0000] {logging_mixin.py:137} INFO - [2023-02-10T02:03:40.216+0000] {dag.py:2690} INFO - Sync 1 DAGs
[2023-02-10T02:03:40.361+0000] {logging_mixin.py:137} INFO - [2023-02-10T02:03:40.361+0000] {dag.py:3441} INFO - Setting next_dagrun for latest_only to 2023-02-09T22:03:40.361163+00:00, run_after=2023-02-10T02:03:40.361163+00:00
[2023-02-10T02:03:40.459+0000] {processor.py:175} INFO - Processing /home/airflow/.local/lib/python3.7/site-packages/airflow/example_dags/example_latest_only.py took 0.450 seconds
[2023-02-10T02:04:10.727+0000] {processor.py:153} INFO - Started process (PID=1519) to work on /home/airflow/.local/lib/python3.7/site-packages/airflow/example_dags/example_latest_only.py
[2023-02-10T02:04:10.736+0000] {processor.py:743} INFO - Processing file /home/airflow/.local/lib/python3.7/site-packages/airflow/example_dags/example_latest_only.py for tasks to queue
[2023-02-10T02:04:10.743+0000] {logging_mixin.py:137} INFO - [2023-02-10T02:04:10.742+0000] {dagbag.py:538} INFO - Filling up the DagBag from /home/airflow/.local/lib/python3.7/site-packages/airflow/example_dags/example_latest_only.py
[2023-02-10T02:04:10.813+0000] {processor.py:753} INFO - DAG(s) dict_keys(['latest_only']) retrieved from /home/airflow/.local/lib/python3.7/site-packages/airflow/example_dags/example_latest_only.py
[2023-02-10T02:04:10.963+0000] {logging_mixin.py:137} INFO - [2023-02-10T02:04:10.963+0000] {dag.py:2690} INFO - Sync 1 DAGs
[2023-02-10T02:04:11.107+0000] {logging_mixin.py:137} INFO - [2023-02-10T02:04:11.107+0000] {dag.py:3441} INFO - Setting next_dagrun for latest_only to 2023-02-09T22:04:11.106914+00:00, run_after=2023-02-10T02:04:11.106914+00:00
[2023-02-10T02:04:11.225+0000] {processor.py:175} INFO - Processing /home/airflow/.local/lib/python3.7/site-packages/airflow/example_dags/example_latest_only.py took 0.517 seconds
[2023-02-10T02:04:41.852+0000] {processor.py:153} INFO - Started process (PID=1576) to work on /home/airflow/.local/lib/python3.7/site-packages/airflow/example_dags/example_latest_only.py
[2023-02-10T02:04:41.857+0000] {processor.py:743} INFO - Processing file /home/airflow/.local/lib/python3.7/site-packages/airflow/example_dags/example_latest_only.py for tasks to queue
[2023-02-10T02:04:41.861+0000] {logging_mixin.py:137} INFO - [2023-02-10T02:04:41.861+0000] {dagbag.py:538} INFO - Filling up the DagBag from /home/airflow/.local/lib/python3.7/site-packages/airflow/example_dags/example_latest_only.py
[2023-02-10T02:04:41.893+0000] {processor.py:753} INFO - DAG(s) dict_keys(['latest_only']) retrieved from /home/airflow/.local/lib/python3.7/site-packages/airflow/example_dags/example_latest_only.py
[2023-02-10T02:04:41.951+0000] {logging_mixin.py:137} INFO - [2023-02-10T02:04:41.951+0000] {dag.py:2690} INFO - Sync 1 DAGs
[2023-02-10T02:04:42.003+0000] {logging_mixin.py:137} INFO - [2023-02-10T02:04:42.003+0000] {dag.py:3441} INFO - Setting next_dagrun for latest_only to 2023-02-09T22:04:42.003099+00:00, run_after=2023-02-10T02:04:42.003099+00:00
[2023-02-10T02:04:42.050+0000] {processor.py:175} INFO - Processing /home/airflow/.local/lib/python3.7/site-packages/airflow/example_dags/example_latest_only.py took 0.205 seconds
[2023-02-10T02:05:12.195+0000] {processor.py:153} INFO - Started process (PID=1635) to work on /home/airflow/.local/lib/python3.7/site-packages/airflow/example_dags/example_latest_only.py
[2023-02-10T02:05:12.199+0000] {processor.py:743} INFO - Processing file /home/airflow/.local/lib/python3.7/site-packages/airflow/example_dags/example_latest_only.py for tasks to queue
[2023-02-10T02:05:12.203+0000] {logging_mixin.py:137} INFO - [2023-02-10T02:05:12.203+0000] {dagbag.py:538} INFO - Filling up the DagBag from /home/airflow/.local/lib/python3.7/site-packages/airflow/example_dags/example_latest_only.py
[2023-02-10T02:05:12.234+0000] {processor.py:753} INFO - DAG(s) dict_keys(['latest_only']) retrieved from /home/airflow/.local/lib/python3.7/site-packages/airflow/example_dags/example_latest_only.py
[2023-02-10T02:05:12.294+0000] {logging_mixin.py:137} INFO - [2023-02-10T02:05:12.294+0000] {dag.py:2690} INFO - Sync 1 DAGs
[2023-02-10T02:05:12.388+0000] {logging_mixin.py:137} INFO - [2023-02-10T02:05:12.388+0000] {dag.py:3441} INFO - Setting next_dagrun for latest_only to 2023-02-09T22:05:12.387899+00:00, run_after=2023-02-10T02:05:12.387899+00:00
[2023-02-10T02:05:12.446+0000] {processor.py:175} INFO - Processing /home/airflow/.local/lib/python3.7/site-packages/airflow/example_dags/example_latest_only.py took 0.260 seconds
[2023-02-10T02:05:43.134+0000] {processor.py:153} INFO - Started process (PID=1693) to work on /home/airflow/.local/lib/python3.7/site-packages/airflow/example_dags/example_latest_only.py
[2023-02-10T02:05:43.142+0000] {processor.py:743} INFO - Processing file /home/airflow/.local/lib/python3.7/site-packages/airflow/example_dags/example_latest_only.py for tasks to queue
[2023-02-10T02:05:43.150+0000] {logging_mixin.py:137} INFO - [2023-02-10T02:05:43.148+0000] {dagbag.py:538} INFO - Filling up the DagBag from /home/airflow/.local/lib/python3.7/site-packages/airflow/example_dags/example_latest_only.py
[2023-02-10T02:05:43.245+0000] {processor.py:753} INFO - DAG(s) dict_keys(['latest_only']) retrieved from /home/airflow/.local/lib/python3.7/site-packages/airflow/example_dags/example_latest_only.py
[2023-02-10T02:05:43.357+0000] {logging_mixin.py:137} INFO - [2023-02-10T02:05:43.357+0000] {dag.py:2690} INFO - Sync 1 DAGs
[2023-02-10T02:05:43.502+0000] {logging_mixin.py:137} INFO - [2023-02-10T02:05:43.501+0000] {dag.py:3441} INFO - Setting next_dagrun for latest_only to 2023-02-09T22:05:43.499335+00:00, run_after=2023-02-10T02:05:43.499335+00:00
[2023-02-10T02:05:43.594+0000] {processor.py:175} INFO - Processing /home/airflow/.local/lib/python3.7/site-packages/airflow/example_dags/example_latest_only.py took 0.483 seconds
[2023-02-10T02:06:14.504+0000] {processor.py:153} INFO - Started process (PID=1750) to work on /home/airflow/.local/lib/python3.7/site-packages/airflow/example_dags/example_latest_only.py
[2023-02-10T02:06:14.508+0000] {processor.py:743} INFO - Processing file /home/airflow/.local/lib/python3.7/site-packages/airflow/example_dags/example_latest_only.py for tasks to queue
[2023-02-10T02:06:14.516+0000] {logging_mixin.py:137} INFO - [2023-02-10T02:06:14.514+0000] {dagbag.py:538} INFO - Filling up the DagBag from /home/airflow/.local/lib/python3.7/site-packages/airflow/example_dags/example_latest_only.py
[2023-02-10T02:06:14.578+0000] {processor.py:753} INFO - DAG(s) dict_keys(['latest_only']) retrieved from /home/airflow/.local/lib/python3.7/site-packages/airflow/example_dags/example_latest_only.py
[2023-02-10T02:06:14.642+0000] {logging_mixin.py:137} INFO - [2023-02-10T02:06:14.642+0000] {dag.py:2690} INFO - Sync 1 DAGs
[2023-02-10T02:06:14.773+0000] {logging_mixin.py:137} INFO - [2023-02-10T02:06:14.773+0000] {dag.py:3441} INFO - Setting next_dagrun for latest_only to 2023-02-09T22:06:14.772966+00:00, run_after=2023-02-10T02:06:14.772966+00:00
[2023-02-10T02:06:14.864+0000] {processor.py:175} INFO - Processing /home/airflow/.local/lib/python3.7/site-packages/airflow/example_dags/example_latest_only.py took 0.380 seconds
[2023-02-10T02:06:45.418+0000] {processor.py:153} INFO - Started process (PID=1806) to work on /home/airflow/.local/lib/python3.7/site-packages/airflow/example_dags/example_latest_only.py
[2023-02-10T02:06:45.425+0000] {processor.py:743} INFO - Processing file /home/airflow/.local/lib/python3.7/site-packages/airflow/example_dags/example_latest_only.py for tasks to queue
[2023-02-10T02:06:45.442+0000] {logging_mixin.py:137} INFO - [2023-02-10T02:06:45.441+0000] {dagbag.py:538} INFO - Filling up the DagBag from /home/airflow/.local/lib/python3.7/site-packages/airflow/example_dags/example_latest_only.py
[2023-02-10T02:06:45.484+0000] {processor.py:753} INFO - DAG(s) dict_keys(['latest_only']) retrieved from /home/airflow/.local/lib/python3.7/site-packages/airflow/example_dags/example_latest_only.py
[2023-02-10T02:06:45.544+0000] {logging_mixin.py:137} INFO - [2023-02-10T02:06:45.543+0000] {dag.py:2690} INFO - Sync 1 DAGs
[2023-02-10T02:06:45.612+0000] {logging_mixin.py:137} INFO - [2023-02-10T02:06:45.611+0000] {dag.py:3441} INFO - Setting next_dagrun for latest_only to 2023-02-09T22:06:45.610584+00:00, run_after=2023-02-10T02:06:45.610584+00:00
[2023-02-10T02:06:45.665+0000] {processor.py:175} INFO - Processing /home/airflow/.local/lib/python3.7/site-packages/airflow/example_dags/example_latest_only.py took 0.261 seconds
[2023-02-10T02:07:16.189+0000] {processor.py:153} INFO - Started process (PID=1865) to work on /home/airflow/.local/lib/python3.7/site-packages/airflow/example_dags/example_latest_only.py
[2023-02-10T02:07:16.201+0000] {processor.py:743} INFO - Processing file /home/airflow/.local/lib/python3.7/site-packages/airflow/example_dags/example_latest_only.py for tasks to queue
[2023-02-10T02:07:16.206+0000] {logging_mixin.py:137} INFO - [2023-02-10T02:07:16.206+0000] {dagbag.py:538} INFO - Filling up the DagBag from /home/airflow/.local/lib/python3.7/site-packages/airflow/example_dags/example_latest_only.py
[2023-02-10T02:07:16.293+0000] {processor.py:753} INFO - DAG(s) dict_keys(['latest_only']) retrieved from /home/airflow/.local/lib/python3.7/site-packages/airflow/example_dags/example_latest_only.py
[2023-02-10T02:07:16.359+0000] {logging_mixin.py:137} INFO - [2023-02-10T02:07:16.358+0000] {dag.py:2690} INFO - Sync 1 DAGs
[2023-02-10T02:07:16.505+0000] {logging_mixin.py:137} INFO - [2023-02-10T02:07:16.504+0000] {dag.py:3441} INFO - Setting next_dagrun for latest_only to 2023-02-09T22:07:16.500218+00:00, run_after=2023-02-10T02:07:16.500218+00:00
[2023-02-10T02:07:16.616+0000] {processor.py:175} INFO - Processing /home/airflow/.local/lib/python3.7/site-packages/airflow/example_dags/example_latest_only.py took 0.476 seconds
[2023-02-10T02:07:47.189+0000] {processor.py:153} INFO - Started process (PID=1917) to work on /home/airflow/.local/lib/python3.7/site-packages/airflow/example_dags/example_latest_only.py
[2023-02-10T02:07:47.211+0000] {processor.py:743} INFO - Processing file /home/airflow/.local/lib/python3.7/site-packages/airflow/example_dags/example_latest_only.py for tasks to queue
[2023-02-10T02:07:47.229+0000] {logging_mixin.py:137} INFO - [2023-02-10T02:07:47.227+0000] {dagbag.py:538} INFO - Filling up the DagBag from /home/airflow/.local/lib/python3.7/site-packages/airflow/example_dags/example_latest_only.py
[2023-02-10T02:07:47.401+0000] {processor.py:753} INFO - DAG(s) dict_keys(['latest_only']) retrieved from /home/airflow/.local/lib/python3.7/site-packages/airflow/example_dags/example_latest_only.py
[2023-02-10T02:07:47.701+0000] {logging_mixin.py:137} INFO - [2023-02-10T02:07:47.700+0000] {dag.py:2690} INFO - Sync 1 DAGs
[2023-02-10T02:07:48.067+0000] {logging_mixin.py:137} INFO - [2023-02-10T02:07:48.067+0000] {dag.py:3441} INFO - Setting next_dagrun for latest_only to 2023-02-09T22:07:48.066997+00:00, run_after=2023-02-10T02:07:48.066997+00:00
[2023-02-10T02:07:48.308+0000] {processor.py:175} INFO - Processing /home/airflow/.local/lib/python3.7/site-packages/airflow/example_dags/example_latest_only.py took 1.169 seconds
[2023-02-10T02:08:20.663+0000] {processor.py:153} INFO - Started process (PID=1977) to work on /home/airflow/.local/lib/python3.7/site-packages/airflow/example_dags/example_latest_only.py
[2023-02-10T02:08:20.672+0000] {processor.py:743} INFO - Processing file /home/airflow/.local/lib/python3.7/site-packages/airflow/example_dags/example_latest_only.py for tasks to queue
[2023-02-10T02:08:20.689+0000] {logging_mixin.py:137} INFO - [2023-02-10T02:08:20.679+0000] {dagbag.py:538} INFO - Filling up the DagBag from /home/airflow/.local/lib/python3.7/site-packages/airflow/example_dags/example_latest_only.py
[2023-02-10T02:08:20.862+0000] {processor.py:753} INFO - DAG(s) dict_keys(['latest_only']) retrieved from /home/airflow/.local/lib/python3.7/site-packages/airflow/example_dags/example_latest_only.py
[2023-02-10T02:08:21.170+0000] {logging_mixin.py:137} INFO - [2023-02-10T02:08:21.170+0000] {dag.py:2690} INFO - Sync 1 DAGs
[2023-02-10T02:08:21.782+0000] {logging_mixin.py:137} INFO - [2023-02-10T02:08:21.767+0000] {dag.py:3441} INFO - Setting next_dagrun for latest_only to 2023-02-09T22:08:21.766286+00:00, run_after=2023-02-10T02:08:21.766286+00:00
[2023-02-10T02:08:22.133+0000] {processor.py:175} INFO - Processing /home/airflow/.local/lib/python3.7/site-packages/airflow/example_dags/example_latest_only.py took 1.572 seconds
[2023-02-10T02:08:52.738+0000] {processor.py:153} INFO - Started process (PID=2035) to work on /home/airflow/.local/lib/python3.7/site-packages/airflow/example_dags/example_latest_only.py
[2023-02-10T02:08:52.756+0000] {processor.py:743} INFO - Processing file /home/airflow/.local/lib/python3.7/site-packages/airflow/example_dags/example_latest_only.py for tasks to queue
[2023-02-10T02:08:52.764+0000] {logging_mixin.py:137} INFO - [2023-02-10T02:08:52.763+0000] {dagbag.py:538} INFO - Filling up the DagBag from /home/airflow/.local/lib/python3.7/site-packages/airflow/example_dags/example_latest_only.py
[2023-02-10T02:08:53.004+0000] {processor.py:753} INFO - DAG(s) dict_keys(['latest_only']) retrieved from /home/airflow/.local/lib/python3.7/site-packages/airflow/example_dags/example_latest_only.py
[2023-02-10T02:08:53.404+0000] {logging_mixin.py:137} INFO - [2023-02-10T02:08:53.387+0000] {dag.py:2690} INFO - Sync 1 DAGs
[2023-02-10T02:08:53.638+0000] {logging_mixin.py:137} INFO - [2023-02-10T02:08:53.637+0000] {dag.py:3441} INFO - Setting next_dagrun for latest_only to 2023-02-09T22:08:53.637389+00:00, run_after=2023-02-10T02:08:53.637389+00:00
[2023-02-10T02:08:53.781+0000] {processor.py:175} INFO - Processing /home/airflow/.local/lib/python3.7/site-packages/airflow/example_dags/example_latest_only.py took 1.127 seconds
[2023-02-10T02:09:27.036+0000] {processor.py:153} INFO - Started process (PID=2085) to work on /home/airflow/.local/lib/python3.7/site-packages/airflow/example_dags/example_latest_only.py
[2023-02-10T02:09:27.065+0000] {processor.py:743} INFO - Processing file /home/airflow/.local/lib/python3.7/site-packages/airflow/example_dags/example_latest_only.py for tasks to queue
[2023-02-10T02:09:27.079+0000] {logging_mixin.py:137} INFO - [2023-02-10T02:09:27.078+0000] {dagbag.py:538} INFO - Filling up the DagBag from /home/airflow/.local/lib/python3.7/site-packages/airflow/example_dags/example_latest_only.py
[2023-02-10T02:09:27.170+0000] {processor.py:753} INFO - DAG(s) dict_keys(['latest_only']) retrieved from /home/airflow/.local/lib/python3.7/site-packages/airflow/example_dags/example_latest_only.py
[2023-02-10T02:09:27.352+0000] {logging_mixin.py:137} INFO - [2023-02-10T02:09:27.352+0000] {dag.py:2690} INFO - Sync 1 DAGs
[2023-02-10T02:09:27.657+0000] {logging_mixin.py:137} INFO - [2023-02-10T02:09:27.656+0000] {dag.py:3441} INFO - Setting next_dagrun for latest_only to 2023-02-09T22:09:27.655594+00:00, run_after=2023-02-10T02:09:27.655594+00:00
[2023-02-10T02:09:27.893+0000] {processor.py:175} INFO - Processing /home/airflow/.local/lib/python3.7/site-packages/airflow/example_dags/example_latest_only.py took 0.863 seconds
[2023-02-10T02:10:01.676+0000] {processor.py:153} INFO - Started process (PID=2143) to work on /home/airflow/.local/lib/python3.7/site-packages/airflow/example_dags/example_latest_only.py
[2023-02-10T02:10:01.698+0000] {processor.py:743} INFO - Processing file /home/airflow/.local/lib/python3.7/site-packages/airflow/example_dags/example_latest_only.py for tasks to queue
[2023-02-10T02:10:01.711+0000] {logging_mixin.py:137} INFO - [2023-02-10T02:10:01.710+0000] {dagbag.py:538} INFO - Filling up the DagBag from /home/airflow/.local/lib/python3.7/site-packages/airflow/example_dags/example_latest_only.py
[2023-02-10T02:10:02.050+0000] {processor.py:753} INFO - DAG(s) dict_keys(['latest_only']) retrieved from /home/airflow/.local/lib/python3.7/site-packages/airflow/example_dags/example_latest_only.py
[2023-02-10T02:10:02.376+0000] {logging_mixin.py:137} INFO - [2023-02-10T02:10:02.365+0000] {dag.py:2690} INFO - Sync 1 DAGs
[2023-02-10T02:10:02.772+0000] {logging_mixin.py:137} INFO - [2023-02-10T02:10:02.771+0000] {dag.py:3441} INFO - Setting next_dagrun for latest_only to 2023-02-09T22:10:02.754094+00:00, run_after=2023-02-10T02:10:02.754094+00:00
[2023-02-10T02:10:02.983+0000] {processor.py:175} INFO - Processing /home/airflow/.local/lib/python3.7/site-packages/airflow/example_dags/example_latest_only.py took 1.342 seconds
[2023-02-10T02:10:43.625+0000] {processor.py:153} INFO - Started process (PID=2203) to work on /home/airflow/.local/lib/python3.7/site-packages/airflow/example_dags/example_latest_only.py
[2023-02-10T02:10:43.634+0000] {processor.py:743} INFO - Processing file /home/airflow/.local/lib/python3.7/site-packages/airflow/example_dags/example_latest_only.py for tasks to queue
[2023-02-10T02:10:43.643+0000] {logging_mixin.py:137} INFO - [2023-02-10T02:10:43.643+0000] {dagbag.py:538} INFO - Filling up the DagBag from /home/airflow/.local/lib/python3.7/site-packages/airflow/example_dags/example_latest_only.py
[2023-02-10T02:10:43.732+0000] {processor.py:753} INFO - DAG(s) dict_keys(['latest_only']) retrieved from /home/airflow/.local/lib/python3.7/site-packages/airflow/example_dags/example_latest_only.py
[2023-02-10T02:10:43.990+0000] {logging_mixin.py:137} INFO - [2023-02-10T02:10:43.989+0000] {dag.py:2690} INFO - Sync 1 DAGs
[2023-02-10T02:10:44.232+0000] {logging_mixin.py:137} INFO - [2023-02-10T02:10:44.231+0000] {dag.py:3441} INFO - Setting next_dagrun for latest_only to 2023-02-09T22:10:44.230992+00:00, run_after=2023-02-10T02:10:44.230992+00:00
[2023-02-10T02:10:44.363+0000] {processor.py:175} INFO - Processing /home/airflow/.local/lib/python3.7/site-packages/airflow/example_dags/example_latest_only.py took 0.764 seconds
[2023-02-10T02:11:14.750+0000] {processor.py:153} INFO - Started process (PID=2261) to work on /home/airflow/.local/lib/python3.7/site-packages/airflow/example_dags/example_latest_only.py
[2023-02-10T02:11:14.760+0000] {processor.py:743} INFO - Processing file /home/airflow/.local/lib/python3.7/site-packages/airflow/example_dags/example_latest_only.py for tasks to queue
[2023-02-10T02:11:14.786+0000] {logging_mixin.py:137} INFO - [2023-02-10T02:11:14.778+0000] {dagbag.py:538} INFO - Filling up the DagBag from /home/airflow/.local/lib/python3.7/site-packages/airflow/example_dags/example_latest_only.py
[2023-02-10T02:11:14.838+0000] {processor.py:753} INFO - DAG(s) dict_keys(['latest_only']) retrieved from /home/airflow/.local/lib/python3.7/site-packages/airflow/example_dags/example_latest_only.py
[2023-02-10T02:11:14.909+0000] {logging_mixin.py:137} INFO - [2023-02-10T02:11:14.909+0000] {dag.py:2690} INFO - Sync 1 DAGs
[2023-02-10T02:11:14.963+0000] {logging_mixin.py:137} INFO - [2023-02-10T02:11:14.963+0000] {dag.py:3441} INFO - Setting next_dagrun for latest_only to 2023-02-09T22:11:14.962859+00:00, run_after=2023-02-10T02:11:14.962859+00:00
[2023-02-10T02:11:15.006+0000] {processor.py:175} INFO - Processing /home/airflow/.local/lib/python3.7/site-packages/airflow/example_dags/example_latest_only.py took 0.266 seconds
[2023-02-10T02:11:46.249+0000] {processor.py:153} INFO - Started process (PID=2320) to work on /home/airflow/.local/lib/python3.7/site-packages/airflow/example_dags/example_latest_only.py
[2023-02-10T02:11:46.256+0000] {processor.py:743} INFO - Processing file /home/airflow/.local/lib/python3.7/site-packages/airflow/example_dags/example_latest_only.py for tasks to queue
[2023-02-10T02:11:46.297+0000] {logging_mixin.py:137} INFO - [2023-02-10T02:11:46.297+0000] {dagbag.py:538} INFO - Filling up the DagBag from /home/airflow/.local/lib/python3.7/site-packages/airflow/example_dags/example_latest_only.py
[2023-02-10T02:11:46.339+0000] {processor.py:753} INFO - DAG(s) dict_keys(['latest_only']) retrieved from /home/airflow/.local/lib/python3.7/site-packages/airflow/example_dags/example_latest_only.py
[2023-02-10T02:11:46.441+0000] {logging_mixin.py:137} INFO - [2023-02-10T02:11:46.441+0000] {dag.py:2690} INFO - Sync 1 DAGs
[2023-02-10T02:11:46.700+0000] {logging_mixin.py:137} INFO - [2023-02-10T02:11:46.700+0000] {dag.py:3441} INFO - Setting next_dagrun for latest_only to 2023-02-09T22:11:46.700111+00:00, run_after=2023-02-10T02:11:46.700111+00:00
[2023-02-10T02:11:46.790+0000] {processor.py:175} INFO - Processing /home/airflow/.local/lib/python3.7/site-packages/airflow/example_dags/example_latest_only.py took 0.560 seconds
[2023-02-10T02:12:17.121+0000] {processor.py:153} INFO - Started process (PID=2378) to work on /home/airflow/.local/lib/python3.7/site-packages/airflow/example_dags/example_latest_only.py
[2023-02-10T02:12:17.132+0000] {processor.py:743} INFO - Processing file /home/airflow/.local/lib/python3.7/site-packages/airflow/example_dags/example_latest_only.py for tasks to queue
[2023-02-10T02:12:17.136+0000] {logging_mixin.py:137} INFO - [2023-02-10T02:12:17.135+0000] {dagbag.py:538} INFO - Filling up the DagBag from /home/airflow/.local/lib/python3.7/site-packages/airflow/example_dags/example_latest_only.py
[2023-02-10T02:12:17.225+0000] {processor.py:753} INFO - DAG(s) dict_keys(['latest_only']) retrieved from /home/airflow/.local/lib/python3.7/site-packages/airflow/example_dags/example_latest_only.py
[2023-02-10T02:12:17.359+0000] {logging_mixin.py:137} INFO - [2023-02-10T02:12:17.359+0000] {dag.py:2690} INFO - Sync 1 DAGs
[2023-02-10T02:12:17.537+0000] {logging_mixin.py:137} INFO - [2023-02-10T02:12:17.537+0000] {dag.py:3441} INFO - Setting next_dagrun for latest_only to 2023-02-09T22:12:17.537080+00:00, run_after=2023-02-10T02:12:17.537080+00:00
[2023-02-10T02:12:17.653+0000] {processor.py:175} INFO - Processing /home/airflow/.local/lib/python3.7/site-packages/airflow/example_dags/example_latest_only.py took 0.548 seconds
[2023-02-10T02:12:47.893+0000] {processor.py:153} INFO - Started process (PID=2437) to work on /home/airflow/.local/lib/python3.7/site-packages/airflow/example_dags/example_latest_only.py
[2023-02-10T02:12:47.908+0000] {processor.py:743} INFO - Processing file /home/airflow/.local/lib/python3.7/site-packages/airflow/example_dags/example_latest_only.py for tasks to queue
[2023-02-10T02:12:47.916+0000] {logging_mixin.py:137} INFO - [2023-02-10T02:12:47.914+0000] {dagbag.py:538} INFO - Filling up the DagBag from /home/airflow/.local/lib/python3.7/site-packages/airflow/example_dags/example_latest_only.py
[2023-02-10T02:12:48.052+0000] {processor.py:753} INFO - DAG(s) dict_keys(['latest_only']) retrieved from /home/airflow/.local/lib/python3.7/site-packages/airflow/example_dags/example_latest_only.py
[2023-02-10T02:12:48.220+0000] {logging_mixin.py:137} INFO - [2023-02-10T02:12:48.219+0000] {dag.py:2690} INFO - Sync 1 DAGs
[2023-02-10T02:12:48.334+0000] {logging_mixin.py:137} INFO - [2023-02-10T02:12:48.333+0000] {dag.py:3441} INFO - Setting next_dagrun for latest_only to 2023-02-09T22:12:48.333242+00:00, run_after=2023-02-10T02:12:48.333242+00:00
[2023-02-10T02:12:48.458+0000] {processor.py:175} INFO - Processing /home/airflow/.local/lib/python3.7/site-packages/airflow/example_dags/example_latest_only.py took 0.578 seconds
[2023-02-10T02:13:24.612+0000] {processor.py:153} INFO - Started process (PID=2488) to work on /home/airflow/.local/lib/python3.7/site-packages/airflow/example_dags/example_latest_only.py
[2023-02-10T02:13:24.656+0000] {processor.py:743} INFO - Processing file /home/airflow/.local/lib/python3.7/site-packages/airflow/example_dags/example_latest_only.py for tasks to queue
[2023-02-10T02:13:24.678+0000] {logging_mixin.py:137} INFO - [2023-02-10T02:13:24.676+0000] {dagbag.py:538} INFO - Filling up the DagBag from /home/airflow/.local/lib/python3.7/site-packages/airflow/example_dags/example_latest_only.py
[2023-02-10T02:13:24.819+0000] {processor.py:753} INFO - DAG(s) dict_keys(['latest_only']) retrieved from /home/airflow/.local/lib/python3.7/site-packages/airflow/example_dags/example_latest_only.py
[2023-02-10T02:13:25.021+0000] {logging_mixin.py:137} INFO - [2023-02-10T02:13:25.020+0000] {dag.py:2690} INFO - Sync 1 DAGs
[2023-02-10T02:13:25.129+0000] {logging_mixin.py:137} INFO - [2023-02-10T02:13:25.128+0000] {dag.py:3441} INFO - Setting next_dagrun for latest_only to 2023-02-09T22:13:25.128407+00:00, run_after=2023-02-10T02:13:25.128407+00:00
[2023-02-10T02:13:25.247+0000] {processor.py:175} INFO - Processing /home/airflow/.local/lib/python3.7/site-packages/airflow/example_dags/example_latest_only.py took 0.657 seconds
[2023-02-10T02:14:01.415+0000] {processor.py:153} INFO - Started process (PID=2544) to work on /home/airflow/.local/lib/python3.7/site-packages/airflow/example_dags/example_latest_only.py
[2023-02-10T02:14:01.425+0000] {processor.py:743} INFO - Processing file /home/airflow/.local/lib/python3.7/site-packages/airflow/example_dags/example_latest_only.py for tasks to queue
[2023-02-10T02:14:01.431+0000] {logging_mixin.py:137} INFO - [2023-02-10T02:14:01.430+0000] {dagbag.py:538} INFO - Filling up the DagBag from /home/airflow/.local/lib/python3.7/site-packages/airflow/example_dags/example_latest_only.py
[2023-02-10T02:14:01.498+0000] {processor.py:753} INFO - DAG(s) dict_keys(['latest_only']) retrieved from /home/airflow/.local/lib/python3.7/site-packages/airflow/example_dags/example_latest_only.py
[2023-02-10T02:14:01.598+0000] {logging_mixin.py:137} INFO - [2023-02-10T02:14:01.598+0000] {dag.py:2690} INFO - Sync 1 DAGs
[2023-02-10T02:14:01.690+0000] {logging_mixin.py:137} INFO - [2023-02-10T02:14:01.689+0000] {dag.py:3441} INFO - Setting next_dagrun for latest_only to 2023-02-09T22:14:01.689402+00:00, run_after=2023-02-10T02:14:01.689402+00:00
[2023-02-10T02:14:01.822+0000] {processor.py:175} INFO - Processing /home/airflow/.local/lib/python3.7/site-packages/airflow/example_dags/example_latest_only.py took 0.419 seconds
[2023-02-10T02:14:35.206+0000] {processor.py:153} INFO - Started process (PID=2602) to work on /home/airflow/.local/lib/python3.7/site-packages/airflow/example_dags/example_latest_only.py
[2023-02-10T02:14:35.281+0000] {processor.py:743} INFO - Processing file /home/airflow/.local/lib/python3.7/site-packages/airflow/example_dags/example_latest_only.py for tasks to queue
[2023-02-10T02:14:35.302+0000] {logging_mixin.py:137} INFO - [2023-02-10T02:14:35.288+0000] {dagbag.py:538} INFO - Filling up the DagBag from /home/airflow/.local/lib/python3.7/site-packages/airflow/example_dags/example_latest_only.py
[2023-02-10T02:14:35.544+0000] {processor.py:753} INFO - DAG(s) dict_keys(['latest_only']) retrieved from /home/airflow/.local/lib/python3.7/site-packages/airflow/example_dags/example_latest_only.py
[2023-02-10T02:14:35.837+0000] {logging_mixin.py:137} INFO - [2023-02-10T02:14:35.837+0000] {dag.py:2690} INFO - Sync 1 DAGs
[2023-02-10T02:14:36.481+0000] {logging_mixin.py:137} INFO - [2023-02-10T02:14:36.480+0000] {dag.py:3441} INFO - Setting next_dagrun for latest_only to 2023-02-09T22:14:36.469245+00:00, run_after=2023-02-10T02:14:36.469245+00:00
[2023-02-10T02:14:36.741+0000] {processor.py:175} INFO - Processing /home/airflow/.local/lib/python3.7/site-packages/airflow/example_dags/example_latest_only.py took 1.639 seconds
[2023-02-10T02:15:07.153+0000] {processor.py:153} INFO - Started process (PID=2652) to work on /home/airflow/.local/lib/python3.7/site-packages/airflow/example_dags/example_latest_only.py
[2023-02-10T02:15:07.180+0000] {processor.py:743} INFO - Processing file /home/airflow/.local/lib/python3.7/site-packages/airflow/example_dags/example_latest_only.py for tasks to queue
[2023-02-10T02:15:07.186+0000] {logging_mixin.py:137} INFO - [2023-02-10T02:15:07.186+0000] {dagbag.py:538} INFO - Filling up the DagBag from /home/airflow/.local/lib/python3.7/site-packages/airflow/example_dags/example_latest_only.py
[2023-02-10T02:15:07.312+0000] {processor.py:753} INFO - DAG(s) dict_keys(['latest_only']) retrieved from /home/airflow/.local/lib/python3.7/site-packages/airflow/example_dags/example_latest_only.py
[2023-02-10T02:15:07.460+0000] {logging_mixin.py:137} INFO - [2023-02-10T02:15:07.460+0000] {dag.py:2690} INFO - Sync 1 DAGs
[2023-02-10T02:15:07.558+0000] {logging_mixin.py:137} INFO - [2023-02-10T02:15:07.558+0000] {dag.py:3441} INFO - Setting next_dagrun for latest_only to 2023-02-09T22:15:07.557536+00:00, run_after=2023-02-10T02:15:07.557536+00:00
[2023-02-10T02:15:07.651+0000] {processor.py:175} INFO - Processing /home/airflow/.local/lib/python3.7/site-packages/airflow/example_dags/example_latest_only.py took 0.526 seconds
[2023-02-10T02:15:37.872+0000] {processor.py:153} INFO - Started process (PID=2711) to work on /home/airflow/.local/lib/python3.7/site-packages/airflow/example_dags/example_latest_only.py
[2023-02-10T02:15:37.880+0000] {processor.py:743} INFO - Processing file /home/airflow/.local/lib/python3.7/site-packages/airflow/example_dags/example_latest_only.py for tasks to queue
[2023-02-10T02:15:37.895+0000] {logging_mixin.py:137} INFO - [2023-02-10T02:15:37.894+0000] {dagbag.py:538} INFO - Filling up the DagBag from /home/airflow/.local/lib/python3.7/site-packages/airflow/example_dags/example_latest_only.py
[2023-02-10T02:15:37.990+0000] {processor.py:753} INFO - DAG(s) dict_keys(['latest_only']) retrieved from /home/airflow/.local/lib/python3.7/site-packages/airflow/example_dags/example_latest_only.py
[2023-02-10T02:15:38.170+0000] {logging_mixin.py:137} INFO - [2023-02-10T02:15:38.170+0000] {dag.py:2690} INFO - Sync 1 DAGs
[2023-02-10T02:15:38.379+0000] {logging_mixin.py:137} INFO - [2023-02-10T02:15:38.379+0000] {dag.py:3441} INFO - Setting next_dagrun for latest_only to 2023-02-09T22:15:38.378816+00:00, run_after=2023-02-10T02:15:38.378816+00:00
[2023-02-10T02:15:38.492+0000] {processor.py:175} INFO - Processing /home/airflow/.local/lib/python3.7/site-packages/airflow/example_dags/example_latest_only.py took 0.649 seconds
[2023-02-10T02:16:09.111+0000] {processor.py:153} INFO - Started process (PID=2770) to work on /home/airflow/.local/lib/python3.7/site-packages/airflow/example_dags/example_latest_only.py
[2023-02-10T02:16:09.117+0000] {processor.py:743} INFO - Processing file /home/airflow/.local/lib/python3.7/site-packages/airflow/example_dags/example_latest_only.py for tasks to queue
[2023-02-10T02:16:09.189+0000] {logging_mixin.py:137} INFO - [2023-02-10T02:16:09.187+0000] {dagbag.py:538} INFO - Filling up the DagBag from /home/airflow/.local/lib/python3.7/site-packages/airflow/example_dags/example_latest_only.py
[2023-02-10T02:16:09.413+0000] {processor.py:753} INFO - DAG(s) dict_keys(['latest_only']) retrieved from /home/airflow/.local/lib/python3.7/site-packages/airflow/example_dags/example_latest_only.py
[2023-02-10T02:16:09.658+0000] {logging_mixin.py:137} INFO - [2023-02-10T02:16:09.657+0000] {dag.py:2690} INFO - Sync 1 DAGs
[2023-02-10T02:16:09.947+0000] {logging_mixin.py:137} INFO - [2023-02-10T02:16:09.946+0000] {dag.py:3441} INFO - Setting next_dagrun for latest_only to 2023-02-09T22:16:09.944927+00:00, run_after=2023-02-10T02:16:09.944927+00:00
[2023-02-10T02:16:10.337+0000] {processor.py:175} INFO - Processing /home/airflow/.local/lib/python3.7/site-packages/airflow/example_dags/example_latest_only.py took 1.262 seconds
[2023-02-10T02:16:40.885+0000] {processor.py:153} INFO - Started process (PID=2819) to work on /home/airflow/.local/lib/python3.7/site-packages/airflow/example_dags/example_latest_only.py
[2023-02-10T02:16:40.902+0000] {processor.py:743} INFO - Processing file /home/airflow/.local/lib/python3.7/site-packages/airflow/example_dags/example_latest_only.py for tasks to queue
[2023-02-10T02:16:40.936+0000] {logging_mixin.py:137} INFO - [2023-02-10T02:16:40.916+0000] {dagbag.py:538} INFO - Filling up the DagBag from /home/airflow/.local/lib/python3.7/site-packages/airflow/example_dags/example_latest_only.py
[2023-02-10T02:16:41.062+0000] {processor.py:753} INFO - DAG(s) dict_keys(['latest_only']) retrieved from /home/airflow/.local/lib/python3.7/site-packages/airflow/example_dags/example_latest_only.py
[2023-02-10T02:16:41.352+0000] {logging_mixin.py:137} INFO - [2023-02-10T02:16:41.352+0000] {dag.py:2690} INFO - Sync 1 DAGs
[2023-02-10T02:16:41.687+0000] {logging_mixin.py:137} INFO - [2023-02-10T02:16:41.687+0000] {dag.py:3441} INFO - Setting next_dagrun for latest_only to 2023-02-09T22:16:41.687046+00:00, run_after=2023-02-10T02:16:41.687046+00:00
[2023-02-10T02:16:41.854+0000] {processor.py:175} INFO - Processing /home/airflow/.local/lib/python3.7/site-packages/airflow/example_dags/example_latest_only.py took 1.015 seconds
[2023-02-10T02:17:12.437+0000] {processor.py:153} INFO - Started process (PID=2878) to work on /home/airflow/.local/lib/python3.7/site-packages/airflow/example_dags/example_latest_only.py
[2023-02-10T02:17:12.441+0000] {processor.py:743} INFO - Processing file /home/airflow/.local/lib/python3.7/site-packages/airflow/example_dags/example_latest_only.py for tasks to queue
[2023-02-10T02:17:12.448+0000] {logging_mixin.py:137} INFO - [2023-02-10T02:17:12.448+0000] {dagbag.py:538} INFO - Filling up the DagBag from /home/airflow/.local/lib/python3.7/site-packages/airflow/example_dags/example_latest_only.py
[2023-02-10T02:17:12.547+0000] {processor.py:753} INFO - DAG(s) dict_keys(['latest_only']) retrieved from /home/airflow/.local/lib/python3.7/site-packages/airflow/example_dags/example_latest_only.py
[2023-02-10T02:17:12.705+0000] {logging_mixin.py:137} INFO - [2023-02-10T02:17:12.704+0000] {dag.py:2690} INFO - Sync 1 DAGs
[2023-02-10T02:17:12.952+0000] {logging_mixin.py:137} INFO - [2023-02-10T02:17:12.952+0000] {dag.py:3441} INFO - Setting next_dagrun for latest_only to 2023-02-09T22:17:12.951806+00:00, run_after=2023-02-10T02:17:12.951806+00:00
[2023-02-10T02:17:13.031+0000] {processor.py:175} INFO - Processing /home/airflow/.local/lib/python3.7/site-packages/airflow/example_dags/example_latest_only.py took 0.625 seconds
[2023-02-10T02:17:57.754+0000] {processor.py:153} INFO - Started process (PID=2933) to work on /home/airflow/.local/lib/python3.7/site-packages/airflow/example_dags/example_latest_only.py
[2023-02-10T02:17:57.772+0000] {processor.py:743} INFO - Processing file /home/airflow/.local/lib/python3.7/site-packages/airflow/example_dags/example_latest_only.py for tasks to queue
[2023-02-10T02:17:57.794+0000] {logging_mixin.py:137} INFO - [2023-02-10T02:17:57.793+0000] {dagbag.py:538} INFO - Filling up the DagBag from /home/airflow/.local/lib/python3.7/site-packages/airflow/example_dags/example_latest_only.py
[2023-02-10T02:17:58.012+0000] {processor.py:753} INFO - DAG(s) dict_keys(['latest_only']) retrieved from /home/airflow/.local/lib/python3.7/site-packages/airflow/example_dags/example_latest_only.py
[2023-02-10T02:17:58.507+0000] {logging_mixin.py:137} INFO - [2023-02-10T02:17:58.506+0000] {dag.py:2690} INFO - Sync 1 DAGs
[2023-02-10T02:17:58.854+0000] {logging_mixin.py:137} INFO - [2023-02-10T02:17:58.854+0000] {dag.py:3441} INFO - Setting next_dagrun for latest_only to 2023-02-09T22:17:58.853977+00:00, run_after=2023-02-10T02:17:58.853977+00:00
[2023-02-10T02:17:59.106+0000] {processor.py:175} INFO - Processing /home/airflow/.local/lib/python3.7/site-packages/airflow/example_dags/example_latest_only.py took 1.393 seconds
[2023-02-10T02:18:29.345+0000] {processor.py:153} INFO - Started process (PID=2992) to work on /home/airflow/.local/lib/python3.7/site-packages/airflow/example_dags/example_latest_only.py
[2023-02-10T02:18:29.354+0000] {processor.py:743} INFO - Processing file /home/airflow/.local/lib/python3.7/site-packages/airflow/example_dags/example_latest_only.py for tasks to queue
[2023-02-10T02:18:29.366+0000] {logging_mixin.py:137} INFO - [2023-02-10T02:18:29.365+0000] {dagbag.py:538} INFO - Filling up the DagBag from /home/airflow/.local/lib/python3.7/site-packages/airflow/example_dags/example_latest_only.py
[2023-02-10T02:18:29.462+0000] {processor.py:753} INFO - DAG(s) dict_keys(['latest_only']) retrieved from /home/airflow/.local/lib/python3.7/site-packages/airflow/example_dags/example_latest_only.py
[2023-02-10T02:18:29.682+0000] {logging_mixin.py:137} INFO - [2023-02-10T02:18:29.681+0000] {dag.py:2690} INFO - Sync 1 DAGs
[2023-02-10T02:18:30.072+0000] {logging_mixin.py:137} INFO - [2023-02-10T02:18:30.072+0000] {dag.py:3441} INFO - Setting next_dagrun for latest_only to 2023-02-09T22:18:30.071549+00:00, run_after=2023-02-10T02:18:30.071549+00:00
[2023-02-10T02:18:30.198+0000] {processor.py:175} INFO - Processing /home/airflow/.local/lib/python3.7/site-packages/airflow/example_dags/example_latest_only.py took 0.883 seconds
[2023-02-10T02:19:35.683+0000] {processor.py:153} INFO - Started process (PID=74) to work on /home/airflow/.local/lib/python3.7/site-packages/airflow/example_dags/example_latest_only.py
[2023-02-10T02:19:35.691+0000] {processor.py:743} INFO - Processing file /home/airflow/.local/lib/python3.7/site-packages/airflow/example_dags/example_latest_only.py for tasks to queue
[2023-02-10T02:19:35.709+0000] {logging_mixin.py:137} INFO - [2023-02-10T02:19:35.709+0000] {dagbag.py:538} INFO - Filling up the DagBag from /home/airflow/.local/lib/python3.7/site-packages/airflow/example_dags/example_latest_only.py
[2023-02-10T02:19:35.834+0000] {processor.py:753} INFO - DAG(s) dict_keys(['latest_only']) retrieved from /home/airflow/.local/lib/python3.7/site-packages/airflow/example_dags/example_latest_only.py
[2023-02-10T02:19:35.980+0000] {logging_mixin.py:137} INFO - [2023-02-10T02:19:35.980+0000] {dag.py:2690} INFO - Sync 1 DAGs
[2023-02-10T02:19:36.138+0000] {logging_mixin.py:137} INFO - [2023-02-10T02:19:36.136+0000] {dag.py:3441} INFO - Setting next_dagrun for latest_only to 2023-02-09T22:19:36.134822+00:00, run_after=2023-02-10T02:19:36.134822+00:00
[2023-02-10T02:19:36.222+0000] {processor.py:175} INFO - Processing /home/airflow/.local/lib/python3.7/site-packages/airflow/example_dags/example_latest_only.py took 0.569 seconds
[2023-02-10T02:20:08.787+0000] {processor.py:153} INFO - Started process (PID=133) to work on /home/airflow/.local/lib/python3.7/site-packages/airflow/example_dags/example_latest_only.py
[2023-02-10T02:20:08.793+0000] {processor.py:743} INFO - Processing file /home/airflow/.local/lib/python3.7/site-packages/airflow/example_dags/example_latest_only.py for tasks to queue
[2023-02-10T02:20:08.796+0000] {logging_mixin.py:137} INFO - [2023-02-10T02:20:08.795+0000] {dagbag.py:538} INFO - Filling up the DagBag from /home/airflow/.local/lib/python3.7/site-packages/airflow/example_dags/example_latest_only.py
[2023-02-10T02:20:08.856+0000] {processor.py:753} INFO - DAG(s) dict_keys(['latest_only']) retrieved from /home/airflow/.local/lib/python3.7/site-packages/airflow/example_dags/example_latest_only.py
[2023-02-10T02:20:09.311+0000] {logging_mixin.py:137} INFO - [2023-02-10T02:20:09.310+0000] {dag.py:2690} INFO - Sync 1 DAGs
[2023-02-10T02:20:09.401+0000] {logging_mixin.py:137} INFO - [2023-02-10T02:20:09.400+0000] {dag.py:3441} INFO - Setting next_dagrun for latest_only to 2023-02-09T22:20:09.400138+00:00, run_after=2023-02-10T02:20:09.400138+00:00
[2023-02-10T02:20:09.520+0000] {processor.py:175} INFO - Processing /home/airflow/.local/lib/python3.7/site-packages/airflow/example_dags/example_latest_only.py took 0.772 seconds
[2023-02-10T02:21:18.616+0000] {processor.py:153} INFO - Started process (PID=199) to work on /home/airflow/.local/lib/python3.7/site-packages/airflow/example_dags/example_latest_only.py
[2023-02-10T02:21:18.654+0000] {processor.py:743} INFO - Processing file /home/airflow/.local/lib/python3.7/site-packages/airflow/example_dags/example_latest_only.py for tasks to queue
[2023-02-10T02:21:18.666+0000] {logging_mixin.py:137} INFO - [2023-02-10T02:21:18.662+0000] {dagbag.py:538} INFO - Filling up the DagBag from /home/airflow/.local/lib/python3.7/site-packages/airflow/example_dags/example_latest_only.py
[2023-02-10T02:21:19.004+0000] {processor.py:753} INFO - DAG(s) dict_keys(['latest_only']) retrieved from /home/airflow/.local/lib/python3.7/site-packages/airflow/example_dags/example_latest_only.py
[2023-02-10T02:21:19.464+0000] {logging_mixin.py:137} INFO - [2023-02-10T02:21:19.463+0000] {dag.py:2690} INFO - Sync 1 DAGs
[2023-02-10T02:21:21.602+0000] {logging_mixin.py:137} INFO - [2023-02-10T02:21:21.602+0000] {dag.py:3441} INFO - Setting next_dagrun for latest_only to 2023-02-09T22:21:21.601422+00:00, run_after=2023-02-10T02:21:21.601422+00:00
[2023-02-10T02:21:22.855+0000] {processor.py:175} INFO - Processing /home/airflow/.local/lib/python3.7/site-packages/airflow/example_dags/example_latest_only.py took 4.283 seconds
[2023-02-10T02:21:56.088+0000] {processor.py:153} INFO - Started process (PID=257) to work on /home/airflow/.local/lib/python3.7/site-packages/airflow/example_dags/example_latest_only.py
[2023-02-10T02:21:56.097+0000] {processor.py:743} INFO - Processing file /home/airflow/.local/lib/python3.7/site-packages/airflow/example_dags/example_latest_only.py for tasks to queue
[2023-02-10T02:21:56.106+0000] {logging_mixin.py:137} INFO - [2023-02-10T02:21:56.104+0000] {dagbag.py:538} INFO - Filling up the DagBag from /home/airflow/.local/lib/python3.7/site-packages/airflow/example_dags/example_latest_only.py
[2023-02-10T02:21:56.259+0000] {processor.py:753} INFO - DAG(s) dict_keys(['latest_only']) retrieved from /home/airflow/.local/lib/python3.7/site-packages/airflow/example_dags/example_latest_only.py
[2023-02-10T02:21:56.469+0000] {logging_mixin.py:137} INFO - [2023-02-10T02:21:56.465+0000] {dag.py:2690} INFO - Sync 1 DAGs
[2023-02-10T02:21:56.844+0000] {logging_mixin.py:137} INFO - [2023-02-10T02:21:56.843+0000] {dag.py:3441} INFO - Setting next_dagrun for latest_only to 2023-02-09T22:21:56.842964+00:00, run_after=2023-02-10T02:21:56.842964+00:00
[2023-02-10T02:21:57.100+0000] {processor.py:175} INFO - Processing /home/airflow/.local/lib/python3.7/site-packages/airflow/example_dags/example_latest_only.py took 1.082 seconds
[2023-02-10T02:22:32.156+0000] {processor.py:153} INFO - Started process (PID=314) to work on /home/airflow/.local/lib/python3.7/site-packages/airflow/example_dags/example_latest_only.py
[2023-02-10T02:22:32.163+0000] {processor.py:743} INFO - Processing file /home/airflow/.local/lib/python3.7/site-packages/airflow/example_dags/example_latest_only.py for tasks to queue
[2023-02-10T02:22:32.174+0000] {logging_mixin.py:137} INFO - [2023-02-10T02:22:32.172+0000] {dagbag.py:538} INFO - Filling up the DagBag from /home/airflow/.local/lib/python3.7/site-packages/airflow/example_dags/example_latest_only.py
[2023-02-10T02:22:32.240+0000] {processor.py:753} INFO - DAG(s) dict_keys(['latest_only']) retrieved from /home/airflow/.local/lib/python3.7/site-packages/airflow/example_dags/example_latest_only.py
[2023-02-10T02:22:32.477+0000] {logging_mixin.py:137} INFO - [2023-02-10T02:22:32.477+0000] {dag.py:2690} INFO - Sync 1 DAGs
[2023-02-10T02:22:32.551+0000] {logging_mixin.py:137} INFO - [2023-02-10T02:22:32.551+0000] {dag.py:3441} INFO - Setting next_dagrun for latest_only to 2023-02-09T22:22:32.550599+00:00, run_after=2023-02-10T02:22:32.550599+00:00
[2023-02-10T02:22:32.639+0000] {processor.py:175} INFO - Processing /home/airflow/.local/lib/python3.7/site-packages/airflow/example_dags/example_latest_only.py took 0.509 seconds
[2023-02-10T02:23:17.295+0000] {processor.py:153} INFO - Started process (PID=366) to work on /home/airflow/.local/lib/python3.7/site-packages/airflow/example_dags/example_latest_only.py
[2023-02-10T02:23:17.300+0000] {processor.py:743} INFO - Processing file /home/airflow/.local/lib/python3.7/site-packages/airflow/example_dags/example_latest_only.py for tasks to queue
[2023-02-10T02:23:17.319+0000] {logging_mixin.py:137} INFO - [2023-02-10T02:23:17.319+0000] {dagbag.py:538} INFO - Filling up the DagBag from /home/airflow/.local/lib/python3.7/site-packages/airflow/example_dags/example_latest_only.py
[2023-02-10T02:23:17.602+0000] {processor.py:753} INFO - DAG(s) dict_keys(['latest_only']) retrieved from /home/airflow/.local/lib/python3.7/site-packages/airflow/example_dags/example_latest_only.py
[2023-02-10T02:23:17.781+0000] {logging_mixin.py:137} INFO - [2023-02-10T02:23:17.781+0000] {dag.py:2690} INFO - Sync 1 DAGs
[2023-02-10T02:23:18.065+0000] {logging_mixin.py:137} INFO - [2023-02-10T02:23:18.065+0000] {dag.py:3441} INFO - Setting next_dagrun for latest_only to 2023-02-09T22:23:18.058846+00:00, run_after=2023-02-10T02:23:18.058846+00:00
[2023-02-10T02:23:18.292+0000] {processor.py:175} INFO - Processing /home/airflow/.local/lib/python3.7/site-packages/airflow/example_dags/example_latest_only.py took 1.070 seconds
[2023-02-10T02:23:48.502+0000] {processor.py:153} INFO - Started process (PID=423) to work on /home/airflow/.local/lib/python3.7/site-packages/airflow/example_dags/example_latest_only.py
[2023-02-10T02:23:48.508+0000] {processor.py:743} INFO - Processing file /home/airflow/.local/lib/python3.7/site-packages/airflow/example_dags/example_latest_only.py for tasks to queue
[2023-02-10T02:23:48.513+0000] {logging_mixin.py:137} INFO - [2023-02-10T02:23:48.513+0000] {dagbag.py:538} INFO - Filling up the DagBag from /home/airflow/.local/lib/python3.7/site-packages/airflow/example_dags/example_latest_only.py
[2023-02-10T02:23:48.552+0000] {processor.py:753} INFO - DAG(s) dict_keys(['latest_only']) retrieved from /home/airflow/.local/lib/python3.7/site-packages/airflow/example_dags/example_latest_only.py
[2023-02-10T02:23:48.626+0000] {logging_mixin.py:137} INFO - [2023-02-10T02:23:48.626+0000] {dag.py:2690} INFO - Sync 1 DAGs
[2023-02-10T02:23:48.692+0000] {logging_mixin.py:137} INFO - [2023-02-10T02:23:48.692+0000] {dag.py:3441} INFO - Setting next_dagrun for latest_only to 2023-02-09T22:23:48.691842+00:00, run_after=2023-02-10T02:23:48.691842+00:00
[2023-02-10T02:23:48.760+0000] {processor.py:175} INFO - Processing /home/airflow/.local/lib/python3.7/site-packages/airflow/example_dags/example_latest_only.py took 0.267 seconds
[2023-02-10T02:24:20.717+0000] {processor.py:153} INFO - Started process (PID=479) to work on /home/airflow/.local/lib/python3.7/site-packages/airflow/example_dags/example_latest_only.py
[2023-02-10T02:24:20.724+0000] {processor.py:743} INFO - Processing file /home/airflow/.local/lib/python3.7/site-packages/airflow/example_dags/example_latest_only.py for tasks to queue
[2023-02-10T02:24:20.747+0000] {logging_mixin.py:137} INFO - [2023-02-10T02:24:20.746+0000] {dagbag.py:538} INFO - Filling up the DagBag from /home/airflow/.local/lib/python3.7/site-packages/airflow/example_dags/example_latest_only.py
[2023-02-10T02:24:20.818+0000] {processor.py:753} INFO - DAG(s) dict_keys(['latest_only']) retrieved from /home/airflow/.local/lib/python3.7/site-packages/airflow/example_dags/example_latest_only.py
[2023-02-10T02:24:20.897+0000] {logging_mixin.py:137} INFO - [2023-02-10T02:24:20.896+0000] {dag.py:2690} INFO - Sync 1 DAGs
[2023-02-10T02:24:21.101+0000] {logging_mixin.py:137} INFO - [2023-02-10T02:24:21.101+0000] {dag.py:3441} INFO - Setting next_dagrun for latest_only to 2023-02-09T22:24:21.100936+00:00, run_after=2023-02-10T02:24:21.100936+00:00
[2023-02-10T02:24:21.339+0000] {processor.py:175} INFO - Processing /home/airflow/.local/lib/python3.7/site-packages/airflow/example_dags/example_latest_only.py took 0.641 seconds
[2023-02-10T02:24:53.597+0000] {processor.py:153} INFO - Started process (PID=531) to work on /home/airflow/.local/lib/python3.7/site-packages/airflow/example_dags/example_latest_only.py
[2023-02-10T02:24:53.617+0000] {processor.py:743} INFO - Processing file /home/airflow/.local/lib/python3.7/site-packages/airflow/example_dags/example_latest_only.py for tasks to queue
[2023-02-10T02:24:53.626+0000] {logging_mixin.py:137} INFO - [2023-02-10T02:24:53.625+0000] {dagbag.py:538} INFO - Filling up the DagBag from /home/airflow/.local/lib/python3.7/site-packages/airflow/example_dags/example_latest_only.py
[2023-02-10T02:24:53.905+0000] {processor.py:753} INFO - DAG(s) dict_keys(['latest_only']) retrieved from /home/airflow/.local/lib/python3.7/site-packages/airflow/example_dags/example_latest_only.py
[2023-02-10T02:24:54.176+0000] {logging_mixin.py:137} INFO - [2023-02-10T02:24:54.176+0000] {dag.py:2690} INFO - Sync 1 DAGs
[2023-02-10T02:24:54.368+0000] {logging_mixin.py:137} INFO - [2023-02-10T02:24:54.368+0000] {dag.py:3441} INFO - Setting next_dagrun for latest_only to 2023-02-09T22:24:54.367845+00:00, run_after=2023-02-10T02:24:54.367845+00:00
[2023-02-10T02:24:54.547+0000] {processor.py:175} INFO - Processing /home/airflow/.local/lib/python3.7/site-packages/airflow/example_dags/example_latest_only.py took 1.002 seconds
[2023-02-10T02:25:28.594+0000] {processor.py:153} INFO - Started process (PID=589) to work on /home/airflow/.local/lib/python3.7/site-packages/airflow/example_dags/example_latest_only.py
[2023-02-10T02:25:28.619+0000] {processor.py:743} INFO - Processing file /home/airflow/.local/lib/python3.7/site-packages/airflow/example_dags/example_latest_only.py for tasks to queue
[2023-02-10T02:25:28.638+0000] {logging_mixin.py:137} INFO - [2023-02-10T02:25:28.637+0000] {dagbag.py:538} INFO - Filling up the DagBag from /home/airflow/.local/lib/python3.7/site-packages/airflow/example_dags/example_latest_only.py
[2023-02-10T02:25:28.854+0000] {processor.py:753} INFO - DAG(s) dict_keys(['latest_only']) retrieved from /home/airflow/.local/lib/python3.7/site-packages/airflow/example_dags/example_latest_only.py
[2023-02-10T02:25:29.245+0000] {logging_mixin.py:137} INFO - [2023-02-10T02:25:29.245+0000] {dag.py:2690} INFO - Sync 1 DAGs
[2023-02-10T02:25:29.812+0000] {logging_mixin.py:137} INFO - [2023-02-10T02:25:29.812+0000] {dag.py:3441} INFO - Setting next_dagrun for latest_only to 2023-02-09T22:25:29.811902+00:00, run_after=2023-02-10T02:25:29.811902+00:00
[2023-02-10T02:25:30.041+0000] {processor.py:175} INFO - Processing /home/airflow/.local/lib/python3.7/site-packages/airflow/example_dags/example_latest_only.py took 1.467 seconds
[2023-02-10T02:26:00.559+0000] {processor.py:153} INFO - Started process (PID=646) to work on /home/airflow/.local/lib/python3.7/site-packages/airflow/example_dags/example_latest_only.py
[2023-02-10T02:26:00.565+0000] {processor.py:743} INFO - Processing file /home/airflow/.local/lib/python3.7/site-packages/airflow/example_dags/example_latest_only.py for tasks to queue
[2023-02-10T02:26:00.574+0000] {logging_mixin.py:137} INFO - [2023-02-10T02:26:00.573+0000] {dagbag.py:538} INFO - Filling up the DagBag from /home/airflow/.local/lib/python3.7/site-packages/airflow/example_dags/example_latest_only.py
[2023-02-10T02:26:00.619+0000] {processor.py:753} INFO - DAG(s) dict_keys(['latest_only']) retrieved from /home/airflow/.local/lib/python3.7/site-packages/airflow/example_dags/example_latest_only.py
[2023-02-10T02:26:00.691+0000] {logging_mixin.py:137} INFO - [2023-02-10T02:26:00.690+0000] {dag.py:2690} INFO - Sync 1 DAGs
[2023-02-10T02:26:00.788+0000] {logging_mixin.py:137} INFO - [2023-02-10T02:26:00.787+0000] {dag.py:3441} INFO - Setting next_dagrun for latest_only to 2023-02-09T22:26:00.787250+00:00, run_after=2023-02-10T02:26:00.787250+00:00
[2023-02-10T02:26:00.863+0000] {processor.py:175} INFO - Processing /home/airflow/.local/lib/python3.7/site-packages/airflow/example_dags/example_latest_only.py took 0.316 seconds
[2023-02-10T02:26:32.163+0000] {processor.py:153} INFO - Started process (PID=698) to work on /home/airflow/.local/lib/python3.7/site-packages/airflow/example_dags/example_latest_only.py
[2023-02-10T02:26:32.180+0000] {processor.py:743} INFO - Processing file /home/airflow/.local/lib/python3.7/site-packages/airflow/example_dags/example_latest_only.py for tasks to queue
[2023-02-10T02:26:32.199+0000] {logging_mixin.py:137} INFO - [2023-02-10T02:26:32.196+0000] {dagbag.py:538} INFO - Filling up the DagBag from /home/airflow/.local/lib/python3.7/site-packages/airflow/example_dags/example_latest_only.py
[2023-02-10T02:26:32.348+0000] {processor.py:753} INFO - DAG(s) dict_keys(['latest_only']) retrieved from /home/airflow/.local/lib/python3.7/site-packages/airflow/example_dags/example_latest_only.py
[2023-02-10T02:26:32.596+0000] {logging_mixin.py:137} INFO - [2023-02-10T02:26:32.596+0000] {dag.py:2690} INFO - Sync 1 DAGs
[2023-02-10T02:26:33.063+0000] {logging_mixin.py:137} INFO - [2023-02-10T02:26:33.063+0000] {dag.py:3441} INFO - Setting next_dagrun for latest_only to 2023-02-09T22:26:33.062371+00:00, run_after=2023-02-10T02:26:33.062371+00:00
[2023-02-10T02:26:33.308+0000] {processor.py:175} INFO - Processing /home/airflow/.local/lib/python3.7/site-packages/airflow/example_dags/example_latest_only.py took 1.177 seconds
[2023-02-10T02:27:03.869+0000] {processor.py:153} INFO - Started process (PID=756) to work on /home/airflow/.local/lib/python3.7/site-packages/airflow/example_dags/example_latest_only.py
[2023-02-10T02:27:03.897+0000] {processor.py:743} INFO - Processing file /home/airflow/.local/lib/python3.7/site-packages/airflow/example_dags/example_latest_only.py for tasks to queue
[2023-02-10T02:27:03.912+0000] {logging_mixin.py:137} INFO - [2023-02-10T02:27:03.911+0000] {dagbag.py:538} INFO - Filling up the DagBag from /home/airflow/.local/lib/python3.7/site-packages/airflow/example_dags/example_latest_only.py
[2023-02-10T02:27:04.014+0000] {processor.py:753} INFO - DAG(s) dict_keys(['latest_only']) retrieved from /home/airflow/.local/lib/python3.7/site-packages/airflow/example_dags/example_latest_only.py
[2023-02-10T02:27:04.147+0000] {logging_mixin.py:137} INFO - [2023-02-10T02:27:04.146+0000] {dag.py:2690} INFO - Sync 1 DAGs
[2023-02-10T02:27:04.576+0000] {logging_mixin.py:137} INFO - [2023-02-10T02:27:04.575+0000] {dag.py:3441} INFO - Setting next_dagrun for latest_only to 2023-02-09T22:27:04.572482+00:00, run_after=2023-02-10T02:27:04.572482+00:00
[2023-02-10T02:27:04.691+0000] {processor.py:175} INFO - Processing /home/airflow/.local/lib/python3.7/site-packages/airflow/example_dags/example_latest_only.py took 0.839 seconds
[2023-02-10T02:27:35.143+0000] {processor.py:153} INFO - Started process (PID=806) to work on /home/airflow/.local/lib/python3.7/site-packages/airflow/example_dags/example_latest_only.py
[2023-02-10T02:27:35.163+0000] {processor.py:743} INFO - Processing file /home/airflow/.local/lib/python3.7/site-packages/airflow/example_dags/example_latest_only.py for tasks to queue
[2023-02-10T02:27:35.191+0000] {logging_mixin.py:137} INFO - [2023-02-10T02:27:35.180+0000] {dagbag.py:538} INFO - Filling up the DagBag from /home/airflow/.local/lib/python3.7/site-packages/airflow/example_dags/example_latest_only.py
[2023-02-10T02:27:35.333+0000] {processor.py:753} INFO - DAG(s) dict_keys(['latest_only']) retrieved from /home/airflow/.local/lib/python3.7/site-packages/airflow/example_dags/example_latest_only.py
[2023-02-10T02:27:35.531+0000] {logging_mixin.py:137} INFO - [2023-02-10T02:27:35.531+0000] {dag.py:2690} INFO - Sync 1 DAGs
[2023-02-10T02:27:35.712+0000] {logging_mixin.py:137} INFO - [2023-02-10T02:27:35.711+0000] {dag.py:3441} INFO - Setting next_dagrun for latest_only to 2023-02-09T22:27:35.710907+00:00, run_after=2023-02-10T02:27:35.710907+00:00
[2023-02-10T02:27:35.872+0000] {processor.py:175} INFO - Processing /home/airflow/.local/lib/python3.7/site-packages/airflow/example_dags/example_latest_only.py took 0.756 seconds
[2023-02-10T02:28:08.894+0000] {processor.py:153} INFO - Started process (PID=864) to work on /home/airflow/.local/lib/python3.7/site-packages/airflow/example_dags/example_latest_only.py
[2023-02-10T02:28:08.901+0000] {processor.py:743} INFO - Processing file /home/airflow/.local/lib/python3.7/site-packages/airflow/example_dags/example_latest_only.py for tasks to queue
[2023-02-10T02:28:08.909+0000] {logging_mixin.py:137} INFO - [2023-02-10T02:28:08.908+0000] {dagbag.py:538} INFO - Filling up the DagBag from /home/airflow/.local/lib/python3.7/site-packages/airflow/example_dags/example_latest_only.py
[2023-02-10T02:28:08.972+0000] {processor.py:753} INFO - DAG(s) dict_keys(['latest_only']) retrieved from /home/airflow/.local/lib/python3.7/site-packages/airflow/example_dags/example_latest_only.py
[2023-02-10T02:28:09.094+0000] {logging_mixin.py:137} INFO - [2023-02-10T02:28:09.094+0000] {dag.py:2690} INFO - Sync 1 DAGs
[2023-02-10T02:28:09.378+0000] {logging_mixin.py:137} INFO - [2023-02-10T02:28:09.377+0000] {dag.py:3441} INFO - Setting next_dagrun for latest_only to 2023-02-09T22:28:09.376242+00:00, run_after=2023-02-10T02:28:09.376242+00:00
[2023-02-10T02:28:09.479+0000] {processor.py:175} INFO - Processing /home/airflow/.local/lib/python3.7/site-packages/airflow/example_dags/example_latest_only.py took 0.626 seconds
[2023-02-10T02:28:48.064+0000] {processor.py:153} INFO - Started process (PID=922) to work on /home/airflow/.local/lib/python3.7/site-packages/airflow/example_dags/example_latest_only.py
[2023-02-10T02:28:48.076+0000] {processor.py:743} INFO - Processing file /home/airflow/.local/lib/python3.7/site-packages/airflow/example_dags/example_latest_only.py for tasks to queue
[2023-02-10T02:28:48.090+0000] {logging_mixin.py:137} INFO - [2023-02-10T02:28:48.090+0000] {dagbag.py:538} INFO - Filling up the DagBag from /home/airflow/.local/lib/python3.7/site-packages/airflow/example_dags/example_latest_only.py
[2023-02-10T02:28:48.294+0000] {processor.py:753} INFO - DAG(s) dict_keys(['latest_only']) retrieved from /home/airflow/.local/lib/python3.7/site-packages/airflow/example_dags/example_latest_only.py
[2023-02-10T02:28:48.532+0000] {logging_mixin.py:137} INFO - [2023-02-10T02:28:48.532+0000] {dag.py:2690} INFO - Sync 1 DAGs
[2023-02-10T02:28:48.771+0000] {logging_mixin.py:137} INFO - [2023-02-10T02:28:48.771+0000] {dag.py:3441} INFO - Setting next_dagrun for latest_only to 2023-02-09T22:28:48.770808+00:00, run_after=2023-02-10T02:28:48.770808+00:00
[2023-02-10T02:28:48.901+0000] {processor.py:175} INFO - Processing /home/airflow/.local/lib/python3.7/site-packages/airflow/example_dags/example_latest_only.py took 0.880 seconds
