[2023-02-10T01:51:29.666+0000] {processor.py:153} INFO - Started process (PID=294) to work on /home/airflow/.local/lib/python3.7/site-packages/airflow/example_dags/example_short_circuit_decorator.py
[2023-02-10T01:51:29.984+0000] {processor.py:743} INFO - Processing file /home/airflow/.local/lib/python3.7/site-packages/airflow/example_dags/example_short_circuit_decorator.py for tasks to queue
[2023-02-10T01:51:30.010+0000] {logging_mixin.py:137} INFO - [2023-02-10T01:51:30.009+0000] {dagbag.py:538} INFO - Filling up the DagBag from /home/airflow/.local/lib/python3.7/site-packages/airflow/example_dags/example_short_circuit_decorator.py
[2023-02-10T01:51:33.124+0000] {processor.py:753} INFO - DAG(s) dict_keys(['example_short_circuit_decorator']) retrieved from /home/airflow/.local/lib/python3.7/site-packages/airflow/example_dags/example_short_circuit_decorator.py
[2023-02-10T01:51:34.138+0000] {logging_mixin.py:137} INFO - [2023-02-10T01:51:34.138+0000] {dag.py:2690} INFO - Sync 1 DAGs
[2023-02-10T01:51:35.228+0000] {logging_mixin.py:137} INFO - [2023-02-10T01:51:35.228+0000] {dag.py:3441} INFO - Setting next_dagrun for example_short_circuit_decorator to 2023-02-09T01:51:35.211700+00:00, run_after=2023-02-10T01:51:35.211700+00:00
[2023-02-10T01:51:35.887+0000] {processor.py:175} INFO - Processing /home/airflow/.local/lib/python3.7/site-packages/airflow/example_dags/example_short_circuit_decorator.py took 6.283 seconds
[2023-02-10T01:52:28.407+0000] {processor.py:153} INFO - Started process (PID=366) to work on /home/airflow/.local/lib/python3.7/site-packages/airflow/example_dags/example_short_circuit_decorator.py
[2023-02-10T01:52:28.427+0000] {processor.py:743} INFO - Processing file /home/airflow/.local/lib/python3.7/site-packages/airflow/example_dags/example_short_circuit_decorator.py for tasks to queue
[2023-02-10T01:52:28.447+0000] {logging_mixin.py:137} INFO - [2023-02-10T01:52:28.446+0000] {dagbag.py:538} INFO - Filling up the DagBag from /home/airflow/.local/lib/python3.7/site-packages/airflow/example_dags/example_short_circuit_decorator.py
[2023-02-10T01:52:28.904+0000] {processor.py:753} INFO - DAG(s) dict_keys(['example_short_circuit_decorator']) retrieved from /home/airflow/.local/lib/python3.7/site-packages/airflow/example_dags/example_short_circuit_decorator.py
[2023-02-10T01:52:29.300+0000] {logging_mixin.py:137} INFO - [2023-02-10T01:52:29.286+0000] {dag.py:2690} INFO - Sync 1 DAGs
[2023-02-10T01:52:29.635+0000] {logging_mixin.py:137} INFO - [2023-02-10T01:52:29.635+0000] {dag.py:3441} INFO - Setting next_dagrun for example_short_circuit_decorator to 2023-02-09T01:52:29.634862+00:00, run_after=2023-02-10T01:52:29.634862+00:00
[2023-02-10T01:52:29.857+0000] {processor.py:175} INFO - Processing /home/airflow/.local/lib/python3.7/site-packages/airflow/example_dags/example_short_circuit_decorator.py took 1.497 seconds
[2023-02-10T01:53:00.880+0000] {processor.py:153} INFO - Started process (PID=416) to work on /home/airflow/.local/lib/python3.7/site-packages/airflow/example_dags/example_short_circuit_decorator.py
[2023-02-10T01:53:00.887+0000] {processor.py:743} INFO - Processing file /home/airflow/.local/lib/python3.7/site-packages/airflow/example_dags/example_short_circuit_decorator.py for tasks to queue
[2023-02-10T01:53:00.893+0000] {logging_mixin.py:137} INFO - [2023-02-10T01:53:00.891+0000] {dagbag.py:538} INFO - Filling up the DagBag from /home/airflow/.local/lib/python3.7/site-packages/airflow/example_dags/example_short_circuit_decorator.py
[2023-02-10T01:53:01.027+0000] {processor.py:753} INFO - DAG(s) dict_keys(['example_short_circuit_decorator']) retrieved from /home/airflow/.local/lib/python3.7/site-packages/airflow/example_dags/example_short_circuit_decorator.py
[2023-02-10T01:53:01.135+0000] {logging_mixin.py:137} INFO - [2023-02-10T01:53:01.134+0000] {dag.py:2690} INFO - Sync 1 DAGs
[2023-02-10T01:53:01.424+0000] {logging_mixin.py:137} INFO - [2023-02-10T01:53:01.424+0000] {dag.py:3441} INFO - Setting next_dagrun for example_short_circuit_decorator to 2023-02-09T01:53:01.423254+00:00, run_after=2023-02-10T01:53:01.423254+00:00
[2023-02-10T01:53:01.852+0000] {processor.py:175} INFO - Processing /home/airflow/.local/lib/python3.7/site-packages/airflow/example_dags/example_short_circuit_decorator.py took 0.985 seconds
[2023-02-10T01:53:35.167+0000] {processor.py:153} INFO - Started process (PID=475) to work on /home/airflow/.local/lib/python3.7/site-packages/airflow/example_dags/example_short_circuit_decorator.py
[2023-02-10T01:53:35.190+0000] {processor.py:743} INFO - Processing file /home/airflow/.local/lib/python3.7/site-packages/airflow/example_dags/example_short_circuit_decorator.py for tasks to queue
[2023-02-10T01:53:35.206+0000] {logging_mixin.py:137} INFO - [2023-02-10T01:53:35.205+0000] {dagbag.py:538} INFO - Filling up the DagBag from /home/airflow/.local/lib/python3.7/site-packages/airflow/example_dags/example_short_circuit_decorator.py
[2023-02-10T01:53:35.411+0000] {processor.py:753} INFO - DAG(s) dict_keys(['example_short_circuit_decorator']) retrieved from /home/airflow/.local/lib/python3.7/site-packages/airflow/example_dags/example_short_circuit_decorator.py
[2023-02-10T01:53:35.686+0000] {logging_mixin.py:137} INFO - [2023-02-10T01:53:35.686+0000] {dag.py:2690} INFO - Sync 1 DAGs
[2023-02-10T01:53:35.773+0000] {logging_mixin.py:137} INFO - [2023-02-10T01:53:35.773+0000] {dag.py:3441} INFO - Setting next_dagrun for example_short_circuit_decorator to 2023-02-09T01:53:35.772992+00:00, run_after=2023-02-10T01:53:35.772992+00:00
[2023-02-10T01:53:35.855+0000] {processor.py:175} INFO - Processing /home/airflow/.local/lib/python3.7/site-packages/airflow/example_dags/example_short_circuit_decorator.py took 0.741 seconds
[2023-02-10T01:54:07.461+0000] {processor.py:153} INFO - Started process (PID=532) to work on /home/airflow/.local/lib/python3.7/site-packages/airflow/example_dags/example_short_circuit_decorator.py
[2023-02-10T01:54:07.469+0000] {processor.py:743} INFO - Processing file /home/airflow/.local/lib/python3.7/site-packages/airflow/example_dags/example_short_circuit_decorator.py for tasks to queue
[2023-02-10T01:54:07.476+0000] {logging_mixin.py:137} INFO - [2023-02-10T01:54:07.475+0000] {dagbag.py:538} INFO - Filling up the DagBag from /home/airflow/.local/lib/python3.7/site-packages/airflow/example_dags/example_short_circuit_decorator.py
[2023-02-10T01:54:07.777+0000] {processor.py:753} INFO - DAG(s) dict_keys(['example_short_circuit_decorator']) retrieved from /home/airflow/.local/lib/python3.7/site-packages/airflow/example_dags/example_short_circuit_decorator.py
[2023-02-10T01:54:08.077+0000] {logging_mixin.py:137} INFO - [2023-02-10T01:54:08.076+0000] {dag.py:2690} INFO - Sync 1 DAGs
[2023-02-10T01:54:08.179+0000] {logging_mixin.py:137} INFO - [2023-02-10T01:54:08.179+0000] {dag.py:3441} INFO - Setting next_dagrun for example_short_circuit_decorator to 2023-02-09T01:54:08.178493+00:00, run_after=2023-02-10T01:54:08.178493+00:00
[2023-02-10T01:54:08.303+0000] {processor.py:175} INFO - Processing /home/airflow/.local/lib/python3.7/site-packages/airflow/example_dags/example_short_circuit_decorator.py took 0.889 seconds
[2023-02-10T01:54:38.893+0000] {processor.py:153} INFO - Started process (PID=581) to work on /home/airflow/.local/lib/python3.7/site-packages/airflow/example_dags/example_short_circuit_decorator.py
[2023-02-10T01:54:38.898+0000] {processor.py:743} INFO - Processing file /home/airflow/.local/lib/python3.7/site-packages/airflow/example_dags/example_short_circuit_decorator.py for tasks to queue
[2023-02-10T01:54:38.905+0000] {logging_mixin.py:137} INFO - [2023-02-10T01:54:38.903+0000] {dagbag.py:538} INFO - Filling up the DagBag from /home/airflow/.local/lib/python3.7/site-packages/airflow/example_dags/example_short_circuit_decorator.py
[2023-02-10T01:54:39.079+0000] {processor.py:753} INFO - DAG(s) dict_keys(['example_short_circuit_decorator']) retrieved from /home/airflow/.local/lib/python3.7/site-packages/airflow/example_dags/example_short_circuit_decorator.py
[2023-02-10T01:54:39.277+0000] {logging_mixin.py:137} INFO - [2023-02-10T01:54:39.277+0000] {dag.py:2690} INFO - Sync 1 DAGs
[2023-02-10T01:54:39.414+0000] {logging_mixin.py:137} INFO - [2023-02-10T01:54:39.413+0000] {dag.py:3441} INFO - Setting next_dagrun for example_short_circuit_decorator to 2023-02-09T01:54:39.413180+00:00, run_after=2023-02-10T01:54:39.413180+00:00
[2023-02-10T01:54:39.500+0000] {processor.py:175} INFO - Processing /home/airflow/.local/lib/python3.7/site-packages/airflow/example_dags/example_short_circuit_decorator.py took 0.639 seconds
[2023-02-10T01:55:09.704+0000] {processor.py:153} INFO - Started process (PID=639) to work on /home/airflow/.local/lib/python3.7/site-packages/airflow/example_dags/example_short_circuit_decorator.py
[2023-02-10T01:55:09.708+0000] {processor.py:743} INFO - Processing file /home/airflow/.local/lib/python3.7/site-packages/airflow/example_dags/example_short_circuit_decorator.py for tasks to queue
[2023-02-10T01:55:09.720+0000] {logging_mixin.py:137} INFO - [2023-02-10T01:55:09.718+0000] {dagbag.py:538} INFO - Filling up the DagBag from /home/airflow/.local/lib/python3.7/site-packages/airflow/example_dags/example_short_circuit_decorator.py
[2023-02-10T01:55:09.805+0000] {processor.py:753} INFO - DAG(s) dict_keys(['example_short_circuit_decorator']) retrieved from /home/airflow/.local/lib/python3.7/site-packages/airflow/example_dags/example_short_circuit_decorator.py
[2023-02-10T01:55:09.872+0000] {logging_mixin.py:137} INFO - [2023-02-10T01:55:09.872+0000] {dag.py:2690} INFO - Sync 1 DAGs
[2023-02-10T01:55:09.948+0000] {logging_mixin.py:137} INFO - [2023-02-10T01:55:09.947+0000] {dag.py:3441} INFO - Setting next_dagrun for example_short_circuit_decorator to 2023-02-09T01:55:09.946867+00:00, run_after=2023-02-10T01:55:09.946867+00:00
[2023-02-10T01:55:10.040+0000] {processor.py:175} INFO - Processing /home/airflow/.local/lib/python3.7/site-packages/airflow/example_dags/example_short_circuit_decorator.py took 0.344 seconds
[2023-02-10T01:55:40.886+0000] {processor.py:153} INFO - Started process (PID=697) to work on /home/airflow/.local/lib/python3.7/site-packages/airflow/example_dags/example_short_circuit_decorator.py
[2023-02-10T01:55:40.890+0000] {processor.py:743} INFO - Processing file /home/airflow/.local/lib/python3.7/site-packages/airflow/example_dags/example_short_circuit_decorator.py for tasks to queue
[2023-02-10T01:55:40.898+0000] {logging_mixin.py:137} INFO - [2023-02-10T01:55:40.897+0000] {dagbag.py:538} INFO - Filling up the DagBag from /home/airflow/.local/lib/python3.7/site-packages/airflow/example_dags/example_short_circuit_decorator.py
[2023-02-10T01:55:40.983+0000] {processor.py:753} INFO - DAG(s) dict_keys(['example_short_circuit_decorator']) retrieved from /home/airflow/.local/lib/python3.7/site-packages/airflow/example_dags/example_short_circuit_decorator.py
[2023-02-10T01:55:41.063+0000] {logging_mixin.py:137} INFO - [2023-02-10T01:55:41.063+0000] {dag.py:2690} INFO - Sync 1 DAGs
[2023-02-10T01:55:41.133+0000] {logging_mixin.py:137} INFO - [2023-02-10T01:55:41.133+0000] {dag.py:3441} INFO - Setting next_dagrun for example_short_circuit_decorator to 2023-02-09T01:55:41.133004+00:00, run_after=2023-02-10T01:55:41.133004+00:00
[2023-02-10T01:55:41.215+0000] {processor.py:175} INFO - Processing /home/airflow/.local/lib/python3.7/site-packages/airflow/example_dags/example_short_circuit_decorator.py took 0.341 seconds
[2023-02-10T01:56:11.492+0000] {processor.py:153} INFO - Started process (PID=756) to work on /home/airflow/.local/lib/python3.7/site-packages/airflow/example_dags/example_short_circuit_decorator.py
[2023-02-10T01:56:11.495+0000] {processor.py:743} INFO - Processing file /home/airflow/.local/lib/python3.7/site-packages/airflow/example_dags/example_short_circuit_decorator.py for tasks to queue
[2023-02-10T01:56:11.507+0000] {logging_mixin.py:137} INFO - [2023-02-10T01:56:11.507+0000] {dagbag.py:538} INFO - Filling up the DagBag from /home/airflow/.local/lib/python3.7/site-packages/airflow/example_dags/example_short_circuit_decorator.py
[2023-02-10T01:56:11.684+0000] {processor.py:753} INFO - DAG(s) dict_keys(['example_short_circuit_decorator']) retrieved from /home/airflow/.local/lib/python3.7/site-packages/airflow/example_dags/example_short_circuit_decorator.py
[2023-02-10T01:56:11.795+0000] {logging_mixin.py:137} INFO - [2023-02-10T01:56:11.795+0000] {dag.py:2690} INFO - Sync 1 DAGs
[2023-02-10T01:56:11.898+0000] {logging_mixin.py:137} INFO - [2023-02-10T01:56:11.898+0000] {dag.py:3441} INFO - Setting next_dagrun for example_short_circuit_decorator to 2023-02-09T01:56:11.898236+00:00, run_after=2023-02-10T01:56:11.898236+00:00
[2023-02-10T01:56:11.982+0000] {processor.py:175} INFO - Processing /home/airflow/.local/lib/python3.7/site-packages/airflow/example_dags/example_short_circuit_decorator.py took 0.501 seconds
[2023-02-10T01:56:42.258+0000] {processor.py:153} INFO - Started process (PID=805) to work on /home/airflow/.local/lib/python3.7/site-packages/airflow/example_dags/example_short_circuit_decorator.py
[2023-02-10T01:56:42.264+0000] {processor.py:743} INFO - Processing file /home/airflow/.local/lib/python3.7/site-packages/airflow/example_dags/example_short_circuit_decorator.py for tasks to queue
[2023-02-10T01:56:42.270+0000] {logging_mixin.py:137} INFO - [2023-02-10T01:56:42.270+0000] {dagbag.py:538} INFO - Filling up the DagBag from /home/airflow/.local/lib/python3.7/site-packages/airflow/example_dags/example_short_circuit_decorator.py
[2023-02-10T01:56:42.341+0000] {processor.py:753} INFO - DAG(s) dict_keys(['example_short_circuit_decorator']) retrieved from /home/airflow/.local/lib/python3.7/site-packages/airflow/example_dags/example_short_circuit_decorator.py
[2023-02-10T01:56:42.420+0000] {logging_mixin.py:137} INFO - [2023-02-10T01:56:42.420+0000] {dag.py:2690} INFO - Sync 1 DAGs
[2023-02-10T01:56:42.497+0000] {logging_mixin.py:137} INFO - [2023-02-10T01:56:42.497+0000] {dag.py:3441} INFO - Setting next_dagrun for example_short_circuit_decorator to 2023-02-09T01:56:42.496892+00:00, run_after=2023-02-10T01:56:42.496892+00:00
[2023-02-10T01:56:42.561+0000] {processor.py:175} INFO - Processing /home/airflow/.local/lib/python3.7/site-packages/airflow/example_dags/example_short_circuit_decorator.py took 0.321 seconds
[2023-02-10T01:57:19.846+0000] {processor.py:153} INFO - Started process (PID=863) to work on /home/airflow/.local/lib/python3.7/site-packages/airflow/example_dags/example_short_circuit_decorator.py
[2023-02-10T01:57:19.850+0000] {processor.py:743} INFO - Processing file /home/airflow/.local/lib/python3.7/site-packages/airflow/example_dags/example_short_circuit_decorator.py for tasks to queue
[2023-02-10T01:57:19.860+0000] {logging_mixin.py:137} INFO - [2023-02-10T01:57:19.860+0000] {dagbag.py:538} INFO - Filling up the DagBag from /home/airflow/.local/lib/python3.7/site-packages/airflow/example_dags/example_short_circuit_decorator.py
[2023-02-10T01:57:20.124+0000] {processor.py:753} INFO - DAG(s) dict_keys(['example_short_circuit_decorator']) retrieved from /home/airflow/.local/lib/python3.7/site-packages/airflow/example_dags/example_short_circuit_decorator.py
[2023-02-10T01:57:20.406+0000] {logging_mixin.py:137} INFO - [2023-02-10T01:57:20.405+0000] {dag.py:2690} INFO - Sync 1 DAGs
[2023-02-10T01:57:21.430+0000] {logging_mixin.py:137} INFO - [2023-02-10T01:57:21.429+0000] {dag.py:3441} INFO - Setting next_dagrun for example_short_circuit_decorator to 2023-02-09T01:57:21.428751+00:00, run_after=2023-02-10T01:57:21.428751+00:00
[2023-02-10T01:57:22.115+0000] {processor.py:175} INFO - Processing /home/airflow/.local/lib/python3.7/site-packages/airflow/example_dags/example_short_circuit_decorator.py took 2.297 seconds
[2023-02-10T01:58:03.018+0000] {processor.py:153} INFO - Started process (PID=928) to work on /home/airflow/.local/lib/python3.7/site-packages/airflow/example_dags/example_short_circuit_decorator.py
[2023-02-10T01:58:03.030+0000] {processor.py:743} INFO - Processing file /home/airflow/.local/lib/python3.7/site-packages/airflow/example_dags/example_short_circuit_decorator.py for tasks to queue
[2023-02-10T01:58:03.047+0000] {logging_mixin.py:137} INFO - [2023-02-10T01:58:03.046+0000] {dagbag.py:538} INFO - Filling up the DagBag from /home/airflow/.local/lib/python3.7/site-packages/airflow/example_dags/example_short_circuit_decorator.py
[2023-02-10T01:58:03.223+0000] {processor.py:753} INFO - DAG(s) dict_keys(['example_short_circuit_decorator']) retrieved from /home/airflow/.local/lib/python3.7/site-packages/airflow/example_dags/example_short_circuit_decorator.py
[2023-02-10T01:58:03.398+0000] {logging_mixin.py:137} INFO - [2023-02-10T01:58:03.398+0000] {dag.py:2690} INFO - Sync 1 DAGs
[2023-02-10T01:58:03.523+0000] {logging_mixin.py:137} INFO - [2023-02-10T01:58:03.521+0000] {dag.py:3441} INFO - Setting next_dagrun for example_short_circuit_decorator to 2023-02-09T01:58:03.520666+00:00, run_after=2023-02-10T01:58:03.520666+00:00
[2023-02-10T01:58:03.727+0000] {processor.py:175} INFO - Processing /home/airflow/.local/lib/python3.7/site-packages/airflow/example_dags/example_short_circuit_decorator.py took 0.740 seconds
[2023-02-10T01:58:42.108+0000] {processor.py:153} INFO - Started process (PID=979) to work on /home/airflow/.local/lib/python3.7/site-packages/airflow/example_dags/example_short_circuit_decorator.py
[2023-02-10T01:58:42.122+0000] {processor.py:743} INFO - Processing file /home/airflow/.local/lib/python3.7/site-packages/airflow/example_dags/example_short_circuit_decorator.py for tasks to queue
[2023-02-10T01:58:42.131+0000] {logging_mixin.py:137} INFO - [2023-02-10T01:58:42.130+0000] {dagbag.py:538} INFO - Filling up the DagBag from /home/airflow/.local/lib/python3.7/site-packages/airflow/example_dags/example_short_circuit_decorator.py
[2023-02-10T01:58:42.387+0000] {processor.py:753} INFO - DAG(s) dict_keys(['example_short_circuit_decorator']) retrieved from /home/airflow/.local/lib/python3.7/site-packages/airflow/example_dags/example_short_circuit_decorator.py
[2023-02-10T01:58:42.879+0000] {logging_mixin.py:137} INFO - [2023-02-10T01:58:42.878+0000] {dag.py:2690} INFO - Sync 1 DAGs
[2023-02-10T01:58:43.481+0000] {logging_mixin.py:137} INFO - [2023-02-10T01:58:43.480+0000] {dag.py:3441} INFO - Setting next_dagrun for example_short_circuit_decorator to 2023-02-09T01:58:43.470782+00:00, run_after=2023-02-10T01:58:43.470782+00:00
[2023-02-10T01:58:43.899+0000] {processor.py:175} INFO - Processing /home/airflow/.local/lib/python3.7/site-packages/airflow/example_dags/example_short_circuit_decorator.py took 2.012 seconds
[2023-02-10T01:59:15.258+0000] {processor.py:153} INFO - Started process (PID=1036) to work on /home/airflow/.local/lib/python3.7/site-packages/airflow/example_dags/example_short_circuit_decorator.py
[2023-02-10T01:59:15.262+0000] {processor.py:743} INFO - Processing file /home/airflow/.local/lib/python3.7/site-packages/airflow/example_dags/example_short_circuit_decorator.py for tasks to queue
[2023-02-10T01:59:15.268+0000] {logging_mixin.py:137} INFO - [2023-02-10T01:59:15.267+0000] {dagbag.py:538} INFO - Filling up the DagBag from /home/airflow/.local/lib/python3.7/site-packages/airflow/example_dags/example_short_circuit_decorator.py
[2023-02-10T01:59:15.325+0000] {processor.py:753} INFO - DAG(s) dict_keys(['example_short_circuit_decorator']) retrieved from /home/airflow/.local/lib/python3.7/site-packages/airflow/example_dags/example_short_circuit_decorator.py
[2023-02-10T01:59:15.409+0000] {logging_mixin.py:137} INFO - [2023-02-10T01:59:15.408+0000] {dag.py:2690} INFO - Sync 1 DAGs
[2023-02-10T01:59:15.472+0000] {logging_mixin.py:137} INFO - [2023-02-10T01:59:15.472+0000] {dag.py:3441} INFO - Setting next_dagrun for example_short_circuit_decorator to 2023-02-09T01:59:15.472257+00:00, run_after=2023-02-10T01:59:15.472257+00:00
[2023-02-10T01:59:15.529+0000] {processor.py:175} INFO - Processing /home/airflow/.local/lib/python3.7/site-packages/airflow/example_dags/example_short_circuit_decorator.py took 0.278 seconds
[2023-02-10T02:00:09.652+0000] {processor.py:153} INFO - Started process (PID=1106) to work on /home/airflow/.local/lib/python3.7/site-packages/airflow/example_dags/example_short_circuit_decorator.py
[2023-02-10T02:00:09.699+0000] {processor.py:743} INFO - Processing file /home/airflow/.local/lib/python3.7/site-packages/airflow/example_dags/example_short_circuit_decorator.py for tasks to queue
[2023-02-10T02:00:09.762+0000] {logging_mixin.py:137} INFO - [2023-02-10T02:00:09.762+0000] {dagbag.py:538} INFO - Filling up the DagBag from /home/airflow/.local/lib/python3.7/site-packages/airflow/example_dags/example_short_circuit_decorator.py
[2023-02-10T02:00:11.273+0000] {processor.py:753} INFO - DAG(s) dict_keys(['example_short_circuit_decorator']) retrieved from /home/airflow/.local/lib/python3.7/site-packages/airflow/example_dags/example_short_circuit_decorator.py
[2023-02-10T02:00:12.440+0000] {logging_mixin.py:137} INFO - [2023-02-10T02:00:12.440+0000] {dag.py:2690} INFO - Sync 1 DAGs
[2023-02-10T02:00:12.851+0000] {logging_mixin.py:137} INFO - [2023-02-10T02:00:12.838+0000] {dag.py:3441} INFO - Setting next_dagrun for example_short_circuit_decorator to 2023-02-09T02:00:12.837901+00:00, run_after=2023-02-10T02:00:12.837901+00:00
[2023-02-10T02:00:13.150+0000] {processor.py:175} INFO - Processing /home/airflow/.local/lib/python3.7/site-packages/airflow/example_dags/example_short_circuit_decorator.py took 3.591 seconds
[2023-02-10T02:00:43.539+0000] {processor.py:153} INFO - Started process (PID=1163) to work on /home/airflow/.local/lib/python3.7/site-packages/airflow/example_dags/example_short_circuit_decorator.py
[2023-02-10T02:00:43.554+0000] {processor.py:743} INFO - Processing file /home/airflow/.local/lib/python3.7/site-packages/airflow/example_dags/example_short_circuit_decorator.py for tasks to queue
[2023-02-10T02:00:43.558+0000] {logging_mixin.py:137} INFO - [2023-02-10T02:00:43.558+0000] {dagbag.py:538} INFO - Filling up the DagBag from /home/airflow/.local/lib/python3.7/site-packages/airflow/example_dags/example_short_circuit_decorator.py
[2023-02-10T02:00:43.763+0000] {processor.py:753} INFO - DAG(s) dict_keys(['example_short_circuit_decorator']) retrieved from /home/airflow/.local/lib/python3.7/site-packages/airflow/example_dags/example_short_circuit_decorator.py
[2023-02-10T02:00:43.932+0000] {logging_mixin.py:137} INFO - [2023-02-10T02:00:43.932+0000] {dag.py:2690} INFO - Sync 1 DAGs
[2023-02-10T02:00:44.285+0000] {logging_mixin.py:137} INFO - [2023-02-10T02:00:44.285+0000] {dag.py:3441} INFO - Setting next_dagrun for example_short_circuit_decorator to 2023-02-09T02:00:44.284762+00:00, run_after=2023-02-10T02:00:44.284762+00:00
[2023-02-10T02:00:44.547+0000] {processor.py:175} INFO - Processing /home/airflow/.local/lib/python3.7/site-packages/airflow/example_dags/example_short_circuit_decorator.py took 1.030 seconds
[2023-02-10T02:01:18.735+0000] {processor.py:153} INFO - Started process (PID=1214) to work on /home/airflow/.local/lib/python3.7/site-packages/airflow/example_dags/example_short_circuit_decorator.py
[2023-02-10T02:01:18.764+0000] {processor.py:743} INFO - Processing file /home/airflow/.local/lib/python3.7/site-packages/airflow/example_dags/example_short_circuit_decorator.py for tasks to queue
[2023-02-10T02:01:18.800+0000] {logging_mixin.py:137} INFO - [2023-02-10T02:01:18.799+0000] {dagbag.py:538} INFO - Filling up the DagBag from /home/airflow/.local/lib/python3.7/site-packages/airflow/example_dags/example_short_circuit_decorator.py
[2023-02-10T02:01:19.193+0000] {processor.py:753} INFO - DAG(s) dict_keys(['example_short_circuit_decorator']) retrieved from /home/airflow/.local/lib/python3.7/site-packages/airflow/example_dags/example_short_circuit_decorator.py
[2023-02-10T02:01:19.403+0000] {logging_mixin.py:137} INFO - [2023-02-10T02:01:19.403+0000] {dag.py:2690} INFO - Sync 1 DAGs
[2023-02-10T02:01:19.758+0000] {logging_mixin.py:137} INFO - [2023-02-10T02:01:19.757+0000] {dag.py:3441} INFO - Setting next_dagrun for example_short_circuit_decorator to 2023-02-09T02:01:19.757381+00:00, run_after=2023-02-10T02:01:19.757381+00:00
[2023-02-10T02:01:20.073+0000] {processor.py:175} INFO - Processing /home/airflow/.local/lib/python3.7/site-packages/airflow/example_dags/example_short_circuit_decorator.py took 1.372 seconds
[2023-02-10T02:01:59.600+0000] {processor.py:153} INFO - Started process (PID=1275) to work on /home/airflow/.local/lib/python3.7/site-packages/airflow/example_dags/example_short_circuit_decorator.py
[2023-02-10T02:01:59.615+0000] {processor.py:743} INFO - Processing file /home/airflow/.local/lib/python3.7/site-packages/airflow/example_dags/example_short_circuit_decorator.py for tasks to queue
[2023-02-10T02:01:59.664+0000] {logging_mixin.py:137} INFO - [2023-02-10T02:01:59.664+0000] {dagbag.py:538} INFO - Filling up the DagBag from /home/airflow/.local/lib/python3.7/site-packages/airflow/example_dags/example_short_circuit_decorator.py
[2023-02-10T02:02:00.145+0000] {processor.py:753} INFO - DAG(s) dict_keys(['example_short_circuit_decorator']) retrieved from /home/airflow/.local/lib/python3.7/site-packages/airflow/example_dags/example_short_circuit_decorator.py
[2023-02-10T02:02:00.469+0000] {logging_mixin.py:137} INFO - [2023-02-10T02:02:00.468+0000] {dag.py:2690} INFO - Sync 1 DAGs
[2023-02-10T02:02:00.818+0000] {logging_mixin.py:137} INFO - [2023-02-10T02:02:00.818+0000] {dag.py:3441} INFO - Setting next_dagrun for example_short_circuit_decorator to 2023-02-09T02:02:00.813386+00:00, run_after=2023-02-10T02:02:00.813386+00:00
[2023-02-10T02:02:00.961+0000] {processor.py:175} INFO - Processing /home/airflow/.local/lib/python3.7/site-packages/airflow/example_dags/example_short_circuit_decorator.py took 1.426 seconds
[2023-02-10T02:02:31.263+0000] {processor.py:153} INFO - Started process (PID=1333) to work on /home/airflow/.local/lib/python3.7/site-packages/airflow/example_dags/example_short_circuit_decorator.py
[2023-02-10T02:02:31.272+0000] {processor.py:743} INFO - Processing file /home/airflow/.local/lib/python3.7/site-packages/airflow/example_dags/example_short_circuit_decorator.py for tasks to queue
[2023-02-10T02:02:31.280+0000] {logging_mixin.py:137} INFO - [2023-02-10T02:02:31.279+0000] {dagbag.py:538} INFO - Filling up the DagBag from /home/airflow/.local/lib/python3.7/site-packages/airflow/example_dags/example_short_circuit_decorator.py
[2023-02-10T02:02:31.360+0000] {processor.py:753} INFO - DAG(s) dict_keys(['example_short_circuit_decorator']) retrieved from /home/airflow/.local/lib/python3.7/site-packages/airflow/example_dags/example_short_circuit_decorator.py
[2023-02-10T02:02:31.450+0000] {logging_mixin.py:137} INFO - [2023-02-10T02:02:31.450+0000] {dag.py:2690} INFO - Sync 1 DAGs
[2023-02-10T02:02:31.522+0000] {logging_mixin.py:137} INFO - [2023-02-10T02:02:31.521+0000] {dag.py:3441} INFO - Setting next_dagrun for example_short_circuit_decorator to 2023-02-09T02:02:31.520265+00:00, run_after=2023-02-10T02:02:31.520265+00:00
[2023-02-10T02:02:31.612+0000] {processor.py:175} INFO - Processing /home/airflow/.local/lib/python3.7/site-packages/airflow/example_dags/example_short_circuit_decorator.py took 0.363 seconds
[2023-02-10T02:03:02.641+0000] {processor.py:153} INFO - Started process (PID=1392) to work on /home/airflow/.local/lib/python3.7/site-packages/airflow/example_dags/example_short_circuit_decorator.py
[2023-02-10T02:03:02.648+0000] {processor.py:743} INFO - Processing file /home/airflow/.local/lib/python3.7/site-packages/airflow/example_dags/example_short_circuit_decorator.py for tasks to queue
[2023-02-10T02:03:02.652+0000] {logging_mixin.py:137} INFO - [2023-02-10T02:03:02.652+0000] {dagbag.py:538} INFO - Filling up the DagBag from /home/airflow/.local/lib/python3.7/site-packages/airflow/example_dags/example_short_circuit_decorator.py
[2023-02-10T02:03:02.754+0000] {processor.py:753} INFO - DAG(s) dict_keys(['example_short_circuit_decorator']) retrieved from /home/airflow/.local/lib/python3.7/site-packages/airflow/example_dags/example_short_circuit_decorator.py
[2023-02-10T02:03:02.821+0000] {logging_mixin.py:137} INFO - [2023-02-10T02:03:02.820+0000] {dag.py:2690} INFO - Sync 1 DAGs
[2023-02-10T02:03:02.881+0000] {logging_mixin.py:137} INFO - [2023-02-10T02:03:02.880+0000] {dag.py:3441} INFO - Setting next_dagrun for example_short_circuit_decorator to 2023-02-09T02:03:02.880389+00:00, run_after=2023-02-10T02:03:02.880389+00:00
[2023-02-10T02:03:02.932+0000] {processor.py:175} INFO - Processing /home/airflow/.local/lib/python3.7/site-packages/airflow/example_dags/example_short_circuit_decorator.py took 0.305 seconds
[2023-02-10T02:03:33.344+0000] {processor.py:153} INFO - Started process (PID=1452) to work on /home/airflow/.local/lib/python3.7/site-packages/airflow/example_dags/example_short_circuit_decorator.py
[2023-02-10T02:03:33.351+0000] {processor.py:743} INFO - Processing file /home/airflow/.local/lib/python3.7/site-packages/airflow/example_dags/example_short_circuit_decorator.py for tasks to queue
[2023-02-10T02:03:33.359+0000] {logging_mixin.py:137} INFO - [2023-02-10T02:03:33.358+0000] {dagbag.py:538} INFO - Filling up the DagBag from /home/airflow/.local/lib/python3.7/site-packages/airflow/example_dags/example_short_circuit_decorator.py
[2023-02-10T02:03:33.447+0000] {processor.py:753} INFO - DAG(s) dict_keys(['example_short_circuit_decorator']) retrieved from /home/airflow/.local/lib/python3.7/site-packages/airflow/example_dags/example_short_circuit_decorator.py
[2023-02-10T02:03:33.504+0000] {logging_mixin.py:137} INFO - [2023-02-10T02:03:33.504+0000] {dag.py:2690} INFO - Sync 1 DAGs
[2023-02-10T02:03:33.566+0000] {logging_mixin.py:137} INFO - [2023-02-10T02:03:33.566+0000] {dag.py:3441} INFO - Setting next_dagrun for example_short_circuit_decorator to 2023-02-09T02:03:33.565933+00:00, run_after=2023-02-10T02:03:33.565933+00:00
[2023-02-10T02:03:33.613+0000] {processor.py:175} INFO - Processing /home/airflow/.local/lib/python3.7/site-packages/airflow/example_dags/example_short_circuit_decorator.py took 0.287 seconds
[2023-02-10T02:04:03.915+0000] {processor.py:153} INFO - Started process (PID=1511) to work on /home/airflow/.local/lib/python3.7/site-packages/airflow/example_dags/example_short_circuit_decorator.py
[2023-02-10T02:04:03.920+0000] {processor.py:743} INFO - Processing file /home/airflow/.local/lib/python3.7/site-packages/airflow/example_dags/example_short_circuit_decorator.py for tasks to queue
[2023-02-10T02:04:03.929+0000] {logging_mixin.py:137} INFO - [2023-02-10T02:04:03.928+0000] {dagbag.py:538} INFO - Filling up the DagBag from /home/airflow/.local/lib/python3.7/site-packages/airflow/example_dags/example_short_circuit_decorator.py
[2023-02-10T02:04:04.013+0000] {processor.py:753} INFO - DAG(s) dict_keys(['example_short_circuit_decorator']) retrieved from /home/airflow/.local/lib/python3.7/site-packages/airflow/example_dags/example_short_circuit_decorator.py
[2023-02-10T02:04:04.151+0000] {logging_mixin.py:137} INFO - [2023-02-10T02:04:04.150+0000] {dag.py:2690} INFO - Sync 1 DAGs
[2023-02-10T02:04:04.250+0000] {logging_mixin.py:137} INFO - [2023-02-10T02:04:04.250+0000] {dag.py:3441} INFO - Setting next_dagrun for example_short_circuit_decorator to 2023-02-09T02:04:04.249954+00:00, run_after=2023-02-10T02:04:04.249954+00:00
[2023-02-10T02:04:04.325+0000] {processor.py:175} INFO - Processing /home/airflow/.local/lib/python3.7/site-packages/airflow/example_dags/example_short_circuit_decorator.py took 0.431 seconds
[2023-02-10T02:04:34.444+0000] {processor.py:153} INFO - Started process (PID=1567) to work on /home/airflow/.local/lib/python3.7/site-packages/airflow/example_dags/example_short_circuit_decorator.py
[2023-02-10T02:04:34.455+0000] {processor.py:743} INFO - Processing file /home/airflow/.local/lib/python3.7/site-packages/airflow/example_dags/example_short_circuit_decorator.py for tasks to queue
[2023-02-10T02:04:34.459+0000] {logging_mixin.py:137} INFO - [2023-02-10T02:04:34.459+0000] {dagbag.py:538} INFO - Filling up the DagBag from /home/airflow/.local/lib/python3.7/site-packages/airflow/example_dags/example_short_circuit_decorator.py
[2023-02-10T02:04:34.582+0000] {processor.py:753} INFO - DAG(s) dict_keys(['example_short_circuit_decorator']) retrieved from /home/airflow/.local/lib/python3.7/site-packages/airflow/example_dags/example_short_circuit_decorator.py
[2023-02-10T02:04:34.695+0000] {logging_mixin.py:137} INFO - [2023-02-10T02:04:34.694+0000] {dag.py:2690} INFO - Sync 1 DAGs
[2023-02-10T02:04:34.777+0000] {logging_mixin.py:137} INFO - [2023-02-10T02:04:34.777+0000] {dag.py:3441} INFO - Setting next_dagrun for example_short_circuit_decorator to 2023-02-09T02:04:34.776438+00:00, run_after=2023-02-10T02:04:34.776438+00:00
[2023-02-10T02:04:34.839+0000] {processor.py:175} INFO - Processing /home/airflow/.local/lib/python3.7/site-packages/airflow/example_dags/example_short_circuit_decorator.py took 0.404 seconds
[2023-02-10T02:05:05.760+0000] {processor.py:153} INFO - Started process (PID=1624) to work on /home/airflow/.local/lib/python3.7/site-packages/airflow/example_dags/example_short_circuit_decorator.py
[2023-02-10T02:05:05.773+0000] {processor.py:743} INFO - Processing file /home/airflow/.local/lib/python3.7/site-packages/airflow/example_dags/example_short_circuit_decorator.py for tasks to queue
[2023-02-10T02:05:05.777+0000] {logging_mixin.py:137} INFO - [2023-02-10T02:05:05.777+0000] {dagbag.py:538} INFO - Filling up the DagBag from /home/airflow/.local/lib/python3.7/site-packages/airflow/example_dags/example_short_circuit_decorator.py
[2023-02-10T02:05:05.942+0000] {processor.py:753} INFO - DAG(s) dict_keys(['example_short_circuit_decorator']) retrieved from /home/airflow/.local/lib/python3.7/site-packages/airflow/example_dags/example_short_circuit_decorator.py
[2023-02-10T02:05:06.062+0000] {logging_mixin.py:137} INFO - [2023-02-10T02:05:06.059+0000] {dag.py:2690} INFO - Sync 1 DAGs
[2023-02-10T02:05:06.298+0000] {logging_mixin.py:137} INFO - [2023-02-10T02:05:06.297+0000] {dag.py:3441} INFO - Setting next_dagrun for example_short_circuit_decorator to 2023-02-09T02:05:06.297221+00:00, run_after=2023-02-10T02:05:06.297221+00:00
[2023-02-10T02:05:06.409+0000] {processor.py:175} INFO - Processing /home/airflow/.local/lib/python3.7/site-packages/airflow/example_dags/example_short_circuit_decorator.py took 0.666 seconds
[2023-02-10T02:05:36.584+0000] {processor.py:153} INFO - Started process (PID=1674) to work on /home/airflow/.local/lib/python3.7/site-packages/airflow/example_dags/example_short_circuit_decorator.py
[2023-02-10T02:05:36.590+0000] {processor.py:743} INFO - Processing file /home/airflow/.local/lib/python3.7/site-packages/airflow/example_dags/example_short_circuit_decorator.py for tasks to queue
[2023-02-10T02:05:36.594+0000] {logging_mixin.py:137} INFO - [2023-02-10T02:05:36.593+0000] {dagbag.py:538} INFO - Filling up the DagBag from /home/airflow/.local/lib/python3.7/site-packages/airflow/example_dags/example_short_circuit_decorator.py
[2023-02-10T02:05:36.753+0000] {processor.py:753} INFO - DAG(s) dict_keys(['example_short_circuit_decorator']) retrieved from /home/airflow/.local/lib/python3.7/site-packages/airflow/example_dags/example_short_circuit_decorator.py
[2023-02-10T02:05:36.833+0000] {logging_mixin.py:137} INFO - [2023-02-10T02:05:36.833+0000] {dag.py:2690} INFO - Sync 1 DAGs
[2023-02-10T02:05:36.938+0000] {logging_mixin.py:137} INFO - [2023-02-10T02:05:36.937+0000] {dag.py:3441} INFO - Setting next_dagrun for example_short_circuit_decorator to 2023-02-09T02:05:36.936740+00:00, run_after=2023-02-10T02:05:36.936740+00:00
[2023-02-10T02:05:36.999+0000] {processor.py:175} INFO - Processing /home/airflow/.local/lib/python3.7/site-packages/airflow/example_dags/example_short_circuit_decorator.py took 0.426 seconds
[2023-02-10T02:06:08.013+0000] {processor.py:153} INFO - Started process (PID=1732) to work on /home/airflow/.local/lib/python3.7/site-packages/airflow/example_dags/example_short_circuit_decorator.py
[2023-02-10T02:06:08.026+0000] {processor.py:743} INFO - Processing file /home/airflow/.local/lib/python3.7/site-packages/airflow/example_dags/example_short_circuit_decorator.py for tasks to queue
[2023-02-10T02:06:08.038+0000] {logging_mixin.py:137} INFO - [2023-02-10T02:06:08.036+0000] {dagbag.py:538} INFO - Filling up the DagBag from /home/airflow/.local/lib/python3.7/site-packages/airflow/example_dags/example_short_circuit_decorator.py
[2023-02-10T02:06:08.140+0000] {processor.py:753} INFO - DAG(s) dict_keys(['example_short_circuit_decorator']) retrieved from /home/airflow/.local/lib/python3.7/site-packages/airflow/example_dags/example_short_circuit_decorator.py
[2023-02-10T02:06:08.214+0000] {logging_mixin.py:137} INFO - [2023-02-10T02:06:08.214+0000] {dag.py:2690} INFO - Sync 1 DAGs
[2023-02-10T02:06:08.288+0000] {logging_mixin.py:137} INFO - [2023-02-10T02:06:08.288+0000] {dag.py:3441} INFO - Setting next_dagrun for example_short_circuit_decorator to 2023-02-09T02:06:08.287552+00:00, run_after=2023-02-10T02:06:08.287552+00:00
[2023-02-10T02:06:08.367+0000] {processor.py:175} INFO - Processing /home/airflow/.local/lib/python3.7/site-packages/airflow/example_dags/example_short_circuit_decorator.py took 0.385 seconds
[2023-02-10T02:06:39.719+0000] {processor.py:153} INFO - Started process (PID=1790) to work on /home/airflow/.local/lib/python3.7/site-packages/airflow/example_dags/example_short_circuit_decorator.py
[2023-02-10T02:06:39.753+0000] {processor.py:743} INFO - Processing file /home/airflow/.local/lib/python3.7/site-packages/airflow/example_dags/example_short_circuit_decorator.py for tasks to queue
[2023-02-10T02:06:39.786+0000] {logging_mixin.py:137} INFO - [2023-02-10T02:06:39.786+0000] {dagbag.py:538} INFO - Filling up the DagBag from /home/airflow/.local/lib/python3.7/site-packages/airflow/example_dags/example_short_circuit_decorator.py
[2023-02-10T02:06:39.948+0000] {processor.py:753} INFO - DAG(s) dict_keys(['example_short_circuit_decorator']) retrieved from /home/airflow/.local/lib/python3.7/site-packages/airflow/example_dags/example_short_circuit_decorator.py
[2023-02-10T02:06:40.089+0000] {logging_mixin.py:137} INFO - [2023-02-10T02:06:40.086+0000] {dag.py:2690} INFO - Sync 1 DAGs
[2023-02-10T02:06:40.247+0000] {logging_mixin.py:137} INFO - [2023-02-10T02:06:40.247+0000] {dag.py:3441} INFO - Setting next_dagrun for example_short_circuit_decorator to 2023-02-09T02:06:40.246197+00:00, run_after=2023-02-10T02:06:40.246197+00:00
[2023-02-10T02:06:40.379+0000] {processor.py:175} INFO - Processing /home/airflow/.local/lib/python3.7/site-packages/airflow/example_dags/example_short_circuit_decorator.py took 0.725 seconds
[2023-02-10T02:07:10.988+0000] {processor.py:153} INFO - Started process (PID=1849) to work on /home/airflow/.local/lib/python3.7/site-packages/airflow/example_dags/example_short_circuit_decorator.py
[2023-02-10T02:07:10.994+0000] {processor.py:743} INFO - Processing file /home/airflow/.local/lib/python3.7/site-packages/airflow/example_dags/example_short_circuit_decorator.py for tasks to queue
[2023-02-10T02:07:11.013+0000] {logging_mixin.py:137} INFO - [2023-02-10T02:07:11.013+0000] {dagbag.py:538} INFO - Filling up the DagBag from /home/airflow/.local/lib/python3.7/site-packages/airflow/example_dags/example_short_circuit_decorator.py
[2023-02-10T02:07:11.211+0000] {processor.py:753} INFO - DAG(s) dict_keys(['example_short_circuit_decorator']) retrieved from /home/airflow/.local/lib/python3.7/site-packages/airflow/example_dags/example_short_circuit_decorator.py
[2023-02-10T02:07:11.436+0000] {logging_mixin.py:137} INFO - [2023-02-10T02:07:11.436+0000] {dag.py:2690} INFO - Sync 1 DAGs
[2023-02-10T02:07:11.724+0000] {logging_mixin.py:137} INFO - [2023-02-10T02:07:11.724+0000] {dag.py:3441} INFO - Setting next_dagrun for example_short_circuit_decorator to 2023-02-09T02:07:11.724066+00:00, run_after=2023-02-10T02:07:11.724066+00:00
[2023-02-10T02:07:11.975+0000] {processor.py:175} INFO - Processing /home/airflow/.local/lib/python3.7/site-packages/airflow/example_dags/example_short_circuit_decorator.py took 1.005 seconds
[2023-02-10T02:07:42.113+0000] {processor.py:153} INFO - Started process (PID=1909) to work on /home/airflow/.local/lib/python3.7/site-packages/airflow/example_dags/example_short_circuit_decorator.py
[2023-02-10T02:07:42.117+0000] {processor.py:743} INFO - Processing file /home/airflow/.local/lib/python3.7/site-packages/airflow/example_dags/example_short_circuit_decorator.py for tasks to queue
[2023-02-10T02:07:42.121+0000] {logging_mixin.py:137} INFO - [2023-02-10T02:07:42.121+0000] {dagbag.py:538} INFO - Filling up the DagBag from /home/airflow/.local/lib/python3.7/site-packages/airflow/example_dags/example_short_circuit_decorator.py
[2023-02-10T02:07:42.180+0000] {processor.py:753} INFO - DAG(s) dict_keys(['example_short_circuit_decorator']) retrieved from /home/airflow/.local/lib/python3.7/site-packages/airflow/example_dags/example_short_circuit_decorator.py
[2023-02-10T02:07:42.265+0000] {logging_mixin.py:137} INFO - [2023-02-10T02:07:42.264+0000] {dag.py:2690} INFO - Sync 1 DAGs
[2023-02-10T02:07:42.378+0000] {logging_mixin.py:137} INFO - [2023-02-10T02:07:42.378+0000] {dag.py:3441} INFO - Setting next_dagrun for example_short_circuit_decorator to 2023-02-09T02:07:42.378064+00:00, run_after=2023-02-10T02:07:42.378064+00:00
[2023-02-10T02:07:42.435+0000] {processor.py:175} INFO - Processing /home/airflow/.local/lib/python3.7/site-packages/airflow/example_dags/example_short_circuit_decorator.py took 0.332 seconds
[2023-02-10T02:08:14.790+0000] {processor.py:153} INFO - Started process (PID=1963) to work on /home/airflow/.local/lib/python3.7/site-packages/airflow/example_dags/example_short_circuit_decorator.py
[2023-02-10T02:08:14.798+0000] {processor.py:743} INFO - Processing file /home/airflow/.local/lib/python3.7/site-packages/airflow/example_dags/example_short_circuit_decorator.py for tasks to queue
[2023-02-10T02:08:14.805+0000] {logging_mixin.py:137} INFO - [2023-02-10T02:08:14.804+0000] {dagbag.py:538} INFO - Filling up the DagBag from /home/airflow/.local/lib/python3.7/site-packages/airflow/example_dags/example_short_circuit_decorator.py
[2023-02-10T02:08:14.974+0000] {processor.py:753} INFO - DAG(s) dict_keys(['example_short_circuit_decorator']) retrieved from /home/airflow/.local/lib/python3.7/site-packages/airflow/example_dags/example_short_circuit_decorator.py
[2023-02-10T02:08:15.115+0000] {logging_mixin.py:137} INFO - [2023-02-10T02:08:15.115+0000] {dag.py:2690} INFO - Sync 1 DAGs
[2023-02-10T02:08:15.400+0000] {logging_mixin.py:137} INFO - [2023-02-10T02:08:15.400+0000] {dag.py:3441} INFO - Setting next_dagrun for example_short_circuit_decorator to 2023-02-09T02:08:15.399147+00:00, run_after=2023-02-10T02:08:15.399147+00:00
[2023-02-10T02:08:15.561+0000] {processor.py:175} INFO - Processing /home/airflow/.local/lib/python3.7/site-packages/airflow/example_dags/example_short_circuit_decorator.py took 0.785 seconds
[2023-02-10T02:08:46.221+0000] {processor.py:153} INFO - Started process (PID=2013) to work on /home/airflow/.local/lib/python3.7/site-packages/airflow/example_dags/example_short_circuit_decorator.py
[2023-02-10T02:08:46.226+0000] {processor.py:743} INFO - Processing file /home/airflow/.local/lib/python3.7/site-packages/airflow/example_dags/example_short_circuit_decorator.py for tasks to queue
[2023-02-10T02:08:46.236+0000] {logging_mixin.py:137} INFO - [2023-02-10T02:08:46.234+0000] {dagbag.py:538} INFO - Filling up the DagBag from /home/airflow/.local/lib/python3.7/site-packages/airflow/example_dags/example_short_circuit_decorator.py
[2023-02-10T02:08:46.378+0000] {processor.py:753} INFO - DAG(s) dict_keys(['example_short_circuit_decorator']) retrieved from /home/airflow/.local/lib/python3.7/site-packages/airflow/example_dags/example_short_circuit_decorator.py
[2023-02-10T02:08:46.565+0000] {logging_mixin.py:137} INFO - [2023-02-10T02:08:46.565+0000] {dag.py:2690} INFO - Sync 1 DAGs
[2023-02-10T02:08:46.680+0000] {logging_mixin.py:137} INFO - [2023-02-10T02:08:46.677+0000] {dag.py:3441} INFO - Setting next_dagrun for example_short_circuit_decorator to 2023-02-09T02:08:46.677382+00:00, run_after=2023-02-10T02:08:46.677382+00:00
[2023-02-10T02:08:46.843+0000] {processor.py:175} INFO - Processing /home/airflow/.local/lib/python3.7/site-packages/airflow/example_dags/example_short_circuit_decorator.py took 0.638 seconds
[2023-02-10T02:09:18.969+0000] {processor.py:153} INFO - Started process (PID=2071) to work on /home/airflow/.local/lib/python3.7/site-packages/airflow/example_dags/example_short_circuit_decorator.py
[2023-02-10T02:09:18.977+0000] {processor.py:743} INFO - Processing file /home/airflow/.local/lib/python3.7/site-packages/airflow/example_dags/example_short_circuit_decorator.py for tasks to queue
[2023-02-10T02:09:18.993+0000] {logging_mixin.py:137} INFO - [2023-02-10T02:09:18.993+0000] {dagbag.py:538} INFO - Filling up the DagBag from /home/airflow/.local/lib/python3.7/site-packages/airflow/example_dags/example_short_circuit_decorator.py
[2023-02-10T02:09:19.349+0000] {processor.py:753} INFO - DAG(s) dict_keys(['example_short_circuit_decorator']) retrieved from /home/airflow/.local/lib/python3.7/site-packages/airflow/example_dags/example_short_circuit_decorator.py
[2023-02-10T02:09:19.568+0000] {logging_mixin.py:137} INFO - [2023-02-10T02:09:19.564+0000] {dag.py:2690} INFO - Sync 1 DAGs
[2023-02-10T02:09:19.896+0000] {logging_mixin.py:137} INFO - [2023-02-10T02:09:19.895+0000] {dag.py:3441} INFO - Setting next_dagrun for example_short_circuit_decorator to 2023-02-09T02:09:19.894721+00:00, run_after=2023-02-10T02:09:19.894721+00:00
[2023-02-10T02:09:20.065+0000] {processor.py:175} INFO - Processing /home/airflow/.local/lib/python3.7/site-packages/airflow/example_dags/example_short_circuit_decorator.py took 1.156 seconds
[2023-02-10T02:09:51.042+0000] {processor.py:153} INFO - Started process (PID=2127) to work on /home/airflow/.local/lib/python3.7/site-packages/airflow/example_dags/example_short_circuit_decorator.py
[2023-02-10T02:09:51.059+0000] {processor.py:743} INFO - Processing file /home/airflow/.local/lib/python3.7/site-packages/airflow/example_dags/example_short_circuit_decorator.py for tasks to queue
[2023-02-10T02:09:51.083+0000] {logging_mixin.py:137} INFO - [2023-02-10T02:09:51.083+0000] {dagbag.py:538} INFO - Filling up the DagBag from /home/airflow/.local/lib/python3.7/site-packages/airflow/example_dags/example_short_circuit_decorator.py
[2023-02-10T02:09:51.519+0000] {processor.py:753} INFO - DAG(s) dict_keys(['example_short_circuit_decorator']) retrieved from /home/airflow/.local/lib/python3.7/site-packages/airflow/example_dags/example_short_circuit_decorator.py
[2023-02-10T02:09:51.837+0000] {logging_mixin.py:137} INFO - [2023-02-10T02:09:51.837+0000] {dag.py:2690} INFO - Sync 1 DAGs
[2023-02-10T02:09:52.158+0000] {logging_mixin.py:137} INFO - [2023-02-10T02:09:52.153+0000] {dag.py:3441} INFO - Setting next_dagrun for example_short_circuit_decorator to 2023-02-09T02:09:52.152749+00:00, run_after=2023-02-10T02:09:52.152749+00:00
[2023-02-10T02:09:52.315+0000] {processor.py:175} INFO - Processing /home/airflow/.local/lib/python3.7/site-packages/airflow/example_dags/example_short_circuit_decorator.py took 1.332 seconds
[2023-02-10T02:10:33.435+0000] {processor.py:153} INFO - Started process (PID=2186) to work on /home/airflow/.local/lib/python3.7/site-packages/airflow/example_dags/example_short_circuit_decorator.py
[2023-02-10T02:10:33.456+0000] {processor.py:743} INFO - Processing file /home/airflow/.local/lib/python3.7/site-packages/airflow/example_dags/example_short_circuit_decorator.py for tasks to queue
[2023-02-10T02:10:33.462+0000] {logging_mixin.py:137} INFO - [2023-02-10T02:10:33.462+0000] {dagbag.py:538} INFO - Filling up the DagBag from /home/airflow/.local/lib/python3.7/site-packages/airflow/example_dags/example_short_circuit_decorator.py
[2023-02-10T02:10:33.650+0000] {processor.py:753} INFO - DAG(s) dict_keys(['example_short_circuit_decorator']) retrieved from /home/airflow/.local/lib/python3.7/site-packages/airflow/example_dags/example_short_circuit_decorator.py
[2023-02-10T02:10:33.817+0000] {logging_mixin.py:137} INFO - [2023-02-10T02:10:33.817+0000] {dag.py:2690} INFO - Sync 1 DAGs
[2023-02-10T02:10:33.946+0000] {logging_mixin.py:137} INFO - [2023-02-10T02:10:33.946+0000] {dag.py:3441} INFO - Setting next_dagrun for example_short_circuit_decorator to 2023-02-09T02:10:33.943658+00:00, run_after=2023-02-10T02:10:33.943658+00:00
[2023-02-10T02:10:34.034+0000] {processor.py:175} INFO - Processing /home/airflow/.local/lib/python3.7/site-packages/airflow/example_dags/example_short_circuit_decorator.py took 0.614 seconds
[2023-02-10T02:11:04.264+0000] {processor.py:153} INFO - Started process (PID=2236) to work on /home/airflow/.local/lib/python3.7/site-packages/airflow/example_dags/example_short_circuit_decorator.py
[2023-02-10T02:11:04.274+0000] {processor.py:743} INFO - Processing file /home/airflow/.local/lib/python3.7/site-packages/airflow/example_dags/example_short_circuit_decorator.py for tasks to queue
[2023-02-10T02:11:04.281+0000] {logging_mixin.py:137} INFO - [2023-02-10T02:11:04.280+0000] {dagbag.py:538} INFO - Filling up the DagBag from /home/airflow/.local/lib/python3.7/site-packages/airflow/example_dags/example_short_circuit_decorator.py
[2023-02-10T02:11:04.363+0000] {processor.py:753} INFO - DAG(s) dict_keys(['example_short_circuit_decorator']) retrieved from /home/airflow/.local/lib/python3.7/site-packages/airflow/example_dags/example_short_circuit_decorator.py
[2023-02-10T02:11:04.432+0000] {logging_mixin.py:137} INFO - [2023-02-10T02:11:04.431+0000] {dag.py:2690} INFO - Sync 1 DAGs
[2023-02-10T02:11:04.478+0000] {logging_mixin.py:137} INFO - [2023-02-10T02:11:04.478+0000] {dag.py:3441} INFO - Setting next_dagrun for example_short_circuit_decorator to 2023-02-09T02:11:04.477934+00:00, run_after=2023-02-10T02:11:04.477934+00:00
[2023-02-10T02:11:04.521+0000] {processor.py:175} INFO - Processing /home/airflow/.local/lib/python3.7/site-packages/airflow/example_dags/example_short_circuit_decorator.py took 0.264 seconds
[2023-02-10T02:11:34.794+0000] {processor.py:153} INFO - Started process (PID=2294) to work on /home/airflow/.local/lib/python3.7/site-packages/airflow/example_dags/example_short_circuit_decorator.py
[2023-02-10T02:11:34.798+0000] {processor.py:743} INFO - Processing file /home/airflow/.local/lib/python3.7/site-packages/airflow/example_dags/example_short_circuit_decorator.py for tasks to queue
[2023-02-10T02:11:34.803+0000] {logging_mixin.py:137} INFO - [2023-02-10T02:11:34.802+0000] {dagbag.py:538} INFO - Filling up the DagBag from /home/airflow/.local/lib/python3.7/site-packages/airflow/example_dags/example_short_circuit_decorator.py
[2023-02-10T02:11:34.865+0000] {processor.py:753} INFO - DAG(s) dict_keys(['example_short_circuit_decorator']) retrieved from /home/airflow/.local/lib/python3.7/site-packages/airflow/example_dags/example_short_circuit_decorator.py
[2023-02-10T02:11:34.921+0000] {logging_mixin.py:137} INFO - [2023-02-10T02:11:34.921+0000] {dag.py:2690} INFO - Sync 1 DAGs
[2023-02-10T02:11:34.980+0000] {logging_mixin.py:137} INFO - [2023-02-10T02:11:34.979+0000] {dag.py:3441} INFO - Setting next_dagrun for example_short_circuit_decorator to 2023-02-09T02:11:34.979044+00:00, run_after=2023-02-10T02:11:34.979044+00:00
[2023-02-10T02:11:35.026+0000] {processor.py:175} INFO - Processing /home/airflow/.local/lib/python3.7/site-packages/airflow/example_dags/example_short_circuit_decorator.py took 0.244 seconds
[2023-02-10T02:12:06.341+0000] {processor.py:153} INFO - Started process (PID=2353) to work on /home/airflow/.local/lib/python3.7/site-packages/airflow/example_dags/example_short_circuit_decorator.py
[2023-02-10T02:12:06.346+0000] {processor.py:743} INFO - Processing file /home/airflow/.local/lib/python3.7/site-packages/airflow/example_dags/example_short_circuit_decorator.py for tasks to queue
[2023-02-10T02:12:06.352+0000] {logging_mixin.py:137} INFO - [2023-02-10T02:12:06.351+0000] {dagbag.py:538} INFO - Filling up the DagBag from /home/airflow/.local/lib/python3.7/site-packages/airflow/example_dags/example_short_circuit_decorator.py
[2023-02-10T02:12:06.432+0000] {processor.py:753} INFO - DAG(s) dict_keys(['example_short_circuit_decorator']) retrieved from /home/airflow/.local/lib/python3.7/site-packages/airflow/example_dags/example_short_circuit_decorator.py
[2023-02-10T02:12:06.525+0000] {logging_mixin.py:137} INFO - [2023-02-10T02:12:06.525+0000] {dag.py:2690} INFO - Sync 1 DAGs
[2023-02-10T02:12:06.603+0000] {logging_mixin.py:137} INFO - [2023-02-10T02:12:06.603+0000] {dag.py:3441} INFO - Setting next_dagrun for example_short_circuit_decorator to 2023-02-09T02:12:06.602909+00:00, run_after=2023-02-10T02:12:06.602909+00:00
[2023-02-10T02:12:06.648+0000] {processor.py:175} INFO - Processing /home/airflow/.local/lib/python3.7/site-packages/airflow/example_dags/example_short_circuit_decorator.py took 0.315 seconds
[2023-02-10T02:12:39.508+0000] {processor.py:153} INFO - Started process (PID=2411) to work on /home/airflow/.local/lib/python3.7/site-packages/airflow/example_dags/example_short_circuit_decorator.py
[2023-02-10T02:12:39.517+0000] {processor.py:743} INFO - Processing file /home/airflow/.local/lib/python3.7/site-packages/airflow/example_dags/example_short_circuit_decorator.py for tasks to queue
[2023-02-10T02:12:39.521+0000] {logging_mixin.py:137} INFO - [2023-02-10T02:12:39.521+0000] {dagbag.py:538} INFO - Filling up the DagBag from /home/airflow/.local/lib/python3.7/site-packages/airflow/example_dags/example_short_circuit_decorator.py
[2023-02-10T02:12:39.732+0000] {processor.py:753} INFO - DAG(s) dict_keys(['example_short_circuit_decorator']) retrieved from /home/airflow/.local/lib/python3.7/site-packages/airflow/example_dags/example_short_circuit_decorator.py
[2023-02-10T02:12:40.155+0000] {logging_mixin.py:137} INFO - [2023-02-10T02:12:40.138+0000] {dag.py:2690} INFO - Sync 1 DAGs
[2023-02-10T02:12:40.405+0000] {logging_mixin.py:137} INFO - [2023-02-10T02:12:40.405+0000] {dag.py:3441} INFO - Setting next_dagrun for example_short_circuit_decorator to 2023-02-09T02:12:40.404630+00:00, run_after=2023-02-10T02:12:40.404630+00:00
[2023-02-10T02:12:40.578+0000] {processor.py:175} INFO - Processing /home/airflow/.local/lib/python3.7/site-packages/airflow/example_dags/example_short_circuit_decorator.py took 1.111 seconds
[2023-02-10T02:13:15.119+0000] {processor.py:153} INFO - Started process (PID=2472) to work on /home/airflow/.local/lib/python3.7/site-packages/airflow/example_dags/example_short_circuit_decorator.py
[2023-02-10T02:13:15.336+0000] {processor.py:743} INFO - Processing file /home/airflow/.local/lib/python3.7/site-packages/airflow/example_dags/example_short_circuit_decorator.py for tasks to queue
[2023-02-10T02:13:15.379+0000] {logging_mixin.py:137} INFO - [2023-02-10T02:13:15.379+0000] {dagbag.py:538} INFO - Filling up the DagBag from /home/airflow/.local/lib/python3.7/site-packages/airflow/example_dags/example_short_circuit_decorator.py
[2023-02-10T02:13:15.734+0000] {processor.py:753} INFO - DAG(s) dict_keys(['example_short_circuit_decorator']) retrieved from /home/airflow/.local/lib/python3.7/site-packages/airflow/example_dags/example_short_circuit_decorator.py
[2023-02-10T02:13:15.954+0000] {logging_mixin.py:137} INFO - [2023-02-10T02:13:15.953+0000] {dag.py:2690} INFO - Sync 1 DAGs
[2023-02-10T02:13:16.672+0000] {logging_mixin.py:137} INFO - [2023-02-10T02:13:16.672+0000] {dag.py:3441} INFO - Setting next_dagrun for example_short_circuit_decorator to 2023-02-09T02:13:16.671986+00:00, run_after=2023-02-10T02:13:16.671986+00:00
[2023-02-10T02:13:16.868+0000] {processor.py:175} INFO - Processing /home/airflow/.local/lib/python3.7/site-packages/airflow/example_dags/example_short_circuit_decorator.py took 1.925 seconds
[2023-02-10T02:13:47.399+0000] {processor.py:153} INFO - Started process (PID=2528) to work on /home/airflow/.local/lib/python3.7/site-packages/airflow/example_dags/example_short_circuit_decorator.py
[2023-02-10T02:13:47.412+0000] {processor.py:743} INFO - Processing file /home/airflow/.local/lib/python3.7/site-packages/airflow/example_dags/example_short_circuit_decorator.py for tasks to queue
[2023-02-10T02:13:47.423+0000] {logging_mixin.py:137} INFO - [2023-02-10T02:13:47.422+0000] {dagbag.py:538} INFO - Filling up the DagBag from /home/airflow/.local/lib/python3.7/site-packages/airflow/example_dags/example_short_circuit_decorator.py
[2023-02-10T02:13:47.529+0000] {processor.py:753} INFO - DAG(s) dict_keys(['example_short_circuit_decorator']) retrieved from /home/airflow/.local/lib/python3.7/site-packages/airflow/example_dags/example_short_circuit_decorator.py
[2023-02-10T02:13:47.825+0000] {logging_mixin.py:137} INFO - [2023-02-10T02:13:47.825+0000] {dag.py:2690} INFO - Sync 1 DAGs
[2023-02-10T02:13:48.414+0000] {logging_mixin.py:137} INFO - [2023-02-10T02:13:48.413+0000] {dag.py:3441} INFO - Setting next_dagrun for example_short_circuit_decorator to 2023-02-09T02:13:48.413092+00:00, run_after=2023-02-10T02:13:48.413092+00:00
[2023-02-10T02:13:48.518+0000] {processor.py:175} INFO - Processing /home/airflow/.local/lib/python3.7/site-packages/airflow/example_dags/example_short_circuit_decorator.py took 1.138 seconds
[2023-02-10T02:14:18.860+0000] {processor.py:153} INFO - Started process (PID=2579) to work on /home/airflow/.local/lib/python3.7/site-packages/airflow/example_dags/example_short_circuit_decorator.py
[2023-02-10T02:14:18.867+0000] {processor.py:743} INFO - Processing file /home/airflow/.local/lib/python3.7/site-packages/airflow/example_dags/example_short_circuit_decorator.py for tasks to queue
[2023-02-10T02:14:18.873+0000] {logging_mixin.py:137} INFO - [2023-02-10T02:14:18.872+0000] {dagbag.py:538} INFO - Filling up the DagBag from /home/airflow/.local/lib/python3.7/site-packages/airflow/example_dags/example_short_circuit_decorator.py
[2023-02-10T02:14:19.007+0000] {processor.py:753} INFO - DAG(s) dict_keys(['example_short_circuit_decorator']) retrieved from /home/airflow/.local/lib/python3.7/site-packages/airflow/example_dags/example_short_circuit_decorator.py
[2023-02-10T02:14:19.088+0000] {logging_mixin.py:137} INFO - [2023-02-10T02:14:19.087+0000] {dag.py:2690} INFO - Sync 1 DAGs
[2023-02-10T02:14:19.179+0000] {logging_mixin.py:137} INFO - [2023-02-10T02:14:19.178+0000] {dag.py:3441} INFO - Setting next_dagrun for example_short_circuit_decorator to 2023-02-09T02:14:19.175270+00:00, run_after=2023-02-10T02:14:19.175270+00:00
[2023-02-10T02:14:19.233+0000] {processor.py:175} INFO - Processing /home/airflow/.local/lib/python3.7/site-packages/airflow/example_dags/example_short_circuit_decorator.py took 0.393 seconds
[2023-02-10T02:14:49.792+0000] {processor.py:153} INFO - Started process (PID=2635) to work on /home/airflow/.local/lib/python3.7/site-packages/airflow/example_dags/example_short_circuit_decorator.py
[2023-02-10T02:14:49.822+0000] {processor.py:743} INFO - Processing file /home/airflow/.local/lib/python3.7/site-packages/airflow/example_dags/example_short_circuit_decorator.py for tasks to queue
[2023-02-10T02:14:49.839+0000] {logging_mixin.py:137} INFO - [2023-02-10T02:14:49.838+0000] {dagbag.py:538} INFO - Filling up the DagBag from /home/airflow/.local/lib/python3.7/site-packages/airflow/example_dags/example_short_circuit_decorator.py
[2023-02-10T02:14:50.236+0000] {processor.py:753} INFO - DAG(s) dict_keys(['example_short_circuit_decorator']) retrieved from /home/airflow/.local/lib/python3.7/site-packages/airflow/example_dags/example_short_circuit_decorator.py
[2023-02-10T02:14:50.543+0000] {logging_mixin.py:137} INFO - [2023-02-10T02:14:50.543+0000] {dag.py:2690} INFO - Sync 1 DAGs
[2023-02-10T02:14:50.973+0000] {logging_mixin.py:137} INFO - [2023-02-10T02:14:50.973+0000] {dag.py:3441} INFO - Setting next_dagrun for example_short_circuit_decorator to 2023-02-09T02:14:50.973252+00:00, run_after=2023-02-10T02:14:50.973252+00:00
[2023-02-10T02:14:51.399+0000] {processor.py:175} INFO - Processing /home/airflow/.local/lib/python3.7/site-packages/airflow/example_dags/example_short_circuit_decorator.py took 1.700 seconds
[2023-02-10T02:15:21.924+0000] {processor.py:153} INFO - Started process (PID=2687) to work on /home/airflow/.local/lib/python3.7/site-packages/airflow/example_dags/example_short_circuit_decorator.py
[2023-02-10T02:15:21.928+0000] {processor.py:743} INFO - Processing file /home/airflow/.local/lib/python3.7/site-packages/airflow/example_dags/example_short_circuit_decorator.py for tasks to queue
[2023-02-10T02:15:21.932+0000] {logging_mixin.py:137} INFO - [2023-02-10T02:15:21.932+0000] {dagbag.py:538} INFO - Filling up the DagBag from /home/airflow/.local/lib/python3.7/site-packages/airflow/example_dags/example_short_circuit_decorator.py
[2023-02-10T02:15:22.052+0000] {processor.py:753} INFO - DAG(s) dict_keys(['example_short_circuit_decorator']) retrieved from /home/airflow/.local/lib/python3.7/site-packages/airflow/example_dags/example_short_circuit_decorator.py
[2023-02-10T02:15:22.166+0000] {logging_mixin.py:137} INFO - [2023-02-10T02:15:22.166+0000] {dag.py:2690} INFO - Sync 1 DAGs
[2023-02-10T02:15:22.256+0000] {logging_mixin.py:137} INFO - [2023-02-10T02:15:22.256+0000] {dag.py:3441} INFO - Setting next_dagrun for example_short_circuit_decorator to 2023-02-09T02:15:22.256147+00:00, run_after=2023-02-10T02:15:22.256147+00:00
[2023-02-10T02:15:22.328+0000] {processor.py:175} INFO - Processing /home/airflow/.local/lib/python3.7/site-packages/airflow/example_dags/example_short_circuit_decorator.py took 0.425 seconds
[2023-02-10T02:15:53.197+0000] {processor.py:153} INFO - Started process (PID=2746) to work on /home/airflow/.local/lib/python3.7/site-packages/airflow/example_dags/example_short_circuit_decorator.py
[2023-02-10T02:15:53.203+0000] {processor.py:743} INFO - Processing file /home/airflow/.local/lib/python3.7/site-packages/airflow/example_dags/example_short_circuit_decorator.py for tasks to queue
[2023-02-10T02:15:53.216+0000] {logging_mixin.py:137} INFO - [2023-02-10T02:15:53.216+0000] {dagbag.py:538} INFO - Filling up the DagBag from /home/airflow/.local/lib/python3.7/site-packages/airflow/example_dags/example_short_circuit_decorator.py
[2023-02-10T02:15:53.508+0000] {processor.py:753} INFO - DAG(s) dict_keys(['example_short_circuit_decorator']) retrieved from /home/airflow/.local/lib/python3.7/site-packages/airflow/example_dags/example_short_circuit_decorator.py
[2023-02-10T02:15:53.691+0000] {logging_mixin.py:137} INFO - [2023-02-10T02:15:53.690+0000] {dag.py:2690} INFO - Sync 1 DAGs
[2023-02-10T02:15:53.920+0000] {logging_mixin.py:137} INFO - [2023-02-10T02:15:53.913+0000] {dag.py:3441} INFO - Setting next_dagrun for example_short_circuit_decorator to 2023-02-09T02:15:53.912438+00:00, run_after=2023-02-10T02:15:53.912438+00:00
[2023-02-10T02:15:54.064+0000] {processor.py:175} INFO - Processing /home/airflow/.local/lib/python3.7/site-packages/airflow/example_dags/example_short_circuit_decorator.py took 0.888 seconds
[2023-02-10T02:16:24.794+0000] {processor.py:153} INFO - Started process (PID=2804) to work on /home/airflow/.local/lib/python3.7/site-packages/airflow/example_dags/example_short_circuit_decorator.py
[2023-02-10T02:16:24.803+0000] {processor.py:743} INFO - Processing file /home/airflow/.local/lib/python3.7/site-packages/airflow/example_dags/example_short_circuit_decorator.py for tasks to queue
[2023-02-10T02:16:24.814+0000] {logging_mixin.py:137} INFO - [2023-02-10T02:16:24.811+0000] {dagbag.py:538} INFO - Filling up the DagBag from /home/airflow/.local/lib/python3.7/site-packages/airflow/example_dags/example_short_circuit_decorator.py
[2023-02-10T02:16:25.041+0000] {processor.py:753} INFO - DAG(s) dict_keys(['example_short_circuit_decorator']) retrieved from /home/airflow/.local/lib/python3.7/site-packages/airflow/example_dags/example_short_circuit_decorator.py
[2023-02-10T02:16:25.310+0000] {logging_mixin.py:137} INFO - [2023-02-10T02:16:25.309+0000] {dag.py:2690} INFO - Sync 1 DAGs
[2023-02-10T02:16:25.490+0000] {logging_mixin.py:137} INFO - [2023-02-10T02:16:25.489+0000] {dag.py:3441} INFO - Setting next_dagrun for example_short_circuit_decorator to 2023-02-09T02:16:25.489361+00:00, run_after=2023-02-10T02:16:25.489361+00:00
[2023-02-10T02:16:25.595+0000] {processor.py:175} INFO - Processing /home/airflow/.local/lib/python3.7/site-packages/airflow/example_dags/example_short_circuit_decorator.py took 0.848 seconds
[2023-02-10T02:16:56.736+0000] {processor.py:153} INFO - Started process (PID=2854) to work on /home/airflow/.local/lib/python3.7/site-packages/airflow/example_dags/example_short_circuit_decorator.py
[2023-02-10T02:16:56.745+0000] {processor.py:743} INFO - Processing file /home/airflow/.local/lib/python3.7/site-packages/airflow/example_dags/example_short_circuit_decorator.py for tasks to queue
[2023-02-10T02:16:56.751+0000] {logging_mixin.py:137} INFO - [2023-02-10T02:16:56.750+0000] {dagbag.py:538} INFO - Filling up the DagBag from /home/airflow/.local/lib/python3.7/site-packages/airflow/example_dags/example_short_circuit_decorator.py
[2023-02-10T02:16:56.822+0000] {processor.py:753} INFO - DAG(s) dict_keys(['example_short_circuit_decorator']) retrieved from /home/airflow/.local/lib/python3.7/site-packages/airflow/example_dags/example_short_circuit_decorator.py
[2023-02-10T02:16:56.891+0000] {logging_mixin.py:137} INFO - [2023-02-10T02:16:56.891+0000] {dag.py:2690} INFO - Sync 1 DAGs
[2023-02-10T02:16:56.988+0000] {logging_mixin.py:137} INFO - [2023-02-10T02:16:56.988+0000] {dag.py:3441} INFO - Setting next_dagrun for example_short_circuit_decorator to 2023-02-09T02:16:56.988173+00:00, run_after=2023-02-10T02:16:56.988173+00:00
[2023-02-10T02:16:57.082+0000] {processor.py:175} INFO - Processing /home/airflow/.local/lib/python3.7/site-packages/airflow/example_dags/example_short_circuit_decorator.py took 0.357 seconds
[2023-02-10T02:17:44.128+0000] {processor.py:153} INFO - Started process (PID=2919) to work on /home/airflow/.local/lib/python3.7/site-packages/airflow/example_dags/example_short_circuit_decorator.py
[2023-02-10T02:17:44.206+0000] {processor.py:743} INFO - Processing file /home/airflow/.local/lib/python3.7/site-packages/airflow/example_dags/example_short_circuit_decorator.py for tasks to queue
[2023-02-10T02:17:44.237+0000] {logging_mixin.py:137} INFO - [2023-02-10T02:17:44.235+0000] {dagbag.py:538} INFO - Filling up the DagBag from /home/airflow/.local/lib/python3.7/site-packages/airflow/example_dags/example_short_circuit_decorator.py
[2023-02-10T02:17:45.704+0000] {processor.py:753} INFO - DAG(s) dict_keys(['example_short_circuit_decorator']) retrieved from /home/airflow/.local/lib/python3.7/site-packages/airflow/example_dags/example_short_circuit_decorator.py
[2023-02-10T02:17:46.443+0000] {logging_mixin.py:137} INFO - [2023-02-10T02:17:46.436+0000] {dag.py:2690} INFO - Sync 1 DAGs
[2023-02-10T02:17:47.146+0000] {logging_mixin.py:137} INFO - [2023-02-10T02:17:47.146+0000] {dag.py:3441} INFO - Setting next_dagrun for example_short_circuit_decorator to 2023-02-09T02:17:47.145353+00:00, run_after=2023-02-10T02:17:47.145353+00:00
[2023-02-10T02:17:47.375+0000] {processor.py:175} INFO - Processing /home/airflow/.local/lib/python3.7/site-packages/airflow/example_dags/example_short_circuit_decorator.py took 3.541 seconds
[2023-02-10T02:18:17.579+0000] {processor.py:153} INFO - Started process (PID=2970) to work on /home/airflow/.local/lib/python3.7/site-packages/airflow/example_dags/example_short_circuit_decorator.py
[2023-02-10T02:18:17.585+0000] {processor.py:743} INFO - Processing file /home/airflow/.local/lib/python3.7/site-packages/airflow/example_dags/example_short_circuit_decorator.py for tasks to queue
[2023-02-10T02:18:17.590+0000] {logging_mixin.py:137} INFO - [2023-02-10T02:18:17.589+0000] {dagbag.py:538} INFO - Filling up the DagBag from /home/airflow/.local/lib/python3.7/site-packages/airflow/example_dags/example_short_circuit_decorator.py
[2023-02-10T02:18:17.654+0000] {processor.py:753} INFO - DAG(s) dict_keys(['example_short_circuit_decorator']) retrieved from /home/airflow/.local/lib/python3.7/site-packages/airflow/example_dags/example_short_circuit_decorator.py
[2023-02-10T02:18:17.710+0000] {logging_mixin.py:137} INFO - [2023-02-10T02:18:17.710+0000] {dag.py:2690} INFO - Sync 1 DAGs
[2023-02-10T02:18:17.767+0000] {logging_mixin.py:137} INFO - [2023-02-10T02:18:17.767+0000] {dag.py:3441} INFO - Setting next_dagrun for example_short_circuit_decorator to 2023-02-09T02:18:17.766342+00:00, run_after=2023-02-10T02:18:17.766342+00:00
[2023-02-10T02:18:17.832+0000] {processor.py:175} INFO - Processing /home/airflow/.local/lib/python3.7/site-packages/airflow/example_dags/example_short_circuit_decorator.py took 0.273 seconds
[2023-02-10T02:19:30.492+0000] {processor.py:153} INFO - Started process (PID=65) to work on /home/airflow/.local/lib/python3.7/site-packages/airflow/example_dags/example_short_circuit_decorator.py
[2023-02-10T02:19:30.516+0000] {processor.py:743} INFO - Processing file /home/airflow/.local/lib/python3.7/site-packages/airflow/example_dags/example_short_circuit_decorator.py for tasks to queue
[2023-02-10T02:19:30.541+0000] {logging_mixin.py:137} INFO - [2023-02-10T02:19:30.540+0000] {dagbag.py:538} INFO - Filling up the DagBag from /home/airflow/.local/lib/python3.7/site-packages/airflow/example_dags/example_short_circuit_decorator.py
[2023-02-10T02:19:30.977+0000] {processor.py:753} INFO - DAG(s) dict_keys(['example_short_circuit_decorator']) retrieved from /home/airflow/.local/lib/python3.7/site-packages/airflow/example_dags/example_short_circuit_decorator.py
[2023-02-10T02:19:31.256+0000] {logging_mixin.py:137} INFO - [2023-02-10T02:19:31.255+0000] {dag.py:2690} INFO - Sync 1 DAGs
[2023-02-10T02:19:31.559+0000] {logging_mixin.py:137} INFO - [2023-02-10T02:19:31.558+0000] {dag.py:3441} INFO - Setting next_dagrun for example_short_circuit_decorator to 2023-02-09T02:19:31.558256+00:00, run_after=2023-02-10T02:19:31.558256+00:00
[2023-02-10T02:19:31.717+0000] {processor.py:175} INFO - Processing /home/airflow/.local/lib/python3.7/site-packages/airflow/example_dags/example_short_circuit_decorator.py took 1.312 seconds
[2023-02-10T02:20:02.503+0000] {processor.py:153} INFO - Started process (PID=122) to work on /home/airflow/.local/lib/python3.7/site-packages/airflow/example_dags/example_short_circuit_decorator.py
[2023-02-10T02:20:02.539+0000] {processor.py:743} INFO - Processing file /home/airflow/.local/lib/python3.7/site-packages/airflow/example_dags/example_short_circuit_decorator.py for tasks to queue
[2023-02-10T02:20:02.564+0000] {logging_mixin.py:137} INFO - [2023-02-10T02:20:02.554+0000] {dagbag.py:538} INFO - Filling up the DagBag from /home/airflow/.local/lib/python3.7/site-packages/airflow/example_dags/example_short_circuit_decorator.py
[2023-02-10T02:20:03.104+0000] {processor.py:753} INFO - DAG(s) dict_keys(['example_short_circuit_decorator']) retrieved from /home/airflow/.local/lib/python3.7/site-packages/airflow/example_dags/example_short_circuit_decorator.py
[2023-02-10T02:20:03.437+0000] {logging_mixin.py:137} INFO - [2023-02-10T02:20:03.436+0000] {dag.py:2690} INFO - Sync 1 DAGs
[2023-02-10T02:20:03.785+0000] {logging_mixin.py:137} INFO - [2023-02-10T02:20:03.784+0000] {dag.py:3441} INFO - Setting next_dagrun for example_short_circuit_decorator to 2023-02-09T02:20:03.784319+00:00, run_after=2023-02-10T02:20:03.784319+00:00
[2023-02-10T02:20:04.028+0000] {processor.py:175} INFO - Processing /home/airflow/.local/lib/python3.7/site-packages/airflow/example_dags/example_short_circuit_decorator.py took 1.596 seconds
[2023-02-10T02:20:59.634+0000] {processor.py:153} INFO - Started process (PID=182) to work on /home/airflow/.local/lib/python3.7/site-packages/airflow/example_dags/example_short_circuit_decorator.py
[2023-02-10T02:20:59.646+0000] {processor.py:743} INFO - Processing file /home/airflow/.local/lib/python3.7/site-packages/airflow/example_dags/example_short_circuit_decorator.py for tasks to queue
[2023-02-10T02:20:59.681+0000] {logging_mixin.py:137} INFO - [2023-02-10T02:20:59.662+0000] {dagbag.py:538} INFO - Filling up the DagBag from /home/airflow/.local/lib/python3.7/site-packages/airflow/example_dags/example_short_circuit_decorator.py
[2023-02-10T02:21:00.259+0000] {processor.py:753} INFO - DAG(s) dict_keys(['example_short_circuit_decorator']) retrieved from /home/airflow/.local/lib/python3.7/site-packages/airflow/example_dags/example_short_circuit_decorator.py
[2023-02-10T02:21:00.677+0000] {logging_mixin.py:137} INFO - [2023-02-10T02:21:00.676+0000] {dag.py:2690} INFO - Sync 1 DAGs
[2023-02-10T02:21:01.347+0000] {logging_mixin.py:137} INFO - [2023-02-10T02:21:01.347+0000] {dag.py:3441} INFO - Setting next_dagrun for example_short_circuit_decorator to 2023-02-09T02:21:01.338463+00:00, run_after=2023-02-10T02:21:01.338463+00:00
[2023-02-10T02:21:01.550+0000] {processor.py:175} INFO - Processing /home/airflow/.local/lib/python3.7/site-packages/airflow/example_dags/example_short_circuit_decorator.py took 2.021 seconds
[2023-02-10T02:21:49.967+0000] {processor.py:153} INFO - Started process (PID=247) to work on /home/airflow/.local/lib/python3.7/site-packages/airflow/example_dags/example_short_circuit_decorator.py
[2023-02-10T02:21:49.985+0000] {processor.py:743} INFO - Processing file /home/airflow/.local/lib/python3.7/site-packages/airflow/example_dags/example_short_circuit_decorator.py for tasks to queue
[2023-02-10T02:21:49.997+0000] {logging_mixin.py:137} INFO - [2023-02-10T02:21:49.997+0000] {dagbag.py:538} INFO - Filling up the DagBag from /home/airflow/.local/lib/python3.7/site-packages/airflow/example_dags/example_short_circuit_decorator.py
[2023-02-10T02:21:50.543+0000] {processor.py:753} INFO - DAG(s) dict_keys(['example_short_circuit_decorator']) retrieved from /home/airflow/.local/lib/python3.7/site-packages/airflow/example_dags/example_short_circuit_decorator.py
[2023-02-10T02:21:51.018+0000] {logging_mixin.py:137} INFO - [2023-02-10T02:21:51.018+0000] {dag.py:2690} INFO - Sync 1 DAGs
[2023-02-10T02:21:51.346+0000] {logging_mixin.py:137} INFO - [2023-02-10T02:21:51.346+0000] {dag.py:3441} INFO - Setting next_dagrun for example_short_circuit_decorator to 2023-02-09T02:21:51.345653+00:00, run_after=2023-02-10T02:21:51.345653+00:00
[2023-02-10T02:21:51.556+0000] {processor.py:175} INFO - Processing /home/airflow/.local/lib/python3.7/site-packages/airflow/example_dags/example_short_circuit_decorator.py took 1.615 seconds
[2023-02-10T02:22:25.880+0000] {processor.py:153} INFO - Started process (PID=303) to work on /home/airflow/.local/lib/python3.7/site-packages/airflow/example_dags/example_short_circuit_decorator.py
[2023-02-10T02:22:25.896+0000] {processor.py:743} INFO - Processing file /home/airflow/.local/lib/python3.7/site-packages/airflow/example_dags/example_short_circuit_decorator.py for tasks to queue
[2023-02-10T02:22:25.911+0000] {logging_mixin.py:137} INFO - [2023-02-10T02:22:25.910+0000] {dagbag.py:538} INFO - Filling up the DagBag from /home/airflow/.local/lib/python3.7/site-packages/airflow/example_dags/example_short_circuit_decorator.py
[2023-02-10T02:22:26.580+0000] {processor.py:753} INFO - DAG(s) dict_keys(['example_short_circuit_decorator']) retrieved from /home/airflow/.local/lib/python3.7/site-packages/airflow/example_dags/example_short_circuit_decorator.py
[2023-02-10T02:22:26.916+0000] {logging_mixin.py:137} INFO - [2023-02-10T02:22:26.916+0000] {dag.py:2690} INFO - Sync 1 DAGs
[2023-02-10T02:22:27.595+0000] {logging_mixin.py:137} INFO - [2023-02-10T02:22:27.595+0000] {dag.py:3441} INFO - Setting next_dagrun for example_short_circuit_decorator to 2023-02-09T02:22:27.594260+00:00, run_after=2023-02-10T02:22:27.594260+00:00
[2023-02-10T02:22:27.852+0000] {processor.py:175} INFO - Processing /home/airflow/.local/lib/python3.7/site-packages/airflow/example_dags/example_short_circuit_decorator.py took 2.029 seconds
[2023-02-10T02:23:13.111+0000] {processor.py:153} INFO - Started process (PID=356) to work on /home/airflow/.local/lib/python3.7/site-packages/airflow/example_dags/example_short_circuit_decorator.py
[2023-02-10T02:23:13.125+0000] {processor.py:743} INFO - Processing file /home/airflow/.local/lib/python3.7/site-packages/airflow/example_dags/example_short_circuit_decorator.py for tasks to queue
[2023-02-10T02:23:13.137+0000] {logging_mixin.py:137} INFO - [2023-02-10T02:23:13.133+0000] {dagbag.py:538} INFO - Filling up the DagBag from /home/airflow/.local/lib/python3.7/site-packages/airflow/example_dags/example_short_circuit_decorator.py
[2023-02-10T02:23:13.319+0000] {processor.py:753} INFO - DAG(s) dict_keys(['example_short_circuit_decorator']) retrieved from /home/airflow/.local/lib/python3.7/site-packages/airflow/example_dags/example_short_circuit_decorator.py
[2023-02-10T02:23:13.507+0000] {logging_mixin.py:137} INFO - [2023-02-10T02:23:13.505+0000] {dag.py:2690} INFO - Sync 1 DAGs
[2023-02-10T02:23:13.807+0000] {logging_mixin.py:137} INFO - [2023-02-10T02:23:13.807+0000] {dag.py:3441} INFO - Setting next_dagrun for example_short_circuit_decorator to 2023-02-09T02:23:13.782180+00:00, run_after=2023-02-10T02:23:13.782180+00:00
[2023-02-10T02:23:14.134+0000] {processor.py:175} INFO - Processing /home/airflow/.local/lib/python3.7/site-packages/airflow/example_dags/example_short_circuit_decorator.py took 1.050 seconds
[2023-02-10T02:23:44.355+0000] {processor.py:153} INFO - Started process (PID=412) to work on /home/airflow/.local/lib/python3.7/site-packages/airflow/example_dags/example_short_circuit_decorator.py
[2023-02-10T02:23:44.367+0000] {processor.py:743} INFO - Processing file /home/airflow/.local/lib/python3.7/site-packages/airflow/example_dags/example_short_circuit_decorator.py for tasks to queue
[2023-02-10T02:23:44.371+0000] {logging_mixin.py:137} INFO - [2023-02-10T02:23:44.371+0000] {dagbag.py:538} INFO - Filling up the DagBag from /home/airflow/.local/lib/python3.7/site-packages/airflow/example_dags/example_short_circuit_decorator.py
[2023-02-10T02:23:44.512+0000] {processor.py:753} INFO - DAG(s) dict_keys(['example_short_circuit_decorator']) retrieved from /home/airflow/.local/lib/python3.7/site-packages/airflow/example_dags/example_short_circuit_decorator.py
[2023-02-10T02:23:44.797+0000] {logging_mixin.py:137} INFO - [2023-02-10T02:23:44.796+0000] {dag.py:2690} INFO - Sync 1 DAGs
[2023-02-10T02:23:45.077+0000] {logging_mixin.py:137} INFO - [2023-02-10T02:23:45.077+0000] {dag.py:3441} INFO - Setting next_dagrun for example_short_circuit_decorator to 2023-02-09T02:23:45.076519+00:00, run_after=2023-02-10T02:23:45.076519+00:00
[2023-02-10T02:23:45.595+0000] {processor.py:175} INFO - Processing /home/airflow/.local/lib/python3.7/site-packages/airflow/example_dags/example_short_circuit_decorator.py took 1.262 seconds
[2023-02-10T02:24:16.404+0000] {processor.py:153} INFO - Started process (PID=463) to work on /home/airflow/.local/lib/python3.7/site-packages/airflow/example_dags/example_short_circuit_decorator.py
[2023-02-10T02:24:16.415+0000] {processor.py:743} INFO - Processing file /home/airflow/.local/lib/python3.7/site-packages/airflow/example_dags/example_short_circuit_decorator.py for tasks to queue
[2023-02-10T02:24:16.437+0000] {logging_mixin.py:137} INFO - [2023-02-10T02:24:16.435+0000] {dagbag.py:538} INFO - Filling up the DagBag from /home/airflow/.local/lib/python3.7/site-packages/airflow/example_dags/example_short_circuit_decorator.py
[2023-02-10T02:24:16.562+0000] {processor.py:753} INFO - DAG(s) dict_keys(['example_short_circuit_decorator']) retrieved from /home/airflow/.local/lib/python3.7/site-packages/airflow/example_dags/example_short_circuit_decorator.py
[2023-02-10T02:24:16.665+0000] {logging_mixin.py:137} INFO - [2023-02-10T02:24:16.663+0000] {dag.py:2690} INFO - Sync 1 DAGs
[2023-02-10T02:24:16.822+0000] {logging_mixin.py:137} INFO - [2023-02-10T02:24:16.822+0000] {dag.py:3441} INFO - Setting next_dagrun for example_short_circuit_decorator to 2023-02-09T02:24:16.822245+00:00, run_after=2023-02-10T02:24:16.822245+00:00
[2023-02-10T02:24:16.916+0000] {processor.py:175} INFO - Processing /home/airflow/.local/lib/python3.7/site-packages/airflow/example_dags/example_short_circuit_decorator.py took 0.538 seconds
[2023-02-10T02:24:48.100+0000] {processor.py:153} INFO - Started process (PID=522) to work on /home/airflow/.local/lib/python3.7/site-packages/airflow/example_dags/example_short_circuit_decorator.py
[2023-02-10T02:24:48.112+0000] {processor.py:743} INFO - Processing file /home/airflow/.local/lib/python3.7/site-packages/airflow/example_dags/example_short_circuit_decorator.py for tasks to queue
[2023-02-10T02:24:48.130+0000] {logging_mixin.py:137} INFO - [2023-02-10T02:24:48.121+0000] {dagbag.py:538} INFO - Filling up the DagBag from /home/airflow/.local/lib/python3.7/site-packages/airflow/example_dags/example_short_circuit_decorator.py
[2023-02-10T02:24:48.304+0000] {processor.py:753} INFO - DAG(s) dict_keys(['example_short_circuit_decorator']) retrieved from /home/airflow/.local/lib/python3.7/site-packages/airflow/example_dags/example_short_circuit_decorator.py
[2023-02-10T02:24:48.590+0000] {logging_mixin.py:137} INFO - [2023-02-10T02:24:48.589+0000] {dag.py:2690} INFO - Sync 1 DAGs
[2023-02-10T02:24:48.737+0000] {logging_mixin.py:137} INFO - [2023-02-10T02:24:48.737+0000] {dag.py:3441} INFO - Setting next_dagrun for example_short_circuit_decorator to 2023-02-09T02:24:48.737127+00:00, run_after=2023-02-10T02:24:48.737127+00:00
[2023-02-10T02:24:48.849+0000] {processor.py:175} INFO - Processing /home/airflow/.local/lib/python3.7/site-packages/airflow/example_dags/example_short_circuit_decorator.py took 0.771 seconds
[2023-02-10T02:25:20.618+0000] {processor.py:153} INFO - Started process (PID=577) to work on /home/airflow/.local/lib/python3.7/site-packages/airflow/example_dags/example_short_circuit_decorator.py
[2023-02-10T02:25:20.631+0000] {processor.py:743} INFO - Processing file /home/airflow/.local/lib/python3.7/site-packages/airflow/example_dags/example_short_circuit_decorator.py for tasks to queue
[2023-02-10T02:25:20.646+0000] {logging_mixin.py:137} INFO - [2023-02-10T02:25:20.643+0000] {dagbag.py:538} INFO - Filling up the DagBag from /home/airflow/.local/lib/python3.7/site-packages/airflow/example_dags/example_short_circuit_decorator.py
[2023-02-10T02:25:20.970+0000] {processor.py:753} INFO - DAG(s) dict_keys(['example_short_circuit_decorator']) retrieved from /home/airflow/.local/lib/python3.7/site-packages/airflow/example_dags/example_short_circuit_decorator.py
[2023-02-10T02:25:21.322+0000] {logging_mixin.py:137} INFO - [2023-02-10T02:25:21.322+0000] {dag.py:2690} INFO - Sync 1 DAGs
[2023-02-10T02:25:21.772+0000] {logging_mixin.py:137} INFO - [2023-02-10T02:25:21.772+0000] {dag.py:3441} INFO - Setting next_dagrun for example_short_circuit_decorator to 2023-02-09T02:25:21.771910+00:00, run_after=2023-02-10T02:25:21.771910+00:00
[2023-02-10T02:25:22.062+0000] {processor.py:175} INFO - Processing /home/airflow/.local/lib/python3.7/site-packages/airflow/example_dags/example_short_circuit_decorator.py took 1.477 seconds
[2023-02-10T02:25:52.602+0000] {processor.py:153} INFO - Started process (PID=629) to work on /home/airflow/.local/lib/python3.7/site-packages/airflow/example_dags/example_short_circuit_decorator.py
[2023-02-10T02:25:52.607+0000] {processor.py:743} INFO - Processing file /home/airflow/.local/lib/python3.7/site-packages/airflow/example_dags/example_short_circuit_decorator.py for tasks to queue
[2023-02-10T02:25:52.621+0000] {logging_mixin.py:137} INFO - [2023-02-10T02:25:52.619+0000] {dagbag.py:538} INFO - Filling up the DagBag from /home/airflow/.local/lib/python3.7/site-packages/airflow/example_dags/example_short_circuit_decorator.py
[2023-02-10T02:25:52.913+0000] {processor.py:753} INFO - DAG(s) dict_keys(['example_short_circuit_decorator']) retrieved from /home/airflow/.local/lib/python3.7/site-packages/airflow/example_dags/example_short_circuit_decorator.py
[2023-02-10T02:25:53.063+0000] {logging_mixin.py:137} INFO - [2023-02-10T02:25:53.063+0000] {dag.py:2690} INFO - Sync 1 DAGs
[2023-02-10T02:25:53.155+0000] {logging_mixin.py:137} INFO - [2023-02-10T02:25:53.154+0000] {dag.py:3441} INFO - Setting next_dagrun for example_short_circuit_decorator to 2023-02-09T02:25:53.154408+00:00, run_after=2023-02-10T02:25:53.154408+00:00
[2023-02-10T02:25:53.242+0000] {processor.py:175} INFO - Processing /home/airflow/.local/lib/python3.7/site-packages/airflow/example_dags/example_short_circuit_decorator.py took 0.665 seconds
[2023-02-10T02:26:24.111+0000] {processor.py:153} INFO - Started process (PID=688) to work on /home/airflow/.local/lib/python3.7/site-packages/airflow/example_dags/example_short_circuit_decorator.py
[2023-02-10T02:26:24.114+0000] {processor.py:743} INFO - Processing file /home/airflow/.local/lib/python3.7/site-packages/airflow/example_dags/example_short_circuit_decorator.py for tasks to queue
[2023-02-10T02:26:24.119+0000] {logging_mixin.py:137} INFO - [2023-02-10T02:26:24.118+0000] {dagbag.py:538} INFO - Filling up the DagBag from /home/airflow/.local/lib/python3.7/site-packages/airflow/example_dags/example_short_circuit_decorator.py
[2023-02-10T02:26:24.477+0000] {processor.py:753} INFO - DAG(s) dict_keys(['example_short_circuit_decorator']) retrieved from /home/airflow/.local/lib/python3.7/site-packages/airflow/example_dags/example_short_circuit_decorator.py
[2023-02-10T02:26:24.665+0000] {logging_mixin.py:137} INFO - [2023-02-10T02:26:24.664+0000] {dag.py:2690} INFO - Sync 1 DAGs
[2023-02-10T02:26:24.845+0000] {logging_mixin.py:137} INFO - [2023-02-10T02:26:24.845+0000] {dag.py:3441} INFO - Setting next_dagrun for example_short_circuit_decorator to 2023-02-09T02:26:24.844550+00:00, run_after=2023-02-10T02:26:24.844550+00:00
[2023-02-10T02:26:25.325+0000] {processor.py:175} INFO - Processing /home/airflow/.local/lib/python3.7/site-packages/airflow/example_dags/example_short_circuit_decorator.py took 1.265 seconds
[2023-02-10T02:26:56.221+0000] {processor.py:153} INFO - Started process (PID=738) to work on /home/airflow/.local/lib/python3.7/site-packages/airflow/example_dags/example_short_circuit_decorator.py
[2023-02-10T02:26:56.229+0000] {processor.py:743} INFO - Processing file /home/airflow/.local/lib/python3.7/site-packages/airflow/example_dags/example_short_circuit_decorator.py for tasks to queue
[2023-02-10T02:26:56.239+0000] {logging_mixin.py:137} INFO - [2023-02-10T02:26:56.239+0000] {dagbag.py:538} INFO - Filling up the DagBag from /home/airflow/.local/lib/python3.7/site-packages/airflow/example_dags/example_short_circuit_decorator.py
[2023-02-10T02:26:56.316+0000] {processor.py:753} INFO - DAG(s) dict_keys(['example_short_circuit_decorator']) retrieved from /home/airflow/.local/lib/python3.7/site-packages/airflow/example_dags/example_short_circuit_decorator.py
[2023-02-10T02:26:56.479+0000] {logging_mixin.py:137} INFO - [2023-02-10T02:26:56.478+0000] {dag.py:2690} INFO - Sync 1 DAGs
[2023-02-10T02:26:56.699+0000] {logging_mixin.py:137} INFO - [2023-02-10T02:26:56.697+0000] {dag.py:3441} INFO - Setting next_dagrun for example_short_circuit_decorator to 2023-02-09T02:26:56.697447+00:00, run_after=2023-02-10T02:26:56.697447+00:00
[2023-02-10T02:26:56.823+0000] {processor.py:175} INFO - Processing /home/airflow/.local/lib/python3.7/site-packages/airflow/example_dags/example_short_circuit_decorator.py took 0.622 seconds
[2023-02-10T02:27:27.248+0000] {processor.py:153} INFO - Started process (PID=796) to work on /home/airflow/.local/lib/python3.7/site-packages/airflow/example_dags/example_short_circuit_decorator.py
[2023-02-10T02:27:27.262+0000] {processor.py:743} INFO - Processing file /home/airflow/.local/lib/python3.7/site-packages/airflow/example_dags/example_short_circuit_decorator.py for tasks to queue
[2023-02-10T02:27:27.293+0000] {logging_mixin.py:137} INFO - [2023-02-10T02:27:27.291+0000] {dagbag.py:538} INFO - Filling up the DagBag from /home/airflow/.local/lib/python3.7/site-packages/airflow/example_dags/example_short_circuit_decorator.py
[2023-02-10T02:27:27.509+0000] {processor.py:753} INFO - DAG(s) dict_keys(['example_short_circuit_decorator']) retrieved from /home/airflow/.local/lib/python3.7/site-packages/airflow/example_dags/example_short_circuit_decorator.py
[2023-02-10T02:27:27.853+0000] {logging_mixin.py:137} INFO - [2023-02-10T02:27:27.852+0000] {dag.py:2690} INFO - Sync 1 DAGs
[2023-02-10T02:27:28.182+0000] {logging_mixin.py:137} INFO - [2023-02-10T02:27:28.175+0000] {dag.py:3441} INFO - Setting next_dagrun for example_short_circuit_decorator to 2023-02-09T02:27:28.175329+00:00, run_after=2023-02-10T02:27:28.175329+00:00
[2023-02-10T02:27:28.386+0000] {processor.py:175} INFO - Processing /home/airflow/.local/lib/python3.7/site-packages/airflow/example_dags/example_short_circuit_decorator.py took 1.179 seconds
[2023-02-10T02:28:00.492+0000] {processor.py:153} INFO - Started process (PID=845) to work on /home/airflow/.local/lib/python3.7/site-packages/airflow/example_dags/example_short_circuit_decorator.py
[2023-02-10T02:28:00.502+0000] {processor.py:743} INFO - Processing file /home/airflow/.local/lib/python3.7/site-packages/airflow/example_dags/example_short_circuit_decorator.py for tasks to queue
[2023-02-10T02:28:00.525+0000] {logging_mixin.py:137} INFO - [2023-02-10T02:28:00.524+0000] {dagbag.py:538} INFO - Filling up the DagBag from /home/airflow/.local/lib/python3.7/site-packages/airflow/example_dags/example_short_circuit_decorator.py
[2023-02-10T02:28:00.754+0000] {processor.py:753} INFO - DAG(s) dict_keys(['example_short_circuit_decorator']) retrieved from /home/airflow/.local/lib/python3.7/site-packages/airflow/example_dags/example_short_circuit_decorator.py
[2023-02-10T02:28:01.099+0000] {logging_mixin.py:137} INFO - [2023-02-10T02:28:01.098+0000] {dag.py:2690} INFO - Sync 1 DAGs
[2023-02-10T02:28:01.297+0000] {logging_mixin.py:137} INFO - [2023-02-10T02:28:01.297+0000] {dag.py:3441} INFO - Setting next_dagrun for example_short_circuit_decorator to 2023-02-09T02:28:01.297030+00:00, run_after=2023-02-10T02:28:01.297030+00:00
[2023-02-10T02:28:01.456+0000] {processor.py:175} INFO - Processing /home/airflow/.local/lib/python3.7/site-packages/airflow/example_dags/example_short_circuit_decorator.py took 1.005 seconds
[2023-02-10T02:28:41.157+0000] {processor.py:153} INFO - Started process (PID=910) to work on /home/airflow/.local/lib/python3.7/site-packages/airflow/example_dags/example_short_circuit_decorator.py
[2023-02-10T02:28:41.163+0000] {processor.py:743} INFO - Processing file /home/airflow/.local/lib/python3.7/site-packages/airflow/example_dags/example_short_circuit_decorator.py for tasks to queue
[2023-02-10T02:28:41.175+0000] {logging_mixin.py:137} INFO - [2023-02-10T02:28:41.174+0000] {dagbag.py:538} INFO - Filling up the DagBag from /home/airflow/.local/lib/python3.7/site-packages/airflow/example_dags/example_short_circuit_decorator.py
[2023-02-10T02:28:41.341+0000] {processor.py:753} INFO - DAG(s) dict_keys(['example_short_circuit_decorator']) retrieved from /home/airflow/.local/lib/python3.7/site-packages/airflow/example_dags/example_short_circuit_decorator.py
[2023-02-10T02:28:41.674+0000] {logging_mixin.py:137} INFO - [2023-02-10T02:28:41.673+0000] {dag.py:2690} INFO - Sync 1 DAGs
[2023-02-10T02:28:41.818+0000] {logging_mixin.py:137} INFO - [2023-02-10T02:28:41.818+0000] {dag.py:3441} INFO - Setting next_dagrun for example_short_circuit_decorator to 2023-02-09T02:28:41.817874+00:00, run_after=2023-02-10T02:28:41.817874+00:00
[2023-02-10T02:28:41.935+0000] {processor.py:175} INFO - Processing /home/airflow/.local/lib/python3.7/site-packages/airflow/example_dags/example_short_circuit_decorator.py took 0.803 seconds
