[2023-02-10T01:51:39.366+0000] {processor.py:153} INFO - Started process (PID=301) to work on /home/airflow/.local/lib/python3.7/site-packages/airflow/example_dags/example_bash_operator.py
[2023-02-10T01:51:39.436+0000] {processor.py:743} INFO - Processing file /home/airflow/.local/lib/python3.7/site-packages/airflow/example_dags/example_bash_operator.py for tasks to queue
[2023-02-10T01:51:39.539+0000] {logging_mixin.py:137} INFO - [2023-02-10T01:51:39.468+0000] {dagbag.py:538} INFO - Filling up the DagBag from /home/airflow/.local/lib/python3.7/site-packages/airflow/example_dags/example_bash_operator.py
[2023-02-10T01:51:40.803+0000] {processor.py:753} INFO - DAG(s) dict_keys(['example_bash_operator']) retrieved from /home/airflow/.local/lib/python3.7/site-packages/airflow/example_dags/example_bash_operator.py
[2023-02-10T01:51:42.842+0000] {logging_mixin.py:137} INFO - [2023-02-10T01:51:42.841+0000] {dag.py:2690} INFO - Sync 1 DAGs
[2023-02-10T01:51:44.972+0000] {logging_mixin.py:137} INFO - [2023-02-10T01:51:44.972+0000] {dag.py:3441} INFO - Setting next_dagrun for example_bash_operator to 2023-02-09T00:00:00+00:00, run_after=2023-02-10T00:00:00+00:00
[2023-02-10T01:51:46.072+0000] {processor.py:175} INFO - Processing /home/airflow/.local/lib/python3.7/site-packages/airflow/example_dags/example_bash_operator.py took 6.964 seconds
[2023-02-10T01:52:30.728+0000] {processor.py:153} INFO - Started process (PID=369) to work on /home/airflow/.local/lib/python3.7/site-packages/airflow/example_dags/example_bash_operator.py
[2023-02-10T01:52:30.746+0000] {processor.py:743} INFO - Processing file /home/airflow/.local/lib/python3.7/site-packages/airflow/example_dags/example_bash_operator.py for tasks to queue
[2023-02-10T01:52:30.756+0000] {logging_mixin.py:137} INFO - [2023-02-10T01:52:30.755+0000] {dagbag.py:538} INFO - Filling up the DagBag from /home/airflow/.local/lib/python3.7/site-packages/airflow/example_dags/example_bash_operator.py
[2023-02-10T01:52:31.046+0000] {processor.py:753} INFO - DAG(s) dict_keys(['example_bash_operator']) retrieved from /home/airflow/.local/lib/python3.7/site-packages/airflow/example_dags/example_bash_operator.py
[2023-02-10T01:52:31.630+0000] {logging_mixin.py:137} INFO - [2023-02-10T01:52:31.630+0000] {dag.py:2690} INFO - Sync 1 DAGs
[2023-02-10T01:52:31.899+0000] {logging_mixin.py:137} INFO - [2023-02-10T01:52:31.888+0000] {dag.py:3441} INFO - Setting next_dagrun for example_bash_operator to 2023-02-09T00:00:00+00:00, run_after=2023-02-10T00:00:00+00:00
[2023-02-10T01:52:32.089+0000] {processor.py:175} INFO - Processing /home/airflow/.local/lib/python3.7/site-packages/airflow/example_dags/example_bash_operator.py took 1.408 seconds
[2023-02-10T01:53:03.821+0000] {processor.py:153} INFO - Started process (PID=426) to work on /home/airflow/.local/lib/python3.7/site-packages/airflow/example_dags/example_bash_operator.py
[2023-02-10T01:53:03.828+0000] {processor.py:743} INFO - Processing file /home/airflow/.local/lib/python3.7/site-packages/airflow/example_dags/example_bash_operator.py for tasks to queue
[2023-02-10T01:53:03.848+0000] {logging_mixin.py:137} INFO - [2023-02-10T01:53:03.847+0000] {dagbag.py:538} INFO - Filling up the DagBag from /home/airflow/.local/lib/python3.7/site-packages/airflow/example_dags/example_bash_operator.py
[2023-02-10T01:53:04.166+0000] {processor.py:753} INFO - DAG(s) dict_keys(['example_bash_operator']) retrieved from /home/airflow/.local/lib/python3.7/site-packages/airflow/example_dags/example_bash_operator.py
[2023-02-10T01:53:04.439+0000] {logging_mixin.py:137} INFO - [2023-02-10T01:53:04.439+0000] {dag.py:2690} INFO - Sync 1 DAGs
[2023-02-10T01:53:05.192+0000] {logging_mixin.py:137} INFO - [2023-02-10T01:53:05.191+0000] {dag.py:3441} INFO - Setting next_dagrun for example_bash_operator to 2023-02-09T00:00:00+00:00, run_after=2023-02-10T00:00:00+00:00
[2023-02-10T01:53:05.436+0000] {processor.py:175} INFO - Processing /home/airflow/.local/lib/python3.7/site-packages/airflow/example_dags/example_bash_operator.py took 1.661 seconds
[2023-02-10T01:53:36.719+0000] {processor.py:153} INFO - Started process (PID=479) to work on /home/airflow/.local/lib/python3.7/site-packages/airflow/example_dags/example_bash_operator.py
[2023-02-10T01:53:36.724+0000] {processor.py:743} INFO - Processing file /home/airflow/.local/lib/python3.7/site-packages/airflow/example_dags/example_bash_operator.py for tasks to queue
[2023-02-10T01:53:36.728+0000] {logging_mixin.py:137} INFO - [2023-02-10T01:53:36.728+0000] {dagbag.py:538} INFO - Filling up the DagBag from /home/airflow/.local/lib/python3.7/site-packages/airflow/example_dags/example_bash_operator.py
[2023-02-10T01:53:36.818+0000] {processor.py:753} INFO - DAG(s) dict_keys(['example_bash_operator']) retrieved from /home/airflow/.local/lib/python3.7/site-packages/airflow/example_dags/example_bash_operator.py
[2023-02-10T01:53:36.906+0000] {logging_mixin.py:137} INFO - [2023-02-10T01:53:36.906+0000] {dag.py:2690} INFO - Sync 1 DAGs
[2023-02-10T01:53:36.995+0000] {logging_mixin.py:137} INFO - [2023-02-10T01:53:36.995+0000] {dag.py:3441} INFO - Setting next_dagrun for example_bash_operator to 2023-02-09T00:00:00+00:00, run_after=2023-02-10T00:00:00+00:00
[2023-02-10T01:53:37.065+0000] {processor.py:175} INFO - Processing /home/airflow/.local/lib/python3.7/site-packages/airflow/example_dags/example_bash_operator.py took 0.364 seconds
[2023-02-10T01:54:09.410+0000] {processor.py:153} INFO - Started process (PID=537) to work on /home/airflow/.local/lib/python3.7/site-packages/airflow/example_dags/example_bash_operator.py
[2023-02-10T01:54:09.414+0000] {processor.py:743} INFO - Processing file /home/airflow/.local/lib/python3.7/site-packages/airflow/example_dags/example_bash_operator.py for tasks to queue
[2023-02-10T01:54:09.418+0000] {logging_mixin.py:137} INFO - [2023-02-10T01:54:09.417+0000] {dagbag.py:538} INFO - Filling up the DagBag from /home/airflow/.local/lib/python3.7/site-packages/airflow/example_dags/example_bash_operator.py
[2023-02-10T01:54:09.650+0000] {processor.py:753} INFO - DAG(s) dict_keys(['example_bash_operator']) retrieved from /home/airflow/.local/lib/python3.7/site-packages/airflow/example_dags/example_bash_operator.py
[2023-02-10T01:54:09.832+0000] {logging_mixin.py:137} INFO - [2023-02-10T01:54:09.832+0000] {dag.py:2690} INFO - Sync 1 DAGs
[2023-02-10T01:54:10.075+0000] {logging_mixin.py:137} INFO - [2023-02-10T01:54:10.074+0000] {dag.py:3441} INFO - Setting next_dagrun for example_bash_operator to 2023-02-09T00:00:00+00:00, run_after=2023-02-10T00:00:00+00:00
[2023-02-10T01:54:10.542+0000] {processor.py:175} INFO - Processing /home/airflow/.local/lib/python3.7/site-packages/airflow/example_dags/example_bash_operator.py took 1.201 seconds
[2023-02-10T01:54:41.051+0000] {processor.py:153} INFO - Started process (PID=594) to work on /home/airflow/.local/lib/python3.7/site-packages/airflow/example_dags/example_bash_operator.py
[2023-02-10T01:54:41.064+0000] {processor.py:743} INFO - Processing file /home/airflow/.local/lib/python3.7/site-packages/airflow/example_dags/example_bash_operator.py for tasks to queue
[2023-02-10T01:54:41.079+0000] {logging_mixin.py:137} INFO - [2023-02-10T01:54:41.077+0000] {dagbag.py:538} INFO - Filling up the DagBag from /home/airflow/.local/lib/python3.7/site-packages/airflow/example_dags/example_bash_operator.py
[2023-02-10T01:54:41.316+0000] {processor.py:753} INFO - DAG(s) dict_keys(['example_bash_operator']) retrieved from /home/airflow/.local/lib/python3.7/site-packages/airflow/example_dags/example_bash_operator.py
[2023-02-10T01:54:41.645+0000] {logging_mixin.py:137} INFO - [2023-02-10T01:54:41.645+0000] {dag.py:2690} INFO - Sync 1 DAGs
[2023-02-10T01:54:41.890+0000] {logging_mixin.py:137} INFO - [2023-02-10T01:54:41.890+0000] {dag.py:3441} INFO - Setting next_dagrun for example_bash_operator to 2023-02-09T00:00:00+00:00, run_after=2023-02-10T00:00:00+00:00
[2023-02-10T01:54:42.070+0000] {processor.py:175} INFO - Processing /home/airflow/.local/lib/python3.7/site-packages/airflow/example_dags/example_bash_operator.py took 1.052 seconds
[2023-02-10T01:55:12.390+0000] {processor.py:153} INFO - Started process (PID=644) to work on /home/airflow/.local/lib/python3.7/site-packages/airflow/example_dags/example_bash_operator.py
[2023-02-10T01:55:12.401+0000] {processor.py:743} INFO - Processing file /home/airflow/.local/lib/python3.7/site-packages/airflow/example_dags/example_bash_operator.py for tasks to queue
[2023-02-10T01:55:12.407+0000] {logging_mixin.py:137} INFO - [2023-02-10T01:55:12.407+0000] {dagbag.py:538} INFO - Filling up the DagBag from /home/airflow/.local/lib/python3.7/site-packages/airflow/example_dags/example_bash_operator.py
[2023-02-10T01:55:12.519+0000] {processor.py:753} INFO - DAG(s) dict_keys(['example_bash_operator']) retrieved from /home/airflow/.local/lib/python3.7/site-packages/airflow/example_dags/example_bash_operator.py
[2023-02-10T01:55:12.615+0000] {logging_mixin.py:137} INFO - [2023-02-10T01:55:12.614+0000] {dag.py:2690} INFO - Sync 1 DAGs
[2023-02-10T01:55:12.684+0000] {logging_mixin.py:137} INFO - [2023-02-10T01:55:12.683+0000] {dag.py:3441} INFO - Setting next_dagrun for example_bash_operator to 2023-02-09T00:00:00+00:00, run_after=2023-02-10T00:00:00+00:00
[2023-02-10T01:55:12.743+0000] {processor.py:175} INFO - Processing /home/airflow/.local/lib/python3.7/site-packages/airflow/example_dags/example_bash_operator.py took 0.369 seconds
[2023-02-10T01:55:43.091+0000] {processor.py:153} INFO - Started process (PID=701) to work on /home/airflow/.local/lib/python3.7/site-packages/airflow/example_dags/example_bash_operator.py
[2023-02-10T01:55:43.104+0000] {processor.py:743} INFO - Processing file /home/airflow/.local/lib/python3.7/site-packages/airflow/example_dags/example_bash_operator.py for tasks to queue
[2023-02-10T01:55:43.119+0000] {logging_mixin.py:137} INFO - [2023-02-10T01:55:43.114+0000] {dagbag.py:538} INFO - Filling up the DagBag from /home/airflow/.local/lib/python3.7/site-packages/airflow/example_dags/example_bash_operator.py
[2023-02-10T01:55:43.184+0000] {processor.py:753} INFO - DAG(s) dict_keys(['example_bash_operator']) retrieved from /home/airflow/.local/lib/python3.7/site-packages/airflow/example_dags/example_bash_operator.py
[2023-02-10T01:55:43.300+0000] {logging_mixin.py:137} INFO - [2023-02-10T01:55:43.300+0000] {dag.py:2690} INFO - Sync 1 DAGs
[2023-02-10T01:55:43.450+0000] {logging_mixin.py:137} INFO - [2023-02-10T01:55:43.450+0000] {dag.py:3441} INFO - Setting next_dagrun for example_bash_operator to 2023-02-09T00:00:00+00:00, run_after=2023-02-10T00:00:00+00:00
[2023-02-10T01:55:43.507+0000] {processor.py:175} INFO - Processing /home/airflow/.local/lib/python3.7/site-packages/airflow/example_dags/example_bash_operator.py took 0.453 seconds
[2023-02-10T01:56:13.709+0000] {processor.py:153} INFO - Started process (PID=760) to work on /home/airflow/.local/lib/python3.7/site-packages/airflow/example_dags/example_bash_operator.py
[2023-02-10T01:56:13.719+0000] {processor.py:743} INFO - Processing file /home/airflow/.local/lib/python3.7/site-packages/airflow/example_dags/example_bash_operator.py for tasks to queue
[2023-02-10T01:56:13.725+0000] {logging_mixin.py:137} INFO - [2023-02-10T01:56:13.725+0000] {dagbag.py:538} INFO - Filling up the DagBag from /home/airflow/.local/lib/python3.7/site-packages/airflow/example_dags/example_bash_operator.py
[2023-02-10T01:56:13.823+0000] {processor.py:753} INFO - DAG(s) dict_keys(['example_bash_operator']) retrieved from /home/airflow/.local/lib/python3.7/site-packages/airflow/example_dags/example_bash_operator.py
[2023-02-10T01:56:14.016+0000] {logging_mixin.py:137} INFO - [2023-02-10T01:56:14.016+0000] {dag.py:2690} INFO - Sync 1 DAGs
[2023-02-10T01:56:14.131+0000] {logging_mixin.py:137} INFO - [2023-02-10T01:56:14.131+0000] {dag.py:3441} INFO - Setting next_dagrun for example_bash_operator to 2023-02-09T00:00:00+00:00, run_after=2023-02-10T00:00:00+00:00
[2023-02-10T01:56:14.217+0000] {processor.py:175} INFO - Processing /home/airflow/.local/lib/python3.7/site-packages/airflow/example_dags/example_bash_operator.py took 0.520 seconds
[2023-02-10T01:56:44.994+0000] {processor.py:153} INFO - Started process (PID=818) to work on /home/airflow/.local/lib/python3.7/site-packages/airflow/example_dags/example_bash_operator.py
[2023-02-10T01:56:45.008+0000] {processor.py:743} INFO - Processing file /home/airflow/.local/lib/python3.7/site-packages/airflow/example_dags/example_bash_operator.py for tasks to queue
[2023-02-10T01:56:45.029+0000] {logging_mixin.py:137} INFO - [2023-02-10T01:56:45.018+0000] {dagbag.py:538} INFO - Filling up the DagBag from /home/airflow/.local/lib/python3.7/site-packages/airflow/example_dags/example_bash_operator.py
[2023-02-10T01:56:45.156+0000] {processor.py:753} INFO - DAG(s) dict_keys(['example_bash_operator']) retrieved from /home/airflow/.local/lib/python3.7/site-packages/airflow/example_dags/example_bash_operator.py
[2023-02-10T01:56:45.475+0000] {logging_mixin.py:137} INFO - [2023-02-10T01:56:45.474+0000] {dag.py:2690} INFO - Sync 1 DAGs
[2023-02-10T01:56:45.654+0000] {logging_mixin.py:137} INFO - [2023-02-10T01:56:45.654+0000] {dag.py:3441} INFO - Setting next_dagrun for example_bash_operator to 2023-02-09T00:00:00+00:00, run_after=2023-02-10T00:00:00+00:00
[2023-02-10T01:56:45.766+0000] {processor.py:175} INFO - Processing /home/airflow/.local/lib/python3.7/site-packages/airflow/example_dags/example_bash_operator.py took 0.796 seconds
[2023-02-10T01:57:24.347+0000] {processor.py:153} INFO - Started process (PID=873) to work on /home/airflow/.local/lib/python3.7/site-packages/airflow/example_dags/example_bash_operator.py
[2023-02-10T01:57:24.356+0000] {processor.py:743} INFO - Processing file /home/airflow/.local/lib/python3.7/site-packages/airflow/example_dags/example_bash_operator.py for tasks to queue
[2023-02-10T01:57:24.364+0000] {logging_mixin.py:137} INFO - [2023-02-10T01:57:24.363+0000] {dagbag.py:538} INFO - Filling up the DagBag from /home/airflow/.local/lib/python3.7/site-packages/airflow/example_dags/example_bash_operator.py
[2023-02-10T01:57:25.045+0000] {processor.py:753} INFO - DAG(s) dict_keys(['example_bash_operator']) retrieved from /home/airflow/.local/lib/python3.7/site-packages/airflow/example_dags/example_bash_operator.py
[2023-02-10T01:57:25.811+0000] {logging_mixin.py:137} INFO - [2023-02-10T01:57:25.810+0000] {dag.py:2690} INFO - Sync 1 DAGs
[2023-02-10T01:57:26.339+0000] {logging_mixin.py:137} INFO - [2023-02-10T01:57:26.316+0000] {dag.py:3441} INFO - Setting next_dagrun for example_bash_operator to 2023-02-09T00:00:00+00:00, run_after=2023-02-10T00:00:00+00:00
[2023-02-10T01:57:26.607+0000] {processor.py:175} INFO - Processing /home/airflow/.local/lib/python3.7/site-packages/airflow/example_dags/example_bash_operator.py took 2.323 seconds
[2023-02-10T01:58:04.568+0000] {processor.py:153} INFO - Started process (PID=931) to work on /home/airflow/.local/lib/python3.7/site-packages/airflow/example_dags/example_bash_operator.py
[2023-02-10T01:58:04.579+0000] {processor.py:743} INFO - Processing file /home/airflow/.local/lib/python3.7/site-packages/airflow/example_dags/example_bash_operator.py for tasks to queue
[2023-02-10T01:58:04.588+0000] {logging_mixin.py:137} INFO - [2023-02-10T01:58:04.587+0000] {dagbag.py:538} INFO - Filling up the DagBag from /home/airflow/.local/lib/python3.7/site-packages/airflow/example_dags/example_bash_operator.py
[2023-02-10T01:58:05.009+0000] {processor.py:753} INFO - DAG(s) dict_keys(['example_bash_operator']) retrieved from /home/airflow/.local/lib/python3.7/site-packages/airflow/example_dags/example_bash_operator.py
[2023-02-10T01:58:05.765+0000] {logging_mixin.py:137} INFO - [2023-02-10T01:58:05.765+0000] {dag.py:2690} INFO - Sync 1 DAGs
[2023-02-10T01:58:06.319+0000] {logging_mixin.py:137} INFO - [2023-02-10T01:58:06.319+0000] {dag.py:3441} INFO - Setting next_dagrun for example_bash_operator to 2023-02-09T00:00:00+00:00, run_after=2023-02-10T00:00:00+00:00
[2023-02-10T01:58:06.525+0000] {processor.py:175} INFO - Processing /home/airflow/.local/lib/python3.7/site-packages/airflow/example_dags/example_bash_operator.py took 1.997 seconds
[2023-02-10T01:58:46.119+0000] {processor.py:153} INFO - Started process (PID=989) to work on /home/airflow/.local/lib/python3.7/site-packages/airflow/example_dags/example_bash_operator.py
[2023-02-10T01:58:46.144+0000] {processor.py:743} INFO - Processing file /home/airflow/.local/lib/python3.7/site-packages/airflow/example_dags/example_bash_operator.py for tasks to queue
[2023-02-10T01:58:46.250+0000] {logging_mixin.py:137} INFO - [2023-02-10T01:58:46.185+0000] {dagbag.py:538} INFO - Filling up the DagBag from /home/airflow/.local/lib/python3.7/site-packages/airflow/example_dags/example_bash_operator.py
[2023-02-10T01:58:47.092+0000] {processor.py:753} INFO - DAG(s) dict_keys(['example_bash_operator']) retrieved from /home/airflow/.local/lib/python3.7/site-packages/airflow/example_dags/example_bash_operator.py
[2023-02-10T01:58:48.140+0000] {logging_mixin.py:137} INFO - [2023-02-10T01:58:48.139+0000] {dag.py:2690} INFO - Sync 1 DAGs
[2023-02-10T01:58:48.903+0000] {logging_mixin.py:137} INFO - [2023-02-10T01:58:48.902+0000] {dag.py:3441} INFO - Setting next_dagrun for example_bash_operator to 2023-02-09T00:00:00+00:00, run_after=2023-02-10T00:00:00+00:00
[2023-02-10T01:58:49.216+0000] {processor.py:175} INFO - Processing /home/airflow/.local/lib/python3.7/site-packages/airflow/example_dags/example_bash_operator.py took 3.279 seconds
[2023-02-10T01:59:19.700+0000] {processor.py:153} INFO - Started process (PID=1039) to work on /home/airflow/.local/lib/python3.7/site-packages/airflow/example_dags/example_bash_operator.py
[2023-02-10T01:59:19.718+0000] {processor.py:743} INFO - Processing file /home/airflow/.local/lib/python3.7/site-packages/airflow/example_dags/example_bash_operator.py for tasks to queue
[2023-02-10T01:59:19.733+0000] {logging_mixin.py:137} INFO - [2023-02-10T01:59:19.732+0000] {dagbag.py:538} INFO - Filling up the DagBag from /home/airflow/.local/lib/python3.7/site-packages/airflow/example_dags/example_bash_operator.py
[2023-02-10T01:59:19.949+0000] {processor.py:753} INFO - DAG(s) dict_keys(['example_bash_operator']) retrieved from /home/airflow/.local/lib/python3.7/site-packages/airflow/example_dags/example_bash_operator.py
[2023-02-10T01:59:20.229+0000] {logging_mixin.py:137} INFO - [2023-02-10T01:59:20.225+0000] {dag.py:2690} INFO - Sync 1 DAGs
[2023-02-10T01:59:20.447+0000] {logging_mixin.py:137} INFO - [2023-02-10T01:59:20.446+0000] {dag.py:3441} INFO - Setting next_dagrun for example_bash_operator to 2023-02-09T00:00:00+00:00, run_after=2023-02-10T00:00:00+00:00
[2023-02-10T01:59:20.518+0000] {processor.py:175} INFO - Processing /home/airflow/.local/lib/python3.7/site-packages/airflow/example_dags/example_bash_operator.py took 0.826 seconds
[2023-02-10T02:00:13.967+0000] {processor.py:153} INFO - Started process (PID=1111) to work on /home/airflow/.local/lib/python3.7/site-packages/airflow/example_dags/example_bash_operator.py
[2023-02-10T02:00:13.991+0000] {processor.py:743} INFO - Processing file /home/airflow/.local/lib/python3.7/site-packages/airflow/example_dags/example_bash_operator.py for tasks to queue
[2023-02-10T02:00:14.013+0000] {logging_mixin.py:137} INFO - [2023-02-10T02:00:14.012+0000] {dagbag.py:538} INFO - Filling up the DagBag from /home/airflow/.local/lib/python3.7/site-packages/airflow/example_dags/example_bash_operator.py
[2023-02-10T02:00:14.516+0000] {processor.py:753} INFO - DAG(s) dict_keys(['example_bash_operator']) retrieved from /home/airflow/.local/lib/python3.7/site-packages/airflow/example_dags/example_bash_operator.py
[2023-02-10T02:00:14.993+0000] {logging_mixin.py:137} INFO - [2023-02-10T02:00:14.993+0000] {dag.py:2690} INFO - Sync 1 DAGs
[2023-02-10T02:00:15.497+0000] {logging_mixin.py:137} INFO - [2023-02-10T02:00:15.496+0000] {dag.py:3441} INFO - Setting next_dagrun for example_bash_operator to 2023-02-09T00:00:00+00:00, run_after=2023-02-10T00:00:00+00:00
[2023-02-10T02:00:15.870+0000] {processor.py:175} INFO - Processing /home/airflow/.local/lib/python3.7/site-packages/airflow/example_dags/example_bash_operator.py took 2.010 seconds
[2023-02-10T02:00:46.546+0000] {processor.py:153} INFO - Started process (PID=1168) to work on /home/airflow/.local/lib/python3.7/site-packages/airflow/example_dags/example_bash_operator.py
[2023-02-10T02:00:46.568+0000] {processor.py:743} INFO - Processing file /home/airflow/.local/lib/python3.7/site-packages/airflow/example_dags/example_bash_operator.py for tasks to queue
[2023-02-10T02:00:46.586+0000] {logging_mixin.py:137} INFO - [2023-02-10T02:00:46.583+0000] {dagbag.py:538} INFO - Filling up the DagBag from /home/airflow/.local/lib/python3.7/site-packages/airflow/example_dags/example_bash_operator.py
[2023-02-10T02:00:46.847+0000] {processor.py:753} INFO - DAG(s) dict_keys(['example_bash_operator']) retrieved from /home/airflow/.local/lib/python3.7/site-packages/airflow/example_dags/example_bash_operator.py
[2023-02-10T02:00:47.279+0000] {logging_mixin.py:137} INFO - [2023-02-10T02:00:47.278+0000] {dag.py:2690} INFO - Sync 1 DAGs
[2023-02-10T02:00:47.504+0000] {logging_mixin.py:137} INFO - [2023-02-10T02:00:47.504+0000] {dag.py:3441} INFO - Setting next_dagrun for example_bash_operator to 2023-02-09T00:00:00+00:00, run_after=2023-02-10T00:00:00+00:00
[2023-02-10T02:00:47.722+0000] {processor.py:175} INFO - Processing /home/airflow/.local/lib/python3.7/site-packages/airflow/example_dags/example_bash_operator.py took 1.251 seconds
[2023-02-10T02:01:23.016+0000] {processor.py:153} INFO - Started process (PID=1220) to work on /home/airflow/.local/lib/python3.7/site-packages/airflow/example_dags/example_bash_operator.py
[2023-02-10T02:01:23.027+0000] {processor.py:743} INFO - Processing file /home/airflow/.local/lib/python3.7/site-packages/airflow/example_dags/example_bash_operator.py for tasks to queue
[2023-02-10T02:01:23.050+0000] {logging_mixin.py:137} INFO - [2023-02-10T02:01:23.050+0000] {dagbag.py:538} INFO - Filling up the DagBag from /home/airflow/.local/lib/python3.7/site-packages/airflow/example_dags/example_bash_operator.py
[2023-02-10T02:01:23.326+0000] {processor.py:753} INFO - DAG(s) dict_keys(['example_bash_operator']) retrieved from /home/airflow/.local/lib/python3.7/site-packages/airflow/example_dags/example_bash_operator.py
[2023-02-10T02:01:24.291+0000] {logging_mixin.py:137} INFO - [2023-02-10T02:01:24.291+0000] {dag.py:2690} INFO - Sync 1 DAGs
[2023-02-10T02:01:24.917+0000] {logging_mixin.py:137} INFO - [2023-02-10T02:01:24.913+0000] {dag.py:3441} INFO - Setting next_dagrun for example_bash_operator to 2023-02-09T00:00:00+00:00, run_after=2023-02-10T00:00:00+00:00
[2023-02-10T02:01:25.188+0000] {processor.py:175} INFO - Processing /home/airflow/.local/lib/python3.7/site-packages/airflow/example_dags/example_bash_operator.py took 2.204 seconds
[2023-02-10T02:02:01.611+0000] {processor.py:153} INFO - Started process (PID=1278) to work on /home/airflow/.local/lib/python3.7/site-packages/airflow/example_dags/example_bash_operator.py
[2023-02-10T02:02:01.639+0000] {processor.py:743} INFO - Processing file /home/airflow/.local/lib/python3.7/site-packages/airflow/example_dags/example_bash_operator.py for tasks to queue
[2023-02-10T02:02:01.660+0000] {logging_mixin.py:137} INFO - [2023-02-10T02:02:01.649+0000] {dagbag.py:538} INFO - Filling up the DagBag from /home/airflow/.local/lib/python3.7/site-packages/airflow/example_dags/example_bash_operator.py
[2023-02-10T02:02:02.070+0000] {processor.py:753} INFO - DAG(s) dict_keys(['example_bash_operator']) retrieved from /home/airflow/.local/lib/python3.7/site-packages/airflow/example_dags/example_bash_operator.py
[2023-02-10T02:02:02.489+0000] {logging_mixin.py:137} INFO - [2023-02-10T02:02:02.489+0000] {dag.py:2690} INFO - Sync 1 DAGs
[2023-02-10T02:02:03.009+0000] {logging_mixin.py:137} INFO - [2023-02-10T02:02:03.009+0000] {dag.py:3441} INFO - Setting next_dagrun for example_bash_operator to 2023-02-09T00:00:00+00:00, run_after=2023-02-10T00:00:00+00:00
[2023-02-10T02:02:03.296+0000] {processor.py:175} INFO - Processing /home/airflow/.local/lib/python3.7/site-packages/airflow/example_dags/example_bash_operator.py took 1.713 seconds
[2023-02-10T02:02:34.005+0000] {processor.py:153} INFO - Started process (PID=1336) to work on /home/airflow/.local/lib/python3.7/site-packages/airflow/example_dags/example_bash_operator.py
[2023-02-10T02:02:34.012+0000] {processor.py:743} INFO - Processing file /home/airflow/.local/lib/python3.7/site-packages/airflow/example_dags/example_bash_operator.py for tasks to queue
[2023-02-10T02:02:34.017+0000] {logging_mixin.py:137} INFO - [2023-02-10T02:02:34.016+0000] {dagbag.py:538} INFO - Filling up the DagBag from /home/airflow/.local/lib/python3.7/site-packages/airflow/example_dags/example_bash_operator.py
[2023-02-10T02:02:34.067+0000] {processor.py:753} INFO - DAG(s) dict_keys(['example_bash_operator']) retrieved from /home/airflow/.local/lib/python3.7/site-packages/airflow/example_dags/example_bash_operator.py
[2023-02-10T02:02:34.294+0000] {logging_mixin.py:137} INFO - [2023-02-10T02:02:34.293+0000] {dag.py:2690} INFO - Sync 1 DAGs
[2023-02-10T02:02:34.389+0000] {logging_mixin.py:137} INFO - [2023-02-10T02:02:34.389+0000] {dag.py:3441} INFO - Setting next_dagrun for example_bash_operator to 2023-02-09T00:00:00+00:00, run_after=2023-02-10T00:00:00+00:00
[2023-02-10T02:02:34.448+0000] {processor.py:175} INFO - Processing /home/airflow/.local/lib/python3.7/site-packages/airflow/example_dags/example_bash_operator.py took 0.449 seconds
[2023-02-10T02:03:04.637+0000] {processor.py:153} INFO - Started process (PID=1395) to work on /home/airflow/.local/lib/python3.7/site-packages/airflow/example_dags/example_bash_operator.py
[2023-02-10T02:03:04.641+0000] {processor.py:743} INFO - Processing file /home/airflow/.local/lib/python3.7/site-packages/airflow/example_dags/example_bash_operator.py for tasks to queue
[2023-02-10T02:03:04.654+0000] {logging_mixin.py:137} INFO - [2023-02-10T02:03:04.653+0000] {dagbag.py:538} INFO - Filling up the DagBag from /home/airflow/.local/lib/python3.7/site-packages/airflow/example_dags/example_bash_operator.py
[2023-02-10T02:03:04.795+0000] {processor.py:753} INFO - DAG(s) dict_keys(['example_bash_operator']) retrieved from /home/airflow/.local/lib/python3.7/site-packages/airflow/example_dags/example_bash_operator.py
[2023-02-10T02:03:05.030+0000] {logging_mixin.py:137} INFO - [2023-02-10T02:03:05.029+0000] {dag.py:2690} INFO - Sync 1 DAGs
[2023-02-10T02:03:05.131+0000] {logging_mixin.py:137} INFO - [2023-02-10T02:03:05.131+0000] {dag.py:3441} INFO - Setting next_dagrun for example_bash_operator to 2023-02-09T00:00:00+00:00, run_after=2023-02-10T00:00:00+00:00
[2023-02-10T02:03:05.312+0000] {processor.py:175} INFO - Processing /home/airflow/.local/lib/python3.7/site-packages/airflow/example_dags/example_bash_operator.py took 0.686 seconds
[2023-02-10T02:03:35.746+0000] {processor.py:153} INFO - Started process (PID=1455) to work on /home/airflow/.local/lib/python3.7/site-packages/airflow/example_dags/example_bash_operator.py
[2023-02-10T02:03:35.750+0000] {processor.py:743} INFO - Processing file /home/airflow/.local/lib/python3.7/site-packages/airflow/example_dags/example_bash_operator.py for tasks to queue
[2023-02-10T02:03:35.754+0000] {logging_mixin.py:137} INFO - [2023-02-10T02:03:35.753+0000] {dagbag.py:538} INFO - Filling up the DagBag from /home/airflow/.local/lib/python3.7/site-packages/airflow/example_dags/example_bash_operator.py
[2023-02-10T02:03:35.808+0000] {processor.py:753} INFO - DAG(s) dict_keys(['example_bash_operator']) retrieved from /home/airflow/.local/lib/python3.7/site-packages/airflow/example_dags/example_bash_operator.py
[2023-02-10T02:03:35.891+0000] {logging_mixin.py:137} INFO - [2023-02-10T02:03:35.891+0000] {dag.py:2690} INFO - Sync 1 DAGs
[2023-02-10T02:03:35.962+0000] {logging_mixin.py:137} INFO - [2023-02-10T02:03:35.961+0000] {dag.py:3441} INFO - Setting next_dagrun for example_bash_operator to 2023-02-09T00:00:00+00:00, run_after=2023-02-10T00:00:00+00:00
[2023-02-10T02:03:36.025+0000] {processor.py:175} INFO - Processing /home/airflow/.local/lib/python3.7/site-packages/airflow/example_dags/example_bash_operator.py took 0.288 seconds
[2023-02-10T02:04:06.548+0000] {processor.py:153} INFO - Started process (PID=1514) to work on /home/airflow/.local/lib/python3.7/site-packages/airflow/example_dags/example_bash_operator.py
[2023-02-10T02:04:06.552+0000] {processor.py:743} INFO - Processing file /home/airflow/.local/lib/python3.7/site-packages/airflow/example_dags/example_bash_operator.py for tasks to queue
[2023-02-10T02:04:06.558+0000] {logging_mixin.py:137} INFO - [2023-02-10T02:04:06.557+0000] {dagbag.py:538} INFO - Filling up the DagBag from /home/airflow/.local/lib/python3.7/site-packages/airflow/example_dags/example_bash_operator.py
[2023-02-10T02:04:06.614+0000] {processor.py:753} INFO - DAG(s) dict_keys(['example_bash_operator']) retrieved from /home/airflow/.local/lib/python3.7/site-packages/airflow/example_dags/example_bash_operator.py
[2023-02-10T02:04:06.701+0000] {logging_mixin.py:137} INFO - [2023-02-10T02:04:06.701+0000] {dag.py:2690} INFO - Sync 1 DAGs
[2023-02-10T02:04:06.762+0000] {logging_mixin.py:137} INFO - [2023-02-10T02:04:06.761+0000] {dag.py:3441} INFO - Setting next_dagrun for example_bash_operator to 2023-02-09T00:00:00+00:00, run_after=2023-02-10T00:00:00+00:00
[2023-02-10T02:04:06.814+0000] {processor.py:175} INFO - Processing /home/airflow/.local/lib/python3.7/site-packages/airflow/example_dags/example_bash_operator.py took 0.278 seconds
[2023-02-10T02:04:37.309+0000] {processor.py:153} INFO - Started process (PID=1571) to work on /home/airflow/.local/lib/python3.7/site-packages/airflow/example_dags/example_bash_operator.py
[2023-02-10T02:04:37.317+0000] {processor.py:743} INFO - Processing file /home/airflow/.local/lib/python3.7/site-packages/airflow/example_dags/example_bash_operator.py for tasks to queue
[2023-02-10T02:04:37.328+0000] {logging_mixin.py:137} INFO - [2023-02-10T02:04:37.327+0000] {dagbag.py:538} INFO - Filling up the DagBag from /home/airflow/.local/lib/python3.7/site-packages/airflow/example_dags/example_bash_operator.py
[2023-02-10T02:04:37.718+0000] {processor.py:753} INFO - DAG(s) dict_keys(['example_bash_operator']) retrieved from /home/airflow/.local/lib/python3.7/site-packages/airflow/example_dags/example_bash_operator.py
[2023-02-10T02:04:38.030+0000] {logging_mixin.py:137} INFO - [2023-02-10T02:04:38.029+0000] {dag.py:2690} INFO - Sync 1 DAGs
[2023-02-10T02:04:38.244+0000] {logging_mixin.py:137} INFO - [2023-02-10T02:04:38.242+0000] {dag.py:3441} INFO - Setting next_dagrun for example_bash_operator to 2023-02-09T00:00:00+00:00, run_after=2023-02-10T00:00:00+00:00
[2023-02-10T02:04:38.357+0000] {processor.py:175} INFO - Processing /home/airflow/.local/lib/python3.7/site-packages/airflow/example_dags/example_bash_operator.py took 1.087 seconds
[2023-02-10T02:05:08.881+0000] {processor.py:153} INFO - Started process (PID=1630) to work on /home/airflow/.local/lib/python3.7/site-packages/airflow/example_dags/example_bash_operator.py
[2023-02-10T02:05:08.905+0000] {processor.py:743} INFO - Processing file /home/airflow/.local/lib/python3.7/site-packages/airflow/example_dags/example_bash_operator.py for tasks to queue
[2023-02-10T02:05:08.919+0000] {logging_mixin.py:137} INFO - [2023-02-10T02:05:08.918+0000] {dagbag.py:538} INFO - Filling up the DagBag from /home/airflow/.local/lib/python3.7/site-packages/airflow/example_dags/example_bash_operator.py
[2023-02-10T02:05:09.243+0000] {processor.py:753} INFO - DAG(s) dict_keys(['example_bash_operator']) retrieved from /home/airflow/.local/lib/python3.7/site-packages/airflow/example_dags/example_bash_operator.py
[2023-02-10T02:05:09.643+0000] {logging_mixin.py:137} INFO - [2023-02-10T02:05:09.642+0000] {dag.py:2690} INFO - Sync 1 DAGs
[2023-02-10T02:05:09.898+0000] {logging_mixin.py:137} INFO - [2023-02-10T02:05:09.898+0000] {dag.py:3441} INFO - Setting next_dagrun for example_bash_operator to 2023-02-09T00:00:00+00:00, run_after=2023-02-10T00:00:00+00:00
[2023-02-10T02:05:10.028+0000] {processor.py:175} INFO - Processing /home/airflow/.local/lib/python3.7/site-packages/airflow/example_dags/example_bash_operator.py took 1.171 seconds
[2023-02-10T02:05:40.443+0000] {processor.py:153} INFO - Started process (PID=1688) to work on /home/airflow/.local/lib/python3.7/site-packages/airflow/example_dags/example_bash_operator.py
[2023-02-10T02:05:40.450+0000] {processor.py:743} INFO - Processing file /home/airflow/.local/lib/python3.7/site-packages/airflow/example_dags/example_bash_operator.py for tasks to queue
[2023-02-10T02:05:40.459+0000] {logging_mixin.py:137} INFO - [2023-02-10T02:05:40.459+0000] {dagbag.py:538} INFO - Filling up the DagBag from /home/airflow/.local/lib/python3.7/site-packages/airflow/example_dags/example_bash_operator.py
[2023-02-10T02:05:40.603+0000] {processor.py:753} INFO - DAG(s) dict_keys(['example_bash_operator']) retrieved from /home/airflow/.local/lib/python3.7/site-packages/airflow/example_dags/example_bash_operator.py
[2023-02-10T02:05:40.943+0000] {logging_mixin.py:137} INFO - [2023-02-10T02:05:40.939+0000] {dag.py:2690} INFO - Sync 1 DAGs
[2023-02-10T02:05:41.228+0000] {logging_mixin.py:137} INFO - [2023-02-10T02:05:41.228+0000] {dag.py:3441} INFO - Setting next_dagrun for example_bash_operator to 2023-02-09T00:00:00+00:00, run_after=2023-02-10T00:00:00+00:00
[2023-02-10T02:05:41.374+0000] {processor.py:175} INFO - Processing /home/airflow/.local/lib/python3.7/site-packages/airflow/example_dags/example_bash_operator.py took 0.949 seconds
[2023-02-10T02:06:12.110+0000] {processor.py:153} INFO - Started process (PID=1745) to work on /home/airflow/.local/lib/python3.7/site-packages/airflow/example_dags/example_bash_operator.py
[2023-02-10T02:06:12.114+0000] {processor.py:743} INFO - Processing file /home/airflow/.local/lib/python3.7/site-packages/airflow/example_dags/example_bash_operator.py for tasks to queue
[2023-02-10T02:06:12.124+0000] {logging_mixin.py:137} INFO - [2023-02-10T02:06:12.124+0000] {dagbag.py:538} INFO - Filling up the DagBag from /home/airflow/.local/lib/python3.7/site-packages/airflow/example_dags/example_bash_operator.py
[2023-02-10T02:06:12.232+0000] {processor.py:753} INFO - DAG(s) dict_keys(['example_bash_operator']) retrieved from /home/airflow/.local/lib/python3.7/site-packages/airflow/example_dags/example_bash_operator.py
[2023-02-10T02:06:12.451+0000] {logging_mixin.py:137} INFO - [2023-02-10T02:06:12.451+0000] {dag.py:2690} INFO - Sync 1 DAGs
[2023-02-10T02:06:12.578+0000] {logging_mixin.py:137} INFO - [2023-02-10T02:06:12.578+0000] {dag.py:3441} INFO - Setting next_dagrun for example_bash_operator to 2023-02-09T00:00:00+00:00, run_after=2023-02-10T00:00:00+00:00
[2023-02-10T02:06:12.671+0000] {processor.py:175} INFO - Processing /home/airflow/.local/lib/python3.7/site-packages/airflow/example_dags/example_bash_operator.py took 0.597 seconds
[2023-02-10T02:06:43.067+0000] {processor.py:153} INFO - Started process (PID=1795) to work on /home/airflow/.local/lib/python3.7/site-packages/airflow/example_dags/example_bash_operator.py
[2023-02-10T02:06:43.072+0000] {processor.py:743} INFO - Processing file /home/airflow/.local/lib/python3.7/site-packages/airflow/example_dags/example_bash_operator.py for tasks to queue
[2023-02-10T02:06:43.078+0000] {logging_mixin.py:137} INFO - [2023-02-10T02:06:43.077+0000] {dagbag.py:538} INFO - Filling up the DagBag from /home/airflow/.local/lib/python3.7/site-packages/airflow/example_dags/example_bash_operator.py
[2023-02-10T02:06:43.143+0000] {processor.py:753} INFO - DAG(s) dict_keys(['example_bash_operator']) retrieved from /home/airflow/.local/lib/python3.7/site-packages/airflow/example_dags/example_bash_operator.py
[2023-02-10T02:06:43.249+0000] {logging_mixin.py:137} INFO - [2023-02-10T02:06:43.249+0000] {dag.py:2690} INFO - Sync 1 DAGs
[2023-02-10T02:06:43.324+0000] {logging_mixin.py:137} INFO - [2023-02-10T02:06:43.324+0000] {dag.py:3441} INFO - Setting next_dagrun for example_bash_operator to 2023-02-09T00:00:00+00:00, run_after=2023-02-10T00:00:00+00:00
[2023-02-10T02:06:43.377+0000] {processor.py:175} INFO - Processing /home/airflow/.local/lib/python3.7/site-packages/airflow/example_dags/example_bash_operator.py took 0.325 seconds
[2023-02-10T02:07:13.730+0000] {processor.py:153} INFO - Started process (PID=1854) to work on /home/airflow/.local/lib/python3.7/site-packages/airflow/example_dags/example_bash_operator.py
[2023-02-10T02:07:13.739+0000] {processor.py:743} INFO - Processing file /home/airflow/.local/lib/python3.7/site-packages/airflow/example_dags/example_bash_operator.py for tasks to queue
[2023-02-10T02:07:13.744+0000] {logging_mixin.py:137} INFO - [2023-02-10T02:07:13.744+0000] {dagbag.py:538} INFO - Filling up the DagBag from /home/airflow/.local/lib/python3.7/site-packages/airflow/example_dags/example_bash_operator.py
[2023-02-10T02:07:13.967+0000] {processor.py:753} INFO - DAG(s) dict_keys(['example_bash_operator']) retrieved from /home/airflow/.local/lib/python3.7/site-packages/airflow/example_dags/example_bash_operator.py
[2023-02-10T02:07:14.371+0000] {logging_mixin.py:137} INFO - [2023-02-10T02:07:14.370+0000] {dag.py:2690} INFO - Sync 1 DAGs
[2023-02-10T02:07:14.632+0000] {logging_mixin.py:137} INFO - [2023-02-10T02:07:14.632+0000] {dag.py:3441} INFO - Setting next_dagrun for example_bash_operator to 2023-02-09T00:00:00+00:00, run_after=2023-02-10T00:00:00+00:00
[2023-02-10T02:07:14.784+0000] {processor.py:175} INFO - Processing /home/airflow/.local/lib/python3.7/site-packages/airflow/example_dags/example_bash_operator.py took 1.068 seconds
[2023-02-10T02:07:45.366+0000] {processor.py:153} INFO - Started process (PID=1913) to work on /home/airflow/.local/lib/python3.7/site-packages/airflow/example_dags/example_bash_operator.py
[2023-02-10T02:07:45.374+0000] {processor.py:743} INFO - Processing file /home/airflow/.local/lib/python3.7/site-packages/airflow/example_dags/example_bash_operator.py for tasks to queue
[2023-02-10T02:07:45.391+0000] {logging_mixin.py:137} INFO - [2023-02-10T02:07:45.390+0000] {dagbag.py:538} INFO - Filling up the DagBag from /home/airflow/.local/lib/python3.7/site-packages/airflow/example_dags/example_bash_operator.py
[2023-02-10T02:07:45.588+0000] {processor.py:753} INFO - DAG(s) dict_keys(['example_bash_operator']) retrieved from /home/airflow/.local/lib/python3.7/site-packages/airflow/example_dags/example_bash_operator.py
[2023-02-10T02:07:45.919+0000] {logging_mixin.py:137} INFO - [2023-02-10T02:07:45.919+0000] {dag.py:2690} INFO - Sync 1 DAGs
[2023-02-10T02:07:46.278+0000] {logging_mixin.py:137} INFO - [2023-02-10T02:07:46.278+0000] {dag.py:3441} INFO - Setting next_dagrun for example_bash_operator to 2023-02-09T00:00:00+00:00, run_after=2023-02-10T00:00:00+00:00
[2023-02-10T02:07:46.440+0000] {processor.py:175} INFO - Processing /home/airflow/.local/lib/python3.7/site-packages/airflow/example_dags/example_bash_operator.py took 1.106 seconds
[2023-02-10T02:08:18.422+0000] {processor.py:153} INFO - Started process (PID=1972) to work on /home/airflow/.local/lib/python3.7/site-packages/airflow/example_dags/example_bash_operator.py
[2023-02-10T02:08:18.426+0000] {processor.py:743} INFO - Processing file /home/airflow/.local/lib/python3.7/site-packages/airflow/example_dags/example_bash_operator.py for tasks to queue
[2023-02-10T02:08:18.429+0000] {logging_mixin.py:137} INFO - [2023-02-10T02:08:18.429+0000] {dagbag.py:538} INFO - Filling up the DagBag from /home/airflow/.local/lib/python3.7/site-packages/airflow/example_dags/example_bash_operator.py
[2023-02-10T02:08:18.539+0000] {processor.py:753} INFO - DAG(s) dict_keys(['example_bash_operator']) retrieved from /home/airflow/.local/lib/python3.7/site-packages/airflow/example_dags/example_bash_operator.py
[2023-02-10T02:08:18.684+0000] {logging_mixin.py:137} INFO - [2023-02-10T02:08:18.683+0000] {dag.py:2690} INFO - Sync 1 DAGs
[2023-02-10T02:08:18.823+0000] {logging_mixin.py:137} INFO - [2023-02-10T02:08:18.822+0000] {dag.py:3441} INFO - Setting next_dagrun for example_bash_operator to 2023-02-09T00:00:00+00:00, run_after=2023-02-10T00:00:00+00:00
[2023-02-10T02:08:18.924+0000] {processor.py:175} INFO - Processing /home/airflow/.local/lib/python3.7/site-packages/airflow/example_dags/example_bash_operator.py took 0.517 seconds
[2023-02-10T02:08:49.932+0000] {processor.py:153} INFO - Started process (PID=2030) to work on /home/airflow/.local/lib/python3.7/site-packages/airflow/example_dags/example_bash_operator.py
[2023-02-10T02:08:49.941+0000] {processor.py:743} INFO - Processing file /home/airflow/.local/lib/python3.7/site-packages/airflow/example_dags/example_bash_operator.py for tasks to queue
[2023-02-10T02:08:49.970+0000] {logging_mixin.py:137} INFO - [2023-02-10T02:08:49.970+0000] {dagbag.py:538} INFO - Filling up the DagBag from /home/airflow/.local/lib/python3.7/site-packages/airflow/example_dags/example_bash_operator.py
[2023-02-10T02:08:50.482+0000] {processor.py:753} INFO - DAG(s) dict_keys(['example_bash_operator']) retrieved from /home/airflow/.local/lib/python3.7/site-packages/airflow/example_dags/example_bash_operator.py
[2023-02-10T02:08:50.929+0000] {logging_mixin.py:137} INFO - [2023-02-10T02:08:50.927+0000] {dag.py:2690} INFO - Sync 1 DAGs
[2023-02-10T02:08:51.237+0000] {logging_mixin.py:137} INFO - [2023-02-10T02:08:51.226+0000] {dag.py:3441} INFO - Setting next_dagrun for example_bash_operator to 2023-02-09T00:00:00+00:00, run_after=2023-02-10T00:00:00+00:00
[2023-02-10T02:08:51.420+0000] {processor.py:175} INFO - Processing /home/airflow/.local/lib/python3.7/site-packages/airflow/example_dags/example_bash_operator.py took 1.538 seconds
[2023-02-10T02:09:23.690+0000] {processor.py:153} INFO - Started process (PID=2079) to work on /home/airflow/.local/lib/python3.7/site-packages/airflow/example_dags/example_bash_operator.py
[2023-02-10T02:09:23.722+0000] {processor.py:743} INFO - Processing file /home/airflow/.local/lib/python3.7/site-packages/airflow/example_dags/example_bash_operator.py for tasks to queue
[2023-02-10T02:09:23.731+0000] {logging_mixin.py:137} INFO - [2023-02-10T02:09:23.730+0000] {dagbag.py:538} INFO - Filling up the DagBag from /home/airflow/.local/lib/python3.7/site-packages/airflow/example_dags/example_bash_operator.py
[2023-02-10T02:09:24.173+0000] {processor.py:753} INFO - DAG(s) dict_keys(['example_bash_operator']) retrieved from /home/airflow/.local/lib/python3.7/site-packages/airflow/example_dags/example_bash_operator.py
[2023-02-10T02:09:24.677+0000] {logging_mixin.py:137} INFO - [2023-02-10T02:09:24.677+0000] {dag.py:2690} INFO - Sync 1 DAGs
[2023-02-10T02:09:25.335+0000] {logging_mixin.py:137} INFO - [2023-02-10T02:09:25.310+0000] {dag.py:3441} INFO - Setting next_dagrun for example_bash_operator to 2023-02-09T00:00:00+00:00, run_after=2023-02-10T00:00:00+00:00
[2023-02-10T02:09:25.580+0000] {processor.py:175} INFO - Processing /home/airflow/.local/lib/python3.7/site-packages/airflow/example_dags/example_bash_operator.py took 1.945 seconds
[2023-02-10T02:09:57.397+0000] {processor.py:153} INFO - Started process (PID=2137) to work on /home/airflow/.local/lib/python3.7/site-packages/airflow/example_dags/example_bash_operator.py
[2023-02-10T02:09:57.411+0000] {processor.py:743} INFO - Processing file /home/airflow/.local/lib/python3.7/site-packages/airflow/example_dags/example_bash_operator.py for tasks to queue
[2023-02-10T02:09:57.417+0000] {logging_mixin.py:137} INFO - [2023-02-10T02:09:57.417+0000] {dagbag.py:538} INFO - Filling up the DagBag from /home/airflow/.local/lib/python3.7/site-packages/airflow/example_dags/example_bash_operator.py
[2023-02-10T02:09:57.721+0000] {processor.py:753} INFO - DAG(s) dict_keys(['example_bash_operator']) retrieved from /home/airflow/.local/lib/python3.7/site-packages/airflow/example_dags/example_bash_operator.py
[2023-02-10T02:09:58.194+0000] {logging_mixin.py:137} INFO - [2023-02-10T02:09:58.194+0000] {dag.py:2690} INFO - Sync 1 DAGs
[2023-02-10T02:09:58.524+0000] {logging_mixin.py:137} INFO - [2023-02-10T02:09:58.523+0000] {dag.py:3441} INFO - Setting next_dagrun for example_bash_operator to 2023-02-09T00:00:00+00:00, run_after=2023-02-10T00:00:00+00:00
[2023-02-10T02:09:58.710+0000] {processor.py:175} INFO - Processing /home/airflow/.local/lib/python3.7/site-packages/airflow/example_dags/example_bash_operator.py took 1.363 seconds
[2023-02-10T02:10:38.709+0000] {processor.py:153} INFO - Started process (PID=2197) to work on /home/airflow/.local/lib/python3.7/site-packages/airflow/example_dags/example_bash_operator.py
[2023-02-10T02:10:38.715+0000] {processor.py:743} INFO - Processing file /home/airflow/.local/lib/python3.7/site-packages/airflow/example_dags/example_bash_operator.py for tasks to queue
[2023-02-10T02:10:38.725+0000] {logging_mixin.py:137} INFO - [2023-02-10T02:10:38.724+0000] {dagbag.py:538} INFO - Filling up the DagBag from /home/airflow/.local/lib/python3.7/site-packages/airflow/example_dags/example_bash_operator.py
[2023-02-10T02:10:38.886+0000] {processor.py:753} INFO - DAG(s) dict_keys(['example_bash_operator']) retrieved from /home/airflow/.local/lib/python3.7/site-packages/airflow/example_dags/example_bash_operator.py
[2023-02-10T02:10:39.538+0000] {logging_mixin.py:137} INFO - [2023-02-10T02:10:39.537+0000] {dag.py:2690} INFO - Sync 1 DAGs
[2023-02-10T02:10:39.822+0000] {logging_mixin.py:137} INFO - [2023-02-10T02:10:39.822+0000] {dag.py:3441} INFO - Setting next_dagrun for example_bash_operator to 2023-02-09T00:00:00+00:00, run_after=2023-02-10T00:00:00+00:00
[2023-02-10T02:10:39.997+0000] {processor.py:175} INFO - Processing /home/airflow/.local/lib/python3.7/site-packages/airflow/example_dags/example_bash_operator.py took 1.331 seconds
[2023-02-10T02:11:10.544+0000] {processor.py:153} INFO - Started process (PID=2255) to work on /home/airflow/.local/lib/python3.7/site-packages/airflow/example_dags/example_bash_operator.py
[2023-02-10T02:11:10.553+0000] {processor.py:743} INFO - Processing file /home/airflow/.local/lib/python3.7/site-packages/airflow/example_dags/example_bash_operator.py for tasks to queue
[2023-02-10T02:11:10.568+0000] {logging_mixin.py:137} INFO - [2023-02-10T02:11:10.566+0000] {dagbag.py:538} INFO - Filling up the DagBag from /home/airflow/.local/lib/python3.7/site-packages/airflow/example_dags/example_bash_operator.py
[2023-02-10T02:11:10.807+0000] {processor.py:753} INFO - DAG(s) dict_keys(['example_bash_operator']) retrieved from /home/airflow/.local/lib/python3.7/site-packages/airflow/example_dags/example_bash_operator.py
[2023-02-10T02:11:11.069+0000] {logging_mixin.py:137} INFO - [2023-02-10T02:11:11.069+0000] {dag.py:2690} INFO - Sync 1 DAGs
[2023-02-10T02:11:11.290+0000] {logging_mixin.py:137} INFO - [2023-02-10T02:11:11.289+0000] {dag.py:3441} INFO - Setting next_dagrun for example_bash_operator to 2023-02-09T00:00:00+00:00, run_after=2023-02-10T00:00:00+00:00
[2023-02-10T02:11:11.415+0000] {processor.py:175} INFO - Processing /home/airflow/.local/lib/python3.7/site-packages/airflow/example_dags/example_bash_operator.py took 0.920 seconds
[2023-02-10T02:11:41.539+0000] {processor.py:153} INFO - Started process (PID=2313) to work on /home/airflow/.local/lib/python3.7/site-packages/airflow/example_dags/example_bash_operator.py
[2023-02-10T02:11:41.543+0000] {processor.py:743} INFO - Processing file /home/airflow/.local/lib/python3.7/site-packages/airflow/example_dags/example_bash_operator.py for tasks to queue
[2023-02-10T02:11:41.552+0000] {logging_mixin.py:137} INFO - [2023-02-10T02:11:41.551+0000] {dagbag.py:538} INFO - Filling up the DagBag from /home/airflow/.local/lib/python3.7/site-packages/airflow/example_dags/example_bash_operator.py
[2023-02-10T02:11:41.678+0000] {processor.py:753} INFO - DAG(s) dict_keys(['example_bash_operator']) retrieved from /home/airflow/.local/lib/python3.7/site-packages/airflow/example_dags/example_bash_operator.py
[2023-02-10T02:11:41.782+0000] {logging_mixin.py:137} INFO - [2023-02-10T02:11:41.782+0000] {dag.py:2690} INFO - Sync 1 DAGs
[2023-02-10T02:11:41.852+0000] {logging_mixin.py:137} INFO - [2023-02-10T02:11:41.852+0000] {dag.py:3441} INFO - Setting next_dagrun for example_bash_operator to 2023-02-09T00:00:00+00:00, run_after=2023-02-10T00:00:00+00:00
[2023-02-10T02:11:41.925+0000] {processor.py:175} INFO - Processing /home/airflow/.local/lib/python3.7/site-packages/airflow/example_dags/example_bash_operator.py took 0.394 seconds
[2023-02-10T02:12:12.605+0000] {processor.py:153} INFO - Started process (PID=2371) to work on /home/airflow/.local/lib/python3.7/site-packages/airflow/example_dags/example_bash_operator.py
[2023-02-10T02:12:12.612+0000] {processor.py:743} INFO - Processing file /home/airflow/.local/lib/python3.7/site-packages/airflow/example_dags/example_bash_operator.py for tasks to queue
[2023-02-10T02:12:12.619+0000] {logging_mixin.py:137} INFO - [2023-02-10T02:12:12.619+0000] {dagbag.py:538} INFO - Filling up the DagBag from /home/airflow/.local/lib/python3.7/site-packages/airflow/example_dags/example_bash_operator.py
[2023-02-10T02:12:12.693+0000] {processor.py:753} INFO - DAG(s) dict_keys(['example_bash_operator']) retrieved from /home/airflow/.local/lib/python3.7/site-packages/airflow/example_dags/example_bash_operator.py
[2023-02-10T02:12:12.796+0000] {logging_mixin.py:137} INFO - [2023-02-10T02:12:12.796+0000] {dag.py:2690} INFO - Sync 1 DAGs
[2023-02-10T02:12:12.900+0000] {logging_mixin.py:137} INFO - [2023-02-10T02:12:12.900+0000] {dag.py:3441} INFO - Setting next_dagrun for example_bash_operator to 2023-02-09T00:00:00+00:00, run_after=2023-02-10T00:00:00+00:00
[2023-02-10T02:12:12.958+0000] {processor.py:175} INFO - Processing /home/airflow/.local/lib/python3.7/site-packages/airflow/example_dags/example_bash_operator.py took 0.397 seconds
[2023-02-10T02:12:43.630+0000] {processor.py:153} INFO - Started process (PID=2421) to work on /home/airflow/.local/lib/python3.7/site-packages/airflow/example_dags/example_bash_operator.py
[2023-02-10T02:12:43.638+0000] {processor.py:743} INFO - Processing file /home/airflow/.local/lib/python3.7/site-packages/airflow/example_dags/example_bash_operator.py for tasks to queue
[2023-02-10T02:12:43.642+0000] {logging_mixin.py:137} INFO - [2023-02-10T02:12:43.642+0000] {dagbag.py:538} INFO - Filling up the DagBag from /home/airflow/.local/lib/python3.7/site-packages/airflow/example_dags/example_bash_operator.py
[2023-02-10T02:12:43.711+0000] {processor.py:753} INFO - DAG(s) dict_keys(['example_bash_operator']) retrieved from /home/airflow/.local/lib/python3.7/site-packages/airflow/example_dags/example_bash_operator.py
[2023-02-10T02:12:43.818+0000] {logging_mixin.py:137} INFO - [2023-02-10T02:12:43.818+0000] {dag.py:2690} INFO - Sync 1 DAGs
[2023-02-10T02:12:43.942+0000] {logging_mixin.py:137} INFO - [2023-02-10T02:12:43.941+0000] {dag.py:3441} INFO - Setting next_dagrun for example_bash_operator to 2023-02-09T00:00:00+00:00, run_after=2023-02-10T00:00:00+00:00
[2023-02-10T02:12:44.044+0000] {processor.py:175} INFO - Processing /home/airflow/.local/lib/python3.7/site-packages/airflow/example_dags/example_bash_operator.py took 0.428 seconds
[2023-02-10T02:13:18.691+0000] {processor.py:153} INFO - Started process (PID=2475) to work on /home/airflow/.local/lib/python3.7/site-packages/airflow/example_dags/example_bash_operator.py
[2023-02-10T02:13:18.696+0000] {processor.py:743} INFO - Processing file /home/airflow/.local/lib/python3.7/site-packages/airflow/example_dags/example_bash_operator.py for tasks to queue
[2023-02-10T02:13:18.708+0000] {logging_mixin.py:137} INFO - [2023-02-10T02:13:18.708+0000] {dagbag.py:538} INFO - Filling up the DagBag from /home/airflow/.local/lib/python3.7/site-packages/airflow/example_dags/example_bash_operator.py
[2023-02-10T02:13:18.991+0000] {processor.py:753} INFO - DAG(s) dict_keys(['example_bash_operator']) retrieved from /home/airflow/.local/lib/python3.7/site-packages/airflow/example_dags/example_bash_operator.py
[2023-02-10T02:13:19.524+0000] {logging_mixin.py:137} INFO - [2023-02-10T02:13:19.524+0000] {dag.py:2690} INFO - Sync 1 DAGs
[2023-02-10T02:13:19.995+0000] {logging_mixin.py:137} INFO - [2023-02-10T02:13:19.994+0000] {dag.py:3441} INFO - Setting next_dagrun for example_bash_operator to 2023-02-09T00:00:00+00:00, run_after=2023-02-10T00:00:00+00:00
[2023-02-10T02:13:20.232+0000] {processor.py:175} INFO - Processing /home/airflow/.local/lib/python3.7/site-packages/airflow/example_dags/example_bash_operator.py took 1.593 seconds
[2023-02-10T02:13:50.659+0000] {processor.py:153} INFO - Started process (PID=2533) to work on /home/airflow/.local/lib/python3.7/site-packages/airflow/example_dags/example_bash_operator.py
[2023-02-10T02:13:50.674+0000] {processor.py:743} INFO - Processing file /home/airflow/.local/lib/python3.7/site-packages/airflow/example_dags/example_bash_operator.py for tasks to queue
[2023-02-10T02:13:50.688+0000] {logging_mixin.py:137} INFO - [2023-02-10T02:13:50.687+0000] {dagbag.py:538} INFO - Filling up the DagBag from /home/airflow/.local/lib/python3.7/site-packages/airflow/example_dags/example_bash_operator.py
[2023-02-10T02:13:50.945+0000] {processor.py:753} INFO - DAG(s) dict_keys(['example_bash_operator']) retrieved from /home/airflow/.local/lib/python3.7/site-packages/airflow/example_dags/example_bash_operator.py
[2023-02-10T02:13:51.602+0000] {logging_mixin.py:137} INFO - [2023-02-10T02:13:51.601+0000] {dag.py:2690} INFO - Sync 1 DAGs
[2023-02-10T02:13:52.201+0000] {logging_mixin.py:137} INFO - [2023-02-10T02:13:52.201+0000] {dag.py:3441} INFO - Setting next_dagrun for example_bash_operator to 2023-02-09T00:00:00+00:00, run_after=2023-02-10T00:00:00+00:00
[2023-02-10T02:13:52.456+0000] {processor.py:175} INFO - Processing /home/airflow/.local/lib/python3.7/site-packages/airflow/example_dags/example_bash_operator.py took 1.834 seconds
[2023-02-10T02:14:22.666+0000] {processor.py:153} INFO - Started process (PID=2582) to work on /home/airflow/.local/lib/python3.7/site-packages/airflow/example_dags/example_bash_operator.py
[2023-02-10T02:14:22.671+0000] {processor.py:743} INFO - Processing file /home/airflow/.local/lib/python3.7/site-packages/airflow/example_dags/example_bash_operator.py for tasks to queue
[2023-02-10T02:14:22.675+0000] {logging_mixin.py:137} INFO - [2023-02-10T02:14:22.675+0000] {dagbag.py:538} INFO - Filling up the DagBag from /home/airflow/.local/lib/python3.7/site-packages/airflow/example_dags/example_bash_operator.py
[2023-02-10T02:14:22.765+0000] {processor.py:753} INFO - DAG(s) dict_keys(['example_bash_operator']) retrieved from /home/airflow/.local/lib/python3.7/site-packages/airflow/example_dags/example_bash_operator.py
[2023-02-10T02:14:23.028+0000] {logging_mixin.py:137} INFO - [2023-02-10T02:14:23.027+0000] {dag.py:2690} INFO - Sync 1 DAGs
[2023-02-10T02:14:23.087+0000] {logging_mixin.py:137} INFO - [2023-02-10T02:14:23.087+0000] {dag.py:3441} INFO - Setting next_dagrun for example_bash_operator to 2023-02-09T00:00:00+00:00, run_after=2023-02-10T00:00:00+00:00
[2023-02-10T02:14:23.130+0000] {processor.py:175} INFO - Processing /home/airflow/.local/lib/python3.7/site-packages/airflow/example_dags/example_bash_operator.py took 0.475 seconds
[2023-02-10T02:14:53.857+0000] {processor.py:153} INFO - Started process (PID=2640) to work on /home/airflow/.local/lib/python3.7/site-packages/airflow/example_dags/example_bash_operator.py
[2023-02-10T02:14:53.863+0000] {processor.py:743} INFO - Processing file /home/airflow/.local/lib/python3.7/site-packages/airflow/example_dags/example_bash_operator.py for tasks to queue
[2023-02-10T02:14:53.869+0000] {logging_mixin.py:137} INFO - [2023-02-10T02:14:53.869+0000] {dagbag.py:538} INFO - Filling up the DagBag from /home/airflow/.local/lib/python3.7/site-packages/airflow/example_dags/example_bash_operator.py
[2023-02-10T02:14:54.039+0000] {processor.py:753} INFO - DAG(s) dict_keys(['example_bash_operator']) retrieved from /home/airflow/.local/lib/python3.7/site-packages/airflow/example_dags/example_bash_operator.py
[2023-02-10T02:14:54.397+0000] {logging_mixin.py:137} INFO - [2023-02-10T02:14:54.397+0000] {dag.py:2690} INFO - Sync 1 DAGs
[2023-02-10T02:14:54.690+0000] {logging_mixin.py:137} INFO - [2023-02-10T02:14:54.690+0000] {dag.py:3441} INFO - Setting next_dagrun for example_bash_operator to 2023-02-09T00:00:00+00:00, run_after=2023-02-10T00:00:00+00:00
[2023-02-10T02:14:54.758+0000] {processor.py:175} INFO - Processing /home/airflow/.local/lib/python3.7/site-packages/airflow/example_dags/example_bash_operator.py took 0.943 seconds
[2023-02-10T02:15:25.039+0000] {processor.py:153} INFO - Started process (PID=2690) to work on /home/airflow/.local/lib/python3.7/site-packages/airflow/example_dags/example_bash_operator.py
[2023-02-10T02:15:25.043+0000] {processor.py:743} INFO - Processing file /home/airflow/.local/lib/python3.7/site-packages/airflow/example_dags/example_bash_operator.py for tasks to queue
[2023-02-10T02:15:25.050+0000] {logging_mixin.py:137} INFO - [2023-02-10T02:15:25.050+0000] {dagbag.py:538} INFO - Filling up the DagBag from /home/airflow/.local/lib/python3.7/site-packages/airflow/example_dags/example_bash_operator.py
[2023-02-10T02:15:25.106+0000] {processor.py:753} INFO - DAG(s) dict_keys(['example_bash_operator']) retrieved from /home/airflow/.local/lib/python3.7/site-packages/airflow/example_dags/example_bash_operator.py
[2023-02-10T02:15:25.265+0000] {logging_mixin.py:137} INFO - [2023-02-10T02:15:25.265+0000] {dag.py:2690} INFO - Sync 1 DAGs
[2023-02-10T02:15:25.324+0000] {logging_mixin.py:137} INFO - [2023-02-10T02:15:25.324+0000] {dag.py:3441} INFO - Setting next_dagrun for example_bash_operator to 2023-02-09T00:00:00+00:00, run_after=2023-02-10T00:00:00+00:00
[2023-02-10T02:15:25.361+0000] {processor.py:175} INFO - Processing /home/airflow/.local/lib/python3.7/site-packages/airflow/example_dags/example_bash_operator.py took 0.328 seconds
[2023-02-10T02:15:56.141+0000] {processor.py:153} INFO - Started process (PID=2749) to work on /home/airflow/.local/lib/python3.7/site-packages/airflow/example_dags/example_bash_operator.py
[2023-02-10T02:15:56.146+0000] {processor.py:743} INFO - Processing file /home/airflow/.local/lib/python3.7/site-packages/airflow/example_dags/example_bash_operator.py for tasks to queue
[2023-02-10T02:15:56.151+0000] {logging_mixin.py:137} INFO - [2023-02-10T02:15:56.150+0000] {dagbag.py:538} INFO - Filling up the DagBag from /home/airflow/.local/lib/python3.7/site-packages/airflow/example_dags/example_bash_operator.py
[2023-02-10T02:15:56.239+0000] {processor.py:753} INFO - DAG(s) dict_keys(['example_bash_operator']) retrieved from /home/airflow/.local/lib/python3.7/site-packages/airflow/example_dags/example_bash_operator.py
[2023-02-10T02:15:56.504+0000] {logging_mixin.py:137} INFO - [2023-02-10T02:15:56.504+0000] {dag.py:2690} INFO - Sync 1 DAGs
[2023-02-10T02:15:56.622+0000] {logging_mixin.py:137} INFO - [2023-02-10T02:15:56.622+0000] {dag.py:3441} INFO - Setting next_dagrun for example_bash_operator to 2023-02-09T00:00:00+00:00, run_after=2023-02-10T00:00:00+00:00
[2023-02-10T02:15:56.674+0000] {processor.py:175} INFO - Processing /home/airflow/.local/lib/python3.7/site-packages/airflow/example_dags/example_bash_operator.py took 0.545 seconds
[2023-02-10T02:16:27.932+0000] {processor.py:153} INFO - Started process (PID=2809) to work on /home/airflow/.local/lib/python3.7/site-packages/airflow/example_dags/example_bash_operator.py
[2023-02-10T02:16:27.948+0000] {processor.py:743} INFO - Processing file /home/airflow/.local/lib/python3.7/site-packages/airflow/example_dags/example_bash_operator.py for tasks to queue
[2023-02-10T02:16:27.954+0000] {logging_mixin.py:137} INFO - [2023-02-10T02:16:27.954+0000] {dagbag.py:538} INFO - Filling up the DagBag from /home/airflow/.local/lib/python3.7/site-packages/airflow/example_dags/example_bash_operator.py
[2023-02-10T02:16:28.172+0000] {processor.py:753} INFO - DAG(s) dict_keys(['example_bash_operator']) retrieved from /home/airflow/.local/lib/python3.7/site-packages/airflow/example_dags/example_bash_operator.py
[2023-02-10T02:16:28.464+0000] {logging_mixin.py:137} INFO - [2023-02-10T02:16:28.463+0000] {dag.py:2690} INFO - Sync 1 DAGs
[2023-02-10T02:16:28.727+0000] {logging_mixin.py:137} INFO - [2023-02-10T02:16:28.727+0000] {dag.py:3441} INFO - Setting next_dagrun for example_bash_operator to 2023-02-09T00:00:00+00:00, run_after=2023-02-10T00:00:00+00:00
[2023-02-10T02:16:28.893+0000] {processor.py:175} INFO - Processing /home/airflow/.local/lib/python3.7/site-packages/airflow/example_dags/example_bash_operator.py took 1.022 seconds
[2023-02-10T02:16:59.154+0000] {processor.py:153} INFO - Started process (PID=2858) to work on /home/airflow/.local/lib/python3.7/site-packages/airflow/example_dags/example_bash_operator.py
[2023-02-10T02:16:59.160+0000] {processor.py:743} INFO - Processing file /home/airflow/.local/lib/python3.7/site-packages/airflow/example_dags/example_bash_operator.py for tasks to queue
[2023-02-10T02:16:59.168+0000] {logging_mixin.py:137} INFO - [2023-02-10T02:16:59.168+0000] {dagbag.py:538} INFO - Filling up the DagBag from /home/airflow/.local/lib/python3.7/site-packages/airflow/example_dags/example_bash_operator.py
[2023-02-10T02:16:59.230+0000] {processor.py:753} INFO - DAG(s) dict_keys(['example_bash_operator']) retrieved from /home/airflow/.local/lib/python3.7/site-packages/airflow/example_dags/example_bash_operator.py
[2023-02-10T02:16:59.343+0000] {logging_mixin.py:137} INFO - [2023-02-10T02:16:59.343+0000] {dag.py:2690} INFO - Sync 1 DAGs
[2023-02-10T02:16:59.442+0000] {logging_mixin.py:137} INFO - [2023-02-10T02:16:59.442+0000] {dag.py:3441} INFO - Setting next_dagrun for example_bash_operator to 2023-02-09T00:00:00+00:00, run_after=2023-02-10T00:00:00+00:00
[2023-02-10T02:16:59.556+0000] {processor.py:175} INFO - Processing /home/airflow/.local/lib/python3.7/site-packages/airflow/example_dags/example_bash_operator.py took 0.420 seconds
[2023-02-10T02:17:51.869+0000] {processor.py:153} INFO - Started process (PID=2927) to work on /home/airflow/.local/lib/python3.7/site-packages/airflow/example_dags/example_bash_operator.py
[2023-02-10T02:17:51.893+0000] {processor.py:743} INFO - Processing file /home/airflow/.local/lib/python3.7/site-packages/airflow/example_dags/example_bash_operator.py for tasks to queue
[2023-02-10T02:17:51.920+0000] {logging_mixin.py:137} INFO - [2023-02-10T02:17:51.908+0000] {dagbag.py:538} INFO - Filling up the DagBag from /home/airflow/.local/lib/python3.7/site-packages/airflow/example_dags/example_bash_operator.py
[2023-02-10T02:17:52.382+0000] {processor.py:753} INFO - DAG(s) dict_keys(['example_bash_operator']) retrieved from /home/airflow/.local/lib/python3.7/site-packages/airflow/example_dags/example_bash_operator.py
[2023-02-10T02:17:53.057+0000] {logging_mixin.py:137} INFO - [2023-02-10T02:17:53.056+0000] {dag.py:2690} INFO - Sync 1 DAGs
[2023-02-10T02:17:53.378+0000] {logging_mixin.py:137} INFO - [2023-02-10T02:17:53.347+0000] {dag.py:3441} INFO - Setting next_dagrun for example_bash_operator to 2023-02-09T00:00:00+00:00, run_after=2023-02-10T00:00:00+00:00
[2023-02-10T02:17:53.686+0000] {processor.py:175} INFO - Processing /home/airflow/.local/lib/python3.7/site-packages/airflow/example_dags/example_bash_operator.py took 1.862 seconds
[2023-02-10T02:18:24.016+0000] {processor.py:153} INFO - Started process (PID=2986) to work on /home/airflow/.local/lib/python3.7/site-packages/airflow/example_dags/example_bash_operator.py
[2023-02-10T02:18:24.036+0000] {processor.py:743} INFO - Processing file /home/airflow/.local/lib/python3.7/site-packages/airflow/example_dags/example_bash_operator.py for tasks to queue
[2023-02-10T02:18:24.039+0000] {logging_mixin.py:137} INFO - [2023-02-10T02:18:24.039+0000] {dagbag.py:538} INFO - Filling up the DagBag from /home/airflow/.local/lib/python3.7/site-packages/airflow/example_dags/example_bash_operator.py
[2023-02-10T02:18:24.190+0000] {processor.py:753} INFO - DAG(s) dict_keys(['example_bash_operator']) retrieved from /home/airflow/.local/lib/python3.7/site-packages/airflow/example_dags/example_bash_operator.py
[2023-02-10T02:18:24.294+0000] {logging_mixin.py:137} INFO - [2023-02-10T02:18:24.294+0000] {dag.py:2690} INFO - Sync 1 DAGs
[2023-02-10T02:18:24.385+0000] {logging_mixin.py:137} INFO - [2023-02-10T02:18:24.385+0000] {dag.py:3441} INFO - Setting next_dagrun for example_bash_operator to 2023-02-09T00:00:00+00:00, run_after=2023-02-10T00:00:00+00:00
[2023-02-10T02:18:24.521+0000] {processor.py:175} INFO - Processing /home/airflow/.local/lib/python3.7/site-packages/airflow/example_dags/example_bash_operator.py took 0.529 seconds
[2023-02-10T02:19:32.855+0000] {processor.py:153} INFO - Started process (PID=68) to work on /home/airflow/.local/lib/python3.7/site-packages/airflow/example_dags/example_bash_operator.py
[2023-02-10T02:19:32.861+0000] {processor.py:743} INFO - Processing file /home/airflow/.local/lib/python3.7/site-packages/airflow/example_dags/example_bash_operator.py for tasks to queue
[2023-02-10T02:19:32.884+0000] {logging_mixin.py:137} INFO - [2023-02-10T02:19:32.878+0000] {dagbag.py:538} INFO - Filling up the DagBag from /home/airflow/.local/lib/python3.7/site-packages/airflow/example_dags/example_bash_operator.py
[2023-02-10T02:19:33.110+0000] {processor.py:753} INFO - DAG(s) dict_keys(['example_bash_operator']) retrieved from /home/airflow/.local/lib/python3.7/site-packages/airflow/example_dags/example_bash_operator.py
[2023-02-10T02:19:33.448+0000] {logging_mixin.py:137} INFO - [2023-02-10T02:19:33.448+0000] {dag.py:2690} INFO - Sync 1 DAGs
[2023-02-10T02:19:33.637+0000] {logging_mixin.py:137} INFO - [2023-02-10T02:19:33.629+0000] {dag.py:3441} INFO - Setting next_dagrun for example_bash_operator to 2023-02-09T00:00:00+00:00, run_after=2023-02-10T00:00:00+00:00
[2023-02-10T02:19:33.735+0000] {processor.py:175} INFO - Processing /home/airflow/.local/lib/python3.7/site-packages/airflow/example_dags/example_bash_operator.py took 0.928 seconds
[2023-02-10T02:20:05.639+0000] {processor.py:153} INFO - Started process (PID=127) to work on /home/airflow/.local/lib/python3.7/site-packages/airflow/example_dags/example_bash_operator.py
[2023-02-10T02:20:05.648+0000] {processor.py:743} INFO - Processing file /home/airflow/.local/lib/python3.7/site-packages/airflow/example_dags/example_bash_operator.py for tasks to queue
[2023-02-10T02:20:05.660+0000] {logging_mixin.py:137} INFO - [2023-02-10T02:20:05.660+0000] {dagbag.py:538} INFO - Filling up the DagBag from /home/airflow/.local/lib/python3.7/site-packages/airflow/example_dags/example_bash_operator.py
[2023-02-10T02:20:05.892+0000] {processor.py:753} INFO - DAG(s) dict_keys(['example_bash_operator']) retrieved from /home/airflow/.local/lib/python3.7/site-packages/airflow/example_dags/example_bash_operator.py
[2023-02-10T02:20:06.292+0000] {logging_mixin.py:137} INFO - [2023-02-10T02:20:06.292+0000] {dag.py:2690} INFO - Sync 1 DAGs
[2023-02-10T02:20:06.484+0000] {logging_mixin.py:137} INFO - [2023-02-10T02:20:06.484+0000] {dag.py:3441} INFO - Setting next_dagrun for example_bash_operator to 2023-02-09T00:00:00+00:00, run_after=2023-02-10T00:00:00+00:00
[2023-02-10T02:20:06.587+0000] {processor.py:175} INFO - Processing /home/airflow/.local/lib/python3.7/site-packages/airflow/example_dags/example_bash_operator.py took 0.974 seconds
[2023-02-10T02:21:02.882+0000] {processor.py:153} INFO - Started process (PID=190) to work on /home/airflow/.local/lib/python3.7/site-packages/airflow/example_dags/example_bash_operator.py
[2023-02-10T02:21:02.900+0000] {processor.py:743} INFO - Processing file /home/airflow/.local/lib/python3.7/site-packages/airflow/example_dags/example_bash_operator.py for tasks to queue
[2023-02-10T02:21:02.947+0000] {logging_mixin.py:137} INFO - [2023-02-10T02:21:02.939+0000] {dagbag.py:538} INFO - Filling up the DagBag from /home/airflow/.local/lib/python3.7/site-packages/airflow/example_dags/example_bash_operator.py
[2023-02-10T02:21:06.925+0000] {processor.py:753} INFO - DAG(s) dict_keys(['example_bash_operator']) retrieved from /home/airflow/.local/lib/python3.7/site-packages/airflow/example_dags/example_bash_operator.py
[2023-02-10T02:21:10.223+0000] {logging_mixin.py:137} INFO - [2023-02-10T02:21:10.222+0000] {dag.py:2690} INFO - Sync 1 DAGs
[2023-02-10T02:21:11.304+0000] {logging_mixin.py:137} INFO - [2023-02-10T02:21:11.290+0000] {dag.py:3441} INFO - Setting next_dagrun for example_bash_operator to 2023-02-09T00:00:00+00:00, run_after=2023-02-10T00:00:00+00:00
[2023-02-10T02:21:12.143+0000] {processor.py:175} INFO - Processing /home/airflow/.local/lib/python3.7/site-packages/airflow/example_dags/example_bash_operator.py took 9.425 seconds
[2023-02-10T02:21:52.143+0000] {processor.py:153} INFO - Started process (PID=250) to work on /home/airflow/.local/lib/python3.7/site-packages/airflow/example_dags/example_bash_operator.py
[2023-02-10T02:21:52.162+0000] {processor.py:743} INFO - Processing file /home/airflow/.local/lib/python3.7/site-packages/airflow/example_dags/example_bash_operator.py for tasks to queue
[2023-02-10T02:21:52.165+0000] {logging_mixin.py:137} INFO - [2023-02-10T02:21:52.165+0000] {dagbag.py:538} INFO - Filling up the DagBag from /home/airflow/.local/lib/python3.7/site-packages/airflow/example_dags/example_bash_operator.py
[2023-02-10T02:21:52.459+0000] {processor.py:753} INFO - DAG(s) dict_keys(['example_bash_operator']) retrieved from /home/airflow/.local/lib/python3.7/site-packages/airflow/example_dags/example_bash_operator.py
[2023-02-10T02:21:52.942+0000] {logging_mixin.py:137} INFO - [2023-02-10T02:21:52.942+0000] {dag.py:2690} INFO - Sync 1 DAGs
[2023-02-10T02:21:53.159+0000] {logging_mixin.py:137} INFO - [2023-02-10T02:21:53.158+0000] {dag.py:3441} INFO - Setting next_dagrun for example_bash_operator to 2023-02-09T00:00:00+00:00, run_after=2023-02-10T00:00:00+00:00
[2023-02-10T02:21:53.281+0000] {processor.py:175} INFO - Processing /home/airflow/.local/lib/python3.7/site-packages/airflow/example_dags/example_bash_operator.py took 1.218 seconds
[2023-02-10T02:22:28.463+0000] {processor.py:153} INFO - Started process (PID=308) to work on /home/airflow/.local/lib/python3.7/site-packages/airflow/example_dags/example_bash_operator.py
[2023-02-10T02:22:28.514+0000] {processor.py:743} INFO - Processing file /home/airflow/.local/lib/python3.7/site-packages/airflow/example_dags/example_bash_operator.py for tasks to queue
[2023-02-10T02:22:28.532+0000] {logging_mixin.py:137} INFO - [2023-02-10T02:22:28.532+0000] {dagbag.py:538} INFO - Filling up the DagBag from /home/airflow/.local/lib/python3.7/site-packages/airflow/example_dags/example_bash_operator.py
[2023-02-10T02:22:28.944+0000] {processor.py:753} INFO - DAG(s) dict_keys(['example_bash_operator']) retrieved from /home/airflow/.local/lib/python3.7/site-packages/airflow/example_dags/example_bash_operator.py
[2023-02-10T02:22:29.181+0000] {logging_mixin.py:137} INFO - [2023-02-10T02:22:29.181+0000] {dag.py:2690} INFO - Sync 1 DAGs
[2023-02-10T02:22:29.557+0000] {logging_mixin.py:137} INFO - [2023-02-10T02:22:29.555+0000] {dag.py:3441} INFO - Setting next_dagrun for example_bash_operator to 2023-02-09T00:00:00+00:00, run_after=2023-02-10T00:00:00+00:00
[2023-02-10T02:22:29.721+0000] {processor.py:175} INFO - Processing /home/airflow/.local/lib/python3.7/site-packages/airflow/example_dags/example_bash_operator.py took 1.357 seconds
[2023-02-10T02:23:14.941+0000] {processor.py:153} INFO - Started process (PID=359) to work on /home/airflow/.local/lib/python3.7/site-packages/airflow/example_dags/example_bash_operator.py
[2023-02-10T02:23:14.965+0000] {processor.py:743} INFO - Processing file /home/airflow/.local/lib/python3.7/site-packages/airflow/example_dags/example_bash_operator.py for tasks to queue
[2023-02-10T02:23:14.968+0000] {logging_mixin.py:137} INFO - [2023-02-10T02:23:14.967+0000] {dagbag.py:538} INFO - Filling up the DagBag from /home/airflow/.local/lib/python3.7/site-packages/airflow/example_dags/example_bash_operator.py
[2023-02-10T02:23:15.053+0000] {processor.py:753} INFO - DAG(s) dict_keys(['example_bash_operator']) retrieved from /home/airflow/.local/lib/python3.7/site-packages/airflow/example_dags/example_bash_operator.py
[2023-02-10T02:23:15.299+0000] {logging_mixin.py:137} INFO - [2023-02-10T02:23:15.299+0000] {dag.py:2690} INFO - Sync 1 DAGs
[2023-02-10T02:23:15.487+0000] {logging_mixin.py:137} INFO - [2023-02-10T02:23:15.486+0000] {dag.py:3441} INFO - Setting next_dagrun for example_bash_operator to 2023-02-09T00:00:00+00:00, run_after=2023-02-10T00:00:00+00:00
[2023-02-10T02:23:15.590+0000] {processor.py:175} INFO - Processing /home/airflow/.local/lib/python3.7/site-packages/airflow/example_dags/example_bash_operator.py took 0.664 seconds
[2023-02-10T02:23:46.140+0000] {processor.py:153} INFO - Started process (PID=417) to work on /home/airflow/.local/lib/python3.7/site-packages/airflow/example_dags/example_bash_operator.py
[2023-02-10T02:23:46.152+0000] {processor.py:743} INFO - Processing file /home/airflow/.local/lib/python3.7/site-packages/airflow/example_dags/example_bash_operator.py for tasks to queue
[2023-02-10T02:23:46.165+0000] {logging_mixin.py:137} INFO - [2023-02-10T02:23:46.164+0000] {dagbag.py:538} INFO - Filling up the DagBag from /home/airflow/.local/lib/python3.7/site-packages/airflow/example_dags/example_bash_operator.py
[2023-02-10T02:23:46.357+0000] {processor.py:753} INFO - DAG(s) dict_keys(['example_bash_operator']) retrieved from /home/airflow/.local/lib/python3.7/site-packages/airflow/example_dags/example_bash_operator.py
[2023-02-10T02:23:46.590+0000] {logging_mixin.py:137} INFO - [2023-02-10T02:23:46.590+0000] {dag.py:2690} INFO - Sync 1 DAGs
[2023-02-10T02:23:46.793+0000] {logging_mixin.py:137} INFO - [2023-02-10T02:23:46.792+0000] {dag.py:3441} INFO - Setting next_dagrun for example_bash_operator to 2023-02-09T00:00:00+00:00, run_after=2023-02-10T00:00:00+00:00
[2023-02-10T02:23:46.904+0000] {processor.py:175} INFO - Processing /home/airflow/.local/lib/python3.7/site-packages/airflow/example_dags/example_bash_operator.py took 0.773 seconds
[2023-02-10T02:24:17.348+0000] {processor.py:153} INFO - Started process (PID=466) to work on /home/airflow/.local/lib/python3.7/site-packages/airflow/example_dags/example_bash_operator.py
[2023-02-10T02:24:17.374+0000] {processor.py:743} INFO - Processing file /home/airflow/.local/lib/python3.7/site-packages/airflow/example_dags/example_bash_operator.py for tasks to queue
[2023-02-10T02:24:17.387+0000] {logging_mixin.py:137} INFO - [2023-02-10T02:24:17.387+0000] {dagbag.py:538} INFO - Filling up the DagBag from /home/airflow/.local/lib/python3.7/site-packages/airflow/example_dags/example_bash_operator.py
[2023-02-10T02:24:17.518+0000] {processor.py:753} INFO - DAG(s) dict_keys(['example_bash_operator']) retrieved from /home/airflow/.local/lib/python3.7/site-packages/airflow/example_dags/example_bash_operator.py
[2023-02-10T02:24:17.962+0000] {logging_mixin.py:137} INFO - [2023-02-10T02:24:17.930+0000] {dag.py:2690} INFO - Sync 1 DAGs
[2023-02-10T02:24:18.121+0000] {logging_mixin.py:137} INFO - [2023-02-10T02:24:18.120+0000] {dag.py:3441} INFO - Setting next_dagrun for example_bash_operator to 2023-02-09T00:00:00+00:00, run_after=2023-02-10T00:00:00+00:00
[2023-02-10T02:24:18.245+0000] {processor.py:175} INFO - Processing /home/airflow/.local/lib/python3.7/site-packages/airflow/example_dags/example_bash_operator.py took 0.911 seconds
[2023-02-10T02:24:49.297+0000] {processor.py:153} INFO - Started process (PID=525) to work on /home/airflow/.local/lib/python3.7/site-packages/airflow/example_dags/example_bash_operator.py
[2023-02-10T02:24:49.304+0000] {processor.py:743} INFO - Processing file /home/airflow/.local/lib/python3.7/site-packages/airflow/example_dags/example_bash_operator.py for tasks to queue
[2023-02-10T02:24:49.313+0000] {logging_mixin.py:137} INFO - [2023-02-10T02:24:49.312+0000] {dagbag.py:538} INFO - Filling up the DagBag from /home/airflow/.local/lib/python3.7/site-packages/airflow/example_dags/example_bash_operator.py
[2023-02-10T02:24:49.495+0000] {processor.py:753} INFO - DAG(s) dict_keys(['example_bash_operator']) retrieved from /home/airflow/.local/lib/python3.7/site-packages/airflow/example_dags/example_bash_operator.py
[2023-02-10T02:24:49.988+0000] {logging_mixin.py:137} INFO - [2023-02-10T02:24:49.987+0000] {dag.py:2690} INFO - Sync 1 DAGs
[2023-02-10T02:24:50.193+0000] {logging_mixin.py:137} INFO - [2023-02-10T02:24:50.193+0000] {dag.py:3441} INFO - Setting next_dagrun for example_bash_operator to 2023-02-09T00:00:00+00:00, run_after=2023-02-10T00:00:00+00:00
[2023-02-10T02:24:50.737+0000] {processor.py:175} INFO - Processing /home/airflow/.local/lib/python3.7/site-packages/airflow/example_dags/example_bash_operator.py took 1.460 seconds
[2023-02-10T02:25:23.429+0000] {processor.py:153} INFO - Started process (PID=581) to work on /home/airflow/.local/lib/python3.7/site-packages/airflow/example_dags/example_bash_operator.py
[2023-02-10T02:25:23.442+0000] {processor.py:743} INFO - Processing file /home/airflow/.local/lib/python3.7/site-packages/airflow/example_dags/example_bash_operator.py for tasks to queue
[2023-02-10T02:25:23.471+0000] {logging_mixin.py:137} INFO - [2023-02-10T02:25:23.470+0000] {dagbag.py:538} INFO - Filling up the DagBag from /home/airflow/.local/lib/python3.7/site-packages/airflow/example_dags/example_bash_operator.py
[2023-02-10T02:25:23.936+0000] {processor.py:753} INFO - DAG(s) dict_keys(['example_bash_operator']) retrieved from /home/airflow/.local/lib/python3.7/site-packages/airflow/example_dags/example_bash_operator.py
[2023-02-10T02:25:24.850+0000] {logging_mixin.py:137} INFO - [2023-02-10T02:25:24.849+0000] {dag.py:2690} INFO - Sync 1 DAGs
[2023-02-10T02:25:25.359+0000] {logging_mixin.py:137} INFO - [2023-02-10T02:25:25.359+0000] {dag.py:3441} INFO - Setting next_dagrun for example_bash_operator to 2023-02-09T00:00:00+00:00, run_after=2023-02-10T00:00:00+00:00
[2023-02-10T02:25:25.761+0000] {processor.py:175} INFO - Processing /home/airflow/.local/lib/python3.7/site-packages/airflow/example_dags/example_bash_operator.py took 2.387 seconds
[2023-02-10T02:25:56.222+0000] {processor.py:153} INFO - Started process (PID=633) to work on /home/airflow/.local/lib/python3.7/site-packages/airflow/example_dags/example_bash_operator.py
[2023-02-10T02:25:56.231+0000] {processor.py:743} INFO - Processing file /home/airflow/.local/lib/python3.7/site-packages/airflow/example_dags/example_bash_operator.py for tasks to queue
[2023-02-10T02:25:56.248+0000] {logging_mixin.py:137} INFO - [2023-02-10T02:25:56.247+0000] {dagbag.py:538} INFO - Filling up the DagBag from /home/airflow/.local/lib/python3.7/site-packages/airflow/example_dags/example_bash_operator.py
[2023-02-10T02:25:56.318+0000] {processor.py:753} INFO - DAG(s) dict_keys(['example_bash_operator']) retrieved from /home/airflow/.local/lib/python3.7/site-packages/airflow/example_dags/example_bash_operator.py
[2023-02-10T02:25:56.448+0000] {logging_mixin.py:137} INFO - [2023-02-10T02:25:56.448+0000] {dag.py:2690} INFO - Sync 1 DAGs
[2023-02-10T02:25:56.544+0000] {logging_mixin.py:137} INFO - [2023-02-10T02:25:56.544+0000] {dag.py:3441} INFO - Setting next_dagrun for example_bash_operator to 2023-02-09T00:00:00+00:00, run_after=2023-02-10T00:00:00+00:00
[2023-02-10T02:25:56.597+0000] {processor.py:175} INFO - Processing /home/airflow/.local/lib/python3.7/site-packages/airflow/example_dags/example_bash_operator.py took 0.404 seconds
[2023-02-10T02:26:27.000+0000] {processor.py:153} INFO - Started process (PID=692) to work on /home/airflow/.local/lib/python3.7/site-packages/airflow/example_dags/example_bash_operator.py
[2023-02-10T02:26:27.004+0000] {processor.py:743} INFO - Processing file /home/airflow/.local/lib/python3.7/site-packages/airflow/example_dags/example_bash_operator.py for tasks to queue
[2023-02-10T02:26:27.015+0000] {logging_mixin.py:137} INFO - [2023-02-10T02:26:27.014+0000] {dagbag.py:538} INFO - Filling up the DagBag from /home/airflow/.local/lib/python3.7/site-packages/airflow/example_dags/example_bash_operator.py
[2023-02-10T02:26:27.096+0000] {processor.py:753} INFO - DAG(s) dict_keys(['example_bash_operator']) retrieved from /home/airflow/.local/lib/python3.7/site-packages/airflow/example_dags/example_bash_operator.py
[2023-02-10T02:26:27.215+0000] {logging_mixin.py:137} INFO - [2023-02-10T02:26:27.215+0000] {dag.py:2690} INFO - Sync 1 DAGs
[2023-02-10T02:26:27.300+0000] {logging_mixin.py:137} INFO - [2023-02-10T02:26:27.299+0000] {dag.py:3441} INFO - Setting next_dagrun for example_bash_operator to 2023-02-09T00:00:00+00:00, run_after=2023-02-10T00:00:00+00:00
[2023-02-10T02:26:27.349+0000] {processor.py:175} INFO - Processing /home/airflow/.local/lib/python3.7/site-packages/airflow/example_dags/example_bash_operator.py took 0.361 seconds
[2023-02-10T02:26:58.104+0000] {processor.py:153} INFO - Started process (PID=741) to work on /home/airflow/.local/lib/python3.7/site-packages/airflow/example_dags/example_bash_operator.py
[2023-02-10T02:26:58.113+0000] {processor.py:743} INFO - Processing file /home/airflow/.local/lib/python3.7/site-packages/airflow/example_dags/example_bash_operator.py for tasks to queue
[2023-02-10T02:26:58.122+0000] {logging_mixin.py:137} INFO - [2023-02-10T02:26:58.120+0000] {dagbag.py:538} INFO - Filling up the DagBag from /home/airflow/.local/lib/python3.7/site-packages/airflow/example_dags/example_bash_operator.py
[2023-02-10T02:26:58.283+0000] {processor.py:753} INFO - DAG(s) dict_keys(['example_bash_operator']) retrieved from /home/airflow/.local/lib/python3.7/site-packages/airflow/example_dags/example_bash_operator.py
[2023-02-10T02:26:58.413+0000] {logging_mixin.py:137} INFO - [2023-02-10T02:26:58.413+0000] {dag.py:2690} INFO - Sync 1 DAGs
[2023-02-10T02:26:58.575+0000] {logging_mixin.py:137} INFO - [2023-02-10T02:26:58.574+0000] {dag.py:3441} INFO - Setting next_dagrun for example_bash_operator to 2023-02-09T00:00:00+00:00, run_after=2023-02-10T00:00:00+00:00
[2023-02-10T02:26:58.683+0000] {processor.py:175} INFO - Processing /home/airflow/.local/lib/python3.7/site-packages/airflow/example_dags/example_bash_operator.py took 0.595 seconds
[2023-02-10T02:27:29.661+0000] {processor.py:153} INFO - Started process (PID=799) to work on /home/airflow/.local/lib/python3.7/site-packages/airflow/example_dags/example_bash_operator.py
[2023-02-10T02:27:29.676+0000] {processor.py:743} INFO - Processing file /home/airflow/.local/lib/python3.7/site-packages/airflow/example_dags/example_bash_operator.py for tasks to queue
[2023-02-10T02:27:29.690+0000] {logging_mixin.py:137} INFO - [2023-02-10T02:27:29.688+0000] {dagbag.py:538} INFO - Filling up the DagBag from /home/airflow/.local/lib/python3.7/site-packages/airflow/example_dags/example_bash_operator.py
[2023-02-10T02:27:29.803+0000] {processor.py:753} INFO - DAG(s) dict_keys(['example_bash_operator']) retrieved from /home/airflow/.local/lib/python3.7/site-packages/airflow/example_dags/example_bash_operator.py
[2023-02-10T02:27:30.066+0000] {logging_mixin.py:137} INFO - [2023-02-10T02:27:30.054+0000] {dag.py:2690} INFO - Sync 1 DAGs
[2023-02-10T02:27:30.463+0000] {logging_mixin.py:137} INFO - [2023-02-10T02:27:30.449+0000] {dag.py:3441} INFO - Setting next_dagrun for example_bash_operator to 2023-02-09T00:00:00+00:00, run_after=2023-02-10T00:00:00+00:00
[2023-02-10T02:27:30.741+0000] {processor.py:175} INFO - Processing /home/airflow/.local/lib/python3.7/site-packages/airflow/example_dags/example_bash_operator.py took 1.104 seconds
[2023-02-10T02:28:02.568+0000] {processor.py:153} INFO - Started process (PID=858) to work on /home/airflow/.local/lib/python3.7/site-packages/airflow/example_dags/example_bash_operator.py
[2023-02-10T02:28:02.584+0000] {processor.py:743} INFO - Processing file /home/airflow/.local/lib/python3.7/site-packages/airflow/example_dags/example_bash_operator.py for tasks to queue
[2023-02-10T02:28:02.597+0000] {logging_mixin.py:137} INFO - [2023-02-10T02:28:02.596+0000] {dagbag.py:538} INFO - Filling up the DagBag from /home/airflow/.local/lib/python3.7/site-packages/airflow/example_dags/example_bash_operator.py
[2023-02-10T02:28:02.761+0000] {processor.py:753} INFO - DAG(s) dict_keys(['example_bash_operator']) retrieved from /home/airflow/.local/lib/python3.7/site-packages/airflow/example_dags/example_bash_operator.py
[2023-02-10T02:28:02.966+0000] {logging_mixin.py:137} INFO - [2023-02-10T02:28:02.966+0000] {dag.py:2690} INFO - Sync 1 DAGs
[2023-02-10T02:28:03.217+0000] {logging_mixin.py:137} INFO - [2023-02-10T02:28:03.210+0000] {dag.py:3441} INFO - Setting next_dagrun for example_bash_operator to 2023-02-09T00:00:00+00:00, run_after=2023-02-10T00:00:00+00:00
[2023-02-10T02:28:03.400+0000] {processor.py:175} INFO - Processing /home/airflow/.local/lib/python3.7/site-packages/airflow/example_dags/example_bash_operator.py took 0.861 seconds
[2023-02-10T02:28:42.729+0000] {processor.py:153} INFO - Started process (PID=916) to work on /home/airflow/.local/lib/python3.7/site-packages/airflow/example_dags/example_bash_operator.py
[2023-02-10T02:28:42.743+0000] {processor.py:743} INFO - Processing file /home/airflow/.local/lib/python3.7/site-packages/airflow/example_dags/example_bash_operator.py for tasks to queue
[2023-02-10T02:28:42.773+0000] {logging_mixin.py:137} INFO - [2023-02-10T02:28:42.760+0000] {dagbag.py:538} INFO - Filling up the DagBag from /home/airflow/.local/lib/python3.7/site-packages/airflow/example_dags/example_bash_operator.py
[2023-02-10T02:28:43.044+0000] {processor.py:753} INFO - DAG(s) dict_keys(['example_bash_operator']) retrieved from /home/airflow/.local/lib/python3.7/site-packages/airflow/example_dags/example_bash_operator.py
[2023-02-10T02:28:43.418+0000] {logging_mixin.py:137} INFO - [2023-02-10T02:28:43.418+0000] {dag.py:2690} INFO - Sync 1 DAGs
[2023-02-10T02:28:43.645+0000] {logging_mixin.py:137} INFO - [2023-02-10T02:28:43.645+0000] {dag.py:3441} INFO - Setting next_dagrun for example_bash_operator to 2023-02-09T00:00:00+00:00, run_after=2023-02-10T00:00:00+00:00
[2023-02-10T02:28:43.812+0000] {processor.py:175} INFO - Processing /home/airflow/.local/lib/python3.7/site-packages/airflow/example_dags/example_bash_operator.py took 1.147 seconds
