[2023-02-10T01:50:26.417+0000] {processor.py:153} INFO - Started process (PID=265) to work on /home/airflow/.local/lib/python3.7/site-packages/airflow/example_dags/example_branch_python_dop_operator_3.py
[2023-02-10T01:50:26.494+0000] {processor.py:743} INFO - Processing file /home/airflow/.local/lib/python3.7/site-packages/airflow/example_dags/example_branch_python_dop_operator_3.py for tasks to queue
[2023-02-10T01:50:26.556+0000] {logging_mixin.py:137} INFO - [2023-02-10T01:50:26.555+0000] {dagbag.py:538} INFO - Filling up the DagBag from /home/airflow/.local/lib/python3.7/site-packages/airflow/example_dags/example_branch_python_dop_operator_3.py
[2023-02-10T01:50:30.602+0000] {processor.py:753} INFO - DAG(s) dict_keys(['example_branch_dop_operator_v3']) retrieved from /home/airflow/.local/lib/python3.7/site-packages/airflow/example_dags/example_branch_python_dop_operator_3.py
[2023-02-10T01:50:32.611+0000] {logging_mixin.py:137} INFO - [2023-02-10T01:50:32.545+0000] {dag.py:2690} INFO - Sync 1 DAGs
[2023-02-10T01:50:35.888+0000] {logging_mixin.py:137} INFO - [2023-02-10T01:50:35.888+0000] {dag.py:3441} INFO - Setting next_dagrun for example_branch_dop_operator_v3 to 2023-02-10T01:49:00+00:00, run_after=2023-02-10T01:50:00+00:00
[2023-02-10T01:50:37.329+0000] {processor.py:175} INFO - Processing /home/airflow/.local/lib/python3.7/site-packages/airflow/example_dags/example_branch_python_dop_operator_3.py took 11.119 seconds
[2023-02-10T01:52:24.501+0000] {processor.py:153} INFO - Started process (PID=362) to work on /home/airflow/.local/lib/python3.7/site-packages/airflow/example_dags/example_branch_python_dop_operator_3.py
[2023-02-10T01:52:24.514+0000] {processor.py:743} INFO - Processing file /home/airflow/.local/lib/python3.7/site-packages/airflow/example_dags/example_branch_python_dop_operator_3.py for tasks to queue
[2023-02-10T01:52:24.526+0000] {logging_mixin.py:137} INFO - [2023-02-10T01:52:24.525+0000] {dagbag.py:538} INFO - Filling up the DagBag from /home/airflow/.local/lib/python3.7/site-packages/airflow/example_dags/example_branch_python_dop_operator_3.py
[2023-02-10T01:52:24.968+0000] {processor.py:753} INFO - DAG(s) dict_keys(['example_branch_dop_operator_v3']) retrieved from /home/airflow/.local/lib/python3.7/site-packages/airflow/example_dags/example_branch_python_dop_operator_3.py
[2023-02-10T01:52:25.313+0000] {logging_mixin.py:137} INFO - [2023-02-10T01:52:25.313+0000] {dag.py:2690} INFO - Sync 1 DAGs
[2023-02-10T01:52:25.618+0000] {logging_mixin.py:137} INFO - [2023-02-10T01:52:25.618+0000] {dag.py:3441} INFO - Setting next_dagrun for example_branch_dop_operator_v3 to 2023-02-10T01:51:00+00:00, run_after=2023-02-10T01:52:00+00:00
[2023-02-10T01:52:25.888+0000] {processor.py:175} INFO - Processing /home/airflow/.local/lib/python3.7/site-packages/airflow/example_dags/example_branch_python_dop_operator_3.py took 1.411 seconds
[2023-02-10T01:52:58.425+0000] {processor.py:153} INFO - Started process (PID=412) to work on /home/airflow/.local/lib/python3.7/site-packages/airflow/example_dags/example_branch_python_dop_operator_3.py
[2023-02-10T01:52:58.430+0000] {processor.py:743} INFO - Processing file /home/airflow/.local/lib/python3.7/site-packages/airflow/example_dags/example_branch_python_dop_operator_3.py for tasks to queue
[2023-02-10T01:52:58.437+0000] {logging_mixin.py:137} INFO - [2023-02-10T01:52:58.436+0000] {dagbag.py:538} INFO - Filling up the DagBag from /home/airflow/.local/lib/python3.7/site-packages/airflow/example_dags/example_branch_python_dop_operator_3.py
[2023-02-10T01:52:58.700+0000] {processor.py:753} INFO - DAG(s) dict_keys(['example_branch_dop_operator_v3']) retrieved from /home/airflow/.local/lib/python3.7/site-packages/airflow/example_dags/example_branch_python_dop_operator_3.py
[2023-02-10T01:52:58.863+0000] {logging_mixin.py:137} INFO - [2023-02-10T01:52:58.863+0000] {dag.py:2690} INFO - Sync 1 DAGs
[2023-02-10T01:52:59.033+0000] {logging_mixin.py:137} INFO - [2023-02-10T01:52:59.033+0000] {dag.py:3441} INFO - Setting next_dagrun for example_branch_dop_operator_v3 to 2023-02-10T01:51:00+00:00, run_after=2023-02-10T01:52:00+00:00
[2023-02-10T01:52:59.172+0000] {processor.py:175} INFO - Processing /home/airflow/.local/lib/python3.7/site-packages/airflow/example_dags/example_branch_python_dop_operator_3.py took 0.798 seconds
[2023-02-10T01:53:30.811+0000] {processor.py:153} INFO - Started process (PID=471) to work on /home/airflow/.local/lib/python3.7/site-packages/airflow/example_dags/example_branch_python_dop_operator_3.py
[2023-02-10T01:53:30.826+0000] {processor.py:743} INFO - Processing file /home/airflow/.local/lib/python3.7/site-packages/airflow/example_dags/example_branch_python_dop_operator_3.py for tasks to queue
[2023-02-10T01:53:30.844+0000] {logging_mixin.py:137} INFO - [2023-02-10T01:53:30.843+0000] {dagbag.py:538} INFO - Filling up the DagBag from /home/airflow/.local/lib/python3.7/site-packages/airflow/example_dags/example_branch_python_dop_operator_3.py
[2023-02-10T01:53:31.269+0000] {processor.py:753} INFO - DAG(s) dict_keys(['example_branch_dop_operator_v3']) retrieved from /home/airflow/.local/lib/python3.7/site-packages/airflow/example_dags/example_branch_python_dop_operator_3.py
[2023-02-10T01:53:32.045+0000] {logging_mixin.py:137} INFO - [2023-02-10T01:53:32.045+0000] {dag.py:2690} INFO - Sync 1 DAGs
[2023-02-10T01:53:32.861+0000] {logging_mixin.py:137} INFO - [2023-02-10T01:53:32.861+0000] {dag.py:3441} INFO - Setting next_dagrun for example_branch_dop_operator_v3 to 2023-02-10T01:52:00+00:00, run_after=2023-02-10T01:53:00+00:00
[2023-02-10T01:53:33.283+0000] {processor.py:175} INFO - Processing /home/airflow/.local/lib/python3.7/site-packages/airflow/example_dags/example_branch_python_dop_operator_3.py took 2.505 seconds
[2023-02-10T01:54:03.816+0000] {processor.py:153} INFO - Started process (PID=528) to work on /home/airflow/.local/lib/python3.7/site-packages/airflow/example_dags/example_branch_python_dop_operator_3.py
[2023-02-10T01:54:03.826+0000] {processor.py:743} INFO - Processing file /home/airflow/.local/lib/python3.7/site-packages/airflow/example_dags/example_branch_python_dop_operator_3.py for tasks to queue
[2023-02-10T01:54:03.833+0000] {logging_mixin.py:137} INFO - [2023-02-10T01:54:03.832+0000] {dagbag.py:538} INFO - Filling up the DagBag from /home/airflow/.local/lib/python3.7/site-packages/airflow/example_dags/example_branch_python_dop_operator_3.py
[2023-02-10T01:54:04.018+0000] {processor.py:753} INFO - DAG(s) dict_keys(['example_branch_dop_operator_v3']) retrieved from /home/airflow/.local/lib/python3.7/site-packages/airflow/example_dags/example_branch_python_dop_operator_3.py
[2023-02-10T01:54:04.238+0000] {logging_mixin.py:137} INFO - [2023-02-10T01:54:04.238+0000] {dag.py:2690} INFO - Sync 1 DAGs
[2023-02-10T01:54:04.466+0000] {logging_mixin.py:137} INFO - [2023-02-10T01:54:04.465+0000] {dag.py:3441} INFO - Setting next_dagrun for example_branch_dop_operator_v3 to 2023-02-10T01:53:00+00:00, run_after=2023-02-10T01:54:00+00:00
[2023-02-10T01:54:04.593+0000] {processor.py:175} INFO - Processing /home/airflow/.local/lib/python3.7/site-packages/airflow/example_dags/example_branch_python_dop_operator_3.py took 0.799 seconds
[2023-02-10T01:54:35.537+0000] {processor.py:153} INFO - Started process (PID=577) to work on /home/airflow/.local/lib/python3.7/site-packages/airflow/example_dags/example_branch_python_dop_operator_3.py
[2023-02-10T01:54:35.545+0000] {processor.py:743} INFO - Processing file /home/airflow/.local/lib/python3.7/site-packages/airflow/example_dags/example_branch_python_dop_operator_3.py for tasks to queue
[2023-02-10T01:54:35.552+0000] {logging_mixin.py:137} INFO - [2023-02-10T01:54:35.551+0000] {dagbag.py:538} INFO - Filling up the DagBag from /home/airflow/.local/lib/python3.7/site-packages/airflow/example_dags/example_branch_python_dop_operator_3.py
[2023-02-10T01:54:35.617+0000] {processor.py:753} INFO - DAG(s) dict_keys(['example_branch_dop_operator_v3']) retrieved from /home/airflow/.local/lib/python3.7/site-packages/airflow/example_dags/example_branch_python_dop_operator_3.py
[2023-02-10T01:54:35.678+0000] {logging_mixin.py:137} INFO - [2023-02-10T01:54:35.678+0000] {dag.py:2690} INFO - Sync 1 DAGs
[2023-02-10T01:54:35.788+0000] {logging_mixin.py:137} INFO - [2023-02-10T01:54:35.788+0000] {dag.py:3441} INFO - Setting next_dagrun for example_branch_dop_operator_v3 to 2023-02-10T01:53:00+00:00, run_after=2023-02-10T01:54:00+00:00
[2023-02-10T01:54:35.841+0000] {processor.py:175} INFO - Processing /home/airflow/.local/lib/python3.7/site-packages/airflow/example_dags/example_branch_python_dop_operator_3.py took 0.321 seconds
[2023-02-10T01:55:06.510+0000] {processor.py:153} INFO - Started process (PID=635) to work on /home/airflow/.local/lib/python3.7/site-packages/airflow/example_dags/example_branch_python_dop_operator_3.py
[2023-02-10T01:55:06.521+0000] {processor.py:743} INFO - Processing file /home/airflow/.local/lib/python3.7/site-packages/airflow/example_dags/example_branch_python_dop_operator_3.py for tasks to queue
[2023-02-10T01:55:06.527+0000] {logging_mixin.py:137} INFO - [2023-02-10T01:55:06.527+0000] {dagbag.py:538} INFO - Filling up the DagBag from /home/airflow/.local/lib/python3.7/site-packages/airflow/example_dags/example_branch_python_dop_operator_3.py
[2023-02-10T01:55:06.577+0000] {processor.py:753} INFO - DAG(s) dict_keys(['example_branch_dop_operator_v3']) retrieved from /home/airflow/.local/lib/python3.7/site-packages/airflow/example_dags/example_branch_python_dop_operator_3.py
[2023-02-10T01:55:06.629+0000] {logging_mixin.py:137} INFO - [2023-02-10T01:55:06.629+0000] {dag.py:2690} INFO - Sync 1 DAGs
[2023-02-10T01:55:06.686+0000] {logging_mixin.py:137} INFO - [2023-02-10T01:55:06.685+0000] {dag.py:3441} INFO - Setting next_dagrun for example_branch_dop_operator_v3 to 2023-02-10T01:54:00+00:00, run_after=2023-02-10T01:55:00+00:00
[2023-02-10T01:55:06.728+0000] {processor.py:175} INFO - Processing /home/airflow/.local/lib/python3.7/site-packages/airflow/example_dags/example_branch_python_dop_operator_3.py took 0.231 seconds
[2023-02-10T01:55:37.047+0000] {processor.py:153} INFO - Started process (PID=693) to work on /home/airflow/.local/lib/python3.7/site-packages/airflow/example_dags/example_branch_python_dop_operator_3.py
[2023-02-10T01:55:37.051+0000] {processor.py:743} INFO - Processing file /home/airflow/.local/lib/python3.7/site-packages/airflow/example_dags/example_branch_python_dop_operator_3.py for tasks to queue
[2023-02-10T01:55:37.056+0000] {logging_mixin.py:137} INFO - [2023-02-10T01:55:37.055+0000] {dagbag.py:538} INFO - Filling up the DagBag from /home/airflow/.local/lib/python3.7/site-packages/airflow/example_dags/example_branch_python_dop_operator_3.py
[2023-02-10T01:55:37.118+0000] {processor.py:753} INFO - DAG(s) dict_keys(['example_branch_dop_operator_v3']) retrieved from /home/airflow/.local/lib/python3.7/site-packages/airflow/example_dags/example_branch_python_dop_operator_3.py
[2023-02-10T01:55:37.174+0000] {logging_mixin.py:137} INFO - [2023-02-10T01:55:37.173+0000] {dag.py:2690} INFO - Sync 1 DAGs
[2023-02-10T01:55:37.253+0000] {logging_mixin.py:137} INFO - [2023-02-10T01:55:37.253+0000] {dag.py:3441} INFO - Setting next_dagrun for example_branch_dop_operator_v3 to 2023-02-10T01:54:00+00:00, run_after=2023-02-10T01:55:00+00:00
[2023-02-10T01:55:37.301+0000] {processor.py:175} INFO - Processing /home/airflow/.local/lib/python3.7/site-packages/airflow/example_dags/example_branch_python_dop_operator_3.py took 0.261 seconds
[2023-02-10T01:56:08.247+0000] {processor.py:153} INFO - Started process (PID=742) to work on /home/airflow/.local/lib/python3.7/site-packages/airflow/example_dags/example_branch_python_dop_operator_3.py
[2023-02-10T01:56:08.252+0000] {processor.py:743} INFO - Processing file /home/airflow/.local/lib/python3.7/site-packages/airflow/example_dags/example_branch_python_dop_operator_3.py for tasks to queue
[2023-02-10T01:56:08.270+0000] {logging_mixin.py:137} INFO - [2023-02-10T01:56:08.267+0000] {dagbag.py:538} INFO - Filling up the DagBag from /home/airflow/.local/lib/python3.7/site-packages/airflow/example_dags/example_branch_python_dop_operator_3.py
[2023-02-10T01:56:08.333+0000] {processor.py:753} INFO - DAG(s) dict_keys(['example_branch_dop_operator_v3']) retrieved from /home/airflow/.local/lib/python3.7/site-packages/airflow/example_dags/example_branch_python_dop_operator_3.py
[2023-02-10T01:56:08.407+0000] {logging_mixin.py:137} INFO - [2023-02-10T01:56:08.407+0000] {dag.py:2690} INFO - Sync 1 DAGs
[2023-02-10T01:56:08.484+0000] {logging_mixin.py:137} INFO - [2023-02-10T01:56:08.484+0000] {dag.py:3441} INFO - Setting next_dagrun for example_branch_dop_operator_v3 to 2023-02-10T01:55:00+00:00, run_after=2023-02-10T01:56:00+00:00
[2023-02-10T01:56:08.589+0000] {processor.py:175} INFO - Processing /home/airflow/.local/lib/python3.7/site-packages/airflow/example_dags/example_branch_python_dop_operator_3.py took 0.352 seconds
[2023-02-10T01:56:38.870+0000] {processor.py:153} INFO - Started process (PID=801) to work on /home/airflow/.local/lib/python3.7/site-packages/airflow/example_dags/example_branch_python_dop_operator_3.py
[2023-02-10T01:56:38.874+0000] {processor.py:743} INFO - Processing file /home/airflow/.local/lib/python3.7/site-packages/airflow/example_dags/example_branch_python_dop_operator_3.py for tasks to queue
[2023-02-10T01:56:38.878+0000] {logging_mixin.py:137} INFO - [2023-02-10T01:56:38.878+0000] {dagbag.py:538} INFO - Filling up the DagBag from /home/airflow/.local/lib/python3.7/site-packages/airflow/example_dags/example_branch_python_dop_operator_3.py
[2023-02-10T01:56:38.928+0000] {processor.py:753} INFO - DAG(s) dict_keys(['example_branch_dop_operator_v3']) retrieved from /home/airflow/.local/lib/python3.7/site-packages/airflow/example_dags/example_branch_python_dop_operator_3.py
[2023-02-10T01:56:39.009+0000] {logging_mixin.py:137} INFO - [2023-02-10T01:56:39.009+0000] {dag.py:2690} INFO - Sync 1 DAGs
[2023-02-10T01:56:39.219+0000] {logging_mixin.py:137} INFO - [2023-02-10T01:56:39.219+0000] {dag.py:3441} INFO - Setting next_dagrun for example_branch_dop_operator_v3 to 2023-02-10T01:55:00+00:00, run_after=2023-02-10T01:56:00+00:00
[2023-02-10T01:56:39.294+0000] {processor.py:175} INFO - Processing /home/airflow/.local/lib/python3.7/site-packages/airflow/example_dags/example_branch_python_dop_operator_3.py took 0.432 seconds
[2023-02-10T01:57:12.753+0000] {processor.py:153} INFO - Started process (PID=859) to work on /home/airflow/.local/lib/python3.7/site-packages/airflow/example_dags/example_branch_python_dop_operator_3.py
[2023-02-10T01:57:12.786+0000] {processor.py:743} INFO - Processing file /home/airflow/.local/lib/python3.7/site-packages/airflow/example_dags/example_branch_python_dop_operator_3.py for tasks to queue
[2023-02-10T01:57:12.790+0000] {logging_mixin.py:137} INFO - [2023-02-10T01:57:12.790+0000] {dagbag.py:538} INFO - Filling up the DagBag from /home/airflow/.local/lib/python3.7/site-packages/airflow/example_dags/example_branch_python_dop_operator_3.py
[2023-02-10T01:57:14.088+0000] {processor.py:753} INFO - DAG(s) dict_keys(['example_branch_dop_operator_v3']) retrieved from /home/airflow/.local/lib/python3.7/site-packages/airflow/example_dags/example_branch_python_dop_operator_3.py
[2023-02-10T01:57:14.855+0000] {logging_mixin.py:137} INFO - [2023-02-10T01:57:14.854+0000] {dag.py:2690} INFO - Sync 1 DAGs
[2023-02-10T01:57:15.514+0000] {logging_mixin.py:137} INFO - [2023-02-10T01:57:15.514+0000] {dag.py:3441} INFO - Setting next_dagrun for example_branch_dop_operator_v3 to 2023-02-10T01:56:00+00:00, run_after=2023-02-10T01:57:00+00:00
[2023-02-10T01:57:16.060+0000] {processor.py:175} INFO - Processing /home/airflow/.local/lib/python3.7/site-packages/airflow/example_dags/example_branch_python_dop_operator_3.py took 3.387 seconds
[2023-02-10T01:58:01.052+0000] {processor.py:153} INFO - Started process (PID=917) to work on /home/airflow/.local/lib/python3.7/site-packages/airflow/example_dags/example_branch_python_dop_operator_3.py
[2023-02-10T01:58:01.060+0000] {processor.py:743} INFO - Processing file /home/airflow/.local/lib/python3.7/site-packages/airflow/example_dags/example_branch_python_dop_operator_3.py for tasks to queue
[2023-02-10T01:58:01.065+0000] {logging_mixin.py:137} INFO - [2023-02-10T01:58:01.065+0000] {dagbag.py:538} INFO - Filling up the DagBag from /home/airflow/.local/lib/python3.7/site-packages/airflow/example_dags/example_branch_python_dop_operator_3.py
[2023-02-10T01:58:01.183+0000] {processor.py:753} INFO - DAG(s) dict_keys(['example_branch_dop_operator_v3']) retrieved from /home/airflow/.local/lib/python3.7/site-packages/airflow/example_dags/example_branch_python_dop_operator_3.py
[2023-02-10T01:58:01.299+0000] {logging_mixin.py:137} INFO - [2023-02-10T01:58:01.299+0000] {dag.py:2690} INFO - Sync 1 DAGs
[2023-02-10T01:58:01.432+0000] {logging_mixin.py:137} INFO - [2023-02-10T01:58:01.431+0000] {dag.py:3441} INFO - Setting next_dagrun for example_branch_dop_operator_v3 to 2023-02-10T01:57:00+00:00, run_after=2023-02-10T01:58:00+00:00
[2023-02-10T01:58:01.571+0000] {processor.py:175} INFO - Processing /home/airflow/.local/lib/python3.7/site-packages/airflow/example_dags/example_branch_python_dop_operator_3.py took 0.546 seconds
[2023-02-10T01:58:38.349+0000] {processor.py:153} INFO - Started process (PID=975) to work on /home/airflow/.local/lib/python3.7/site-packages/airflow/example_dags/example_branch_python_dop_operator_3.py
[2023-02-10T01:58:38.358+0000] {processor.py:743} INFO - Processing file /home/airflow/.local/lib/python3.7/site-packages/airflow/example_dags/example_branch_python_dop_operator_3.py for tasks to queue
[2023-02-10T01:58:38.363+0000] {logging_mixin.py:137} INFO - [2023-02-10T01:58:38.363+0000] {dagbag.py:538} INFO - Filling up the DagBag from /home/airflow/.local/lib/python3.7/site-packages/airflow/example_dags/example_branch_python_dop_operator_3.py
[2023-02-10T01:58:38.624+0000] {processor.py:753} INFO - DAG(s) dict_keys(['example_branch_dop_operator_v3']) retrieved from /home/airflow/.local/lib/python3.7/site-packages/airflow/example_dags/example_branch_python_dop_operator_3.py
[2023-02-10T01:58:38.872+0000] {logging_mixin.py:137} INFO - [2023-02-10T01:58:38.872+0000] {dag.py:2690} INFO - Sync 1 DAGs
[2023-02-10T01:58:39.067+0000] {logging_mixin.py:137} INFO - [2023-02-10T01:58:39.066+0000] {dag.py:3441} INFO - Setting next_dagrun for example_branch_dop_operator_v3 to 2023-02-10T01:57:00+00:00, run_after=2023-02-10T01:58:00+00:00
[2023-02-10T01:58:39.233+0000] {processor.py:175} INFO - Processing /home/airflow/.local/lib/python3.7/site-packages/airflow/example_dags/example_branch_python_dop_operator_3.py took 0.904 seconds
[2023-02-10T01:59:10.278+0000] {processor.py:153} INFO - Started process (PID=1032) to work on /home/airflow/.local/lib/python3.7/site-packages/airflow/example_dags/example_branch_python_dop_operator_3.py
[2023-02-10T01:59:10.285+0000] {processor.py:743} INFO - Processing file /home/airflow/.local/lib/python3.7/site-packages/airflow/example_dags/example_branch_python_dop_operator_3.py for tasks to queue
[2023-02-10T01:59:10.312+0000] {logging_mixin.py:137} INFO - [2023-02-10T01:59:10.312+0000] {dagbag.py:538} INFO - Filling up the DagBag from /home/airflow/.local/lib/python3.7/site-packages/airflow/example_dags/example_branch_python_dop_operator_3.py
[2023-02-10T01:59:10.513+0000] {processor.py:753} INFO - DAG(s) dict_keys(['example_branch_dop_operator_v3']) retrieved from /home/airflow/.local/lib/python3.7/site-packages/airflow/example_dags/example_branch_python_dop_operator_3.py
[2023-02-10T01:59:10.694+0000] {logging_mixin.py:137} INFO - [2023-02-10T01:59:10.694+0000] {dag.py:2690} INFO - Sync 1 DAGs
[2023-02-10T01:59:10.852+0000] {logging_mixin.py:137} INFO - [2023-02-10T01:59:10.852+0000] {dag.py:3441} INFO - Setting next_dagrun for example_branch_dop_operator_v3 to 2023-02-10T01:58:00+00:00, run_after=2023-02-10T01:59:00+00:00
[2023-02-10T01:59:11.005+0000] {processor.py:175} INFO - Processing /home/airflow/.local/lib/python3.7/site-packages/airflow/example_dags/example_branch_python_dop_operator_3.py took 0.872 seconds
[2023-02-10T01:59:49.061+0000] {processor.py:153} INFO - Started process (PID=1081) to work on /home/airflow/.local/lib/python3.7/site-packages/airflow/example_dags/example_branch_python_dop_operator_3.py
[2023-02-10T01:59:49.112+0000] {processor.py:743} INFO - Processing file /home/airflow/.local/lib/python3.7/site-packages/airflow/example_dags/example_branch_python_dop_operator_3.py for tasks to queue
[2023-02-10T01:59:49.161+0000] {logging_mixin.py:137} INFO - [2023-02-10T01:59:49.160+0000] {dagbag.py:538} INFO - Filling up the DagBag from /home/airflow/.local/lib/python3.7/site-packages/airflow/example_dags/example_branch_python_dop_operator_3.py
[2023-02-10T01:59:49.826+0000] {processor.py:753} INFO - DAG(s) dict_keys(['example_branch_dop_operator_v3']) retrieved from /home/airflow/.local/lib/python3.7/site-packages/airflow/example_dags/example_branch_python_dop_operator_3.py
[2023-02-10T01:59:50.513+0000] {logging_mixin.py:137} INFO - [2023-02-10T01:59:50.503+0000] {dag.py:2690} INFO - Sync 1 DAGs
[2023-02-10T01:59:51.601+0000] {logging_mixin.py:137} INFO - [2023-02-10T01:59:51.601+0000] {dag.py:3441} INFO - Setting next_dagrun for example_branch_dop_operator_v3 to 2023-02-10T01:58:00+00:00, run_after=2023-02-10T01:59:00+00:00
[2023-02-10T01:59:52.207+0000] {processor.py:175} INFO - Processing /home/airflow/.local/lib/python3.7/site-packages/airflow/example_dags/example_branch_python_dop_operator_3.py took 3.294 seconds
[2023-02-10T02:00:26.772+0000] {processor.py:153} INFO - Started process (PID=1138) to work on /home/airflow/.local/lib/python3.7/site-packages/airflow/example_dags/example_branch_python_dop_operator_3.py
[2023-02-10T02:00:26.793+0000] {processor.py:743} INFO - Processing file /home/airflow/.local/lib/python3.7/site-packages/airflow/example_dags/example_branch_python_dop_operator_3.py for tasks to queue
[2023-02-10T02:00:26.796+0000] {logging_mixin.py:137} INFO - [2023-02-10T02:00:26.796+0000] {dagbag.py:538} INFO - Filling up the DagBag from /home/airflow/.local/lib/python3.7/site-packages/airflow/example_dags/example_branch_python_dop_operator_3.py
[2023-02-10T02:00:27.127+0000] {processor.py:753} INFO - DAG(s) dict_keys(['example_branch_dop_operator_v3']) retrieved from /home/airflow/.local/lib/python3.7/site-packages/airflow/example_dags/example_branch_python_dop_operator_3.py
[2023-02-10T02:00:27.581+0000] {logging_mixin.py:137} INFO - [2023-02-10T02:00:27.580+0000] {dag.py:2690} INFO - Sync 1 DAGs
[2023-02-10T02:00:28.136+0000] {logging_mixin.py:137} INFO - [2023-02-10T02:00:28.135+0000] {dag.py:3441} INFO - Setting next_dagrun for example_branch_dop_operator_v3 to 2023-02-10T01:59:00+00:00, run_after=2023-02-10T02:00:00+00:00
[2023-02-10T02:00:28.449+0000] {processor.py:175} INFO - Processing /home/airflow/.local/lib/python3.7/site-packages/airflow/example_dags/example_branch_python_dop_operator_3.py took 1.730 seconds
[2023-02-10T02:01:03.134+0000] {processor.py:153} INFO - Started process (PID=1188) to work on /home/airflow/.local/lib/python3.7/site-packages/airflow/example_dags/example_branch_python_dop_operator_3.py
[2023-02-10T02:01:03.174+0000] {processor.py:743} INFO - Processing file /home/airflow/.local/lib/python3.7/site-packages/airflow/example_dags/example_branch_python_dop_operator_3.py for tasks to queue
[2023-02-10T02:01:03.219+0000] {logging_mixin.py:137} INFO - [2023-02-10T02:01:03.198+0000] {dagbag.py:538} INFO - Filling up the DagBag from /home/airflow/.local/lib/python3.7/site-packages/airflow/example_dags/example_branch_python_dop_operator_3.py
[2023-02-10T02:01:03.610+0000] {processor.py:753} INFO - DAG(s) dict_keys(['example_branch_dop_operator_v3']) retrieved from /home/airflow/.local/lib/python3.7/site-packages/airflow/example_dags/example_branch_python_dop_operator_3.py
[2023-02-10T02:01:03.852+0000] {logging_mixin.py:137} INFO - [2023-02-10T02:01:03.851+0000] {dag.py:2690} INFO - Sync 1 DAGs
[2023-02-10T02:01:04.234+0000] {logging_mixin.py:137} INFO - [2023-02-10T02:01:04.233+0000] {dag.py:3441} INFO - Setting next_dagrun for example_branch_dop_operator_v3 to 2023-02-10T02:00:00+00:00, run_after=2023-02-10T02:01:00+00:00
[2023-02-10T02:01:04.526+0000] {processor.py:175} INFO - Processing /home/airflow/.local/lib/python3.7/site-packages/airflow/example_dags/example_branch_python_dop_operator_3.py took 1.451 seconds
[2023-02-10T02:01:43.193+0000] {processor.py:153} INFO - Started process (PID=1244) to work on /home/airflow/.local/lib/python3.7/site-packages/airflow/example_dags/example_branch_python_dop_operator_3.py
[2023-02-10T02:01:43.201+0000] {processor.py:743} INFO - Processing file /home/airflow/.local/lib/python3.7/site-packages/airflow/example_dags/example_branch_python_dop_operator_3.py for tasks to queue
[2023-02-10T02:01:43.241+0000] {logging_mixin.py:137} INFO - [2023-02-10T02:01:43.240+0000] {dagbag.py:538} INFO - Filling up the DagBag from /home/airflow/.local/lib/python3.7/site-packages/airflow/example_dags/example_branch_python_dop_operator_3.py
[2023-02-10T02:01:43.582+0000] {processor.py:753} INFO - DAG(s) dict_keys(['example_branch_dop_operator_v3']) retrieved from /home/airflow/.local/lib/python3.7/site-packages/airflow/example_dags/example_branch_python_dop_operator_3.py
[2023-02-10T02:01:44.034+0000] {logging_mixin.py:137} INFO - [2023-02-10T02:01:44.033+0000] {dag.py:2690} INFO - Sync 1 DAGs
[2023-02-10T02:01:44.261+0000] {logging_mixin.py:137} INFO - [2023-02-10T02:01:44.260+0000] {dag.py:3441} INFO - Setting next_dagrun for example_branch_dop_operator_v3 to 2023-02-10T02:00:00+00:00, run_after=2023-02-10T02:01:00+00:00
[2023-02-10T02:01:44.613+0000] {processor.py:175} INFO - Processing /home/airflow/.local/lib/python3.7/site-packages/airflow/example_dags/example_branch_python_dop_operator_3.py took 1.457 seconds
[2023-02-10T02:02:15.287+0000] {processor.py:153} INFO - Started process (PID=1303) to work on /home/airflow/.local/lib/python3.7/site-packages/airflow/example_dags/example_branch_python_dop_operator_3.py
[2023-02-10T02:02:15.292+0000] {processor.py:743} INFO - Processing file /home/airflow/.local/lib/python3.7/site-packages/airflow/example_dags/example_branch_python_dop_operator_3.py for tasks to queue
[2023-02-10T02:02:15.298+0000] {logging_mixin.py:137} INFO - [2023-02-10T02:02:15.297+0000] {dagbag.py:538} INFO - Filling up the DagBag from /home/airflow/.local/lib/python3.7/site-packages/airflow/example_dags/example_branch_python_dop_operator_3.py
[2023-02-10T02:02:15.369+0000] {processor.py:753} INFO - DAG(s) dict_keys(['example_branch_dop_operator_v3']) retrieved from /home/airflow/.local/lib/python3.7/site-packages/airflow/example_dags/example_branch_python_dop_operator_3.py
[2023-02-10T02:02:15.466+0000] {logging_mixin.py:137} INFO - [2023-02-10T02:02:15.466+0000] {dag.py:2690} INFO - Sync 1 DAGs
[2023-02-10T02:02:15.675+0000] {logging_mixin.py:137} INFO - [2023-02-10T02:02:15.675+0000] {dag.py:3441} INFO - Setting next_dagrun for example_branch_dop_operator_v3 to 2023-02-10T02:01:00+00:00, run_after=2023-02-10T02:02:00+00:00
[2023-02-10T02:02:15.758+0000] {processor.py:175} INFO - Processing /home/airflow/.local/lib/python3.7/site-packages/airflow/example_dags/example_branch_python_dop_operator_3.py took 0.497 seconds
[2023-02-10T02:02:46.707+0000] {processor.py:153} INFO - Started process (PID=1361) to work on /home/airflow/.local/lib/python3.7/site-packages/airflow/example_dags/example_branch_python_dop_operator_3.py
[2023-02-10T02:02:46.710+0000] {processor.py:743} INFO - Processing file /home/airflow/.local/lib/python3.7/site-packages/airflow/example_dags/example_branch_python_dop_operator_3.py for tasks to queue
[2023-02-10T02:02:46.715+0000] {logging_mixin.py:137} INFO - [2023-02-10T02:02:46.714+0000] {dagbag.py:538} INFO - Filling up the DagBag from /home/airflow/.local/lib/python3.7/site-packages/airflow/example_dags/example_branch_python_dop_operator_3.py
[2023-02-10T02:02:46.763+0000] {processor.py:753} INFO - DAG(s) dict_keys(['example_branch_dop_operator_v3']) retrieved from /home/airflow/.local/lib/python3.7/site-packages/airflow/example_dags/example_branch_python_dop_operator_3.py
[2023-02-10T02:02:46.826+0000] {logging_mixin.py:137} INFO - [2023-02-10T02:02:46.826+0000] {dag.py:2690} INFO - Sync 1 DAGs
[2023-02-10T02:02:46.886+0000] {logging_mixin.py:137} INFO - [2023-02-10T02:02:46.886+0000] {dag.py:3441} INFO - Setting next_dagrun for example_branch_dop_operator_v3 to 2023-02-10T02:01:00+00:00, run_after=2023-02-10T02:02:00+00:00
[2023-02-10T02:02:46.930+0000] {processor.py:175} INFO - Processing /home/airflow/.local/lib/python3.7/site-packages/airflow/example_dags/example_branch_python_dop_operator_3.py took 0.232 seconds
[2023-02-10T02:03:17.046+0000] {processor.py:153} INFO - Started process (PID=1421) to work on /home/airflow/.local/lib/python3.7/site-packages/airflow/example_dags/example_branch_python_dop_operator_3.py
[2023-02-10T02:03:17.049+0000] {processor.py:743} INFO - Processing file /home/airflow/.local/lib/python3.7/site-packages/airflow/example_dags/example_branch_python_dop_operator_3.py for tasks to queue
[2023-02-10T02:03:17.053+0000] {logging_mixin.py:137} INFO - [2023-02-10T02:03:17.053+0000] {dagbag.py:538} INFO - Filling up the DagBag from /home/airflow/.local/lib/python3.7/site-packages/airflow/example_dags/example_branch_python_dop_operator_3.py
[2023-02-10T02:03:17.099+0000] {processor.py:753} INFO - DAG(s) dict_keys(['example_branch_dop_operator_v3']) retrieved from /home/airflow/.local/lib/python3.7/site-packages/airflow/example_dags/example_branch_python_dop_operator_3.py
[2023-02-10T02:03:17.152+0000] {logging_mixin.py:137} INFO - [2023-02-10T02:03:17.152+0000] {dag.py:2690} INFO - Sync 1 DAGs
[2023-02-10T02:03:17.238+0000] {logging_mixin.py:137} INFO - [2023-02-10T02:03:17.237+0000] {dag.py:3441} INFO - Setting next_dagrun for example_branch_dop_operator_v3 to 2023-02-10T02:02:00+00:00, run_after=2023-02-10T02:03:00+00:00
[2023-02-10T02:03:17.294+0000] {processor.py:175} INFO - Processing /home/airflow/.local/lib/python3.7/site-packages/airflow/example_dags/example_branch_python_dop_operator_3.py took 0.257 seconds
[2023-02-10T02:03:47.829+0000] {processor.py:153} INFO - Started process (PID=1480) to work on /home/airflow/.local/lib/python3.7/site-packages/airflow/example_dags/example_branch_python_dop_operator_3.py
[2023-02-10T02:03:47.833+0000] {processor.py:743} INFO - Processing file /home/airflow/.local/lib/python3.7/site-packages/airflow/example_dags/example_branch_python_dop_operator_3.py for tasks to queue
[2023-02-10T02:03:47.838+0000] {logging_mixin.py:137} INFO - [2023-02-10T02:03:47.837+0000] {dagbag.py:538} INFO - Filling up the DagBag from /home/airflow/.local/lib/python3.7/site-packages/airflow/example_dags/example_branch_python_dop_operator_3.py
[2023-02-10T02:03:47.891+0000] {processor.py:753} INFO - DAG(s) dict_keys(['example_branch_dop_operator_v3']) retrieved from /home/airflow/.local/lib/python3.7/site-packages/airflow/example_dags/example_branch_python_dop_operator_3.py
[2023-02-10T02:03:47.956+0000] {logging_mixin.py:137} INFO - [2023-02-10T02:03:47.955+0000] {dag.py:2690} INFO - Sync 1 DAGs
[2023-02-10T02:03:48.072+0000] {logging_mixin.py:137} INFO - [2023-02-10T02:03:48.071+0000] {dag.py:3441} INFO - Setting next_dagrun for example_branch_dop_operator_v3 to 2023-02-10T02:02:00+00:00, run_after=2023-02-10T02:03:00+00:00
[2023-02-10T02:03:48.118+0000] {processor.py:175} INFO - Processing /home/airflow/.local/lib/python3.7/site-packages/airflow/example_dags/example_branch_python_dop_operator_3.py took 0.299 seconds
[2023-02-10T02:04:18.529+0000] {processor.py:153} INFO - Started process (PID=1538) to work on /home/airflow/.local/lib/python3.7/site-packages/airflow/example_dags/example_branch_python_dop_operator_3.py
[2023-02-10T02:04:18.534+0000] {processor.py:743} INFO - Processing file /home/airflow/.local/lib/python3.7/site-packages/airflow/example_dags/example_branch_python_dop_operator_3.py for tasks to queue
[2023-02-10T02:04:18.545+0000] {logging_mixin.py:137} INFO - [2023-02-10T02:04:18.542+0000] {dagbag.py:538} INFO - Filling up the DagBag from /home/airflow/.local/lib/python3.7/site-packages/airflow/example_dags/example_branch_python_dop_operator_3.py
[2023-02-10T02:04:18.607+0000] {processor.py:753} INFO - DAG(s) dict_keys(['example_branch_dop_operator_v3']) retrieved from /home/airflow/.local/lib/python3.7/site-packages/airflow/example_dags/example_branch_python_dop_operator_3.py
[2023-02-10T02:04:18.669+0000] {logging_mixin.py:137} INFO - [2023-02-10T02:04:18.669+0000] {dag.py:2690} INFO - Sync 1 DAGs
[2023-02-10T02:04:18.768+0000] {logging_mixin.py:137} INFO - [2023-02-10T02:04:18.767+0000] {dag.py:3441} INFO - Setting next_dagrun for example_branch_dop_operator_v3 to 2023-02-10T02:03:00+00:00, run_after=2023-02-10T02:04:00+00:00
[2023-02-10T02:04:18.837+0000] {processor.py:175} INFO - Processing /home/airflow/.local/lib/python3.7/site-packages/airflow/example_dags/example_branch_python_dop_operator_3.py took 0.327 seconds
[2023-02-10T02:04:49.400+0000] {processor.py:153} INFO - Started process (PID=1595) to work on /home/airflow/.local/lib/python3.7/site-packages/airflow/example_dags/example_branch_python_dop_operator_3.py
[2023-02-10T02:04:49.404+0000] {processor.py:743} INFO - Processing file /home/airflow/.local/lib/python3.7/site-packages/airflow/example_dags/example_branch_python_dop_operator_3.py for tasks to queue
[2023-02-10T02:04:49.412+0000] {logging_mixin.py:137} INFO - [2023-02-10T02:04:49.411+0000] {dagbag.py:538} INFO - Filling up the DagBag from /home/airflow/.local/lib/python3.7/site-packages/airflow/example_dags/example_branch_python_dop_operator_3.py
[2023-02-10T02:04:49.468+0000] {processor.py:753} INFO - DAG(s) dict_keys(['example_branch_dop_operator_v3']) retrieved from /home/airflow/.local/lib/python3.7/site-packages/airflow/example_dags/example_branch_python_dop_operator_3.py
[2023-02-10T02:04:49.539+0000] {logging_mixin.py:137} INFO - [2023-02-10T02:04:49.539+0000] {dag.py:2690} INFO - Sync 1 DAGs
[2023-02-10T02:04:49.611+0000] {logging_mixin.py:137} INFO - [2023-02-10T02:04:49.611+0000] {dag.py:3441} INFO - Setting next_dagrun for example_branch_dop_operator_v3 to 2023-02-10T02:03:00+00:00, run_after=2023-02-10T02:04:00+00:00
[2023-02-10T02:04:49.655+0000] {processor.py:175} INFO - Processing /home/airflow/.local/lib/python3.7/site-packages/airflow/example_dags/example_branch_python_dop_operator_3.py took 0.268 seconds
[2023-02-10T02:05:19.777+0000] {processor.py:153} INFO - Started process (PID=1645) to work on /home/airflow/.local/lib/python3.7/site-packages/airflow/example_dags/example_branch_python_dop_operator_3.py
[2023-02-10T02:05:19.781+0000] {processor.py:743} INFO - Processing file /home/airflow/.local/lib/python3.7/site-packages/airflow/example_dags/example_branch_python_dop_operator_3.py for tasks to queue
[2023-02-10T02:05:19.785+0000] {logging_mixin.py:137} INFO - [2023-02-10T02:05:19.785+0000] {dagbag.py:538} INFO - Filling up the DagBag from /home/airflow/.local/lib/python3.7/site-packages/airflow/example_dags/example_branch_python_dop_operator_3.py
[2023-02-10T02:05:19.832+0000] {processor.py:753} INFO - DAG(s) dict_keys(['example_branch_dop_operator_v3']) retrieved from /home/airflow/.local/lib/python3.7/site-packages/airflow/example_dags/example_branch_python_dop_operator_3.py
[2023-02-10T02:05:19.926+0000] {logging_mixin.py:137} INFO - [2023-02-10T02:05:19.926+0000] {dag.py:2690} INFO - Sync 1 DAGs
[2023-02-10T02:05:20.032+0000] {logging_mixin.py:137} INFO - [2023-02-10T02:05:20.032+0000] {dag.py:3441} INFO - Setting next_dagrun for example_branch_dop_operator_v3 to 2023-02-10T02:04:00+00:00, run_after=2023-02-10T02:05:00+00:00
[2023-02-10T02:05:20.102+0000] {processor.py:175} INFO - Processing /home/airflow/.local/lib/python3.7/site-packages/airflow/example_dags/example_branch_python_dop_operator_3.py took 0.332 seconds
[2023-02-10T02:05:50.336+0000] {processor.py:153} INFO - Started process (PID=1703) to work on /home/airflow/.local/lib/python3.7/site-packages/airflow/example_dags/example_branch_python_dop_operator_3.py
[2023-02-10T02:05:50.341+0000] {processor.py:743} INFO - Processing file /home/airflow/.local/lib/python3.7/site-packages/airflow/example_dags/example_branch_python_dop_operator_3.py for tasks to queue
[2023-02-10T02:05:50.348+0000] {logging_mixin.py:137} INFO - [2023-02-10T02:05:50.348+0000] {dagbag.py:538} INFO - Filling up the DagBag from /home/airflow/.local/lib/python3.7/site-packages/airflow/example_dags/example_branch_python_dop_operator_3.py
[2023-02-10T02:05:50.429+0000] {processor.py:753} INFO - DAG(s) dict_keys(['example_branch_dop_operator_v3']) retrieved from /home/airflow/.local/lib/python3.7/site-packages/airflow/example_dags/example_branch_python_dop_operator_3.py
[2023-02-10T02:05:50.503+0000] {logging_mixin.py:137} INFO - [2023-02-10T02:05:50.503+0000] {dag.py:2690} INFO - Sync 1 DAGs
[2023-02-10T02:05:50.577+0000] {logging_mixin.py:137} INFO - [2023-02-10T02:05:50.577+0000] {dag.py:3441} INFO - Setting next_dagrun for example_branch_dop_operator_v3 to 2023-02-10T02:04:00+00:00, run_after=2023-02-10T02:05:00+00:00
[2023-02-10T02:05:50.628+0000] {processor.py:175} INFO - Processing /home/airflow/.local/lib/python3.7/site-packages/airflow/example_dags/example_branch_python_dop_operator_3.py took 0.300 seconds
[2023-02-10T02:06:21.251+0000] {processor.py:153} INFO - Started process (PID=1760) to work on /home/airflow/.local/lib/python3.7/site-packages/airflow/example_dags/example_branch_python_dop_operator_3.py
[2023-02-10T02:06:21.270+0000] {processor.py:743} INFO - Processing file /home/airflow/.local/lib/python3.7/site-packages/airflow/example_dags/example_branch_python_dop_operator_3.py for tasks to queue
[2023-02-10T02:06:21.274+0000] {logging_mixin.py:137} INFO - [2023-02-10T02:06:21.274+0000] {dagbag.py:538} INFO - Filling up the DagBag from /home/airflow/.local/lib/python3.7/site-packages/airflow/example_dags/example_branch_python_dop_operator_3.py
[2023-02-10T02:06:21.502+0000] {processor.py:753} INFO - DAG(s) dict_keys(['example_branch_dop_operator_v3']) retrieved from /home/airflow/.local/lib/python3.7/site-packages/airflow/example_dags/example_branch_python_dop_operator_3.py
[2023-02-10T02:06:21.809+0000] {logging_mixin.py:137} INFO - [2023-02-10T02:06:21.809+0000] {dag.py:2690} INFO - Sync 1 DAGs
[2023-02-10T02:06:22.062+0000] {logging_mixin.py:137} INFO - [2023-02-10T02:06:22.061+0000] {dag.py:3441} INFO - Setting next_dagrun for example_branch_dop_operator_v3 to 2023-02-10T02:05:00+00:00, run_after=2023-02-10T02:06:00+00:00
[2023-02-10T02:06:22.111+0000] {processor.py:175} INFO - Processing /home/airflow/.local/lib/python3.7/site-packages/airflow/example_dags/example_branch_python_dop_operator_3.py took 0.876 seconds
[2023-02-10T02:06:52.283+0000] {processor.py:153} INFO - Started process (PID=1819) to work on /home/airflow/.local/lib/python3.7/site-packages/airflow/example_dags/example_branch_python_dop_operator_3.py
[2023-02-10T02:06:52.291+0000] {processor.py:743} INFO - Processing file /home/airflow/.local/lib/python3.7/site-packages/airflow/example_dags/example_branch_python_dop_operator_3.py for tasks to queue
[2023-02-10T02:06:52.296+0000] {logging_mixin.py:137} INFO - [2023-02-10T02:06:52.296+0000] {dagbag.py:538} INFO - Filling up the DagBag from /home/airflow/.local/lib/python3.7/site-packages/airflow/example_dags/example_branch_python_dop_operator_3.py
[2023-02-10T02:06:52.446+0000] {processor.py:753} INFO - DAG(s) dict_keys(['example_branch_dop_operator_v3']) retrieved from /home/airflow/.local/lib/python3.7/site-packages/airflow/example_dags/example_branch_python_dop_operator_3.py
[2023-02-10T02:06:52.631+0000] {logging_mixin.py:137} INFO - [2023-02-10T02:06:52.630+0000] {dag.py:2690} INFO - Sync 1 DAGs
[2023-02-10T02:06:52.870+0000] {logging_mixin.py:137} INFO - [2023-02-10T02:06:52.869+0000] {dag.py:3441} INFO - Setting next_dagrun for example_branch_dop_operator_v3 to 2023-02-10T02:05:00+00:00, run_after=2023-02-10T02:06:00+00:00
[2023-02-10T02:06:52.945+0000] {processor.py:175} INFO - Processing /home/airflow/.local/lib/python3.7/site-packages/airflow/example_dags/example_branch_python_dop_operator_3.py took 0.669 seconds
[2023-02-10T02:07:23.430+0000] {processor.py:153} INFO - Started process (PID=1877) to work on /home/airflow/.local/lib/python3.7/site-packages/airflow/example_dags/example_branch_python_dop_operator_3.py
[2023-02-10T02:07:23.442+0000] {processor.py:743} INFO - Processing file /home/airflow/.local/lib/python3.7/site-packages/airflow/example_dags/example_branch_python_dop_operator_3.py for tasks to queue
[2023-02-10T02:07:23.448+0000] {logging_mixin.py:137} INFO - [2023-02-10T02:07:23.447+0000] {dagbag.py:538} INFO - Filling up the DagBag from /home/airflow/.local/lib/python3.7/site-packages/airflow/example_dags/example_branch_python_dop_operator_3.py
[2023-02-10T02:07:23.528+0000] {processor.py:753} INFO - DAG(s) dict_keys(['example_branch_dop_operator_v3']) retrieved from /home/airflow/.local/lib/python3.7/site-packages/airflow/example_dags/example_branch_python_dop_operator_3.py
[2023-02-10T02:07:23.593+0000] {logging_mixin.py:137} INFO - [2023-02-10T02:07:23.593+0000] {dag.py:2690} INFO - Sync 1 DAGs
[2023-02-10T02:07:23.677+0000] {logging_mixin.py:137} INFO - [2023-02-10T02:07:23.676+0000] {dag.py:3441} INFO - Setting next_dagrun for example_branch_dop_operator_v3 to 2023-02-10T02:06:00+00:00, run_after=2023-02-10T02:07:00+00:00
[2023-02-10T02:07:23.744+0000] {processor.py:175} INFO - Processing /home/airflow/.local/lib/python3.7/site-packages/airflow/example_dags/example_branch_python_dop_operator_3.py took 0.328 seconds
[2023-02-10T02:07:57.276+0000] {processor.py:153} INFO - Started process (PID=1935) to work on /home/airflow/.local/lib/python3.7/site-packages/airflow/example_dags/example_branch_python_dop_operator_3.py
[2023-02-10T02:07:57.301+0000] {processor.py:743} INFO - Processing file /home/airflow/.local/lib/python3.7/site-packages/airflow/example_dags/example_branch_python_dop_operator_3.py for tasks to queue
[2023-02-10T02:07:57.310+0000] {logging_mixin.py:137} INFO - [2023-02-10T02:07:57.309+0000] {dagbag.py:538} INFO - Filling up the DagBag from /home/airflow/.local/lib/python3.7/site-packages/airflow/example_dags/example_branch_python_dop_operator_3.py
[2023-02-10T02:07:57.449+0000] {processor.py:753} INFO - DAG(s) dict_keys(['example_branch_dop_operator_v3']) retrieved from /home/airflow/.local/lib/python3.7/site-packages/airflow/example_dags/example_branch_python_dop_operator_3.py
[2023-02-10T02:07:57.595+0000] {logging_mixin.py:137} INFO - [2023-02-10T02:07:57.595+0000] {dag.py:2690} INFO - Sync 1 DAGs
[2023-02-10T02:07:57.745+0000] {logging_mixin.py:137} INFO - [2023-02-10T02:07:57.745+0000] {dag.py:3441} INFO - Setting next_dagrun for example_branch_dop_operator_v3 to 2023-02-10T02:06:00+00:00, run_after=2023-02-10T02:07:00+00:00
[2023-02-10T02:07:57.815+0000] {processor.py:175} INFO - Processing /home/airflow/.local/lib/python3.7/site-packages/airflow/example_dags/example_branch_python_dop_operator_3.py took 0.548 seconds
[2023-02-10T02:08:30.941+0000] {processor.py:153} INFO - Started process (PID=1995) to work on /home/airflow/.local/lib/python3.7/site-packages/airflow/example_dags/example_branch_python_dop_operator_3.py
[2023-02-10T02:08:30.956+0000] {processor.py:743} INFO - Processing file /home/airflow/.local/lib/python3.7/site-packages/airflow/example_dags/example_branch_python_dop_operator_3.py for tasks to queue
[2023-02-10T02:08:30.969+0000] {logging_mixin.py:137} INFO - [2023-02-10T02:08:30.969+0000] {dagbag.py:538} INFO - Filling up the DagBag from /home/airflow/.local/lib/python3.7/site-packages/airflow/example_dags/example_branch_python_dop_operator_3.py
[2023-02-10T02:08:31.224+0000] {processor.py:753} INFO - DAG(s) dict_keys(['example_branch_dop_operator_v3']) retrieved from /home/airflow/.local/lib/python3.7/site-packages/airflow/example_dags/example_branch_python_dop_operator_3.py
[2023-02-10T02:08:31.423+0000] {logging_mixin.py:137} INFO - [2023-02-10T02:08:31.423+0000] {dag.py:2690} INFO - Sync 1 DAGs
[2023-02-10T02:08:31.609+0000] {logging_mixin.py:137} INFO - [2023-02-10T02:08:31.608+0000] {dag.py:3441} INFO - Setting next_dagrun for example_branch_dop_operator_v3 to 2023-02-10T02:07:00+00:00, run_after=2023-02-10T02:08:00+00:00
[2023-02-10T02:08:31.749+0000] {processor.py:175} INFO - Processing /home/airflow/.local/lib/python3.7/site-packages/airflow/example_dags/example_branch_python_dop_operator_3.py took 0.860 seconds
[2023-02-10T02:09:04.165+0000] {processor.py:153} INFO - Started process (PID=2045) to work on /home/airflow/.local/lib/python3.7/site-packages/airflow/example_dags/example_branch_python_dop_operator_3.py
[2023-02-10T02:09:04.195+0000] {processor.py:743} INFO - Processing file /home/airflow/.local/lib/python3.7/site-packages/airflow/example_dags/example_branch_python_dop_operator_3.py for tasks to queue
[2023-02-10T02:09:04.199+0000] {logging_mixin.py:137} INFO - [2023-02-10T02:09:04.198+0000] {dagbag.py:538} INFO - Filling up the DagBag from /home/airflow/.local/lib/python3.7/site-packages/airflow/example_dags/example_branch_python_dop_operator_3.py
[2023-02-10T02:09:04.785+0000] {processor.py:753} INFO - DAG(s) dict_keys(['example_branch_dop_operator_v3']) retrieved from /home/airflow/.local/lib/python3.7/site-packages/airflow/example_dags/example_branch_python_dop_operator_3.py
[2023-02-10T02:09:05.073+0000] {logging_mixin.py:137} INFO - [2023-02-10T02:09:05.072+0000] {dag.py:2690} INFO - Sync 1 DAGs
[2023-02-10T02:09:05.444+0000] {logging_mixin.py:137} INFO - [2023-02-10T02:09:05.444+0000] {dag.py:3441} INFO - Setting next_dagrun for example_branch_dop_operator_v3 to 2023-02-10T02:08:00+00:00, run_after=2023-02-10T02:09:00+00:00
[2023-02-10T02:09:05.638+0000] {processor.py:175} INFO - Processing /home/airflow/.local/lib/python3.7/site-packages/airflow/example_dags/example_branch_python_dop_operator_3.py took 1.499 seconds
[2023-02-10T02:09:36.273+0000] {processor.py:153} INFO - Started process (PID=2103) to work on /home/airflow/.local/lib/python3.7/site-packages/airflow/example_dags/example_branch_python_dop_operator_3.py
[2023-02-10T02:09:36.284+0000] {processor.py:743} INFO - Processing file /home/airflow/.local/lib/python3.7/site-packages/airflow/example_dags/example_branch_python_dop_operator_3.py for tasks to queue
[2023-02-10T02:09:36.289+0000] {logging_mixin.py:137} INFO - [2023-02-10T02:09:36.288+0000] {dagbag.py:538} INFO - Filling up the DagBag from /home/airflow/.local/lib/python3.7/site-packages/airflow/example_dags/example_branch_python_dop_operator_3.py
[2023-02-10T02:09:36.732+0000] {processor.py:753} INFO - DAG(s) dict_keys(['example_branch_dop_operator_v3']) retrieved from /home/airflow/.local/lib/python3.7/site-packages/airflow/example_dags/example_branch_python_dop_operator_3.py
[2023-02-10T02:09:36.968+0000] {logging_mixin.py:137} INFO - [2023-02-10T02:09:36.967+0000] {dag.py:2690} INFO - Sync 1 DAGs
[2023-02-10T02:09:37.248+0000] {logging_mixin.py:137} INFO - [2023-02-10T02:09:37.248+0000] {dag.py:3441} INFO - Setting next_dagrun for example_branch_dop_operator_v3 to 2023-02-10T02:08:00+00:00, run_after=2023-02-10T02:09:00+00:00
[2023-02-10T02:09:37.390+0000] {processor.py:175} INFO - Processing /home/airflow/.local/lib/python3.7/site-packages/airflow/example_dags/example_branch_python_dop_operator_3.py took 1.151 seconds
[2023-02-10T02:10:12.164+0000] {processor.py:153} INFO - Started process (PID=2159) to work on /home/airflow/.local/lib/python3.7/site-packages/airflow/example_dags/example_branch_python_dop_operator_3.py
[2023-02-10T02:10:12.296+0000] {processor.py:743} INFO - Processing file /home/airflow/.local/lib/python3.7/site-packages/airflow/example_dags/example_branch_python_dop_operator_3.py for tasks to queue
[2023-02-10T02:10:12.323+0000] {logging_mixin.py:137} INFO - [2023-02-10T02:10:12.323+0000] {dagbag.py:538} INFO - Filling up the DagBag from /home/airflow/.local/lib/python3.7/site-packages/airflow/example_dags/example_branch_python_dop_operator_3.py
[2023-02-10T02:10:12.778+0000] {processor.py:753} INFO - DAG(s) dict_keys(['example_branch_dop_operator_v3']) retrieved from /home/airflow/.local/lib/python3.7/site-packages/airflow/example_dags/example_branch_python_dop_operator_3.py
[2023-02-10T02:10:15.891+0000] {logging_mixin.py:137} INFO - [2023-02-10T02:10:15.891+0000] {dag.py:2690} INFO - Sync 1 DAGs
[2023-02-10T02:10:18.643+0000] {logging_mixin.py:137} INFO - [2023-02-10T02:10:18.643+0000] {dag.py:3441} INFO - Setting next_dagrun for example_branch_dop_operator_v3 to 2023-02-10T02:09:00+00:00, run_after=2023-02-10T02:10:00+00:00
[2023-02-10T02:10:19.484+0000] {processor.py:175} INFO - Processing /home/airflow/.local/lib/python3.7/site-packages/airflow/example_dags/example_branch_python_dop_operator_3.py took 7.386 seconds
[2023-02-10T02:10:50.423+0000] {processor.py:153} INFO - Started process (PID=2219) to work on /home/airflow/.local/lib/python3.7/site-packages/airflow/example_dags/example_branch_python_dop_operator_3.py
[2023-02-10T02:10:50.429+0000] {processor.py:743} INFO - Processing file /home/airflow/.local/lib/python3.7/site-packages/airflow/example_dags/example_branch_python_dop_operator_3.py for tasks to queue
[2023-02-10T02:10:50.435+0000] {logging_mixin.py:137} INFO - [2023-02-10T02:10:50.434+0000] {dagbag.py:538} INFO - Filling up the DagBag from /home/airflow/.local/lib/python3.7/site-packages/airflow/example_dags/example_branch_python_dop_operator_3.py
[2023-02-10T02:10:50.540+0000] {processor.py:753} INFO - DAG(s) dict_keys(['example_branch_dop_operator_v3']) retrieved from /home/airflow/.local/lib/python3.7/site-packages/airflow/example_dags/example_branch_python_dop_operator_3.py
[2023-02-10T02:10:50.679+0000] {logging_mixin.py:137} INFO - [2023-02-10T02:10:50.679+0000] {dag.py:2690} INFO - Sync 1 DAGs
[2023-02-10T02:10:50.848+0000] {logging_mixin.py:137} INFO - [2023-02-10T02:10:50.847+0000] {dag.py:3441} INFO - Setting next_dagrun for example_branch_dop_operator_v3 to 2023-02-10T02:09:00+00:00, run_after=2023-02-10T02:10:00+00:00
[2023-02-10T02:10:50.921+0000] {processor.py:175} INFO - Processing /home/airflow/.local/lib/python3.7/site-packages/airflow/example_dags/example_branch_python_dop_operator_3.py took 0.513 seconds
[2023-02-10T02:11:21.233+0000] {processor.py:153} INFO - Started process (PID=2269) to work on /home/airflow/.local/lib/python3.7/site-packages/airflow/example_dags/example_branch_python_dop_operator_3.py
[2023-02-10T02:11:21.238+0000] {processor.py:743} INFO - Processing file /home/airflow/.local/lib/python3.7/site-packages/airflow/example_dags/example_branch_python_dop_operator_3.py for tasks to queue
[2023-02-10T02:11:21.246+0000] {logging_mixin.py:137} INFO - [2023-02-10T02:11:21.246+0000] {dagbag.py:538} INFO - Filling up the DagBag from /home/airflow/.local/lib/python3.7/site-packages/airflow/example_dags/example_branch_python_dop_operator_3.py
[2023-02-10T02:11:21.308+0000] {processor.py:753} INFO - DAG(s) dict_keys(['example_branch_dop_operator_v3']) retrieved from /home/airflow/.local/lib/python3.7/site-packages/airflow/example_dags/example_branch_python_dop_operator_3.py
[2023-02-10T02:11:21.367+0000] {logging_mixin.py:137} INFO - [2023-02-10T02:11:21.367+0000] {dag.py:2690} INFO - Sync 1 DAGs
[2023-02-10T02:11:21.438+0000] {logging_mixin.py:137} INFO - [2023-02-10T02:11:21.437+0000] {dag.py:3441} INFO - Setting next_dagrun for example_branch_dop_operator_v3 to 2023-02-10T02:10:00+00:00, run_after=2023-02-10T02:11:00+00:00
[2023-02-10T02:11:21.487+0000] {processor.py:175} INFO - Processing /home/airflow/.local/lib/python3.7/site-packages/airflow/example_dags/example_branch_python_dop_operator_3.py took 0.264 seconds
[2023-02-10T02:11:51.943+0000] {processor.py:153} INFO - Started process (PID=2328) to work on /home/airflow/.local/lib/python3.7/site-packages/airflow/example_dags/example_branch_python_dop_operator_3.py
[2023-02-10T02:11:51.955+0000] {processor.py:743} INFO - Processing file /home/airflow/.local/lib/python3.7/site-packages/airflow/example_dags/example_branch_python_dop_operator_3.py for tasks to queue
[2023-02-10T02:11:51.962+0000] {logging_mixin.py:137} INFO - [2023-02-10T02:11:51.962+0000] {dagbag.py:538} INFO - Filling up the DagBag from /home/airflow/.local/lib/python3.7/site-packages/airflow/example_dags/example_branch_python_dop_operator_3.py
[2023-02-10T02:11:52.077+0000] {processor.py:753} INFO - DAG(s) dict_keys(['example_branch_dop_operator_v3']) retrieved from /home/airflow/.local/lib/python3.7/site-packages/airflow/example_dags/example_branch_python_dop_operator_3.py
[2023-02-10T02:11:52.223+0000] {logging_mixin.py:137} INFO - [2023-02-10T02:11:52.222+0000] {dag.py:2690} INFO - Sync 1 DAGs
[2023-02-10T02:11:52.396+0000] {logging_mixin.py:137} INFO - [2023-02-10T02:11:52.396+0000] {dag.py:3441} INFO - Setting next_dagrun for example_branch_dop_operator_v3 to 2023-02-10T02:10:00+00:00, run_after=2023-02-10T02:11:00+00:00
[2023-02-10T02:11:52.458+0000] {processor.py:175} INFO - Processing /home/airflow/.local/lib/python3.7/site-packages/airflow/example_dags/example_branch_python_dop_operator_3.py took 0.540 seconds
[2023-02-10T02:12:22.928+0000] {processor.py:153} INFO - Started process (PID=2386) to work on /home/airflow/.local/lib/python3.7/site-packages/airflow/example_dags/example_branch_python_dop_operator_3.py
[2023-02-10T02:12:22.949+0000] {processor.py:743} INFO - Processing file /home/airflow/.local/lib/python3.7/site-packages/airflow/example_dags/example_branch_python_dop_operator_3.py for tasks to queue
[2023-02-10T02:12:22.971+0000] {logging_mixin.py:137} INFO - [2023-02-10T02:12:22.962+0000] {dagbag.py:538} INFO - Filling up the DagBag from /home/airflow/.local/lib/python3.7/site-packages/airflow/example_dags/example_branch_python_dop_operator_3.py
[2023-02-10T02:12:23.178+0000] {processor.py:753} INFO - DAG(s) dict_keys(['example_branch_dop_operator_v3']) retrieved from /home/airflow/.local/lib/python3.7/site-packages/airflow/example_dags/example_branch_python_dop_operator_3.py
[2023-02-10T02:12:23.335+0000] {logging_mixin.py:137} INFO - [2023-02-10T02:12:23.334+0000] {dag.py:2690} INFO - Sync 1 DAGs
[2023-02-10T02:12:23.517+0000] {logging_mixin.py:137} INFO - [2023-02-10T02:12:23.516+0000] {dag.py:3441} INFO - Setting next_dagrun for example_branch_dop_operator_v3 to 2023-02-10T02:11:00+00:00, run_after=2023-02-10T02:12:00+00:00
[2023-02-10T02:12:23.582+0000] {processor.py:175} INFO - Processing /home/airflow/.local/lib/python3.7/site-packages/airflow/example_dags/example_branch_python_dop_operator_3.py took 0.729 seconds
[2023-02-10T02:12:54.277+0000] {processor.py:153} INFO - Started process (PID=2446) to work on /home/airflow/.local/lib/python3.7/site-packages/airflow/example_dags/example_branch_python_dop_operator_3.py
[2023-02-10T02:12:54.292+0000] {processor.py:743} INFO - Processing file /home/airflow/.local/lib/python3.7/site-packages/airflow/example_dags/example_branch_python_dop_operator_3.py for tasks to queue
[2023-02-10T02:12:54.309+0000] {logging_mixin.py:137} INFO - [2023-02-10T02:12:54.307+0000] {dagbag.py:538} INFO - Filling up the DagBag from /home/airflow/.local/lib/python3.7/site-packages/airflow/example_dags/example_branch_python_dop_operator_3.py
[2023-02-10T02:12:54.571+0000] {processor.py:753} INFO - DAG(s) dict_keys(['example_branch_dop_operator_v3']) retrieved from /home/airflow/.local/lib/python3.7/site-packages/airflow/example_dags/example_branch_python_dop_operator_3.py
[2023-02-10T02:12:54.820+0000] {logging_mixin.py:137} INFO - [2023-02-10T02:12:54.819+0000] {dag.py:2690} INFO - Sync 1 DAGs
[2023-02-10T02:12:55.032+0000] {logging_mixin.py:137} INFO - [2023-02-10T02:12:55.032+0000] {dag.py:3441} INFO - Setting next_dagrun for example_branch_dop_operator_v3 to 2023-02-10T02:11:00+00:00, run_after=2023-02-10T02:12:00+00:00
[2023-02-10T02:12:55.222+0000] {processor.py:175} INFO - Processing /home/airflow/.local/lib/python3.7/site-packages/airflow/example_dags/example_branch_python_dop_operator_3.py took 1.012 seconds
[2023-02-10T02:13:27.218+0000] {processor.py:153} INFO - Started process (PID=2504) to work on /home/airflow/.local/lib/python3.7/site-packages/airflow/example_dags/example_branch_python_dop_operator_3.py
[2023-02-10T02:13:27.222+0000] {processor.py:743} INFO - Processing file /home/airflow/.local/lib/python3.7/site-packages/airflow/example_dags/example_branch_python_dop_operator_3.py for tasks to queue
[2023-02-10T02:13:27.226+0000] {logging_mixin.py:137} INFO - [2023-02-10T02:13:27.226+0000] {dagbag.py:538} INFO - Filling up the DagBag from /home/airflow/.local/lib/python3.7/site-packages/airflow/example_dags/example_branch_python_dop_operator_3.py
[2023-02-10T02:13:27.504+0000] {processor.py:753} INFO - DAG(s) dict_keys(['example_branch_dop_operator_v3']) retrieved from /home/airflow/.local/lib/python3.7/site-packages/airflow/example_dags/example_branch_python_dop_operator_3.py
[2023-02-10T02:13:27.668+0000] {logging_mixin.py:137} INFO - [2023-02-10T02:13:27.668+0000] {dag.py:2690} INFO - Sync 1 DAGs
[2023-02-10T02:13:27.740+0000] {logging_mixin.py:137} INFO - [2023-02-10T02:13:27.740+0000] {dag.py:3441} INFO - Setting next_dagrun for example_branch_dop_operator_v3 to 2023-02-10T02:12:00+00:00, run_after=2023-02-10T02:13:00+00:00
[2023-02-10T02:13:27.783+0000] {processor.py:175} INFO - Processing /home/airflow/.local/lib/python3.7/site-packages/airflow/example_dags/example_branch_python_dop_operator_3.py took 0.588 seconds
[2023-02-10T02:14:01.043+0000] {processor.py:153} INFO - Started process (PID=2543) to work on /home/airflow/.local/lib/python3.7/site-packages/airflow/example_dags/example_branch_python_dop_operator_3.py
[2023-02-10T02:14:01.055+0000] {processor.py:743} INFO - Processing file /home/airflow/.local/lib/python3.7/site-packages/airflow/example_dags/example_branch_python_dop_operator_3.py for tasks to queue
[2023-02-10T02:14:01.070+0000] {logging_mixin.py:137} INFO - [2023-02-10T02:14:01.070+0000] {dagbag.py:538} INFO - Filling up the DagBag from /home/airflow/.local/lib/python3.7/site-packages/airflow/example_dags/example_branch_python_dop_operator_3.py
[2023-02-10T02:14:01.166+0000] {processor.py:753} INFO - DAG(s) dict_keys(['example_branch_dop_operator_v3']) retrieved from /home/airflow/.local/lib/python3.7/site-packages/airflow/example_dags/example_branch_python_dop_operator_3.py
[2023-02-10T02:14:01.244+0000] {logging_mixin.py:137} INFO - [2023-02-10T02:14:01.244+0000] {dag.py:2690} INFO - Sync 1 DAGs
[2023-02-10T02:14:01.341+0000] {logging_mixin.py:137} INFO - [2023-02-10T02:14:01.341+0000] {dag.py:3441} INFO - Setting next_dagrun for example_branch_dop_operator_v3 to 2023-02-10T02:13:00+00:00, run_after=2023-02-10T02:14:00+00:00
[2023-02-10T02:14:01.456+0000] {processor.py:175} INFO - Processing /home/airflow/.local/lib/python3.7/site-packages/airflow/example_dags/example_branch_python_dop_operator_3.py took 0.426 seconds
[2023-02-10T02:14:34.216+0000] {processor.py:153} INFO - Started process (PID=2601) to work on /home/airflow/.local/lib/python3.7/site-packages/airflow/example_dags/example_branch_python_dop_operator_3.py
[2023-02-10T02:14:34.236+0000] {processor.py:743} INFO - Processing file /home/airflow/.local/lib/python3.7/site-packages/airflow/example_dags/example_branch_python_dop_operator_3.py for tasks to queue
[2023-02-10T02:14:34.260+0000] {logging_mixin.py:137} INFO - [2023-02-10T02:14:34.259+0000] {dagbag.py:538} INFO - Filling up the DagBag from /home/airflow/.local/lib/python3.7/site-packages/airflow/example_dags/example_branch_python_dop_operator_3.py
[2023-02-10T02:14:34.634+0000] {processor.py:753} INFO - DAG(s) dict_keys(['example_branch_dop_operator_v3']) retrieved from /home/airflow/.local/lib/python3.7/site-packages/airflow/example_dags/example_branch_python_dop_operator_3.py
[2023-02-10T02:14:35.354+0000] {logging_mixin.py:137} INFO - [2023-02-10T02:14:35.343+0000] {dag.py:2690} INFO - Sync 1 DAGs
[2023-02-10T02:14:35.821+0000] {logging_mixin.py:137} INFO - [2023-02-10T02:14:35.820+0000] {dag.py:3441} INFO - Setting next_dagrun for example_branch_dop_operator_v3 to 2023-02-10T02:13:00+00:00, run_after=2023-02-10T02:14:00+00:00
[2023-02-10T02:14:36.350+0000] {processor.py:175} INFO - Processing /home/airflow/.local/lib/python3.7/site-packages/airflow/example_dags/example_branch_python_dop_operator_3.py took 2.175 seconds
[2023-02-10T02:15:06.567+0000] {processor.py:153} INFO - Started process (PID=2651) to work on /home/airflow/.local/lib/python3.7/site-packages/airflow/example_dags/example_branch_python_dop_operator_3.py
[2023-02-10T02:15:06.573+0000] {processor.py:743} INFO - Processing file /home/airflow/.local/lib/python3.7/site-packages/airflow/example_dags/example_branch_python_dop_operator_3.py for tasks to queue
[2023-02-10T02:15:06.584+0000] {logging_mixin.py:137} INFO - [2023-02-10T02:15:06.581+0000] {dagbag.py:538} INFO - Filling up the DagBag from /home/airflow/.local/lib/python3.7/site-packages/airflow/example_dags/example_branch_python_dop_operator_3.py
[2023-02-10T02:15:06.655+0000] {processor.py:753} INFO - DAG(s) dict_keys(['example_branch_dop_operator_v3']) retrieved from /home/airflow/.local/lib/python3.7/site-packages/airflow/example_dags/example_branch_python_dop_operator_3.py
[2023-02-10T02:15:06.713+0000] {logging_mixin.py:137} INFO - [2023-02-10T02:15:06.713+0000] {dag.py:2690} INFO - Sync 1 DAGs
[2023-02-10T02:15:06.812+0000] {logging_mixin.py:137} INFO - [2023-02-10T02:15:06.811+0000] {dag.py:3441} INFO - Setting next_dagrun for example_branch_dop_operator_v3 to 2023-02-10T02:14:00+00:00, run_after=2023-02-10T02:15:00+00:00
[2023-02-10T02:15:06.888+0000] {processor.py:175} INFO - Processing /home/airflow/.local/lib/python3.7/site-packages/airflow/example_dags/example_branch_python_dop_operator_3.py took 0.344 seconds
[2023-02-10T02:15:37.846+0000] {processor.py:153} INFO - Started process (PID=2710) to work on /home/airflow/.local/lib/python3.7/site-packages/airflow/example_dags/example_branch_python_dop_operator_3.py
[2023-02-10T02:15:37.855+0000] {processor.py:743} INFO - Processing file /home/airflow/.local/lib/python3.7/site-packages/airflow/example_dags/example_branch_python_dop_operator_3.py for tasks to queue
[2023-02-10T02:15:37.866+0000] {logging_mixin.py:137} INFO - [2023-02-10T02:15:37.864+0000] {dagbag.py:538} INFO - Filling up the DagBag from /home/airflow/.local/lib/python3.7/site-packages/airflow/example_dags/example_branch_python_dop_operator_3.py
[2023-02-10T02:15:38.084+0000] {processor.py:753} INFO - DAG(s) dict_keys(['example_branch_dop_operator_v3']) retrieved from /home/airflow/.local/lib/python3.7/site-packages/airflow/example_dags/example_branch_python_dop_operator_3.py
[2023-02-10T02:15:38.295+0000] {logging_mixin.py:137} INFO - [2023-02-10T02:15:38.294+0000] {dag.py:2690} INFO - Sync 1 DAGs
[2023-02-10T02:15:38.534+0000] {logging_mixin.py:137} INFO - [2023-02-10T02:15:38.533+0000] {dag.py:3441} INFO - Setting next_dagrun for example_branch_dop_operator_v3 to 2023-02-10T02:14:00+00:00, run_after=2023-02-10T02:15:00+00:00
[2023-02-10T02:15:38.580+0000] {processor.py:175} INFO - Processing /home/airflow/.local/lib/python3.7/site-packages/airflow/example_dags/example_branch_python_dop_operator_3.py took 0.778 seconds
[2023-02-10T02:16:09.057+0000] {processor.py:153} INFO - Started process (PID=2769) to work on /home/airflow/.local/lib/python3.7/site-packages/airflow/example_dags/example_branch_python_dop_operator_3.py
[2023-02-10T02:16:09.081+0000] {processor.py:743} INFO - Processing file /home/airflow/.local/lib/python3.7/site-packages/airflow/example_dags/example_branch_python_dop_operator_3.py for tasks to queue
[2023-02-10T02:16:09.091+0000] {logging_mixin.py:137} INFO - [2023-02-10T02:16:09.089+0000] {dagbag.py:538} INFO - Filling up the DagBag from /home/airflow/.local/lib/python3.7/site-packages/airflow/example_dags/example_branch_python_dop_operator_3.py
[2023-02-10T02:16:09.539+0000] {processor.py:753} INFO - DAG(s) dict_keys(['example_branch_dop_operator_v3']) retrieved from /home/airflow/.local/lib/python3.7/site-packages/airflow/example_dags/example_branch_python_dop_operator_3.py
[2023-02-10T02:16:09.767+0000] {logging_mixin.py:137} INFO - [2023-02-10T02:16:09.767+0000] {dag.py:2690} INFO - Sync 1 DAGs
[2023-02-10T02:16:10.042+0000] {logging_mixin.py:137} INFO - [2023-02-10T02:16:10.042+0000] {dag.py:3441} INFO - Setting next_dagrun for example_branch_dop_operator_v3 to 2023-02-10T02:15:00+00:00, run_after=2023-02-10T02:16:00+00:00
[2023-02-10T02:16:10.292+0000] {processor.py:175} INFO - Processing /home/airflow/.local/lib/python3.7/site-packages/airflow/example_dags/example_branch_python_dop_operator_3.py took 1.276 seconds
[2023-02-10T02:16:40.831+0000] {processor.py:153} INFO - Started process (PID=2818) to work on /home/airflow/.local/lib/python3.7/site-packages/airflow/example_dags/example_branch_python_dop_operator_3.py
[2023-02-10T02:16:40.849+0000] {processor.py:743} INFO - Processing file /home/airflow/.local/lib/python3.7/site-packages/airflow/example_dags/example_branch_python_dop_operator_3.py for tasks to queue
[2023-02-10T02:16:40.857+0000] {logging_mixin.py:137} INFO - [2023-02-10T02:16:40.856+0000] {dagbag.py:538} INFO - Filling up the DagBag from /home/airflow/.local/lib/python3.7/site-packages/airflow/example_dags/example_branch_python_dop_operator_3.py
[2023-02-10T02:16:41.179+0000] {processor.py:753} INFO - DAG(s) dict_keys(['example_branch_dop_operator_v3']) retrieved from /home/airflow/.local/lib/python3.7/site-packages/airflow/example_dags/example_branch_python_dop_operator_3.py
[2023-02-10T02:16:41.315+0000] {logging_mixin.py:137} INFO - [2023-02-10T02:16:41.315+0000] {dag.py:2690} INFO - Sync 1 DAGs
[2023-02-10T02:16:41.648+0000] {logging_mixin.py:137} INFO - [2023-02-10T02:16:41.647+0000] {dag.py:3441} INFO - Setting next_dagrun for example_branch_dop_operator_v3 to 2023-02-10T02:15:00+00:00, run_after=2023-02-10T02:16:00+00:00
[2023-02-10T02:16:41.763+0000] {processor.py:175} INFO - Processing /home/airflow/.local/lib/python3.7/site-packages/airflow/example_dags/example_branch_python_dop_operator_3.py took 0.968 seconds
[2023-02-10T02:17:11.891+0000] {processor.py:153} INFO - Started process (PID=2877) to work on /home/airflow/.local/lib/python3.7/site-packages/airflow/example_dags/example_branch_python_dop_operator_3.py
[2023-02-10T02:17:11.894+0000] {processor.py:743} INFO - Processing file /home/airflow/.local/lib/python3.7/site-packages/airflow/example_dags/example_branch_python_dop_operator_3.py for tasks to queue
[2023-02-10T02:17:11.899+0000] {logging_mixin.py:137} INFO - [2023-02-10T02:17:11.898+0000] {dagbag.py:538} INFO - Filling up the DagBag from /home/airflow/.local/lib/python3.7/site-packages/airflow/example_dags/example_branch_python_dop_operator_3.py
[2023-02-10T02:17:11.959+0000] {processor.py:753} INFO - DAG(s) dict_keys(['example_branch_dop_operator_v3']) retrieved from /home/airflow/.local/lib/python3.7/site-packages/airflow/example_dags/example_branch_python_dop_operator_3.py
[2023-02-10T02:17:12.102+0000] {logging_mixin.py:137} INFO - [2023-02-10T02:17:12.102+0000] {dag.py:2690} INFO - Sync 1 DAGs
[2023-02-10T02:17:12.196+0000] {logging_mixin.py:137} INFO - [2023-02-10T02:17:12.195+0000] {dag.py:3441} INFO - Setting next_dagrun for example_branch_dop_operator_v3 to 2023-02-10T02:16:00+00:00, run_after=2023-02-10T02:17:00+00:00
[2023-02-10T02:17:12.285+0000] {processor.py:175} INFO - Processing /home/airflow/.local/lib/python3.7/site-packages/airflow/example_dags/example_branch_python_dop_operator_3.py took 0.402 seconds
[2023-02-10T02:17:49.767+0000] {processor.py:153} INFO - Started process (PID=2924) to work on /home/airflow/.local/lib/python3.7/site-packages/airflow/example_dags/example_branch_python_dop_operator_3.py
[2023-02-10T02:17:49.832+0000] {processor.py:743} INFO - Processing file /home/airflow/.local/lib/python3.7/site-packages/airflow/example_dags/example_branch_python_dop_operator_3.py for tasks to queue
[2023-02-10T02:17:49.853+0000] {logging_mixin.py:137} INFO - [2023-02-10T02:17:49.840+0000] {dagbag.py:538} INFO - Filling up the DagBag from /home/airflow/.local/lib/python3.7/site-packages/airflow/example_dags/example_branch_python_dop_operator_3.py
[2023-02-10T02:17:50.446+0000] {processor.py:753} INFO - DAG(s) dict_keys(['example_branch_dop_operator_v3']) retrieved from /home/airflow/.local/lib/python3.7/site-packages/airflow/example_dags/example_branch_python_dop_operator_3.py
[2023-02-10T02:17:50.774+0000] {logging_mixin.py:137} INFO - [2023-02-10T02:17:50.773+0000] {dag.py:2690} INFO - Sync 1 DAGs
[2023-02-10T02:17:51.125+0000] {logging_mixin.py:137} INFO - [2023-02-10T02:17:51.125+0000] {dag.py:3441} INFO - Setting next_dagrun for example_branch_dop_operator_v3 to 2023-02-10T02:16:00+00:00, run_after=2023-02-10T02:17:00+00:00
[2023-02-10T02:17:51.316+0000] {processor.py:175} INFO - Processing /home/airflow/.local/lib/python3.7/site-packages/airflow/example_dags/example_branch_python_dop_operator_3.py took 1.586 seconds
[2023-02-10T02:18:21.490+0000] {processor.py:153} INFO - Started process (PID=2983) to work on /home/airflow/.local/lib/python3.7/site-packages/airflow/example_dags/example_branch_python_dop_operator_3.py
[2023-02-10T02:18:21.504+0000] {processor.py:743} INFO - Processing file /home/airflow/.local/lib/python3.7/site-packages/airflow/example_dags/example_branch_python_dop_operator_3.py for tasks to queue
[2023-02-10T02:18:21.514+0000] {logging_mixin.py:137} INFO - [2023-02-10T02:18:21.513+0000] {dagbag.py:538} INFO - Filling up the DagBag from /home/airflow/.local/lib/python3.7/site-packages/airflow/example_dags/example_branch_python_dop_operator_3.py
[2023-02-10T02:18:21.583+0000] {processor.py:753} INFO - DAG(s) dict_keys(['example_branch_dop_operator_v3']) retrieved from /home/airflow/.local/lib/python3.7/site-packages/airflow/example_dags/example_branch_python_dop_operator_3.py
[2023-02-10T02:18:21.652+0000] {logging_mixin.py:137} INFO - [2023-02-10T02:18:21.652+0000] {dag.py:2690} INFO - Sync 1 DAGs
[2023-02-10T02:18:21.739+0000] {logging_mixin.py:137} INFO - [2023-02-10T02:18:21.739+0000] {dag.py:3441} INFO - Setting next_dagrun for example_branch_dop_operator_v3 to 2023-02-10T02:17:00+00:00, run_after=2023-02-10T02:18:00+00:00
[2023-02-10T02:18:21.812+0000] {processor.py:175} INFO - Processing /home/airflow/.local/lib/python3.7/site-packages/airflow/example_dags/example_branch_python_dop_operator_3.py took 0.331 seconds
[2023-02-10T02:19:25.440+0000] {processor.py:153} INFO - Started process (PID=59) to work on /home/airflow/.local/lib/python3.7/site-packages/airflow/example_dags/example_branch_python_dop_operator_3.py
[2023-02-10T02:19:25.449+0000] {processor.py:743} INFO - Processing file /home/airflow/.local/lib/python3.7/site-packages/airflow/example_dags/example_branch_python_dop_operator_3.py for tasks to queue
[2023-02-10T02:19:25.458+0000] {logging_mixin.py:137} INFO - [2023-02-10T02:19:25.456+0000] {dagbag.py:538} INFO - Filling up the DagBag from /home/airflow/.local/lib/python3.7/site-packages/airflow/example_dags/example_branch_python_dop_operator_3.py
[2023-02-10T02:19:25.807+0000] {processor.py:753} INFO - DAG(s) dict_keys(['example_branch_dop_operator_v3']) retrieved from /home/airflow/.local/lib/python3.7/site-packages/airflow/example_dags/example_branch_python_dop_operator_3.py
[2023-02-10T02:19:26.029+0000] {logging_mixin.py:137} INFO - [2023-02-10T02:19:26.029+0000] {dag.py:2690} INFO - Sync 1 DAGs
[2023-02-10T02:19:26.223+0000] {logging_mixin.py:137} INFO - [2023-02-10T02:19:26.222+0000] {dag.py:3441} INFO - Setting next_dagrun for example_branch_dop_operator_v3 to 2023-02-10T02:18:00+00:00, run_after=2023-02-10T02:19:00+00:00
[2023-02-10T02:19:26.748+0000] {processor.py:175} INFO - Processing /home/airflow/.local/lib/python3.7/site-packages/airflow/example_dags/example_branch_python_dop_operator_3.py took 1.379 seconds
[2023-02-10T02:19:57.527+0000] {processor.py:153} INFO - Started process (PID=111) to work on /home/airflow/.local/lib/python3.7/site-packages/airflow/example_dags/example_branch_python_dop_operator_3.py
[2023-02-10T02:19:57.540+0000] {processor.py:743} INFO - Processing file /home/airflow/.local/lib/python3.7/site-packages/airflow/example_dags/example_branch_python_dop_operator_3.py for tasks to queue
[2023-02-10T02:19:57.557+0000] {logging_mixin.py:137} INFO - [2023-02-10T02:19:57.557+0000] {dagbag.py:538} INFO - Filling up the DagBag from /home/airflow/.local/lib/python3.7/site-packages/airflow/example_dags/example_branch_python_dop_operator_3.py
[2023-02-10T02:19:57.751+0000] {processor.py:753} INFO - DAG(s) dict_keys(['example_branch_dop_operator_v3']) retrieved from /home/airflow/.local/lib/python3.7/site-packages/airflow/example_dags/example_branch_python_dop_operator_3.py
[2023-02-10T02:19:57.849+0000] {logging_mixin.py:137} INFO - [2023-02-10T02:19:57.848+0000] {dag.py:2690} INFO - Sync 1 DAGs
[2023-02-10T02:19:57.976+0000] {logging_mixin.py:137} INFO - [2023-02-10T02:19:57.975+0000] {dag.py:3441} INFO - Setting next_dagrun for example_branch_dop_operator_v3 to 2023-02-10T02:18:00+00:00, run_after=2023-02-10T02:19:00+00:00
[2023-02-10T02:19:58.037+0000] {processor.py:175} INFO - Processing /home/airflow/.local/lib/python3.7/site-packages/airflow/example_dags/example_branch_python_dop_operator_3.py took 0.539 seconds
[2023-02-10T02:20:53.132+0000] {processor.py:153} INFO - Started process (PID=178) to work on /home/airflow/.local/lib/python3.7/site-packages/airflow/example_dags/example_branch_python_dop_operator_3.py
[2023-02-10T02:20:53.172+0000] {processor.py:743} INFO - Processing file /home/airflow/.local/lib/python3.7/site-packages/airflow/example_dags/example_branch_python_dop_operator_3.py for tasks to queue
[2023-02-10T02:20:53.187+0000] {logging_mixin.py:137} INFO - [2023-02-10T02:20:53.186+0000] {dagbag.py:538} INFO - Filling up the DagBag from /home/airflow/.local/lib/python3.7/site-packages/airflow/example_dags/example_branch_python_dop_operator_3.py
[2023-02-10T02:20:53.598+0000] {processor.py:753} INFO - DAG(s) dict_keys(['example_branch_dop_operator_v3']) retrieved from /home/airflow/.local/lib/python3.7/site-packages/airflow/example_dags/example_branch_python_dop_operator_3.py
[2023-02-10T02:20:53.908+0000] {logging_mixin.py:137} INFO - [2023-02-10T02:20:53.908+0000] {dag.py:2690} INFO - Sync 1 DAGs
[2023-02-10T02:20:54.755+0000] {logging_mixin.py:137} INFO - [2023-02-10T02:20:54.745+0000] {dag.py:3441} INFO - Setting next_dagrun for example_branch_dop_operator_v3 to 2023-02-10T02:19:00+00:00, run_after=2023-02-10T02:20:00+00:00
[2023-02-10T02:20:55.146+0000] {processor.py:175} INFO - Processing /home/airflow/.local/lib/python3.7/site-packages/airflow/example_dags/example_branch_python_dop_operator_3.py took 2.115 seconds
[2023-02-10T02:21:39.771+0000] {processor.py:153} INFO - Started process (PID=227) to work on /home/airflow/.local/lib/python3.7/site-packages/airflow/example_dags/example_branch_python_dop_operator_3.py
[2023-02-10T02:21:39.783+0000] {processor.py:743} INFO - Processing file /home/airflow/.local/lib/python3.7/site-packages/airflow/example_dags/example_branch_python_dop_operator_3.py for tasks to queue
[2023-02-10T02:21:39.793+0000] {logging_mixin.py:137} INFO - [2023-02-10T02:21:39.793+0000] {dagbag.py:538} INFO - Filling up the DagBag from /home/airflow/.local/lib/python3.7/site-packages/airflow/example_dags/example_branch_python_dop_operator_3.py
[2023-02-10T02:21:40.152+0000] {processor.py:753} INFO - DAG(s) dict_keys(['example_branch_dop_operator_v3']) retrieved from /home/airflow/.local/lib/python3.7/site-packages/airflow/example_dags/example_branch_python_dop_operator_3.py
[2023-02-10T02:21:40.371+0000] {logging_mixin.py:137} INFO - [2023-02-10T02:21:40.370+0000] {dag.py:2690} INFO - Sync 1 DAGs
[2023-02-10T02:21:40.730+0000] {logging_mixin.py:137} INFO - [2023-02-10T02:21:40.729+0000] {dag.py:3441} INFO - Setting next_dagrun for example_branch_dop_operator_v3 to 2023-02-10T02:20:00+00:00, run_after=2023-02-10T02:21:00+00:00
[2023-02-10T02:21:40.930+0000] {processor.py:175} INFO - Processing /home/airflow/.local/lib/python3.7/site-packages/airflow/example_dags/example_branch_python_dop_operator_3.py took 1.236 seconds
[2023-02-10T02:22:14.161+0000] {processor.py:153} INFO - Started process (PID=284) to work on /home/airflow/.local/lib/python3.7/site-packages/airflow/example_dags/example_branch_python_dop_operator_3.py
[2023-02-10T02:22:14.190+0000] {processor.py:743} INFO - Processing file /home/airflow/.local/lib/python3.7/site-packages/airflow/example_dags/example_branch_python_dop_operator_3.py for tasks to queue
[2023-02-10T02:22:14.207+0000] {logging_mixin.py:137} INFO - [2023-02-10T02:22:14.201+0000] {dagbag.py:538} INFO - Filling up the DagBag from /home/airflow/.local/lib/python3.7/site-packages/airflow/example_dags/example_branch_python_dop_operator_3.py
[2023-02-10T02:22:14.361+0000] {processor.py:753} INFO - DAG(s) dict_keys(['example_branch_dop_operator_v3']) retrieved from /home/airflow/.local/lib/python3.7/site-packages/airflow/example_dags/example_branch_python_dop_operator_3.py
[2023-02-10T02:22:14.536+0000] {logging_mixin.py:137} INFO - [2023-02-10T02:22:14.536+0000] {dag.py:2690} INFO - Sync 1 DAGs
[2023-02-10T02:22:14.732+0000] {logging_mixin.py:137} INFO - [2023-02-10T02:22:14.732+0000] {dag.py:3441} INFO - Setting next_dagrun for example_branch_dop_operator_v3 to 2023-02-10T02:21:00+00:00, run_after=2023-02-10T02:22:00+00:00
[2023-02-10T02:22:14.847+0000] {processor.py:175} INFO - Processing /home/airflow/.local/lib/python3.7/site-packages/airflow/example_dags/example_branch_python_dop_operator_3.py took 0.729 seconds
[2023-02-10T02:23:08.053+0000] {processor.py:153} INFO - Started process (PID=350) to work on /home/airflow/.local/lib/python3.7/site-packages/airflow/example_dags/example_branch_python_dop_operator_3.py
[2023-02-10T02:23:08.072+0000] {processor.py:743} INFO - Processing file /home/airflow/.local/lib/python3.7/site-packages/airflow/example_dags/example_branch_python_dop_operator_3.py for tasks to queue
[2023-02-10T02:23:08.085+0000] {logging_mixin.py:137} INFO - [2023-02-10T02:23:08.085+0000] {dagbag.py:538} INFO - Filling up the DagBag from /home/airflow/.local/lib/python3.7/site-packages/airflow/example_dags/example_branch_python_dop_operator_3.py
[2023-02-10T02:23:08.574+0000] {processor.py:753} INFO - DAG(s) dict_keys(['example_branch_dop_operator_v3']) retrieved from /home/airflow/.local/lib/python3.7/site-packages/airflow/example_dags/example_branch_python_dop_operator_3.py
[2023-02-10T02:23:09.119+0000] {logging_mixin.py:137} INFO - [2023-02-10T02:23:09.119+0000] {dag.py:2690} INFO - Sync 1 DAGs
[2023-02-10T02:23:09.740+0000] {logging_mixin.py:137} INFO - [2023-02-10T02:23:09.740+0000] {dag.py:3441} INFO - Setting next_dagrun for example_branch_dop_operator_v3 to 2023-02-10T02:22:00+00:00, run_after=2023-02-10T02:23:00+00:00
[2023-02-10T02:23:10.036+0000] {processor.py:175} INFO - Processing /home/airflow/.local/lib/python3.7/site-packages/airflow/example_dags/example_branch_python_dop_operator_3.py took 2.041 seconds
[2023-02-10T02:23:40.546+0000] {processor.py:153} INFO - Started process (PID=401) to work on /home/airflow/.local/lib/python3.7/site-packages/airflow/example_dags/example_branch_python_dop_operator_3.py
[2023-02-10T02:23:40.553+0000] {processor.py:743} INFO - Processing file /home/airflow/.local/lib/python3.7/site-packages/airflow/example_dags/example_branch_python_dop_operator_3.py for tasks to queue
[2023-02-10T02:23:40.571+0000] {logging_mixin.py:137} INFO - [2023-02-10T02:23:40.569+0000] {dagbag.py:538} INFO - Filling up the DagBag from /home/airflow/.local/lib/python3.7/site-packages/airflow/example_dags/example_branch_python_dop_operator_3.py
[2023-02-10T02:23:40.700+0000] {processor.py:753} INFO - DAG(s) dict_keys(['example_branch_dop_operator_v3']) retrieved from /home/airflow/.local/lib/python3.7/site-packages/airflow/example_dags/example_branch_python_dop_operator_3.py
[2023-02-10T02:23:40.941+0000] {logging_mixin.py:137} INFO - [2023-02-10T02:23:40.941+0000] {dag.py:2690} INFO - Sync 1 DAGs
[2023-02-10T02:23:41.080+0000] {logging_mixin.py:137} INFO - [2023-02-10T02:23:41.080+0000] {dag.py:3441} INFO - Setting next_dagrun for example_branch_dop_operator_v3 to 2023-02-10T02:22:00+00:00, run_after=2023-02-10T02:23:00+00:00
[2023-02-10T02:23:41.165+0000] {processor.py:175} INFO - Processing /home/airflow/.local/lib/python3.7/site-packages/airflow/example_dags/example_branch_python_dop_operator_3.py took 0.635 seconds
[2023-02-10T02:24:11.261+0000] {processor.py:153} INFO - Started process (PID=459) to work on /home/airflow/.local/lib/python3.7/site-packages/airflow/example_dags/example_branch_python_dop_operator_3.py
[2023-02-10T02:24:11.267+0000] {processor.py:743} INFO - Processing file /home/airflow/.local/lib/python3.7/site-packages/airflow/example_dags/example_branch_python_dop_operator_3.py for tasks to queue
[2023-02-10T02:24:11.275+0000] {logging_mixin.py:137} INFO - [2023-02-10T02:24:11.273+0000] {dagbag.py:538} INFO - Filling up the DagBag from /home/airflow/.local/lib/python3.7/site-packages/airflow/example_dags/example_branch_python_dop_operator_3.py
[2023-02-10T02:24:11.367+0000] {processor.py:753} INFO - DAG(s) dict_keys(['example_branch_dop_operator_v3']) retrieved from /home/airflow/.local/lib/python3.7/site-packages/airflow/example_dags/example_branch_python_dop_operator_3.py
[2023-02-10T02:24:11.505+0000] {logging_mixin.py:137} INFO - [2023-02-10T02:24:11.505+0000] {dag.py:2690} INFO - Sync 1 DAGs
[2023-02-10T02:24:12.200+0000] {logging_mixin.py:137} INFO - [2023-02-10T02:24:12.200+0000] {dag.py:3441} INFO - Setting next_dagrun for example_branch_dop_operator_v3 to 2023-02-10T02:23:00+00:00, run_after=2023-02-10T02:24:00+00:00
[2023-02-10T02:24:12.662+0000] {processor.py:175} INFO - Processing /home/airflow/.local/lib/python3.7/site-packages/airflow/example_dags/example_branch_python_dop_operator_3.py took 1.414 seconds
[2023-02-10T02:24:43.274+0000] {processor.py:153} INFO - Started process (PID=517) to work on /home/airflow/.local/lib/python3.7/site-packages/airflow/example_dags/example_branch_python_dop_operator_3.py
[2023-02-10T02:24:43.296+0000] {processor.py:743} INFO - Processing file /home/airflow/.local/lib/python3.7/site-packages/airflow/example_dags/example_branch_python_dop_operator_3.py for tasks to queue
[2023-02-10T02:24:43.301+0000] {logging_mixin.py:137} INFO - [2023-02-10T02:24:43.300+0000] {dagbag.py:538} INFO - Filling up the DagBag from /home/airflow/.local/lib/python3.7/site-packages/airflow/example_dags/example_branch_python_dop_operator_3.py
[2023-02-10T02:24:43.550+0000] {processor.py:753} INFO - DAG(s) dict_keys(['example_branch_dop_operator_v3']) retrieved from /home/airflow/.local/lib/python3.7/site-packages/airflow/example_dags/example_branch_python_dop_operator_3.py
[2023-02-10T02:24:43.806+0000] {logging_mixin.py:137} INFO - [2023-02-10T02:24:43.806+0000] {dag.py:2690} INFO - Sync 1 DAGs
[2023-02-10T02:24:44.320+0000] {logging_mixin.py:137} INFO - [2023-02-10T02:24:44.319+0000] {dag.py:3441} INFO - Setting next_dagrun for example_branch_dop_operator_v3 to 2023-02-10T02:23:00+00:00, run_after=2023-02-10T02:24:00+00:00
[2023-02-10T02:24:44.532+0000] {processor.py:175} INFO - Processing /home/airflow/.local/lib/python3.7/site-packages/airflow/example_dags/example_branch_python_dop_operator_3.py took 1.302 seconds
[2023-02-10T02:25:17.170+0000] {processor.py:153} INFO - Started process (PID=567) to work on /home/airflow/.local/lib/python3.7/site-packages/airflow/example_dags/example_branch_python_dop_operator_3.py
[2023-02-10T02:25:17.191+0000] {processor.py:743} INFO - Processing file /home/airflow/.local/lib/python3.7/site-packages/airflow/example_dags/example_branch_python_dop_operator_3.py for tasks to queue
[2023-02-10T02:25:17.203+0000] {logging_mixin.py:137} INFO - [2023-02-10T02:25:17.202+0000] {dagbag.py:538} INFO - Filling up the DagBag from /home/airflow/.local/lib/python3.7/site-packages/airflow/example_dags/example_branch_python_dop_operator_3.py
[2023-02-10T02:25:17.470+0000] {processor.py:753} INFO - DAG(s) dict_keys(['example_branch_dop_operator_v3']) retrieved from /home/airflow/.local/lib/python3.7/site-packages/airflow/example_dags/example_branch_python_dop_operator_3.py
[2023-02-10T02:25:17.642+0000] {logging_mixin.py:137} INFO - [2023-02-10T02:25:17.642+0000] {dag.py:2690} INFO - Sync 1 DAGs
[2023-02-10T02:25:17.875+0000] {logging_mixin.py:137} INFO - [2023-02-10T02:25:17.875+0000] {dag.py:3441} INFO - Setting next_dagrun for example_branch_dop_operator_v3 to 2023-02-10T02:24:00+00:00, run_after=2023-02-10T02:25:00+00:00
[2023-02-10T02:25:18.059+0000] {processor.py:175} INFO - Processing /home/airflow/.local/lib/python3.7/site-packages/airflow/example_dags/example_branch_python_dop_operator_3.py took 0.953 seconds
[2023-02-10T02:25:48.541+0000] {processor.py:153} INFO - Started process (PID=625) to work on /home/airflow/.local/lib/python3.7/site-packages/airflow/example_dags/example_branch_python_dop_operator_3.py
[2023-02-10T02:25:48.548+0000] {processor.py:743} INFO - Processing file /home/airflow/.local/lib/python3.7/site-packages/airflow/example_dags/example_branch_python_dop_operator_3.py for tasks to queue
[2023-02-10T02:25:48.556+0000] {logging_mixin.py:137} INFO - [2023-02-10T02:25:48.556+0000] {dagbag.py:538} INFO - Filling up the DagBag from /home/airflow/.local/lib/python3.7/site-packages/airflow/example_dags/example_branch_python_dop_operator_3.py
[2023-02-10T02:25:48.706+0000] {processor.py:753} INFO - DAG(s) dict_keys(['example_branch_dop_operator_v3']) retrieved from /home/airflow/.local/lib/python3.7/site-packages/airflow/example_dags/example_branch_python_dop_operator_3.py
[2023-02-10T02:25:48.839+0000] {logging_mixin.py:137} INFO - [2023-02-10T02:25:48.835+0000] {dag.py:2690} INFO - Sync 1 DAGs
[2023-02-10T02:25:49.019+0000] {logging_mixin.py:137} INFO - [2023-02-10T02:25:49.019+0000] {dag.py:3441} INFO - Setting next_dagrun for example_branch_dop_operator_v3 to 2023-02-10T02:24:00+00:00, run_after=2023-02-10T02:25:00+00:00
[2023-02-10T02:25:49.110+0000] {processor.py:175} INFO - Processing /home/airflow/.local/lib/python3.7/site-packages/airflow/example_dags/example_branch_python_dop_operator_3.py took 0.583 seconds
[2023-02-10T02:26:19.716+0000] {processor.py:153} INFO - Started process (PID=675) to work on /home/airflow/.local/lib/python3.7/site-packages/airflow/example_dags/example_branch_python_dop_operator_3.py
[2023-02-10T02:26:19.720+0000] {processor.py:743} INFO - Processing file /home/airflow/.local/lib/python3.7/site-packages/airflow/example_dags/example_branch_python_dop_operator_3.py for tasks to queue
[2023-02-10T02:26:19.736+0000] {logging_mixin.py:137} INFO - [2023-02-10T02:26:19.736+0000] {dagbag.py:538} INFO - Filling up the DagBag from /home/airflow/.local/lib/python3.7/site-packages/airflow/example_dags/example_branch_python_dop_operator_3.py
[2023-02-10T02:26:19.893+0000] {processor.py:753} INFO - DAG(s) dict_keys(['example_branch_dop_operator_v3']) retrieved from /home/airflow/.local/lib/python3.7/site-packages/airflow/example_dags/example_branch_python_dop_operator_3.py
[2023-02-10T02:26:19.991+0000] {logging_mixin.py:137} INFO - [2023-02-10T02:26:19.991+0000] {dag.py:2690} INFO - Sync 1 DAGs
[2023-02-10T02:26:20.180+0000] {logging_mixin.py:137} INFO - [2023-02-10T02:26:20.180+0000] {dag.py:3441} INFO - Setting next_dagrun for example_branch_dop_operator_v3 to 2023-02-10T02:25:00+00:00, run_after=2023-02-10T02:26:00+00:00
[2023-02-10T02:26:20.461+0000] {processor.py:175} INFO - Processing /home/airflow/.local/lib/python3.7/site-packages/airflow/example_dags/example_branch_python_dop_operator_3.py took 0.772 seconds
[2023-02-10T02:26:50.736+0000] {processor.py:153} INFO - Started process (PID=734) to work on /home/airflow/.local/lib/python3.7/site-packages/airflow/example_dags/example_branch_python_dop_operator_3.py
[2023-02-10T02:26:50.750+0000] {processor.py:743} INFO - Processing file /home/airflow/.local/lib/python3.7/site-packages/airflow/example_dags/example_branch_python_dop_operator_3.py for tasks to queue
[2023-02-10T02:26:50.754+0000] {logging_mixin.py:137} INFO - [2023-02-10T02:26:50.754+0000] {dagbag.py:538} INFO - Filling up the DagBag from /home/airflow/.local/lib/python3.7/site-packages/airflow/example_dags/example_branch_python_dop_operator_3.py
[2023-02-10T02:26:50.902+0000] {processor.py:753} INFO - DAG(s) dict_keys(['example_branch_dop_operator_v3']) retrieved from /home/airflow/.local/lib/python3.7/site-packages/airflow/example_dags/example_branch_python_dop_operator_3.py
[2023-02-10T02:26:51.021+0000] {logging_mixin.py:137} INFO - [2023-02-10T02:26:51.021+0000] {dag.py:2690} INFO - Sync 1 DAGs
[2023-02-10T02:26:51.180+0000] {logging_mixin.py:137} INFO - [2023-02-10T02:26:51.180+0000] {dag.py:3441} INFO - Setting next_dagrun for example_branch_dop_operator_v3 to 2023-02-10T02:25:00+00:00, run_after=2023-02-10T02:26:00+00:00
[2023-02-10T02:26:51.284+0000] {processor.py:175} INFO - Processing /home/airflow/.local/lib/python3.7/site-packages/airflow/example_dags/example_branch_python_dop_operator_3.py took 0.578 seconds
[2023-02-10T02:27:22.330+0000] {processor.py:153} INFO - Started process (PID=789) to work on /home/airflow/.local/lib/python3.7/site-packages/airflow/example_dags/example_branch_python_dop_operator_3.py
[2023-02-10T02:27:22.334+0000] {processor.py:743} INFO - Processing file /home/airflow/.local/lib/python3.7/site-packages/airflow/example_dags/example_branch_python_dop_operator_3.py for tasks to queue
[2023-02-10T02:27:22.339+0000] {logging_mixin.py:137} INFO - [2023-02-10T02:27:22.338+0000] {dagbag.py:538} INFO - Filling up the DagBag from /home/airflow/.local/lib/python3.7/site-packages/airflow/example_dags/example_branch_python_dop_operator_3.py
[2023-02-10T02:27:22.414+0000] {processor.py:753} INFO - DAG(s) dict_keys(['example_branch_dop_operator_v3']) retrieved from /home/airflow/.local/lib/python3.7/site-packages/airflow/example_dags/example_branch_python_dop_operator_3.py
[2023-02-10T02:27:22.477+0000] {logging_mixin.py:137} INFO - [2023-02-10T02:27:22.477+0000] {dag.py:2690} INFO - Sync 1 DAGs
[2023-02-10T02:27:22.592+0000] {logging_mixin.py:137} INFO - [2023-02-10T02:27:22.592+0000] {dag.py:3441} INFO - Setting next_dagrun for example_branch_dop_operator_v3 to 2023-02-10T02:26:00+00:00, run_after=2023-02-10T02:27:00+00:00
[2023-02-10T02:27:22.660+0000] {processor.py:175} INFO - Processing /home/airflow/.local/lib/python3.7/site-packages/airflow/example_dags/example_branch_python_dop_operator_3.py took 0.345 seconds
[2023-02-10T02:27:57.173+0000] {processor.py:153} INFO - Started process (PID=840) to work on /home/airflow/.local/lib/python3.7/site-packages/airflow/example_dags/example_branch_python_dop_operator_3.py
[2023-02-10T02:27:57.180+0000] {processor.py:743} INFO - Processing file /home/airflow/.local/lib/python3.7/site-packages/airflow/example_dags/example_branch_python_dop_operator_3.py for tasks to queue
[2023-02-10T02:27:57.193+0000] {logging_mixin.py:137} INFO - [2023-02-10T02:27:57.193+0000] {dagbag.py:538} INFO - Filling up the DagBag from /home/airflow/.local/lib/python3.7/site-packages/airflow/example_dags/example_branch_python_dop_operator_3.py
[2023-02-10T02:27:57.736+0000] {processor.py:753} INFO - DAG(s) dict_keys(['example_branch_dop_operator_v3']) retrieved from /home/airflow/.local/lib/python3.7/site-packages/airflow/example_dags/example_branch_python_dop_operator_3.py
[2023-02-10T02:27:57.946+0000] {logging_mixin.py:137} INFO - [2023-02-10T02:27:57.945+0000] {dag.py:2690} INFO - Sync 1 DAGs
[2023-02-10T02:27:58.227+0000] {logging_mixin.py:137} INFO - [2023-02-10T02:27:58.217+0000] {dag.py:3441} INFO - Setting next_dagrun for example_branch_dop_operator_v3 to 2023-02-10T02:26:00+00:00, run_after=2023-02-10T02:27:00+00:00
[2023-02-10T02:27:58.369+0000] {processor.py:175} INFO - Processing /home/airflow/.local/lib/python3.7/site-packages/airflow/example_dags/example_branch_python_dop_operator_3.py took 1.223 seconds
[2023-02-10T02:28:37.810+0000] {processor.py:153} INFO - Started process (PID=899) to work on /home/airflow/.local/lib/python3.7/site-packages/airflow/example_dags/example_branch_python_dop_operator_3.py
[2023-02-10T02:28:37.821+0000] {processor.py:743} INFO - Processing file /home/airflow/.local/lib/python3.7/site-packages/airflow/example_dags/example_branch_python_dop_operator_3.py for tasks to queue
[2023-02-10T02:28:37.841+0000] {logging_mixin.py:137} INFO - [2023-02-10T02:28:37.830+0000] {dagbag.py:538} INFO - Filling up the DagBag from /home/airflow/.local/lib/python3.7/site-packages/airflow/example_dags/example_branch_python_dop_operator_3.py
[2023-02-10T02:28:38.322+0000] {processor.py:753} INFO - DAG(s) dict_keys(['example_branch_dop_operator_v3']) retrieved from /home/airflow/.local/lib/python3.7/site-packages/airflow/example_dags/example_branch_python_dop_operator_3.py
[2023-02-10T02:28:38.556+0000] {logging_mixin.py:137} INFO - [2023-02-10T02:28:38.556+0000] {dag.py:2690} INFO - Sync 1 DAGs
[2023-02-10T02:28:38.771+0000] {logging_mixin.py:137} INFO - [2023-02-10T02:28:38.771+0000] {dag.py:3441} INFO - Setting next_dagrun for example_branch_dop_operator_v3 to 2023-02-10T02:27:00+00:00, run_after=2023-02-10T02:28:00+00:00
[2023-02-10T02:28:38.895+0000] {processor.py:175} INFO - Processing /home/airflow/.local/lib/python3.7/site-packages/airflow/example_dags/example_branch_python_dop_operator_3.py took 1.120 seconds
