[2023-02-10T01:51:55.668+0000] {processor.py:153} INFO - Started process (PID=317) to work on /home/airflow/.local/lib/python3.7/site-packages/airflow/example_dags/example_kubernetes_executor.py
[2023-02-10T01:51:55.745+0000] {processor.py:743} INFO - Processing file /home/airflow/.local/lib/python3.7/site-packages/airflow/example_dags/example_kubernetes_executor.py for tasks to queue
[2023-02-10T01:51:55.863+0000] {logging_mixin.py:137} INFO - [2023-02-10T01:51:55.863+0000] {dagbag.py:538} INFO - Filling up the DagBag from /home/airflow/.local/lib/python3.7/site-packages/airflow/example_dags/example_kubernetes_executor.py
[2023-02-10T01:51:57.050+0000] {processor.py:753} INFO - DAG(s) dict_keys(['example_kubernetes_executor']) retrieved from /home/airflow/.local/lib/python3.7/site-packages/airflow/example_dags/example_kubernetes_executor.py
[2023-02-10T01:51:58.007+0000] {logging_mixin.py:137} INFO - [2023-02-10T01:51:58.007+0000] {dag.py:2690} INFO - Sync 1 DAGs
[2023-02-10T01:51:59.001+0000] {logging_mixin.py:137} INFO - [2023-02-10T01:51:59.000+0000] {dag.py:3441} INFO - Setting next_dagrun for example_kubernetes_executor to None, run_after=None
[2023-02-10T01:51:59.446+0000] {processor.py:175} INFO - Processing /home/airflow/.local/lib/python3.7/site-packages/airflow/example_dags/example_kubernetes_executor.py took 4.076 seconds
[2023-02-10T01:52:35.184+0000] {processor.py:153} INFO - Started process (PID=375) to work on /home/airflow/.local/lib/python3.7/site-packages/airflow/example_dags/example_kubernetes_executor.py
[2023-02-10T01:52:35.213+0000] {processor.py:743} INFO - Processing file /home/airflow/.local/lib/python3.7/site-packages/airflow/example_dags/example_kubernetes_executor.py for tasks to queue
[2023-02-10T01:52:35.217+0000] {logging_mixin.py:137} INFO - [2023-02-10T01:52:35.217+0000] {dagbag.py:538} INFO - Filling up the DagBag from /home/airflow/.local/lib/python3.7/site-packages/airflow/example_dags/example_kubernetes_executor.py
[2023-02-10T01:52:35.654+0000] {processor.py:753} INFO - DAG(s) dict_keys(['example_kubernetes_executor']) retrieved from /home/airflow/.local/lib/python3.7/site-packages/airflow/example_dags/example_kubernetes_executor.py
[2023-02-10T01:52:35.810+0000] {logging_mixin.py:137} INFO - [2023-02-10T01:52:35.810+0000] {dag.py:2690} INFO - Sync 1 DAGs
[2023-02-10T01:52:36.050+0000] {logging_mixin.py:137} INFO - [2023-02-10T01:52:36.050+0000] {dag.py:3441} INFO - Setting next_dagrun for example_kubernetes_executor to None, run_after=None
[2023-02-10T01:52:36.208+0000] {processor.py:175} INFO - Processing /home/airflow/.local/lib/python3.7/site-packages/airflow/example_dags/example_kubernetes_executor.py took 1.121 seconds
[2023-02-10T01:53:07.895+0000] {processor.py:153} INFO - Started process (PID=433) to work on /home/airflow/.local/lib/python3.7/site-packages/airflow/example_dags/example_kubernetes_executor.py
[2023-02-10T01:53:07.928+0000] {processor.py:743} INFO - Processing file /home/airflow/.local/lib/python3.7/site-packages/airflow/example_dags/example_kubernetes_executor.py for tasks to queue
[2023-02-10T01:53:07.939+0000] {logging_mixin.py:137} INFO - [2023-02-10T01:53:07.934+0000] {dagbag.py:538} INFO - Filling up the DagBag from /home/airflow/.local/lib/python3.7/site-packages/airflow/example_dags/example_kubernetes_executor.py
[2023-02-10T01:53:08.547+0000] {processor.py:753} INFO - DAG(s) dict_keys(['example_kubernetes_executor']) retrieved from /home/airflow/.local/lib/python3.7/site-packages/airflow/example_dags/example_kubernetes_executor.py
[2023-02-10T01:53:09.008+0000] {logging_mixin.py:137} INFO - [2023-02-10T01:53:09.008+0000] {dag.py:2690} INFO - Sync 1 DAGs
[2023-02-10T01:53:09.208+0000] {logging_mixin.py:137} INFO - [2023-02-10T01:53:09.207+0000] {dag.py:3441} INFO - Setting next_dagrun for example_kubernetes_executor to None, run_after=None
[2023-02-10T01:53:09.489+0000] {processor.py:175} INFO - Processing /home/airflow/.local/lib/python3.7/site-packages/airflow/example_dags/example_kubernetes_executor.py took 1.686 seconds
[2023-02-10T01:53:40.525+0000] {processor.py:153} INFO - Started process (PID=483) to work on /home/airflow/.local/lib/python3.7/site-packages/airflow/example_dags/example_kubernetes_executor.py
[2023-02-10T01:53:40.530+0000] {processor.py:743} INFO - Processing file /home/airflow/.local/lib/python3.7/site-packages/airflow/example_dags/example_kubernetes_executor.py for tasks to queue
[2023-02-10T01:53:40.534+0000] {logging_mixin.py:137} INFO - [2023-02-10T01:53:40.534+0000] {dagbag.py:538} INFO - Filling up the DagBag from /home/airflow/.local/lib/python3.7/site-packages/airflow/example_dags/example_kubernetes_executor.py
[2023-02-10T01:53:40.601+0000] {processor.py:753} INFO - DAG(s) dict_keys(['example_kubernetes_executor']) retrieved from /home/airflow/.local/lib/python3.7/site-packages/airflow/example_dags/example_kubernetes_executor.py
[2023-02-10T01:53:40.665+0000] {logging_mixin.py:137} INFO - [2023-02-10T01:53:40.665+0000] {dag.py:2690} INFO - Sync 1 DAGs
[2023-02-10T01:53:40.730+0000] {logging_mixin.py:137} INFO - [2023-02-10T01:53:40.730+0000] {dag.py:3441} INFO - Setting next_dagrun for example_kubernetes_executor to None, run_after=None
[2023-02-10T01:53:40.781+0000] {processor.py:175} INFO - Processing /home/airflow/.local/lib/python3.7/site-packages/airflow/example_dags/example_kubernetes_executor.py took 0.262 seconds
[2023-02-10T01:54:11.894+0000] {processor.py:153} INFO - Started process (PID=541) to work on /home/airflow/.local/lib/python3.7/site-packages/airflow/example_dags/example_kubernetes_executor.py
[2023-02-10T01:54:11.898+0000] {processor.py:743} INFO - Processing file /home/airflow/.local/lib/python3.7/site-packages/airflow/example_dags/example_kubernetes_executor.py for tasks to queue
[2023-02-10T01:54:11.911+0000] {logging_mixin.py:137} INFO - [2023-02-10T01:54:11.909+0000] {dagbag.py:538} INFO - Filling up the DagBag from /home/airflow/.local/lib/python3.7/site-packages/airflow/example_dags/example_kubernetes_executor.py
[2023-02-10T01:54:12.020+0000] {processor.py:753} INFO - DAG(s) dict_keys(['example_kubernetes_executor']) retrieved from /home/airflow/.local/lib/python3.7/site-packages/airflow/example_dags/example_kubernetes_executor.py
[2023-02-10T01:54:12.114+0000] {logging_mixin.py:137} INFO - [2023-02-10T01:54:12.114+0000] {dag.py:2690} INFO - Sync 1 DAGs
[2023-02-10T01:54:12.199+0000] {logging_mixin.py:137} INFO - [2023-02-10T01:54:12.199+0000] {dag.py:3441} INFO - Setting next_dagrun for example_kubernetes_executor to None, run_after=None
[2023-02-10T01:54:12.246+0000] {processor.py:175} INFO - Processing /home/airflow/.local/lib/python3.7/site-packages/airflow/example_dags/example_kubernetes_executor.py took 0.400 seconds
[2023-02-10T01:54:42.866+0000] {processor.py:153} INFO - Started process (PID=598) to work on /home/airflow/.local/lib/python3.7/site-packages/airflow/example_dags/example_kubernetes_executor.py
[2023-02-10T01:54:42.871+0000] {processor.py:743} INFO - Processing file /home/airflow/.local/lib/python3.7/site-packages/airflow/example_dags/example_kubernetes_executor.py for tasks to queue
[2023-02-10T01:54:42.876+0000] {logging_mixin.py:137} INFO - [2023-02-10T01:54:42.875+0000] {dagbag.py:538} INFO - Filling up the DagBag from /home/airflow/.local/lib/python3.7/site-packages/airflow/example_dags/example_kubernetes_executor.py
[2023-02-10T01:54:43.090+0000] {processor.py:753} INFO - DAG(s) dict_keys(['example_kubernetes_executor']) retrieved from /home/airflow/.local/lib/python3.7/site-packages/airflow/example_dags/example_kubernetes_executor.py
[2023-02-10T01:54:43.318+0000] {logging_mixin.py:137} INFO - [2023-02-10T01:54:43.318+0000] {dag.py:2690} INFO - Sync 1 DAGs
[2023-02-10T01:54:43.454+0000] {logging_mixin.py:137} INFO - [2023-02-10T01:54:43.454+0000] {dag.py:3441} INFO - Setting next_dagrun for example_kubernetes_executor to None, run_after=None
[2023-02-10T01:54:43.532+0000] {processor.py:175} INFO - Processing /home/airflow/.local/lib/python3.7/site-packages/airflow/example_dags/example_kubernetes_executor.py took 0.690 seconds
[2023-02-10T01:55:14.273+0000] {processor.py:153} INFO - Started process (PID=647) to work on /home/airflow/.local/lib/python3.7/site-packages/airflow/example_dags/example_kubernetes_executor.py
[2023-02-10T01:55:14.279+0000] {processor.py:743} INFO - Processing file /home/airflow/.local/lib/python3.7/site-packages/airflow/example_dags/example_kubernetes_executor.py for tasks to queue
[2023-02-10T01:55:14.286+0000] {logging_mixin.py:137} INFO - [2023-02-10T01:55:14.285+0000] {dagbag.py:538} INFO - Filling up the DagBag from /home/airflow/.local/lib/python3.7/site-packages/airflow/example_dags/example_kubernetes_executor.py
[2023-02-10T01:55:14.402+0000] {processor.py:753} INFO - DAG(s) dict_keys(['example_kubernetes_executor']) retrieved from /home/airflow/.local/lib/python3.7/site-packages/airflow/example_dags/example_kubernetes_executor.py
[2023-02-10T01:55:14.481+0000] {logging_mixin.py:137} INFO - [2023-02-10T01:55:14.480+0000] {dag.py:2690} INFO - Sync 1 DAGs
[2023-02-10T01:55:14.624+0000] {logging_mixin.py:137} INFO - [2023-02-10T01:55:14.624+0000] {dag.py:3441} INFO - Setting next_dagrun for example_kubernetes_executor to None, run_after=None
[2023-02-10T01:55:14.718+0000] {processor.py:175} INFO - Processing /home/airflow/.local/lib/python3.7/site-packages/airflow/example_dags/example_kubernetes_executor.py took 0.453 seconds
[2023-02-10T01:55:45.325+0000] {processor.py:153} INFO - Started process (PID=705) to work on /home/airflow/.local/lib/python3.7/site-packages/airflow/example_dags/example_kubernetes_executor.py
[2023-02-10T01:55:45.339+0000] {processor.py:743} INFO - Processing file /home/airflow/.local/lib/python3.7/site-packages/airflow/example_dags/example_kubernetes_executor.py for tasks to queue
[2023-02-10T01:55:45.349+0000] {logging_mixin.py:137} INFO - [2023-02-10T01:55:45.349+0000] {dagbag.py:538} INFO - Filling up the DagBag from /home/airflow/.local/lib/python3.7/site-packages/airflow/example_dags/example_kubernetes_executor.py
[2023-02-10T01:55:45.602+0000] {processor.py:753} INFO - DAG(s) dict_keys(['example_kubernetes_executor']) retrieved from /home/airflow/.local/lib/python3.7/site-packages/airflow/example_dags/example_kubernetes_executor.py
[2023-02-10T01:55:45.826+0000] {logging_mixin.py:137} INFO - [2023-02-10T01:55:45.815+0000] {dag.py:2690} INFO - Sync 1 DAGs
[2023-02-10T01:55:46.020+0000] {logging_mixin.py:137} INFO - [2023-02-10T01:55:46.020+0000] {dag.py:3441} INFO - Setting next_dagrun for example_kubernetes_executor to None, run_after=None
[2023-02-10T01:55:46.127+0000] {processor.py:175} INFO - Processing /home/airflow/.local/lib/python3.7/site-packages/airflow/example_dags/example_kubernetes_executor.py took 0.816 seconds
[2023-02-10T01:56:16.514+0000] {processor.py:153} INFO - Started process (PID=765) to work on /home/airflow/.local/lib/python3.7/site-packages/airflow/example_dags/example_kubernetes_executor.py
[2023-02-10T01:56:16.518+0000] {processor.py:743} INFO - Processing file /home/airflow/.local/lib/python3.7/site-packages/airflow/example_dags/example_kubernetes_executor.py for tasks to queue
[2023-02-10T01:56:16.524+0000] {logging_mixin.py:137} INFO - [2023-02-10T01:56:16.523+0000] {dagbag.py:538} INFO - Filling up the DagBag from /home/airflow/.local/lib/python3.7/site-packages/airflow/example_dags/example_kubernetes_executor.py
[2023-02-10T01:56:16.590+0000] {processor.py:753} INFO - DAG(s) dict_keys(['example_kubernetes_executor']) retrieved from /home/airflow/.local/lib/python3.7/site-packages/airflow/example_dags/example_kubernetes_executor.py
[2023-02-10T01:56:16.671+0000] {logging_mixin.py:137} INFO - [2023-02-10T01:56:16.671+0000] {dag.py:2690} INFO - Sync 1 DAGs
[2023-02-10T01:56:16.750+0000] {logging_mixin.py:137} INFO - [2023-02-10T01:56:16.750+0000] {dag.py:3441} INFO - Setting next_dagrun for example_kubernetes_executor to None, run_after=None
[2023-02-10T01:56:16.828+0000] {processor.py:175} INFO - Processing /home/airflow/.local/lib/python3.7/site-packages/airflow/example_dags/example_kubernetes_executor.py took 0.325 seconds
[2023-02-10T01:56:47.210+0000] {processor.py:153} INFO - Started process (PID=824) to work on /home/airflow/.local/lib/python3.7/site-packages/airflow/example_dags/example_kubernetes_executor.py
[2023-02-10T01:56:47.232+0000] {processor.py:743} INFO - Processing file /home/airflow/.local/lib/python3.7/site-packages/airflow/example_dags/example_kubernetes_executor.py for tasks to queue
[2023-02-10T01:56:47.252+0000] {logging_mixin.py:137} INFO - [2023-02-10T01:56:47.251+0000] {dagbag.py:538} INFO - Filling up the DagBag from /home/airflow/.local/lib/python3.7/site-packages/airflow/example_dags/example_kubernetes_executor.py
[2023-02-10T01:56:47.441+0000] {processor.py:753} INFO - DAG(s) dict_keys(['example_kubernetes_executor']) retrieved from /home/airflow/.local/lib/python3.7/site-packages/airflow/example_dags/example_kubernetes_executor.py
[2023-02-10T01:56:47.736+0000] {logging_mixin.py:137} INFO - [2023-02-10T01:56:47.736+0000] {dag.py:2690} INFO - Sync 1 DAGs
[2023-02-10T01:56:47.929+0000] {logging_mixin.py:137} INFO - [2023-02-10T01:56:47.929+0000] {dag.py:3441} INFO - Setting next_dagrun for example_kubernetes_executor to None, run_after=None
[2023-02-10T01:56:48.026+0000] {processor.py:175} INFO - Processing /home/airflow/.local/lib/python3.7/site-packages/airflow/example_dags/example_kubernetes_executor.py took 0.874 seconds
[2023-02-10T01:57:31.189+0000] {processor.py:153} INFO - Started process (PID=880) to work on /home/airflow/.local/lib/python3.7/site-packages/airflow/example_dags/example_kubernetes_executor.py
[2023-02-10T01:57:31.315+0000] {processor.py:743} INFO - Processing file /home/airflow/.local/lib/python3.7/site-packages/airflow/example_dags/example_kubernetes_executor.py for tasks to queue
[2023-02-10T01:57:31.394+0000] {logging_mixin.py:137} INFO - [2023-02-10T01:57:31.356+0000] {dagbag.py:538} INFO - Filling up the DagBag from /home/airflow/.local/lib/python3.7/site-packages/airflow/example_dags/example_kubernetes_executor.py
[2023-02-10T01:57:32.840+0000] {processor.py:753} INFO - DAG(s) dict_keys(['example_kubernetes_executor']) retrieved from /home/airflow/.local/lib/python3.7/site-packages/airflow/example_dags/example_kubernetes_executor.py
[2023-02-10T01:57:33.682+0000] {logging_mixin.py:137} INFO - [2023-02-10T01:57:33.682+0000] {dag.py:2690} INFO - Sync 1 DAGs
[2023-02-10T01:57:34.996+0000] {logging_mixin.py:137} INFO - [2023-02-10T01:57:34.995+0000] {dag.py:3441} INFO - Setting next_dagrun for example_kubernetes_executor to None, run_after=None
[2023-02-10T01:57:36.395+0000] {processor.py:175} INFO - Processing /home/airflow/.local/lib/python3.7/site-packages/airflow/example_dags/example_kubernetes_executor.py took 5.258 seconds
[2023-02-10T01:58:08.974+0000] {processor.py:153} INFO - Started process (PID=938) to work on /home/airflow/.local/lib/python3.7/site-packages/airflow/example_dags/example_kubernetes_executor.py
[2023-02-10T01:58:09.008+0000] {processor.py:743} INFO - Processing file /home/airflow/.local/lib/python3.7/site-packages/airflow/example_dags/example_kubernetes_executor.py for tasks to queue
[2023-02-10T01:58:09.037+0000] {logging_mixin.py:137} INFO - [2023-02-10T01:58:09.036+0000] {dagbag.py:538} INFO - Filling up the DagBag from /home/airflow/.local/lib/python3.7/site-packages/airflow/example_dags/example_kubernetes_executor.py
[2023-02-10T01:58:10.038+0000] {processor.py:753} INFO - DAG(s) dict_keys(['example_kubernetes_executor']) retrieved from /home/airflow/.local/lib/python3.7/site-packages/airflow/example_dags/example_kubernetes_executor.py
[2023-02-10T01:58:10.572+0000] {logging_mixin.py:137} INFO - [2023-02-10T01:58:10.566+0000] {dag.py:2690} INFO - Sync 1 DAGs
[2023-02-10T01:58:11.166+0000] {logging_mixin.py:137} INFO - [2023-02-10T01:58:11.166+0000] {dag.py:3441} INFO - Setting next_dagrun for example_kubernetes_executor to None, run_after=None
[2023-02-10T01:58:11.466+0000] {processor.py:175} INFO - Processing /home/airflow/.local/lib/python3.7/site-packages/airflow/example_dags/example_kubernetes_executor.py took 2.529 seconds
[2023-02-10T01:58:56.239+0000] {processor.py:153} INFO - Started process (PID=1003) to work on /home/airflow/.local/lib/python3.7/site-packages/airflow/example_dags/example_kubernetes_executor.py
[2023-02-10T01:58:56.246+0000] {processor.py:743} INFO - Processing file /home/airflow/.local/lib/python3.7/site-packages/airflow/example_dags/example_kubernetes_executor.py for tasks to queue
[2023-02-10T01:58:56.254+0000] {logging_mixin.py:137} INFO - [2023-02-10T01:58:56.254+0000] {dagbag.py:538} INFO - Filling up the DagBag from /home/airflow/.local/lib/python3.7/site-packages/airflow/example_dags/example_kubernetes_executor.py
[2023-02-10T01:58:56.331+0000] {processor.py:753} INFO - DAG(s) dict_keys(['example_kubernetes_executor']) retrieved from /home/airflow/.local/lib/python3.7/site-packages/airflow/example_dags/example_kubernetes_executor.py
[2023-02-10T01:58:56.404+0000] {logging_mixin.py:137} INFO - [2023-02-10T01:58:56.404+0000] {dag.py:2690} INFO - Sync 1 DAGs
[2023-02-10T01:58:56.482+0000] {logging_mixin.py:137} INFO - [2023-02-10T01:58:56.481+0000] {dag.py:3441} INFO - Setting next_dagrun for example_kubernetes_executor to None, run_after=None
[2023-02-10T01:58:56.545+0000] {processor.py:175} INFO - Processing /home/airflow/.local/lib/python3.7/site-packages/airflow/example_dags/example_kubernetes_executor.py took 0.319 seconds
[2023-02-10T01:59:30.889+0000] {processor.py:153} INFO - Started process (PID=1059) to work on /home/airflow/.local/lib/python3.7/site-packages/airflow/example_dags/example_kubernetes_executor.py
[2023-02-10T01:59:30.914+0000] {processor.py:743} INFO - Processing file /home/airflow/.local/lib/python3.7/site-packages/airflow/example_dags/example_kubernetes_executor.py for tasks to queue
[2023-02-10T01:59:30.937+0000] {logging_mixin.py:137} INFO - [2023-02-10T01:59:30.935+0000] {dagbag.py:538} INFO - Filling up the DagBag from /home/airflow/.local/lib/python3.7/site-packages/airflow/example_dags/example_kubernetes_executor.py
[2023-02-10T01:59:31.946+0000] {processor.py:753} INFO - DAG(s) dict_keys(['example_kubernetes_executor']) retrieved from /home/airflow/.local/lib/python3.7/site-packages/airflow/example_dags/example_kubernetes_executor.py
[2023-02-10T01:59:32.644+0000] {logging_mixin.py:137} INFO - [2023-02-10T01:59:32.644+0000] {dag.py:2690} INFO - Sync 1 DAGs
[2023-02-10T01:59:33.486+0000] {logging_mixin.py:137} INFO - [2023-02-10T01:59:33.486+0000] {dag.py:3441} INFO - Setting next_dagrun for example_kubernetes_executor to None, run_after=None
[2023-02-10T01:59:33.862+0000] {processor.py:175} INFO - Processing /home/airflow/.local/lib/python3.7/site-packages/airflow/example_dags/example_kubernetes_executor.py took 3.041 seconds
[2023-02-10T02:00:17.840+0000] {processor.py:153} INFO - Started process (PID=1118) to work on /home/airflow/.local/lib/python3.7/site-packages/airflow/example_dags/example_kubernetes_executor.py
[2023-02-10T02:00:17.845+0000] {processor.py:743} INFO - Processing file /home/airflow/.local/lib/python3.7/site-packages/airflow/example_dags/example_kubernetes_executor.py for tasks to queue
[2023-02-10T02:00:17.851+0000] {logging_mixin.py:137} INFO - [2023-02-10T02:00:17.850+0000] {dagbag.py:538} INFO - Filling up the DagBag from /home/airflow/.local/lib/python3.7/site-packages/airflow/example_dags/example_kubernetes_executor.py
[2023-02-10T02:00:18.259+0000] {processor.py:753} INFO - DAG(s) dict_keys(['example_kubernetes_executor']) retrieved from /home/airflow/.local/lib/python3.7/site-packages/airflow/example_dags/example_kubernetes_executor.py
[2023-02-10T02:00:18.383+0000] {logging_mixin.py:137} INFO - [2023-02-10T02:00:18.383+0000] {dag.py:2690} INFO - Sync 1 DAGs
[2023-02-10T02:00:18.565+0000] {logging_mixin.py:137} INFO - [2023-02-10T02:00:18.564+0000] {dag.py:3441} INFO - Setting next_dagrun for example_kubernetes_executor to None, run_after=None
[2023-02-10T02:00:18.837+0000] {processor.py:175} INFO - Processing /home/airflow/.local/lib/python3.7/site-packages/airflow/example_dags/example_kubernetes_executor.py took 1.014 seconds
[2023-02-10T02:00:51.613+0000] {processor.py:153} INFO - Started process (PID=1175) to work on /home/airflow/.local/lib/python3.7/site-packages/airflow/example_dags/example_kubernetes_executor.py
[2023-02-10T02:00:51.669+0000] {processor.py:743} INFO - Processing file /home/airflow/.local/lib/python3.7/site-packages/airflow/example_dags/example_kubernetes_executor.py for tasks to queue
[2023-02-10T02:00:51.719+0000] {logging_mixin.py:137} INFO - [2023-02-10T02:00:51.718+0000] {dagbag.py:538} INFO - Filling up the DagBag from /home/airflow/.local/lib/python3.7/site-packages/airflow/example_dags/example_kubernetes_executor.py
[2023-02-10T02:00:52.396+0000] {processor.py:753} INFO - DAG(s) dict_keys(['example_kubernetes_executor']) retrieved from /home/airflow/.local/lib/python3.7/site-packages/airflow/example_dags/example_kubernetes_executor.py
[2023-02-10T02:00:53.172+0000] {logging_mixin.py:137} INFO - [2023-02-10T02:00:53.171+0000] {dag.py:2690} INFO - Sync 1 DAGs
[2023-02-10T02:00:54.093+0000] {logging_mixin.py:137} INFO - [2023-02-10T02:00:54.083+0000] {dag.py:3441} INFO - Setting next_dagrun for example_kubernetes_executor to None, run_after=None
[2023-02-10T02:00:54.538+0000] {processor.py:175} INFO - Processing /home/airflow/.local/lib/python3.7/site-packages/airflow/example_dags/example_kubernetes_executor.py took 2.993 seconds
[2023-02-10T02:01:28.989+0000] {processor.py:153} INFO - Started process (PID=1232) to work on /home/airflow/.local/lib/python3.7/site-packages/airflow/example_dags/example_kubernetes_executor.py
[2023-02-10T02:01:29.000+0000] {processor.py:743} INFO - Processing file /home/airflow/.local/lib/python3.7/site-packages/airflow/example_dags/example_kubernetes_executor.py for tasks to queue
[2023-02-10T02:01:29.024+0000] {logging_mixin.py:137} INFO - [2023-02-10T02:01:29.022+0000] {dagbag.py:538} INFO - Filling up the DagBag from /home/airflow/.local/lib/python3.7/site-packages/airflow/example_dags/example_kubernetes_executor.py
[2023-02-10T02:01:29.766+0000] {processor.py:753} INFO - DAG(s) dict_keys(['example_kubernetes_executor']) retrieved from /home/airflow/.local/lib/python3.7/site-packages/airflow/example_dags/example_kubernetes_executor.py
[2023-02-10T02:01:30.342+0000] {logging_mixin.py:137} INFO - [2023-02-10T02:01:30.342+0000] {dag.py:2690} INFO - Sync 1 DAGs
[2023-02-10T02:01:30.691+0000] {logging_mixin.py:137} INFO - [2023-02-10T02:01:30.691+0000] {dag.py:3441} INFO - Setting next_dagrun for example_kubernetes_executor to None, run_after=None
[2023-02-10T02:01:30.859+0000] {processor.py:175} INFO - Processing /home/airflow/.local/lib/python3.7/site-packages/airflow/example_dags/example_kubernetes_executor.py took 1.918 seconds
[2023-02-10T02:02:06.878+0000] {processor.py:153} INFO - Started process (PID=1290) to work on /home/airflow/.local/lib/python3.7/site-packages/airflow/example_dags/example_kubernetes_executor.py
[2023-02-10T02:02:06.884+0000] {processor.py:743} INFO - Processing file /home/airflow/.local/lib/python3.7/site-packages/airflow/example_dags/example_kubernetes_executor.py for tasks to queue
[2023-02-10T02:02:06.897+0000] {logging_mixin.py:137} INFO - [2023-02-10T02:02:06.895+0000] {dagbag.py:538} INFO - Filling up the DagBag from /home/airflow/.local/lib/python3.7/site-packages/airflow/example_dags/example_kubernetes_executor.py
[2023-02-10T02:02:07.210+0000] {processor.py:753} INFO - DAG(s) dict_keys(['example_kubernetes_executor']) retrieved from /home/airflow/.local/lib/python3.7/site-packages/airflow/example_dags/example_kubernetes_executor.py
[2023-02-10T02:02:07.668+0000] {logging_mixin.py:137} INFO - [2023-02-10T02:02:07.667+0000] {dag.py:2690} INFO - Sync 1 DAGs
[2023-02-10T02:02:07.936+0000] {logging_mixin.py:137} INFO - [2023-02-10T02:02:07.936+0000] {dag.py:3441} INFO - Setting next_dagrun for example_kubernetes_executor to None, run_after=None
[2023-02-10T02:02:08.064+0000] {processor.py:175} INFO - Processing /home/airflow/.local/lib/python3.7/site-packages/airflow/example_dags/example_kubernetes_executor.py took 1.224 seconds
[2023-02-10T02:02:38.336+0000] {processor.py:153} INFO - Started process (PID=1341) to work on /home/airflow/.local/lib/python3.7/site-packages/airflow/example_dags/example_kubernetes_executor.py
[2023-02-10T02:02:38.342+0000] {processor.py:743} INFO - Processing file /home/airflow/.local/lib/python3.7/site-packages/airflow/example_dags/example_kubernetes_executor.py for tasks to queue
[2023-02-10T02:02:38.349+0000] {logging_mixin.py:137} INFO - [2023-02-10T02:02:38.346+0000] {dagbag.py:538} INFO - Filling up the DagBag from /home/airflow/.local/lib/python3.7/site-packages/airflow/example_dags/example_kubernetes_executor.py
[2023-02-10T02:02:38.458+0000] {processor.py:753} INFO - DAG(s) dict_keys(['example_kubernetes_executor']) retrieved from /home/airflow/.local/lib/python3.7/site-packages/airflow/example_dags/example_kubernetes_executor.py
[2023-02-10T02:02:38.619+0000] {logging_mixin.py:137} INFO - [2023-02-10T02:02:38.619+0000] {dag.py:2690} INFO - Sync 1 DAGs
[2023-02-10T02:02:38.787+0000] {logging_mixin.py:137} INFO - [2023-02-10T02:02:38.787+0000] {dag.py:3441} INFO - Setting next_dagrun for example_kubernetes_executor to None, run_after=None
[2023-02-10T02:02:38.901+0000] {processor.py:175} INFO - Processing /home/airflow/.local/lib/python3.7/site-packages/airflow/example_dags/example_kubernetes_executor.py took 0.579 seconds
[2023-02-10T02:03:09.566+0000] {processor.py:153} INFO - Started process (PID=1401) to work on /home/airflow/.local/lib/python3.7/site-packages/airflow/example_dags/example_kubernetes_executor.py
[2023-02-10T02:03:09.573+0000] {processor.py:743} INFO - Processing file /home/airflow/.local/lib/python3.7/site-packages/airflow/example_dags/example_kubernetes_executor.py for tasks to queue
[2023-02-10T02:03:09.583+0000] {logging_mixin.py:137} INFO - [2023-02-10T02:03:09.582+0000] {dagbag.py:538} INFO - Filling up the DagBag from /home/airflow/.local/lib/python3.7/site-packages/airflow/example_dags/example_kubernetes_executor.py
[2023-02-10T02:03:09.821+0000] {processor.py:753} INFO - DAG(s) dict_keys(['example_kubernetes_executor']) retrieved from /home/airflow/.local/lib/python3.7/site-packages/airflow/example_dags/example_kubernetes_executor.py
[2023-02-10T02:03:09.936+0000] {logging_mixin.py:137} INFO - [2023-02-10T02:03:09.936+0000] {dag.py:2690} INFO - Sync 1 DAGs
[2023-02-10T02:03:10.053+0000] {logging_mixin.py:137} INFO - [2023-02-10T02:03:10.053+0000] {dag.py:3441} INFO - Setting next_dagrun for example_kubernetes_executor to None, run_after=None
[2023-02-10T02:03:10.200+0000] {processor.py:175} INFO - Processing /home/airflow/.local/lib/python3.7/site-packages/airflow/example_dags/example_kubernetes_executor.py took 0.669 seconds
[2023-02-10T02:03:40.638+0000] {processor.py:153} INFO - Started process (PID=1461) to work on /home/airflow/.local/lib/python3.7/site-packages/airflow/example_dags/example_kubernetes_executor.py
[2023-02-10T02:03:40.647+0000] {processor.py:743} INFO - Processing file /home/airflow/.local/lib/python3.7/site-packages/airflow/example_dags/example_kubernetes_executor.py for tasks to queue
[2023-02-10T02:03:40.654+0000] {logging_mixin.py:137} INFO - [2023-02-10T02:03:40.652+0000] {dagbag.py:538} INFO - Filling up the DagBag from /home/airflow/.local/lib/python3.7/site-packages/airflow/example_dags/example_kubernetes_executor.py
[2023-02-10T02:03:40.856+0000] {processor.py:753} INFO - DAG(s) dict_keys(['example_kubernetes_executor']) retrieved from /home/airflow/.local/lib/python3.7/site-packages/airflow/example_dags/example_kubernetes_executor.py
[2023-02-10T02:03:40.983+0000] {logging_mixin.py:137} INFO - [2023-02-10T02:03:40.982+0000] {dag.py:2690} INFO - Sync 1 DAGs
[2023-02-10T02:03:41.213+0000] {logging_mixin.py:137} INFO - [2023-02-10T02:03:41.213+0000] {dag.py:3441} INFO - Setting next_dagrun for example_kubernetes_executor to None, run_after=None
[2023-02-10T02:03:41.301+0000] {processor.py:175} INFO - Processing /home/airflow/.local/lib/python3.7/site-packages/airflow/example_dags/example_kubernetes_executor.py took 0.699 seconds
[2023-02-10T02:04:11.717+0000] {processor.py:153} INFO - Started process (PID=1520) to work on /home/airflow/.local/lib/python3.7/site-packages/airflow/example_dags/example_kubernetes_executor.py
[2023-02-10T02:04:11.723+0000] {processor.py:743} INFO - Processing file /home/airflow/.local/lib/python3.7/site-packages/airflow/example_dags/example_kubernetes_executor.py for tasks to queue
[2023-02-10T02:04:11.727+0000] {logging_mixin.py:137} INFO - [2023-02-10T02:04:11.726+0000] {dagbag.py:538} INFO - Filling up the DagBag from /home/airflow/.local/lib/python3.7/site-packages/airflow/example_dags/example_kubernetes_executor.py
[2023-02-10T02:04:11.857+0000] {processor.py:753} INFO - DAG(s) dict_keys(['example_kubernetes_executor']) retrieved from /home/airflow/.local/lib/python3.7/site-packages/airflow/example_dags/example_kubernetes_executor.py
[2023-02-10T02:04:11.983+0000] {logging_mixin.py:137} INFO - [2023-02-10T02:04:11.983+0000] {dag.py:2690} INFO - Sync 1 DAGs
[2023-02-10T02:04:12.072+0000] {logging_mixin.py:137} INFO - [2023-02-10T02:04:12.072+0000] {dag.py:3441} INFO - Setting next_dagrun for example_kubernetes_executor to None, run_after=None
[2023-02-10T02:04:12.147+0000] {processor.py:175} INFO - Processing /home/airflow/.local/lib/python3.7/site-packages/airflow/example_dags/example_kubernetes_executor.py took 0.444 seconds
[2023-02-10T02:04:42.926+0000] {processor.py:153} INFO - Started process (PID=1577) to work on /home/airflow/.local/lib/python3.7/site-packages/airflow/example_dags/example_kubernetes_executor.py
[2023-02-10T02:04:42.932+0000] {processor.py:743} INFO - Processing file /home/airflow/.local/lib/python3.7/site-packages/airflow/example_dags/example_kubernetes_executor.py for tasks to queue
[2023-02-10T02:04:42.948+0000] {logging_mixin.py:137} INFO - [2023-02-10T02:04:42.947+0000] {dagbag.py:538} INFO - Filling up the DagBag from /home/airflow/.local/lib/python3.7/site-packages/airflow/example_dags/example_kubernetes_executor.py
[2023-02-10T02:04:43.183+0000] {processor.py:753} INFO - DAG(s) dict_keys(['example_kubernetes_executor']) retrieved from /home/airflow/.local/lib/python3.7/site-packages/airflow/example_dags/example_kubernetes_executor.py
[2023-02-10T02:04:43.349+0000] {logging_mixin.py:137} INFO - [2023-02-10T02:04:43.349+0000] {dag.py:2690} INFO - Sync 1 DAGs
[2023-02-10T02:04:43.483+0000] {logging_mixin.py:137} INFO - [2023-02-10T02:04:43.483+0000] {dag.py:3441} INFO - Setting next_dagrun for example_kubernetes_executor to None, run_after=None
[2023-02-10T02:04:43.591+0000] {processor.py:175} INFO - Processing /home/airflow/.local/lib/python3.7/site-packages/airflow/example_dags/example_kubernetes_executor.py took 0.679 seconds
[2023-02-10T02:05:14.246+0000] {processor.py:153} INFO - Started process (PID=1636) to work on /home/airflow/.local/lib/python3.7/site-packages/airflow/example_dags/example_kubernetes_executor.py
[2023-02-10T02:05:14.257+0000] {processor.py:743} INFO - Processing file /home/airflow/.local/lib/python3.7/site-packages/airflow/example_dags/example_kubernetes_executor.py for tasks to queue
[2023-02-10T02:05:14.278+0000] {logging_mixin.py:137} INFO - [2023-02-10T02:05:14.277+0000] {dagbag.py:538} INFO - Filling up the DagBag from /home/airflow/.local/lib/python3.7/site-packages/airflow/example_dags/example_kubernetes_executor.py
[2023-02-10T02:05:14.471+0000] {processor.py:753} INFO - DAG(s) dict_keys(['example_kubernetes_executor']) retrieved from /home/airflow/.local/lib/python3.7/site-packages/airflow/example_dags/example_kubernetes_executor.py
[2023-02-10T02:05:14.718+0000] {logging_mixin.py:137} INFO - [2023-02-10T02:05:14.718+0000] {dag.py:2690} INFO - Sync 1 DAGs
[2023-02-10T02:05:14.888+0000] {logging_mixin.py:137} INFO - [2023-02-10T02:05:14.888+0000] {dag.py:3441} INFO - Setting next_dagrun for example_kubernetes_executor to None, run_after=None
[2023-02-10T02:05:15.029+0000] {processor.py:175} INFO - Processing /home/airflow/.local/lib/python3.7/site-packages/airflow/example_dags/example_kubernetes_executor.py took 0.800 seconds
[2023-02-10T02:05:45.275+0000] {processor.py:153} INFO - Started process (PID=1694) to work on /home/airflow/.local/lib/python3.7/site-packages/airflow/example_dags/example_kubernetes_executor.py
[2023-02-10T02:05:45.282+0000] {processor.py:743} INFO - Processing file /home/airflow/.local/lib/python3.7/site-packages/airflow/example_dags/example_kubernetes_executor.py for tasks to queue
[2023-02-10T02:05:45.291+0000] {logging_mixin.py:137} INFO - [2023-02-10T02:05:45.290+0000] {dagbag.py:538} INFO - Filling up the DagBag from /home/airflow/.local/lib/python3.7/site-packages/airflow/example_dags/example_kubernetes_executor.py
[2023-02-10T02:05:45.480+0000] {processor.py:753} INFO - DAG(s) dict_keys(['example_kubernetes_executor']) retrieved from /home/airflow/.local/lib/python3.7/site-packages/airflow/example_dags/example_kubernetes_executor.py
[2023-02-10T02:05:45.652+0000] {logging_mixin.py:137} INFO - [2023-02-10T02:05:45.652+0000] {dag.py:2690} INFO - Sync 1 DAGs
[2023-02-10T02:05:45.820+0000] {logging_mixin.py:137} INFO - [2023-02-10T02:05:45.820+0000] {dag.py:3441} INFO - Setting next_dagrun for example_kubernetes_executor to None, run_after=None
[2023-02-10T02:05:45.934+0000] {processor.py:175} INFO - Processing /home/airflow/.local/lib/python3.7/site-packages/airflow/example_dags/example_kubernetes_executor.py took 0.691 seconds
[2023-02-10T02:06:16.775+0000] {processor.py:153} INFO - Started process (PID=1752) to work on /home/airflow/.local/lib/python3.7/site-packages/airflow/example_dags/example_kubernetes_executor.py
[2023-02-10T02:06:16.781+0000] {processor.py:743} INFO - Processing file /home/airflow/.local/lib/python3.7/site-packages/airflow/example_dags/example_kubernetes_executor.py for tasks to queue
[2023-02-10T02:06:16.791+0000] {logging_mixin.py:137} INFO - [2023-02-10T02:06:16.789+0000] {dagbag.py:538} INFO - Filling up the DagBag from /home/airflow/.local/lib/python3.7/site-packages/airflow/example_dags/example_kubernetes_executor.py
[2023-02-10T02:06:17.127+0000] {processor.py:753} INFO - DAG(s) dict_keys(['example_kubernetes_executor']) retrieved from /home/airflow/.local/lib/python3.7/site-packages/airflow/example_dags/example_kubernetes_executor.py
[2023-02-10T02:06:17.335+0000] {logging_mixin.py:137} INFO - [2023-02-10T02:06:17.335+0000] {dag.py:2690} INFO - Sync 1 DAGs
[2023-02-10T02:06:17.593+0000] {logging_mixin.py:137} INFO - [2023-02-10T02:06:17.593+0000] {dag.py:3441} INFO - Setting next_dagrun for example_kubernetes_executor to None, run_after=None
[2023-02-10T02:06:17.728+0000] {processor.py:175} INFO - Processing /home/airflow/.local/lib/python3.7/site-packages/airflow/example_dags/example_kubernetes_executor.py took 0.972 seconds
[2023-02-10T02:06:48.465+0000] {processor.py:153} INFO - Started process (PID=1811) to work on /home/airflow/.local/lib/python3.7/site-packages/airflow/example_dags/example_kubernetes_executor.py
[2023-02-10T02:06:48.471+0000] {processor.py:743} INFO - Processing file /home/airflow/.local/lib/python3.7/site-packages/airflow/example_dags/example_kubernetes_executor.py for tasks to queue
[2023-02-10T02:06:48.477+0000] {logging_mixin.py:137} INFO - [2023-02-10T02:06:48.476+0000] {dagbag.py:538} INFO - Filling up the DagBag from /home/airflow/.local/lib/python3.7/site-packages/airflow/example_dags/example_kubernetes_executor.py
[2023-02-10T02:06:48.567+0000] {processor.py:753} INFO - DAG(s) dict_keys(['example_kubernetes_executor']) retrieved from /home/airflow/.local/lib/python3.7/site-packages/airflow/example_dags/example_kubernetes_executor.py
[2023-02-10T02:06:48.636+0000] {logging_mixin.py:137} INFO - [2023-02-10T02:06:48.635+0000] {dag.py:2690} INFO - Sync 1 DAGs
[2023-02-10T02:06:48.692+0000] {logging_mixin.py:137} INFO - [2023-02-10T02:06:48.692+0000] {dag.py:3441} INFO - Setting next_dagrun for example_kubernetes_executor to None, run_after=None
[2023-02-10T02:06:48.757+0000] {processor.py:175} INFO - Processing /home/airflow/.local/lib/python3.7/site-packages/airflow/example_dags/example_kubernetes_executor.py took 0.303 seconds
[2023-02-10T02:07:19.271+0000] {processor.py:153} INFO - Started process (PID=1870) to work on /home/airflow/.local/lib/python3.7/site-packages/airflow/example_dags/example_kubernetes_executor.py
[2023-02-10T02:07:19.277+0000] {processor.py:743} INFO - Processing file /home/airflow/.local/lib/python3.7/site-packages/airflow/example_dags/example_kubernetes_executor.py for tasks to queue
[2023-02-10T02:07:19.285+0000] {logging_mixin.py:137} INFO - [2023-02-10T02:07:19.283+0000] {dagbag.py:538} INFO - Filling up the DagBag from /home/airflow/.local/lib/python3.7/site-packages/airflow/example_dags/example_kubernetes_executor.py
[2023-02-10T02:07:19.363+0000] {processor.py:753} INFO - DAG(s) dict_keys(['example_kubernetes_executor']) retrieved from /home/airflow/.local/lib/python3.7/site-packages/airflow/example_dags/example_kubernetes_executor.py
[2023-02-10T02:07:19.481+0000] {logging_mixin.py:137} INFO - [2023-02-10T02:07:19.481+0000] {dag.py:2690} INFO - Sync 1 DAGs
[2023-02-10T02:07:19.547+0000] {logging_mixin.py:137} INFO - [2023-02-10T02:07:19.547+0000] {dag.py:3441} INFO - Setting next_dagrun for example_kubernetes_executor to None, run_after=None
[2023-02-10T02:07:19.595+0000] {processor.py:175} INFO - Processing /home/airflow/.local/lib/python3.7/site-packages/airflow/example_dags/example_kubernetes_executor.py took 0.351 seconds
[2023-02-10T02:07:49.843+0000] {processor.py:153} INFO - Started process (PID=1926) to work on /home/airflow/.local/lib/python3.7/site-packages/airflow/example_dags/example_kubernetes_executor.py
[2023-02-10T02:07:49.859+0000] {processor.py:743} INFO - Processing file /home/airflow/.local/lib/python3.7/site-packages/airflow/example_dags/example_kubernetes_executor.py for tasks to queue
[2023-02-10T02:07:49.880+0000] {logging_mixin.py:137} INFO - [2023-02-10T02:07:49.875+0000] {dagbag.py:538} INFO - Filling up the DagBag from /home/airflow/.local/lib/python3.7/site-packages/airflow/example_dags/example_kubernetes_executor.py
[2023-02-10T02:07:50.795+0000] {processor.py:753} INFO - DAG(s) dict_keys(['example_kubernetes_executor']) retrieved from /home/airflow/.local/lib/python3.7/site-packages/airflow/example_dags/example_kubernetes_executor.py
[2023-02-10T02:07:51.276+0000] {logging_mixin.py:137} INFO - [2023-02-10T02:07:51.276+0000] {dag.py:2690} INFO - Sync 1 DAGs
[2023-02-10T02:07:51.618+0000] {logging_mixin.py:137} INFO - [2023-02-10T02:07:51.618+0000] {dag.py:3441} INFO - Setting next_dagrun for example_kubernetes_executor to None, run_after=None
[2023-02-10T02:07:51.741+0000] {processor.py:175} INFO - Processing /home/airflow/.local/lib/python3.7/site-packages/airflow/example_dags/example_kubernetes_executor.py took 1.931 seconds
[2023-02-10T02:08:22.286+0000] {processor.py:153} INFO - Started process (PID=1978) to work on /home/airflow/.local/lib/python3.7/site-packages/airflow/example_dags/example_kubernetes_executor.py
[2023-02-10T02:08:22.292+0000] {processor.py:743} INFO - Processing file /home/airflow/.local/lib/python3.7/site-packages/airflow/example_dags/example_kubernetes_executor.py for tasks to queue
[2023-02-10T02:08:22.298+0000] {logging_mixin.py:137} INFO - [2023-02-10T02:08:22.298+0000] {dagbag.py:538} INFO - Filling up the DagBag from /home/airflow/.local/lib/python3.7/site-packages/airflow/example_dags/example_kubernetes_executor.py
[2023-02-10T02:08:22.741+0000] {processor.py:753} INFO - DAG(s) dict_keys(['example_kubernetes_executor']) retrieved from /home/airflow/.local/lib/python3.7/site-packages/airflow/example_dags/example_kubernetes_executor.py
[2023-02-10T02:08:22.988+0000] {logging_mixin.py:137} INFO - [2023-02-10T02:08:22.988+0000] {dag.py:2690} INFO - Sync 1 DAGs
[2023-02-10T02:08:23.126+0000] {logging_mixin.py:137} INFO - [2023-02-10T02:08:23.125+0000] {dag.py:3441} INFO - Setting next_dagrun for example_kubernetes_executor to None, run_after=None
[2023-02-10T02:08:23.390+0000] {processor.py:175} INFO - Processing /home/airflow/.local/lib/python3.7/site-packages/airflow/example_dags/example_kubernetes_executor.py took 1.123 seconds
[2023-02-10T02:08:53.555+0000] {processor.py:153} INFO - Started process (PID=2036) to work on /home/airflow/.local/lib/python3.7/site-packages/airflow/example_dags/example_kubernetes_executor.py
[2023-02-10T02:08:53.567+0000] {processor.py:743} INFO - Processing file /home/airflow/.local/lib/python3.7/site-packages/airflow/example_dags/example_kubernetes_executor.py for tasks to queue
[2023-02-10T02:08:53.574+0000] {logging_mixin.py:137} INFO - [2023-02-10T02:08:53.573+0000] {dagbag.py:538} INFO - Filling up the DagBag from /home/airflow/.local/lib/python3.7/site-packages/airflow/example_dags/example_kubernetes_executor.py
[2023-02-10T02:08:53.749+0000] {processor.py:753} INFO - DAG(s) dict_keys(['example_kubernetes_executor']) retrieved from /home/airflow/.local/lib/python3.7/site-packages/airflow/example_dags/example_kubernetes_executor.py
[2023-02-10T02:08:53.924+0000] {logging_mixin.py:137} INFO - [2023-02-10T02:08:53.913+0000] {dag.py:2690} INFO - Sync 1 DAGs
[2023-02-10T02:08:54.025+0000] {logging_mixin.py:137} INFO - [2023-02-10T02:08:54.025+0000] {dag.py:3441} INFO - Setting next_dagrun for example_kubernetes_executor to None, run_after=None
[2023-02-10T02:08:54.096+0000] {processor.py:175} INFO - Processing /home/airflow/.local/lib/python3.7/site-packages/airflow/example_dags/example_kubernetes_executor.py took 0.566 seconds
[2023-02-10T02:09:26.878+0000] {processor.py:153} INFO - Started process (PID=2084) to work on /home/airflow/.local/lib/python3.7/site-packages/airflow/example_dags/example_kubernetes_executor.py
[2023-02-10T02:09:26.892+0000] {processor.py:743} INFO - Processing file /home/airflow/.local/lib/python3.7/site-packages/airflow/example_dags/example_kubernetes_executor.py for tasks to queue
[2023-02-10T02:09:26.934+0000] {logging_mixin.py:137} INFO - [2023-02-10T02:09:26.933+0000] {dagbag.py:538} INFO - Filling up the DagBag from /home/airflow/.local/lib/python3.7/site-packages/airflow/example_dags/example_kubernetes_executor.py
[2023-02-10T02:09:27.167+0000] {processor.py:753} INFO - DAG(s) dict_keys(['example_kubernetes_executor']) retrieved from /home/airflow/.local/lib/python3.7/site-packages/airflow/example_dags/example_kubernetes_executor.py
[2023-02-10T02:09:27.339+0000] {logging_mixin.py:137} INFO - [2023-02-10T02:09:27.339+0000] {dag.py:2690} INFO - Sync 1 DAGs
[2023-02-10T02:09:27.556+0000] {logging_mixin.py:137} INFO - [2023-02-10T02:09:27.555+0000] {dag.py:3441} INFO - Setting next_dagrun for example_kubernetes_executor to None, run_after=None
[2023-02-10T02:09:27.860+0000] {processor.py:175} INFO - Processing /home/airflow/.local/lib/python3.7/site-packages/airflow/example_dags/example_kubernetes_executor.py took 1.025 seconds
[2023-02-10T02:10:00.242+0000] {processor.py:153} INFO - Started process (PID=2142) to work on /home/airflow/.local/lib/python3.7/site-packages/airflow/example_dags/example_kubernetes_executor.py
[2023-02-10T02:10:00.267+0000] {processor.py:743} INFO - Processing file /home/airflow/.local/lib/python3.7/site-packages/airflow/example_dags/example_kubernetes_executor.py for tasks to queue
[2023-02-10T02:10:00.283+0000] {logging_mixin.py:137} INFO - [2023-02-10T02:10:00.281+0000] {dagbag.py:538} INFO - Filling up the DagBag from /home/airflow/.local/lib/python3.7/site-packages/airflow/example_dags/example_kubernetes_executor.py
[2023-02-10T02:10:00.672+0000] {processor.py:753} INFO - DAG(s) dict_keys(['example_kubernetes_executor']) retrieved from /home/airflow/.local/lib/python3.7/site-packages/airflow/example_dags/example_kubernetes_executor.py
[2023-02-10T02:10:01.016+0000] {logging_mixin.py:137} INFO - [2023-02-10T02:10:01.016+0000] {dag.py:2690} INFO - Sync 1 DAGs
[2023-02-10T02:10:01.429+0000] {logging_mixin.py:137} INFO - [2023-02-10T02:10:01.429+0000] {dag.py:3441} INFO - Setting next_dagrun for example_kubernetes_executor to None, run_after=None
[2023-02-10T02:10:01.716+0000] {processor.py:175} INFO - Processing /home/airflow/.local/lib/python3.7/site-packages/airflow/example_dags/example_kubernetes_executor.py took 1.509 seconds
[2023-02-10T02:10:42.792+0000] {processor.py:153} INFO - Started process (PID=2202) to work on /home/airflow/.local/lib/python3.7/site-packages/airflow/example_dags/example_kubernetes_executor.py
[2023-02-10T02:10:42.814+0000] {processor.py:743} INFO - Processing file /home/airflow/.local/lib/python3.7/site-packages/airflow/example_dags/example_kubernetes_executor.py for tasks to queue
[2023-02-10T02:10:42.826+0000] {logging_mixin.py:137} INFO - [2023-02-10T02:10:42.826+0000] {dagbag.py:538} INFO - Filling up the DagBag from /home/airflow/.local/lib/python3.7/site-packages/airflow/example_dags/example_kubernetes_executor.py
[2023-02-10T02:10:43.149+0000] {processor.py:753} INFO - DAG(s) dict_keys(['example_kubernetes_executor']) retrieved from /home/airflow/.local/lib/python3.7/site-packages/airflow/example_dags/example_kubernetes_executor.py
[2023-02-10T02:10:43.401+0000] {logging_mixin.py:137} INFO - [2023-02-10T02:10:43.401+0000] {dag.py:2690} INFO - Sync 1 DAGs
[2023-02-10T02:10:43.623+0000] {logging_mixin.py:137} INFO - [2023-02-10T02:10:43.623+0000] {dag.py:3441} INFO - Setting next_dagrun for example_kubernetes_executor to None, run_after=None
[2023-02-10T02:10:43.746+0000] {processor.py:175} INFO - Processing /home/airflow/.local/lib/python3.7/site-packages/airflow/example_dags/example_kubernetes_executor.py took 1.005 seconds
[2023-02-10T02:11:13.964+0000] {processor.py:153} INFO - Started process (PID=2260) to work on /home/airflow/.local/lib/python3.7/site-packages/airflow/example_dags/example_kubernetes_executor.py
[2023-02-10T02:11:13.983+0000] {processor.py:743} INFO - Processing file /home/airflow/.local/lib/python3.7/site-packages/airflow/example_dags/example_kubernetes_executor.py for tasks to queue
[2023-02-10T02:11:13.988+0000] {logging_mixin.py:137} INFO - [2023-02-10T02:11:13.987+0000] {dagbag.py:538} INFO - Filling up the DagBag from /home/airflow/.local/lib/python3.7/site-packages/airflow/example_dags/example_kubernetes_executor.py
[2023-02-10T02:11:14.127+0000] {processor.py:753} INFO - DAG(s) dict_keys(['example_kubernetes_executor']) retrieved from /home/airflow/.local/lib/python3.7/site-packages/airflow/example_dags/example_kubernetes_executor.py
[2023-02-10T02:11:14.249+0000] {logging_mixin.py:137} INFO - [2023-02-10T02:11:14.249+0000] {dag.py:2690} INFO - Sync 1 DAGs
[2023-02-10T02:11:14.542+0000] {logging_mixin.py:137} INFO - [2023-02-10T02:11:14.542+0000] {dag.py:3441} INFO - Setting next_dagrun for example_kubernetes_executor to None, run_after=None
[2023-02-10T02:11:14.665+0000] {processor.py:175} INFO - Processing /home/airflow/.local/lib/python3.7/site-packages/airflow/example_dags/example_kubernetes_executor.py took 0.733 seconds
[2023-02-10T02:11:45.544+0000] {processor.py:153} INFO - Started process (PID=2319) to work on /home/airflow/.local/lib/python3.7/site-packages/airflow/example_dags/example_kubernetes_executor.py
[2023-02-10T02:11:45.554+0000] {processor.py:743} INFO - Processing file /home/airflow/.local/lib/python3.7/site-packages/airflow/example_dags/example_kubernetes_executor.py for tasks to queue
[2023-02-10T02:11:45.578+0000] {logging_mixin.py:137} INFO - [2023-02-10T02:11:45.576+0000] {dagbag.py:538} INFO - Filling up the DagBag from /home/airflow/.local/lib/python3.7/site-packages/airflow/example_dags/example_kubernetes_executor.py
[2023-02-10T02:11:45.730+0000] {processor.py:753} INFO - DAG(s) dict_keys(['example_kubernetes_executor']) retrieved from /home/airflow/.local/lib/python3.7/site-packages/airflow/example_dags/example_kubernetes_executor.py
[2023-02-10T02:11:45.860+0000] {logging_mixin.py:137} INFO - [2023-02-10T02:11:45.859+0000] {dag.py:2690} INFO - Sync 1 DAGs
[2023-02-10T02:11:46.007+0000] {logging_mixin.py:137} INFO - [2023-02-10T02:11:46.007+0000] {dag.py:3441} INFO - Setting next_dagrun for example_kubernetes_executor to None, run_after=None
[2023-02-10T02:11:46.123+0000] {processor.py:175} INFO - Processing /home/airflow/.local/lib/python3.7/site-packages/airflow/example_dags/example_kubernetes_executor.py took 0.602 seconds
[2023-02-10T02:12:16.614+0000] {processor.py:153} INFO - Started process (PID=2377) to work on /home/airflow/.local/lib/python3.7/site-packages/airflow/example_dags/example_kubernetes_executor.py
[2023-02-10T02:12:16.642+0000] {processor.py:743} INFO - Processing file /home/airflow/.local/lib/python3.7/site-packages/airflow/example_dags/example_kubernetes_executor.py for tasks to queue
[2023-02-10T02:12:16.650+0000] {logging_mixin.py:137} INFO - [2023-02-10T02:12:16.649+0000] {dagbag.py:538} INFO - Filling up the DagBag from /home/airflow/.local/lib/python3.7/site-packages/airflow/example_dags/example_kubernetes_executor.py
[2023-02-10T02:12:16.770+0000] {processor.py:753} INFO - DAG(s) dict_keys(['example_kubernetes_executor']) retrieved from /home/airflow/.local/lib/python3.7/site-packages/airflow/example_dags/example_kubernetes_executor.py
[2023-02-10T02:12:16.914+0000] {logging_mixin.py:137} INFO - [2023-02-10T02:12:16.914+0000] {dag.py:2690} INFO - Sync 1 DAGs
[2023-02-10T02:12:17.034+0000] {logging_mixin.py:137} INFO - [2023-02-10T02:12:17.033+0000] {dag.py:3441} INFO - Setting next_dagrun for example_kubernetes_executor to None, run_after=None
[2023-02-10T02:12:17.079+0000] {processor.py:175} INFO - Processing /home/airflow/.local/lib/python3.7/site-packages/airflow/example_dags/example_kubernetes_executor.py took 0.482 seconds
[2023-02-10T02:12:47.234+0000] {processor.py:153} INFO - Started process (PID=2436) to work on /home/airflow/.local/lib/python3.7/site-packages/airflow/example_dags/example_kubernetes_executor.py
[2023-02-10T02:12:47.239+0000] {processor.py:743} INFO - Processing file /home/airflow/.local/lib/python3.7/site-packages/airflow/example_dags/example_kubernetes_executor.py for tasks to queue
[2023-02-10T02:12:47.244+0000] {logging_mixin.py:137} INFO - [2023-02-10T02:12:47.244+0000] {dagbag.py:538} INFO - Filling up the DagBag from /home/airflow/.local/lib/python3.7/site-packages/airflow/example_dags/example_kubernetes_executor.py
[2023-02-10T02:12:47.367+0000] {processor.py:753} INFO - DAG(s) dict_keys(['example_kubernetes_executor']) retrieved from /home/airflow/.local/lib/python3.7/site-packages/airflow/example_dags/example_kubernetes_executor.py
[2023-02-10T02:12:47.531+0000] {logging_mixin.py:137} INFO - [2023-02-10T02:12:47.531+0000] {dag.py:2690} INFO - Sync 1 DAGs
[2023-02-10T02:12:47.665+0000] {logging_mixin.py:137} INFO - [2023-02-10T02:12:47.664+0000] {dag.py:3441} INFO - Setting next_dagrun for example_kubernetes_executor to None, run_after=None
[2023-02-10T02:12:47.756+0000] {processor.py:175} INFO - Processing /home/airflow/.local/lib/python3.7/site-packages/airflow/example_dags/example_kubernetes_executor.py took 0.535 seconds
[2023-02-10T02:13:21.801+0000] {processor.py:153} INFO - Started process (PID=2480) to work on /home/airflow/.local/lib/python3.7/site-packages/airflow/example_dags/example_kubernetes_executor.py
[2023-02-10T02:13:21.808+0000] {processor.py:743} INFO - Processing file /home/airflow/.local/lib/python3.7/site-packages/airflow/example_dags/example_kubernetes_executor.py for tasks to queue
[2023-02-10T02:13:21.816+0000] {logging_mixin.py:137} INFO - [2023-02-10T02:13:21.815+0000] {dagbag.py:538} INFO - Filling up the DagBag from /home/airflow/.local/lib/python3.7/site-packages/airflow/example_dags/example_kubernetes_executor.py
[2023-02-10T02:13:21.928+0000] {processor.py:753} INFO - DAG(s) dict_keys(['example_kubernetes_executor']) retrieved from /home/airflow/.local/lib/python3.7/site-packages/airflow/example_dags/example_kubernetes_executor.py
[2023-02-10T02:13:22.205+0000] {logging_mixin.py:137} INFO - [2023-02-10T02:13:22.205+0000] {dag.py:2690} INFO - Sync 1 DAGs
[2023-02-10T02:13:22.285+0000] {logging_mixin.py:137} INFO - [2023-02-10T02:13:22.284+0000] {dag.py:3441} INFO - Setting next_dagrun for example_kubernetes_executor to None, run_after=None
[2023-02-10T02:13:22.347+0000] {processor.py:175} INFO - Processing /home/airflow/.local/lib/python3.7/site-packages/airflow/example_dags/example_kubernetes_executor.py took 0.559 seconds
[2023-02-10T02:13:57.186+0000] {processor.py:153} INFO - Started process (PID=2538) to work on /home/airflow/.local/lib/python3.7/site-packages/airflow/example_dags/example_kubernetes_executor.py
[2023-02-10T02:13:57.192+0000] {processor.py:743} INFO - Processing file /home/airflow/.local/lib/python3.7/site-packages/airflow/example_dags/example_kubernetes_executor.py for tasks to queue
[2023-02-10T02:13:57.205+0000] {logging_mixin.py:137} INFO - [2023-02-10T02:13:57.204+0000] {dagbag.py:538} INFO - Filling up the DagBag from /home/airflow/.local/lib/python3.7/site-packages/airflow/example_dags/example_kubernetes_executor.py
[2023-02-10T02:13:57.783+0000] {processor.py:753} INFO - DAG(s) dict_keys(['example_kubernetes_executor']) retrieved from /home/airflow/.local/lib/python3.7/site-packages/airflow/example_dags/example_kubernetes_executor.py
[2023-02-10T02:13:58.106+0000] {logging_mixin.py:137} INFO - [2023-02-10T02:13:58.106+0000] {dag.py:2690} INFO - Sync 1 DAGs
[2023-02-10T02:13:58.593+0000] {logging_mixin.py:137} INFO - [2023-02-10T02:13:58.593+0000] {dag.py:3441} INFO - Setting next_dagrun for example_kubernetes_executor to None, run_after=None
[2023-02-10T02:13:58.826+0000] {processor.py:175} INFO - Processing /home/airflow/.local/lib/python3.7/site-packages/airflow/example_dags/example_kubernetes_executor.py took 1.734 seconds
[2023-02-10T02:14:29.570+0000] {processor.py:153} INFO - Started process (PID=2594) to work on /home/airflow/.local/lib/python3.7/site-packages/airflow/example_dags/example_kubernetes_executor.py
[2023-02-10T02:14:29.581+0000] {processor.py:743} INFO - Processing file /home/airflow/.local/lib/python3.7/site-packages/airflow/example_dags/example_kubernetes_executor.py for tasks to queue
[2023-02-10T02:14:29.585+0000] {logging_mixin.py:137} INFO - [2023-02-10T02:14:29.585+0000] {dagbag.py:538} INFO - Filling up the DagBag from /home/airflow/.local/lib/python3.7/site-packages/airflow/example_dags/example_kubernetes_executor.py
[2023-02-10T02:14:30.645+0000] {processor.py:753} INFO - DAG(s) dict_keys(['example_kubernetes_executor']) retrieved from /home/airflow/.local/lib/python3.7/site-packages/airflow/example_dags/example_kubernetes_executor.py
[2023-02-10T02:14:30.918+0000] {logging_mixin.py:137} INFO - [2023-02-10T02:14:30.918+0000] {dag.py:2690} INFO - Sync 1 DAGs
[2023-02-10T02:14:31.189+0000] {logging_mixin.py:137} INFO - [2023-02-10T02:14:31.189+0000] {dag.py:3441} INFO - Setting next_dagrun for example_kubernetes_executor to None, run_after=None
[2023-02-10T02:14:31.368+0000] {processor.py:175} INFO - Processing /home/airflow/.local/lib/python3.7/site-packages/airflow/example_dags/example_kubernetes_executor.py took 1.827 seconds
[2023-02-10T02:15:02.045+0000] {processor.py:153} INFO - Started process (PID=2646) to work on /home/airflow/.local/lib/python3.7/site-packages/airflow/example_dags/example_kubernetes_executor.py
[2023-02-10T02:15:02.051+0000] {processor.py:743} INFO - Processing file /home/airflow/.local/lib/python3.7/site-packages/airflow/example_dags/example_kubernetes_executor.py for tasks to queue
[2023-02-10T02:15:02.055+0000] {logging_mixin.py:137} INFO - [2023-02-10T02:15:02.054+0000] {dagbag.py:538} INFO - Filling up the DagBag from /home/airflow/.local/lib/python3.7/site-packages/airflow/example_dags/example_kubernetes_executor.py
[2023-02-10T02:15:02.113+0000] {processor.py:753} INFO - DAG(s) dict_keys(['example_kubernetes_executor']) retrieved from /home/airflow/.local/lib/python3.7/site-packages/airflow/example_dags/example_kubernetes_executor.py
[2023-02-10T02:15:02.204+0000] {logging_mixin.py:137} INFO - [2023-02-10T02:15:02.200+0000] {dag.py:2690} INFO - Sync 1 DAGs
[2023-02-10T02:15:02.303+0000] {logging_mixin.py:137} INFO - [2023-02-10T02:15:02.303+0000] {dag.py:3441} INFO - Setting next_dagrun for example_kubernetes_executor to None, run_after=None
[2023-02-10T02:15:02.348+0000] {processor.py:175} INFO - Processing /home/airflow/.local/lib/python3.7/site-packages/airflow/example_dags/example_kubernetes_executor.py took 0.310 seconds
[2023-02-10T02:15:32.506+0000] {processor.py:153} INFO - Started process (PID=2705) to work on /home/airflow/.local/lib/python3.7/site-packages/airflow/example_dags/example_kubernetes_executor.py
[2023-02-10T02:15:32.511+0000] {processor.py:743} INFO - Processing file /home/airflow/.local/lib/python3.7/site-packages/airflow/example_dags/example_kubernetes_executor.py for tasks to queue
[2023-02-10T02:15:32.521+0000] {logging_mixin.py:137} INFO - [2023-02-10T02:15:32.520+0000] {dagbag.py:538} INFO - Filling up the DagBag from /home/airflow/.local/lib/python3.7/site-packages/airflow/example_dags/example_kubernetes_executor.py
[2023-02-10T02:15:32.593+0000] {processor.py:753} INFO - DAG(s) dict_keys(['example_kubernetes_executor']) retrieved from /home/airflow/.local/lib/python3.7/site-packages/airflow/example_dags/example_kubernetes_executor.py
[2023-02-10T02:15:32.662+0000] {logging_mixin.py:137} INFO - [2023-02-10T02:15:32.662+0000] {dag.py:2690} INFO - Sync 1 DAGs
[2023-02-10T02:15:32.741+0000] {logging_mixin.py:137} INFO - [2023-02-10T02:15:32.741+0000] {dag.py:3441} INFO - Setting next_dagrun for example_kubernetes_executor to None, run_after=None
[2023-02-10T02:15:32.809+0000] {processor.py:175} INFO - Processing /home/airflow/.local/lib/python3.7/site-packages/airflow/example_dags/example_kubernetes_executor.py took 0.311 seconds
[2023-02-10T02:16:02.970+0000] {processor.py:153} INFO - Started process (PID=2754) to work on /home/airflow/.local/lib/python3.7/site-packages/airflow/example_dags/example_kubernetes_executor.py
[2023-02-10T02:16:02.985+0000] {processor.py:743} INFO - Processing file /home/airflow/.local/lib/python3.7/site-packages/airflow/example_dags/example_kubernetes_executor.py for tasks to queue
[2023-02-10T02:16:02.991+0000] {logging_mixin.py:137} INFO - [2023-02-10T02:16:02.990+0000] {dagbag.py:538} INFO - Filling up the DagBag from /home/airflow/.local/lib/python3.7/site-packages/airflow/example_dags/example_kubernetes_executor.py
[2023-02-10T02:16:03.072+0000] {processor.py:753} INFO - DAG(s) dict_keys(['example_kubernetes_executor']) retrieved from /home/airflow/.local/lib/python3.7/site-packages/airflow/example_dags/example_kubernetes_executor.py
[2023-02-10T02:16:03.159+0000] {logging_mixin.py:137} INFO - [2023-02-10T02:16:03.159+0000] {dag.py:2690} INFO - Sync 1 DAGs
[2023-02-10T02:16:03.219+0000] {logging_mixin.py:137} INFO - [2023-02-10T02:16:03.218+0000] {dag.py:3441} INFO - Setting next_dagrun for example_kubernetes_executor to None, run_after=None
[2023-02-10T02:16:03.272+0000] {processor.py:175} INFO - Processing /home/airflow/.local/lib/python3.7/site-packages/airflow/example_dags/example_kubernetes_executor.py took 0.317 seconds
[2023-02-10T02:16:33.535+0000] {processor.py:153} INFO - Started process (PID=2813) to work on /home/airflow/.local/lib/python3.7/site-packages/airflow/example_dags/example_kubernetes_executor.py
[2023-02-10T02:16:33.541+0000] {processor.py:743} INFO - Processing file /home/airflow/.local/lib/python3.7/site-packages/airflow/example_dags/example_kubernetes_executor.py for tasks to queue
[2023-02-10T02:16:33.549+0000] {logging_mixin.py:137} INFO - [2023-02-10T02:16:33.547+0000] {dagbag.py:538} INFO - Filling up the DagBag from /home/airflow/.local/lib/python3.7/site-packages/airflow/example_dags/example_kubernetes_executor.py
[2023-02-10T02:16:33.653+0000] {processor.py:753} INFO - DAG(s) dict_keys(['example_kubernetes_executor']) retrieved from /home/airflow/.local/lib/python3.7/site-packages/airflow/example_dags/example_kubernetes_executor.py
[2023-02-10T02:16:33.782+0000] {logging_mixin.py:137} INFO - [2023-02-10T02:16:33.781+0000] {dag.py:2690} INFO - Sync 1 DAGs
[2023-02-10T02:16:33.915+0000] {logging_mixin.py:137} INFO - [2023-02-10T02:16:33.915+0000] {dag.py:3441} INFO - Setting next_dagrun for example_kubernetes_executor to None, run_after=None
[2023-02-10T02:16:34.029+0000] {processor.py:175} INFO - Processing /home/airflow/.local/lib/python3.7/site-packages/airflow/example_dags/example_kubernetes_executor.py took 0.514 seconds
[2023-02-10T02:17:04.860+0000] {processor.py:153} INFO - Started process (PID=2873) to work on /home/airflow/.local/lib/python3.7/site-packages/airflow/example_dags/example_kubernetes_executor.py
[2023-02-10T02:17:04.891+0000] {processor.py:743} INFO - Processing file /home/airflow/.local/lib/python3.7/site-packages/airflow/example_dags/example_kubernetes_executor.py for tasks to queue
[2023-02-10T02:17:04.905+0000] {logging_mixin.py:137} INFO - [2023-02-10T02:17:04.903+0000] {dagbag.py:538} INFO - Filling up the DagBag from /home/airflow/.local/lib/python3.7/site-packages/airflow/example_dags/example_kubernetes_executor.py
[2023-02-10T02:17:05.056+0000] {processor.py:753} INFO - DAG(s) dict_keys(['example_kubernetes_executor']) retrieved from /home/airflow/.local/lib/python3.7/site-packages/airflow/example_dags/example_kubernetes_executor.py
[2023-02-10T02:17:05.191+0000] {logging_mixin.py:137} INFO - [2023-02-10T02:17:05.191+0000] {dag.py:2690} INFO - Sync 1 DAGs
[2023-02-10T02:17:05.300+0000] {logging_mixin.py:137} INFO - [2023-02-10T02:17:05.300+0000] {dag.py:3441} INFO - Setting next_dagrun for example_kubernetes_executor to None, run_after=None
[2023-02-10T02:17:05.366+0000] {processor.py:175} INFO - Processing /home/airflow/.local/lib/python3.7/site-packages/airflow/example_dags/example_kubernetes_executor.py took 0.538 seconds
[2023-02-10T02:17:56.554+0000] {processor.py:153} INFO - Started process (PID=2932) to work on /home/airflow/.local/lib/python3.7/site-packages/airflow/example_dags/example_kubernetes_executor.py
[2023-02-10T02:17:56.568+0000] {processor.py:743} INFO - Processing file /home/airflow/.local/lib/python3.7/site-packages/airflow/example_dags/example_kubernetes_executor.py for tasks to queue
[2023-02-10T02:17:56.583+0000] {logging_mixin.py:137} INFO - [2023-02-10T02:17:56.582+0000] {dagbag.py:538} INFO - Filling up the DagBag from /home/airflow/.local/lib/python3.7/site-packages/airflow/example_dags/example_kubernetes_executor.py
[2023-02-10T02:17:57.099+0000] {processor.py:753} INFO - DAG(s) dict_keys(['example_kubernetes_executor']) retrieved from /home/airflow/.local/lib/python3.7/site-packages/airflow/example_dags/example_kubernetes_executor.py
[2023-02-10T02:17:57.503+0000] {logging_mixin.py:137} INFO - [2023-02-10T02:17:57.503+0000] {dag.py:2690} INFO - Sync 1 DAGs
[2023-02-10T02:17:57.865+0000] {logging_mixin.py:137} INFO - [2023-02-10T02:17:57.864+0000] {dag.py:3441} INFO - Setting next_dagrun for example_kubernetes_executor to None, run_after=None
[2023-02-10T02:17:58.123+0000] {processor.py:175} INFO - Processing /home/airflow/.local/lib/python3.7/site-packages/airflow/example_dags/example_kubernetes_executor.py took 1.740 seconds
[2023-02-10T02:18:28.821+0000] {processor.py:153} INFO - Started process (PID=2991) to work on /home/airflow/.local/lib/python3.7/site-packages/airflow/example_dags/example_kubernetes_executor.py
[2023-02-10T02:18:28.832+0000] {processor.py:743} INFO - Processing file /home/airflow/.local/lib/python3.7/site-packages/airflow/example_dags/example_kubernetes_executor.py for tasks to queue
[2023-02-10T02:18:28.841+0000] {logging_mixin.py:137} INFO - [2023-02-10T02:18:28.840+0000] {dagbag.py:538} INFO - Filling up the DagBag from /home/airflow/.local/lib/python3.7/site-packages/airflow/example_dags/example_kubernetes_executor.py
[2023-02-10T02:18:29.114+0000] {processor.py:753} INFO - DAG(s) dict_keys(['example_kubernetes_executor']) retrieved from /home/airflow/.local/lib/python3.7/site-packages/airflow/example_dags/example_kubernetes_executor.py
[2023-02-10T02:18:29.280+0000] {logging_mixin.py:137} INFO - [2023-02-10T02:18:29.280+0000] {dag.py:2690} INFO - Sync 1 DAGs
[2023-02-10T02:18:29.479+0000] {logging_mixin.py:137} INFO - [2023-02-10T02:18:29.479+0000] {dag.py:3441} INFO - Setting next_dagrun for example_kubernetes_executor to None, run_after=None
[2023-02-10T02:18:29.686+0000] {processor.py:175} INFO - Processing /home/airflow/.local/lib/python3.7/site-packages/airflow/example_dags/example_kubernetes_executor.py took 0.881 seconds
[2023-02-10T02:19:35.124+0000] {processor.py:153} INFO - Started process (PID=73) to work on /home/airflow/.local/lib/python3.7/site-packages/airflow/example_dags/example_kubernetes_executor.py
[2023-02-10T02:19:35.129+0000] {processor.py:743} INFO - Processing file /home/airflow/.local/lib/python3.7/site-packages/airflow/example_dags/example_kubernetes_executor.py for tasks to queue
[2023-02-10T02:19:35.135+0000] {logging_mixin.py:137} INFO - [2023-02-10T02:19:35.134+0000] {dagbag.py:538} INFO - Filling up the DagBag from /home/airflow/.local/lib/python3.7/site-packages/airflow/example_dags/example_kubernetes_executor.py
[2023-02-10T02:19:35.291+0000] {processor.py:753} INFO - DAG(s) dict_keys(['example_kubernetes_executor']) retrieved from /home/airflow/.local/lib/python3.7/site-packages/airflow/example_dags/example_kubernetes_executor.py
[2023-02-10T02:19:35.372+0000] {logging_mixin.py:137} INFO - [2023-02-10T02:19:35.371+0000] {dag.py:2690} INFO - Sync 1 DAGs
[2023-02-10T02:19:35.522+0000] {logging_mixin.py:137} INFO - [2023-02-10T02:19:35.522+0000] {dag.py:3441} INFO - Setting next_dagrun for example_kubernetes_executor to None, run_after=None
[2023-02-10T02:19:35.609+0000] {processor.py:175} INFO - Processing /home/airflow/.local/lib/python3.7/site-packages/airflow/example_dags/example_kubernetes_executor.py took 0.504 seconds
[2023-02-10T02:20:08.614+0000] {processor.py:153} INFO - Started process (PID=132) to work on /home/airflow/.local/lib/python3.7/site-packages/airflow/example_dags/example_kubernetes_executor.py
[2023-02-10T02:20:08.643+0000] {processor.py:743} INFO - Processing file /home/airflow/.local/lib/python3.7/site-packages/airflow/example_dags/example_kubernetes_executor.py for tasks to queue
[2023-02-10T02:20:08.685+0000] {logging_mixin.py:137} INFO - [2023-02-10T02:20:08.685+0000] {dagbag.py:538} INFO - Filling up the DagBag from /home/airflow/.local/lib/python3.7/site-packages/airflow/example_dags/example_kubernetes_executor.py
[2023-02-10T02:20:09.043+0000] {processor.py:753} INFO - DAG(s) dict_keys(['example_kubernetes_executor']) retrieved from /home/airflow/.local/lib/python3.7/site-packages/airflow/example_dags/example_kubernetes_executor.py
[2023-02-10T02:20:09.367+0000] {logging_mixin.py:137} INFO - [2023-02-10T02:20:09.366+0000] {dag.py:2690} INFO - Sync 1 DAGs
[2023-02-10T02:20:09.478+0000] {logging_mixin.py:137} INFO - [2023-02-10T02:20:09.478+0000] {dag.py:3441} INFO - Setting next_dagrun for example_kubernetes_executor to None, run_after=None
[2023-02-10T02:20:09.646+0000] {processor.py:175} INFO - Processing /home/airflow/.local/lib/python3.7/site-packages/airflow/example_dags/example_kubernetes_executor.py took 1.061 seconds
[2023-02-10T02:21:15.451+0000] {processor.py:153} INFO - Started process (PID=198) to work on /home/airflow/.local/lib/python3.7/site-packages/airflow/example_dags/example_kubernetes_executor.py
[2023-02-10T02:21:15.527+0000] {processor.py:743} INFO - Processing file /home/airflow/.local/lib/python3.7/site-packages/airflow/example_dags/example_kubernetes_executor.py for tasks to queue
[2023-02-10T02:21:15.547+0000] {logging_mixin.py:137} INFO - [2023-02-10T02:21:15.547+0000] {dagbag.py:538} INFO - Filling up the DagBag from /home/airflow/.local/lib/python3.7/site-packages/airflow/example_dags/example_kubernetes_executor.py
[2023-02-10T02:21:16.680+0000] {processor.py:753} INFO - DAG(s) dict_keys(['example_kubernetes_executor']) retrieved from /home/airflow/.local/lib/python3.7/site-packages/airflow/example_dags/example_kubernetes_executor.py
[2023-02-10T02:21:17.448+0000] {logging_mixin.py:137} INFO - [2023-02-10T02:21:17.448+0000] {dag.py:2690} INFO - Sync 1 DAGs
[2023-02-10T02:21:18.121+0000] {logging_mixin.py:137} INFO - [2023-02-10T02:21:18.102+0000] {dag.py:3441} INFO - Setting next_dagrun for example_kubernetes_executor to None, run_after=None
[2023-02-10T02:21:18.444+0000] {processor.py:175} INFO - Processing /home/airflow/.local/lib/python3.7/site-packages/airflow/example_dags/example_kubernetes_executor.py took 3.076 seconds
[2023-02-10T02:21:54.661+0000] {processor.py:153} INFO - Started process (PID=255) to work on /home/airflow/.local/lib/python3.7/site-packages/airflow/example_dags/example_kubernetes_executor.py
[2023-02-10T02:21:54.669+0000] {processor.py:743} INFO - Processing file /home/airflow/.local/lib/python3.7/site-packages/airflow/example_dags/example_kubernetes_executor.py for tasks to queue
[2023-02-10T02:21:54.681+0000] {logging_mixin.py:137} INFO - [2023-02-10T02:21:54.680+0000] {dagbag.py:538} INFO - Filling up the DagBag from /home/airflow/.local/lib/python3.7/site-packages/airflow/example_dags/example_kubernetes_executor.py
[2023-02-10T02:21:55.021+0000] {processor.py:753} INFO - DAG(s) dict_keys(['example_kubernetes_executor']) retrieved from /home/airflow/.local/lib/python3.7/site-packages/airflow/example_dags/example_kubernetes_executor.py
[2023-02-10T02:21:55.246+0000] {logging_mixin.py:137} INFO - [2023-02-10T02:21:55.246+0000] {dag.py:2690} INFO - Sync 1 DAGs
[2023-02-10T02:21:55.460+0000] {logging_mixin.py:137} INFO - [2023-02-10T02:21:55.459+0000] {dag.py:3441} INFO - Setting next_dagrun for example_kubernetes_executor to None, run_after=None
[2023-02-10T02:21:55.701+0000] {processor.py:175} INFO - Processing /home/airflow/.local/lib/python3.7/site-packages/airflow/example_dags/example_kubernetes_executor.py took 1.067 seconds
[2023-02-10T02:22:31.816+0000] {processor.py:153} INFO - Started process (PID=313) to work on /home/airflow/.local/lib/python3.7/site-packages/airflow/example_dags/example_kubernetes_executor.py
[2023-02-10T02:22:31.824+0000] {processor.py:743} INFO - Processing file /home/airflow/.local/lib/python3.7/site-packages/airflow/example_dags/example_kubernetes_executor.py for tasks to queue
[2023-02-10T02:22:31.835+0000] {logging_mixin.py:137} INFO - [2023-02-10T02:22:31.834+0000] {dagbag.py:538} INFO - Filling up the DagBag from /home/airflow/.local/lib/python3.7/site-packages/airflow/example_dags/example_kubernetes_executor.py
[2023-02-10T02:22:32.028+0000] {processor.py:753} INFO - DAG(s) dict_keys(['example_kubernetes_executor']) retrieved from /home/airflow/.local/lib/python3.7/site-packages/airflow/example_dags/example_kubernetes_executor.py
[2023-02-10T02:22:32.158+0000] {logging_mixin.py:137} INFO - [2023-02-10T02:22:32.158+0000] {dag.py:2690} INFO - Sync 1 DAGs
[2023-02-10T02:22:32.343+0000] {logging_mixin.py:137} INFO - [2023-02-10T02:22:32.340+0000] {dag.py:3441} INFO - Setting next_dagrun for example_kubernetes_executor to None, run_after=None
[2023-02-10T02:22:32.520+0000] {processor.py:175} INFO - Processing /home/airflow/.local/lib/python3.7/site-packages/airflow/example_dags/example_kubernetes_executor.py took 0.724 seconds
[2023-02-10T02:23:16.546+0000] {processor.py:153} INFO - Started process (PID=364) to work on /home/airflow/.local/lib/python3.7/site-packages/airflow/example_dags/example_kubernetes_executor.py
[2023-02-10T02:23:16.553+0000] {processor.py:743} INFO - Processing file /home/airflow/.local/lib/python3.7/site-packages/airflow/example_dags/example_kubernetes_executor.py for tasks to queue
[2023-02-10T02:23:16.566+0000] {logging_mixin.py:137} INFO - [2023-02-10T02:23:16.565+0000] {dagbag.py:538} INFO - Filling up the DagBag from /home/airflow/.local/lib/python3.7/site-packages/airflow/example_dags/example_kubernetes_executor.py
[2023-02-10T02:23:16.765+0000] {processor.py:753} INFO - DAG(s) dict_keys(['example_kubernetes_executor']) retrieved from /home/airflow/.local/lib/python3.7/site-packages/airflow/example_dags/example_kubernetes_executor.py
[2023-02-10T02:23:17.071+0000] {logging_mixin.py:137} INFO - [2023-02-10T02:23:17.070+0000] {dag.py:2690} INFO - Sync 1 DAGs
[2023-02-10T02:23:17.273+0000] {logging_mixin.py:137} INFO - [2023-02-10T02:23:17.273+0000] {dag.py:3441} INFO - Setting next_dagrun for example_kubernetes_executor to None, run_after=None
[2023-02-10T02:23:17.478+0000] {processor.py:175} INFO - Processing /home/airflow/.local/lib/python3.7/site-packages/airflow/example_dags/example_kubernetes_executor.py took 0.950 seconds
[2023-02-10T02:23:48.007+0000] {processor.py:153} INFO - Started process (PID=422) to work on /home/airflow/.local/lib/python3.7/site-packages/airflow/example_dags/example_kubernetes_executor.py
[2023-02-10T02:23:48.012+0000] {processor.py:743} INFO - Processing file /home/airflow/.local/lib/python3.7/site-packages/airflow/example_dags/example_kubernetes_executor.py for tasks to queue
[2023-02-10T02:23:48.017+0000] {logging_mixin.py:137} INFO - [2023-02-10T02:23:48.017+0000] {dagbag.py:538} INFO - Filling up the DagBag from /home/airflow/.local/lib/python3.7/site-packages/airflow/example_dags/example_kubernetes_executor.py
[2023-02-10T02:23:48.095+0000] {processor.py:753} INFO - DAG(s) dict_keys(['example_kubernetes_executor']) retrieved from /home/airflow/.local/lib/python3.7/site-packages/airflow/example_dags/example_kubernetes_executor.py
[2023-02-10T02:23:48.223+0000] {logging_mixin.py:137} INFO - [2023-02-10T02:23:48.222+0000] {dag.py:2690} INFO - Sync 1 DAGs
[2023-02-10T02:23:48.333+0000] {logging_mixin.py:137} INFO - [2023-02-10T02:23:48.333+0000] {dag.py:3441} INFO - Setting next_dagrun for example_kubernetes_executor to None, run_after=None
[2023-02-10T02:23:48.458+0000] {processor.py:175} INFO - Processing /home/airflow/.local/lib/python3.7/site-packages/airflow/example_dags/example_kubernetes_executor.py took 0.461 seconds
[2023-02-10T02:24:20.081+0000] {processor.py:153} INFO - Started process (PID=478) to work on /home/airflow/.local/lib/python3.7/site-packages/airflow/example_dags/example_kubernetes_executor.py
[2023-02-10T02:24:20.086+0000] {processor.py:743} INFO - Processing file /home/airflow/.local/lib/python3.7/site-packages/airflow/example_dags/example_kubernetes_executor.py for tasks to queue
[2023-02-10T02:24:20.089+0000] {logging_mixin.py:137} INFO - [2023-02-10T02:24:20.089+0000] {dagbag.py:538} INFO - Filling up the DagBag from /home/airflow/.local/lib/python3.7/site-packages/airflow/example_dags/example_kubernetes_executor.py
[2023-02-10T02:24:20.376+0000] {processor.py:753} INFO - DAG(s) dict_keys(['example_kubernetes_executor']) retrieved from /home/airflow/.local/lib/python3.7/site-packages/airflow/example_dags/example_kubernetes_executor.py
[2023-02-10T02:24:20.682+0000] {logging_mixin.py:137} INFO - [2023-02-10T02:24:20.682+0000] {dag.py:2690} INFO - Sync 1 DAGs
[2023-02-10T02:24:20.898+0000] {logging_mixin.py:137} INFO - [2023-02-10T02:24:20.898+0000] {dag.py:3441} INFO - Setting next_dagrun for example_kubernetes_executor to None, run_after=None
[2023-02-10T02:24:21.028+0000] {processor.py:175} INFO - Processing /home/airflow/.local/lib/python3.7/site-packages/airflow/example_dags/example_kubernetes_executor.py took 0.966 seconds
[2023-02-10T02:24:53.090+0000] {processor.py:153} INFO - Started process (PID=530) to work on /home/airflow/.local/lib/python3.7/site-packages/airflow/example_dags/example_kubernetes_executor.py
[2023-02-10T02:24:53.103+0000] {processor.py:743} INFO - Processing file /home/airflow/.local/lib/python3.7/site-packages/airflow/example_dags/example_kubernetes_executor.py for tasks to queue
[2023-02-10T02:24:53.113+0000] {logging_mixin.py:137} INFO - [2023-02-10T02:24:53.112+0000] {dagbag.py:538} INFO - Filling up the DagBag from /home/airflow/.local/lib/python3.7/site-packages/airflow/example_dags/example_kubernetes_executor.py
[2023-02-10T02:24:53.462+0000] {processor.py:753} INFO - DAG(s) dict_keys(['example_kubernetes_executor']) retrieved from /home/airflow/.local/lib/python3.7/site-packages/airflow/example_dags/example_kubernetes_executor.py
[2023-02-10T02:24:54.077+0000] {logging_mixin.py:137} INFO - [2023-02-10T02:24:54.076+0000] {dag.py:2690} INFO - Sync 1 DAGs
[2023-02-10T02:24:54.335+0000] {logging_mixin.py:137} INFO - [2023-02-10T02:24:54.334+0000] {dag.py:3441} INFO - Setting next_dagrun for example_kubernetes_executor to None, run_after=None
[2023-02-10T02:24:54.496+0000] {processor.py:175} INFO - Processing /home/airflow/.local/lib/python3.7/site-packages/airflow/example_dags/example_kubernetes_executor.py took 1.449 seconds
[2023-02-10T02:25:27.764+0000] {processor.py:153} INFO - Started process (PID=588) to work on /home/airflow/.local/lib/python3.7/site-packages/airflow/example_dags/example_kubernetes_executor.py
[2023-02-10T02:25:27.779+0000] {processor.py:743} INFO - Processing file /home/airflow/.local/lib/python3.7/site-packages/airflow/example_dags/example_kubernetes_executor.py for tasks to queue
[2023-02-10T02:25:27.791+0000] {logging_mixin.py:137} INFO - [2023-02-10T02:25:27.790+0000] {dagbag.py:538} INFO - Filling up the DagBag from /home/airflow/.local/lib/python3.7/site-packages/airflow/example_dags/example_kubernetes_executor.py
[2023-02-10T02:25:28.192+0000] {processor.py:753} INFO - DAG(s) dict_keys(['example_kubernetes_executor']) retrieved from /home/airflow/.local/lib/python3.7/site-packages/airflow/example_dags/example_kubernetes_executor.py
[2023-02-10T02:25:28.552+0000] {logging_mixin.py:137} INFO - [2023-02-10T02:25:28.551+0000] {dag.py:2690} INFO - Sync 1 DAGs
[2023-02-10T02:25:28.867+0000] {logging_mixin.py:137} INFO - [2023-02-10T02:25:28.862+0000] {dag.py:3441} INFO - Setting next_dagrun for example_kubernetes_executor to None, run_after=None
[2023-02-10T02:25:29.150+0000] {processor.py:175} INFO - Processing /home/airflow/.local/lib/python3.7/site-packages/airflow/example_dags/example_kubernetes_executor.py took 1.429 seconds
[2023-02-10T02:25:59.538+0000] {processor.py:153} INFO - Started process (PID=637) to work on /home/airflow/.local/lib/python3.7/site-packages/airflow/example_dags/example_kubernetes_executor.py
[2023-02-10T02:25:59.542+0000] {processor.py:743} INFO - Processing file /home/airflow/.local/lib/python3.7/site-packages/airflow/example_dags/example_kubernetes_executor.py for tasks to queue
[2023-02-10T02:25:59.550+0000] {logging_mixin.py:137} INFO - [2023-02-10T02:25:59.549+0000] {dagbag.py:538} INFO - Filling up the DagBag from /home/airflow/.local/lib/python3.7/site-packages/airflow/example_dags/example_kubernetes_executor.py
[2023-02-10T02:25:59.656+0000] {processor.py:753} INFO - DAG(s) dict_keys(['example_kubernetes_executor']) retrieved from /home/airflow/.local/lib/python3.7/site-packages/airflow/example_dags/example_kubernetes_executor.py
[2023-02-10T02:25:59.761+0000] {logging_mixin.py:137} INFO - [2023-02-10T02:25:59.761+0000] {dag.py:2690} INFO - Sync 1 DAGs
[2023-02-10T02:25:59.863+0000] {logging_mixin.py:137} INFO - [2023-02-10T02:25:59.863+0000] {dag.py:3441} INFO - Setting next_dagrun for example_kubernetes_executor to None, run_after=None
[2023-02-10T02:25:59.959+0000] {processor.py:175} INFO - Processing /home/airflow/.local/lib/python3.7/site-packages/airflow/example_dags/example_kubernetes_executor.py took 0.428 seconds
[2023-02-10T02:26:30.402+0000] {processor.py:153} INFO - Started process (PID=697) to work on /home/airflow/.local/lib/python3.7/site-packages/airflow/example_dags/example_kubernetes_executor.py
[2023-02-10T02:26:30.413+0000] {processor.py:743} INFO - Processing file /home/airflow/.local/lib/python3.7/site-packages/airflow/example_dags/example_kubernetes_executor.py for tasks to queue
[2023-02-10T02:26:30.427+0000] {logging_mixin.py:137} INFO - [2023-02-10T02:26:30.422+0000] {dagbag.py:538} INFO - Filling up the DagBag from /home/airflow/.local/lib/python3.7/site-packages/airflow/example_dags/example_kubernetes_executor.py
[2023-02-10T02:26:30.877+0000] {processor.py:753} INFO - DAG(s) dict_keys(['example_kubernetes_executor']) retrieved from /home/airflow/.local/lib/python3.7/site-packages/airflow/example_dags/example_kubernetes_executor.py
[2023-02-10T02:26:31.334+0000] {logging_mixin.py:137} INFO - [2023-02-10T02:26:31.334+0000] {dag.py:2690} INFO - Sync 1 DAGs
[2023-02-10T02:26:31.828+0000] {logging_mixin.py:137} INFO - [2023-02-10T02:26:31.827+0000] {dag.py:3441} INFO - Setting next_dagrun for example_kubernetes_executor to None, run_after=None
[2023-02-10T02:26:32.006+0000] {processor.py:175} INFO - Processing /home/airflow/.local/lib/python3.7/site-packages/airflow/example_dags/example_kubernetes_executor.py took 1.611 seconds
[2023-02-10T02:27:02.726+0000] {processor.py:153} INFO - Started process (PID=754) to work on /home/airflow/.local/lib/python3.7/site-packages/airflow/example_dags/example_kubernetes_executor.py
[2023-02-10T02:27:02.731+0000] {processor.py:743} INFO - Processing file /home/airflow/.local/lib/python3.7/site-packages/airflow/example_dags/example_kubernetes_executor.py for tasks to queue
[2023-02-10T02:27:02.745+0000] {logging_mixin.py:137} INFO - [2023-02-10T02:27:02.745+0000] {dagbag.py:538} INFO - Filling up the DagBag from /home/airflow/.local/lib/python3.7/site-packages/airflow/example_dags/example_kubernetes_executor.py
[2023-02-10T02:27:02.897+0000] {processor.py:753} INFO - DAG(s) dict_keys(['example_kubernetes_executor']) retrieved from /home/airflow/.local/lib/python3.7/site-packages/airflow/example_dags/example_kubernetes_executor.py
[2023-02-10T02:27:03.041+0000] {logging_mixin.py:137} INFO - [2023-02-10T02:27:03.041+0000] {dag.py:2690} INFO - Sync 1 DAGs
[2023-02-10T02:27:03.338+0000] {logging_mixin.py:137} INFO - [2023-02-10T02:27:03.337+0000] {dag.py:3441} INFO - Setting next_dagrun for example_kubernetes_executor to None, run_after=None
[2023-02-10T02:27:03.402+0000] {processor.py:175} INFO - Processing /home/airflow/.local/lib/python3.7/site-packages/airflow/example_dags/example_kubernetes_executor.py took 0.691 seconds
[2023-02-10T02:27:34.231+0000] {processor.py:153} INFO - Started process (PID=804) to work on /home/airflow/.local/lib/python3.7/site-packages/airflow/example_dags/example_kubernetes_executor.py
[2023-02-10T02:27:34.245+0000] {processor.py:743} INFO - Processing file /home/airflow/.local/lib/python3.7/site-packages/airflow/example_dags/example_kubernetes_executor.py for tasks to queue
[2023-02-10T02:27:34.261+0000] {logging_mixin.py:137} INFO - [2023-02-10T02:27:34.260+0000] {dagbag.py:538} INFO - Filling up the DagBag from /home/airflow/.local/lib/python3.7/site-packages/airflow/example_dags/example_kubernetes_executor.py
[2023-02-10T02:27:34.401+0000] {processor.py:753} INFO - DAG(s) dict_keys(['example_kubernetes_executor']) retrieved from /home/airflow/.local/lib/python3.7/site-packages/airflow/example_dags/example_kubernetes_executor.py
[2023-02-10T02:27:34.655+0000] {logging_mixin.py:137} INFO - [2023-02-10T02:27:34.654+0000] {dag.py:2690} INFO - Sync 1 DAGs
[2023-02-10T02:27:34.856+0000] {logging_mixin.py:137} INFO - [2023-02-10T02:27:34.856+0000] {dag.py:3441} INFO - Setting next_dagrun for example_kubernetes_executor to None, run_after=None
[2023-02-10T02:27:34.975+0000] {processor.py:175} INFO - Processing /home/airflow/.local/lib/python3.7/site-packages/airflow/example_dags/example_kubernetes_executor.py took 0.766 seconds
[2023-02-10T02:28:07.978+0000] {processor.py:153} INFO - Started process (PID=863) to work on /home/airflow/.local/lib/python3.7/site-packages/airflow/example_dags/example_kubernetes_executor.py
[2023-02-10T02:28:07.995+0000] {processor.py:743} INFO - Processing file /home/airflow/.local/lib/python3.7/site-packages/airflow/example_dags/example_kubernetes_executor.py for tasks to queue
[2023-02-10T02:28:08.008+0000] {logging_mixin.py:137} INFO - [2023-02-10T02:28:08.004+0000] {dagbag.py:538} INFO - Filling up the DagBag from /home/airflow/.local/lib/python3.7/site-packages/airflow/example_dags/example_kubernetes_executor.py
[2023-02-10T02:28:08.493+0000] {processor.py:753} INFO - DAG(s) dict_keys(['example_kubernetes_executor']) retrieved from /home/airflow/.local/lib/python3.7/site-packages/airflow/example_dags/example_kubernetes_executor.py
[2023-02-10T02:28:09.049+0000] {logging_mixin.py:137} INFO - [2023-02-10T02:28:09.049+0000] {dag.py:2690} INFO - Sync 1 DAGs
[2023-02-10T02:28:09.476+0000] {logging_mixin.py:137} INFO - [2023-02-10T02:28:09.475+0000] {dag.py:3441} INFO - Setting next_dagrun for example_kubernetes_executor to None, run_after=None
[2023-02-10T02:28:09.630+0000] {processor.py:175} INFO - Processing /home/airflow/.local/lib/python3.7/site-packages/airflow/example_dags/example_kubernetes_executor.py took 1.755 seconds
[2023-02-10T02:28:47.140+0000] {processor.py:153} INFO - Started process (PID=921) to work on /home/airflow/.local/lib/python3.7/site-packages/airflow/example_dags/example_kubernetes_executor.py
[2023-02-10T02:28:47.147+0000] {processor.py:743} INFO - Processing file /home/airflow/.local/lib/python3.7/site-packages/airflow/example_dags/example_kubernetes_executor.py for tasks to queue
[2023-02-10T02:28:47.156+0000] {logging_mixin.py:137} INFO - [2023-02-10T02:28:47.155+0000] {dagbag.py:538} INFO - Filling up the DagBag from /home/airflow/.local/lib/python3.7/site-packages/airflow/example_dags/example_kubernetes_executor.py
[2023-02-10T02:28:47.411+0000] {processor.py:753} INFO - DAG(s) dict_keys(['example_kubernetes_executor']) retrieved from /home/airflow/.local/lib/python3.7/site-packages/airflow/example_dags/example_kubernetes_executor.py
[2023-02-10T02:28:47.866+0000] {logging_mixin.py:137} INFO - [2023-02-10T02:28:47.866+0000] {dag.py:2690} INFO - Sync 1 DAGs
[2023-02-10T02:28:48.108+0000] {logging_mixin.py:137} INFO - [2023-02-10T02:28:48.107+0000] {dag.py:3441} INFO - Setting next_dagrun for example_kubernetes_executor to None, run_after=None
[2023-02-10T02:28:48.273+0000] {processor.py:175} INFO - Processing /home/airflow/.local/lib/python3.7/site-packages/airflow/example_dags/example_kubernetes_executor.py took 1.163 seconds
