[2023-02-10T01:50:11.693+0000] {processor.py:153} INFO - Started process (PID=253) to work on /home/airflow/.local/lib/python3.7/site-packages/airflow/example_dags/example_sensor_decorator.py
[2023-02-10T01:50:11.769+0000] {processor.py:743} INFO - Processing file /home/airflow/.local/lib/python3.7/site-packages/airflow/example_dags/example_sensor_decorator.py for tasks to queue
[2023-02-10T01:50:11.833+0000] {logging_mixin.py:137} INFO - [2023-02-10T01:50:11.832+0000] {dagbag.py:538} INFO - Filling up the DagBag from /home/airflow/.local/lib/python3.7/site-packages/airflow/example_dags/example_sensor_decorator.py
[2023-02-10T01:50:15.094+0000] {processor.py:753} INFO - DAG(s) dict_keys(['example_sensor_decorator']) retrieved from /home/airflow/.local/lib/python3.7/site-packages/airflow/example_dags/example_sensor_decorator.py
[2023-02-10T01:50:16.788+0000] {logging_mixin.py:137} INFO - [2023-02-10T01:50:16.787+0000] {dag.py:2690} INFO - Sync 1 DAGs
[2023-02-10T01:50:18.539+0000] {logging_mixin.py:137} INFO - [2023-02-10T01:50:18.538+0000] {dag.py:3441} INFO - Setting next_dagrun for example_sensor_decorator to None, run_after=None
[2023-02-10T01:50:19.731+0000] {processor.py:175} INFO - Processing /home/airflow/.local/lib/python3.7/site-packages/airflow/example_dags/example_sensor_decorator.py took 8.343 seconds
[2023-02-10T01:52:22.589+0000] {processor.py:153} INFO - Started process (PID=357) to work on /home/airflow/.local/lib/python3.7/site-packages/airflow/example_dags/example_sensor_decorator.py
[2023-02-10T01:52:22.607+0000] {processor.py:743} INFO - Processing file /home/airflow/.local/lib/python3.7/site-packages/airflow/example_dags/example_sensor_decorator.py for tasks to queue
[2023-02-10T01:52:22.613+0000] {logging_mixin.py:137} INFO - [2023-02-10T01:52:22.612+0000] {dagbag.py:538} INFO - Filling up the DagBag from /home/airflow/.local/lib/python3.7/site-packages/airflow/example_dags/example_sensor_decorator.py
[2023-02-10T01:52:22.866+0000] {processor.py:753} INFO - DAG(s) dict_keys(['example_sensor_decorator']) retrieved from /home/airflow/.local/lib/python3.7/site-packages/airflow/example_dags/example_sensor_decorator.py
[2023-02-10T01:52:23.162+0000] {logging_mixin.py:137} INFO - [2023-02-10T01:52:23.162+0000] {dag.py:2690} INFO - Sync 1 DAGs
[2023-02-10T01:52:23.510+0000] {logging_mixin.py:137} INFO - [2023-02-10T01:52:23.510+0000] {dag.py:3441} INFO - Setting next_dagrun for example_sensor_decorator to None, run_after=None
[2023-02-10T01:52:23.684+0000] {processor.py:175} INFO - Processing /home/airflow/.local/lib/python3.7/site-packages/airflow/example_dags/example_sensor_decorator.py took 1.130 seconds
[2023-02-10T01:52:56.293+0000] {processor.py:153} INFO - Started process (PID=409) to work on /home/airflow/.local/lib/python3.7/site-packages/airflow/example_dags/example_sensor_decorator.py
[2023-02-10T01:52:56.306+0000] {processor.py:743} INFO - Processing file /home/airflow/.local/lib/python3.7/site-packages/airflow/example_dags/example_sensor_decorator.py for tasks to queue
[2023-02-10T01:52:56.311+0000] {logging_mixin.py:137} INFO - [2023-02-10T01:52:56.311+0000] {dagbag.py:538} INFO - Filling up the DagBag from /home/airflow/.local/lib/python3.7/site-packages/airflow/example_dags/example_sensor_decorator.py
[2023-02-10T01:52:56.532+0000] {processor.py:753} INFO - DAG(s) dict_keys(['example_sensor_decorator']) retrieved from /home/airflow/.local/lib/python3.7/site-packages/airflow/example_dags/example_sensor_decorator.py
[2023-02-10T01:52:56.697+0000] {logging_mixin.py:137} INFO - [2023-02-10T01:52:56.696+0000] {dag.py:2690} INFO - Sync 1 DAGs
[2023-02-10T01:52:56.887+0000] {logging_mixin.py:137} INFO - [2023-02-10T01:52:56.887+0000] {dag.py:3441} INFO - Setting next_dagrun for example_sensor_decorator to None, run_after=None
[2023-02-10T01:52:57.028+0000] {processor.py:175} INFO - Processing /home/airflow/.local/lib/python3.7/site-packages/airflow/example_dags/example_sensor_decorator.py took 0.749 seconds
[2023-02-10T01:53:27.994+0000] {processor.py:153} INFO - Started process (PID=468) to work on /home/airflow/.local/lib/python3.7/site-packages/airflow/example_dags/example_sensor_decorator.py
[2023-02-10T01:53:28.018+0000] {processor.py:743} INFO - Processing file /home/airflow/.local/lib/python3.7/site-packages/airflow/example_dags/example_sensor_decorator.py for tasks to queue
[2023-02-10T01:53:28.049+0000] {logging_mixin.py:137} INFO - [2023-02-10T01:53:28.040+0000] {dagbag.py:538} INFO - Filling up the DagBag from /home/airflow/.local/lib/python3.7/site-packages/airflow/example_dags/example_sensor_decorator.py
[2023-02-10T01:53:28.329+0000] {processor.py:753} INFO - DAG(s) dict_keys(['example_sensor_decorator']) retrieved from /home/airflow/.local/lib/python3.7/site-packages/airflow/example_dags/example_sensor_decorator.py
[2023-02-10T01:53:28.658+0000] {logging_mixin.py:137} INFO - [2023-02-10T01:53:28.658+0000] {dag.py:2690} INFO - Sync 1 DAGs
[2023-02-10T01:53:29.074+0000] {logging_mixin.py:137} INFO - [2023-02-10T01:53:29.072+0000] {dag.py:3441} INFO - Setting next_dagrun for example_sensor_decorator to None, run_after=None
[2023-02-10T01:53:29.510+0000] {processor.py:175} INFO - Processing /home/airflow/.local/lib/python3.7/site-packages/airflow/example_dags/example_sensor_decorator.py took 1.561 seconds
[2023-02-10T01:53:59.650+0000] {processor.py:153} INFO - Started process (PID=516) to work on /home/airflow/.local/lib/python3.7/site-packages/airflow/example_dags/example_sensor_decorator.py
[2023-02-10T01:53:59.657+0000] {processor.py:743} INFO - Processing file /home/airflow/.local/lib/python3.7/site-packages/airflow/example_dags/example_sensor_decorator.py for tasks to queue
[2023-02-10T01:53:59.662+0000] {logging_mixin.py:137} INFO - [2023-02-10T01:53:59.661+0000] {dagbag.py:538} INFO - Filling up the DagBag from /home/airflow/.local/lib/python3.7/site-packages/airflow/example_dags/example_sensor_decorator.py
[2023-02-10T01:53:59.753+0000] {processor.py:753} INFO - DAG(s) dict_keys(['example_sensor_decorator']) retrieved from /home/airflow/.local/lib/python3.7/site-packages/airflow/example_dags/example_sensor_decorator.py
[2023-02-10T01:53:59.833+0000] {logging_mixin.py:137} INFO - [2023-02-10T01:53:59.833+0000] {dag.py:2690} INFO - Sync 1 DAGs
[2023-02-10T01:53:59.920+0000] {logging_mixin.py:137} INFO - [2023-02-10T01:53:59.919+0000] {dag.py:3441} INFO - Setting next_dagrun for example_sensor_decorator to None, run_after=None
[2023-02-10T01:53:59.992+0000] {processor.py:175} INFO - Processing /home/airflow/.local/lib/python3.7/site-packages/airflow/example_dags/example_sensor_decorator.py took 0.359 seconds
[2023-02-10T01:54:30.716+0000] {processor.py:153} INFO - Started process (PID=574) to work on /home/airflow/.local/lib/python3.7/site-packages/airflow/example_dags/example_sensor_decorator.py
[2023-02-10T01:54:30.721+0000] {processor.py:743} INFO - Processing file /home/airflow/.local/lib/python3.7/site-packages/airflow/example_dags/example_sensor_decorator.py for tasks to queue
[2023-02-10T01:54:30.726+0000] {logging_mixin.py:137} INFO - [2023-02-10T01:54:30.725+0000] {dagbag.py:538} INFO - Filling up the DagBag from /home/airflow/.local/lib/python3.7/site-packages/airflow/example_dags/example_sensor_decorator.py
[2023-02-10T01:54:30.779+0000] {processor.py:753} INFO - DAG(s) dict_keys(['example_sensor_decorator']) retrieved from /home/airflow/.local/lib/python3.7/site-packages/airflow/example_dags/example_sensor_decorator.py
[2023-02-10T01:54:30.829+0000] {logging_mixin.py:137} INFO - [2023-02-10T01:54:30.829+0000] {dag.py:2690} INFO - Sync 1 DAGs
[2023-02-10T01:54:30.898+0000] {logging_mixin.py:137} INFO - [2023-02-10T01:54:30.898+0000] {dag.py:3441} INFO - Setting next_dagrun for example_sensor_decorator to None, run_after=None
[2023-02-10T01:54:30.959+0000] {processor.py:175} INFO - Processing /home/airflow/.local/lib/python3.7/site-packages/airflow/example_dags/example_sensor_decorator.py took 0.253 seconds
[2023-02-10T01:55:01.515+0000] {processor.py:153} INFO - Started process (PID=632) to work on /home/airflow/.local/lib/python3.7/site-packages/airflow/example_dags/example_sensor_decorator.py
[2023-02-10T01:55:01.532+0000] {processor.py:743} INFO - Processing file /home/airflow/.local/lib/python3.7/site-packages/airflow/example_dags/example_sensor_decorator.py for tasks to queue
[2023-02-10T01:55:01.536+0000] {logging_mixin.py:137} INFO - [2023-02-10T01:55:01.536+0000] {dagbag.py:538} INFO - Filling up the DagBag from /home/airflow/.local/lib/python3.7/site-packages/airflow/example_dags/example_sensor_decorator.py
[2023-02-10T01:55:01.717+0000] {processor.py:753} INFO - DAG(s) dict_keys(['example_sensor_decorator']) retrieved from /home/airflow/.local/lib/python3.7/site-packages/airflow/example_dags/example_sensor_decorator.py
[2023-02-10T01:55:01.883+0000] {logging_mixin.py:137} INFO - [2023-02-10T01:55:01.883+0000] {dag.py:2690} INFO - Sync 1 DAGs
[2023-02-10T01:55:02.149+0000] {logging_mixin.py:137} INFO - [2023-02-10T01:55:02.148+0000] {dag.py:3441} INFO - Setting next_dagrun for example_sensor_decorator to None, run_after=None
[2023-02-10T01:55:02.255+0000] {processor.py:175} INFO - Processing /home/airflow/.local/lib/python3.7/site-packages/airflow/example_dags/example_sensor_decorator.py took 0.791 seconds
[2023-02-10T01:55:33.175+0000] {processor.py:153} INFO - Started process (PID=689) to work on /home/airflow/.local/lib/python3.7/site-packages/airflow/example_dags/example_sensor_decorator.py
[2023-02-10T01:55:33.179+0000] {processor.py:743} INFO - Processing file /home/airflow/.local/lib/python3.7/site-packages/airflow/example_dags/example_sensor_decorator.py for tasks to queue
[2023-02-10T01:55:33.186+0000] {logging_mixin.py:137} INFO - [2023-02-10T01:55:33.186+0000] {dagbag.py:538} INFO - Filling up the DagBag from /home/airflow/.local/lib/python3.7/site-packages/airflow/example_dags/example_sensor_decorator.py
[2023-02-10T01:55:33.377+0000] {processor.py:753} INFO - DAG(s) dict_keys(['example_sensor_decorator']) retrieved from /home/airflow/.local/lib/python3.7/site-packages/airflow/example_dags/example_sensor_decorator.py
[2023-02-10T01:55:33.541+0000] {logging_mixin.py:137} INFO - [2023-02-10T01:55:33.541+0000] {dag.py:2690} INFO - Sync 1 DAGs
[2023-02-10T01:55:33.771+0000] {logging_mixin.py:137} INFO - [2023-02-10T01:55:33.770+0000] {dag.py:3441} INFO - Setting next_dagrun for example_sensor_decorator to None, run_after=None
[2023-02-10T01:55:33.890+0000] {processor.py:175} INFO - Processing /home/airflow/.local/lib/python3.7/site-packages/airflow/example_dags/example_sensor_decorator.py took 0.764 seconds
[2023-02-10T01:56:04.058+0000] {processor.py:153} INFO - Started process (PID=739) to work on /home/airflow/.local/lib/python3.7/site-packages/airflow/example_dags/example_sensor_decorator.py
[2023-02-10T01:56:04.062+0000] {processor.py:743} INFO - Processing file /home/airflow/.local/lib/python3.7/site-packages/airflow/example_dags/example_sensor_decorator.py for tasks to queue
[2023-02-10T01:56:04.068+0000] {logging_mixin.py:137} INFO - [2023-02-10T01:56:04.067+0000] {dagbag.py:538} INFO - Filling up the DagBag from /home/airflow/.local/lib/python3.7/site-packages/airflow/example_dags/example_sensor_decorator.py
[2023-02-10T01:56:04.146+0000] {processor.py:753} INFO - DAG(s) dict_keys(['example_sensor_decorator']) retrieved from /home/airflow/.local/lib/python3.7/site-packages/airflow/example_dags/example_sensor_decorator.py
[2023-02-10T01:56:04.219+0000] {logging_mixin.py:137} INFO - [2023-02-10T01:56:04.219+0000] {dag.py:2690} INFO - Sync 1 DAGs
[2023-02-10T01:56:04.305+0000] {logging_mixin.py:137} INFO - [2023-02-10T01:56:04.304+0000] {dag.py:3441} INFO - Setting next_dagrun for example_sensor_decorator to None, run_after=None
[2023-02-10T01:56:04.369+0000] {processor.py:175} INFO - Processing /home/airflow/.local/lib/python3.7/site-packages/airflow/example_dags/example_sensor_decorator.py took 0.326 seconds
[2023-02-10T01:56:34.648+0000] {processor.py:153} INFO - Started process (PID=798) to work on /home/airflow/.local/lib/python3.7/site-packages/airflow/example_dags/example_sensor_decorator.py
[2023-02-10T01:56:34.653+0000] {processor.py:743} INFO - Processing file /home/airflow/.local/lib/python3.7/site-packages/airflow/example_dags/example_sensor_decorator.py for tasks to queue
[2023-02-10T01:56:34.661+0000] {logging_mixin.py:137} INFO - [2023-02-10T01:56:34.659+0000] {dagbag.py:538} INFO - Filling up the DagBag from /home/airflow/.local/lib/python3.7/site-packages/airflow/example_dags/example_sensor_decorator.py
[2023-02-10T01:56:34.767+0000] {processor.py:753} INFO - DAG(s) dict_keys(['example_sensor_decorator']) retrieved from /home/airflow/.local/lib/python3.7/site-packages/airflow/example_dags/example_sensor_decorator.py
[2023-02-10T01:56:34.904+0000] {logging_mixin.py:137} INFO - [2023-02-10T01:56:34.904+0000] {dag.py:2690} INFO - Sync 1 DAGs
[2023-02-10T01:56:35.020+0000] {logging_mixin.py:137} INFO - [2023-02-10T01:56:35.020+0000] {dag.py:3441} INFO - Setting next_dagrun for example_sensor_decorator to None, run_after=None
[2023-02-10T01:56:35.160+0000] {processor.py:175} INFO - Processing /home/airflow/.local/lib/python3.7/site-packages/airflow/example_dags/example_sensor_decorator.py took 0.560 seconds
[2023-02-10T01:57:06.551+0000] {processor.py:153} INFO - Started process (PID=855) to work on /home/airflow/.local/lib/python3.7/site-packages/airflow/example_dags/example_sensor_decorator.py
[2023-02-10T01:57:06.561+0000] {processor.py:743} INFO - Processing file /home/airflow/.local/lib/python3.7/site-packages/airflow/example_dags/example_sensor_decorator.py for tasks to queue
[2023-02-10T01:57:06.574+0000] {logging_mixin.py:137} INFO - [2023-02-10T01:57:06.574+0000] {dagbag.py:538} INFO - Filling up the DagBag from /home/airflow/.local/lib/python3.7/site-packages/airflow/example_dags/example_sensor_decorator.py
[2023-02-10T01:57:06.871+0000] {processor.py:753} INFO - DAG(s) dict_keys(['example_sensor_decorator']) retrieved from /home/airflow/.local/lib/python3.7/site-packages/airflow/example_dags/example_sensor_decorator.py
[2023-02-10T01:57:07.211+0000] {logging_mixin.py:137} INFO - [2023-02-10T01:57:07.192+0000] {dag.py:2690} INFO - Sync 1 DAGs
[2023-02-10T01:57:07.508+0000] {logging_mixin.py:137} INFO - [2023-02-10T01:57:07.507+0000] {dag.py:3441} INFO - Setting next_dagrun for example_sensor_decorator to None, run_after=None
[2023-02-10T01:57:07.690+0000] {processor.py:175} INFO - Processing /home/airflow/.local/lib/python3.7/site-packages/airflow/example_dags/example_sensor_decorator.py took 1.156 seconds
[2023-02-10T01:57:44.732+0000] {processor.py:153} INFO - Started process (PID=899) to work on /home/airflow/.local/lib/python3.7/site-packages/airflow/example_dags/example_sensor_decorator.py
[2023-02-10T01:57:44.780+0000] {processor.py:743} INFO - Processing file /home/airflow/.local/lib/python3.7/site-packages/airflow/example_dags/example_sensor_decorator.py for tasks to queue
[2023-02-10T01:57:45.096+0000] {logging_mixin.py:137} INFO - [2023-02-10T01:57:45.095+0000] {dagbag.py:538} INFO - Filling up the DagBag from /home/airflow/.local/lib/python3.7/site-packages/airflow/example_dags/example_sensor_decorator.py
[2023-02-10T01:57:46.386+0000] {processor.py:753} INFO - DAG(s) dict_keys(['example_sensor_decorator']) retrieved from /home/airflow/.local/lib/python3.7/site-packages/airflow/example_dags/example_sensor_decorator.py
[2023-02-10T01:57:47.361+0000] {logging_mixin.py:137} INFO - [2023-02-10T01:57:47.361+0000] {dag.py:2690} INFO - Sync 1 DAGs
[2023-02-10T01:57:47.650+0000] {logging_mixin.py:137} INFO - [2023-02-10T01:57:47.645+0000] {dag.py:3441} INFO - Setting next_dagrun for example_sensor_decorator to None, run_after=None
[2023-02-10T01:57:47.857+0000] {processor.py:175} INFO - Processing /home/airflow/.local/lib/python3.7/site-packages/airflow/example_dags/example_sensor_decorator.py took 3.249 seconds
[2023-02-10T01:58:18.043+0000] {processor.py:153} INFO - Started process (PID=950) to work on /home/airflow/.local/lib/python3.7/site-packages/airflow/example_dags/example_sensor_decorator.py
[2023-02-10T01:58:18.055+0000] {processor.py:743} INFO - Processing file /home/airflow/.local/lib/python3.7/site-packages/airflow/example_dags/example_sensor_decorator.py for tasks to queue
[2023-02-10T01:58:18.065+0000] {logging_mixin.py:137} INFO - [2023-02-10T01:58:18.064+0000] {dagbag.py:538} INFO - Filling up the DagBag from /home/airflow/.local/lib/python3.7/site-packages/airflow/example_dags/example_sensor_decorator.py
[2023-02-10T01:58:18.181+0000] {processor.py:753} INFO - DAG(s) dict_keys(['example_sensor_decorator']) retrieved from /home/airflow/.local/lib/python3.7/site-packages/airflow/example_dags/example_sensor_decorator.py
[2023-02-10T01:58:18.235+0000] {logging_mixin.py:137} INFO - [2023-02-10T01:58:18.235+0000] {dag.py:2690} INFO - Sync 1 DAGs
[2023-02-10T01:58:18.287+0000] {logging_mixin.py:137} INFO - [2023-02-10T01:58:18.286+0000] {dag.py:3441} INFO - Setting next_dagrun for example_sensor_decorator to None, run_after=None
[2023-02-10T01:58:18.331+0000] {processor.py:175} INFO - Processing /home/airflow/.local/lib/python3.7/site-packages/airflow/example_dags/example_sensor_decorator.py took 0.296 seconds
[2023-02-10T01:58:57.208+0000] {processor.py:153} INFO - Started process (PID=1007) to work on /home/airflow/.local/lib/python3.7/site-packages/airflow/example_dags/example_sensor_decorator.py
[2023-02-10T01:58:57.214+0000] {processor.py:743} INFO - Processing file /home/airflow/.local/lib/python3.7/site-packages/airflow/example_dags/example_sensor_decorator.py for tasks to queue
[2023-02-10T01:58:57.222+0000] {logging_mixin.py:137} INFO - [2023-02-10T01:58:57.220+0000] {dagbag.py:538} INFO - Filling up the DagBag from /home/airflow/.local/lib/python3.7/site-packages/airflow/example_dags/example_sensor_decorator.py
[2023-02-10T01:58:57.304+0000] {processor.py:753} INFO - DAG(s) dict_keys(['example_sensor_decorator']) retrieved from /home/airflow/.local/lib/python3.7/site-packages/airflow/example_dags/example_sensor_decorator.py
[2023-02-10T01:58:57.374+0000] {logging_mixin.py:137} INFO - [2023-02-10T01:58:57.374+0000] {dag.py:2690} INFO - Sync 1 DAGs
[2023-02-10T01:58:57.473+0000] {logging_mixin.py:137} INFO - [2023-02-10T01:58:57.473+0000] {dag.py:3441} INFO - Setting next_dagrun for example_sensor_decorator to None, run_after=None
[2023-02-10T01:58:57.613+0000] {processor.py:175} INFO - Processing /home/airflow/.local/lib/python3.7/site-packages/airflow/example_dags/example_sensor_decorator.py took 0.433 seconds
[2023-02-10T01:59:34.185+0000] {processor.py:153} INFO - Started process (PID=1061) to work on /home/airflow/.local/lib/python3.7/site-packages/airflow/example_dags/example_sensor_decorator.py
[2023-02-10T01:59:34.205+0000] {processor.py:743} INFO - Processing file /home/airflow/.local/lib/python3.7/site-packages/airflow/example_dags/example_sensor_decorator.py for tasks to queue
[2023-02-10T01:59:34.209+0000] {logging_mixin.py:137} INFO - [2023-02-10T01:59:34.208+0000] {dagbag.py:538} INFO - Filling up the DagBag from /home/airflow/.local/lib/python3.7/site-packages/airflow/example_dags/example_sensor_decorator.py
[2023-02-10T01:59:34.527+0000] {processor.py:753} INFO - DAG(s) dict_keys(['example_sensor_decorator']) retrieved from /home/airflow/.local/lib/python3.7/site-packages/airflow/example_dags/example_sensor_decorator.py
[2023-02-10T01:59:34.969+0000] {logging_mixin.py:137} INFO - [2023-02-10T01:59:34.968+0000] {dag.py:2690} INFO - Sync 1 DAGs
[2023-02-10T01:59:35.744+0000] {logging_mixin.py:137} INFO - [2023-02-10T01:59:35.744+0000] {dag.py:3441} INFO - Setting next_dagrun for example_sensor_decorator to None, run_after=None
[2023-02-10T01:59:36.269+0000] {processor.py:175} INFO - Processing /home/airflow/.local/lib/python3.7/site-packages/airflow/example_dags/example_sensor_decorator.py took 2.135 seconds
[2023-02-10T02:00:16.836+0000] {processor.py:153} INFO - Started process (PID=1115) to work on /home/airflow/.local/lib/python3.7/site-packages/airflow/example_dags/example_sensor_decorator.py
[2023-02-10T02:00:16.842+0000] {processor.py:743} INFO - Processing file /home/airflow/.local/lib/python3.7/site-packages/airflow/example_dags/example_sensor_decorator.py for tasks to queue
[2023-02-10T02:00:16.851+0000] {logging_mixin.py:137} INFO - [2023-02-10T02:00:16.850+0000] {dagbag.py:538} INFO - Filling up the DagBag from /home/airflow/.local/lib/python3.7/site-packages/airflow/example_dags/example_sensor_decorator.py
[2023-02-10T02:00:16.923+0000] {processor.py:753} INFO - DAG(s) dict_keys(['example_sensor_decorator']) retrieved from /home/airflow/.local/lib/python3.7/site-packages/airflow/example_dags/example_sensor_decorator.py
[2023-02-10T02:00:17.057+0000] {logging_mixin.py:137} INFO - [2023-02-10T02:00:17.057+0000] {dag.py:2690} INFO - Sync 1 DAGs
[2023-02-10T02:00:17.252+0000] {logging_mixin.py:137} INFO - [2023-02-10T02:00:17.251+0000] {dag.py:3441} INFO - Setting next_dagrun for example_sensor_decorator to None, run_after=None
[2023-02-10T02:00:17.437+0000] {processor.py:175} INFO - Processing /home/airflow/.local/lib/python3.7/site-packages/airflow/example_dags/example_sensor_decorator.py took 0.620 seconds
[2023-02-10T02:00:48.157+0000] {processor.py:153} INFO - Started process (PID=1171) to work on /home/airflow/.local/lib/python3.7/site-packages/airflow/example_dags/example_sensor_decorator.py
[2023-02-10T02:00:48.180+0000] {processor.py:743} INFO - Processing file /home/airflow/.local/lib/python3.7/site-packages/airflow/example_dags/example_sensor_decorator.py for tasks to queue
[2023-02-10T02:00:48.213+0000] {logging_mixin.py:137} INFO - [2023-02-10T02:00:48.194+0000] {dagbag.py:538} INFO - Filling up the DagBag from /home/airflow/.local/lib/python3.7/site-packages/airflow/example_dags/example_sensor_decorator.py
[2023-02-10T02:00:48.536+0000] {processor.py:753} INFO - DAG(s) dict_keys(['example_sensor_decorator']) retrieved from /home/airflow/.local/lib/python3.7/site-packages/airflow/example_dags/example_sensor_decorator.py
[2023-02-10T02:00:48.867+0000] {logging_mixin.py:137} INFO - [2023-02-10T02:00:48.867+0000] {dag.py:2690} INFO - Sync 1 DAGs
[2023-02-10T02:00:49.238+0000] {logging_mixin.py:137} INFO - [2023-02-10T02:00:49.238+0000] {dag.py:3441} INFO - Setting next_dagrun for example_sensor_decorator to None, run_after=None
[2023-02-10T02:00:49.342+0000] {processor.py:175} INFO - Processing /home/airflow/.local/lib/python3.7/site-packages/airflow/example_dags/example_sensor_decorator.py took 1.245 seconds
[2023-02-10T02:01:20.931+0000] {processor.py:153} INFO - Started process (PID=1218) to work on /home/airflow/.local/lib/python3.7/site-packages/airflow/example_dags/example_sensor_decorator.py
[2023-02-10T02:01:20.968+0000] {processor.py:743} INFO - Processing file /home/airflow/.local/lib/python3.7/site-packages/airflow/example_dags/example_sensor_decorator.py for tasks to queue
[2023-02-10T02:01:20.986+0000] {logging_mixin.py:137} INFO - [2023-02-10T02:01:20.983+0000] {dagbag.py:538} INFO - Filling up the DagBag from /home/airflow/.local/lib/python3.7/site-packages/airflow/example_dags/example_sensor_decorator.py
[2023-02-10T02:01:21.397+0000] {processor.py:753} INFO - DAG(s) dict_keys(['example_sensor_decorator']) retrieved from /home/airflow/.local/lib/python3.7/site-packages/airflow/example_dags/example_sensor_decorator.py
[2023-02-10T02:01:21.704+0000] {logging_mixin.py:137} INFO - [2023-02-10T02:01:21.703+0000] {dag.py:2690} INFO - Sync 1 DAGs
[2023-02-10T02:01:22.273+0000] {logging_mixin.py:137} INFO - [2023-02-10T02:01:22.273+0000] {dag.py:3441} INFO - Setting next_dagrun for example_sensor_decorator to None, run_after=None
[2023-02-10T02:01:22.669+0000] {processor.py:175} INFO - Processing /home/airflow/.local/lib/python3.7/site-packages/airflow/example_dags/example_sensor_decorator.py took 1.764 seconds
[2023-02-10T02:01:58.905+0000] {processor.py:153} INFO - Started process (PID=1274) to work on /home/airflow/.local/lib/python3.7/site-packages/airflow/example_dags/example_sensor_decorator.py
[2023-02-10T02:01:58.919+0000] {processor.py:743} INFO - Processing file /home/airflow/.local/lib/python3.7/site-packages/airflow/example_dags/example_sensor_decorator.py for tasks to queue
[2023-02-10T02:01:58.965+0000] {logging_mixin.py:137} INFO - [2023-02-10T02:01:58.964+0000] {dagbag.py:538} INFO - Filling up the DagBag from /home/airflow/.local/lib/python3.7/site-packages/airflow/example_dags/example_sensor_decorator.py
[2023-02-10T02:01:59.131+0000] {processor.py:753} INFO - DAG(s) dict_keys(['example_sensor_decorator']) retrieved from /home/airflow/.local/lib/python3.7/site-packages/airflow/example_dags/example_sensor_decorator.py
[2023-02-10T02:01:59.236+0000] {logging_mixin.py:137} INFO - [2023-02-10T02:01:59.236+0000] {dag.py:2690} INFO - Sync 1 DAGs
[2023-02-10T02:01:59.394+0000] {logging_mixin.py:137} INFO - [2023-02-10T02:01:59.394+0000] {dag.py:3441} INFO - Setting next_dagrun for example_sensor_decorator to None, run_after=None
[2023-02-10T02:01:59.614+0000] {processor.py:175} INFO - Processing /home/airflow/.local/lib/python3.7/site-packages/airflow/example_dags/example_sensor_decorator.py took 0.737 seconds
[2023-02-10T02:02:30.429+0000] {processor.py:153} INFO - Started process (PID=1332) to work on /home/airflow/.local/lib/python3.7/site-packages/airflow/example_dags/example_sensor_decorator.py
[2023-02-10T02:02:30.436+0000] {processor.py:743} INFO - Processing file /home/airflow/.local/lib/python3.7/site-packages/airflow/example_dags/example_sensor_decorator.py for tasks to queue
[2023-02-10T02:02:30.442+0000] {logging_mixin.py:137} INFO - [2023-02-10T02:02:30.442+0000] {dagbag.py:538} INFO - Filling up the DagBag from /home/airflow/.local/lib/python3.7/site-packages/airflow/example_dags/example_sensor_decorator.py
[2023-02-10T02:02:30.676+0000] {processor.py:753} INFO - DAG(s) dict_keys(['example_sensor_decorator']) retrieved from /home/airflow/.local/lib/python3.7/site-packages/airflow/example_dags/example_sensor_decorator.py
[2023-02-10T02:02:30.909+0000] {logging_mixin.py:137} INFO - [2023-02-10T02:02:30.908+0000] {dag.py:2690} INFO - Sync 1 DAGs
[2023-02-10T02:02:31.085+0000] {logging_mixin.py:137} INFO - [2023-02-10T02:02:31.084+0000] {dag.py:3441} INFO - Setting next_dagrun for example_sensor_decorator to None, run_after=None
[2023-02-10T02:02:31.145+0000] {processor.py:175} INFO - Processing /home/airflow/.local/lib/python3.7/site-packages/airflow/example_dags/example_sensor_decorator.py took 0.822 seconds
[2023-02-10T02:03:02.166+0000] {processor.py:153} INFO - Started process (PID=1391) to work on /home/airflow/.local/lib/python3.7/site-packages/airflow/example_dags/example_sensor_decorator.py
[2023-02-10T02:03:02.170+0000] {processor.py:743} INFO - Processing file /home/airflow/.local/lib/python3.7/site-packages/airflow/example_dags/example_sensor_decorator.py for tasks to queue
[2023-02-10T02:03:02.176+0000] {logging_mixin.py:137} INFO - [2023-02-10T02:03:02.175+0000] {dagbag.py:538} INFO - Filling up the DagBag from /home/airflow/.local/lib/python3.7/site-packages/airflow/example_dags/example_sensor_decorator.py
[2023-02-10T02:03:02.235+0000] {processor.py:753} INFO - DAG(s) dict_keys(['example_sensor_decorator']) retrieved from /home/airflow/.local/lib/python3.7/site-packages/airflow/example_dags/example_sensor_decorator.py
[2023-02-10T02:03:02.360+0000] {logging_mixin.py:137} INFO - [2023-02-10T02:03:02.358+0000] {dag.py:2690} INFO - Sync 1 DAGs
[2023-02-10T02:03:02.538+0000] {logging_mixin.py:137} INFO - [2023-02-10T02:03:02.538+0000] {dag.py:3441} INFO - Setting next_dagrun for example_sensor_decorator to None, run_after=None
[2023-02-10T02:03:02.585+0000] {processor.py:175} INFO - Processing /home/airflow/.local/lib/python3.7/site-packages/airflow/example_dags/example_sensor_decorator.py took 0.428 seconds
[2023-02-10T02:03:33.018+0000] {processor.py:153} INFO - Started process (PID=1451) to work on /home/airflow/.local/lib/python3.7/site-packages/airflow/example_dags/example_sensor_decorator.py
[2023-02-10T02:03:33.021+0000] {processor.py:743} INFO - Processing file /home/airflow/.local/lib/python3.7/site-packages/airflow/example_dags/example_sensor_decorator.py for tasks to queue
[2023-02-10T02:03:33.024+0000] {logging_mixin.py:137} INFO - [2023-02-10T02:03:33.024+0000] {dagbag.py:538} INFO - Filling up the DagBag from /home/airflow/.local/lib/python3.7/site-packages/airflow/example_dags/example_sensor_decorator.py
[2023-02-10T02:03:33.104+0000] {processor.py:753} INFO - DAG(s) dict_keys(['example_sensor_decorator']) retrieved from /home/airflow/.local/lib/python3.7/site-packages/airflow/example_dags/example_sensor_decorator.py
[2023-02-10T02:03:33.159+0000] {logging_mixin.py:137} INFO - [2023-02-10T02:03:33.159+0000] {dag.py:2690} INFO - Sync 1 DAGs
[2023-02-10T02:03:33.220+0000] {logging_mixin.py:137} INFO - [2023-02-10T02:03:33.219+0000] {dag.py:3441} INFO - Setting next_dagrun for example_sensor_decorator to None, run_after=None
[2023-02-10T02:03:33.295+0000] {processor.py:175} INFO - Processing /home/airflow/.local/lib/python3.7/site-packages/airflow/example_dags/example_sensor_decorator.py took 0.295 seconds
[2023-02-10T02:04:03.412+0000] {processor.py:153} INFO - Started process (PID=1510) to work on /home/airflow/.local/lib/python3.7/site-packages/airflow/example_dags/example_sensor_decorator.py
[2023-02-10T02:04:03.419+0000] {processor.py:743} INFO - Processing file /home/airflow/.local/lib/python3.7/site-packages/airflow/example_dags/example_sensor_decorator.py for tasks to queue
[2023-02-10T02:04:03.423+0000] {logging_mixin.py:137} INFO - [2023-02-10T02:04:03.423+0000] {dagbag.py:538} INFO - Filling up the DagBag from /home/airflow/.local/lib/python3.7/site-packages/airflow/example_dags/example_sensor_decorator.py
[2023-02-10T02:04:03.509+0000] {processor.py:753} INFO - DAG(s) dict_keys(['example_sensor_decorator']) retrieved from /home/airflow/.local/lib/python3.7/site-packages/airflow/example_dags/example_sensor_decorator.py
[2023-02-10T02:04:03.625+0000] {logging_mixin.py:137} INFO - [2023-02-10T02:04:03.625+0000] {dag.py:2690} INFO - Sync 1 DAGs
[2023-02-10T02:04:03.695+0000] {logging_mixin.py:137} INFO - [2023-02-10T02:04:03.695+0000] {dag.py:3441} INFO - Setting next_dagrun for example_sensor_decorator to None, run_after=None
[2023-02-10T02:04:03.796+0000] {processor.py:175} INFO - Processing /home/airflow/.local/lib/python3.7/site-packages/airflow/example_dags/example_sensor_decorator.py took 0.397 seconds
[2023-02-10T02:04:33.989+0000] {processor.py:153} INFO - Started process (PID=1565) to work on /home/airflow/.local/lib/python3.7/site-packages/airflow/example_dags/example_sensor_decorator.py
[2023-02-10T02:04:34.003+0000] {processor.py:743} INFO - Processing file /home/airflow/.local/lib/python3.7/site-packages/airflow/example_dags/example_sensor_decorator.py for tasks to queue
[2023-02-10T02:04:34.013+0000] {logging_mixin.py:137} INFO - [2023-02-10T02:04:34.012+0000] {dagbag.py:538} INFO - Filling up the DagBag from /home/airflow/.local/lib/python3.7/site-packages/airflow/example_dags/example_sensor_decorator.py
[2023-02-10T02:04:34.133+0000] {processor.py:753} INFO - DAG(s) dict_keys(['example_sensor_decorator']) retrieved from /home/airflow/.local/lib/python3.7/site-packages/airflow/example_dags/example_sensor_decorator.py
[2023-02-10T02:04:34.215+0000] {logging_mixin.py:137} INFO - [2023-02-10T02:04:34.215+0000] {dag.py:2690} INFO - Sync 1 DAGs
[2023-02-10T02:04:34.295+0000] {logging_mixin.py:137} INFO - [2023-02-10T02:04:34.294+0000] {dag.py:3441} INFO - Setting next_dagrun for example_sensor_decorator to None, run_after=None
[2023-02-10T02:04:34.341+0000] {processor.py:175} INFO - Processing /home/airflow/.local/lib/python3.7/site-packages/airflow/example_dags/example_sensor_decorator.py took 0.376 seconds
[2023-02-10T02:05:05.472+0000] {processor.py:153} INFO - Started process (PID=1623) to work on /home/airflow/.local/lib/python3.7/site-packages/airflow/example_dags/example_sensor_decorator.py
[2023-02-10T02:05:05.481+0000] {processor.py:743} INFO - Processing file /home/airflow/.local/lib/python3.7/site-packages/airflow/example_dags/example_sensor_decorator.py for tasks to queue
[2023-02-10T02:05:05.487+0000] {logging_mixin.py:137} INFO - [2023-02-10T02:05:05.486+0000] {dagbag.py:538} INFO - Filling up the DagBag from /home/airflow/.local/lib/python3.7/site-packages/airflow/example_dags/example_sensor_decorator.py
[2023-02-10T02:05:05.617+0000] {processor.py:753} INFO - DAG(s) dict_keys(['example_sensor_decorator']) retrieved from /home/airflow/.local/lib/python3.7/site-packages/airflow/example_dags/example_sensor_decorator.py
[2023-02-10T02:05:05.750+0000] {logging_mixin.py:137} INFO - [2023-02-10T02:05:05.749+0000] {dag.py:2690} INFO - Sync 1 DAGs
[2023-02-10T02:05:05.872+0000] {logging_mixin.py:137} INFO - [2023-02-10T02:05:05.872+0000] {dag.py:3441} INFO - Setting next_dagrun for example_sensor_decorator to None, run_after=None
[2023-02-10T02:05:06.015+0000] {processor.py:175} INFO - Processing /home/airflow/.local/lib/python3.7/site-packages/airflow/example_dags/example_sensor_decorator.py took 0.561 seconds
[2023-02-10T02:05:36.296+0000] {processor.py:153} INFO - Started process (PID=1673) to work on /home/airflow/.local/lib/python3.7/site-packages/airflow/example_dags/example_sensor_decorator.py
[2023-02-10T02:05:36.300+0000] {processor.py:743} INFO - Processing file /home/airflow/.local/lib/python3.7/site-packages/airflow/example_dags/example_sensor_decorator.py for tasks to queue
[2023-02-10T02:05:36.303+0000] {logging_mixin.py:137} INFO - [2023-02-10T02:05:36.303+0000] {dagbag.py:538} INFO - Filling up the DagBag from /home/airflow/.local/lib/python3.7/site-packages/airflow/example_dags/example_sensor_decorator.py
[2023-02-10T02:05:36.358+0000] {processor.py:753} INFO - DAG(s) dict_keys(['example_sensor_decorator']) retrieved from /home/airflow/.local/lib/python3.7/site-packages/airflow/example_dags/example_sensor_decorator.py
[2023-02-10T02:05:36.408+0000] {logging_mixin.py:137} INFO - [2023-02-10T02:05:36.408+0000] {dag.py:2690} INFO - Sync 1 DAGs
[2023-02-10T02:05:36.462+0000] {logging_mixin.py:137} INFO - [2023-02-10T02:05:36.461+0000] {dag.py:3441} INFO - Setting next_dagrun for example_sensor_decorator to None, run_after=None
[2023-02-10T02:05:36.502+0000] {processor.py:175} INFO - Processing /home/airflow/.local/lib/python3.7/site-packages/airflow/example_dags/example_sensor_decorator.py took 0.213 seconds
[2023-02-10T02:06:07.080+0000] {processor.py:153} INFO - Started process (PID=1730) to work on /home/airflow/.local/lib/python3.7/site-packages/airflow/example_dags/example_sensor_decorator.py
[2023-02-10T02:06:07.085+0000] {processor.py:743} INFO - Processing file /home/airflow/.local/lib/python3.7/site-packages/airflow/example_dags/example_sensor_decorator.py for tasks to queue
[2023-02-10T02:06:07.107+0000] {logging_mixin.py:137} INFO - [2023-02-10T02:06:07.100+0000] {dagbag.py:538} INFO - Filling up the DagBag from /home/airflow/.local/lib/python3.7/site-packages/airflow/example_dags/example_sensor_decorator.py
[2023-02-10T02:06:07.272+0000] {processor.py:753} INFO - DAG(s) dict_keys(['example_sensor_decorator']) retrieved from /home/airflow/.local/lib/python3.7/site-packages/airflow/example_dags/example_sensor_decorator.py
[2023-02-10T02:06:07.404+0000] {logging_mixin.py:137} INFO - [2023-02-10T02:06:07.404+0000] {dag.py:2690} INFO - Sync 1 DAGs
[2023-02-10T02:06:07.592+0000] {logging_mixin.py:137} INFO - [2023-02-10T02:06:07.591+0000] {dag.py:3441} INFO - Setting next_dagrun for example_sensor_decorator to None, run_after=None
[2023-02-10T02:06:07.790+0000] {processor.py:175} INFO - Processing /home/airflow/.local/lib/python3.7/site-packages/airflow/example_dags/example_sensor_decorator.py took 0.728 seconds
[2023-02-10T02:06:38.351+0000] {processor.py:153} INFO - Started process (PID=1787) to work on /home/airflow/.local/lib/python3.7/site-packages/airflow/example_dags/example_sensor_decorator.py
[2023-02-10T02:06:38.367+0000] {processor.py:743} INFO - Processing file /home/airflow/.local/lib/python3.7/site-packages/airflow/example_dags/example_sensor_decorator.py for tasks to queue
[2023-02-10T02:06:38.389+0000] {logging_mixin.py:137} INFO - [2023-02-10T02:06:38.388+0000] {dagbag.py:538} INFO - Filling up the DagBag from /home/airflow/.local/lib/python3.7/site-packages/airflow/example_dags/example_sensor_decorator.py
[2023-02-10T02:06:38.621+0000] {processor.py:753} INFO - DAG(s) dict_keys(['example_sensor_decorator']) retrieved from /home/airflow/.local/lib/python3.7/site-packages/airflow/example_dags/example_sensor_decorator.py
[2023-02-10T02:06:38.855+0000] {logging_mixin.py:137} INFO - [2023-02-10T02:06:38.855+0000] {dag.py:2690} INFO - Sync 1 DAGs
[2023-02-10T02:06:38.969+0000] {logging_mixin.py:137} INFO - [2023-02-10T02:06:38.969+0000] {dag.py:3441} INFO - Setting next_dagrun for example_sensor_decorator to None, run_after=None
[2023-02-10T02:06:39.087+0000] {processor.py:175} INFO - Processing /home/airflow/.local/lib/python3.7/site-packages/airflow/example_dags/example_sensor_decorator.py took 0.776 seconds
[2023-02-10T02:07:09.580+0000] {processor.py:153} INFO - Started process (PID=1845) to work on /home/airflow/.local/lib/python3.7/site-packages/airflow/example_dags/example_sensor_decorator.py
[2023-02-10T02:07:09.607+0000] {processor.py:743} INFO - Processing file /home/airflow/.local/lib/python3.7/site-packages/airflow/example_dags/example_sensor_decorator.py for tasks to queue
[2023-02-10T02:07:09.625+0000] {logging_mixin.py:137} INFO - [2023-02-10T02:07:09.625+0000] {dagbag.py:538} INFO - Filling up the DagBag from /home/airflow/.local/lib/python3.7/site-packages/airflow/example_dags/example_sensor_decorator.py
[2023-02-10T02:07:09.799+0000] {processor.py:753} INFO - DAG(s) dict_keys(['example_sensor_decorator']) retrieved from /home/airflow/.local/lib/python3.7/site-packages/airflow/example_dags/example_sensor_decorator.py
[2023-02-10T02:07:09.929+0000] {logging_mixin.py:137} INFO - [2023-02-10T02:07:09.929+0000] {dag.py:2690} INFO - Sync 1 DAGs
[2023-02-10T02:07:10.094+0000] {logging_mixin.py:137} INFO - [2023-02-10T02:07:10.093+0000] {dag.py:3441} INFO - Setting next_dagrun for example_sensor_decorator to None, run_after=None
[2023-02-10T02:07:10.289+0000] {processor.py:175} INFO - Processing /home/airflow/.local/lib/python3.7/site-packages/airflow/example_dags/example_sensor_decorator.py took 0.724 seconds
[2023-02-10T02:07:41.109+0000] {processor.py:153} INFO - Started process (PID=1904) to work on /home/airflow/.local/lib/python3.7/site-packages/airflow/example_dags/example_sensor_decorator.py
[2023-02-10T02:07:41.115+0000] {processor.py:743} INFO - Processing file /home/airflow/.local/lib/python3.7/site-packages/airflow/example_dags/example_sensor_decorator.py for tasks to queue
[2023-02-10T02:07:41.120+0000] {logging_mixin.py:137} INFO - [2023-02-10T02:07:41.120+0000] {dagbag.py:538} INFO - Filling up the DagBag from /home/airflow/.local/lib/python3.7/site-packages/airflow/example_dags/example_sensor_decorator.py
[2023-02-10T02:07:41.177+0000] {processor.py:753} INFO - DAG(s) dict_keys(['example_sensor_decorator']) retrieved from /home/airflow/.local/lib/python3.7/site-packages/airflow/example_dags/example_sensor_decorator.py
[2023-02-10T02:07:41.244+0000] {logging_mixin.py:137} INFO - [2023-02-10T02:07:41.244+0000] {dag.py:2690} INFO - Sync 1 DAGs
[2023-02-10T02:07:41.358+0000] {logging_mixin.py:137} INFO - [2023-02-10T02:07:41.357+0000] {dag.py:3441} INFO - Setting next_dagrun for example_sensor_decorator to None, run_after=None
[2023-02-10T02:07:41.443+0000] {processor.py:175} INFO - Processing /home/airflow/.local/lib/python3.7/site-packages/airflow/example_dags/example_sensor_decorator.py took 0.356 seconds
[2023-02-10T02:08:13.623+0000] {processor.py:153} INFO - Started process (PID=1961) to work on /home/airflow/.local/lib/python3.7/site-packages/airflow/example_dags/example_sensor_decorator.py
[2023-02-10T02:08:13.642+0000] {processor.py:743} INFO - Processing file /home/airflow/.local/lib/python3.7/site-packages/airflow/example_dags/example_sensor_decorator.py for tasks to queue
[2023-02-10T02:08:13.663+0000] {logging_mixin.py:137} INFO - [2023-02-10T02:08:13.663+0000] {dagbag.py:538} INFO - Filling up the DagBag from /home/airflow/.local/lib/python3.7/site-packages/airflow/example_dags/example_sensor_decorator.py
[2023-02-10T02:08:13.907+0000] {processor.py:753} INFO - DAG(s) dict_keys(['example_sensor_decorator']) retrieved from /home/airflow/.local/lib/python3.7/site-packages/airflow/example_dags/example_sensor_decorator.py
[2023-02-10T02:08:14.117+0000] {logging_mixin.py:137} INFO - [2023-02-10T02:08:14.116+0000] {dag.py:2690} INFO - Sync 1 DAGs
[2023-02-10T02:08:14.401+0000] {logging_mixin.py:137} INFO - [2023-02-10T02:08:14.400+0000] {dag.py:3441} INFO - Setting next_dagrun for example_sensor_decorator to None, run_after=None
[2023-02-10T02:08:14.570+0000] {processor.py:175} INFO - Processing /home/airflow/.local/lib/python3.7/site-packages/airflow/example_dags/example_sensor_decorator.py took 1.001 seconds
[2023-02-10T02:08:45.496+0000] {processor.py:153} INFO - Started process (PID=2011) to work on /home/airflow/.local/lib/python3.7/site-packages/airflow/example_dags/example_sensor_decorator.py
[2023-02-10T02:08:45.504+0000] {processor.py:743} INFO - Processing file /home/airflow/.local/lib/python3.7/site-packages/airflow/example_dags/example_sensor_decorator.py for tasks to queue
[2023-02-10T02:08:45.513+0000] {logging_mixin.py:137} INFO - [2023-02-10T02:08:45.513+0000] {dagbag.py:538} INFO - Filling up the DagBag from /home/airflow/.local/lib/python3.7/site-packages/airflow/example_dags/example_sensor_decorator.py
[2023-02-10T02:08:45.631+0000] {processor.py:753} INFO - DAG(s) dict_keys(['example_sensor_decorator']) retrieved from /home/airflow/.local/lib/python3.7/site-packages/airflow/example_dags/example_sensor_decorator.py
[2023-02-10T02:08:45.739+0000] {logging_mixin.py:137} INFO - [2023-02-10T02:08:45.739+0000] {dag.py:2690} INFO - Sync 1 DAGs
[2023-02-10T02:08:45.985+0000] {logging_mixin.py:137} INFO - [2023-02-10T02:08:45.984+0000] {dag.py:3441} INFO - Setting next_dagrun for example_sensor_decorator to None, run_after=None
[2023-02-10T02:08:46.076+0000] {processor.py:175} INFO - Processing /home/airflow/.local/lib/python3.7/site-packages/airflow/example_dags/example_sensor_decorator.py took 0.616 seconds
[2023-02-10T02:09:16.909+0000] {processor.py:153} INFO - Started process (PID=2069) to work on /home/airflow/.local/lib/python3.7/site-packages/airflow/example_dags/example_sensor_decorator.py
[2023-02-10T02:09:16.923+0000] {processor.py:743} INFO - Processing file /home/airflow/.local/lib/python3.7/site-packages/airflow/example_dags/example_sensor_decorator.py for tasks to queue
[2023-02-10T02:09:16.940+0000] {logging_mixin.py:137} INFO - [2023-02-10T02:09:16.939+0000] {dagbag.py:538} INFO - Filling up the DagBag from /home/airflow/.local/lib/python3.7/site-packages/airflow/example_dags/example_sensor_decorator.py
[2023-02-10T02:09:17.041+0000] {processor.py:753} INFO - DAG(s) dict_keys(['example_sensor_decorator']) retrieved from /home/airflow/.local/lib/python3.7/site-packages/airflow/example_dags/example_sensor_decorator.py
[2023-02-10T02:09:17.298+0000] {logging_mixin.py:137} INFO - [2023-02-10T02:09:17.297+0000] {dag.py:2690} INFO - Sync 1 DAGs
[2023-02-10T02:09:17.707+0000] {logging_mixin.py:137} INFO - [2023-02-10T02:09:17.707+0000] {dag.py:3441} INFO - Setting next_dagrun for example_sensor_decorator to None, run_after=None
[2023-02-10T02:09:17.824+0000] {processor.py:175} INFO - Processing /home/airflow/.local/lib/python3.7/site-packages/airflow/example_dags/example_sensor_decorator.py took 0.935 seconds
[2023-02-10T02:09:48.724+0000] {processor.py:153} INFO - Started process (PID=2118) to work on /home/airflow/.local/lib/python3.7/site-packages/airflow/example_dags/example_sensor_decorator.py
[2023-02-10T02:09:48.735+0000] {processor.py:743} INFO - Processing file /home/airflow/.local/lib/python3.7/site-packages/airflow/example_dags/example_sensor_decorator.py for tasks to queue
[2023-02-10T02:09:48.743+0000] {logging_mixin.py:137} INFO - [2023-02-10T02:09:48.742+0000] {dagbag.py:538} INFO - Filling up the DagBag from /home/airflow/.local/lib/python3.7/site-packages/airflow/example_dags/example_sensor_decorator.py
[2023-02-10T02:09:48.820+0000] {processor.py:753} INFO - DAG(s) dict_keys(['example_sensor_decorator']) retrieved from /home/airflow/.local/lib/python3.7/site-packages/airflow/example_dags/example_sensor_decorator.py
[2023-02-10T02:09:48.891+0000] {logging_mixin.py:137} INFO - [2023-02-10T02:09:48.891+0000] {dag.py:2690} INFO - Sync 1 DAGs
[2023-02-10T02:09:48.969+0000] {logging_mixin.py:137} INFO - [2023-02-10T02:09:48.968+0000] {dag.py:3441} INFO - Setting next_dagrun for example_sensor_decorator to None, run_after=None
[2023-02-10T02:09:49.043+0000] {processor.py:175} INFO - Processing /home/airflow/.local/lib/python3.7/site-packages/airflow/example_dags/example_sensor_decorator.py took 0.351 seconds
[2023-02-10T02:10:31.875+0000] {processor.py:153} INFO - Started process (PID=2181) to work on /home/airflow/.local/lib/python3.7/site-packages/airflow/example_dags/example_sensor_decorator.py
[2023-02-10T02:10:31.890+0000] {processor.py:743} INFO - Processing file /home/airflow/.local/lib/python3.7/site-packages/airflow/example_dags/example_sensor_decorator.py for tasks to queue
[2023-02-10T02:10:31.895+0000] {logging_mixin.py:137} INFO - [2023-02-10T02:10:31.894+0000] {dagbag.py:538} INFO - Filling up the DagBag from /home/airflow/.local/lib/python3.7/site-packages/airflow/example_dags/example_sensor_decorator.py
[2023-02-10T02:10:32.122+0000] {processor.py:753} INFO - DAG(s) dict_keys(['example_sensor_decorator']) retrieved from /home/airflow/.local/lib/python3.7/site-packages/airflow/example_dags/example_sensor_decorator.py
[2023-02-10T02:10:32.405+0000] {logging_mixin.py:137} INFO - [2023-02-10T02:10:32.404+0000] {dag.py:2690} INFO - Sync 1 DAGs
[2023-02-10T02:10:32.577+0000] {logging_mixin.py:137} INFO - [2023-02-10T02:10:32.577+0000] {dag.py:3441} INFO - Setting next_dagrun for example_sensor_decorator to None, run_after=None
[2023-02-10T02:10:32.738+0000] {processor.py:175} INFO - Processing /home/airflow/.local/lib/python3.7/site-packages/airflow/example_dags/example_sensor_decorator.py took 0.914 seconds
[2023-02-10T02:11:03.480+0000] {processor.py:153} INFO - Started process (PID=2233) to work on /home/airflow/.local/lib/python3.7/site-packages/airflow/example_dags/example_sensor_decorator.py
[2023-02-10T02:11:03.483+0000] {processor.py:743} INFO - Processing file /home/airflow/.local/lib/python3.7/site-packages/airflow/example_dags/example_sensor_decorator.py for tasks to queue
[2023-02-10T02:11:03.486+0000] {logging_mixin.py:137} INFO - [2023-02-10T02:11:03.486+0000] {dagbag.py:538} INFO - Filling up the DagBag from /home/airflow/.local/lib/python3.7/site-packages/airflow/example_dags/example_sensor_decorator.py
[2023-02-10T02:11:03.614+0000] {processor.py:753} INFO - DAG(s) dict_keys(['example_sensor_decorator']) retrieved from /home/airflow/.local/lib/python3.7/site-packages/airflow/example_dags/example_sensor_decorator.py
[2023-02-10T02:11:03.841+0000] {logging_mixin.py:137} INFO - [2023-02-10T02:11:03.841+0000] {dag.py:2690} INFO - Sync 1 DAGs
[2023-02-10T02:11:03.940+0000] {logging_mixin.py:137} INFO - [2023-02-10T02:11:03.939+0000] {dag.py:3441} INFO - Setting next_dagrun for example_sensor_decorator to None, run_after=None
[2023-02-10T02:11:03.986+0000] {processor.py:175} INFO - Processing /home/airflow/.local/lib/python3.7/site-packages/airflow/example_dags/example_sensor_decorator.py took 0.524 seconds
[2023-02-10T02:11:34.269+0000] {processor.py:153} INFO - Started process (PID=2291) to work on /home/airflow/.local/lib/python3.7/site-packages/airflow/example_dags/example_sensor_decorator.py
[2023-02-10T02:11:34.278+0000] {processor.py:743} INFO - Processing file /home/airflow/.local/lib/python3.7/site-packages/airflow/example_dags/example_sensor_decorator.py for tasks to queue
[2023-02-10T02:11:34.288+0000] {logging_mixin.py:137} INFO - [2023-02-10T02:11:34.286+0000] {dagbag.py:538} INFO - Filling up the DagBag from /home/airflow/.local/lib/python3.7/site-packages/airflow/example_dags/example_sensor_decorator.py
[2023-02-10T02:11:34.356+0000] {processor.py:753} INFO - DAG(s) dict_keys(['example_sensor_decorator']) retrieved from /home/airflow/.local/lib/python3.7/site-packages/airflow/example_dags/example_sensor_decorator.py
[2023-02-10T02:11:34.425+0000] {logging_mixin.py:137} INFO - [2023-02-10T02:11:34.425+0000] {dag.py:2690} INFO - Sync 1 DAGs
[2023-02-10T02:11:34.478+0000] {logging_mixin.py:137} INFO - [2023-02-10T02:11:34.478+0000] {dag.py:3441} INFO - Setting next_dagrun for example_sensor_decorator to None, run_after=None
[2023-02-10T02:11:34.519+0000] {processor.py:175} INFO - Processing /home/airflow/.local/lib/python3.7/site-packages/airflow/example_dags/example_sensor_decorator.py took 0.265 seconds
[2023-02-10T02:12:05.247+0000] {processor.py:153} INFO - Started process (PID=2350) to work on /home/airflow/.local/lib/python3.7/site-packages/airflow/example_dags/example_sensor_decorator.py
[2023-02-10T02:12:05.252+0000] {processor.py:743} INFO - Processing file /home/airflow/.local/lib/python3.7/site-packages/airflow/example_dags/example_sensor_decorator.py for tasks to queue
[2023-02-10T02:12:05.256+0000] {logging_mixin.py:137} INFO - [2023-02-10T02:12:05.255+0000] {dagbag.py:538} INFO - Filling up the DagBag from /home/airflow/.local/lib/python3.7/site-packages/airflow/example_dags/example_sensor_decorator.py
[2023-02-10T02:12:05.459+0000] {processor.py:753} INFO - DAG(s) dict_keys(['example_sensor_decorator']) retrieved from /home/airflow/.local/lib/python3.7/site-packages/airflow/example_dags/example_sensor_decorator.py
[2023-02-10T02:12:05.556+0000] {logging_mixin.py:137} INFO - [2023-02-10T02:12:05.556+0000] {dag.py:2690} INFO - Sync 1 DAGs
[2023-02-10T02:12:05.711+0000] {logging_mixin.py:137} INFO - [2023-02-10T02:12:05.711+0000] {dag.py:3441} INFO - Setting next_dagrun for example_sensor_decorator to None, run_after=None
[2023-02-10T02:12:05.804+0000] {processor.py:175} INFO - Processing /home/airflow/.local/lib/python3.7/site-packages/airflow/example_dags/example_sensor_decorator.py took 0.580 seconds
[2023-02-10T02:12:37.733+0000] {processor.py:153} INFO - Started process (PID=2408) to work on /home/airflow/.local/lib/python3.7/site-packages/airflow/example_dags/example_sensor_decorator.py
[2023-02-10T02:12:37.754+0000] {processor.py:743} INFO - Processing file /home/airflow/.local/lib/python3.7/site-packages/airflow/example_dags/example_sensor_decorator.py for tasks to queue
[2023-02-10T02:12:37.770+0000] {logging_mixin.py:137} INFO - [2023-02-10T02:12:37.770+0000] {dagbag.py:538} INFO - Filling up the DagBag from /home/airflow/.local/lib/python3.7/site-packages/airflow/example_dags/example_sensor_decorator.py
[2023-02-10T02:12:37.940+0000] {processor.py:753} INFO - DAG(s) dict_keys(['example_sensor_decorator']) retrieved from /home/airflow/.local/lib/python3.7/site-packages/airflow/example_dags/example_sensor_decorator.py
[2023-02-10T02:12:38.169+0000] {logging_mixin.py:137} INFO - [2023-02-10T02:12:38.168+0000] {dag.py:2690} INFO - Sync 1 DAGs
[2023-02-10T02:12:38.347+0000] {logging_mixin.py:137} INFO - [2023-02-10T02:12:38.347+0000] {dag.py:3441} INFO - Setting next_dagrun for example_sensor_decorator to None, run_after=None
[2023-02-10T02:12:38.452+0000] {processor.py:175} INFO - Processing /home/airflow/.local/lib/python3.7/site-packages/airflow/example_dags/example_sensor_decorator.py took 0.771 seconds
[2023-02-10T02:13:09.184+0000] {processor.py:153} INFO - Started process (PID=2468) to work on /home/airflow/.local/lib/python3.7/site-packages/airflow/example_dags/example_sensor_decorator.py
[2023-02-10T02:13:09.263+0000] {processor.py:743} INFO - Processing file /home/airflow/.local/lib/python3.7/site-packages/airflow/example_dags/example_sensor_decorator.py for tasks to queue
[2023-02-10T02:13:09.281+0000] {logging_mixin.py:137} INFO - [2023-02-10T02:13:09.281+0000] {dagbag.py:538} INFO - Filling up the DagBag from /home/airflow/.local/lib/python3.7/site-packages/airflow/example_dags/example_sensor_decorator.py
[2023-02-10T02:13:09.459+0000] {processor.py:753} INFO - DAG(s) dict_keys(['example_sensor_decorator']) retrieved from /home/airflow/.local/lib/python3.7/site-packages/airflow/example_dags/example_sensor_decorator.py
[2023-02-10T02:13:10.495+0000] {logging_mixin.py:137} INFO - [2023-02-10T02:13:10.495+0000] {dag.py:2690} INFO - Sync 1 DAGs
[2023-02-10T02:13:11.010+0000] {logging_mixin.py:137} INFO - [2023-02-10T02:13:10.999+0000] {dag.py:3441} INFO - Setting next_dagrun for example_sensor_decorator to None, run_after=None
[2023-02-10T02:13:11.470+0000] {processor.py:175} INFO - Processing /home/airflow/.local/lib/python3.7/site-packages/airflow/example_dags/example_sensor_decorator.py took 2.376 seconds
[2023-02-10T02:13:42.007+0000] {processor.py:153} INFO - Started process (PID=2517) to work on /home/airflow/.local/lib/python3.7/site-packages/airflow/example_dags/example_sensor_decorator.py
[2023-02-10T02:13:42.011+0000] {processor.py:743} INFO - Processing file /home/airflow/.local/lib/python3.7/site-packages/airflow/example_dags/example_sensor_decorator.py for tasks to queue
[2023-02-10T02:13:42.025+0000] {logging_mixin.py:137} INFO - [2023-02-10T02:13:42.025+0000] {dagbag.py:538} INFO - Filling up the DagBag from /home/airflow/.local/lib/python3.7/site-packages/airflow/example_dags/example_sensor_decorator.py
[2023-02-10T02:13:42.100+0000] {processor.py:753} INFO - DAG(s) dict_keys(['example_sensor_decorator']) retrieved from /home/airflow/.local/lib/python3.7/site-packages/airflow/example_dags/example_sensor_decorator.py
[2023-02-10T02:13:42.187+0000] {logging_mixin.py:137} INFO - [2023-02-10T02:13:42.186+0000] {dag.py:2690} INFO - Sync 1 DAGs
[2023-02-10T02:13:42.266+0000] {logging_mixin.py:137} INFO - [2023-02-10T02:13:42.266+0000] {dag.py:3441} INFO - Setting next_dagrun for example_sensor_decorator to None, run_after=None
[2023-02-10T02:13:42.332+0000] {processor.py:175} INFO - Processing /home/airflow/.local/lib/python3.7/site-packages/airflow/example_dags/example_sensor_decorator.py took 0.335 seconds
[2023-02-10T02:14:14.791+0000] {processor.py:153} INFO - Started process (PID=2574) to work on /home/airflow/.local/lib/python3.7/site-packages/airflow/example_dags/example_sensor_decorator.py
[2023-02-10T02:14:14.800+0000] {processor.py:743} INFO - Processing file /home/airflow/.local/lib/python3.7/site-packages/airflow/example_dags/example_sensor_decorator.py for tasks to queue
[2023-02-10T02:14:14.810+0000] {logging_mixin.py:137} INFO - [2023-02-10T02:14:14.807+0000] {dagbag.py:538} INFO - Filling up the DagBag from /home/airflow/.local/lib/python3.7/site-packages/airflow/example_dags/example_sensor_decorator.py
[2023-02-10T02:14:15.041+0000] {processor.py:753} INFO - DAG(s) dict_keys(['example_sensor_decorator']) retrieved from /home/airflow/.local/lib/python3.7/site-packages/airflow/example_dags/example_sensor_decorator.py
[2023-02-10T02:14:15.370+0000] {logging_mixin.py:137} INFO - [2023-02-10T02:14:15.369+0000] {dag.py:2690} INFO - Sync 1 DAGs
[2023-02-10T02:14:15.644+0000] {logging_mixin.py:137} INFO - [2023-02-10T02:14:15.644+0000] {dag.py:3441} INFO - Setting next_dagrun for example_sensor_decorator to None, run_after=None
[2023-02-10T02:14:16.161+0000] {processor.py:175} INFO - Processing /home/airflow/.local/lib/python3.7/site-packages/airflow/example_dags/example_sensor_decorator.py took 1.386 seconds
[2023-02-10T02:14:46.640+0000] {processor.py:153} INFO - Started process (PID=2624) to work on /home/airflow/.local/lib/python3.7/site-packages/airflow/example_dags/example_sensor_decorator.py
[2023-02-10T02:14:46.643+0000] {processor.py:743} INFO - Processing file /home/airflow/.local/lib/python3.7/site-packages/airflow/example_dags/example_sensor_decorator.py for tasks to queue
[2023-02-10T02:14:46.647+0000] {logging_mixin.py:137} INFO - [2023-02-10T02:14:46.646+0000] {dagbag.py:538} INFO - Filling up the DagBag from /home/airflow/.local/lib/python3.7/site-packages/airflow/example_dags/example_sensor_decorator.py
[2023-02-10T02:14:46.692+0000] {processor.py:753} INFO - DAG(s) dict_keys(['example_sensor_decorator']) retrieved from /home/airflow/.local/lib/python3.7/site-packages/airflow/example_dags/example_sensor_decorator.py
[2023-02-10T02:14:46.745+0000] {logging_mixin.py:137} INFO - [2023-02-10T02:14:46.744+0000] {dag.py:2690} INFO - Sync 1 DAGs
[2023-02-10T02:14:46.800+0000] {logging_mixin.py:137} INFO - [2023-02-10T02:14:46.800+0000] {dag.py:3441} INFO - Setting next_dagrun for example_sensor_decorator to None, run_after=None
[2023-02-10T02:14:46.866+0000] {processor.py:175} INFO - Processing /home/airflow/.local/lib/python3.7/site-packages/airflow/example_dags/example_sensor_decorator.py took 0.233 seconds
[2023-02-10T02:15:17.246+0000] {processor.py:153} INFO - Started process (PID=2683) to work on /home/airflow/.local/lib/python3.7/site-packages/airflow/example_dags/example_sensor_decorator.py
[2023-02-10T02:15:17.250+0000] {processor.py:743} INFO - Processing file /home/airflow/.local/lib/python3.7/site-packages/airflow/example_dags/example_sensor_decorator.py for tasks to queue
[2023-02-10T02:15:17.255+0000] {logging_mixin.py:137} INFO - [2023-02-10T02:15:17.254+0000] {dagbag.py:538} INFO - Filling up the DagBag from /home/airflow/.local/lib/python3.7/site-packages/airflow/example_dags/example_sensor_decorator.py
[2023-02-10T02:15:17.376+0000] {processor.py:753} INFO - DAG(s) dict_keys(['example_sensor_decorator']) retrieved from /home/airflow/.local/lib/python3.7/site-packages/airflow/example_dags/example_sensor_decorator.py
[2023-02-10T02:15:17.446+0000] {logging_mixin.py:137} INFO - [2023-02-10T02:15:17.445+0000] {dag.py:2690} INFO - Sync 1 DAGs
[2023-02-10T02:15:17.626+0000] {logging_mixin.py:137} INFO - [2023-02-10T02:15:17.625+0000] {dag.py:3441} INFO - Setting next_dagrun for example_sensor_decorator to None, run_after=None
[2023-02-10T02:15:17.732+0000] {processor.py:175} INFO - Processing /home/airflow/.local/lib/python3.7/site-packages/airflow/example_dags/example_sensor_decorator.py took 0.503 seconds
[2023-02-10T02:15:51.110+0000] {processor.py:153} INFO - Started process (PID=2742) to work on /home/airflow/.local/lib/python3.7/site-packages/airflow/example_dags/example_sensor_decorator.py
[2023-02-10T02:15:51.119+0000] {processor.py:743} INFO - Processing file /home/airflow/.local/lib/python3.7/site-packages/airflow/example_dags/example_sensor_decorator.py for tasks to queue
[2023-02-10T02:15:51.131+0000] {logging_mixin.py:137} INFO - [2023-02-10T02:15:51.124+0000] {dagbag.py:538} INFO - Filling up the DagBag from /home/airflow/.local/lib/python3.7/site-packages/airflow/example_dags/example_sensor_decorator.py
[2023-02-10T02:15:51.291+0000] {processor.py:753} INFO - DAG(s) dict_keys(['example_sensor_decorator']) retrieved from /home/airflow/.local/lib/python3.7/site-packages/airflow/example_dags/example_sensor_decorator.py
[2023-02-10T02:15:51.366+0000] {logging_mixin.py:137} INFO - [2023-02-10T02:15:51.366+0000] {dag.py:2690} INFO - Sync 1 DAGs
[2023-02-10T02:15:51.490+0000] {logging_mixin.py:137} INFO - [2023-02-10T02:15:51.490+0000] {dag.py:3441} INFO - Setting next_dagrun for example_sensor_decorator to None, run_after=None
[2023-02-10T02:15:51.582+0000] {processor.py:175} INFO - Processing /home/airflow/.local/lib/python3.7/site-packages/airflow/example_dags/example_sensor_decorator.py took 0.496 seconds
[2023-02-10T02:16:22.281+0000] {processor.py:153} INFO - Started process (PID=2798) to work on /home/airflow/.local/lib/python3.7/site-packages/airflow/example_dags/example_sensor_decorator.py
[2023-02-10T02:16:22.296+0000] {processor.py:743} INFO - Processing file /home/airflow/.local/lib/python3.7/site-packages/airflow/example_dags/example_sensor_decorator.py for tasks to queue
[2023-02-10T02:16:22.310+0000] {logging_mixin.py:137} INFO - [2023-02-10T02:16:22.310+0000] {dagbag.py:538} INFO - Filling up the DagBag from /home/airflow/.local/lib/python3.7/site-packages/airflow/example_dags/example_sensor_decorator.py
[2023-02-10T02:16:22.476+0000] {processor.py:753} INFO - DAG(s) dict_keys(['example_sensor_decorator']) retrieved from /home/airflow/.local/lib/python3.7/site-packages/airflow/example_dags/example_sensor_decorator.py
[2023-02-10T02:16:22.581+0000] {logging_mixin.py:137} INFO - [2023-02-10T02:16:22.579+0000] {dag.py:2690} INFO - Sync 1 DAGs
[2023-02-10T02:16:22.744+0000] {logging_mixin.py:137} INFO - [2023-02-10T02:16:22.744+0000] {dag.py:3441} INFO - Setting next_dagrun for example_sensor_decorator to None, run_after=None
[2023-02-10T02:16:22.992+0000] {processor.py:175} INFO - Processing /home/airflow/.local/lib/python3.7/site-packages/airflow/example_dags/example_sensor_decorator.py took 0.743 seconds
[2023-02-10T02:16:54.474+0000] {processor.py:153} INFO - Started process (PID=2850) to work on /home/airflow/.local/lib/python3.7/site-packages/airflow/example_dags/example_sensor_decorator.py
[2023-02-10T02:16:54.509+0000] {processor.py:743} INFO - Processing file /home/airflow/.local/lib/python3.7/site-packages/airflow/example_dags/example_sensor_decorator.py for tasks to queue
[2023-02-10T02:16:54.523+0000] {logging_mixin.py:137} INFO - [2023-02-10T02:16:54.520+0000] {dagbag.py:538} INFO - Filling up the DagBag from /home/airflow/.local/lib/python3.7/site-packages/airflow/example_dags/example_sensor_decorator.py
[2023-02-10T02:16:54.790+0000] {processor.py:753} INFO - DAG(s) dict_keys(['example_sensor_decorator']) retrieved from /home/airflow/.local/lib/python3.7/site-packages/airflow/example_dags/example_sensor_decorator.py
[2023-02-10T02:16:55.004+0000] {logging_mixin.py:137} INFO - [2023-02-10T02:16:55.003+0000] {dag.py:2690} INFO - Sync 1 DAGs
[2023-02-10T02:16:55.483+0000] {logging_mixin.py:137} INFO - [2023-02-10T02:16:55.482+0000] {dag.py:3441} INFO - Setting next_dagrun for example_sensor_decorator to None, run_after=None
[2023-02-10T02:16:55.645+0000] {processor.py:175} INFO - Processing /home/airflow/.local/lib/python3.7/site-packages/airflow/example_dags/example_sensor_decorator.py took 1.238 seconds
[2023-02-10T02:17:26.206+0000] {processor.py:153} INFO - Started process (PID=2909) to work on /home/airflow/.local/lib/python3.7/site-packages/airflow/example_dags/example_sensor_decorator.py
[2023-02-10T02:17:26.250+0000] {processor.py:743} INFO - Processing file /home/airflow/.local/lib/python3.7/site-packages/airflow/example_dags/example_sensor_decorator.py for tasks to queue
[2023-02-10T02:17:26.269+0000] {logging_mixin.py:137} INFO - [2023-02-10T02:17:26.268+0000] {dagbag.py:538} INFO - Filling up the DagBag from /home/airflow/.local/lib/python3.7/site-packages/airflow/example_dags/example_sensor_decorator.py
[2023-02-10T02:17:27.653+0000] {processor.py:753} INFO - DAG(s) dict_keys(['example_sensor_decorator']) retrieved from /home/airflow/.local/lib/python3.7/site-packages/airflow/example_dags/example_sensor_decorator.py
[2023-02-10T02:17:28.836+0000] {logging_mixin.py:137} INFO - [2023-02-10T02:17:28.836+0000] {dag.py:2690} INFO - Sync 1 DAGs
[2023-02-10T02:17:34.307+0000] {logging_mixin.py:137} INFO - [2023-02-10T02:17:34.094+0000] {dag.py:3441} INFO - Setting next_dagrun for example_sensor_decorator to None, run_after=None
[2023-02-10T02:17:35.815+0000] {processor.py:175} INFO - Processing /home/airflow/.local/lib/python3.7/site-packages/airflow/example_dags/example_sensor_decorator.py took 9.672 seconds
[2023-02-10T02:18:09.886+0000] {processor.py:153} INFO - Started process (PID=2966) to work on /home/airflow/.local/lib/python3.7/site-packages/airflow/example_dags/example_sensor_decorator.py
[2023-02-10T02:18:09.914+0000] {processor.py:743} INFO - Processing file /home/airflow/.local/lib/python3.7/site-packages/airflow/example_dags/example_sensor_decorator.py for tasks to queue
[2023-02-10T02:18:09.929+0000] {logging_mixin.py:137} INFO - [2023-02-10T02:18:09.929+0000] {dagbag.py:538} INFO - Filling up the DagBag from /home/airflow/.local/lib/python3.7/site-packages/airflow/example_dags/example_sensor_decorator.py
[2023-02-10T02:18:10.450+0000] {processor.py:753} INFO - DAG(s) dict_keys(['example_sensor_decorator']) retrieved from /home/airflow/.local/lib/python3.7/site-packages/airflow/example_dags/example_sensor_decorator.py
[2023-02-10T02:18:10.712+0000] {logging_mixin.py:137} INFO - [2023-02-10T02:18:10.712+0000] {dag.py:2690} INFO - Sync 1 DAGs
[2023-02-10T02:18:11.041+0000] {logging_mixin.py:137} INFO - [2023-02-10T02:18:11.041+0000] {dag.py:3441} INFO - Setting next_dagrun for example_sensor_decorator to None, run_after=None
[2023-02-10T02:18:11.245+0000] {processor.py:175} INFO - Processing /home/airflow/.local/lib/python3.7/site-packages/airflow/example_dags/example_sensor_decorator.py took 1.427 seconds
[2023-02-10T02:18:41.717+0000] {processor.py:153} INFO - Started process (PID=3024) to work on /home/airflow/.local/lib/python3.7/site-packages/airflow/example_dags/example_sensor_decorator.py
[2023-02-10T02:18:41.733+0000] {processor.py:743} INFO - Processing file /home/airflow/.local/lib/python3.7/site-packages/airflow/example_dags/example_sensor_decorator.py for tasks to queue
[2023-02-10T02:18:41.742+0000] {logging_mixin.py:137} INFO - [2023-02-10T02:18:41.739+0000] {dagbag.py:538} INFO - Filling up the DagBag from /home/airflow/.local/lib/python3.7/site-packages/airflow/example_dags/example_sensor_decorator.py
[2023-02-10T02:18:41.970+0000] {processor.py:753} INFO - DAG(s) dict_keys(['example_sensor_decorator']) retrieved from /home/airflow/.local/lib/python3.7/site-packages/airflow/example_dags/example_sensor_decorator.py
[2023-02-10T02:18:42.105+0000] {logging_mixin.py:137} INFO - [2023-02-10T02:18:42.104+0000] {dag.py:2690} INFO - Sync 1 DAGs
[2023-02-10T02:18:42.222+0000] {logging_mixin.py:137} INFO - [2023-02-10T02:18:42.222+0000] {dag.py:3441} INFO - Setting next_dagrun for example_sensor_decorator to None, run_after=None
[2023-02-10T02:18:42.306+0000] {processor.py:175} INFO - Processing /home/airflow/.local/lib/python3.7/site-packages/airflow/example_dags/example_sensor_decorator.py took 0.615 seconds
[2023-02-10T02:19:22.596+0000] {processor.py:153} INFO - Started process (PID=49) to work on /home/airflow/.local/lib/python3.7/site-packages/airflow/example_dags/example_sensor_decorator.py
[2023-02-10T02:19:22.609+0000] {processor.py:743} INFO - Processing file /home/airflow/.local/lib/python3.7/site-packages/airflow/example_dags/example_sensor_decorator.py for tasks to queue
[2023-02-10T02:19:22.622+0000] {logging_mixin.py:137} INFO - [2023-02-10T02:19:22.622+0000] {dagbag.py:538} INFO - Filling up the DagBag from /home/airflow/.local/lib/python3.7/site-packages/airflow/example_dags/example_sensor_decorator.py
[2023-02-10T02:19:23.006+0000] {processor.py:753} INFO - DAG(s) dict_keys(['example_sensor_decorator']) retrieved from /home/airflow/.local/lib/python3.7/site-packages/airflow/example_dags/example_sensor_decorator.py
[2023-02-10T02:19:23.190+0000] {logging_mixin.py:137} INFO - [2023-02-10T02:19:23.190+0000] {dag.py:2690} INFO - Sync 1 DAGs
[2023-02-10T02:19:23.382+0000] {logging_mixin.py:137} INFO - [2023-02-10T02:19:23.382+0000] {dag.py:3441} INFO - Setting next_dagrun for example_sensor_decorator to None, run_after=None
[2023-02-10T02:19:23.542+0000] {processor.py:175} INFO - Processing /home/airflow/.local/lib/python3.7/site-packages/airflow/example_dags/example_sensor_decorator.py took 0.975 seconds
[2023-02-10T02:19:54.118+0000] {processor.py:153} INFO - Started process (PID=108) to work on /home/airflow/.local/lib/python3.7/site-packages/airflow/example_dags/example_sensor_decorator.py
[2023-02-10T02:19:54.125+0000] {processor.py:743} INFO - Processing file /home/airflow/.local/lib/python3.7/site-packages/airflow/example_dags/example_sensor_decorator.py for tasks to queue
[2023-02-10T02:19:54.129+0000] {logging_mixin.py:137} INFO - [2023-02-10T02:19:54.129+0000] {dagbag.py:538} INFO - Filling up the DagBag from /home/airflow/.local/lib/python3.7/site-packages/airflow/example_dags/example_sensor_decorator.py
[2023-02-10T02:19:54.232+0000] {processor.py:753} INFO - DAG(s) dict_keys(['example_sensor_decorator']) retrieved from /home/airflow/.local/lib/python3.7/site-packages/airflow/example_dags/example_sensor_decorator.py
[2023-02-10T02:19:54.310+0000] {logging_mixin.py:137} INFO - [2023-02-10T02:19:54.309+0000] {dag.py:2690} INFO - Sync 1 DAGs
[2023-02-10T02:19:54.374+0000] {logging_mixin.py:137} INFO - [2023-02-10T02:19:54.374+0000] {dag.py:3441} INFO - Setting next_dagrun for example_sensor_decorator to None, run_after=None
[2023-02-10T02:19:54.418+0000] {processor.py:175} INFO - Processing /home/airflow/.local/lib/python3.7/site-packages/airflow/example_dags/example_sensor_decorator.py took 0.313 seconds
[2023-02-10T02:20:47.854+0000] {processor.py:153} INFO - Started process (PID=173) to work on /home/airflow/.local/lib/python3.7/site-packages/airflow/example_dags/example_sensor_decorator.py
[2023-02-10T02:20:47.881+0000] {processor.py:743} INFO - Processing file /home/airflow/.local/lib/python3.7/site-packages/airflow/example_dags/example_sensor_decorator.py for tasks to queue
[2023-02-10T02:20:47.886+0000] {logging_mixin.py:137} INFO - [2023-02-10T02:20:47.886+0000] {dagbag.py:538} INFO - Filling up the DagBag from /home/airflow/.local/lib/python3.7/site-packages/airflow/example_dags/example_sensor_decorator.py
[2023-02-10T02:20:48.688+0000] {processor.py:753} INFO - DAG(s) dict_keys(['example_sensor_decorator']) retrieved from /home/airflow/.local/lib/python3.7/site-packages/airflow/example_dags/example_sensor_decorator.py
[2023-02-10T02:20:49.511+0000] {logging_mixin.py:137} INFO - [2023-02-10T02:20:49.511+0000] {dag.py:2690} INFO - Sync 1 DAGs
[2023-02-10T02:20:50.449+0000] {logging_mixin.py:137} INFO - [2023-02-10T02:20:50.438+0000] {dag.py:3441} INFO - Setting next_dagrun for example_sensor_decorator to None, run_after=None
[2023-02-10T02:20:51.280+0000] {processor.py:175} INFO - Processing /home/airflow/.local/lib/python3.7/site-packages/airflow/example_dags/example_sensor_decorator.py took 3.521 seconds
[2023-02-10T02:21:36.763+0000] {processor.py:153} INFO - Started process (PID=224) to work on /home/airflow/.local/lib/python3.7/site-packages/airflow/example_dags/example_sensor_decorator.py
[2023-02-10T02:21:36.776+0000] {processor.py:743} INFO - Processing file /home/airflow/.local/lib/python3.7/site-packages/airflow/example_dags/example_sensor_decorator.py for tasks to queue
[2023-02-10T02:21:36.789+0000] {logging_mixin.py:137} INFO - [2023-02-10T02:21:36.789+0000] {dagbag.py:538} INFO - Filling up the DagBag from /home/airflow/.local/lib/python3.7/site-packages/airflow/example_dags/example_sensor_decorator.py
[2023-02-10T02:21:37.155+0000] {processor.py:753} INFO - DAG(s) dict_keys(['example_sensor_decorator']) retrieved from /home/airflow/.local/lib/python3.7/site-packages/airflow/example_dags/example_sensor_decorator.py
[2023-02-10T02:21:37.402+0000] {logging_mixin.py:137} INFO - [2023-02-10T02:21:37.402+0000] {dag.py:2690} INFO - Sync 1 DAGs
[2023-02-10T02:21:37.756+0000] {logging_mixin.py:137} INFO - [2023-02-10T02:21:37.756+0000] {dag.py:3441} INFO - Setting next_dagrun for example_sensor_decorator to None, run_after=None
[2023-02-10T02:21:37.905+0000] {processor.py:175} INFO - Processing /home/airflow/.local/lib/python3.7/site-packages/airflow/example_dags/example_sensor_decorator.py took 1.192 seconds
[2023-02-10T02:22:12.782+0000] {processor.py:153} INFO - Started process (PID=281) to work on /home/airflow/.local/lib/python3.7/site-packages/airflow/example_dags/example_sensor_decorator.py
[2023-02-10T02:22:12.788+0000] {processor.py:743} INFO - Processing file /home/airflow/.local/lib/python3.7/site-packages/airflow/example_dags/example_sensor_decorator.py for tasks to queue
[2023-02-10T02:22:12.796+0000] {logging_mixin.py:137} INFO - [2023-02-10T02:22:12.794+0000] {dagbag.py:538} INFO - Filling up the DagBag from /home/airflow/.local/lib/python3.7/site-packages/airflow/example_dags/example_sensor_decorator.py
[2023-02-10T02:22:12.917+0000] {processor.py:753} INFO - DAG(s) dict_keys(['example_sensor_decorator']) retrieved from /home/airflow/.local/lib/python3.7/site-packages/airflow/example_dags/example_sensor_decorator.py
[2023-02-10T02:22:13.035+0000] {logging_mixin.py:137} INFO - [2023-02-10T02:22:13.035+0000] {dag.py:2690} INFO - Sync 1 DAGs
[2023-02-10T02:22:13.226+0000] {logging_mixin.py:137} INFO - [2023-02-10T02:22:13.224+0000] {dag.py:3441} INFO - Setting next_dagrun for example_sensor_decorator to None, run_after=None
[2023-02-10T02:22:13.365+0000] {processor.py:175} INFO - Processing /home/airflow/.local/lib/python3.7/site-packages/airflow/example_dags/example_sensor_decorator.py took 0.602 seconds
[2023-02-10T02:23:01.551+0000] {processor.py:153} INFO - Started process (PID=340) to work on /home/airflow/.local/lib/python3.7/site-packages/airflow/example_dags/example_sensor_decorator.py
[2023-02-10T02:23:01.567+0000] {processor.py:743} INFO - Processing file /home/airflow/.local/lib/python3.7/site-packages/airflow/example_dags/example_sensor_decorator.py for tasks to queue
[2023-02-10T02:23:01.583+0000] {logging_mixin.py:137} INFO - [2023-02-10T02:23:01.583+0000] {dagbag.py:538} INFO - Filling up the DagBag from /home/airflow/.local/lib/python3.7/site-packages/airflow/example_dags/example_sensor_decorator.py
[2023-02-10T02:23:02.514+0000] {processor.py:753} INFO - DAG(s) dict_keys(['example_sensor_decorator']) retrieved from /home/airflow/.local/lib/python3.7/site-packages/airflow/example_dags/example_sensor_decorator.py
[2023-02-10T02:23:03.320+0000] {logging_mixin.py:137} INFO - [2023-02-10T02:23:03.320+0000] {dag.py:2690} INFO - Sync 1 DAGs
[2023-02-10T02:23:04.398+0000] {logging_mixin.py:137} INFO - [2023-02-10T02:23:04.398+0000] {dag.py:3441} INFO - Setting next_dagrun for example_sensor_decorator to None, run_after=None
[2023-02-10T02:23:04.828+0000] {processor.py:175} INFO - Processing /home/airflow/.local/lib/python3.7/site-packages/airflow/example_dags/example_sensor_decorator.py took 3.312 seconds
[2023-02-10T02:23:35.991+0000] {processor.py:153} INFO - Started process (PID=398) to work on /home/airflow/.local/lib/python3.7/site-packages/airflow/example_dags/example_sensor_decorator.py
[2023-02-10T02:23:35.998+0000] {processor.py:743} INFO - Processing file /home/airflow/.local/lib/python3.7/site-packages/airflow/example_dags/example_sensor_decorator.py for tasks to queue
[2023-02-10T02:23:36.003+0000] {logging_mixin.py:137} INFO - [2023-02-10T02:23:36.002+0000] {dagbag.py:538} INFO - Filling up the DagBag from /home/airflow/.local/lib/python3.7/site-packages/airflow/example_dags/example_sensor_decorator.py
[2023-02-10T02:23:36.089+0000] {processor.py:753} INFO - DAG(s) dict_keys(['example_sensor_decorator']) retrieved from /home/airflow/.local/lib/python3.7/site-packages/airflow/example_dags/example_sensor_decorator.py
[2023-02-10T02:23:36.155+0000] {logging_mixin.py:137} INFO - [2023-02-10T02:23:36.155+0000] {dag.py:2690} INFO - Sync 1 DAGs
[2023-02-10T02:23:36.218+0000] {logging_mixin.py:137} INFO - [2023-02-10T02:23:36.218+0000] {dag.py:3441} INFO - Setting next_dagrun for example_sensor_decorator to None, run_after=None
[2023-02-10T02:23:36.265+0000] {processor.py:175} INFO - Processing /home/airflow/.local/lib/python3.7/site-packages/airflow/example_dags/example_sensor_decorator.py took 0.296 seconds
[2023-02-10T02:24:06.882+0000] {processor.py:153} INFO - Started process (PID=456) to work on /home/airflow/.local/lib/python3.7/site-packages/airflow/example_dags/example_sensor_decorator.py
[2023-02-10T02:24:06.887+0000] {processor.py:743} INFO - Processing file /home/airflow/.local/lib/python3.7/site-packages/airflow/example_dags/example_sensor_decorator.py for tasks to queue
[2023-02-10T02:24:06.895+0000] {logging_mixin.py:137} INFO - [2023-02-10T02:24:06.894+0000] {dagbag.py:538} INFO - Filling up the DagBag from /home/airflow/.local/lib/python3.7/site-packages/airflow/example_dags/example_sensor_decorator.py
[2023-02-10T02:24:06.952+0000] {processor.py:753} INFO - DAG(s) dict_keys(['example_sensor_decorator']) retrieved from /home/airflow/.local/lib/python3.7/site-packages/airflow/example_dags/example_sensor_decorator.py
[2023-02-10T02:24:07.022+0000] {logging_mixin.py:137} INFO - [2023-02-10T02:24:07.022+0000] {dag.py:2690} INFO - Sync 1 DAGs
[2023-02-10T02:24:07.089+0000] {logging_mixin.py:137} INFO - [2023-02-10T02:24:07.089+0000] {dag.py:3441} INFO - Setting next_dagrun for example_sensor_decorator to None, run_after=None
[2023-02-10T02:24:07.136+0000] {processor.py:175} INFO - Processing /home/airflow/.local/lib/python3.7/site-packages/airflow/example_dags/example_sensor_decorator.py took 0.264 seconds
[2023-02-10T02:24:38.452+0000] {processor.py:153} INFO - Started process (PID=505) to work on /home/airflow/.local/lib/python3.7/site-packages/airflow/example_dags/example_sensor_decorator.py
[2023-02-10T02:24:38.511+0000] {processor.py:743} INFO - Processing file /home/airflow/.local/lib/python3.7/site-packages/airflow/example_dags/example_sensor_decorator.py for tasks to queue
[2023-02-10T02:24:38.530+0000] {logging_mixin.py:137} INFO - [2023-02-10T02:24:38.530+0000] {dagbag.py:538} INFO - Filling up the DagBag from /home/airflow/.local/lib/python3.7/site-packages/airflow/example_dags/example_sensor_decorator.py
[2023-02-10T02:24:38.686+0000] {processor.py:753} INFO - DAG(s) dict_keys(['example_sensor_decorator']) retrieved from /home/airflow/.local/lib/python3.7/site-packages/airflow/example_dags/example_sensor_decorator.py
[2023-02-10T02:24:38.894+0000] {logging_mixin.py:137} INFO - [2023-02-10T02:24:38.893+0000] {dag.py:2690} INFO - Sync 1 DAGs
[2023-02-10T02:24:39.065+0000] {logging_mixin.py:137} INFO - [2023-02-10T02:24:39.065+0000] {dag.py:3441} INFO - Setting next_dagrun for example_sensor_decorator to None, run_after=None
[2023-02-10T02:24:39.118+0000] {processor.py:175} INFO - Processing /home/airflow/.local/lib/python3.7/site-packages/airflow/example_dags/example_sensor_decorator.py took 0.679 seconds
[2023-02-10T02:25:10.958+0000] {processor.py:153} INFO - Started process (PID=563) to work on /home/airflow/.local/lib/python3.7/site-packages/airflow/example_dags/example_sensor_decorator.py
[2023-02-10T02:25:10.975+0000] {processor.py:743} INFO - Processing file /home/airflow/.local/lib/python3.7/site-packages/airflow/example_dags/example_sensor_decorator.py for tasks to queue
[2023-02-10T02:25:10.980+0000] {logging_mixin.py:137} INFO - [2023-02-10T02:25:10.979+0000] {dagbag.py:538} INFO - Filling up the DagBag from /home/airflow/.local/lib/python3.7/site-packages/airflow/example_dags/example_sensor_decorator.py
[2023-02-10T02:25:12.211+0000] {processor.py:753} INFO - DAG(s) dict_keys(['example_sensor_decorator']) retrieved from /home/airflow/.local/lib/python3.7/site-packages/airflow/example_dags/example_sensor_decorator.py
[2023-02-10T02:25:13.468+0000] {logging_mixin.py:137} INFO - [2023-02-10T02:25:13.244+0000] {dag.py:2690} INFO - Sync 1 DAGs
[2023-02-10T02:25:14.686+0000] {logging_mixin.py:137} INFO - [2023-02-10T02:25:14.685+0000] {dag.py:3441} INFO - Setting next_dagrun for example_sensor_decorator to None, run_after=None
[2023-02-10T02:25:15.246+0000] {processor.py:175} INFO - Processing /home/airflow/.local/lib/python3.7/site-packages/airflow/example_dags/example_sensor_decorator.py took 4.301 seconds
[2023-02-10T02:25:46.027+0000] {processor.py:153} INFO - Started process (PID=621) to work on /home/airflow/.local/lib/python3.7/site-packages/airflow/example_dags/example_sensor_decorator.py
[2023-02-10T02:25:46.041+0000] {processor.py:743} INFO - Processing file /home/airflow/.local/lib/python3.7/site-packages/airflow/example_dags/example_sensor_decorator.py for tasks to queue
[2023-02-10T02:25:46.046+0000] {logging_mixin.py:137} INFO - [2023-02-10T02:25:46.046+0000] {dagbag.py:538} INFO - Filling up the DagBag from /home/airflow/.local/lib/python3.7/site-packages/airflow/example_dags/example_sensor_decorator.py
[2023-02-10T02:25:46.215+0000] {processor.py:753} INFO - DAG(s) dict_keys(['example_sensor_decorator']) retrieved from /home/airflow/.local/lib/python3.7/site-packages/airflow/example_dags/example_sensor_decorator.py
[2023-02-10T02:25:46.390+0000] {logging_mixin.py:137} INFO - [2023-02-10T02:25:46.390+0000] {dag.py:2690} INFO - Sync 1 DAGs
[2023-02-10T02:25:46.507+0000] {logging_mixin.py:137} INFO - [2023-02-10T02:25:46.507+0000] {dag.py:3441} INFO - Setting next_dagrun for example_sensor_decorator to None, run_after=None
[2023-02-10T02:25:46.653+0000] {processor.py:175} INFO - Processing /home/airflow/.local/lib/python3.7/site-packages/airflow/example_dags/example_sensor_decorator.py took 0.655 seconds
[2023-02-10T02:26:17.173+0000] {processor.py:153} INFO - Started process (PID=672) to work on /home/airflow/.local/lib/python3.7/site-packages/airflow/example_dags/example_sensor_decorator.py
[2023-02-10T02:26:17.200+0000] {processor.py:743} INFO - Processing file /home/airflow/.local/lib/python3.7/site-packages/airflow/example_dags/example_sensor_decorator.py for tasks to queue
[2023-02-10T02:26:17.228+0000] {logging_mixin.py:137} INFO - [2023-02-10T02:26:17.221+0000] {dagbag.py:538} INFO - Filling up the DagBag from /home/airflow/.local/lib/python3.7/site-packages/airflow/example_dags/example_sensor_decorator.py
[2023-02-10T02:26:17.367+0000] {processor.py:753} INFO - DAG(s) dict_keys(['example_sensor_decorator']) retrieved from /home/airflow/.local/lib/python3.7/site-packages/airflow/example_dags/example_sensor_decorator.py
[2023-02-10T02:26:17.450+0000] {logging_mixin.py:137} INFO - [2023-02-10T02:26:17.450+0000] {dag.py:2690} INFO - Sync 1 DAGs
[2023-02-10T02:26:17.530+0000] {logging_mixin.py:137} INFO - [2023-02-10T02:26:17.530+0000] {dag.py:3441} INFO - Setting next_dagrun for example_sensor_decorator to None, run_after=None
[2023-02-10T02:26:17.573+0000] {processor.py:175} INFO - Processing /home/airflow/.local/lib/python3.7/site-packages/airflow/example_dags/example_sensor_decorator.py took 0.461 seconds
[2023-02-10T02:26:47.898+0000] {processor.py:153} INFO - Started process (PID=731) to work on /home/airflow/.local/lib/python3.7/site-packages/airflow/example_dags/example_sensor_decorator.py
[2023-02-10T02:26:47.911+0000] {processor.py:743} INFO - Processing file /home/airflow/.local/lib/python3.7/site-packages/airflow/example_dags/example_sensor_decorator.py for tasks to queue
[2023-02-10T02:26:47.926+0000] {logging_mixin.py:137} INFO - [2023-02-10T02:26:47.919+0000] {dagbag.py:538} INFO - Filling up the DagBag from /home/airflow/.local/lib/python3.7/site-packages/airflow/example_dags/example_sensor_decorator.py
[2023-02-10T02:26:48.088+0000] {processor.py:753} INFO - DAG(s) dict_keys(['example_sensor_decorator']) retrieved from /home/airflow/.local/lib/python3.7/site-packages/airflow/example_dags/example_sensor_decorator.py
[2023-02-10T02:26:48.174+0000] {logging_mixin.py:137} INFO - [2023-02-10T02:26:48.174+0000] {dag.py:2690} INFO - Sync 1 DAGs
[2023-02-10T02:26:48.241+0000] {logging_mixin.py:137} INFO - [2023-02-10T02:26:48.241+0000] {dag.py:3441} INFO - Setting next_dagrun for example_sensor_decorator to None, run_after=None
[2023-02-10T02:26:48.341+0000] {processor.py:175} INFO - Processing /home/airflow/.local/lib/python3.7/site-packages/airflow/example_dags/example_sensor_decorator.py took 0.465 seconds
[2023-02-10T02:27:19.737+0000] {processor.py:153} INFO - Started process (PID=779) to work on /home/airflow/.local/lib/python3.7/site-packages/airflow/example_dags/example_sensor_decorator.py
[2023-02-10T02:27:19.753+0000] {processor.py:743} INFO - Processing file /home/airflow/.local/lib/python3.7/site-packages/airflow/example_dags/example_sensor_decorator.py for tasks to queue
[2023-02-10T02:27:19.785+0000] {logging_mixin.py:137} INFO - [2023-02-10T02:27:19.784+0000] {dagbag.py:538} INFO - Filling up the DagBag from /home/airflow/.local/lib/python3.7/site-packages/airflow/example_dags/example_sensor_decorator.py
[2023-02-10T02:27:19.996+0000] {processor.py:753} INFO - DAG(s) dict_keys(['example_sensor_decorator']) retrieved from /home/airflow/.local/lib/python3.7/site-packages/airflow/example_dags/example_sensor_decorator.py
[2023-02-10T02:27:20.596+0000] {logging_mixin.py:137} INFO - [2023-02-10T02:27:20.594+0000] {dag.py:2690} INFO - Sync 1 DAGs
[2023-02-10T02:27:20.999+0000] {logging_mixin.py:137} INFO - [2023-02-10T02:27:20.999+0000] {dag.py:3441} INFO - Setting next_dagrun for example_sensor_decorator to None, run_after=None
[2023-02-10T02:27:21.159+0000] {processor.py:175} INFO - Processing /home/airflow/.local/lib/python3.7/site-packages/airflow/example_dags/example_sensor_decorator.py took 1.446 seconds
[2023-02-10T02:27:54.202+0000] {processor.py:153} INFO - Started process (PID=837) to work on /home/airflow/.local/lib/python3.7/site-packages/airflow/example_dags/example_sensor_decorator.py
[2023-02-10T02:27:54.229+0000] {processor.py:743} INFO - Processing file /home/airflow/.local/lib/python3.7/site-packages/airflow/example_dags/example_sensor_decorator.py for tasks to queue
[2023-02-10T02:27:54.254+0000] {logging_mixin.py:137} INFO - [2023-02-10T02:27:54.253+0000] {dagbag.py:538} INFO - Filling up the DagBag from /home/airflow/.local/lib/python3.7/site-packages/airflow/example_dags/example_sensor_decorator.py
[2023-02-10T02:27:54.961+0000] {processor.py:753} INFO - DAG(s) dict_keys(['example_sensor_decorator']) retrieved from /home/airflow/.local/lib/python3.7/site-packages/airflow/example_dags/example_sensor_decorator.py
[2023-02-10T02:27:55.364+0000] {logging_mixin.py:137} INFO - [2023-02-10T02:27:55.363+0000] {dag.py:2690} INFO - Sync 1 DAGs
[2023-02-10T02:27:55.947+0000] {logging_mixin.py:137} INFO - [2023-02-10T02:27:55.947+0000] {dag.py:3441} INFO - Setting next_dagrun for example_sensor_decorator to None, run_after=None
[2023-02-10T02:27:56.271+0000] {processor.py:175} INFO - Processing /home/airflow/.local/lib/python3.7/site-packages/airflow/example_dags/example_sensor_decorator.py took 2.351 seconds
[2023-02-10T02:28:33.945+0000] {processor.py:153} INFO - Started process (PID=896) to work on /home/airflow/.local/lib/python3.7/site-packages/airflow/example_dags/example_sensor_decorator.py
[2023-02-10T02:28:33.971+0000] {processor.py:743} INFO - Processing file /home/airflow/.local/lib/python3.7/site-packages/airflow/example_dags/example_sensor_decorator.py for tasks to queue
[2023-02-10T02:28:33.994+0000] {logging_mixin.py:137} INFO - [2023-02-10T02:28:33.994+0000] {dagbag.py:538} INFO - Filling up the DagBag from /home/airflow/.local/lib/python3.7/site-packages/airflow/example_dags/example_sensor_decorator.py
[2023-02-10T02:28:34.223+0000] {processor.py:753} INFO - DAG(s) dict_keys(['example_sensor_decorator']) retrieved from /home/airflow/.local/lib/python3.7/site-packages/airflow/example_dags/example_sensor_decorator.py
[2023-02-10T02:28:34.612+0000] {logging_mixin.py:137} INFO - [2023-02-10T02:28:34.612+0000] {dag.py:2690} INFO - Sync 1 DAGs
[2023-02-10T02:28:35.568+0000] {logging_mixin.py:137} INFO - [2023-02-10T02:28:35.567+0000] {dag.py:3441} INFO - Setting next_dagrun for example_sensor_decorator to None, run_after=None
[2023-02-10T02:28:35.823+0000] {processor.py:175} INFO - Processing /home/airflow/.local/lib/python3.7/site-packages/airflow/example_dags/example_sensor_decorator.py took 1.950 seconds
[2023-02-10T02:29:06.413+0000] {processor.py:153} INFO - Started process (PID=955) to work on /home/airflow/.local/lib/python3.7/site-packages/airflow/example_dags/example_sensor_decorator.py
[2023-02-10T02:29:06.425+0000] {processor.py:743} INFO - Processing file /home/airflow/.local/lib/python3.7/site-packages/airflow/example_dags/example_sensor_decorator.py for tasks to queue
[2023-02-10T02:29:06.432+0000] {logging_mixin.py:137} INFO - [2023-02-10T02:29:06.432+0000] {dagbag.py:538} INFO - Filling up the DagBag from /home/airflow/.local/lib/python3.7/site-packages/airflow/example_dags/example_sensor_decorator.py
[2023-02-10T02:29:06.575+0000] {processor.py:753} INFO - DAG(s) dict_keys(['example_sensor_decorator']) retrieved from /home/airflow/.local/lib/python3.7/site-packages/airflow/example_dags/example_sensor_decorator.py
[2023-02-10T02:29:06.821+0000] {logging_mixin.py:137} INFO - [2023-02-10T02:29:06.820+0000] {dag.py:2690} INFO - Sync 1 DAGs
[2023-02-10T02:29:07.152+0000] {logging_mixin.py:137} INFO - [2023-02-10T02:29:07.152+0000] {dag.py:3441} INFO - Setting next_dagrun for example_sensor_decorator to None, run_after=None
[2023-02-10T02:29:07.436+0000] {processor.py:175} INFO - Processing /home/airflow/.local/lib/python3.7/site-packages/airflow/example_dags/example_sensor_decorator.py took 1.046 seconds
