[2023-02-10T01:51:36.862+0000] {processor.py:153} INFO - Started process (PID=300) to work on /home/airflow/.local/lib/python3.7/site-packages/airflow/example_dags/tutorial.py
[2023-02-10T01:51:36.890+0000] {processor.py:743} INFO - Processing file /home/airflow/.local/lib/python3.7/site-packages/airflow/example_dags/tutorial.py for tasks to queue
[2023-02-10T01:51:36.916+0000] {logging_mixin.py:137} INFO - [2023-02-10T01:51:36.916+0000] {dagbag.py:538} INFO - Filling up the DagBag from /home/airflow/.local/lib/python3.7/site-packages/airflow/example_dags/tutorial.py
[2023-02-10T01:51:37.798+0000] {processor.py:753} INFO - DAG(s) dict_keys(['tutorial']) retrieved from /home/airflow/.local/lib/python3.7/site-packages/airflow/example_dags/tutorial.py
[2023-02-10T01:51:39.456+0000] {logging_mixin.py:137} INFO - [2023-02-10T01:51:39.437+0000] {dag.py:2690} INFO - Sync 1 DAGs
[2023-02-10T01:51:41.028+0000] {logging_mixin.py:137} INFO - [2023-02-10T01:51:41.028+0000] {dag.py:3441} INFO - Setting next_dagrun for tutorial to 2023-02-09T01:51:41.020363+00:00, run_after=2023-02-10T01:51:41.020363+00:00
[2023-02-10T01:51:41.980+0000] {processor.py:175} INFO - Processing /home/airflow/.local/lib/python3.7/site-packages/airflow/example_dags/tutorial.py took 5.340 seconds
[2023-02-10T01:52:30.456+0000] {processor.py:153} INFO - Started process (PID=368) to work on /home/airflow/.local/lib/python3.7/site-packages/airflow/example_dags/tutorial.py
[2023-02-10T01:52:30.504+0000] {processor.py:743} INFO - Processing file /home/airflow/.local/lib/python3.7/site-packages/airflow/example_dags/tutorial.py for tasks to queue
[2023-02-10T01:52:30.513+0000] {logging_mixin.py:137} INFO - [2023-02-10T01:52:30.513+0000] {dagbag.py:538} INFO - Filling up the DagBag from /home/airflow/.local/lib/python3.7/site-packages/airflow/example_dags/tutorial.py
[2023-02-10T01:52:30.893+0000] {processor.py:753} INFO - DAG(s) dict_keys(['tutorial']) retrieved from /home/airflow/.local/lib/python3.7/site-packages/airflow/example_dags/tutorial.py
[2023-02-10T01:52:31.366+0000] {logging_mixin.py:137} INFO - [2023-02-10T01:52:31.366+0000] {dag.py:2690} INFO - Sync 1 DAGs
[2023-02-10T01:52:31.704+0000] {logging_mixin.py:137} INFO - [2023-02-10T01:52:31.697+0000] {dag.py:3441} INFO - Setting next_dagrun for tutorial to 2023-02-09T01:52:31.697056+00:00, run_after=2023-02-10T01:52:31.697056+00:00
[2023-02-10T01:52:31.865+0000] {processor.py:175} INFO - Processing /home/airflow/.local/lib/python3.7/site-packages/airflow/example_dags/tutorial.py took 1.472 seconds
[2023-02-10T01:53:02.340+0000] {processor.py:153} INFO - Started process (PID=425) to work on /home/airflow/.local/lib/python3.7/site-packages/airflow/example_dags/tutorial.py
[2023-02-10T01:53:02.351+0000] {processor.py:743} INFO - Processing file /home/airflow/.local/lib/python3.7/site-packages/airflow/example_dags/tutorial.py for tasks to queue
[2023-02-10T01:53:02.362+0000] {logging_mixin.py:137} INFO - [2023-02-10T01:53:02.362+0000] {dagbag.py:538} INFO - Filling up the DagBag from /home/airflow/.local/lib/python3.7/site-packages/airflow/example_dags/tutorial.py
[2023-02-10T01:53:02.618+0000] {processor.py:753} INFO - DAG(s) dict_keys(['tutorial']) retrieved from /home/airflow/.local/lib/python3.7/site-packages/airflow/example_dags/tutorial.py
[2023-02-10T01:53:02.973+0000] {logging_mixin.py:137} INFO - [2023-02-10T01:53:02.973+0000] {dag.py:2690} INFO - Sync 1 DAGs
[2023-02-10T01:53:03.409+0000] {logging_mixin.py:137} INFO - [2023-02-10T01:53:03.408+0000] {dag.py:3441} INFO - Setting next_dagrun for tutorial to 2023-02-09T01:53:03.408350+00:00, run_after=2023-02-10T01:53:03.408350+00:00
[2023-02-10T01:53:03.691+0000] {processor.py:175} INFO - Processing /home/airflow/.local/lib/python3.7/site-packages/airflow/example_dags/tutorial.py took 1.389 seconds
[2023-02-10T01:53:35.990+0000] {processor.py:153} INFO - Started process (PID=477) to work on /home/airflow/.local/lib/python3.7/site-packages/airflow/example_dags/tutorial.py
[2023-02-10T01:53:35.997+0000] {processor.py:743} INFO - Processing file /home/airflow/.local/lib/python3.7/site-packages/airflow/example_dags/tutorial.py for tasks to queue
[2023-02-10T01:53:36.019+0000] {logging_mixin.py:137} INFO - [2023-02-10T01:53:36.016+0000] {dagbag.py:538} INFO - Filling up the DagBag from /home/airflow/.local/lib/python3.7/site-packages/airflow/example_dags/tutorial.py
[2023-02-10T01:53:36.204+0000] {processor.py:753} INFO - DAG(s) dict_keys(['tutorial']) retrieved from /home/airflow/.local/lib/python3.7/site-packages/airflow/example_dags/tutorial.py
[2023-02-10T01:53:36.359+0000] {logging_mixin.py:137} INFO - [2023-02-10T01:53:36.359+0000] {dag.py:2690} INFO - Sync 1 DAGs
[2023-02-10T01:53:36.527+0000] {logging_mixin.py:137} INFO - [2023-02-10T01:53:36.527+0000] {dag.py:3441} INFO - Setting next_dagrun for tutorial to 2023-02-09T01:53:36.527032+00:00, run_after=2023-02-10T01:53:36.527032+00:00
[2023-02-10T01:53:36.607+0000] {processor.py:175} INFO - Processing /home/airflow/.local/lib/python3.7/site-packages/airflow/example_dags/tutorial.py took 0.630 seconds
[2023-02-10T01:54:08.445+0000] {processor.py:153} INFO - Started process (PID=535) to work on /home/airflow/.local/lib/python3.7/site-packages/airflow/example_dags/tutorial.py
[2023-02-10T01:54:08.460+0000] {processor.py:743} INFO - Processing file /home/airflow/.local/lib/python3.7/site-packages/airflow/example_dags/tutorial.py for tasks to queue
[2023-02-10T01:54:08.465+0000] {logging_mixin.py:137} INFO - [2023-02-10T01:54:08.464+0000] {dagbag.py:538} INFO - Filling up the DagBag from /home/airflow/.local/lib/python3.7/site-packages/airflow/example_dags/tutorial.py
[2023-02-10T01:54:08.539+0000] {processor.py:753} INFO - DAG(s) dict_keys(['tutorial']) retrieved from /home/airflow/.local/lib/python3.7/site-packages/airflow/example_dags/tutorial.py
[2023-02-10T01:54:08.742+0000] {logging_mixin.py:137} INFO - [2023-02-10T01:54:08.741+0000] {dag.py:2690} INFO - Sync 1 DAGs
[2023-02-10T01:54:08.994+0000] {logging_mixin.py:137} INFO - [2023-02-10T01:54:08.993+0000] {dag.py:3441} INFO - Setting next_dagrun for tutorial to 2023-02-09T01:54:08.993221+00:00, run_after=2023-02-10T01:54:08.993221+00:00
[2023-02-10T01:54:09.186+0000] {processor.py:175} INFO - Processing /home/airflow/.local/lib/python3.7/site-packages/airflow/example_dags/tutorial.py took 0.751 seconds
[2023-02-10T01:54:39.622+0000] {processor.py:153} INFO - Started process (PID=583) to work on /home/airflow/.local/lib/python3.7/site-packages/airflow/example_dags/tutorial.py
[2023-02-10T01:54:39.630+0000] {processor.py:743} INFO - Processing file /home/airflow/.local/lib/python3.7/site-packages/airflow/example_dags/tutorial.py for tasks to queue
[2023-02-10T01:54:39.635+0000] {logging_mixin.py:137} INFO - [2023-02-10T01:54:39.635+0000] {dagbag.py:538} INFO - Filling up the DagBag from /home/airflow/.local/lib/python3.7/site-packages/airflow/example_dags/tutorial.py
[2023-02-10T01:54:39.689+0000] {processor.py:753} INFO - DAG(s) dict_keys(['tutorial']) retrieved from /home/airflow/.local/lib/python3.7/site-packages/airflow/example_dags/tutorial.py
[2023-02-10T01:54:39.791+0000] {logging_mixin.py:137} INFO - [2023-02-10T01:54:39.790+0000] {dag.py:2690} INFO - Sync 1 DAGs
[2023-02-10T01:54:39.864+0000] {logging_mixin.py:137} INFO - [2023-02-10T01:54:39.864+0000] {dag.py:3441} INFO - Setting next_dagrun for tutorial to 2023-02-09T01:54:39.863626+00:00, run_after=2023-02-10T01:54:39.863626+00:00
[2023-02-10T01:54:39.908+0000] {processor.py:175} INFO - Processing /home/airflow/.local/lib/python3.7/site-packages/airflow/example_dags/tutorial.py took 0.314 seconds
[2023-02-10T01:55:10.240+0000] {processor.py:153} INFO - Started process (PID=641) to work on /home/airflow/.local/lib/python3.7/site-packages/airflow/example_dags/tutorial.py
[2023-02-10T01:55:10.247+0000] {processor.py:743} INFO - Processing file /home/airflow/.local/lib/python3.7/site-packages/airflow/example_dags/tutorial.py for tasks to queue
[2023-02-10T01:55:10.251+0000] {logging_mixin.py:137} INFO - [2023-02-10T01:55:10.251+0000] {dagbag.py:538} INFO - Filling up the DagBag from /home/airflow/.local/lib/python3.7/site-packages/airflow/example_dags/tutorial.py
[2023-02-10T01:55:10.298+0000] {processor.py:753} INFO - DAG(s) dict_keys(['tutorial']) retrieved from /home/airflow/.local/lib/python3.7/site-packages/airflow/example_dags/tutorial.py
[2023-02-10T01:55:10.365+0000] {logging_mixin.py:137} INFO - [2023-02-10T01:55:10.365+0000] {dag.py:2690} INFO - Sync 1 DAGs
[2023-02-10T01:55:10.440+0000] {logging_mixin.py:137} INFO - [2023-02-10T01:55:10.440+0000] {dag.py:3441} INFO - Setting next_dagrun for tutorial to 2023-02-09T01:55:10.439655+00:00, run_after=2023-02-10T01:55:10.439655+00:00
[2023-02-10T01:55:10.494+0000] {processor.py:175} INFO - Processing /home/airflow/.local/lib/python3.7/site-packages/airflow/example_dags/tutorial.py took 0.265 seconds
[2023-02-10T01:55:41.420+0000] {processor.py:153} INFO - Started process (PID=699) to work on /home/airflow/.local/lib/python3.7/site-packages/airflow/example_dags/tutorial.py
[2023-02-10T01:55:41.425+0000] {processor.py:743} INFO - Processing file /home/airflow/.local/lib/python3.7/site-packages/airflow/example_dags/tutorial.py for tasks to queue
[2023-02-10T01:55:41.428+0000] {logging_mixin.py:137} INFO - [2023-02-10T01:55:41.428+0000] {dagbag.py:538} INFO - Filling up the DagBag from /home/airflow/.local/lib/python3.7/site-packages/airflow/example_dags/tutorial.py
[2023-02-10T01:55:41.532+0000] {processor.py:753} INFO - DAG(s) dict_keys(['tutorial']) retrieved from /home/airflow/.local/lib/python3.7/site-packages/airflow/example_dags/tutorial.py
[2023-02-10T01:55:41.645+0000] {logging_mixin.py:137} INFO - [2023-02-10T01:55:41.644+0000] {dag.py:2690} INFO - Sync 1 DAGs
[2023-02-10T01:55:41.751+0000] {logging_mixin.py:137} INFO - [2023-02-10T01:55:41.746+0000] {dag.py:3441} INFO - Setting next_dagrun for tutorial to 2023-02-09T01:55:41.745938+00:00, run_after=2023-02-10T01:55:41.745938+00:00
[2023-02-10T01:55:41.919+0000] {processor.py:175} INFO - Processing /home/airflow/.local/lib/python3.7/site-packages/airflow/example_dags/tutorial.py took 0.544 seconds
[2023-02-10T01:56:12.077+0000] {processor.py:153} INFO - Started process (PID=758) to work on /home/airflow/.local/lib/python3.7/site-packages/airflow/example_dags/tutorial.py
[2023-02-10T01:56:12.085+0000] {processor.py:743} INFO - Processing file /home/airflow/.local/lib/python3.7/site-packages/airflow/example_dags/tutorial.py for tasks to queue
[2023-02-10T01:56:12.090+0000] {logging_mixin.py:137} INFO - [2023-02-10T01:56:12.090+0000] {dagbag.py:538} INFO - Filling up the DagBag from /home/airflow/.local/lib/python3.7/site-packages/airflow/example_dags/tutorial.py
[2023-02-10T01:56:12.134+0000] {processor.py:753} INFO - DAG(s) dict_keys(['tutorial']) retrieved from /home/airflow/.local/lib/python3.7/site-packages/airflow/example_dags/tutorial.py
[2023-02-10T01:56:12.245+0000] {logging_mixin.py:137} INFO - [2023-02-10T01:56:12.245+0000] {dag.py:2690} INFO - Sync 1 DAGs
[2023-02-10T01:56:12.356+0000] {logging_mixin.py:137} INFO - [2023-02-10T01:56:12.355+0000] {dag.py:3441} INFO - Setting next_dagrun for tutorial to 2023-02-09T01:56:12.354477+00:00, run_after=2023-02-10T01:56:12.354477+00:00
[2023-02-10T01:56:12.490+0000] {processor.py:175} INFO - Processing /home/airflow/.local/lib/python3.7/site-packages/airflow/example_dags/tutorial.py took 0.424 seconds
[2023-02-10T01:56:42.647+0000] {processor.py:153} INFO - Started process (PID=807) to work on /home/airflow/.local/lib/python3.7/site-packages/airflow/example_dags/tutorial.py
[2023-02-10T01:56:42.652+0000] {processor.py:743} INFO - Processing file /home/airflow/.local/lib/python3.7/site-packages/airflow/example_dags/tutorial.py for tasks to queue
[2023-02-10T01:56:42.656+0000] {logging_mixin.py:137} INFO - [2023-02-10T01:56:42.655+0000] {dagbag.py:538} INFO - Filling up the DagBag from /home/airflow/.local/lib/python3.7/site-packages/airflow/example_dags/tutorial.py
[2023-02-10T01:56:42.701+0000] {processor.py:753} INFO - DAG(s) dict_keys(['tutorial']) retrieved from /home/airflow/.local/lib/python3.7/site-packages/airflow/example_dags/tutorial.py
[2023-02-10T01:56:42.752+0000] {logging_mixin.py:137} INFO - [2023-02-10T01:56:42.752+0000] {dag.py:2690} INFO - Sync 1 DAGs
[2023-02-10T01:56:42.805+0000] {logging_mixin.py:137} INFO - [2023-02-10T01:56:42.805+0000] {dag.py:3441} INFO - Setting next_dagrun for tutorial to 2023-02-09T01:56:42.804675+00:00, run_after=2023-02-10T01:56:42.804675+00:00
[2023-02-10T01:56:42.849+0000] {processor.py:175} INFO - Processing /home/airflow/.local/lib/python3.7/site-packages/airflow/example_dags/tutorial.py took 0.210 seconds
[2023-02-10T01:57:23.417+0000] {processor.py:153} INFO - Started process (PID=871) to work on /home/airflow/.local/lib/python3.7/site-packages/airflow/example_dags/tutorial.py
[2023-02-10T01:57:23.531+0000] {processor.py:743} INFO - Processing file /home/airflow/.local/lib/python3.7/site-packages/airflow/example_dags/tutorial.py for tasks to queue
[2023-02-10T01:57:23.600+0000] {logging_mixin.py:137} INFO - [2023-02-10T01:57:23.575+0000] {dagbag.py:538} INFO - Filling up the DagBag from /home/airflow/.local/lib/python3.7/site-packages/airflow/example_dags/tutorial.py
[2023-02-10T01:57:24.134+0000] {processor.py:753} INFO - DAG(s) dict_keys(['tutorial']) retrieved from /home/airflow/.local/lib/python3.7/site-packages/airflow/example_dags/tutorial.py
[2023-02-10T01:57:24.398+0000] {logging_mixin.py:137} INFO - [2023-02-10T01:57:24.397+0000] {dag.py:2690} INFO - Sync 1 DAGs
[2023-02-10T01:57:25.206+0000] {logging_mixin.py:137} INFO - [2023-02-10T01:57:25.206+0000] {dag.py:3441} INFO - Setting next_dagrun for tutorial to 2023-02-09T01:57:25.203976+00:00, run_after=2023-02-10T01:57:25.203976+00:00
[2023-02-10T01:57:25.577+0000] {processor.py:175} INFO - Processing /home/airflow/.local/lib/python3.7/site-packages/airflow/example_dags/tutorial.py took 2.246 seconds
[2023-02-10T01:58:04.154+0000] {processor.py:153} INFO - Started process (PID=930) to work on /home/airflow/.local/lib/python3.7/site-packages/airflow/example_dags/tutorial.py
[2023-02-10T01:58:04.163+0000] {processor.py:743} INFO - Processing file /home/airflow/.local/lib/python3.7/site-packages/airflow/example_dags/tutorial.py for tasks to queue
[2023-02-10T01:58:04.176+0000] {logging_mixin.py:137} INFO - [2023-02-10T01:58:04.174+0000] {dagbag.py:538} INFO - Filling up the DagBag from /home/airflow/.local/lib/python3.7/site-packages/airflow/example_dags/tutorial.py
[2023-02-10T01:58:04.270+0000] {processor.py:753} INFO - DAG(s) dict_keys(['tutorial']) retrieved from /home/airflow/.local/lib/python3.7/site-packages/airflow/example_dags/tutorial.py
[2023-02-10T01:58:04.410+0000] {logging_mixin.py:137} INFO - [2023-02-10T01:58:04.409+0000] {dag.py:2690} INFO - Sync 1 DAGs
[2023-02-10T01:58:04.712+0000] {logging_mixin.py:137} INFO - [2023-02-10T01:58:04.712+0000] {dag.py:3441} INFO - Setting next_dagrun for tutorial to 2023-02-09T01:58:04.703511+00:00, run_after=2023-02-10T01:58:04.703511+00:00
[2023-02-10T01:58:05.089+0000] {processor.py:175} INFO - Processing /home/airflow/.local/lib/python3.7/site-packages/airflow/example_dags/tutorial.py took 0.990 seconds
[2023-02-10T01:58:44.804+0000] {processor.py:153} INFO - Started process (PID=988) to work on /home/airflow/.local/lib/python3.7/site-packages/airflow/example_dags/tutorial.py
[2023-02-10T01:58:44.814+0000] {processor.py:743} INFO - Processing file /home/airflow/.local/lib/python3.7/site-packages/airflow/example_dags/tutorial.py for tasks to queue
[2023-02-10T01:58:44.819+0000] {logging_mixin.py:137} INFO - [2023-02-10T01:58:44.819+0000] {dagbag.py:538} INFO - Filling up the DagBag from /home/airflow/.local/lib/python3.7/site-packages/airflow/example_dags/tutorial.py
[2023-02-10T01:58:45.152+0000] {processor.py:753} INFO - DAG(s) dict_keys(['tutorial']) retrieved from /home/airflow/.local/lib/python3.7/site-packages/airflow/example_dags/tutorial.py
[2023-02-10T01:58:45.731+0000] {logging_mixin.py:137} INFO - [2023-02-10T01:58:45.731+0000] {dag.py:2690} INFO - Sync 1 DAGs
[2023-02-10T01:58:46.610+0000] {logging_mixin.py:137} INFO - [2023-02-10T01:58:46.610+0000] {dag.py:3441} INFO - Setting next_dagrun for tutorial to 2023-02-09T01:58:46.609687+00:00, run_after=2023-02-10T01:58:46.609687+00:00
[2023-02-10T01:58:47.378+0000] {processor.py:175} INFO - Processing /home/airflow/.local/lib/python3.7/site-packages/airflow/example_dags/tutorial.py took 2.615 seconds
[2023-02-10T01:59:17.662+0000] {processor.py:153} INFO - Started process (PID=1038) to work on /home/airflow/.local/lib/python3.7/site-packages/airflow/example_dags/tutorial.py
[2023-02-10T01:59:17.667+0000] {processor.py:743} INFO - Processing file /home/airflow/.local/lib/python3.7/site-packages/airflow/example_dags/tutorial.py for tasks to queue
[2023-02-10T01:59:17.671+0000] {logging_mixin.py:137} INFO - [2023-02-10T01:59:17.670+0000] {dagbag.py:538} INFO - Filling up the DagBag from /home/airflow/.local/lib/python3.7/site-packages/airflow/example_dags/tutorial.py
[2023-02-10T01:59:17.704+0000] {processor.py:753} INFO - DAG(s) dict_keys(['tutorial']) retrieved from /home/airflow/.local/lib/python3.7/site-packages/airflow/example_dags/tutorial.py
[2023-02-10T01:59:17.767+0000] {logging_mixin.py:137} INFO - [2023-02-10T01:59:17.767+0000] {dag.py:2690} INFO - Sync 1 DAGs
[2023-02-10T01:59:17.823+0000] {logging_mixin.py:137} INFO - [2023-02-10T01:59:17.823+0000] {dag.py:3441} INFO - Setting next_dagrun for tutorial to 2023-02-09T01:59:17.822975+00:00, run_after=2023-02-10T01:59:17.822975+00:00
[2023-02-10T01:59:17.873+0000] {processor.py:175} INFO - Processing /home/airflow/.local/lib/python3.7/site-packages/airflow/example_dags/tutorial.py took 0.220 seconds
[2023-02-10T02:00:13.565+0000] {processor.py:153} INFO - Started process (PID=1110) to work on /home/airflow/.local/lib/python3.7/site-packages/airflow/example_dags/tutorial.py
[2023-02-10T02:00:13.613+0000] {processor.py:743} INFO - Processing file /home/airflow/.local/lib/python3.7/site-packages/airflow/example_dags/tutorial.py for tasks to queue
[2023-02-10T02:00:13.628+0000] {logging_mixin.py:137} INFO - [2023-02-10T02:00:13.627+0000] {dagbag.py:538} INFO - Filling up the DagBag from /home/airflow/.local/lib/python3.7/site-packages/airflow/example_dags/tutorial.py
[2023-02-10T02:00:14.132+0000] {processor.py:753} INFO - DAG(s) dict_keys(['tutorial']) retrieved from /home/airflow/.local/lib/python3.7/site-packages/airflow/example_dags/tutorial.py
[2023-02-10T02:00:14.625+0000] {logging_mixin.py:137} INFO - [2023-02-10T02:00:14.625+0000] {dag.py:2690} INFO - Sync 1 DAGs
[2023-02-10T02:00:14.959+0000] {logging_mixin.py:137} INFO - [2023-02-10T02:00:14.951+0000] {dag.py:3441} INFO - Setting next_dagrun for tutorial to 2023-02-09T02:00:14.950617+00:00, run_after=2023-02-10T02:00:14.950617+00:00
[2023-02-10T02:00:15.353+0000] {processor.py:175} INFO - Processing /home/airflow/.local/lib/python3.7/site-packages/airflow/example_dags/tutorial.py took 1.895 seconds
[2023-02-10T02:00:45.935+0000] {processor.py:153} INFO - Started process (PID=1167) to work on /home/airflow/.local/lib/python3.7/site-packages/airflow/example_dags/tutorial.py
[2023-02-10T02:00:45.952+0000] {processor.py:743} INFO - Processing file /home/airflow/.local/lib/python3.7/site-packages/airflow/example_dags/tutorial.py for tasks to queue
[2023-02-10T02:00:45.967+0000] {logging_mixin.py:137} INFO - [2023-02-10T02:00:45.963+0000] {dagbag.py:538} INFO - Filling up the DagBag from /home/airflow/.local/lib/python3.7/site-packages/airflow/example_dags/tutorial.py
[2023-02-10T02:00:46.137+0000] {processor.py:753} INFO - DAG(s) dict_keys(['tutorial']) retrieved from /home/airflow/.local/lib/python3.7/site-packages/airflow/example_dags/tutorial.py
[2023-02-10T02:00:46.382+0000] {logging_mixin.py:137} INFO - [2023-02-10T02:00:46.382+0000] {dag.py:2690} INFO - Sync 1 DAGs
[2023-02-10T02:00:46.704+0000] {logging_mixin.py:137} INFO - [2023-02-10T02:00:46.703+0000] {dag.py:3441} INFO - Setting next_dagrun for tutorial to 2023-02-09T02:00:46.703113+00:00, run_after=2023-02-10T02:00:46.703113+00:00
[2023-02-10T02:00:46.882+0000] {processor.py:175} INFO - Processing /home/airflow/.local/lib/python3.7/site-packages/airflow/example_dags/tutorial.py took 0.981 seconds
[2023-02-10T02:01:22.594+0000] {processor.py:153} INFO - Started process (PID=1219) to work on /home/airflow/.local/lib/python3.7/site-packages/airflow/example_dags/tutorial.py
[2023-02-10T02:01:22.623+0000] {processor.py:743} INFO - Processing file /home/airflow/.local/lib/python3.7/site-packages/airflow/example_dags/tutorial.py for tasks to queue
[2023-02-10T02:01:22.627+0000] {logging_mixin.py:137} INFO - [2023-02-10T02:01:22.626+0000] {dagbag.py:538} INFO - Filling up the DagBag from /home/airflow/.local/lib/python3.7/site-packages/airflow/example_dags/tutorial.py
[2023-02-10T02:01:22.851+0000] {processor.py:753} INFO - DAG(s) dict_keys(['tutorial']) retrieved from /home/airflow/.local/lib/python3.7/site-packages/airflow/example_dags/tutorial.py
[2023-02-10T02:01:23.187+0000] {logging_mixin.py:137} INFO - [2023-02-10T02:01:23.187+0000] {dag.py:2690} INFO - Sync 1 DAGs
[2023-02-10T02:01:23.663+0000] {logging_mixin.py:137} INFO - [2023-02-10T02:01:23.652+0000] {dag.py:3441} INFO - Setting next_dagrun for tutorial to 2023-02-09T02:01:23.651806+00:00, run_after=2023-02-10T02:01:23.651806+00:00
[2023-02-10T02:01:23.923+0000] {processor.py:175} INFO - Processing /home/airflow/.local/lib/python3.7/site-packages/airflow/example_dags/tutorial.py took 1.374 seconds
[2023-02-10T02:02:01.282+0000] {processor.py:153} INFO - Started process (PID=1277) to work on /home/airflow/.local/lib/python3.7/site-packages/airflow/example_dags/tutorial.py
[2023-02-10T02:02:01.304+0000] {processor.py:743} INFO - Processing file /home/airflow/.local/lib/python3.7/site-packages/airflow/example_dags/tutorial.py for tasks to queue
[2023-02-10T02:02:01.308+0000] {logging_mixin.py:137} INFO - [2023-02-10T02:02:01.308+0000] {dagbag.py:538} INFO - Filling up the DagBag from /home/airflow/.local/lib/python3.7/site-packages/airflow/example_dags/tutorial.py
[2023-02-10T02:02:01.537+0000] {processor.py:753} INFO - DAG(s) dict_keys(['tutorial']) retrieved from /home/airflow/.local/lib/python3.7/site-packages/airflow/example_dags/tutorial.py
[2023-02-10T02:02:01.982+0000] {logging_mixin.py:137} INFO - [2023-02-10T02:02:01.982+0000] {dag.py:2690} INFO - Sync 1 DAGs
[2023-02-10T02:02:02.229+0000] {logging_mixin.py:137} INFO - [2023-02-10T02:02:02.229+0000] {dag.py:3441} INFO - Setting next_dagrun for tutorial to 2023-02-09T02:02:02.228863+00:00, run_after=2023-02-10T02:02:02.228863+00:00
[2023-02-10T02:02:02.444+0000] {processor.py:175} INFO - Processing /home/airflow/.local/lib/python3.7/site-packages/airflow/example_dags/tutorial.py took 1.208 seconds
[2023-02-10T02:02:32.761+0000] {processor.py:153} INFO - Started process (PID=1335) to work on /home/airflow/.local/lib/python3.7/site-packages/airflow/example_dags/tutorial.py
[2023-02-10T02:02:32.765+0000] {processor.py:743} INFO - Processing file /home/airflow/.local/lib/python3.7/site-packages/airflow/example_dags/tutorial.py for tasks to queue
[2023-02-10T02:02:32.771+0000] {logging_mixin.py:137} INFO - [2023-02-10T02:02:32.770+0000] {dagbag.py:538} INFO - Filling up the DagBag from /home/airflow/.local/lib/python3.7/site-packages/airflow/example_dags/tutorial.py
[2023-02-10T02:02:32.821+0000] {processor.py:753} INFO - DAG(s) dict_keys(['tutorial']) retrieved from /home/airflow/.local/lib/python3.7/site-packages/airflow/example_dags/tutorial.py
[2023-02-10T02:02:32.898+0000] {logging_mixin.py:137} INFO - [2023-02-10T02:02:32.898+0000] {dag.py:2690} INFO - Sync 1 DAGs
[2023-02-10T02:02:33.036+0000] {logging_mixin.py:137} INFO - [2023-02-10T02:02:33.035+0000] {dag.py:3441} INFO - Setting next_dagrun for tutorial to 2023-02-09T02:02:33.033445+00:00, run_after=2023-02-10T02:02:33.033445+00:00
[2023-02-10T02:02:33.101+0000] {processor.py:175} INFO - Processing /home/airflow/.local/lib/python3.7/site-packages/airflow/example_dags/tutorial.py took 0.351 seconds
[2023-02-10T02:03:04.084+0000] {processor.py:153} INFO - Started process (PID=1394) to work on /home/airflow/.local/lib/python3.7/site-packages/airflow/example_dags/tutorial.py
[2023-02-10T02:03:04.108+0000] {processor.py:743} INFO - Processing file /home/airflow/.local/lib/python3.7/site-packages/airflow/example_dags/tutorial.py for tasks to queue
[2023-02-10T02:03:04.120+0000] {logging_mixin.py:137} INFO - [2023-02-10T02:03:04.120+0000] {dagbag.py:538} INFO - Filling up the DagBag from /home/airflow/.local/lib/python3.7/site-packages/airflow/example_dags/tutorial.py
[2023-02-10T02:03:04.217+0000] {processor.py:753} INFO - DAG(s) dict_keys(['tutorial']) retrieved from /home/airflow/.local/lib/python3.7/site-packages/airflow/example_dags/tutorial.py
[2023-02-10T02:03:04.325+0000] {logging_mixin.py:137} INFO - [2023-02-10T02:03:04.325+0000] {dag.py:2690} INFO - Sync 1 DAGs
[2023-02-10T02:03:04.437+0000] {logging_mixin.py:137} INFO - [2023-02-10T02:03:04.437+0000] {dag.py:3441} INFO - Setting next_dagrun for tutorial to 2023-02-09T02:03:04.436867+00:00, run_after=2023-02-10T02:03:04.436867+00:00
[2023-02-10T02:03:04.519+0000] {processor.py:175} INFO - Processing /home/airflow/.local/lib/python3.7/site-packages/airflow/example_dags/tutorial.py took 0.474 seconds
[2023-02-10T02:03:34.696+0000] {processor.py:153} INFO - Started process (PID=1454) to work on /home/airflow/.local/lib/python3.7/site-packages/airflow/example_dags/tutorial.py
[2023-02-10T02:03:34.699+0000] {processor.py:743} INFO - Processing file /home/airflow/.local/lib/python3.7/site-packages/airflow/example_dags/tutorial.py for tasks to queue
[2023-02-10T02:03:34.703+0000] {logging_mixin.py:137} INFO - [2023-02-10T02:03:34.703+0000] {dagbag.py:538} INFO - Filling up the DagBag from /home/airflow/.local/lib/python3.7/site-packages/airflow/example_dags/tutorial.py
[2023-02-10T02:03:34.734+0000] {processor.py:753} INFO - DAG(s) dict_keys(['tutorial']) retrieved from /home/airflow/.local/lib/python3.7/site-packages/airflow/example_dags/tutorial.py
[2023-02-10T02:03:34.783+0000] {logging_mixin.py:137} INFO - [2023-02-10T02:03:34.783+0000] {dag.py:2690} INFO - Sync 1 DAGs
[2023-02-10T02:03:34.831+0000] {logging_mixin.py:137} INFO - [2023-02-10T02:03:34.831+0000] {dag.py:3441} INFO - Setting next_dagrun for tutorial to 2023-02-09T02:03:34.830886+00:00, run_after=2023-02-10T02:03:34.830886+00:00
[2023-02-10T02:03:34.873+0000] {processor.py:175} INFO - Processing /home/airflow/.local/lib/python3.7/site-packages/airflow/example_dags/tutorial.py took 0.184 seconds
[2023-02-10T02:04:05.496+0000] {processor.py:153} INFO - Started process (PID=1513) to work on /home/airflow/.local/lib/python3.7/site-packages/airflow/example_dags/tutorial.py
[2023-02-10T02:04:05.500+0000] {processor.py:743} INFO - Processing file /home/airflow/.local/lib/python3.7/site-packages/airflow/example_dags/tutorial.py for tasks to queue
[2023-02-10T02:04:05.507+0000] {logging_mixin.py:137} INFO - [2023-02-10T02:04:05.506+0000] {dagbag.py:538} INFO - Filling up the DagBag from /home/airflow/.local/lib/python3.7/site-packages/airflow/example_dags/tutorial.py
[2023-02-10T02:04:05.554+0000] {processor.py:753} INFO - DAG(s) dict_keys(['tutorial']) retrieved from /home/airflow/.local/lib/python3.7/site-packages/airflow/example_dags/tutorial.py
[2023-02-10T02:04:05.637+0000] {logging_mixin.py:137} INFO - [2023-02-10T02:04:05.637+0000] {dag.py:2690} INFO - Sync 1 DAGs
[2023-02-10T02:04:05.710+0000] {logging_mixin.py:137} INFO - [2023-02-10T02:04:05.709+0000] {dag.py:3441} INFO - Setting next_dagrun for tutorial to 2023-02-09T02:04:05.709340+00:00, run_after=2023-02-10T02:04:05.709340+00:00
[2023-02-10T02:04:05.778+0000] {processor.py:175} INFO - Processing /home/airflow/.local/lib/python3.7/site-packages/airflow/example_dags/tutorial.py took 0.301 seconds
[2023-02-10T02:04:35.947+0000] {processor.py:153} INFO - Started process (PID=1570) to work on /home/airflow/.local/lib/python3.7/site-packages/airflow/example_dags/tutorial.py
[2023-02-10T02:04:35.961+0000] {processor.py:743} INFO - Processing file /home/airflow/.local/lib/python3.7/site-packages/airflow/example_dags/tutorial.py for tasks to queue
[2023-02-10T02:04:35.972+0000] {logging_mixin.py:137} INFO - [2023-02-10T02:04:35.972+0000] {dagbag.py:538} INFO - Filling up the DagBag from /home/airflow/.local/lib/python3.7/site-packages/airflow/example_dags/tutorial.py
[2023-02-10T02:04:36.067+0000] {processor.py:753} INFO - DAG(s) dict_keys(['tutorial']) retrieved from /home/airflow/.local/lib/python3.7/site-packages/airflow/example_dags/tutorial.py
[2023-02-10T02:04:36.264+0000] {logging_mixin.py:137} INFO - [2023-02-10T02:04:36.263+0000] {dag.py:2690} INFO - Sync 1 DAGs
[2023-02-10T02:04:36.344+0000] {logging_mixin.py:137} INFO - [2023-02-10T02:04:36.344+0000] {dag.py:3441} INFO - Setting next_dagrun for tutorial to 2023-02-09T02:04:36.343629+00:00, run_after=2023-02-10T02:04:36.343629+00:00
[2023-02-10T02:04:36.382+0000] {processor.py:175} INFO - Processing /home/airflow/.local/lib/python3.7/site-packages/airflow/example_dags/tutorial.py took 0.445 seconds
[2023-02-10T02:05:07.051+0000] {processor.py:153} INFO - Started process (PID=1629) to work on /home/airflow/.local/lib/python3.7/site-packages/airflow/example_dags/tutorial.py
[2023-02-10T02:05:07.056+0000] {processor.py:743} INFO - Processing file /home/airflow/.local/lib/python3.7/site-packages/airflow/example_dags/tutorial.py for tasks to queue
[2023-02-10T02:05:07.071+0000] {logging_mixin.py:137} INFO - [2023-02-10T02:05:07.069+0000] {dagbag.py:538} INFO - Filling up the DagBag from /home/airflow/.local/lib/python3.7/site-packages/airflow/example_dags/tutorial.py
[2023-02-10T02:05:07.173+0000] {processor.py:753} INFO - DAG(s) dict_keys(['tutorial']) retrieved from /home/airflow/.local/lib/python3.7/site-packages/airflow/example_dags/tutorial.py
[2023-02-10T02:05:07.336+0000] {logging_mixin.py:137} INFO - [2023-02-10T02:05:07.335+0000] {dag.py:2690} INFO - Sync 1 DAGs
[2023-02-10T02:05:07.512+0000] {logging_mixin.py:137} INFO - [2023-02-10T02:05:07.512+0000] {dag.py:3441} INFO - Setting next_dagrun for tutorial to 2023-02-09T02:05:07.511393+00:00, run_after=2023-02-10T02:05:07.511393+00:00
[2023-02-10T02:05:07.746+0000] {processor.py:175} INFO - Processing /home/airflow/.local/lib/python3.7/site-packages/airflow/example_dags/tutorial.py took 0.711 seconds
[2023-02-10T02:05:38.208+0000] {processor.py:153} INFO - Started process (PID=1684) to work on /home/airflow/.local/lib/python3.7/site-packages/airflow/example_dags/tutorial.py
[2023-02-10T02:05:38.217+0000] {processor.py:743} INFO - Processing file /home/airflow/.local/lib/python3.7/site-packages/airflow/example_dags/tutorial.py for tasks to queue
[2023-02-10T02:05:38.224+0000] {logging_mixin.py:137} INFO - [2023-02-10T02:05:38.223+0000] {dagbag.py:538} INFO - Filling up the DagBag from /home/airflow/.local/lib/python3.7/site-packages/airflow/example_dags/tutorial.py
[2023-02-10T02:05:38.327+0000] {processor.py:753} INFO - DAG(s) dict_keys(['tutorial']) retrieved from /home/airflow/.local/lib/python3.7/site-packages/airflow/example_dags/tutorial.py
[2023-02-10T02:05:38.477+0000] {logging_mixin.py:137} INFO - [2023-02-10T02:05:38.477+0000] {dag.py:2690} INFO - Sync 1 DAGs
[2023-02-10T02:05:38.671+0000] {logging_mixin.py:137} INFO - [2023-02-10T02:05:38.671+0000] {dag.py:3441} INFO - Setting next_dagrun for tutorial to 2023-02-09T02:05:38.670771+00:00, run_after=2023-02-10T02:05:38.670771+00:00
[2023-02-10T02:05:38.847+0000] {processor.py:175} INFO - Processing /home/airflow/.local/lib/python3.7/site-packages/airflow/example_dags/tutorial.py took 0.664 seconds
[2023-02-10T02:06:09.525+0000] {processor.py:153} INFO - Started process (PID=1735) to work on /home/airflow/.local/lib/python3.7/site-packages/airflow/example_dags/tutorial.py
[2023-02-10T02:06:09.537+0000] {processor.py:743} INFO - Processing file /home/airflow/.local/lib/python3.7/site-packages/airflow/example_dags/tutorial.py for tasks to queue
[2023-02-10T02:06:09.547+0000] {logging_mixin.py:137} INFO - [2023-02-10T02:06:09.545+0000] {dagbag.py:538} INFO - Filling up the DagBag from /home/airflow/.local/lib/python3.7/site-packages/airflow/example_dags/tutorial.py
[2023-02-10T02:06:09.617+0000] {processor.py:753} INFO - DAG(s) dict_keys(['tutorial']) retrieved from /home/airflow/.local/lib/python3.7/site-packages/airflow/example_dags/tutorial.py
[2023-02-10T02:06:09.742+0000] {logging_mixin.py:137} INFO - [2023-02-10T02:06:09.742+0000] {dag.py:2690} INFO - Sync 1 DAGs
[2023-02-10T02:06:09.856+0000] {logging_mixin.py:137} INFO - [2023-02-10T02:06:09.856+0000] {dag.py:3441} INFO - Setting next_dagrun for tutorial to 2023-02-09T02:06:09.856140+00:00, run_after=2023-02-10T02:06:09.856140+00:00
[2023-02-10T02:06:09.935+0000] {processor.py:175} INFO - Processing /home/airflow/.local/lib/python3.7/site-packages/airflow/example_dags/tutorial.py took 0.422 seconds
[2023-02-10T02:06:40.529+0000] {processor.py:153} INFO - Started process (PID=1793) to work on /home/airflow/.local/lib/python3.7/site-packages/airflow/example_dags/tutorial.py
[2023-02-10T02:06:40.539+0000] {processor.py:743} INFO - Processing file /home/airflow/.local/lib/python3.7/site-packages/airflow/example_dags/tutorial.py for tasks to queue
[2023-02-10T02:06:40.549+0000] {logging_mixin.py:137} INFO - [2023-02-10T02:06:40.547+0000] {dagbag.py:538} INFO - Filling up the DagBag from /home/airflow/.local/lib/python3.7/site-packages/airflow/example_dags/tutorial.py
[2023-02-10T02:06:40.644+0000] {processor.py:753} INFO - DAG(s) dict_keys(['tutorial']) retrieved from /home/airflow/.local/lib/python3.7/site-packages/airflow/example_dags/tutorial.py
[2023-02-10T02:06:40.708+0000] {logging_mixin.py:137} INFO - [2023-02-10T02:06:40.707+0000] {dag.py:2690} INFO - Sync 1 DAGs
[2023-02-10T02:06:40.775+0000] {logging_mixin.py:137} INFO - [2023-02-10T02:06:40.775+0000] {dag.py:3441} INFO - Setting next_dagrun for tutorial to 2023-02-09T02:06:40.774926+00:00, run_after=2023-02-10T02:06:40.774926+00:00
[2023-02-10T02:06:40.854+0000] {processor.py:175} INFO - Processing /home/airflow/.local/lib/python3.7/site-packages/airflow/example_dags/tutorial.py took 0.340 seconds
[2023-02-10T02:07:12.205+0000] {processor.py:153} INFO - Started process (PID=1852) to work on /home/airflow/.local/lib/python3.7/site-packages/airflow/example_dags/tutorial.py
[2023-02-10T02:07:12.219+0000] {processor.py:743} INFO - Processing file /home/airflow/.local/lib/python3.7/site-packages/airflow/example_dags/tutorial.py for tasks to queue
[2023-02-10T02:07:12.227+0000] {logging_mixin.py:137} INFO - [2023-02-10T02:07:12.225+0000] {dagbag.py:538} INFO - Filling up the DagBag from /home/airflow/.local/lib/python3.7/site-packages/airflow/example_dags/tutorial.py
[2023-02-10T02:07:12.375+0000] {processor.py:753} INFO - DAG(s) dict_keys(['tutorial']) retrieved from /home/airflow/.local/lib/python3.7/site-packages/airflow/example_dags/tutorial.py
[2023-02-10T02:07:12.640+0000] {logging_mixin.py:137} INFO - [2023-02-10T02:07:12.640+0000] {dag.py:2690} INFO - Sync 1 DAGs
[2023-02-10T02:07:12.980+0000] {logging_mixin.py:137} INFO - [2023-02-10T02:07:12.980+0000] {dag.py:3441} INFO - Setting next_dagrun for tutorial to 2023-02-09T02:07:12.979439+00:00, run_after=2023-02-10T02:07:12.979439+00:00
[2023-02-10T02:07:13.197+0000] {processor.py:175} INFO - Processing /home/airflow/.local/lib/python3.7/site-packages/airflow/example_dags/tutorial.py took 1.014 seconds
[2023-02-10T02:07:43.743+0000] {processor.py:153} INFO - Started process (PID=1911) to work on /home/airflow/.local/lib/python3.7/site-packages/airflow/example_dags/tutorial.py
[2023-02-10T02:07:43.767+0000] {processor.py:743} INFO - Processing file /home/airflow/.local/lib/python3.7/site-packages/airflow/example_dags/tutorial.py for tasks to queue
[2023-02-10T02:07:43.781+0000] {logging_mixin.py:137} INFO - [2023-02-10T02:07:43.775+0000] {dagbag.py:538} INFO - Filling up the DagBag from /home/airflow/.local/lib/python3.7/site-packages/airflow/example_dags/tutorial.py
[2023-02-10T02:07:44.036+0000] {processor.py:753} INFO - DAG(s) dict_keys(['tutorial']) retrieved from /home/airflow/.local/lib/python3.7/site-packages/airflow/example_dags/tutorial.py
[2023-02-10T02:07:44.299+0000] {logging_mixin.py:137} INFO - [2023-02-10T02:07:44.299+0000] {dag.py:2690} INFO - Sync 1 DAGs
[2023-02-10T02:07:44.467+0000] {logging_mixin.py:137} INFO - [2023-02-10T02:07:44.467+0000] {dag.py:3441} INFO - Setting next_dagrun for tutorial to 2023-02-09T02:07:44.467089+00:00, run_after=2023-02-10T02:07:44.467089+00:00
[2023-02-10T02:07:44.613+0000] {processor.py:175} INFO - Processing /home/airflow/.local/lib/python3.7/site-packages/airflow/example_dags/tutorial.py took 0.908 seconds
[2023-02-10T02:08:18.011+0000] {processor.py:153} INFO - Started process (PID=1970) to work on /home/airflow/.local/lib/python3.7/site-packages/airflow/example_dags/tutorial.py
[2023-02-10T02:08:18.022+0000] {processor.py:743} INFO - Processing file /home/airflow/.local/lib/python3.7/site-packages/airflow/example_dags/tutorial.py for tasks to queue
[2023-02-10T02:08:18.028+0000] {logging_mixin.py:137} INFO - [2023-02-10T02:08:18.027+0000] {dagbag.py:538} INFO - Filling up the DagBag from /home/airflow/.local/lib/python3.7/site-packages/airflow/example_dags/tutorial.py
[2023-02-10T02:08:18.119+0000] {processor.py:753} INFO - DAG(s) dict_keys(['tutorial']) retrieved from /home/airflow/.local/lib/python3.7/site-packages/airflow/example_dags/tutorial.py
[2023-02-10T02:08:18.188+0000] {logging_mixin.py:137} INFO - [2023-02-10T02:08:18.188+0000] {dag.py:2690} INFO - Sync 1 DAGs
[2023-02-10T02:08:18.263+0000] {logging_mixin.py:137} INFO - [2023-02-10T02:08:18.263+0000] {dag.py:3441} INFO - Setting next_dagrun for tutorial to 2023-02-09T02:08:18.262394+00:00, run_after=2023-02-10T02:08:18.262394+00:00
[2023-02-10T02:08:18.314+0000] {processor.py:175} INFO - Processing /home/airflow/.local/lib/python3.7/site-packages/airflow/example_dags/tutorial.py took 0.333 seconds
[2023-02-10T02:08:49.254+0000] {processor.py:153} INFO - Started process (PID=2027) to work on /home/airflow/.local/lib/python3.7/site-packages/airflow/example_dags/tutorial.py
[2023-02-10T02:08:49.270+0000] {processor.py:743} INFO - Processing file /home/airflow/.local/lib/python3.7/site-packages/airflow/example_dags/tutorial.py for tasks to queue
[2023-02-10T02:08:49.277+0000] {logging_mixin.py:137} INFO - [2023-02-10T02:08:49.277+0000] {dagbag.py:538} INFO - Filling up the DagBag from /home/airflow/.local/lib/python3.7/site-packages/airflow/example_dags/tutorial.py
[2023-02-10T02:08:49.458+0000] {processor.py:753} INFO - DAG(s) dict_keys(['tutorial']) retrieved from /home/airflow/.local/lib/python3.7/site-packages/airflow/example_dags/tutorial.py
[2023-02-10T02:08:49.639+0000] {logging_mixin.py:137} INFO - [2023-02-10T02:08:49.638+0000] {dag.py:2690} INFO - Sync 1 DAGs
[2023-02-10T02:08:49.972+0000] {logging_mixin.py:137} INFO - [2023-02-10T02:08:49.972+0000] {dag.py:3441} INFO - Setting next_dagrun for tutorial to 2023-02-09T02:08:49.971627+00:00, run_after=2023-02-10T02:08:49.971627+00:00
[2023-02-10T02:08:50.335+0000] {processor.py:175} INFO - Processing /home/airflow/.local/lib/python3.7/site-packages/airflow/example_dags/tutorial.py took 1.119 seconds
[2023-02-10T02:09:21.368+0000] {processor.py:153} INFO - Started process (PID=2075) to work on /home/airflow/.local/lib/python3.7/site-packages/airflow/example_dags/tutorial.py
[2023-02-10T02:09:21.386+0000] {processor.py:743} INFO - Processing file /home/airflow/.local/lib/python3.7/site-packages/airflow/example_dags/tutorial.py for tasks to queue
[2023-02-10T02:09:21.400+0000] {logging_mixin.py:137} INFO - [2023-02-10T02:09:21.400+0000] {dagbag.py:538} INFO - Filling up the DagBag from /home/airflow/.local/lib/python3.7/site-packages/airflow/example_dags/tutorial.py
[2023-02-10T02:09:21.539+0000] {processor.py:753} INFO - DAG(s) dict_keys(['tutorial']) retrieved from /home/airflow/.local/lib/python3.7/site-packages/airflow/example_dags/tutorial.py
[2023-02-10T02:09:21.797+0000] {logging_mixin.py:137} INFO - [2023-02-10T02:09:21.797+0000] {dag.py:2690} INFO - Sync 1 DAGs
[2023-02-10T02:09:22.170+0000] {logging_mixin.py:137} INFO - [2023-02-10T02:09:22.170+0000] {dag.py:3441} INFO - Setting next_dagrun for tutorial to 2023-02-09T02:09:22.169621+00:00, run_after=2023-02-10T02:09:22.169621+00:00
[2023-02-10T02:09:22.420+0000] {processor.py:175} INFO - Processing /home/airflow/.local/lib/python3.7/site-packages/airflow/example_dags/tutorial.py took 1.070 seconds
[2023-02-10T02:09:53.867+0000] {processor.py:153} INFO - Started process (PID=2133) to work on /home/airflow/.local/lib/python3.7/site-packages/airflow/example_dags/tutorial.py
[2023-02-10T02:09:53.891+0000] {processor.py:743} INFO - Processing file /home/airflow/.local/lib/python3.7/site-packages/airflow/example_dags/tutorial.py for tasks to queue
[2023-02-10T02:09:53.919+0000] {logging_mixin.py:137} INFO - [2023-02-10T02:09:53.918+0000] {dagbag.py:538} INFO - Filling up the DagBag from /home/airflow/.local/lib/python3.7/site-packages/airflow/example_dags/tutorial.py
[2023-02-10T02:09:54.075+0000] {processor.py:753} INFO - DAG(s) dict_keys(['tutorial']) retrieved from /home/airflow/.local/lib/python3.7/site-packages/airflow/example_dags/tutorial.py
[2023-02-10T02:09:54.400+0000] {logging_mixin.py:137} INFO - [2023-02-10T02:09:54.399+0000] {dag.py:2690} INFO - Sync 1 DAGs
[2023-02-10T02:09:54.615+0000] {logging_mixin.py:137} INFO - [2023-02-10T02:09:54.615+0000] {dag.py:3441} INFO - Setting next_dagrun for tutorial to 2023-02-09T02:09:54.614732+00:00, run_after=2023-02-10T02:09:54.614732+00:00
[2023-02-10T02:09:54.962+0000] {processor.py:175} INFO - Processing /home/airflow/.local/lib/python3.7/site-packages/airflow/example_dags/tutorial.py took 1.136 seconds
[2023-02-10T02:10:34.288+0000] {processor.py:153} INFO - Started process (PID=2188) to work on /home/airflow/.local/lib/python3.7/site-packages/airflow/example_dags/tutorial.py
[2023-02-10T02:10:34.303+0000] {processor.py:743} INFO - Processing file /home/airflow/.local/lib/python3.7/site-packages/airflow/example_dags/tutorial.py for tasks to queue
[2023-02-10T02:10:34.313+0000] {logging_mixin.py:137} INFO - [2023-02-10T02:10:34.313+0000] {dagbag.py:538} INFO - Filling up the DagBag from /home/airflow/.local/lib/python3.7/site-packages/airflow/example_dags/tutorial.py
[2023-02-10T02:10:34.514+0000] {processor.py:753} INFO - DAG(s) dict_keys(['tutorial']) retrieved from /home/airflow/.local/lib/python3.7/site-packages/airflow/example_dags/tutorial.py
[2023-02-10T02:10:34.648+0000] {logging_mixin.py:137} INFO - [2023-02-10T02:10:34.646+0000] {dag.py:2690} INFO - Sync 1 DAGs
[2023-02-10T02:10:34.833+0000] {logging_mixin.py:137} INFO - [2023-02-10T02:10:34.825+0000] {dag.py:3441} INFO - Setting next_dagrun for tutorial to 2023-02-09T02:10:34.825117+00:00, run_after=2023-02-10T02:10:34.825117+00:00
[2023-02-10T02:10:34.989+0000] {processor.py:175} INFO - Processing /home/airflow/.local/lib/python3.7/site-packages/airflow/example_dags/tutorial.py took 0.746 seconds
[2023-02-10T02:11:05.467+0000] {processor.py:153} INFO - Started process (PID=2238) to work on /home/airflow/.local/lib/python3.7/site-packages/airflow/example_dags/tutorial.py
[2023-02-10T02:11:05.473+0000] {processor.py:743} INFO - Processing file /home/airflow/.local/lib/python3.7/site-packages/airflow/example_dags/tutorial.py for tasks to queue
[2023-02-10T02:11:05.479+0000] {logging_mixin.py:137} INFO - [2023-02-10T02:11:05.478+0000] {dagbag.py:538} INFO - Filling up the DagBag from /home/airflow/.local/lib/python3.7/site-packages/airflow/example_dags/tutorial.py
[2023-02-10T02:11:05.526+0000] {processor.py:753} INFO - DAG(s) dict_keys(['tutorial']) retrieved from /home/airflow/.local/lib/python3.7/site-packages/airflow/example_dags/tutorial.py
[2023-02-10T02:11:05.590+0000] {logging_mixin.py:137} INFO - [2023-02-10T02:11:05.589+0000] {dag.py:2690} INFO - Sync 1 DAGs
[2023-02-10T02:11:05.664+0000] {logging_mixin.py:137} INFO - [2023-02-10T02:11:05.664+0000] {dag.py:3441} INFO - Setting next_dagrun for tutorial to 2023-02-09T02:11:05.663722+00:00, run_after=2023-02-10T02:11:05.663722+00:00
[2023-02-10T02:11:05.770+0000] {processor.py:175} INFO - Processing /home/airflow/.local/lib/python3.7/site-packages/airflow/example_dags/tutorial.py took 0.313 seconds
[2023-02-10T02:11:35.973+0000] {processor.py:153} INFO - Started process (PID=2296) to work on /home/airflow/.local/lib/python3.7/site-packages/airflow/example_dags/tutorial.py
[2023-02-10T02:11:35.984+0000] {processor.py:743} INFO - Processing file /home/airflow/.local/lib/python3.7/site-packages/airflow/example_dags/tutorial.py for tasks to queue
[2023-02-10T02:11:35.991+0000] {logging_mixin.py:137} INFO - [2023-02-10T02:11:35.990+0000] {dagbag.py:538} INFO - Filling up the DagBag from /home/airflow/.local/lib/python3.7/site-packages/airflow/example_dags/tutorial.py
[2023-02-10T02:11:36.100+0000] {processor.py:753} INFO - DAG(s) dict_keys(['tutorial']) retrieved from /home/airflow/.local/lib/python3.7/site-packages/airflow/example_dags/tutorial.py
[2023-02-10T02:11:36.336+0000] {logging_mixin.py:137} INFO - [2023-02-10T02:11:36.336+0000] {dag.py:2690} INFO - Sync 1 DAGs
[2023-02-10T02:11:36.453+0000] {logging_mixin.py:137} INFO - [2023-02-10T02:11:36.452+0000] {dag.py:3441} INFO - Setting next_dagrun for tutorial to 2023-02-09T02:11:36.451886+00:00, run_after=2023-02-10T02:11:36.451886+00:00
[2023-02-10T02:11:36.501+0000] {processor.py:175} INFO - Processing /home/airflow/.local/lib/python3.7/site-packages/airflow/example_dags/tutorial.py took 0.539 seconds
[2023-02-10T02:12:06.779+0000] {processor.py:153} INFO - Started process (PID=2355) to work on /home/airflow/.local/lib/python3.7/site-packages/airflow/example_dags/tutorial.py
[2023-02-10T02:12:06.792+0000] {processor.py:743} INFO - Processing file /home/airflow/.local/lib/python3.7/site-packages/airflow/example_dags/tutorial.py for tasks to queue
[2023-02-10T02:12:06.796+0000] {logging_mixin.py:137} INFO - [2023-02-10T02:12:06.795+0000] {dagbag.py:538} INFO - Filling up the DagBag from /home/airflow/.local/lib/python3.7/site-packages/airflow/example_dags/tutorial.py
[2023-02-10T02:12:06.891+0000] {processor.py:753} INFO - DAG(s) dict_keys(['tutorial']) retrieved from /home/airflow/.local/lib/python3.7/site-packages/airflow/example_dags/tutorial.py
[2023-02-10T02:12:07.005+0000] {logging_mixin.py:137} INFO - [2023-02-10T02:12:07.005+0000] {dag.py:2690} INFO - Sync 1 DAGs
[2023-02-10T02:12:07.310+0000] {logging_mixin.py:137} INFO - [2023-02-10T02:12:07.307+0000] {dag.py:3441} INFO - Setting next_dagrun for tutorial to 2023-02-09T02:12:07.306435+00:00, run_after=2023-02-10T02:12:07.306435+00:00
[2023-02-10T02:12:07.457+0000] {processor.py:175} INFO - Processing /home/airflow/.local/lib/python3.7/site-packages/airflow/example_dags/tutorial.py took 0.700 seconds
[2023-02-10T02:12:40.852+0000] {processor.py:153} INFO - Started process (PID=2413) to work on /home/airflow/.local/lib/python3.7/site-packages/airflow/example_dags/tutorial.py
[2023-02-10T02:12:40.856+0000] {processor.py:743} INFO - Processing file /home/airflow/.local/lib/python3.7/site-packages/airflow/example_dags/tutorial.py for tasks to queue
[2023-02-10T02:12:40.861+0000] {logging_mixin.py:137} INFO - [2023-02-10T02:12:40.861+0000] {dagbag.py:538} INFO - Filling up the DagBag from /home/airflow/.local/lib/python3.7/site-packages/airflow/example_dags/tutorial.py
[2023-02-10T02:12:40.976+0000] {processor.py:753} INFO - DAG(s) dict_keys(['tutorial']) retrieved from /home/airflow/.local/lib/python3.7/site-packages/airflow/example_dags/tutorial.py
[2023-02-10T02:12:41.412+0000] {logging_mixin.py:137} INFO - [2023-02-10T02:12:41.412+0000] {dag.py:2690} INFO - Sync 1 DAGs
[2023-02-10T02:12:41.679+0000] {logging_mixin.py:137} INFO - [2023-02-10T02:12:41.678+0000] {dag.py:3441} INFO - Setting next_dagrun for tutorial to 2023-02-09T02:12:41.678320+00:00, run_after=2023-02-10T02:12:41.678320+00:00
[2023-02-10T02:12:41.804+0000] {processor.py:175} INFO - Processing /home/airflow/.local/lib/python3.7/site-packages/airflow/example_dags/tutorial.py took 0.990 seconds
[2023-02-10T02:13:17.290+0000] {processor.py:153} INFO - Started process (PID=2474) to work on /home/airflow/.local/lib/python3.7/site-packages/airflow/example_dags/tutorial.py
[2023-02-10T02:13:17.299+0000] {processor.py:743} INFO - Processing file /home/airflow/.local/lib/python3.7/site-packages/airflow/example_dags/tutorial.py for tasks to queue
[2023-02-10T02:13:17.315+0000] {logging_mixin.py:137} INFO - [2023-02-10T02:13:17.313+0000] {dagbag.py:538} INFO - Filling up the DagBag from /home/airflow/.local/lib/python3.7/site-packages/airflow/example_dags/tutorial.py
[2023-02-10T02:13:17.563+0000] {processor.py:753} INFO - DAG(s) dict_keys(['tutorial']) retrieved from /home/airflow/.local/lib/python3.7/site-packages/airflow/example_dags/tutorial.py
[2023-02-10T02:13:18.118+0000] {logging_mixin.py:137} INFO - [2023-02-10T02:13:18.118+0000] {dag.py:2690} INFO - Sync 1 DAGs
[2023-02-10T02:13:18.637+0000] {logging_mixin.py:137} INFO - [2023-02-10T02:13:18.635+0000] {dag.py:3441} INFO - Setting next_dagrun for tutorial to 2023-02-09T02:13:18.626674+00:00, run_after=2023-02-10T02:13:18.626674+00:00
[2023-02-10T02:13:18.889+0000] {processor.py:175} INFO - Processing /home/airflow/.local/lib/python3.7/site-packages/airflow/example_dags/tutorial.py took 1.628 seconds
[2023-02-10T02:13:49.319+0000] {processor.py:153} INFO - Started process (PID=2530) to work on /home/airflow/.local/lib/python3.7/site-packages/airflow/example_dags/tutorial.py
[2023-02-10T02:13:49.326+0000] {processor.py:743} INFO - Processing file /home/airflow/.local/lib/python3.7/site-packages/airflow/example_dags/tutorial.py for tasks to queue
[2023-02-10T02:13:49.349+0000] {logging_mixin.py:137} INFO - [2023-02-10T02:13:49.349+0000] {dagbag.py:538} INFO - Filling up the DagBag from /home/airflow/.local/lib/python3.7/site-packages/airflow/example_dags/tutorial.py
[2023-02-10T02:13:49.555+0000] {processor.py:753} INFO - DAG(s) dict_keys(['tutorial']) retrieved from /home/airflow/.local/lib/python3.7/site-packages/airflow/example_dags/tutorial.py
[2023-02-10T02:13:50.479+0000] {logging_mixin.py:137} INFO - [2023-02-10T02:13:50.478+0000] {dag.py:2690} INFO - Sync 1 DAGs
[2023-02-10T02:13:50.813+0000] {logging_mixin.py:137} INFO - [2023-02-10T02:13:50.813+0000] {dag.py:3441} INFO - Setting next_dagrun for tutorial to 2023-02-09T02:13:50.813101+00:00, run_after=2023-02-10T02:13:50.813101+00:00
[2023-02-10T02:13:51.024+0000] {processor.py:175} INFO - Processing /home/airflow/.local/lib/python3.7/site-packages/airflow/example_dags/tutorial.py took 1.749 seconds
[2023-02-10T02:14:21.361+0000] {processor.py:153} INFO - Started process (PID=2581) to work on /home/airflow/.local/lib/python3.7/site-packages/airflow/example_dags/tutorial.py
[2023-02-10T02:14:21.366+0000] {processor.py:743} INFO - Processing file /home/airflow/.local/lib/python3.7/site-packages/airflow/example_dags/tutorial.py for tasks to queue
[2023-02-10T02:14:21.372+0000] {logging_mixin.py:137} INFO - [2023-02-10T02:14:21.371+0000] {dagbag.py:538} INFO - Filling up the DagBag from /home/airflow/.local/lib/python3.7/site-packages/airflow/example_dags/tutorial.py
[2023-02-10T02:14:21.416+0000] {processor.py:753} INFO - DAG(s) dict_keys(['tutorial']) retrieved from /home/airflow/.local/lib/python3.7/site-packages/airflow/example_dags/tutorial.py
[2023-02-10T02:14:21.480+0000] {logging_mixin.py:137} INFO - [2023-02-10T02:14:21.480+0000] {dag.py:2690} INFO - Sync 1 DAGs
[2023-02-10T02:14:21.548+0000] {logging_mixin.py:137} INFO - [2023-02-10T02:14:21.547+0000] {dag.py:3441} INFO - Setting next_dagrun for tutorial to 2023-02-09T02:14:21.546665+00:00, run_after=2023-02-10T02:14:21.546665+00:00
[2023-02-10T02:14:21.609+0000] {processor.py:175} INFO - Processing /home/airflow/.local/lib/python3.7/site-packages/airflow/example_dags/tutorial.py took 0.260 seconds
[2023-02-10T02:14:52.438+0000] {processor.py:153} INFO - Started process (PID=2639) to work on /home/airflow/.local/lib/python3.7/site-packages/airflow/example_dags/tutorial.py
[2023-02-10T02:14:52.456+0000] {processor.py:743} INFO - Processing file /home/airflow/.local/lib/python3.7/site-packages/airflow/example_dags/tutorial.py for tasks to queue
[2023-02-10T02:14:52.464+0000] {logging_mixin.py:137} INFO - [2023-02-10T02:14:52.464+0000] {dagbag.py:538} INFO - Filling up the DagBag from /home/airflow/.local/lib/python3.7/site-packages/airflow/example_dags/tutorial.py
[2023-02-10T02:14:52.781+0000] {processor.py:753} INFO - DAG(s) dict_keys(['tutorial']) retrieved from /home/airflow/.local/lib/python3.7/site-packages/airflow/example_dags/tutorial.py
[2023-02-10T02:14:53.158+0000] {logging_mixin.py:137} INFO - [2023-02-10T02:14:53.158+0000] {dag.py:2690} INFO - Sync 1 DAGs
[2023-02-10T02:14:53.458+0000] {logging_mixin.py:137} INFO - [2023-02-10T02:14:53.458+0000] {dag.py:3441} INFO - Setting next_dagrun for tutorial to 2023-02-09T02:14:53.457623+00:00, run_after=2023-02-10T02:14:53.457623+00:00
[2023-02-10T02:14:53.603+0000] {processor.py:175} INFO - Processing /home/airflow/.local/lib/python3.7/site-packages/airflow/example_dags/tutorial.py took 1.204 seconds
[2023-02-10T02:15:24.411+0000] {processor.py:153} INFO - Started process (PID=2689) to work on /home/airflow/.local/lib/python3.7/site-packages/airflow/example_dags/tutorial.py
[2023-02-10T02:15:24.424+0000] {processor.py:743} INFO - Processing file /home/airflow/.local/lib/python3.7/site-packages/airflow/example_dags/tutorial.py for tasks to queue
[2023-02-10T02:15:24.428+0000] {logging_mixin.py:137} INFO - [2023-02-10T02:15:24.428+0000] {dagbag.py:538} INFO - Filling up the DagBag from /home/airflow/.local/lib/python3.7/site-packages/airflow/example_dags/tutorial.py
[2023-02-10T02:15:24.506+0000] {processor.py:753} INFO - DAG(s) dict_keys(['tutorial']) retrieved from /home/airflow/.local/lib/python3.7/site-packages/airflow/example_dags/tutorial.py
[2023-02-10T02:15:24.707+0000] {logging_mixin.py:137} INFO - [2023-02-10T02:15:24.707+0000] {dag.py:2690} INFO - Sync 1 DAGs
[2023-02-10T02:15:24.838+0000] {logging_mixin.py:137} INFO - [2023-02-10T02:15:24.838+0000] {dag.py:3441} INFO - Setting next_dagrun for tutorial to 2023-02-09T02:15:24.837159+00:00, run_after=2023-02-10T02:15:24.837159+00:00
[2023-02-10T02:15:24.944+0000] {processor.py:175} INFO - Processing /home/airflow/.local/lib/python3.7/site-packages/airflow/example_dags/tutorial.py took 0.562 seconds
[2023-02-10T02:15:55.327+0000] {processor.py:153} INFO - Started process (PID=2748) to work on /home/airflow/.local/lib/python3.7/site-packages/airflow/example_dags/tutorial.py
[2023-02-10T02:15:55.337+0000] {processor.py:743} INFO - Processing file /home/airflow/.local/lib/python3.7/site-packages/airflow/example_dags/tutorial.py for tasks to queue
[2023-02-10T02:15:55.345+0000] {logging_mixin.py:137} INFO - [2023-02-10T02:15:55.344+0000] {dagbag.py:538} INFO - Filling up the DagBag from /home/airflow/.local/lib/python3.7/site-packages/airflow/example_dags/tutorial.py
[2023-02-10T02:15:55.427+0000] {processor.py:753} INFO - DAG(s) dict_keys(['tutorial']) retrieved from /home/airflow/.local/lib/python3.7/site-packages/airflow/example_dags/tutorial.py
[2023-02-10T02:15:55.765+0000] {logging_mixin.py:137} INFO - [2023-02-10T02:15:55.765+0000] {dag.py:2690} INFO - Sync 1 DAGs
[2023-02-10T02:15:55.973+0000] {logging_mixin.py:137} INFO - [2023-02-10T02:15:55.973+0000] {dag.py:3441} INFO - Setting next_dagrun for tutorial to 2023-02-09T02:15:55.973149+00:00, run_after=2023-02-10T02:15:55.973149+00:00
[2023-02-10T02:15:56.050+0000] {processor.py:175} INFO - Processing /home/airflow/.local/lib/python3.7/site-packages/airflow/example_dags/tutorial.py took 0.744 seconds
[2023-02-10T02:16:26.683+0000] {processor.py:153} INFO - Started process (PID=2807) to work on /home/airflow/.local/lib/python3.7/site-packages/airflow/example_dags/tutorial.py
[2023-02-10T02:16:26.690+0000] {processor.py:743} INFO - Processing file /home/airflow/.local/lib/python3.7/site-packages/airflow/example_dags/tutorial.py for tasks to queue
[2023-02-10T02:16:26.704+0000] {logging_mixin.py:137} INFO - [2023-02-10T02:16:26.701+0000] {dagbag.py:538} INFO - Filling up the DagBag from /home/airflow/.local/lib/python3.7/site-packages/airflow/example_dags/tutorial.py
[2023-02-10T02:16:26.822+0000] {processor.py:753} INFO - DAG(s) dict_keys(['tutorial']) retrieved from /home/airflow/.local/lib/python3.7/site-packages/airflow/example_dags/tutorial.py
[2023-02-10T02:16:26.987+0000] {logging_mixin.py:137} INFO - [2023-02-10T02:16:26.987+0000] {dag.py:2690} INFO - Sync 1 DAGs
[2023-02-10T02:16:27.150+0000] {logging_mixin.py:137} INFO - [2023-02-10T02:16:27.150+0000] {dag.py:3441} INFO - Setting next_dagrun for tutorial to 2023-02-09T02:16:27.150292+00:00, run_after=2023-02-10T02:16:27.150292+00:00
[2023-02-10T02:16:27.284+0000] {processor.py:175} INFO - Processing /home/airflow/.local/lib/python3.7/site-packages/airflow/example_dags/tutorial.py took 0.647 seconds
[2023-02-10T02:16:58.269+0000] {processor.py:153} INFO - Started process (PID=2856) to work on /home/airflow/.local/lib/python3.7/site-packages/airflow/example_dags/tutorial.py
[2023-02-10T02:16:58.284+0000] {processor.py:743} INFO - Processing file /home/airflow/.local/lib/python3.7/site-packages/airflow/example_dags/tutorial.py for tasks to queue
[2023-02-10T02:16:58.289+0000] {logging_mixin.py:137} INFO - [2023-02-10T02:16:58.289+0000] {dagbag.py:538} INFO - Filling up the DagBag from /home/airflow/.local/lib/python3.7/site-packages/airflow/example_dags/tutorial.py
[2023-02-10T02:16:58.358+0000] {processor.py:753} INFO - DAG(s) dict_keys(['tutorial']) retrieved from /home/airflow/.local/lib/python3.7/site-packages/airflow/example_dags/tutorial.py
[2023-02-10T02:16:58.465+0000] {logging_mixin.py:137} INFO - [2023-02-10T02:16:58.464+0000] {dag.py:2690} INFO - Sync 1 DAGs
[2023-02-10T02:16:58.587+0000] {logging_mixin.py:137} INFO - [2023-02-10T02:16:58.582+0000] {dag.py:3441} INFO - Setting next_dagrun for tutorial to 2023-02-09T02:16:58.581847+00:00, run_after=2023-02-10T02:16:58.581847+00:00
[2023-02-10T02:16:58.672+0000] {processor.py:175} INFO - Processing /home/airflow/.local/lib/python3.7/site-packages/airflow/example_dags/tutorial.py took 0.436 seconds
[2023-02-10T02:17:51.555+0000] {processor.py:153} INFO - Started process (PID=2926) to work on /home/airflow/.local/lib/python3.7/site-packages/airflow/example_dags/tutorial.py
[2023-02-10T02:17:51.569+0000] {processor.py:743} INFO - Processing file /home/airflow/.local/lib/python3.7/site-packages/airflow/example_dags/tutorial.py for tasks to queue
[2023-02-10T02:17:51.590+0000] {logging_mixin.py:137} INFO - [2023-02-10T02:17:51.590+0000] {dagbag.py:538} INFO - Filling up the DagBag from /home/airflow/.local/lib/python3.7/site-packages/airflow/example_dags/tutorial.py
[2023-02-10T02:17:51.826+0000] {processor.py:753} INFO - DAG(s) dict_keys(['tutorial']) retrieved from /home/airflow/.local/lib/python3.7/site-packages/airflow/example_dags/tutorial.py
[2023-02-10T02:17:52.244+0000] {logging_mixin.py:137} INFO - [2023-02-10T02:17:52.244+0000] {dag.py:2690} INFO - Sync 1 DAGs
[2023-02-10T02:17:52.871+0000] {logging_mixin.py:137} INFO - [2023-02-10T02:17:52.871+0000] {dag.py:3441} INFO - Setting next_dagrun for tutorial to 2023-02-09T02:17:52.870883+00:00, run_after=2023-02-10T02:17:52.870883+00:00
[2023-02-10T02:17:53.108+0000] {processor.py:175} INFO - Processing /home/airflow/.local/lib/python3.7/site-packages/airflow/example_dags/tutorial.py took 1.603 seconds
[2023-02-10T02:18:23.579+0000] {processor.py:153} INFO - Started process (PID=2985) to work on /home/airflow/.local/lib/python3.7/site-packages/airflow/example_dags/tutorial.py
[2023-02-10T02:18:23.587+0000] {processor.py:743} INFO - Processing file /home/airflow/.local/lib/python3.7/site-packages/airflow/example_dags/tutorial.py for tasks to queue
[2023-02-10T02:18:23.592+0000] {logging_mixin.py:137} INFO - [2023-02-10T02:18:23.592+0000] {dagbag.py:538} INFO - Filling up the DagBag from /home/airflow/.local/lib/python3.7/site-packages/airflow/example_dags/tutorial.py
[2023-02-10T02:18:23.658+0000] {processor.py:753} INFO - DAG(s) dict_keys(['tutorial']) retrieved from /home/airflow/.local/lib/python3.7/site-packages/airflow/example_dags/tutorial.py
[2023-02-10T02:18:23.773+0000] {logging_mixin.py:137} INFO - [2023-02-10T02:18:23.772+0000] {dag.py:2690} INFO - Sync 1 DAGs
[2023-02-10T02:18:23.883+0000] {logging_mixin.py:137} INFO - [2023-02-10T02:18:23.883+0000] {dag.py:3441} INFO - Setting next_dagrun for tutorial to 2023-02-09T02:18:23.882775+00:00, run_after=2023-02-10T02:18:23.882775+00:00
[2023-02-10T02:18:24.015+0000] {processor.py:175} INFO - Processing /home/airflow/.local/lib/python3.7/site-packages/airflow/example_dags/tutorial.py took 0.473 seconds
[2023-02-10T02:19:32.125+0000] {processor.py:153} INFO - Started process (PID=67) to work on /home/airflow/.local/lib/python3.7/site-packages/airflow/example_dags/tutorial.py
[2023-02-10T02:19:32.176+0000] {processor.py:743} INFO - Processing file /home/airflow/.local/lib/python3.7/site-packages/airflow/example_dags/tutorial.py for tasks to queue
[2023-02-10T02:19:32.194+0000] {logging_mixin.py:137} INFO - [2023-02-10T02:19:32.191+0000] {dagbag.py:538} INFO - Filling up the DagBag from /home/airflow/.local/lib/python3.7/site-packages/airflow/example_dags/tutorial.py
[2023-02-10T02:19:32.379+0000] {processor.py:753} INFO - DAG(s) dict_keys(['tutorial']) retrieved from /home/airflow/.local/lib/python3.7/site-packages/airflow/example_dags/tutorial.py
[2023-02-10T02:19:32.670+0000] {logging_mixin.py:137} INFO - [2023-02-10T02:19:32.670+0000] {dag.py:2690} INFO - Sync 1 DAGs
[2023-02-10T02:19:32.950+0000] {logging_mixin.py:137} INFO - [2023-02-10T02:19:32.949+0000] {dag.py:3441} INFO - Setting next_dagrun for tutorial to 2023-02-09T02:19:32.949152+00:00, run_after=2023-02-10T02:19:32.949152+00:00
[2023-02-10T02:19:33.151+0000] {processor.py:175} INFO - Processing /home/airflow/.local/lib/python3.7/site-packages/airflow/example_dags/tutorial.py took 1.086 seconds
[2023-02-10T02:20:04.405+0000] {processor.py:153} INFO - Started process (PID=124) to work on /home/airflow/.local/lib/python3.7/site-packages/airflow/example_dags/tutorial.py
[2023-02-10T02:20:04.441+0000] {processor.py:743} INFO - Processing file /home/airflow/.local/lib/python3.7/site-packages/airflow/example_dags/tutorial.py for tasks to queue
[2023-02-10T02:20:04.449+0000] {logging_mixin.py:137} INFO - [2023-02-10T02:20:04.447+0000] {dagbag.py:538} INFO - Filling up the DagBag from /home/airflow/.local/lib/python3.7/site-packages/airflow/example_dags/tutorial.py
[2023-02-10T02:20:04.719+0000] {processor.py:753} INFO - DAG(s) dict_keys(['tutorial']) retrieved from /home/airflow/.local/lib/python3.7/site-packages/airflow/example_dags/tutorial.py
[2023-02-10T02:20:05.008+0000] {logging_mixin.py:137} INFO - [2023-02-10T02:20:05.004+0000] {dag.py:2690} INFO - Sync 1 DAGs
[2023-02-10T02:20:05.482+0000] {logging_mixin.py:137} INFO - [2023-02-10T02:20:05.482+0000] {dag.py:3441} INFO - Setting next_dagrun for tutorial to 2023-02-09T02:20:05.480869+00:00, run_after=2023-02-10T02:20:05.480869+00:00
[2023-02-10T02:20:05.783+0000] {processor.py:175} INFO - Processing /home/airflow/.local/lib/python3.7/site-packages/airflow/example_dags/tutorial.py took 1.412 seconds
[2023-02-10T02:21:02.875+0000] {processor.py:153} INFO - Started process (PID=189) to work on /home/airflow/.local/lib/python3.7/site-packages/airflow/example_dags/tutorial.py
[2023-02-10T02:21:02.884+0000] {processor.py:743} INFO - Processing file /home/airflow/.local/lib/python3.7/site-packages/airflow/example_dags/tutorial.py for tasks to queue
[2023-02-10T02:21:02.924+0000] {logging_mixin.py:137} INFO - [2023-02-10T02:21:02.908+0000] {dagbag.py:538} INFO - Filling up the DagBag from /home/airflow/.local/lib/python3.7/site-packages/airflow/example_dags/tutorial.py
[2023-02-10T02:21:04.921+0000] {processor.py:753} INFO - DAG(s) dict_keys(['tutorial']) retrieved from /home/airflow/.local/lib/python3.7/site-packages/airflow/example_dags/tutorial.py
[2023-02-10T02:21:08.050+0000] {logging_mixin.py:137} INFO - [2023-02-10T02:21:07.991+0000] {dag.py:2690} INFO - Sync 1 DAGs
[2023-02-10T02:21:09.215+0000] {logging_mixin.py:137} INFO - [2023-02-10T02:21:09.215+0000] {dag.py:3441} INFO - Setting next_dagrun for tutorial to 2023-02-09T02:21:09.214599+00:00, run_after=2023-02-10T02:21:09.214599+00:00
[2023-02-10T02:21:10.345+0000] {processor.py:175} INFO - Processing /home/airflow/.local/lib/python3.7/site-packages/airflow/example_dags/tutorial.py took 7.731 seconds
[2023-02-10T02:21:51.931+0000] {processor.py:153} INFO - Started process (PID=249) to work on /home/airflow/.local/lib/python3.7/site-packages/airflow/example_dags/tutorial.py
[2023-02-10T02:21:51.946+0000] {processor.py:743} INFO - Processing file /home/airflow/.local/lib/python3.7/site-packages/airflow/example_dags/tutorial.py for tasks to queue
[2023-02-10T02:21:51.961+0000] {logging_mixin.py:137} INFO - [2023-02-10T02:21:51.961+0000] {dagbag.py:538} INFO - Filling up the DagBag from /home/airflow/.local/lib/python3.7/site-packages/airflow/example_dags/tutorial.py
[2023-02-10T02:21:52.116+0000] {processor.py:753} INFO - DAG(s) dict_keys(['tutorial']) retrieved from /home/airflow/.local/lib/python3.7/site-packages/airflow/example_dags/tutorial.py
[2023-02-10T02:21:52.376+0000] {logging_mixin.py:137} INFO - [2023-02-10T02:21:52.376+0000] {dag.py:2690} INFO - Sync 1 DAGs
[2023-02-10T02:21:52.546+0000] {logging_mixin.py:137} INFO - [2023-02-10T02:21:52.546+0000] {dag.py:3441} INFO - Setting next_dagrun for tutorial to 2023-02-09T02:21:52.545856+00:00, run_after=2023-02-10T02:21:52.545856+00:00
[2023-02-10T02:21:52.661+0000] {processor.py:175} INFO - Processing /home/airflow/.local/lib/python3.7/site-packages/airflow/example_dags/tutorial.py took 0.768 seconds
[2023-02-10T02:22:28.038+0000] {processor.py:153} INFO - Started process (PID=307) to work on /home/airflow/.local/lib/python3.7/site-packages/airflow/example_dags/tutorial.py
[2023-02-10T02:22:28.044+0000] {processor.py:743} INFO - Processing file /home/airflow/.local/lib/python3.7/site-packages/airflow/example_dags/tutorial.py for tasks to queue
[2023-02-10T02:22:28.067+0000] {logging_mixin.py:137} INFO - [2023-02-10T02:22:28.067+0000] {dagbag.py:538} INFO - Filling up the DagBag from /home/airflow/.local/lib/python3.7/site-packages/airflow/example_dags/tutorial.py
[2023-02-10T02:22:28.343+0000] {processor.py:753} INFO - DAG(s) dict_keys(['tutorial']) retrieved from /home/airflow/.local/lib/python3.7/site-packages/airflow/example_dags/tutorial.py
[2023-02-10T02:22:28.827+0000] {logging_mixin.py:137} INFO - [2023-02-10T02:22:28.826+0000] {dag.py:2690} INFO - Sync 1 DAGs
[2023-02-10T02:22:29.145+0000] {logging_mixin.py:137} INFO - [2023-02-10T02:22:29.145+0000] {dag.py:3441} INFO - Setting next_dagrun for tutorial to 2023-02-09T02:22:29.145249+00:00, run_after=2023-02-10T02:22:29.145249+00:00
[2023-02-10T02:22:29.307+0000] {processor.py:175} INFO - Processing /home/airflow/.local/lib/python3.7/site-packages/airflow/example_dags/tutorial.py took 1.302 seconds
[2023-02-10T02:23:14.366+0000] {processor.py:153} INFO - Started process (PID=358) to work on /home/airflow/.local/lib/python3.7/site-packages/airflow/example_dags/tutorial.py
[2023-02-10T02:23:14.381+0000] {processor.py:743} INFO - Processing file /home/airflow/.local/lib/python3.7/site-packages/airflow/example_dags/tutorial.py for tasks to queue
[2023-02-10T02:23:14.386+0000] {logging_mixin.py:137} INFO - [2023-02-10T02:23:14.386+0000] {dagbag.py:538} INFO - Filling up the DagBag from /home/airflow/.local/lib/python3.7/site-packages/airflow/example_dags/tutorial.py
[2023-02-10T02:23:14.515+0000] {processor.py:753} INFO - DAG(s) dict_keys(['tutorial']) retrieved from /home/airflow/.local/lib/python3.7/site-packages/airflow/example_dags/tutorial.py
[2023-02-10T02:23:14.694+0000] {logging_mixin.py:137} INFO - [2023-02-10T02:23:14.694+0000] {dag.py:2690} INFO - Sync 1 DAGs
[2023-02-10T02:23:14.864+0000] {logging_mixin.py:137} INFO - [2023-02-10T02:23:14.863+0000] {dag.py:3441} INFO - Setting next_dagrun for tutorial to 2023-02-09T02:23:14.863253+00:00, run_after=2023-02-10T02:23:14.863253+00:00
[2023-02-10T02:23:14.977+0000] {processor.py:175} INFO - Processing /home/airflow/.local/lib/python3.7/site-packages/airflow/example_dags/tutorial.py took 0.634 seconds
[2023-02-10T02:23:45.769+0000] {processor.py:153} INFO - Started process (PID=414) to work on /home/airflow/.local/lib/python3.7/site-packages/airflow/example_dags/tutorial.py
[2023-02-10T02:23:45.785+0000] {processor.py:743} INFO - Processing file /home/airflow/.local/lib/python3.7/site-packages/airflow/example_dags/tutorial.py for tasks to queue
[2023-02-10T02:23:45.798+0000] {logging_mixin.py:137} INFO - [2023-02-10T02:23:45.798+0000] {dagbag.py:538} INFO - Filling up the DagBag from /home/airflow/.local/lib/python3.7/site-packages/airflow/example_dags/tutorial.py
[2023-02-10T02:23:45.899+0000] {processor.py:753} INFO - DAG(s) dict_keys(['tutorial']) retrieved from /home/airflow/.local/lib/python3.7/site-packages/airflow/example_dags/tutorial.py
[2023-02-10T02:23:46.085+0000] {logging_mixin.py:137} INFO - [2023-02-10T02:23:46.084+0000] {dag.py:2690} INFO - Sync 1 DAGs
[2023-02-10T02:23:46.315+0000] {logging_mixin.py:137} INFO - [2023-02-10T02:23:46.315+0000] {dag.py:3441} INFO - Setting next_dagrun for tutorial to 2023-02-09T02:23:46.313963+00:00, run_after=2023-02-10T02:23:46.313963+00:00
[2023-02-10T02:23:46.440+0000] {processor.py:175} INFO - Processing /home/airflow/.local/lib/python3.7/site-packages/airflow/example_dags/tutorial.py took 0.678 seconds
[2023-02-10T02:24:17.052+0000] {processor.py:153} INFO - Started process (PID=465) to work on /home/airflow/.local/lib/python3.7/site-packages/airflow/example_dags/tutorial.py
[2023-02-10T02:24:17.060+0000] {processor.py:743} INFO - Processing file /home/airflow/.local/lib/python3.7/site-packages/airflow/example_dags/tutorial.py for tasks to queue
[2023-02-10T02:24:17.072+0000] {logging_mixin.py:137} INFO - [2023-02-10T02:24:17.068+0000] {dagbag.py:538} INFO - Filling up the DagBag from /home/airflow/.local/lib/python3.7/site-packages/airflow/example_dags/tutorial.py
[2023-02-10T02:24:17.128+0000] {processor.py:753} INFO - DAG(s) dict_keys(['tutorial']) retrieved from /home/airflow/.local/lib/python3.7/site-packages/airflow/example_dags/tutorial.py
[2023-02-10T02:24:17.260+0000] {logging_mixin.py:137} INFO - [2023-02-10T02:24:17.260+0000] {dag.py:2690} INFO - Sync 1 DAGs
[2023-02-10T02:24:17.473+0000] {logging_mixin.py:137} INFO - [2023-02-10T02:24:17.473+0000] {dag.py:3441} INFO - Setting next_dagrun for tutorial to 2023-02-09T02:24:17.472468+00:00, run_after=2023-02-10T02:24:17.472468+00:00
[2023-02-10T02:24:17.594+0000] {processor.py:175} INFO - Processing /home/airflow/.local/lib/python3.7/site-packages/airflow/example_dags/tutorial.py took 0.555 seconds
[2023-02-10T02:24:49.036+0000] {processor.py:153} INFO - Started process (PID=524) to work on /home/airflow/.local/lib/python3.7/site-packages/airflow/example_dags/tutorial.py
[2023-02-10T02:24:49.046+0000] {processor.py:743} INFO - Processing file /home/airflow/.local/lib/python3.7/site-packages/airflow/example_dags/tutorial.py for tasks to queue
[2023-02-10T02:24:49.055+0000] {logging_mixin.py:137} INFO - [2023-02-10T02:24:49.053+0000] {dagbag.py:538} INFO - Filling up the DagBag from /home/airflow/.local/lib/python3.7/site-packages/airflow/example_dags/tutorial.py
[2023-02-10T02:24:49.155+0000] {processor.py:753} INFO - DAG(s) dict_keys(['tutorial']) retrieved from /home/airflow/.local/lib/python3.7/site-packages/airflow/example_dags/tutorial.py
[2023-02-10T02:24:49.442+0000] {logging_mixin.py:137} INFO - [2023-02-10T02:24:49.441+0000] {dag.py:2690} INFO - Sync 1 DAGs
[2023-02-10T02:24:49.718+0000] {logging_mixin.py:137} INFO - [2023-02-10T02:24:49.717+0000] {dag.py:3441} INFO - Setting next_dagrun for tutorial to 2023-02-09T02:24:49.717213+00:00, run_after=2023-02-10T02:24:49.717213+00:00
[2023-02-10T02:24:50.071+0000] {processor.py:175} INFO - Processing /home/airflow/.local/lib/python3.7/site-packages/airflow/example_dags/tutorial.py took 1.065 seconds
[2023-02-10T02:25:22.320+0000] {processor.py:153} INFO - Started process (PID=580) to work on /home/airflow/.local/lib/python3.7/site-packages/airflow/example_dags/tutorial.py
[2023-02-10T02:25:22.327+0000] {processor.py:743} INFO - Processing file /home/airflow/.local/lib/python3.7/site-packages/airflow/example_dags/tutorial.py for tasks to queue
[2023-02-10T02:25:22.341+0000] {logging_mixin.py:137} INFO - [2023-02-10T02:25:22.340+0000] {dagbag.py:538} INFO - Filling up the DagBag from /home/airflow/.local/lib/python3.7/site-packages/airflow/example_dags/tutorial.py
[2023-02-10T02:25:22.478+0000] {processor.py:753} INFO - DAG(s) dict_keys(['tutorial']) retrieved from /home/airflow/.local/lib/python3.7/site-packages/airflow/example_dags/tutorial.py
[2023-02-10T02:25:22.765+0000] {logging_mixin.py:137} INFO - [2023-02-10T02:25:22.764+0000] {dag.py:2690} INFO - Sync 1 DAGs
[2023-02-10T02:25:23.046+0000] {logging_mixin.py:137} INFO - [2023-02-10T02:25:23.046+0000] {dag.py:3441} INFO - Setting next_dagrun for tutorial to 2023-02-09T02:25:23.045700+00:00, run_after=2023-02-10T02:25:23.045700+00:00
[2023-02-10T02:25:23.264+0000] {processor.py:175} INFO - Processing /home/airflow/.local/lib/python3.7/site-packages/airflow/example_dags/tutorial.py took 0.970 seconds
[2023-02-10T02:25:53.506+0000] {processor.py:153} INFO - Started process (PID=631) to work on /home/airflow/.local/lib/python3.7/site-packages/airflow/example_dags/tutorial.py
[2023-02-10T02:25:53.512+0000] {processor.py:743} INFO - Processing file /home/airflow/.local/lib/python3.7/site-packages/airflow/example_dags/tutorial.py for tasks to queue
[2023-02-10T02:25:53.520+0000] {logging_mixin.py:137} INFO - [2023-02-10T02:25:53.520+0000] {dagbag.py:538} INFO - Filling up the DagBag from /home/airflow/.local/lib/python3.7/site-packages/airflow/example_dags/tutorial.py
[2023-02-10T02:25:53.577+0000] {processor.py:753} INFO - DAG(s) dict_keys(['tutorial']) retrieved from /home/airflow/.local/lib/python3.7/site-packages/airflow/example_dags/tutorial.py
[2023-02-10T02:25:53.837+0000] {logging_mixin.py:137} INFO - [2023-02-10T02:25:53.837+0000] {dag.py:2690} INFO - Sync 1 DAGs
[2023-02-10T02:25:53.992+0000] {logging_mixin.py:137} INFO - [2023-02-10T02:25:53.992+0000] {dag.py:3441} INFO - Setting next_dagrun for tutorial to 2023-02-09T02:25:53.991802+00:00, run_after=2023-02-10T02:25:53.991802+00:00
[2023-02-10T02:25:54.052+0000] {processor.py:175} INFO - Processing /home/airflow/.local/lib/python3.7/site-packages/airflow/example_dags/tutorial.py took 0.559 seconds
[2023-02-10T02:26:25.960+0000] {processor.py:153} INFO - Started process (PID=690) to work on /home/airflow/.local/lib/python3.7/site-packages/airflow/example_dags/tutorial.py
[2023-02-10T02:26:25.976+0000] {processor.py:743} INFO - Processing file /home/airflow/.local/lib/python3.7/site-packages/airflow/example_dags/tutorial.py for tasks to queue
[2023-02-10T02:26:25.999+0000] {logging_mixin.py:137} INFO - [2023-02-10T02:26:25.993+0000] {dagbag.py:538} INFO - Filling up the DagBag from /home/airflow/.local/lib/python3.7/site-packages/airflow/example_dags/tutorial.py
[2023-02-10T02:26:26.163+0000] {processor.py:753} INFO - DAG(s) dict_keys(['tutorial']) retrieved from /home/airflow/.local/lib/python3.7/site-packages/airflow/example_dags/tutorial.py
[2023-02-10T02:26:26.471+0000] {logging_mixin.py:137} INFO - [2023-02-10T02:26:26.471+0000] {dag.py:2690} INFO - Sync 1 DAGs
[2023-02-10T02:26:26.698+0000] {logging_mixin.py:137} INFO - [2023-02-10T02:26:26.697+0000] {dag.py:3441} INFO - Setting next_dagrun for tutorial to 2023-02-09T02:26:26.695258+00:00, run_after=2023-02-10T02:26:26.695258+00:00
[2023-02-10T02:26:26.839+0000] {processor.py:175} INFO - Processing /home/airflow/.local/lib/python3.7/site-packages/airflow/example_dags/tutorial.py took 0.904 seconds
[2023-02-10T02:26:57.304+0000] {processor.py:153} INFO - Started process (PID=740) to work on /home/airflow/.local/lib/python3.7/site-packages/airflow/example_dags/tutorial.py
[2023-02-10T02:26:57.312+0000] {processor.py:743} INFO - Processing file /home/airflow/.local/lib/python3.7/site-packages/airflow/example_dags/tutorial.py for tasks to queue
[2023-02-10T02:26:57.318+0000] {logging_mixin.py:137} INFO - [2023-02-10T02:26:57.317+0000] {dagbag.py:538} INFO - Filling up the DagBag from /home/airflow/.local/lib/python3.7/site-packages/airflow/example_dags/tutorial.py
[2023-02-10T02:26:57.413+0000] {processor.py:753} INFO - DAG(s) dict_keys(['tutorial']) retrieved from /home/airflow/.local/lib/python3.7/site-packages/airflow/example_dags/tutorial.py
[2023-02-10T02:26:57.501+0000] {logging_mixin.py:137} INFO - [2023-02-10T02:26:57.500+0000] {dag.py:2690} INFO - Sync 1 DAGs
[2023-02-10T02:26:57.898+0000] {logging_mixin.py:137} INFO - [2023-02-10T02:26:57.897+0000] {dag.py:3441} INFO - Setting next_dagrun for tutorial to 2023-02-09T02:26:57.897401+00:00, run_after=2023-02-10T02:26:57.897401+00:00
[2023-02-10T02:26:58.050+0000] {processor.py:175} INFO - Processing /home/airflow/.local/lib/python3.7/site-packages/airflow/example_dags/tutorial.py took 0.754 seconds
[2023-02-10T02:27:29.073+0000] {processor.py:153} INFO - Started process (PID=798) to work on /home/airflow/.local/lib/python3.7/site-packages/airflow/example_dags/tutorial.py
[2023-02-10T02:27:29.083+0000] {processor.py:743} INFO - Processing file /home/airflow/.local/lib/python3.7/site-packages/airflow/example_dags/tutorial.py for tasks to queue
[2023-02-10T02:27:29.094+0000] {logging_mixin.py:137} INFO - [2023-02-10T02:27:29.087+0000] {dagbag.py:538} INFO - Filling up the DagBag from /home/airflow/.local/lib/python3.7/site-packages/airflow/example_dags/tutorial.py
[2023-02-10T02:27:29.293+0000] {processor.py:753} INFO - DAG(s) dict_keys(['tutorial']) retrieved from /home/airflow/.local/lib/python3.7/site-packages/airflow/example_dags/tutorial.py
[2023-02-10T02:27:29.520+0000] {logging_mixin.py:137} INFO - [2023-02-10T02:27:29.520+0000] {dag.py:2690} INFO - Sync 1 DAGs
[2023-02-10T02:27:29.743+0000] {logging_mixin.py:137} INFO - [2023-02-10T02:27:29.742+0000] {dag.py:3441} INFO - Setting next_dagrun for tutorial to 2023-02-09T02:27:29.741932+00:00, run_after=2023-02-10T02:27:29.741932+00:00
[2023-02-10T02:27:29.830+0000] {processor.py:175} INFO - Processing /home/airflow/.local/lib/python3.7/site-packages/airflow/example_dags/tutorial.py took 0.780 seconds
[2023-02-10T02:28:01.835+0000] {processor.py:153} INFO - Started process (PID=855) to work on /home/airflow/.local/lib/python3.7/site-packages/airflow/example_dags/tutorial.py
[2023-02-10T02:28:01.876+0000] {processor.py:743} INFO - Processing file /home/airflow/.local/lib/python3.7/site-packages/airflow/example_dags/tutorial.py for tasks to queue
[2023-02-10T02:28:01.942+0000] {logging_mixin.py:137} INFO - [2023-02-10T02:28:01.941+0000] {dagbag.py:538} INFO - Filling up the DagBag from /home/airflow/.local/lib/python3.7/site-packages/airflow/example_dags/tutorial.py
[2023-02-10T02:28:02.090+0000] {processor.py:753} INFO - DAG(s) dict_keys(['tutorial']) retrieved from /home/airflow/.local/lib/python3.7/site-packages/airflow/example_dags/tutorial.py
[2023-02-10T02:28:02.232+0000] {logging_mixin.py:137} INFO - [2023-02-10T02:28:02.232+0000] {dag.py:2690} INFO - Sync 1 DAGs
[2023-02-10T02:28:02.366+0000] {logging_mixin.py:137} INFO - [2023-02-10T02:28:02.366+0000] {dag.py:3441} INFO - Setting next_dagrun for tutorial to 2023-02-09T02:28:02.365932+00:00, run_after=2023-02-10T02:28:02.365932+00:00
[2023-02-10T02:28:02.552+0000] {processor.py:175} INFO - Processing /home/airflow/.local/lib/python3.7/site-packages/airflow/example_dags/tutorial.py took 0.795 seconds
[2023-02-10T02:28:42.121+0000] {processor.py:153} INFO - Started process (PID=914) to work on /home/airflow/.local/lib/python3.7/site-packages/airflow/example_dags/tutorial.py
[2023-02-10T02:28:42.127+0000] {processor.py:743} INFO - Processing file /home/airflow/.local/lib/python3.7/site-packages/airflow/example_dags/tutorial.py for tasks to queue
[2023-02-10T02:28:42.140+0000] {logging_mixin.py:137} INFO - [2023-02-10T02:28:42.138+0000] {dagbag.py:538} INFO - Filling up the DagBag from /home/airflow/.local/lib/python3.7/site-packages/airflow/example_dags/tutorial.py
[2023-02-10T02:28:42.224+0000] {processor.py:753} INFO - DAG(s) dict_keys(['tutorial']) retrieved from /home/airflow/.local/lib/python3.7/site-packages/airflow/example_dags/tutorial.py
[2023-02-10T02:28:42.322+0000] {logging_mixin.py:137} INFO - [2023-02-10T02:28:42.322+0000] {dag.py:2690} INFO - Sync 1 DAGs
[2023-02-10T02:28:42.404+0000] {logging_mixin.py:137} INFO - [2023-02-10T02:28:42.404+0000] {dag.py:3441} INFO - Setting next_dagrun for tutorial to 2023-02-09T02:28:42.403790+00:00, run_after=2023-02-10T02:28:42.403790+00:00
[2023-02-10T02:28:42.482+0000] {processor.py:175} INFO - Processing /home/airflow/.local/lib/python3.7/site-packages/airflow/example_dags/tutorial.py took 0.391 seconds
